[2026-03-08T04:48:55.871Z] Starting Liquidity Dashboard update process
[2026-03-08T04:48:55.873Z] Running lib/data-backup.js...
[2026-03-08T04:48:55.904Z] [lib/data-backup.js] ERROR: node:internal/modules/cjs/loader:1031
  throw err;
  ^

Error: Cannot find module '/home/runner/work/liquiditydashboard/liquiditydashboard/web/lib/data-backup.js'
    at Function.Module._resolveFilename (node:internal/modules/cjs/loader:1028:15)
    at Function.Module._load (node:internal/modules/cjs/loader:873:27)
    at Function.executeUserEntryPoint [as runMain] (node:internal/modules/run_main:81:12)
    at node:internal/main/run_main_module:22:47 {
  code: 'MODULE_NOT_FOUND',
  requireStack: []
}
[2026-03-08T04:48:55.906Z] lib/data-backup.js failed with exit code 1
[2026-03-08T04:48:55.907Z] Running lib/data-backup.js clean...
[2026-03-08T04:48:55.936Z] [lib/data-backup.js clean] ERROR: node:internal/modules/cjs/loader:1031
  throw err;
  ^

Error: Cannot find module '/home/runner/work/liquiditydashboard/liquiditydashboard/web/lib/data-backup.js'
    at Function.Module._resolveFilename (node:internal/modules/cjs/loader:1028:15)
    at Function.Module._load (node:internal/modules/cjs/loader:873:27)
    at Function.executeUserEntryPoint [as runMain] (node:internal/modules/run_main:81:12)
    at node:internal/main/run_main_module:22:47 {
  code: 'MODULE_NOT_FOUND',
  requireStack: []
}
[2026-03-08T04:48:55.938Z] lib/data-backup.js clean failed with exit code 1
[2026-03-08T04:48:55.938Z] Running lib/import-historical-move-data.js...
[2026-03-08T04:48:55.968Z] [lib/import-historical-move-data.js] ERROR: node:internal/modules/cjs/loader:1031
  throw err;
  ^

Error: Cannot find module '/home/runner/work/liquiditydashboard/liquiditydashboard/web/lib/import-historical-move-data.js'
    at Function.Module._resolveFilename (node:internal/modules/cjs/loader:1028:15)
    at Function.Module._load (node:internal/modules/cjs/loader:873:27)
    at Function.executeUserEntryPoint [as runMain] (node:internal/modules/run_main:81:12)
    at node:internal/main/run_main_module:22:47 {
  code: 'MODULE_NOT_FOUND',
  requireStack: []
}
[2026-03-08T04:48:55.970Z] lib/import-historical-move-data.js failed with exit code 1
[2026-03-08T04:48:55.970Z] Running lib/fetch-move-data.js...
[2026-03-08T04:48:56.000Z] [lib/fetch-move-data.js] ERROR: node:internal/modules/cjs/loader:1031
  throw err;
  ^

Error: Cannot find module '/home/runner/work/liquiditydashboard/liquiditydashboard/web/lib/fetch-move-data.js'
    at Function.Module._resolveFilename (node:internal/modules/cjs/loader:1028:15)
    at Function.Module._load (node:internal/modules/cjs/loader:873:27)
    at Function.executeUserEntryPoint [as runMain] (node:internal/modules/run_main:81:12)
    at node:internal/main/run_main_module:22:47 {
  code: 'MODULE_NOT_FOUND',
  requireStack: []
}
[2026-03-08T04:48:56.002Z] lib/fetch-move-data.js failed with exit code 1
[2026-03-08T04:48:56.002Z] Running lib/fetch-srf-data.js...
[2026-03-08T04:48:56.033Z] [lib/fetch-srf-data.js] ERROR: node:internal/modules/cjs/loader:1031
  throw err;
  ^

Error: Cannot find module '/home/runner/work/liquiditydashboard/liquiditydashboard/web/lib/fetch-srf-data.js'
    at Function.Module._resolveFilename (node:internal/modules/cjs/loader:1028:15)
    at Function.Module._load (node:internal/modules/cjs/loader:873:27)
    at Function.executeUserEntryPoint [as runMain] (node:internal/modules/run_main:81:12)
    at node:internal/main/run_main_module:22:47 {
  code: 'MODULE_NOT_FOUND',
  requireStack: []
}
[2026-03-08T04:48:56.036Z] lib/fetch-srf-data.js failed with exit code 1
[2026-03-08T04:48:56.036Z] Running lib/fetch-bill-share-data.js...
[2026-03-08T04:48:56.067Z] [lib/fetch-bill-share-data.js] ERROR: node:internal/modules/cjs/loader:1031
  throw err;
  ^

Error: Cannot find module '/home/runner/work/liquiditydashboard/liquiditydashboard/web/lib/fetch-bill-share-data.js'
    at Function.Module._resolveFilename (node:internal/modules/cjs/loader:1028:15)
    at Function.Module._load (node:internal/modules/cjs/loader:873:27)
    at Function.executeUserEntryPoint [as runMain] (node:internal/modules/run_main:81:12)
    at node:internal/main/run_main_module:22:47 {
  code: 'MODULE_NOT_FOUND',
  requireStack: []
}
[2026-03-08T04:48:56.069Z] lib/fetch-bill-share-data.js failed with exit code 1
[2026-03-08T04:48:56.070Z] Running lib/cleanup-future-dates.js...
[2026-03-08T04:48:56.151Z] [lib/cleanup-future-dates.js] Starting data cleanup process...
[2026-03-08T04:48:56.264Z] [lib/cleanup-future-dates.js] WorldTimeAPI failed, trying alternative source
[2026-03-08T04:48:56.860Z] [lib/cleanup-future-dates.js] Using TimeAPI date: 2026-03-08T04:48:56.6025861
[2026-03-08T04:48:56.861Z] [lib/cleanup-future-dates.js] Using reference date: 2026-3-8
[2026-03-08T04:48:56.861Z] [lib/cleanup-future-dates.js] Processing MOVE index data (/home/runner/work/liquiditydashboard/liquiditydashboard/web/public/series/move.json)...
[2026-03-08T04:48:56.861Z] [lib/cleanup-future-dates.js] Loaded 111 MOVE index data points
[2026-03-08T04:48:56.861Z] [lib/cleanup-future-dates.js] No future-dated entries found in MOVE index data
[2026-03-08T04:48:56.862Z] [lib/cleanup-future-dates.js] Processing SRF data (/home/runner/work/liquiditydashboard/liquiditydashboard/web/public/series/srf.json)...
[2026-03-08T04:48:56.862Z] [lib/cleanup-future-dates.js] Loaded 1017 SRF data points
[2026-03-08T04:48:56.863Z] [lib/cleanup-future-dates.js] No future-dated entries found in SRF data
[2026-03-08T04:48:56.864Z] [lib/cleanup-future-dates.js] Processing Treasury bill share data (/home/runner/work/liquiditydashboard/liquiditydashboard/web/public/series/bill-share.json)...
[2026-03-08T04:48:56.864Z] [lib/cleanup-future-dates.js] Loaded 282 Treasury bill share data points
[2026-03-08T04:48:56.864Z] [lib/cleanup-future-dates.js] No future-dated entries found in Treasury bill share data
[2026-03-08T04:48:56.865Z] [lib/cleanup-future-dates.js] Cleanup complete! Removed 0 future-dated entries in total.
Data cleanup completed with no changes needed
[2026-03-08T04:48:56.868Z] lib/cleanup-future-dates.js completed successfully
[2026-03-08T04:48:56.868Z] Running lib/validate-data.js...
[2026-03-08T04:48:56.947Z] [lib/validate-data.js] Running data validation...
[2026-03-08T04:48:56.948Z] [lib/validate-data.js] Validating MOVE index data...
[2026-03-08T04:48:56.948Z] [lib/validate-data.js] Found 111 MOVE data points
[2026-03-08T04:48:57.068Z] [lib/validate-data.js] WorldTimeAPI failed, trying alternative source
[2026-03-08T04:48:57.514Z] [lib/validate-data.js] Using TimeAPI date: 2026-03-08T04:48:57.2566297
[2026-03-08T04:48:57.515Z] [lib/validate-data.js] Using reference date: 2026-3-8
[2026-03-08T04:48:57.515Z] [lib/validate-data.js] MOVE index data validation passed ✓
[2026-03-08T04:48:57.515Z] [lib/validate-data.js] Validating SRF data...
[2026-03-08T04:48:57.516Z] [lib/validate-data.js] Found 1017 SRF data points
[2026-03-08T04:48:57.574Z] [lib/validate-data.js] WorldTimeAPI failed, trying alternative source
[2026-03-08T04:48:58.107Z] [lib/validate-data.js] Using TimeAPI date: 2026-03-08T04:48:57.8540653
[2026-03-08T04:48:58.109Z] [lib/validate-data.js] SRF data validation passed ✓
[2026-03-08T04:48:58.109Z] [lib/validate-data.js] Validating Treasury funding data...
[2026-03-08T04:48:58.109Z] [lib/validate-data.js] Found 282 Treasury funding data points
[2026-03-08T04:48:58.109Z] [lib/validate-data.js] Treasury funding data validation passed ✓
[2026-03-08T04:48:58.110Z] [lib/validate-data.js] All data validation passed ✓
[2026-03-08T04:48:58.113Z] lib/validate-data.js completed successfully
[2026-03-08T04:48:58.113Z] Dashboard update process completed successfully
