[2026-06-28T07:06:31.712Z] Starting Liquidity Dashboard update process
[2026-06-28T07:06:31.714Z] Running lib/data-backup.js...
[2026-06-28T07:06:31.745Z] [lib/data-backup.js] ERROR: node:internal/modules/cjs/loader:1031
  throw err;
  ^

Error: Cannot find module '/home/runner/work/liquiditydashboard/liquiditydashboard/web/lib/data-backup.js'
    at Function.Module._resolveFilename (node:internal/modules/cjs/loader:1028:15)
    at Function.Module._load (node:internal/modules/cjs/loader:873:27)
    at Function.executeUserEntryPoint [as runMain] (node:internal/modules/run_main:81:12)
    at node:internal/main/run_main_module:22:47 {
  code: 'MODULE_NOT_FOUND',
  requireStack: []
}
[2026-06-28T07:06:31.748Z] lib/data-backup.js failed with exit code 1
[2026-06-28T07:06:31.748Z] Running lib/data-backup.js clean...
[2026-06-28T07:06:31.779Z] [lib/data-backup.js clean] ERROR: node:internal/modules/cjs/loader:1031
  throw err;
  ^

Error: Cannot find module '/home/runner/work/liquiditydashboard/liquiditydashboard/web/lib/data-backup.js'
    at Function.Module._resolveFilename (node:internal/modules/cjs/loader:1028:15)
    at Function.Module._load (node:internal/modules/cjs/loader:873:27)
    at Function.executeUserEntryPoint [as runMain] (node:internal/modules/run_main:81:12)
    at node:internal/main/run_main_module:22:47 {
  code: 'MODULE_NOT_FOUND',
  requireStack: []
}
[2026-06-28T07:06:31.781Z] lib/data-backup.js clean failed with exit code 1
[2026-06-28T07:06:31.781Z] Running lib/import-historical-move-data.js...
[2026-06-28T07:06:31.811Z] [lib/import-historical-move-data.js] ERROR: node:internal/modules/cjs/loader:1031
  throw err;
  ^

Error: Cannot find module '/home/runner/work/liquiditydashboard/liquiditydashboard/web/lib/import-historical-move-data.js'
    at Function.Module._resolveFilename (node:internal/modules/cjs/loader:1028:15)
    at Function.Module._load (node:internal/modules/cjs/loader:873:27)
    at Function.executeUserEntryPoint [as runMain] (node:internal/modules/run_main:81:12)
    at node:internal/main/run_main_module:22:47 {
  code: 'MODULE_NOT_FOUND',
  requireStack: []
}
[2026-06-28T07:06:31.813Z] lib/import-historical-move-data.js failed with exit code 1
[2026-06-28T07:06:31.814Z] Running lib/fetch-move-data.js...
[2026-06-28T07:06:31.844Z] [lib/fetch-move-data.js] ERROR: node:internal/modules/cjs/loader:1031
  throw err;
  ^

Error: Cannot find module '/home/runner/work/liquiditydashboard/liquiditydashboard/web/lib/fetch-move-data.js'
    at Function.Module._resolveFilename (node:internal/modules/cjs/loader:1028:15)
    at Function.Module._load (node:internal/modules/cjs/loader:873:27)
    at Function.executeUserEntryPoint [as runMain] (node:internal/modules/run_main:81:12)
    at node:internal/main/run_main_module:22:47 {
  code: 'MODULE_NOT_FOUND',
  requireStack: []
}
[2026-06-28T07:06:31.847Z] lib/fetch-move-data.js failed with exit code 1
[2026-06-28T07:06:31.847Z] Running lib/fetch-srf-data.js...
[2026-06-28T07:06:31.877Z] [lib/fetch-srf-data.js] ERROR: node:internal/modules/cjs/loader:1031
  throw err;
  ^

Error: Cannot find module '/home/runner/work/liquiditydashboard/liquiditydashboard/web/lib/fetch-srf-data.js'
    at Function.Module._resolveFilename (node:internal/modules/cjs/loader:1028:15)
    at Function.Module._load (node:internal/modules/cjs/loader:873:27)
    at Function.executeUserEntryPoint [as runMain] (node:internal/modules/run_main:81:12)
    at node:internal/main/run_main_module:22:47 {
  code: 'MODULE_NOT_FOUND',
  requireStack: []
}
[2026-06-28T07:06:31.878Z] lib/fetch-srf-data.js failed with exit code 1
[2026-06-28T07:06:31.879Z] Running lib/fetch-bill-share-data.js...
[2026-06-28T07:06:31.908Z] [lib/fetch-bill-share-data.js] ERROR: node:internal/modules/cjs/loader:1031
  throw err;
  ^

Error: Cannot find module '/home/runner/work/liquiditydashboard/liquiditydashboard/web/lib/fetch-bill-share-data.js'
    at Function.Module._resolveFilename (node:internal/modules/cjs/loader:1028:15)
    at Function.Module._load (node:internal/modules/cjs/loader:873:27)
    at Function.executeUserEntryPoint [as runMain] (node:internal/modules/run_main:81:12)
    at node:internal/main/run_main_module:22:47 {
  code: 'MODULE_NOT_FOUND',
  requireStack: []
}
[2026-06-28T07:06:31.910Z] lib/fetch-bill-share-data.js failed with exit code 1
[2026-06-28T07:06:31.910Z] Running lib/cleanup-future-dates.js...
[2026-06-28T07:06:31.998Z] [lib/cleanup-future-dates.js] Starting data cleanup process...
[2026-06-28T07:06:32.169Z] [lib/cleanup-future-dates.js] WorldTimeAPI failed, trying alternative source
[2026-06-28T07:06:32.784Z] [lib/cleanup-future-dates.js] Using TimeAPI date: 2026-06-28T07:06:27.0647486
[2026-06-28T07:06:32.784Z] [lib/cleanup-future-dates.js] Using reference date: 2026-6-28
[2026-06-28T07:06:32.784Z] [lib/cleanup-future-dates.js] Processing MOVE index data (/home/runner/work/liquiditydashboard/liquiditydashboard/web/public/series/move.json)...
[2026-06-28T07:06:32.784Z] [lib/cleanup-future-dates.js] Loaded 111 MOVE index data points
[2026-06-28T07:06:32.785Z] [lib/cleanup-future-dates.js] No future-dated entries found in MOVE index data
[2026-06-28T07:06:32.785Z] [lib/cleanup-future-dates.js] Processing SRF data (/home/runner/work/liquiditydashboard/liquiditydashboard/web/public/series/srf.json)...
[2026-06-28T07:06:32.785Z] [lib/cleanup-future-dates.js] Loaded 1017 SRF data points
[2026-06-28T07:06:32.786Z] [lib/cleanup-future-dates.js] No future-dated entries found in SRF data
[2026-06-28T07:06:32.787Z] [lib/cleanup-future-dates.js] Processing Treasury bill share data (/home/runner/work/liquiditydashboard/liquiditydashboard/web/public/series/bill-share.json)...
[2026-06-28T07:06:32.787Z] [lib/cleanup-future-dates.js] Loaded 282 Treasury bill share data points
[2026-06-28T07:06:32.787Z] [lib/cleanup-future-dates.js] No future-dated entries found in Treasury bill share data
[2026-06-28T07:06:32.788Z] [lib/cleanup-future-dates.js] Cleanup complete! Removed 0 future-dated entries in total.
[2026-06-28T07:06:32.788Z] [lib/cleanup-future-dates.js] Data cleanup completed with no changes needed
[2026-06-28T07:06:32.791Z] lib/cleanup-future-dates.js completed successfully
[2026-06-28T07:06:32.791Z] Running lib/validate-data.js...
[2026-06-28T07:06:32.875Z] [lib/validate-data.js] Running data validation...
[2026-06-28T07:06:32.875Z] [lib/validate-data.js] Validating MOVE index data...
[2026-06-28T07:06:32.876Z] [lib/validate-data.js] Found 111 MOVE data points
[2026-06-28T07:06:33.016Z] [lib/validate-data.js] WorldTimeAPI failed, trying alternative source
[2026-06-28T07:06:33.623Z] [lib/validate-data.js] Using TimeAPI date: 2026-06-28T07:06:27.9066477
[2026-06-28T07:06:33.623Z] [lib/validate-data.js] Using reference date: 2026-6-28
[2026-06-28T07:06:33.624Z] [lib/validate-data.js] MOVE index data validation passed ✓
[2026-06-28T07:06:33.624Z] [lib/validate-data.js] Validating SRF data...
[2026-06-28T07:06:33.625Z] [lib/validate-data.js] Found 1017 SRF data points
[2026-06-28T07:06:33.772Z] [lib/validate-data.js] WorldTimeAPI failed, trying alternative source
[2026-06-28T07:06:34.338Z] [lib/validate-data.js] Using TimeAPI date: 2026-06-28T07:06:28.6266164
[2026-06-28T07:06:34.341Z] [lib/validate-data.js] SRF data validation passed ✓
[2026-06-28T07:06:34.341Z] [lib/validate-data.js] Validating Treasury funding data...
[2026-06-28T07:06:34.341Z] [lib/validate-data.js] Found 282 Treasury funding data points
[2026-06-28T07:06:34.341Z] [lib/validate-data.js] Treasury funding data validation passed ✓
[2026-06-28T07:06:34.342Z] [lib/validate-data.js] All data validation passed ✓
[2026-06-28T07:06:34.344Z] lib/validate-data.js completed successfully
[2026-06-28T07:06:34.345Z] Dashboard update process completed successfully
