[2026-02-26T04:57:07.640Z] Starting Liquidity Dashboard update process
[2026-02-26T04:57:07.642Z] Running lib/data-backup.js...
[2026-02-26T04:57:07.672Z] [lib/data-backup.js] ERROR: node:internal/modules/cjs/loader:1031
  throw err;
  ^

Error: Cannot find module '/home/runner/work/liquiditydashboard/liquiditydashboard/web/lib/data-backup.js'
    at Function.Module._resolveFilename (node:internal/modules/cjs/loader:1028:15)
    at Function.Module._load (node:internal/modules/cjs/loader:873:27)
    at Function.executeUserEntryPoint [as runMain] (node:internal/modules/run_main:81:12)
    at node:internal/main/run_main_module:22:47 {
  code: 'MODULE_NOT_FOUND',
  requireStack: []
}
[2026-02-26T04:57:07.674Z] lib/data-backup.js failed with exit code 1
[2026-02-26T04:57:07.675Z] Running lib/data-backup.js clean...
[2026-02-26T04:57:07.705Z] [lib/data-backup.js clean] ERROR: node:internal/modules/cjs/loader:1031
  throw err;
  ^

Error: Cannot find module '/home/runner/work/liquiditydashboard/liquiditydashboard/web/lib/data-backup.js'
    at Function.Module._resolveFilename (node:internal/modules/cjs/loader:1028:15)
    at Function.Module._load (node:internal/modules/cjs/loader:873:27)
    at Function.executeUserEntryPoint [as runMain] (node:internal/modules/run_main:81:12)
    at node:internal/main/run_main_module:22:47 {
  code: 'MODULE_NOT_FOUND',
  requireStack: []
}
[2026-02-26T04:57:07.707Z] lib/data-backup.js clean failed with exit code 1
[2026-02-26T04:57:07.707Z] Running lib/import-historical-move-data.js...
[2026-02-26T04:57:07.735Z] [lib/import-historical-move-data.js] ERROR: node:internal/modules/cjs/loader:1031
  throw err;
  ^

Error: Cannot find module '/home/runner/work/liquiditydashboard/liquiditydashboard/web/lib/import-historical-move-data.js'
    at Function.Module._resolveFilename (node:internal/modules/cjs/loader:1028:15)
    at Function.Module._load (node:internal/modules/cjs/loader:873:27)
    at Function.executeUserEntryPoint [as runMain] (node:internal/modules/run_main:81:12)
    at node:internal/main/run_main_module:22:47 {
  code: 'MODULE_NOT_FOUND',
  requireStack: []
}
[2026-02-26T04:57:07.737Z] lib/import-historical-move-data.js failed with exit code 1
[2026-02-26T04:57:07.738Z] Running lib/fetch-move-data.js...
[2026-02-26T04:57:07.766Z] [lib/fetch-move-data.js] ERROR: node:internal/modules/cjs/loader:1031
  throw err;
  ^

Error: Cannot find module '/home/runner/work/liquiditydashboard/liquiditydashboard/web/lib/fetch-move-data.js'
    at Function.Module._resolveFilename (node:internal/modules/cjs/loader:1028:15)
    at Function.Module._load (node:internal/modules/cjs/loader:873:27)
    at Function.executeUserEntryPoint [as runMain] (node:internal/modules/run_main:81:12)
    at node:internal/main/run_main_module:22:47 {
  code: 'MODULE_NOT_FOUND',
  requireStack: []
}
[2026-02-26T04:57:07.768Z] lib/fetch-move-data.js failed with exit code 1
[2026-02-26T04:57:07.768Z] Running lib/fetch-srf-data.js...
[2026-02-26T04:57:07.797Z] [lib/fetch-srf-data.js] ERROR: node:internal/modules/cjs/loader:1031
  throw err;
  ^

Error: Cannot find module '/home/runner/work/liquiditydashboard/liquiditydashboard/web/lib/fetch-srf-data.js'
    at Function.Module._resolveFilename (node:internal/modules/cjs/loader:1028:15)
    at Function.Module._load (node:internal/modules/cjs/loader:873:27)
    at Function.executeUserEntryPoint [as runMain] (node:internal/modules/run_main:81:12)
    at node:internal/main/run_main_module:22:47 {
  code: 'MODULE_NOT_FOUND',
  requireStack: []
}
[2026-02-26T04:57:07.799Z] lib/fetch-srf-data.js failed with exit code 1
[2026-02-26T04:57:07.799Z] Running lib/fetch-bill-share-data.js...
[2026-02-26T04:57:07.828Z] [lib/fetch-bill-share-data.js] ERROR: node:internal/modules/cjs/loader:1031
  throw err;
  ^

Error: Cannot find module '/home/runner/work/liquiditydashboard/liquiditydashboard/web/lib/fetch-bill-share-data.js'
    at Function.Module._resolveFilename (node:internal/modules/cjs/loader:1028:15)
    at Function.Module._load (node:internal/modules/cjs/loader:873:27)
    at Function.executeUserEntryPoint [as runMain] (node:internal/modules/run_main:81:12)
    at node:internal/main/run_main_module:22:47 {
  code: 'MODULE_NOT_FOUND',
  requireStack: []
}
[2026-02-26T04:57:07.831Z] lib/fetch-bill-share-data.js failed with exit code 1
[2026-02-26T04:57:07.831Z] Running lib/cleanup-future-dates.js...
[2026-02-26T04:57:07.907Z] [lib/cleanup-future-dates.js] Starting data cleanup process...
[2026-02-26T04:57:08.156Z] [lib/cleanup-future-dates.js] WorldTimeAPI failed, trying alternative source
[2026-02-26T04:57:08.863Z] [lib/cleanup-future-dates.js] Using TimeAPI date: 2026-02-26T04:57:08.6305507
[2026-02-26T04:57:08.863Z] [lib/cleanup-future-dates.js] Using reference date: 2026-2-26
[2026-02-26T04:57:08.863Z] [lib/cleanup-future-dates.js] Processing MOVE index data (/home/runner/work/liquiditydashboard/liquiditydashboard/web/public/series/move.json)...
[2026-02-26T04:57:08.863Z] [lib/cleanup-future-dates.js] Loaded 111 MOVE index data points
[2026-02-26T04:57:08.864Z] [lib/cleanup-future-dates.js] No future-dated entries found in MOVE index data
[2026-02-26T04:57:08.864Z] [lib/cleanup-future-dates.js] Processing SRF data (/home/runner/work/liquiditydashboard/liquiditydashboard/web/public/series/srf.json)...
[2026-02-26T04:57:08.864Z] [lib/cleanup-future-dates.js] Loaded 1017 SRF data points
[2026-02-26T04:57:08.865Z] [lib/cleanup-future-dates.js] No future-dated entries found in SRF data
[2026-02-26T04:57:08.866Z] [lib/cleanup-future-dates.js] Processing Treasury bill share data (/home/runner/work/liquiditydashboard/liquiditydashboard/web/public/series/bill-share.json)...
[2026-02-26T04:57:08.866Z] [lib/cleanup-future-dates.js] Loaded 282 Treasury bill share data points
[2026-02-26T04:57:08.867Z] [lib/cleanup-future-dates.js] No future-dated entries found in Treasury bill share data

Cleanup complete! Removed 0 future-dated entries in total.
[2026-02-26T04:57:08.867Z] [lib/cleanup-future-dates.js] Data cleanup completed with no changes needed
[2026-02-26T04:57:08.870Z] lib/cleanup-future-dates.js completed successfully
[2026-02-26T04:57:08.870Z] Running lib/validate-data.js...
[2026-02-26T04:57:08.946Z] [lib/validate-data.js] Running data validation...
[2026-02-26T04:57:08.946Z] [lib/validate-data.js] Validating MOVE index data...
[2026-02-26T04:57:08.947Z] [lib/validate-data.js] Found 111 MOVE data points
[2026-02-26T04:57:09.025Z] [lib/validate-data.js] WorldTimeAPI failed, trying alternative source
[2026-02-26T04:57:09.743Z] [lib/validate-data.js] Using TimeAPI date: 2026-02-26T04:57:09.5110818
[2026-02-26T04:57:09.743Z] [lib/validate-data.js] Using reference date: 2026-2-26
[2026-02-26T04:57:09.744Z] [lib/validate-data.js] MOVE index data validation passed ✓
[2026-02-26T04:57:09.744Z] [lib/validate-data.js] Validating SRF data...
[2026-02-26T04:57:09.745Z] [lib/validate-data.js] Found 1017 SRF data points
[2026-02-26T04:57:09.831Z] [lib/validate-data.js] WorldTimeAPI failed, trying alternative source
[2026-02-26T04:57:10.513Z] [lib/validate-data.js] Using TimeAPI date: 2026-02-26T04:57:10.2855053
[2026-02-26T04:57:10.515Z] [lib/validate-data.js] SRF data validation passed ✓
[2026-02-26T04:57:10.515Z] [lib/validate-data.js] Validating Treasury funding data...
[2026-02-26T04:57:10.515Z] [lib/validate-data.js] Found 282 Treasury funding data points
[2026-02-26T04:57:10.515Z] [lib/validate-data.js] Treasury funding data validation passed ✓
[2026-02-26T04:57:10.516Z] [lib/validate-data.js] All data validation passed ✓
[2026-02-26T04:57:10.519Z] lib/validate-data.js completed successfully
[2026-02-26T04:57:10.519Z] Dashboard update process completed successfully
