[2025-10-20T03:50:48.726Z] Starting Liquidity Dashboard update process
[2025-10-20T03:50:48.728Z] Running lib/data-backup.js...
[2025-10-20T03:50:48.756Z] [lib/data-backup.js] ERROR: node:internal/modules/cjs/loader:1031
  throw err;
  ^

Error: Cannot find module '/home/runner/work/liquiditydashboard/liquiditydashboard/web/lib/data-backup.js'
    at Function.Module._resolveFilename (node:internal/modules/cjs/loader:1028:15)
    at Function.Module._load (node:internal/modules/cjs/loader:873:27)
    at Function.executeUserEntryPoint [as runMain] (node:internal/modules/run_main:81:12)
    at node:internal/main/run_main_module:22:47 {
  code: 'MODULE_NOT_FOUND',
  requireStack: []
}
[2025-10-20T03:50:48.759Z] lib/data-backup.js failed with exit code 1
[2025-10-20T03:50:48.759Z] Running lib/data-backup.js clean...
[2025-10-20T03:50:48.787Z] [lib/data-backup.js clean] ERROR: node:internal/modules/cjs/loader:1031
  throw err;
  ^

Error: Cannot find module '/home/runner/work/liquiditydashboard/liquiditydashboard/web/lib/data-backup.js'
    at Function.Module._resolveFilename (node:internal/modules/cjs/loader:1028:15)
    at Function.Module._load (node:internal/modules/cjs/loader:873:27)
    at Function.executeUserEntryPoint [as runMain] (node:internal/modules/run_main:81:12)
    at node:internal/main/run_main_module:22:47 {
  code: 'MODULE_NOT_FOUND',
  requireStack: []
}
[2025-10-20T03:50:48.788Z] lib/data-backup.js clean failed with exit code 1
[2025-10-20T03:50:48.789Z] Running lib/import-historical-move-data.js...
[2025-10-20T03:50:48.816Z] [lib/import-historical-move-data.js] ERROR: node:internal/modules/cjs/loader:1031
  throw err;
  ^

Error: Cannot find module '/home/runner/work/liquiditydashboard/liquiditydashboard/web/lib/import-historical-move-data.js'
    at Function.Module._resolveFilename (node:internal/modules/cjs/loader:1028:15)
    at Function.Module._load (node:internal/modules/cjs/loader:873:27)
    at Function.executeUserEntryPoint [as runMain] (node:internal/modules/run_main:81:12)
    at node:internal/main/run_main_module:22:47 {
  code: 'MODULE_NOT_FOUND',
  requireStack: []
}
[2025-10-20T03:50:48.818Z] lib/import-historical-move-data.js failed with exit code 1
[2025-10-20T03:50:48.818Z] Running lib/fetch-move-data.js...
[2025-10-20T03:50:48.845Z] [lib/fetch-move-data.js] ERROR: node:internal/modules/cjs/loader:1031
  throw err;
  ^

Error: Cannot find module '/home/runner/work/liquiditydashboard/liquiditydashboard/web/lib/fetch-move-data.js'
    at Function.Module._resolveFilename (node:internal/modules/cjs/loader:1028:15)
    at Function.Module._load (node:internal/modules/cjs/loader:873:27)
    at Function.executeUserEntryPoint [as runMain] (node:internal/modules/run_main:81:12)
    at node:internal/main/run_main_module:22:47 {
  code: 'MODULE_NOT_FOUND',
  requireStack: []
}
[2025-10-20T03:50:48.847Z] lib/fetch-move-data.js failed with exit code 1
[2025-10-20T03:50:48.847Z] Running lib/fetch-srf-data.js...
[2025-10-20T03:50:48.874Z] [lib/fetch-srf-data.js] ERROR: node:internal/modules/cjs/loader:1031
  throw err;
  ^

Error: Cannot find module '/home/runner/work/liquiditydashboard/liquiditydashboard/web/lib/fetch-srf-data.js'
    at Function.Module._resolveFilename (node:internal/modules/cjs/loader:1028:15)
    at Function.Module._load (node:internal/modules/cjs/loader:873:27)
    at Function.executeUserEntryPoint [as runMain] (node:internal/modules/run_main:81:12)
    at node:internal/main/run_main_module:22:47 {
  code: 'MODULE_NOT_FOUND',
  requireStack: []
}
[2025-10-20T03:50:48.876Z] lib/fetch-srf-data.js failed with exit code 1
[2025-10-20T03:50:48.877Z] Running lib/fetch-bill-share-data.js...
[2025-10-20T03:50:48.904Z] [lib/fetch-bill-share-data.js] ERROR: node:internal/modules/cjs/loader:1031
  throw err;
  ^

Error: Cannot find module '/home/runner/work/liquiditydashboard/liquiditydashboard/web/lib/fetch-bill-share-data.js'
    at Function.Module._resolveFilename (node:internal/modules/cjs/loader:1028:15)
    at Function.Module._load (node:internal/modules/cjs/loader:873:27)
    at Function.executeUserEntryPoint [as runMain] (node:internal/modules/run_main:81:12)
    at node:internal/main/run_main_module:22:47 {
  code: 'MODULE_NOT_FOUND',
  requireStack: []
}
[2025-10-20T03:50:48.906Z] lib/fetch-bill-share-data.js failed with exit code 1
[2025-10-20T03:50:48.906Z] Running lib/cleanup-future-dates.js...
[2025-10-20T03:50:48.978Z] [lib/cleanup-future-dates.js] Starting data cleanup process...
[2025-10-20T03:50:49.119Z] [lib/cleanup-future-dates.js] WorldTimeAPI failed, trying alternative source
[2025-10-20T03:50:49.814Z] [lib/cleanup-future-dates.js] Using TimeAPI date: 2025-10-20T03:50:49.7368457
[2025-10-20T03:50:49.814Z] [lib/cleanup-future-dates.js] Using reference date: 2025-10-20
[2025-10-20T03:50:49.814Z] [lib/cleanup-future-dates.js] Processing MOVE index data (/home/runner/work/liquiditydashboard/liquiditydashboard/web/public/series/move.json)...
[2025-10-20T03:50:49.815Z] [lib/cleanup-future-dates.js] Loaded 111 MOVE index data points
[2025-10-20T03:50:49.815Z] [lib/cleanup-future-dates.js] No future-dated entries found in MOVE index data
[2025-10-20T03:50:49.815Z] [lib/cleanup-future-dates.js] Processing SRF data (/home/runner/work/liquiditydashboard/liquiditydashboard/web/public/series/srf.json)...
[2025-10-20T03:50:49.816Z] [lib/cleanup-future-dates.js] Loaded 1017 SRF data points
[2025-10-20T03:50:49.817Z] [lib/cleanup-future-dates.js] No future-dated entries found in SRF data
[2025-10-20T03:50:49.817Z] [lib/cleanup-future-dates.js] Processing Treasury bill share data (/home/runner/work/liquiditydashboard/liquiditydashboard/web/public/series/bill-share.json)...
[2025-10-20T03:50:49.818Z] [lib/cleanup-future-dates.js] Loaded 282 Treasury bill share data points
[2025-10-20T03:50:49.818Z] [lib/cleanup-future-dates.js] No future-dated entries found in Treasury bill share data
[2025-10-20T03:50:49.818Z] [lib/cleanup-future-dates.js] Cleanup complete! Removed 0 future-dated entries in total.
Data cleanup completed with no changes needed
[2025-10-20T03:50:49.822Z] lib/cleanup-future-dates.js completed successfully
[2025-10-20T03:50:49.822Z] Running lib/validate-data.js...
[2025-10-20T03:50:49.894Z] [lib/validate-data.js] Running data validation...
[2025-10-20T03:50:49.894Z] [lib/validate-data.js] Validating MOVE index data...
[2025-10-20T03:50:49.895Z] [lib/validate-data.js] Found 111 MOVE data points
[2025-10-20T03:50:49.959Z] [lib/validate-data.js] WorldTimeAPI failed, trying alternative source
[2025-10-20T03:50:51.345Z] [lib/validate-data.js] Using TimeAPI date: 2025-10-20T03:50:51.262675
[2025-10-20T03:50:51.345Z] [lib/validate-data.js] Using reference date: 2025-10-20
[2025-10-20T03:50:51.346Z] [lib/validate-data.js] MOVE index data validation passed ✓
[2025-10-20T03:50:51.346Z] [lib/validate-data.js] Validating SRF data...
[2025-10-20T03:50:51.346Z] [lib/validate-data.js] Found 1017 SRF data points
[2025-10-20T03:50:51.424Z] [lib/validate-data.js] WorldTimeAPI failed, trying alternative source
[2025-10-20T03:50:52.101Z] [lib/validate-data.js] Using TimeAPI date: 2025-10-20T03:50:52.0227537
[2025-10-20T03:50:52.102Z] [lib/validate-data.js] SRF data validation passed ✓
[2025-10-20T03:50:52.102Z] [lib/validate-data.js] Validating Treasury funding data...
[2025-10-20T03:50:52.103Z] [lib/validate-data.js] Found 282 Treasury funding data points
[2025-10-20T03:50:52.103Z] [lib/validate-data.js] Treasury funding data validation passed ✓
[2025-10-20T03:50:52.103Z] [lib/validate-data.js] All data validation passed ✓
[2025-10-20T03:50:52.106Z] lib/validate-data.js completed successfully
[2025-10-20T03:50:52.106Z] Dashboard update process completed successfully
