[2026-04-08T05:18:58.714Z] Starting Liquidity Dashboard update process
[2026-04-08T05:18:58.715Z] Running lib/data-backup.js...
[2026-04-08T05:18:58.746Z] [lib/data-backup.js] ERROR: node:internal/modules/cjs/loader:1031
  throw err;
  ^

Error: Cannot find module '/home/runner/work/liquiditydashboard/liquiditydashboard/web/lib/data-backup.js'
    at Function.Module._resolveFilename (node:internal/modules/cjs/loader:1028:15)
    at Function.Module._load (node:internal/modules/cjs/loader:873:27)
    at Function.executeUserEntryPoint [as runMain] (node:internal/modules/run_main:81:12)
    at node:internal/main/run_main_module:22:47 {
  code: 'MODULE_NOT_FOUND',
  requireStack: []
}
[2026-04-08T05:18:58.748Z] lib/data-backup.js failed with exit code 1
[2026-04-08T05:18:58.748Z] Running lib/data-backup.js clean...
[2026-04-08T05:18:58.778Z] [lib/data-backup.js clean] ERROR: node:internal/modules/cjs/loader:1031
  throw err;
  ^

Error: Cannot find module '/home/runner/work/liquiditydashboard/liquiditydashboard/web/lib/data-backup.js'
    at Function.Module._resolveFilename (node:internal/modules/cjs/loader:1028:15)
    at Function.Module._load (node:internal/modules/cjs/loader:873:27)
    at Function.executeUserEntryPoint [as runMain] (node:internal/modules/run_main:81:12)
    at node:internal/main/run_main_module:22:47 {
  code: 'MODULE_NOT_FOUND',
  requireStack: []
}
[2026-04-08T05:18:58.779Z] lib/data-backup.js clean failed with exit code 1
[2026-04-08T05:18:58.779Z] Running lib/import-historical-move-data.js...
[2026-04-08T05:18:58.809Z] [lib/import-historical-move-data.js] ERROR: node:internal/modules/cjs/loader:1031
  throw err;
  ^

Error: Cannot find module '/home/runner/work/liquiditydashboard/liquiditydashboard/web/lib/import-historical-move-data.js'
    at Function.Module._resolveFilename (node:internal/modules/cjs/loader:1028:15)
    at Function.Module._load (node:internal/modules/cjs/loader:873:27)
    at Function.executeUserEntryPoint [as runMain] (node:internal/modules/run_main:81:12)
    at node:internal/main/run_main_module:22:47 {
  code: 'MODULE_NOT_FOUND',
  requireStack: []
}
[2026-04-08T05:18:58.810Z] lib/import-historical-move-data.js failed with exit code 1
[2026-04-08T05:18:58.810Z] Running lib/fetch-move-data.js...
[2026-04-08T05:18:58.840Z] [lib/fetch-move-data.js] ERROR: node:internal/modules/cjs/loader:1031
  throw err;
  ^

Error: Cannot find module '/home/runner/work/liquiditydashboard/liquiditydashboard/web/lib/fetch-move-data.js'
    at Function.Module._resolveFilename (node:internal/modules/cjs/loader:1028:15)
    at Function.Module._load (node:internal/modules/cjs/loader:873:27)
    at Function.executeUserEntryPoint [as runMain] (node:internal/modules/run_main:81:12)
    at node:internal/main/run_main_module:22:47 {
  code: 'MODULE_NOT_FOUND',
  requireStack: []
}
[2026-04-08T05:18:58.842Z] lib/fetch-move-data.js failed with exit code 1
[2026-04-08T05:18:58.842Z] Running lib/fetch-srf-data.js...
[2026-04-08T05:18:58.872Z] [lib/fetch-srf-data.js] ERROR: node:internal/modules/cjs/loader:1031
  throw err;
  ^

Error: Cannot find module '/home/runner/work/liquiditydashboard/liquiditydashboard/web/lib/fetch-srf-data.js'
    at Function.Module._resolveFilename (node:internal/modules/cjs/loader:1028:15)
    at Function.Module._load (node:internal/modules/cjs/loader:873:27)
    at Function.executeUserEntryPoint [as runMain] (node:internal/modules/run_main:81:12)
    at node:internal/main/run_main_module:22:47 {
  code: 'MODULE_NOT_FOUND',
  requireStack: []
}
[2026-04-08T05:18:58.874Z] lib/fetch-srf-data.js failed with exit code 1
[2026-04-08T05:18:58.874Z] Running lib/fetch-bill-share-data.js...
[2026-04-08T05:18:58.903Z] [lib/fetch-bill-share-data.js] ERROR: node:internal/modules/cjs/loader:1031
  throw err;
  ^

Error: Cannot find module '/home/runner/work/liquiditydashboard/liquiditydashboard/web/lib/fetch-bill-share-data.js'
    at Function.Module._resolveFilename (node:internal/modules/cjs/loader:1028:15)
    at Function.Module._load (node:internal/modules/cjs/loader:873:27)
    at Function.executeUserEntryPoint [as runMain] (node:internal/modules/run_main:81:12)
    at node:internal/main/run_main_module:22:47 {
  code: 'MODULE_NOT_FOUND',
  requireStack: []
}
[2026-04-08T05:18:58.905Z] lib/fetch-bill-share-data.js failed with exit code 1
[2026-04-08T05:18:58.905Z] Running lib/cleanup-future-dates.js...
[2026-04-08T05:18:58.982Z] [lib/cleanup-future-dates.js] Starting data cleanup process...
[2026-04-08T05:18:59.065Z] [lib/cleanup-future-dates.js] WorldTimeAPI failed, trying alternative source
[2026-04-08T05:18:59.490Z] [lib/cleanup-future-dates.js] Using TimeAPI date: 2026-04-08T05:18:59.3836764
[2026-04-08T05:18:59.490Z] [lib/cleanup-future-dates.js] Using reference date: 2026-4-8
[2026-04-08T05:18:59.490Z] [lib/cleanup-future-dates.js] Processing MOVE index data (/home/runner/work/liquiditydashboard/liquiditydashboard/web/public/series/move.json)...
[2026-04-08T05:18:59.490Z] [lib/cleanup-future-dates.js] Loaded 111 MOVE index data points
[2026-04-08T05:18:59.490Z] [lib/cleanup-future-dates.js] No future-dated entries found in MOVE index data
[2026-04-08T05:18:59.491Z] [lib/cleanup-future-dates.js] Processing SRF data (/home/runner/work/liquiditydashboard/liquiditydashboard/web/public/series/srf.json)...
[2026-04-08T05:18:59.491Z] [lib/cleanup-future-dates.js] Loaded 1017 SRF data points
[2026-04-08T05:18:59.492Z] [lib/cleanup-future-dates.js] No future-dated entries found in SRF data
[2026-04-08T05:18:59.493Z] [lib/cleanup-future-dates.js] Processing Treasury bill share data (/home/runner/work/liquiditydashboard/liquiditydashboard/web/public/series/bill-share.json)...
[2026-04-08T05:18:59.493Z] [lib/cleanup-future-dates.js] Loaded 282 Treasury bill share data points
[2026-04-08T05:18:59.493Z] [lib/cleanup-future-dates.js] No future-dated entries found in Treasury bill share data
[2026-04-08T05:18:59.493Z] [lib/cleanup-future-dates.js] Cleanup complete! Removed 0 future-dated entries in total.
Data cleanup completed with no changes needed
[2026-04-08T05:18:59.496Z] lib/cleanup-future-dates.js completed successfully
[2026-04-08T05:18:59.496Z] Running lib/validate-data.js...
[2026-04-08T05:18:59.572Z] [lib/validate-data.js] Running data validation...
[2026-04-08T05:18:59.573Z] [lib/validate-data.js] Validating MOVE index data...
[2026-04-08T05:18:59.573Z] [lib/validate-data.js] Found 111 MOVE data points
[2026-04-08T05:18:59.663Z] [lib/validate-data.js] WorldTimeAPI failed, trying alternative source
[2026-04-08T05:19:00.085Z] [lib/validate-data.js] Using TimeAPI date: 2026-04-08T05:18:59.9777929
[2026-04-08T05:19:00.085Z] [lib/validate-data.js] Using reference date: 2026-4-8
[2026-04-08T05:19:00.086Z] [lib/validate-data.js] MOVE index data validation passed ✓
[2026-04-08T05:19:00.086Z] [lib/validate-data.js] Validating SRF data...
[2026-04-08T05:19:00.087Z] [lib/validate-data.js] Found 1017 SRF data points
[2026-04-08T05:19:00.149Z] [lib/validate-data.js] WorldTimeAPI failed, trying alternative source
[2026-04-08T05:19:00.722Z] [lib/validate-data.js] Using TimeAPI date: 2026-04-08T05:19:00.6204412
[2026-04-08T05:19:00.724Z] [lib/validate-data.js] SRF data validation passed ✓
[2026-04-08T05:19:00.724Z] [lib/validate-data.js] Validating Treasury funding data...
[2026-04-08T05:19:00.724Z] [lib/validate-data.js] Found 282 Treasury funding data points
[2026-04-08T05:19:00.724Z] [lib/validate-data.js] Treasury funding data validation passed ✓
[2026-04-08T05:19:00.725Z] [lib/validate-data.js] All data validation passed ✓
[2026-04-08T05:19:00.727Z] lib/validate-data.js completed successfully
[2026-04-08T05:19:00.727Z] Dashboard update process completed successfully
