[2026-05-11T06:45:25.373Z] Starting Liquidity Dashboard update process
[2026-05-11T06:45:25.375Z] Running lib/data-backup.js...
[2026-05-11T06:45:25.404Z] [lib/data-backup.js] ERROR: node:internal/modules/cjs/loader:1031
  throw err;
  ^

Error: Cannot find module '/home/runner/work/liquiditydashboard/liquiditydashboard/web/lib/data-backup.js'
    at Function.Module._resolveFilename (node:internal/modules/cjs/loader:1028:15)
    at Function.Module._load (node:internal/modules/cjs/loader:873:27)
    at Function.executeUserEntryPoint [as runMain] (node:internal/modules/run_main:81:12)
    at node:internal/main/run_main_module:22:47 {
  code: 'MODULE_NOT_FOUND',
  requireStack: []
}
[2026-05-11T06:45:25.406Z] lib/data-backup.js failed with exit code 1
[2026-05-11T06:45:25.407Z] Running lib/data-backup.js clean...
[2026-05-11T06:45:25.435Z] [lib/data-backup.js clean] ERROR: node:internal/modules/cjs/loader:1031
  throw err;
  ^

Error: Cannot find module '/home/runner/work/liquiditydashboard/liquiditydashboard/web/lib/data-backup.js'
    at Function.Module._resolveFilename (node:internal/modules/cjs/loader:1028:15)
    at Function.Module._load (node:internal/modules/cjs/loader:873:27)
    at Function.executeUserEntryPoint [as runMain] (node:internal/modules/run_main:81:12)
    at node:internal/main/run_main_module:22:47 {
  code: 'MODULE_NOT_FOUND',
  requireStack: []
}
[2026-05-11T06:45:25.436Z] lib/data-backup.js clean failed with exit code 1
[2026-05-11T06:45:25.436Z] Running lib/import-historical-move-data.js...
[2026-05-11T06:45:25.464Z] [lib/import-historical-move-data.js] ERROR: node:internal/modules/cjs/loader:1031
  throw err;
  ^

Error: Cannot find module '/home/runner/work/liquiditydashboard/liquiditydashboard/web/lib/import-historical-move-data.js'
    at Function.Module._resolveFilename (node:internal/modules/cjs/loader:1028:15)
    at Function.Module._load (node:internal/modules/cjs/loader:873:27)
    at Function.executeUserEntryPoint [as runMain] (node:internal/modules/run_main:81:12)
    at node:internal/main/run_main_module:22:47 {
  code: 'MODULE_NOT_FOUND',
  requireStack: []
}
[2026-05-11T06:45:25.466Z] lib/import-historical-move-data.js failed with exit code 1
[2026-05-11T06:45:25.466Z] Running lib/fetch-move-data.js...
[2026-05-11T06:45:25.494Z] [lib/fetch-move-data.js] ERROR: node:internal/modules/cjs/loader:1031
  throw err;
  ^

Error: Cannot find module '/home/runner/work/liquiditydashboard/liquiditydashboard/web/lib/fetch-move-data.js'
    at Function.Module._resolveFilename (node:internal/modules/cjs/loader:1028:15)
    at Function.Module._load (node:internal/modules/cjs/loader:873:27)
    at Function.executeUserEntryPoint [as runMain] (node:internal/modules/run_main:81:12)
    at node:internal/main/run_main_module:22:47 {
  code: 'MODULE_NOT_FOUND',
  requireStack: []
}
[2026-05-11T06:45:25.496Z] lib/fetch-move-data.js failed with exit code 1
[2026-05-11T06:45:25.496Z] Running lib/fetch-srf-data.js...
[2026-05-11T06:45:25.524Z] [lib/fetch-srf-data.js] ERROR: node:internal/modules/cjs/loader:1031
  throw err;
  ^

Error: Cannot find module '/home/runner/work/liquiditydashboard/liquiditydashboard/web/lib/fetch-srf-data.js'
    at Function.Module._resolveFilename (node:internal/modules/cjs/loader:1028:15)
    at Function.Module._load (node:internal/modules/cjs/loader:873:27)
    at Function.executeUserEntryPoint [as runMain] (node:internal/modules/run_main:81:12)
    at node:internal/main/run_main_module:22:47 {
  code: 'MODULE_NOT_FOUND',
  requireStack: []
}
[2026-05-11T06:45:25.526Z] lib/fetch-srf-data.js failed with exit code 1
[2026-05-11T06:45:25.527Z] Running lib/fetch-bill-share-data.js...
[2026-05-11T06:45:25.556Z] [lib/fetch-bill-share-data.js] ERROR: node:internal/modules/cjs/loader:1031
  throw err;
  ^

Error: Cannot find module '/home/runner/work/liquiditydashboard/liquiditydashboard/web/lib/fetch-bill-share-data.js'
    at Function.Module._resolveFilename (node:internal/modules/cjs/loader:1028:15)
    at Function.Module._load (node:internal/modules/cjs/loader:873:27)
    at Function.executeUserEntryPoint [as runMain] (node:internal/modules/run_main:81:12)
    at node:internal/main/run_main_module:22:47 {
  code: 'MODULE_NOT_FOUND',
  requireStack: []
}
[2026-05-11T06:45:25.558Z] lib/fetch-bill-share-data.js failed with exit code 1
[2026-05-11T06:45:25.558Z] Running lib/cleanup-future-dates.js...
[2026-05-11T06:45:25.640Z] [lib/cleanup-future-dates.js] Starting data cleanup process...
[2026-05-11T06:45:25.823Z] [lib/cleanup-future-dates.js] WorldTimeAPI failed, trying alternative source
[2026-05-11T06:45:27.267Z] [lib/cleanup-future-dates.js] Using TimeAPI date: 2026-05-11T06:45:26.6813468
[2026-05-11T06:45:27.267Z] [lib/cleanup-future-dates.js] Using reference date: 2026-5-11
[2026-05-11T06:45:27.267Z] [lib/cleanup-future-dates.js] Processing MOVE index data (/home/runner/work/liquiditydashboard/liquiditydashboard/web/public/series/move.json)...
[2026-05-11T06:45:27.268Z] [lib/cleanup-future-dates.js] Loaded 111 MOVE index data points
[2026-05-11T06:45:27.268Z] [lib/cleanup-future-dates.js] No future-dated entries found in MOVE index data
[2026-05-11T06:45:27.268Z] [lib/cleanup-future-dates.js] Processing SRF data (/home/runner/work/liquiditydashboard/liquiditydashboard/web/public/series/srf.json)...
[2026-05-11T06:45:27.269Z] [lib/cleanup-future-dates.js] Loaded 1017 SRF data points
[2026-05-11T06:45:27.270Z] [lib/cleanup-future-dates.js] No future-dated entries found in SRF data
[2026-05-11T06:45:27.270Z] [lib/cleanup-future-dates.js] Processing Treasury bill share data (/home/runner/work/liquiditydashboard/liquiditydashboard/web/public/series/bill-share.json)...
[2026-05-11T06:45:27.270Z] [lib/cleanup-future-dates.js] Loaded 282 Treasury bill share data points
[2026-05-11T06:45:27.271Z] [lib/cleanup-future-dates.js] No future-dated entries found in Treasury bill share data
[2026-05-11T06:45:27.271Z] [lib/cleanup-future-dates.js] Cleanup complete! Removed 0 future-dated entries in total.
Data cleanup completed with no changes needed
[2026-05-11T06:45:27.274Z] lib/cleanup-future-dates.js completed successfully
[2026-05-11T06:45:27.274Z] Running lib/validate-data.js...
[2026-05-11T06:45:27.350Z] [lib/validate-data.js] Running data validation...
[2026-05-11T06:45:27.350Z] [lib/validate-data.js] Validating MOVE index data...
[2026-05-11T06:45:27.351Z] [lib/validate-data.js] Found 111 MOVE data points
[2026-05-11T06:45:27.455Z] [lib/validate-data.js] WorldTimeAPI failed, trying alternative source
[2026-05-11T06:45:28.189Z] [lib/validate-data.js] Using TimeAPI date: 2026-05-11T06:45:27.60398
[2026-05-11T06:45:28.190Z] [lib/validate-data.js] Using reference date: 2026-5-11
[2026-05-11T06:45:28.190Z] [lib/validate-data.js] MOVE index data validation passed ✓
[2026-05-11T06:45:28.191Z] [lib/validate-data.js] Validating SRF data...
[2026-05-11T06:45:28.191Z] [lib/validate-data.js] Found 1017 SRF data points
[2026-05-11T06:45:28.352Z] [lib/validate-data.js] WorldTimeAPI failed, trying alternative source
[2026-05-11T06:45:29.073Z] [lib/validate-data.js] Using TimeAPI date: 2026-05-11T06:45:28.4909017
[2026-05-11T06:45:29.075Z] [lib/validate-data.js] SRF data validation passed ✓
[2026-05-11T06:45:29.075Z] [lib/validate-data.js] Validating Treasury funding data...
[2026-05-11T06:45:29.076Z] [lib/validate-data.js] Found 282 Treasury funding data points
[2026-05-11T06:45:29.076Z] [lib/validate-data.js] Treasury funding data validation passed ✓
[2026-05-11T06:45:29.076Z] [lib/validate-data.js] All data validation passed ✓
[2026-05-11T06:45:29.079Z] lib/validate-data.js completed successfully
[2026-05-11T06:45:29.079Z] Dashboard update process completed successfully
