[2025-11-03T03:52:56.170Z] Starting Liquidity Dashboard update process
[2025-11-03T03:52:56.171Z] Running lib/data-backup.js...
[2025-11-03T03:52:56.202Z] [lib/data-backup.js] ERROR: node:internal/modules/cjs/loader:1031
  throw err;
  ^

Error: Cannot find module '/home/runner/work/liquiditydashboard/liquiditydashboard/web/lib/data-backup.js'
    at Function.Module._resolveFilename (node:internal/modules/cjs/loader:1028:15)
    at Function.Module._load (node:internal/modules/cjs/loader:873:27)
    at Function.executeUserEntryPoint [as runMain] (node:internal/modules/run_main:81:12)
    at node:internal/main/run_main_module:22:47 {
  code: 'MODULE_NOT_FOUND',
  requireStack: []
}
[2025-11-03T03:52:56.205Z] lib/data-backup.js failed with exit code 1
[2025-11-03T03:52:56.205Z] Running lib/data-backup.js clean...
[2025-11-03T03:52:56.233Z] [lib/data-backup.js clean] ERROR: node:internal/modules/cjs/loader:1031
  throw err;
  ^

Error: Cannot find module '/home/runner/work/liquiditydashboard/liquiditydashboard/web/lib/data-backup.js'
    at Function.Module._resolveFilename (node:internal/modules/cjs/loader:1028:15)
    at Function.Module._load (node:internal/modules/cjs/loader:873:27)
    at Function.executeUserEntryPoint [as runMain] (node:internal/modules/run_main:81:12)
    at node:internal/main/run_main_module:22:47 {
  code: 'MODULE_NOT_FOUND',
  requireStack: []
}
[2025-11-03T03:52:56.235Z] lib/data-backup.js clean failed with exit code 1
[2025-11-03T03:52:56.235Z] Running lib/import-historical-move-data.js...
[2025-11-03T03:52:56.263Z] [lib/import-historical-move-data.js] ERROR: node:internal/modules/cjs/loader:1031
  throw err;
  ^

Error: Cannot find module '/home/runner/work/liquiditydashboard/liquiditydashboard/web/lib/import-historical-move-data.js'
    at Function.Module._resolveFilename (node:internal/modules/cjs/loader:1028:15)
    at Function.Module._load (node:internal/modules/cjs/loader:873:27)
    at Function.executeUserEntryPoint [as runMain] (node:internal/modules/run_main:81:12)
    at node:internal/main/run_main_module:22:47 {
  code: 'MODULE_NOT_FOUND',
  requireStack: []
}
[2025-11-03T03:52:56.265Z] lib/import-historical-move-data.js failed with exit code 1
[2025-11-03T03:52:56.265Z] Running lib/fetch-move-data.js...
[2025-11-03T03:52:56.293Z] [lib/fetch-move-data.js] ERROR: node:internal/modules/cjs/loader:1031
  throw err;
  ^

Error: Cannot find module '/home/runner/work/liquiditydashboard/liquiditydashboard/web/lib/fetch-move-data.js'
    at Function.Module._resolveFilename (node:internal/modules/cjs/loader:1028:15)
    at Function.Module._load (node:internal/modules/cjs/loader:873:27)
    at Function.executeUserEntryPoint [as runMain] (node:internal/modules/run_main:81:12)
    at node:internal/main/run_main_module:22:47 {
  code: 'MODULE_NOT_FOUND',
  requireStack: []
}
[2025-11-03T03:52:56.295Z] lib/fetch-move-data.js failed with exit code 1
[2025-11-03T03:52:56.295Z] Running lib/fetch-srf-data.js...
[2025-11-03T03:52:56.323Z] [lib/fetch-srf-data.js] ERROR: node:internal/modules/cjs/loader:1031
  throw err;
  ^

Error: Cannot find module '/home/runner/work/liquiditydashboard/liquiditydashboard/web/lib/fetch-srf-data.js'
    at Function.Module._resolveFilename (node:internal/modules/cjs/loader:1028:15)
    at Function.Module._load (node:internal/modules/cjs/loader:873:27)
    at Function.executeUserEntryPoint [as runMain] (node:internal/modules/run_main:81:12)
    at node:internal/main/run_main_module:22:47 {
  code: 'MODULE_NOT_FOUND',
  requireStack: []
}
[2025-11-03T03:52:56.325Z] lib/fetch-srf-data.js failed with exit code 1
[2025-11-03T03:52:56.325Z] Running lib/fetch-bill-share-data.js...
[2025-11-03T03:52:56.353Z] [lib/fetch-bill-share-data.js] ERROR: node:internal/modules/cjs/loader:1031
  throw err;
  ^

Error: Cannot find module '/home/runner/work/liquiditydashboard/liquiditydashboard/web/lib/fetch-bill-share-data.js'
    at Function.Module._resolveFilename (node:internal/modules/cjs/loader:1028:15)
    at Function.Module._load (node:internal/modules/cjs/loader:873:27)
    at Function.executeUserEntryPoint [as runMain] (node:internal/modules/run_main:81:12)
    at node:internal/main/run_main_module:22:47 {
  code: 'MODULE_NOT_FOUND',
  requireStack: []
}
[2025-11-03T03:52:56.355Z] lib/fetch-bill-share-data.js failed with exit code 1
[2025-11-03T03:52:56.355Z] Running lib/cleanup-future-dates.js...
[2025-11-03T03:52:56.431Z] [lib/cleanup-future-dates.js] Starting data cleanup process...
[2025-11-03T03:52:56.713Z] [lib/cleanup-future-dates.js] Using WorldTimeAPI date: 2025-11-03T03:52:56.697127+00:00
[2025-11-03T03:52:56.713Z] [lib/cleanup-future-dates.js] Using reference date: 2025-11-3
[2025-11-03T03:52:56.713Z] [lib/cleanup-future-dates.js] Processing MOVE index data (/home/runner/work/liquiditydashboard/liquiditydashboard/web/public/series/move.json)...
[2025-11-03T03:52:56.714Z] [lib/cleanup-future-dates.js] Loaded 111 MOVE index data points
[2025-11-03T03:52:56.714Z] [lib/cleanup-future-dates.js] No future-dated entries found in MOVE index data
[2025-11-03T03:52:56.714Z] [lib/cleanup-future-dates.js] Processing SRF data (/home/runner/work/liquiditydashboard/liquiditydashboard/web/public/series/srf.json)...
[2025-11-03T03:52:56.714Z] [lib/cleanup-future-dates.js] Loaded 1017 SRF data points
[2025-11-03T03:52:56.716Z] [lib/cleanup-future-dates.js] No future-dated entries found in SRF data
[2025-11-03T03:52:56.716Z] [lib/cleanup-future-dates.js] Processing Treasury bill share data (/home/runner/work/liquiditydashboard/liquiditydashboard/web/public/series/bill-share.json)...
[2025-11-03T03:52:56.716Z] [lib/cleanup-future-dates.js] Loaded 282 Treasury bill share data points
[2025-11-03T03:52:56.716Z] [lib/cleanup-future-dates.js] No future-dated entries found in Treasury bill share data
[2025-11-03T03:52:56.717Z] [lib/cleanup-future-dates.js] Cleanup complete! Removed 0 future-dated entries in total.
Data cleanup completed with no changes needed
[2025-11-03T03:52:56.720Z] lib/cleanup-future-dates.js completed successfully
[2025-11-03T03:52:56.720Z] Running lib/validate-data.js...
[2025-11-03T03:52:56.795Z] [lib/validate-data.js] Running data validation...
[2025-11-03T03:52:56.795Z] [lib/validate-data.js] Validating MOVE index data...
[2025-11-03T03:52:56.796Z] [lib/validate-data.js] Found 111 MOVE data points
[2025-11-03T03:52:56.973Z] [lib/validate-data.js] Using WorldTimeAPI date: 2025-11-03T03:52:56.958125+00:00
[2025-11-03T03:52:56.973Z] [lib/validate-data.js] Using reference date: 2025-11-3
[2025-11-03T03:52:56.974Z] [lib/validate-data.js] MOVE index data validation passed ✓
[2025-11-03T03:52:56.974Z] [lib/validate-data.js] Validating SRF data...
[2025-11-03T03:52:56.975Z] [lib/validate-data.js] Found 1017 SRF data points
[2025-11-03T03:52:57.128Z] [lib/validate-data.js] Using WorldTimeAPI date: 2025-11-03T03:52:57.118254+00:00
[2025-11-03T03:52:57.130Z] [lib/validate-data.js] SRF data validation passed ✓
[2025-11-03T03:52:57.130Z] [lib/validate-data.js] Validating Treasury funding data...
[2025-11-03T03:52:57.131Z] [lib/validate-data.js] Found 282 Treasury funding data points
[2025-11-03T03:52:57.131Z] [lib/validate-data.js] Treasury funding data validation passed ✓
[2025-11-03T03:52:57.131Z] [lib/validate-data.js] All data validation passed ✓
[2025-11-03T03:52:57.134Z] lib/validate-data.js completed successfully
[2025-11-03T03:52:57.134Z] Dashboard update process completed successfully
