[2025-09-22T03:40:34.821Z] Starting Liquidity Dashboard update process
[2025-09-22T03:40:34.822Z] Running lib/data-backup.js...
[2025-09-22T03:40:34.852Z] [lib/data-backup.js] ERROR: node:internal/modules/cjs/loader:1031
  throw err;
  ^

Error: Cannot find module '/home/runner/work/liquiditydashboard/liquiditydashboard/web/lib/data-backup.js'
    at Function.Module._resolveFilename (node:internal/modules/cjs/loader:1028:15)
    at Function.Module._load (node:internal/modules/cjs/loader:873:27)
    at Function.executeUserEntryPoint [as runMain] (node:internal/modules/run_main:81:12)
    at node:internal/main/run_main_module:22:47 {
  code: 'MODULE_NOT_FOUND',
  requireStack: []
}
[2025-09-22T03:40:34.855Z] lib/data-backup.js failed with exit code 1
[2025-09-22T03:40:34.856Z] Running lib/data-backup.js clean...
[2025-09-22T03:40:34.884Z] [lib/data-backup.js clean] ERROR: node:internal/modules/cjs/loader:1031
  throw err;
  ^

Error: Cannot find module '/home/runner/work/liquiditydashboard/liquiditydashboard/web/lib/data-backup.js'
    at Function.Module._resolveFilename (node:internal/modules/cjs/loader:1028:15)
    at Function.Module._load (node:internal/modules/cjs/loader:873:27)
    at Function.executeUserEntryPoint [as runMain] (node:internal/modules/run_main:81:12)
    at node:internal/main/run_main_module:22:47 {
  code: 'MODULE_NOT_FOUND',
  requireStack: []
}
[2025-09-22T03:40:34.886Z] lib/data-backup.js clean failed with exit code 1
[2025-09-22T03:40:34.886Z] Running lib/import-historical-move-data.js...
[2025-09-22T03:40:34.914Z] [lib/import-historical-move-data.js] ERROR: node:internal/modules/cjs/loader:1031
  throw err;
  ^

Error: Cannot find module '/home/runner/work/liquiditydashboard/liquiditydashboard/web/lib/import-historical-move-data.js'
    at Function.Module._resolveFilename (node:internal/modules/cjs/loader:1028:15)
    at Function.Module._load (node:internal/modules/cjs/loader:873:27)
    at Function.executeUserEntryPoint [as runMain] (node:internal/modules/run_main:81:12)
    at node:internal/main/run_main_module:22:47 {
  code: 'MODULE_NOT_FOUND',
  requireStack: []
}
[2025-09-22T03:40:34.917Z] lib/import-historical-move-data.js failed with exit code 1
[2025-09-22T03:40:34.917Z] Running lib/fetch-move-data.js...
[2025-09-22T03:40:34.945Z] [lib/fetch-move-data.js] ERROR: node:internal/modules/cjs/loader:1031
  throw err;
  ^

Error: Cannot find module '/home/runner/work/liquiditydashboard/liquiditydashboard/web/lib/fetch-move-data.js'
    at Function.Module._resolveFilename (node:internal/modules/cjs/loader:1028:15)
    at Function.Module._load (node:internal/modules/cjs/loader:873:27)
    at Function.executeUserEntryPoint [as runMain] (node:internal/modules/run_main:81:12)
    at node:internal/main/run_main_module:22:47 {
  code: 'MODULE_NOT_FOUND',
  requireStack: []
}
[2025-09-22T03:40:34.948Z] lib/fetch-move-data.js failed with exit code 1
[2025-09-22T03:40:34.948Z] Running lib/fetch-srf-data.js...
[2025-09-22T03:40:34.977Z] [lib/fetch-srf-data.js] ERROR: node:internal/modules/cjs/loader:1031
  throw err;
  ^

Error: Cannot find module '/home/runner/work/liquiditydashboard/liquiditydashboard/web/lib/fetch-srf-data.js'
    at Function.Module._resolveFilename (node:internal/modules/cjs/loader:1028:15)
    at Function.Module._load (node:internal/modules/cjs/loader:873:27)
    at Function.executeUserEntryPoint [as runMain] (node:internal/modules/run_main:81:12)
    at node:internal/main/run_main_module:22:47 {
  code: 'MODULE_NOT_FOUND',
  requireStack: []
}
[2025-09-22T03:40:34.979Z] lib/fetch-srf-data.js failed with exit code 1
[2025-09-22T03:40:34.979Z] Running lib/fetch-bill-share-data.js...
[2025-09-22T03:40:35.007Z] [lib/fetch-bill-share-data.js] ERROR: node:internal/modules/cjs/loader:1031
  throw err;
  ^

Error: Cannot find module '/home/runner/work/liquiditydashboard/liquiditydashboard/web/lib/fetch-bill-share-data.js'
    at Function.Module._resolveFilename (node:internal/modules/cjs/loader:1028:15)
    at Function.Module._load (node:internal/modules/cjs/loader:873:27)
    at Function.executeUserEntryPoint [as runMain] (node:internal/modules/run_main:81:12)
    at node:internal/main/run_main_module:22:47 {
  code: 'MODULE_NOT_FOUND',
  requireStack: []
}
[2025-09-22T03:40:35.009Z] lib/fetch-bill-share-data.js failed with exit code 1
[2025-09-22T03:40:35.010Z] Running lib/cleanup-future-dates.js...
[2025-09-22T03:40:35.083Z] [lib/cleanup-future-dates.js] Starting data cleanup process...
[2025-09-22T03:40:35.426Z] [lib/cleanup-future-dates.js] Using WorldTimeAPI date: 2025-09-22T03:40:35.409713+00:00
[2025-09-22T03:40:35.427Z] [lib/cleanup-future-dates.js] Using reference date: 2025-9-22
[2025-09-22T03:40:35.427Z] [lib/cleanup-future-dates.js] Processing MOVE index data (/home/runner/work/liquiditydashboard/liquiditydashboard/web/public/series/move.json)...
[2025-09-22T03:40:35.427Z] [lib/cleanup-future-dates.js] Loaded 111 MOVE index data points
[2025-09-22T03:40:35.427Z] [lib/cleanup-future-dates.js] No future-dated entries found in MOVE index data
[2025-09-22T03:40:35.428Z] [lib/cleanup-future-dates.js] Processing SRF data (/home/runner/work/liquiditydashboard/liquiditydashboard/web/public/series/srf.json)...
[2025-09-22T03:40:35.428Z] [lib/cleanup-future-dates.js] Loaded 1017 SRF data points
[2025-09-22T03:40:35.430Z] [lib/cleanup-future-dates.js] No future-dated entries found in SRF data
[2025-09-22T03:40:35.430Z] [lib/cleanup-future-dates.js] Processing Treasury bill share data (/home/runner/work/liquiditydashboard/liquiditydashboard/web/public/series/bill-share.json)...
[2025-09-22T03:40:35.430Z] [lib/cleanup-future-dates.js] Loaded 282 Treasury bill share data points
[2025-09-22T03:40:35.431Z] [lib/cleanup-future-dates.js] No future-dated entries found in Treasury bill share data
[2025-09-22T03:40:35.431Z] [lib/cleanup-future-dates.js] Cleanup complete! Removed 0 future-dated entries in total.
Data cleanup completed with no changes needed
[2025-09-22T03:40:35.434Z] lib/cleanup-future-dates.js completed successfully
[2025-09-22T03:40:35.434Z] Running lib/validate-data.js...
[2025-09-22T03:40:35.507Z] [lib/validate-data.js] Running data validation...
[2025-09-22T03:40:35.507Z] [lib/validate-data.js] Validating MOVE index data...
[2025-09-22T03:40:35.508Z] [lib/validate-data.js] Found 111 MOVE data points
[2025-09-22T03:40:35.778Z] [lib/validate-data.js] Using WorldTimeAPI date: 2025-09-22T03:40:35.763127+00:00
[2025-09-22T03:40:35.778Z] [lib/validate-data.js] Using reference date: 2025-9-22
[2025-09-22T03:40:35.779Z] [lib/validate-data.js] MOVE index data validation passed ✓
[2025-09-22T03:40:35.779Z] [lib/validate-data.js] Validating SRF data...
[2025-09-22T03:40:35.779Z] [lib/validate-data.js] Found 1017 SRF data points
[2025-09-22T03:40:36.007Z] [lib/validate-data.js] Using WorldTimeAPI date: 2025-09-22T03:40:35.997766+00:00
[2025-09-22T03:40:36.009Z] [lib/validate-data.js] SRF data validation passed ✓
[2025-09-22T03:40:36.009Z] [lib/validate-data.js] Validating Treasury funding data...
[2025-09-22T03:40:36.009Z] [lib/validate-data.js] Found 282 Treasury funding data points
[2025-09-22T03:40:36.009Z] [lib/validate-data.js] Treasury funding data validation passed ✓
[2025-09-22T03:40:36.009Z] [lib/validate-data.js] All data validation passed ✓
[2025-09-22T03:40:36.012Z] lib/validate-data.js completed successfully
[2025-09-22T03:40:36.012Z] Dashboard update process completed successfully
