[2025-11-24T03:59:13.727Z] Starting Liquidity Dashboard update process
[2025-11-24T03:59:13.729Z] Running lib/data-backup.js...
[2025-11-24T03:59:13.759Z] [lib/data-backup.js] ERROR: node:internal/modules/cjs/loader:1031
  throw err;
  ^

Error: Cannot find module '/home/runner/work/liquiditydashboard/liquiditydashboard/web/lib/data-backup.js'
    at Function.Module._resolveFilename (node:internal/modules/cjs/loader:1028:15)
    at Function.Module._load (node:internal/modules/cjs/loader:873:27)
    at Function.executeUserEntryPoint [as runMain] (node:internal/modules/run_main:81:12)
    at node:internal/main/run_main_module:22:47 {
  code: 'MODULE_NOT_FOUND',
  requireStack: []
}
[2025-11-24T03:59:13.761Z] lib/data-backup.js failed with exit code 1
[2025-11-24T03:59:13.762Z] Running lib/data-backup.js clean...
[2025-11-24T03:59:13.790Z] [lib/data-backup.js clean] ERROR: node:internal/modules/cjs/loader:1031
  throw err;
  ^

Error: Cannot find module '/home/runner/work/liquiditydashboard/liquiditydashboard/web/lib/data-backup.js'
    at Function.Module._resolveFilename (node:internal/modules/cjs/loader:1028:15)
    at Function.Module._load (node:internal/modules/cjs/loader:873:27)
    at Function.executeUserEntryPoint [as runMain] (node:internal/modules/run_main:81:12)
    at node:internal/main/run_main_module:22:47 {
  code: 'MODULE_NOT_FOUND',
  requireStack: []
}
[2025-11-24T03:59:13.792Z] lib/data-backup.js clean failed with exit code 1
[2025-11-24T03:59:13.792Z] Running lib/import-historical-move-data.js...
[2025-11-24T03:59:13.820Z] [lib/import-historical-move-data.js] ERROR: node:internal/modules/cjs/loader:1031
  throw err;
  ^

Error: Cannot find module '/home/runner/work/liquiditydashboard/liquiditydashboard/web/lib/import-historical-move-data.js'
    at Function.Module._resolveFilename (node:internal/modules/cjs/loader:1028:15)
    at Function.Module._load (node:internal/modules/cjs/loader:873:27)
    at Function.executeUserEntryPoint [as runMain] (node:internal/modules/run_main:81:12)
    at node:internal/main/run_main_module:22:47 {
  code: 'MODULE_NOT_FOUND',
  requireStack: []
}
[2025-11-24T03:59:13.822Z] lib/import-historical-move-data.js failed with exit code 1
[2025-11-24T03:59:13.822Z] Running lib/fetch-move-data.js...
[2025-11-24T03:59:13.850Z] [lib/fetch-move-data.js] ERROR: node:internal/modules/cjs/loader:1031
  throw err;
  ^

Error: Cannot find module '/home/runner/work/liquiditydashboard/liquiditydashboard/web/lib/fetch-move-data.js'
    at Function.Module._resolveFilename (node:internal/modules/cjs/loader:1028:15)
    at Function.Module._load (node:internal/modules/cjs/loader:873:27)
    at Function.executeUserEntryPoint [as runMain] (node:internal/modules/run_main:81:12)
    at node:internal/main/run_main_module:22:47 {
  code: 'MODULE_NOT_FOUND',
  requireStack: []
}
[2025-11-24T03:59:13.852Z] lib/fetch-move-data.js failed with exit code 1
[2025-11-24T03:59:13.852Z] Running lib/fetch-srf-data.js...
[2025-11-24T03:59:13.880Z] [lib/fetch-srf-data.js] ERROR: node:internal/modules/cjs/loader:1031
  throw err;
  ^

Error: Cannot find module '/home/runner/work/liquiditydashboard/liquiditydashboard/web/lib/fetch-srf-data.js'
    at Function.Module._resolveFilename (node:internal/modules/cjs/loader:1028:15)
    at Function.Module._load (node:internal/modules/cjs/loader:873:27)
    at Function.executeUserEntryPoint [as runMain] (node:internal/modules/run_main:81:12)
    at node:internal/main/run_main_module:22:47 {
  code: 'MODULE_NOT_FOUND',
  requireStack: []
}
[2025-11-24T03:59:13.882Z] lib/fetch-srf-data.js failed with exit code 1
[2025-11-24T03:59:13.882Z] Running lib/fetch-bill-share-data.js...
[2025-11-24T03:59:13.910Z] [lib/fetch-bill-share-data.js] ERROR: node:internal/modules/cjs/loader:1031
  throw err;
  ^

Error: Cannot find module '/home/runner/work/liquiditydashboard/liquiditydashboard/web/lib/fetch-bill-share-data.js'
    at Function.Module._resolveFilename (node:internal/modules/cjs/loader:1028:15)
    at Function.Module._load (node:internal/modules/cjs/loader:873:27)
    at Function.executeUserEntryPoint [as runMain] (node:internal/modules/run_main:81:12)
    at node:internal/main/run_main_module:22:47 {
  code: 'MODULE_NOT_FOUND',
  requireStack: []
}
[2025-11-24T03:59:13.912Z] lib/fetch-bill-share-data.js failed with exit code 1
[2025-11-24T03:59:13.912Z] Running lib/cleanup-future-dates.js...
[2025-11-24T03:59:13.988Z] [lib/cleanup-future-dates.js] Starting data cleanup process...
[2025-11-24T03:59:14.375Z] [lib/cleanup-future-dates.js] WorldTimeAPI failed, trying alternative source
[2025-11-24T03:59:15.183Z] [lib/cleanup-future-dates.js] Using TimeAPI date: 2025-11-24T03:59:15.1020056
[2025-11-24T03:59:15.183Z] [lib/cleanup-future-dates.js] Using reference date: 2025-11-24
[2025-11-24T03:59:15.183Z] [lib/cleanup-future-dates.js] Processing MOVE index data (/home/runner/work/liquiditydashboard/liquiditydashboard/web/public/series/move.json)...
[2025-11-24T03:59:15.193Z] [lib/cleanup-future-dates.js] Loaded 111 MOVE index data points
[2025-11-24T03:59:15.194Z] [lib/cleanup-future-dates.js] No future-dated entries found in MOVE index data
[2025-11-24T03:59:15.194Z] [lib/cleanup-future-dates.js] Processing SRF data (/home/runner/work/liquiditydashboard/liquiditydashboard/web/public/series/srf.json)...
[2025-11-24T03:59:15.195Z] [lib/cleanup-future-dates.js] Loaded 1017 SRF data points
[2025-11-24T03:59:15.196Z] [lib/cleanup-future-dates.js] No future-dated entries found in SRF data
[2025-11-24T03:59:15.196Z] [lib/cleanup-future-dates.js] Processing Treasury bill share data (/home/runner/work/liquiditydashboard/liquiditydashboard/web/public/series/bill-share.json)...
[2025-11-24T03:59:15.197Z] [lib/cleanup-future-dates.js] Loaded 282 Treasury bill share data points
[2025-11-24T03:59:15.197Z] [lib/cleanup-future-dates.js] No future-dated entries found in Treasury bill share data

Cleanup complete! Removed 0 future-dated entries in total.
[2025-11-24T03:59:15.197Z] [lib/cleanup-future-dates.js] Data cleanup completed with no changes needed
[2025-11-24T03:59:15.201Z] lib/cleanup-future-dates.js completed successfully
[2025-11-24T03:59:15.201Z] Running lib/validate-data.js...
[2025-11-24T03:59:15.279Z] [lib/validate-data.js] Running data validation...
[2025-11-24T03:59:15.280Z] [lib/validate-data.js] Validating MOVE index data...
[2025-11-24T03:59:15.280Z] [lib/validate-data.js] Found 111 MOVE data points
[2025-11-24T03:59:15.461Z] [lib/validate-data.js] Using WorldTimeAPI date: 2025-11-24T03:59:15.417714+00:00
[2025-11-24T03:59:15.462Z] [lib/validate-data.js] Using reference date: 2025-11-24
[2025-11-24T03:59:15.462Z] [lib/validate-data.js] MOVE index data validation passed ✓
[2025-11-24T03:59:15.462Z] [lib/validate-data.js] Validating SRF data...
[2025-11-24T03:59:15.463Z] [lib/validate-data.js] Found 1017 SRF data points
[2025-11-24T03:59:15.622Z] [lib/validate-data.js] WorldTimeAPI failed, trying alternative source
[2025-11-24T03:59:16.230Z] [lib/validate-data.js] Using TimeAPI date: 2025-11-24T03:59:16.1580688
[2025-11-24T03:59:16.231Z] [lib/validate-data.js] SRF data validation passed ✓
[2025-11-24T03:59:16.231Z] [lib/validate-data.js] Validating Treasury funding data...
[2025-11-24T03:59:16.232Z] [lib/validate-data.js] Found 282 Treasury funding data points
[2025-11-24T03:59:16.232Z] [lib/validate-data.js] Treasury funding data validation passed ✓
[2025-11-24T03:59:16.232Z] [lib/validate-data.js] All data validation passed ✓
[2025-11-24T03:59:16.235Z] lib/validate-data.js completed successfully
[2025-11-24T03:59:16.235Z] Dashboard update process completed successfully
