[2026-03-26T05:12:40.706Z] Starting Liquidity Dashboard update process
[2026-03-26T05:12:40.708Z] Running lib/data-backup.js...
[2026-03-26T05:12:40.739Z] [lib/data-backup.js] ERROR: node:internal/modules/cjs/loader:1031
  throw err;
  ^

Error: Cannot find module '/home/runner/work/liquiditydashboard/liquiditydashboard/web/lib/data-backup.js'
    at Function.Module._resolveFilename (node:internal/modules/cjs/loader:1028:15)
    at Function.Module._load (node:internal/modules/cjs/loader:873:27)
    at Function.executeUserEntryPoint [as runMain] (node:internal/modules/run_main:81:12)
    at node:internal/main/run_main_module:22:47 {
  code: 'MODULE_NOT_FOUND',
  requireStack: []
}
[2026-03-26T05:12:40.742Z] lib/data-backup.js failed with exit code 1
[2026-03-26T05:12:40.742Z] Running lib/data-backup.js clean...
[2026-03-26T05:12:40.772Z] [lib/data-backup.js clean] ERROR: node:internal/modules/cjs/loader:1031
  throw err;
  ^

Error: Cannot find module '/home/runner/work/liquiditydashboard/liquiditydashboard/web/lib/data-backup.js'
    at Function.Module._resolveFilename (node:internal/modules/cjs/loader:1028:15)
    at Function.Module._load (node:internal/modules/cjs/loader:873:27)
    at Function.executeUserEntryPoint [as runMain] (node:internal/modules/run_main:81:12)
    at node:internal/main/run_main_module:22:47 {
  code: 'MODULE_NOT_FOUND',
  requireStack: []
}
[2026-03-26T05:12:40.774Z] lib/data-backup.js clean failed with exit code 1
[2026-03-26T05:12:40.774Z] Running lib/import-historical-move-data.js...
[2026-03-26T05:12:40.804Z] [lib/import-historical-move-data.js] ERROR: node:internal/modules/cjs/loader:1031
  throw err;
  ^

Error: Cannot find module '/home/runner/work/liquiditydashboard/liquiditydashboard/web/lib/import-historical-move-data.js'
    at Function.Module._resolveFilename (node:internal/modules/cjs/loader:1028:15)
    at Function.Module._load (node:internal/modules/cjs/loader:873:27)
    at Function.executeUserEntryPoint [as runMain] (node:internal/modules/run_main:81:12)
    at node:internal/main/run_main_module:22:47 {
  code: 'MODULE_NOT_FOUND',
  requireStack: []
}
[2026-03-26T05:12:40.806Z] lib/import-historical-move-data.js failed with exit code 1
[2026-03-26T05:12:40.807Z] Running lib/fetch-move-data.js...
[2026-03-26T05:12:40.838Z] [lib/fetch-move-data.js] ERROR: node:internal/modules/cjs/loader:1031
  throw err;
  ^

Error: Cannot find module '/home/runner/work/liquiditydashboard/liquiditydashboard/web/lib/fetch-move-data.js'
    at Function.Module._resolveFilename (node:internal/modules/cjs/loader:1028:15)
    at Function.Module._load (node:internal/modules/cjs/loader:873:27)
    at Function.executeUserEntryPoint [as runMain] (node:internal/modules/run_main:81:12)
    at node:internal/main/run_main_module:22:47 {
  code: 'MODULE_NOT_FOUND',
  requireStack: []
}
[2026-03-26T05:12:40.840Z] lib/fetch-move-data.js failed with exit code 1
[2026-03-26T05:12:40.840Z] Running lib/fetch-srf-data.js...
[2026-03-26T05:12:40.870Z] [lib/fetch-srf-data.js] ERROR: node:internal/modules/cjs/loader:1031
  throw err;
  ^

Error: Cannot find module '/home/runner/work/liquiditydashboard/liquiditydashboard/web/lib/fetch-srf-data.js'
    at Function.Module._resolveFilename (node:internal/modules/cjs/loader:1028:15)
    at Function.Module._load (node:internal/modules/cjs/loader:873:27)
    at Function.executeUserEntryPoint [as runMain] (node:internal/modules/run_main:81:12)
    at node:internal/main/run_main_module:22:47 {
  code: 'MODULE_NOT_FOUND',
  requireStack: []
}
[2026-03-26T05:12:40.872Z] lib/fetch-srf-data.js failed with exit code 1
[2026-03-26T05:12:40.872Z] Running lib/fetch-bill-share-data.js...
[2026-03-26T05:12:40.902Z] [lib/fetch-bill-share-data.js] ERROR: node:internal/modules/cjs/loader:1031
  throw err;
  ^

Error: Cannot find module '/home/runner/work/liquiditydashboard/liquiditydashboard/web/lib/fetch-bill-share-data.js'
    at Function.Module._resolveFilename (node:internal/modules/cjs/loader:1028:15)
    at Function.Module._load (node:internal/modules/cjs/loader:873:27)
    at Function.executeUserEntryPoint [as runMain] (node:internal/modules/run_main:81:12)
    at node:internal/main/run_main_module:22:47 {
  code: 'MODULE_NOT_FOUND',
  requireStack: []
}
[2026-03-26T05:12:40.904Z] lib/fetch-bill-share-data.js failed with exit code 1
[2026-03-26T05:12:40.904Z] Running lib/cleanup-future-dates.js...
[2026-03-26T05:12:40.982Z] [lib/cleanup-future-dates.js] Starting data cleanup process...
[2026-03-26T05:12:41.072Z] [lib/cleanup-future-dates.js] WorldTimeAPI failed, trying alternative source
[2026-03-26T05:12:41.607Z] [lib/cleanup-future-dates.js] Using TimeAPI date: 2026-03-26T05:12:41.3819135
[2026-03-26T05:12:41.607Z] [lib/cleanup-future-dates.js] Using reference date: 2026-3-26
[2026-03-26T05:12:41.607Z] [lib/cleanup-future-dates.js] Processing MOVE index data (/home/runner/work/liquiditydashboard/liquiditydashboard/web/public/series/move.json)...
[2026-03-26T05:12:41.608Z] [lib/cleanup-future-dates.js] Loaded 111 MOVE index data points
[2026-03-26T05:12:41.608Z] [lib/cleanup-future-dates.js] No future-dated entries found in MOVE index data
[2026-03-26T05:12:41.608Z] [lib/cleanup-future-dates.js] Processing SRF data (/home/runner/work/liquiditydashboard/liquiditydashboard/web/public/series/srf.json)...
[2026-03-26T05:12:41.609Z] [lib/cleanup-future-dates.js] Loaded 1017 SRF data points
[2026-03-26T05:12:41.610Z] [lib/cleanup-future-dates.js] No future-dated entries found in SRF data
[2026-03-26T05:12:41.610Z] [lib/cleanup-future-dates.js] Processing Treasury bill share data (/home/runner/work/liquiditydashboard/liquiditydashboard/web/public/series/bill-share.json)...
[2026-03-26T05:12:41.610Z] [lib/cleanup-future-dates.js] Loaded 282 Treasury bill share data points
[2026-03-26T05:12:41.611Z] [lib/cleanup-future-dates.js] No future-dated entries found in Treasury bill share data
[2026-03-26T05:12:41.611Z] [lib/cleanup-future-dates.js] Cleanup complete! Removed 0 future-dated entries in total.
Data cleanup completed with no changes needed
[2026-03-26T05:12:41.614Z] lib/cleanup-future-dates.js completed successfully
[2026-03-26T05:12:41.614Z] Running lib/validate-data.js...
[2026-03-26T05:12:41.693Z] [lib/validate-data.js] Running data validation...
[2026-03-26T05:12:41.694Z] [lib/validate-data.js] Validating MOVE index data...
[2026-03-26T05:12:41.694Z] [lib/validate-data.js] Found 111 MOVE data points
[2026-03-26T05:12:41.806Z] [lib/validate-data.js] WorldTimeAPI failed, trying alternative source
[2026-03-26T05:12:42.423Z] [lib/validate-data.js] Using TimeAPI date: 2026-03-26T05:12:42.2014147
[2026-03-26T05:12:42.423Z] [lib/validate-data.js] Using reference date: 2026-3-26
[2026-03-26T05:12:42.424Z] [lib/validate-data.js] MOVE index data validation passed ✓
[2026-03-26T05:12:42.424Z] [lib/validate-data.js] Validating SRF data...
[2026-03-26T05:12:42.425Z] [lib/validate-data.js] Found 1017 SRF data points
[2026-03-26T05:12:42.524Z] [lib/validate-data.js] WorldTimeAPI failed, trying alternative source
[2026-03-26T05:12:42.975Z] [lib/validate-data.js] Using TimeAPI date: 2026-03-26T05:12:42.753974
[2026-03-26T05:12:42.977Z] [lib/validate-data.js] SRF data validation passed ✓
[2026-03-26T05:12:42.977Z] [lib/validate-data.js] Validating Treasury funding data...
[2026-03-26T05:12:42.978Z] [lib/validate-data.js] Found 282 Treasury funding data points
[2026-03-26T05:12:42.978Z] [lib/validate-data.js] Treasury funding data validation passed ✓
[2026-03-26T05:12:42.978Z] [lib/validate-data.js] All data validation passed ✓
[2026-03-26T05:12:42.981Z] lib/validate-data.js completed successfully
[2026-03-26T05:12:42.981Z] Dashboard update process completed successfully
