[2025-10-11T03:29:49.525Z] Starting Liquidity Dashboard update process
[2025-10-11T03:29:49.526Z] Running lib/data-backup.js...
[2025-10-11T03:29:49.555Z] [lib/data-backup.js] ERROR: node:internal/modules/cjs/loader:1031
  throw err;
  ^

Error: Cannot find module '/home/runner/work/liquiditydashboard/liquiditydashboard/web/lib/data-backup.js'
    at Function.Module._resolveFilename (node:internal/modules/cjs/loader:1028:15)
    at Function.Module._load (node:internal/modules/cjs/loader:873:27)
    at Function.executeUserEntryPoint [as runMain] (node:internal/modules/run_main:81:12)
    at node:internal/main/run_main_module:22:47 {
  code: 'MODULE_NOT_FOUND',
  requireStack: []
}
[2025-10-11T03:29:49.558Z] lib/data-backup.js failed with exit code 1
[2025-10-11T03:29:49.558Z] Running lib/data-backup.js clean...
[2025-10-11T03:29:49.585Z] [lib/data-backup.js clean] ERROR: node:internal/modules/cjs/loader:1031
  throw err;
  ^

Error: Cannot find module '/home/runner/work/liquiditydashboard/liquiditydashboard/web/lib/data-backup.js'
    at Function.Module._resolveFilename (node:internal/modules/cjs/loader:1028:15)
    at Function.Module._load (node:internal/modules/cjs/loader:873:27)
    at Function.executeUserEntryPoint [as runMain] (node:internal/modules/run_main:81:12)
    at node:internal/main/run_main_module:22:47 {
  code: 'MODULE_NOT_FOUND',
  requireStack: []
}
[2025-10-11T03:29:49.587Z] lib/data-backup.js clean failed with exit code 1
[2025-10-11T03:29:49.588Z] Running lib/import-historical-move-data.js...
[2025-10-11T03:29:49.616Z] [lib/import-historical-move-data.js] ERROR: node:internal/modules/cjs/loader:1031
  throw err;
  ^

Error: Cannot find module '/home/runner/work/liquiditydashboard/liquiditydashboard/web/lib/import-historical-move-data.js'
    at Function.Module._resolveFilename (node:internal/modules/cjs/loader:1028:15)
    at Function.Module._load (node:internal/modules/cjs/loader:873:27)
    at Function.executeUserEntryPoint [as runMain] (node:internal/modules/run_main:81:12)
    at node:internal/main/run_main_module:22:47 {
  code: 'MODULE_NOT_FOUND',
  requireStack: []
}
[2025-10-11T03:29:49.618Z] lib/import-historical-move-data.js failed with exit code 1
[2025-10-11T03:29:49.618Z] Running lib/fetch-move-data.js...
[2025-10-11T03:29:49.645Z] [lib/fetch-move-data.js] ERROR: node:internal/modules/cjs/loader:1031
  throw err;
  ^

Error: Cannot find module '/home/runner/work/liquiditydashboard/liquiditydashboard/web/lib/fetch-move-data.js'
    at Function.Module._resolveFilename (node:internal/modules/cjs/loader:1028:15)
    at Function.Module._load (node:internal/modules/cjs/loader:873:27)
    at Function.executeUserEntryPoint [as runMain] (node:internal/modules/run_main:81:12)
    at node:internal/main/run_main_module:22:47 {
  code: 'MODULE_NOT_FOUND',
  requireStack: []
}
[2025-10-11T03:29:49.648Z] lib/fetch-move-data.js failed with exit code 1
[2025-10-11T03:29:49.648Z] Running lib/fetch-srf-data.js...
[2025-10-11T03:29:49.676Z] [lib/fetch-srf-data.js] ERROR: node:internal/modules/cjs/loader:1031
  throw err;
  ^

Error: Cannot find module '/home/runner/work/liquiditydashboard/liquiditydashboard/web/lib/fetch-srf-data.js'
    at Function.Module._resolveFilename (node:internal/modules/cjs/loader:1028:15)
    at Function.Module._load (node:internal/modules/cjs/loader:873:27)
    at Function.executeUserEntryPoint [as runMain] (node:internal/modules/run_main:81:12)
    at node:internal/main/run_main_module:22:47 {
  code: 'MODULE_NOT_FOUND',
  requireStack: []
}
[2025-10-11T03:29:49.678Z] lib/fetch-srf-data.js failed with exit code 1
[2025-10-11T03:29:49.679Z] Running lib/fetch-bill-share-data.js...
[2025-10-11T03:29:49.707Z] [lib/fetch-bill-share-data.js] ERROR: node:internal/modules/cjs/loader:1031
  throw err;
  ^

Error: Cannot find module '/home/runner/work/liquiditydashboard/liquiditydashboard/web/lib/fetch-bill-share-data.js'
    at Function.Module._resolveFilename (node:internal/modules/cjs/loader:1028:15)
    at Function.Module._load (node:internal/modules/cjs/loader:873:27)
    at Function.executeUserEntryPoint [as runMain] (node:internal/modules/run_main:81:12)
    at node:internal/main/run_main_module:22:47 {
  code: 'MODULE_NOT_FOUND',
  requireStack: []
}
[2025-10-11T03:29:49.709Z] lib/fetch-bill-share-data.js failed with exit code 1
[2025-10-11T03:29:49.710Z] Running lib/cleanup-future-dates.js...
[2025-10-11T03:29:49.784Z] [lib/cleanup-future-dates.js] Starting data cleanup process...
[2025-10-11T03:29:49.986Z] [lib/cleanup-future-dates.js] Using WorldTimeAPI date: 2025-10-11T03:29:49.964974+00:00
[2025-10-11T03:29:49.986Z] [lib/cleanup-future-dates.js] Using reference date: 2025-10-11
[2025-10-11T03:29:49.986Z] [lib/cleanup-future-dates.js] Processing MOVE index data (/home/runner/work/liquiditydashboard/liquiditydashboard/web/public/series/move.json)...
[2025-10-11T03:29:49.986Z] [lib/cleanup-future-dates.js] Loaded 111 MOVE index data points
[2025-10-11T03:29:49.987Z] [lib/cleanup-future-dates.js] No future-dated entries found in MOVE index data
[2025-10-11T03:29:49.987Z] [lib/cleanup-future-dates.js] Processing SRF data (/home/runner/work/liquiditydashboard/liquiditydashboard/web/public/series/srf.json)...
[2025-10-11T03:29:49.988Z] [lib/cleanup-future-dates.js] Loaded 1017 SRF data points
[2025-10-11T03:29:49.990Z] [lib/cleanup-future-dates.js] No future-dated entries found in SRF data
[2025-10-11T03:29:49.991Z] [lib/cleanup-future-dates.js] Processing Treasury bill share data (/home/runner/work/liquiditydashboard/liquiditydashboard/web/public/series/bill-share.json)...
[2025-10-11T03:29:49.991Z] [lib/cleanup-future-dates.js] Loaded 282 Treasury bill share data points
[2025-10-11T03:29:49.991Z] [lib/cleanup-future-dates.js] No future-dated entries found in Treasury bill share data
[2025-10-11T03:29:49.992Z] [lib/cleanup-future-dates.js] Cleanup complete! Removed 0 future-dated entries in total.
Data cleanup completed with no changes needed
[2025-10-11T03:29:49.995Z] lib/cleanup-future-dates.js completed successfully
[2025-10-11T03:29:49.995Z] Running lib/validate-data.js...
[2025-10-11T03:29:50.076Z] [lib/validate-data.js] Running data validation...
[2025-10-11T03:29:50.077Z] [lib/validate-data.js] Validating MOVE index data...
[2025-10-11T03:29:50.077Z] [lib/validate-data.js] Found 111 MOVE data points
[2025-10-11T03:29:50.157Z] [lib/validate-data.js] WorldTimeAPI failed, trying alternative source
[2025-10-11T03:29:50.740Z] [lib/validate-data.js] Using TimeAPI date: 2025-10-11T03:29:50.6826763
[2025-10-11T03:29:50.740Z] [lib/validate-data.js] Using reference date: 2025-10-11
[2025-10-11T03:29:50.740Z] [lib/validate-data.js] MOVE index data validation passed ✓
[2025-10-11T03:29:50.741Z] [lib/validate-data.js] Validating SRF data...
[2025-10-11T03:29:50.741Z] [lib/validate-data.js] Found 1017 SRF data points
[2025-10-11T03:29:50.882Z] [lib/validate-data.js] Using WorldTimeAPI date: 2025-10-11T03:29:50.869488+00:00
[2025-10-11T03:29:50.883Z] [lib/validate-data.js] SRF data validation passed ✓
[2025-10-11T03:29:50.883Z] [lib/validate-data.js] Validating Treasury funding data...
[2025-10-11T03:29:50.884Z] [lib/validate-data.js] Found 282 Treasury funding data points
[2025-10-11T03:29:50.884Z] [lib/validate-data.js] Treasury funding data validation passed ✓
[2025-10-11T03:29:50.884Z] [lib/validate-data.js] All data validation passed ✓
[2025-10-11T03:29:50.887Z] lib/validate-data.js completed successfully
[2025-10-11T03:29:50.887Z] Dashboard update process completed successfully
