[2025-07-23T04:04:17.478Z] Starting Liquidity Dashboard update process
[2025-07-23T04:04:17.480Z] Running lib/data-backup.js...
[2025-07-23T04:04:17.510Z] [lib/data-backup.js] ERROR: node:internal/modules/cjs/loader:1031
  throw err;
  ^

Error: Cannot find module '/home/runner/work/liquiditydashboard/liquiditydashboard/web/lib/data-backup.js'
    at Function.Module._resolveFilename (node:internal/modules/cjs/loader:1028:15)
    at Function.Module._load (node:internal/modules/cjs/loader:873:27)
    at Function.executeUserEntryPoint [as runMain] (node:internal/modules/run_main:81:12)
    at node:internal/main/run_main_module:22:47 {
  code: 'MODULE_NOT_FOUND',
  requireStack: []
}
[2025-07-23T04:04:17.513Z] lib/data-backup.js failed with exit code 1
[2025-07-23T04:04:17.513Z] Running lib/data-backup.js clean...
[2025-07-23T04:04:17.542Z] [lib/data-backup.js clean] ERROR: node:internal/modules/cjs/loader:1031
  throw err;
  ^

Error: Cannot find module '/home/runner/work/liquiditydashboard/liquiditydashboard/web/lib/data-backup.js'
    at Function.Module._resolveFilename (node:internal/modules/cjs/loader:1028:15)
    at Function.Module._load (node:internal/modules/cjs/loader:873:27)
    at Function.executeUserEntryPoint [as runMain] (node:internal/modules/run_main:81:12)
    at node:internal/main/run_main_module:22:47 {
  code: 'MODULE_NOT_FOUND',
  requireStack: []
}
[2025-07-23T04:04:17.545Z] lib/data-backup.js clean failed with exit code 1
[2025-07-23T04:04:17.545Z] Running lib/import-historical-move-data.js...
[2025-07-23T04:04:17.574Z] [lib/import-historical-move-data.js] ERROR: node:internal/modules/cjs/loader:1031
  throw err;
  ^

Error: Cannot find module '/home/runner/work/liquiditydashboard/liquiditydashboard/web/lib/import-historical-move-data.js'
    at Function.Module._resolveFilename (node:internal/modules/cjs/loader:1028:15)
    at Function.Module._load (node:internal/modules/cjs/loader:873:27)
    at Function.executeUserEntryPoint [as runMain] (node:internal/modules/run_main:81:12)
    at node:internal/main/run_main_module:22:47 {
  code: 'MODULE_NOT_FOUND',
  requireStack: []
}
[2025-07-23T04:04:17.576Z] lib/import-historical-move-data.js failed with exit code 1
[2025-07-23T04:04:17.576Z] Running lib/fetch-move-data.js...
[2025-07-23T04:04:17.605Z] [lib/fetch-move-data.js] ERROR: node:internal/modules/cjs/loader:1031
  throw err;
  ^

Error: Cannot find module '/home/runner/work/liquiditydashboard/liquiditydashboard/web/lib/fetch-move-data.js'
    at Function.Module._resolveFilename (node:internal/modules/cjs/loader:1028:15)
    at Function.Module._load (node:internal/modules/cjs/loader:873:27)
    at Function.executeUserEntryPoint [as runMain] (node:internal/modules/run_main:81:12)
    at node:internal/main/run_main_module:22:47 {
  code: 'MODULE_NOT_FOUND',
  requireStack: []
}
[2025-07-23T04:04:17.608Z] lib/fetch-move-data.js failed with exit code 1
[2025-07-23T04:04:17.608Z] Running lib/fetch-srf-data.js...
[2025-07-23T04:04:17.638Z] [lib/fetch-srf-data.js] ERROR: node:internal/modules/cjs/loader:1031
  throw err;
  ^

Error: Cannot find module '/home/runner/work/liquiditydashboard/liquiditydashboard/web/lib/fetch-srf-data.js'
    at Function.Module._resolveFilename (node:internal/modules/cjs/loader:1028:15)
    at Function.Module._load (node:internal/modules/cjs/loader:873:27)
    at Function.executeUserEntryPoint [as runMain] (node:internal/modules/run_main:81:12)
    at node:internal/main/run_main_module:22:47 {
  code: 'MODULE_NOT_FOUND',
  requireStack: []
}
[2025-07-23T04:04:17.641Z] lib/fetch-srf-data.js failed with exit code 1
[2025-07-23T04:04:17.641Z] Running lib/fetch-bill-share-data.js...
[2025-07-23T04:04:17.671Z] [lib/fetch-bill-share-data.js] ERROR: node:internal/modules/cjs/loader:1031
  throw err;
  ^

Error: Cannot find module '/home/runner/work/liquiditydashboard/liquiditydashboard/web/lib/fetch-bill-share-data.js'
    at Function.Module._resolveFilename (node:internal/modules/cjs/loader:1028:15)
    at Function.Module._load (node:internal/modules/cjs/loader:873:27)
    at Function.executeUserEntryPoint [as runMain] (node:internal/modules/run_main:81:12)
    at node:internal/main/run_main_module:22:47 {
  code: 'MODULE_NOT_FOUND',
  requireStack: []
}
[2025-07-23T04:04:17.673Z] lib/fetch-bill-share-data.js failed with exit code 1
[2025-07-23T04:04:17.673Z] Running lib/cleanup-future-dates.js...
[2025-07-23T04:04:17.753Z] [lib/cleanup-future-dates.js] Starting data cleanup process...
[2025-07-23T04:04:18.318Z] [lib/cleanup-future-dates.js] Using WorldTimeAPI date: 2025-07-23T04:04:18.303408+00:00
[2025-07-23T04:04:18.318Z] [lib/cleanup-future-dates.js] Using reference date: 2025-7-23
[2025-07-23T04:04:18.319Z] [lib/cleanup-future-dates.js] Processing MOVE index data (/home/runner/work/liquiditydashboard/liquiditydashboard/web/public/series/move.json)...
[2025-07-23T04:04:18.319Z] [lib/cleanup-future-dates.js] Loaded 111 MOVE index data points
[2025-07-23T04:04:18.319Z] [lib/cleanup-future-dates.js] No future-dated entries found in MOVE index data
[2025-07-23T04:04:18.320Z] [lib/cleanup-future-dates.js] Processing SRF data (/home/runner/work/liquiditydashboard/liquiditydashboard/web/public/series/srf.json)...
[2025-07-23T04:04:18.320Z] [lib/cleanup-future-dates.js] Loaded 1017 SRF data points
[2025-07-23T04:04:18.321Z] [lib/cleanup-future-dates.js] No future-dated entries found in SRF data
[2025-07-23T04:04:18.321Z] [lib/cleanup-future-dates.js] Processing Treasury bill share data (/home/runner/work/liquiditydashboard/liquiditydashboard/web/public/series/bill-share.json)...
[2025-07-23T04:04:18.321Z] [lib/cleanup-future-dates.js] Loaded 282 Treasury bill share data points
[2025-07-23T04:04:18.322Z] [lib/cleanup-future-dates.js] No future-dated entries found in Treasury bill share data
[2025-07-23T04:04:18.322Z] [lib/cleanup-future-dates.js] Cleanup complete! Removed 0 future-dated entries in total.
Data cleanup completed with no changes needed
[2025-07-23T04:04:18.325Z] lib/cleanup-future-dates.js completed successfully
[2025-07-23T04:04:18.325Z] Running lib/validate-data.js...
[2025-07-23T04:04:18.401Z] [lib/validate-data.js] Running data validation...
[2025-07-23T04:04:18.401Z] [lib/validate-data.js] Validating MOVE index data...
[2025-07-23T04:04:18.402Z] [lib/validate-data.js] Found 111 MOVE data points
[2025-07-23T04:04:18.515Z] [lib/validate-data.js] WorldTimeAPI failed, trying alternative source
[2025-07-23T04:04:19.145Z] [lib/validate-data.js] Using TimeAPI date: 2025-07-23T04:04:19.08516
[2025-07-23T04:04:19.145Z] [lib/validate-data.js] Using reference date: 2025-7-23
[2025-07-23T04:04:19.146Z] [lib/validate-data.js] MOVE index data validation passed ✓
[2025-07-23T04:04:19.146Z] [lib/validate-data.js] Validating SRF data...
[2025-07-23T04:04:19.146Z] [lib/validate-data.js] Found 1017 SRF data points
[2025-07-23T04:04:19.226Z] [lib/validate-data.js] WorldTimeAPI failed, trying alternative source
[2025-07-23T04:04:19.701Z] [lib/validate-data.js] Using TimeAPI date: 2025-07-23T04:04:19.6482414
[2025-07-23T04:04:19.703Z] [lib/validate-data.js] SRF data validation passed ✓
[2025-07-23T04:04:19.703Z] [lib/validate-data.js] Validating Treasury funding data...
[2025-07-23T04:04:19.703Z] [lib/validate-data.js] Found 282 Treasury funding data points
[2025-07-23T04:04:19.703Z] [lib/validate-data.js] Treasury funding data validation passed ✓
[2025-07-23T04:04:19.703Z] [lib/validate-data.js] All data validation passed ✓
[2025-07-23T04:04:19.707Z] lib/validate-data.js completed successfully
[2025-07-23T04:04:19.707Z] Dashboard update process completed successfully
