[2026-05-12T06:18:31.400Z] Starting Liquidity Dashboard update process
[2026-05-12T06:18:31.402Z] Running lib/data-backup.js...
[2026-05-12T06:18:31.432Z] [lib/data-backup.js] ERROR: node:internal/modules/cjs/loader:1031
  throw err;
  ^

Error: Cannot find module '/home/runner/work/liquiditydashboard/liquiditydashboard/web/lib/data-backup.js'
    at Function.Module._resolveFilename (node:internal/modules/cjs/loader:1028:15)
    at Function.Module._load (node:internal/modules/cjs/loader:873:27)
    at Function.executeUserEntryPoint [as runMain] (node:internal/modules/run_main:81:12)
    at node:internal/main/run_main_module:22:47 {
  code: 'MODULE_NOT_FOUND',
  requireStack: []
}
[2026-05-12T06:18:31.434Z] lib/data-backup.js failed with exit code 1
[2026-05-12T06:18:31.434Z] Running lib/data-backup.js clean...
[2026-05-12T06:18:31.463Z] [lib/data-backup.js clean] ERROR: node:internal/modules/cjs/loader:1031
  throw err;
  ^

Error: Cannot find module '/home/runner/work/liquiditydashboard/liquiditydashboard/web/lib/data-backup.js'
    at Function.Module._resolveFilename (node:internal/modules/cjs/loader:1028:15)
    at Function.Module._load (node:internal/modules/cjs/loader:873:27)
    at Function.executeUserEntryPoint [as runMain] (node:internal/modules/run_main:81:12)
    at node:internal/main/run_main_module:22:47 {
  code: 'MODULE_NOT_FOUND',
  requireStack: []
}
[2026-05-12T06:18:31.465Z] lib/data-backup.js clean failed with exit code 1
[2026-05-12T06:18:31.465Z] Running lib/import-historical-move-data.js...
[2026-05-12T06:18:31.493Z] [lib/import-historical-move-data.js] ERROR: node:internal/modules/cjs/loader:1031
  throw err;
  ^

Error: Cannot find module '/home/runner/work/liquiditydashboard/liquiditydashboard/web/lib/import-historical-move-data.js'
    at Function.Module._resolveFilename (node:internal/modules/cjs/loader:1028:15)
    at Function.Module._load (node:internal/modules/cjs/loader:873:27)
    at Function.executeUserEntryPoint [as runMain] (node:internal/modules/run_main:81:12)
    at node:internal/main/run_main_module:22:47 {
  code: 'MODULE_NOT_FOUND',
  requireStack: []
}
[2026-05-12T06:18:31.495Z] lib/import-historical-move-data.js failed with exit code 1
[2026-05-12T06:18:31.495Z] Running lib/fetch-move-data.js...
[2026-05-12T06:18:31.524Z] [lib/fetch-move-data.js] ERROR: node:internal/modules/cjs/loader:1031
  throw err;
  ^

Error: Cannot find module '/home/runner/work/liquiditydashboard/liquiditydashboard/web/lib/fetch-move-data.js'
    at Function.Module._resolveFilename (node:internal/modules/cjs/loader:1028:15)
    at Function.Module._load (node:internal/modules/cjs/loader:873:27)
    at Function.executeUserEntryPoint [as runMain] (node:internal/modules/run_main:81:12)
    at node:internal/main/run_main_module:22:47 {
  code: 'MODULE_NOT_FOUND',
  requireStack: []
}
[2026-05-12T06:18:31.526Z] lib/fetch-move-data.js failed with exit code 1
[2026-05-12T06:18:31.526Z] Running lib/fetch-srf-data.js...
[2026-05-12T06:18:31.555Z] [lib/fetch-srf-data.js] ERROR: node:internal/modules/cjs/loader:1031
  throw err;
  ^

Error: Cannot find module '/home/runner/work/liquiditydashboard/liquiditydashboard/web/lib/fetch-srf-data.js'
    at Function.Module._resolveFilename (node:internal/modules/cjs/loader:1028:15)
    at Function.Module._load (node:internal/modules/cjs/loader:873:27)
    at Function.executeUserEntryPoint [as runMain] (node:internal/modules/run_main:81:12)
    at node:internal/main/run_main_module:22:47 {
  code: 'MODULE_NOT_FOUND',
  requireStack: []
}
[2026-05-12T06:18:31.557Z] lib/fetch-srf-data.js failed with exit code 1
[2026-05-12T06:18:31.557Z] Running lib/fetch-bill-share-data.js...
[2026-05-12T06:18:31.587Z] [lib/fetch-bill-share-data.js] ERROR: node:internal/modules/cjs/loader:1031
  throw err;
  ^

Error: Cannot find module '/home/runner/work/liquiditydashboard/liquiditydashboard/web/lib/fetch-bill-share-data.js'
    at Function.Module._resolveFilename (node:internal/modules/cjs/loader:1028:15)
    at Function.Module._load (node:internal/modules/cjs/loader:873:27)
    at Function.executeUserEntryPoint [as runMain] (node:internal/modules/run_main:81:12)
    at node:internal/main/run_main_module:22:47 {
  code: 'MODULE_NOT_FOUND',
  requireStack: []
}
[2026-05-12T06:18:31.589Z] lib/fetch-bill-share-data.js failed with exit code 1
[2026-05-12T06:18:31.589Z] Running lib/cleanup-future-dates.js...
[2026-05-12T06:18:31.667Z] [lib/cleanup-future-dates.js] Starting data cleanup process...
[2026-05-12T06:18:31.859Z] [lib/cleanup-future-dates.js] WorldTimeAPI failed, trying alternative source
[2026-05-12T06:18:32.561Z] [lib/cleanup-future-dates.js] Using TimeAPI date: 2026-05-12T06:18:31.9141207
[2026-05-12T06:18:32.561Z] [lib/cleanup-future-dates.js] Using reference date: 2026-5-12
[2026-05-12T06:18:32.561Z] [lib/cleanup-future-dates.js] Processing MOVE index data (/home/runner/work/liquiditydashboard/liquiditydashboard/web/public/series/move.json)...
[2026-05-12T06:18:32.562Z] [lib/cleanup-future-dates.js] Loaded 111 MOVE index data points
[2026-05-12T06:18:32.562Z] [lib/cleanup-future-dates.js] No future-dated entries found in MOVE index data
[2026-05-12T06:18:32.562Z] [lib/cleanup-future-dates.js] Processing SRF data (/home/runner/work/liquiditydashboard/liquiditydashboard/web/public/series/srf.json)...
[2026-05-12T06:18:32.563Z] [lib/cleanup-future-dates.js] Loaded 1017 SRF data points
[2026-05-12T06:18:32.564Z] [lib/cleanup-future-dates.js] No future-dated entries found in SRF data
[2026-05-12T06:18:32.564Z] [lib/cleanup-future-dates.js] Processing Treasury bill share data (/home/runner/work/liquiditydashboard/liquiditydashboard/web/public/series/bill-share.json)...
[2026-05-12T06:18:32.565Z] [lib/cleanup-future-dates.js] Loaded 282 Treasury bill share data points
[2026-05-12T06:18:32.565Z] [lib/cleanup-future-dates.js] No future-dated entries found in Treasury bill share data
[2026-05-12T06:18:32.565Z] [lib/cleanup-future-dates.js] Cleanup complete! Removed 0 future-dated entries in total.
Data cleanup completed with no changes needed
[2026-05-12T06:18:32.568Z] lib/cleanup-future-dates.js completed successfully
[2026-05-12T06:18:32.568Z] Running lib/validate-data.js...
[2026-05-12T06:18:32.654Z] [lib/validate-data.js] Running data validation...
[2026-05-12T06:18:32.655Z] [lib/validate-data.js] Validating MOVE index data...
[2026-05-12T06:18:32.655Z] [lib/validate-data.js] Found 111 MOVE data points
[2026-05-12T06:18:32.732Z] [lib/validate-data.js] WorldTimeAPI failed, trying alternative source
[2026-05-12T06:18:33.860Z] [lib/validate-data.js] Using TimeAPI date: 2026-05-12T06:18:33.2146092
[2026-05-12T06:18:33.860Z] [lib/validate-data.js] Using reference date: 2026-5-12
[2026-05-12T06:18:33.861Z] [lib/validate-data.js] MOVE index data validation passed ✓
[2026-05-12T06:18:33.861Z] [lib/validate-data.js] Validating SRF data...
[2026-05-12T06:18:33.862Z] [lib/validate-data.js] Found 1017 SRF data points
[2026-05-12T06:18:33.963Z] [lib/validate-data.js] WorldTimeAPI failed, trying alternative source
[2026-05-12T06:18:34.647Z] [lib/validate-data.js] Using TimeAPI date: 2026-05-12T06:18:34.0038704
[2026-05-12T06:18:34.648Z] [lib/validate-data.js] SRF data validation passed ✓
[2026-05-12T06:18:34.648Z] [lib/validate-data.js] Validating Treasury funding data...
[2026-05-12T06:18:34.649Z] [lib/validate-data.js] Found 282 Treasury funding data points
[2026-05-12T06:18:34.649Z] [lib/validate-data.js] Treasury funding data validation passed ✓
[2026-05-12T06:18:34.649Z] [lib/validate-data.js] All data validation passed ✓
[2026-05-12T06:18:34.652Z] lib/validate-data.js completed successfully
[2026-05-12T06:18:34.652Z] Dashboard update process completed successfully
