[2026-01-01T04:13:28.744Z] Starting Liquidity Dashboard update process
[2026-01-01T04:13:28.745Z] Running lib/data-backup.js...
[2026-01-01T04:13:28.774Z] [lib/data-backup.js] ERROR: node:internal/modules/cjs/loader:1031
  throw err;
  ^

Error: Cannot find module '/home/runner/work/liquiditydashboard/liquiditydashboard/web/lib/data-backup.js'
    at Function.Module._resolveFilename (node:internal/modules/cjs/loader:1028:15)
    at Function.Module._load (node:internal/modules/cjs/loader:873:27)
    at Function.executeUserEntryPoint [as runMain] (node:internal/modules/run_main:81:12)
    at node:internal/main/run_main_module:22:47 {
  code: 'MODULE_NOT_FOUND',
  requireStack: []
}
[2026-01-01T04:13:28.777Z] lib/data-backup.js failed with exit code 1
[2026-01-01T04:13:28.777Z] Running lib/data-backup.js clean...
[2026-01-01T04:13:28.804Z] [lib/data-backup.js clean] ERROR: node:internal/modules/cjs/loader:1031
  throw err;
  ^

Error: Cannot find module '/home/runner/work/liquiditydashboard/liquiditydashboard/web/lib/data-backup.js'
    at Function.Module._resolveFilename (node:internal/modules/cjs/loader:1028:15)
    at Function.Module._load (node:internal/modules/cjs/loader:873:27)
    at Function.executeUserEntryPoint [as runMain] (node:internal/modules/run_main:81:12)
    at node:internal/main/run_main_module:22:47 {
  code: 'MODULE_NOT_FOUND',
  requireStack: []
}
[2026-01-01T04:13:28.806Z] lib/data-backup.js clean failed with exit code 1
[2026-01-01T04:13:28.806Z] Running lib/import-historical-move-data.js...
[2026-01-01T04:13:28.833Z] [lib/import-historical-move-data.js] ERROR: node:internal/modules/cjs/loader:1031
  throw err;
  ^

Error: Cannot find module '/home/runner/work/liquiditydashboard/liquiditydashboard/web/lib/import-historical-move-data.js'
    at Function.Module._resolveFilename (node:internal/modules/cjs/loader:1028:15)
    at Function.Module._load (node:internal/modules/cjs/loader:873:27)
    at Function.executeUserEntryPoint [as runMain] (node:internal/modules/run_main:81:12)
    at node:internal/main/run_main_module:22:47 {
  code: 'MODULE_NOT_FOUND',
  requireStack: []
}
[2026-01-01T04:13:28.834Z] lib/import-historical-move-data.js failed with exit code 1
[2026-01-01T04:13:28.835Z] Running lib/fetch-move-data.js...
[2026-01-01T04:13:28.862Z] [lib/fetch-move-data.js] ERROR: node:internal/modules/cjs/loader:1031
  throw err;
  ^

Error: Cannot find module '/home/runner/work/liquiditydashboard/liquiditydashboard/web/lib/fetch-move-data.js'
    at Function.Module._resolveFilename (node:internal/modules/cjs/loader:1028:15)
    at Function.Module._load (node:internal/modules/cjs/loader:873:27)
    at Function.executeUserEntryPoint [as runMain] (node:internal/modules/run_main:81:12)
    at node:internal/main/run_main_module:22:47 {
  code: 'MODULE_NOT_FOUND',
  requireStack: []
}
[2026-01-01T04:13:28.864Z] lib/fetch-move-data.js failed with exit code 1
[2026-01-01T04:13:28.864Z] Running lib/fetch-srf-data.js...
[2026-01-01T04:13:28.891Z] [lib/fetch-srf-data.js] ERROR: node:internal/modules/cjs/loader:1031
  throw err;
  ^

Error: Cannot find module '/home/runner/work/liquiditydashboard/liquiditydashboard/web/lib/fetch-srf-data.js'
    at Function.Module._resolveFilename (node:internal/modules/cjs/loader:1028:15)
    at Function.Module._load (node:internal/modules/cjs/loader:873:27)
    at Function.executeUserEntryPoint [as runMain] (node:internal/modules/run_main:81:12)
    at node:internal/main/run_main_module:22:47 {
  code: 'MODULE_NOT_FOUND',
  requireStack: []
}
[2026-01-01T04:13:28.892Z] lib/fetch-srf-data.js failed with exit code 1
[2026-01-01T04:13:28.893Z] Running lib/fetch-bill-share-data.js...
[2026-01-01T04:13:28.920Z] [lib/fetch-bill-share-data.js] ERROR: node:internal/modules/cjs/loader:1031
  throw err;
  ^

Error: Cannot find module '/home/runner/work/liquiditydashboard/liquiditydashboard/web/lib/fetch-bill-share-data.js'
    at Function.Module._resolveFilename (node:internal/modules/cjs/loader:1028:15)
    at Function.Module._load (node:internal/modules/cjs/loader:873:27)
    at Function.executeUserEntryPoint [as runMain] (node:internal/modules/run_main:81:12)
    at node:internal/main/run_main_module:22:47 {
  code: 'MODULE_NOT_FOUND',
  requireStack: []
}
[2026-01-01T04:13:28.921Z] lib/fetch-bill-share-data.js failed with exit code 1
[2026-01-01T04:13:28.922Z] Running lib/cleanup-future-dates.js...
[2026-01-01T04:13:28.991Z] [lib/cleanup-future-dates.js] Starting data cleanup process...
[2026-01-01T04:13:29.230Z] [lib/cleanup-future-dates.js] WorldTimeAPI failed, trying alternative source
[2026-01-01T04:13:30.436Z] [lib/cleanup-future-dates.js] Using TimeAPI date: 2026-01-01T04:13:30.3603421
[2026-01-01T04:13:30.436Z] [lib/cleanup-future-dates.js] Using reference date: 2026-1-1
[2026-01-01T04:13:30.436Z] [lib/cleanup-future-dates.js] Processing MOVE index data (/home/runner/work/liquiditydashboard/liquiditydashboard/web/public/series/move.json)...
[2026-01-01T04:13:30.436Z] [lib/cleanup-future-dates.js] Loaded 111 MOVE index data points
[2026-01-01T04:13:30.436Z] [lib/cleanup-future-dates.js] No future-dated entries found in MOVE index data
[2026-01-01T04:13:30.437Z] [lib/cleanup-future-dates.js] Processing SRF data (/home/runner/work/liquiditydashboard/liquiditydashboard/web/public/series/srf.json)...
[2026-01-01T04:13:30.437Z] [lib/cleanup-future-dates.js] Loaded 1017 SRF data points
[2026-01-01T04:13:30.439Z] [lib/cleanup-future-dates.js] No future-dated entries found in SRF data
[2026-01-01T04:13:30.439Z] [lib/cleanup-future-dates.js] Processing Treasury bill share data (/home/runner/work/liquiditydashboard/liquiditydashboard/web/public/series/bill-share.json)...
[2026-01-01T04:13:30.439Z] [lib/cleanup-future-dates.js] Loaded 282 Treasury bill share data points
[2026-01-01T04:13:30.440Z] [lib/cleanup-future-dates.js] No future-dated entries found in Treasury bill share data
[2026-01-01T04:13:30.440Z] [lib/cleanup-future-dates.js] Cleanup complete! Removed 0 future-dated entries in total.
Data cleanup completed with no changes needed
[2026-01-01T04:13:30.442Z] lib/cleanup-future-dates.js completed successfully
[2026-01-01T04:13:30.442Z] Running lib/validate-data.js...
[2026-01-01T04:13:30.511Z] [lib/validate-data.js] Running data validation...
[2026-01-01T04:13:30.511Z] [lib/validate-data.js] Validating MOVE index data...
[2026-01-01T04:13:30.512Z] [lib/validate-data.js] Found 111 MOVE data points
[2026-01-01T04:13:30.619Z] [lib/validate-data.js] WorldTimeAPI failed, trying alternative source
[2026-01-01T04:13:31.060Z] [lib/validate-data.js] Using TimeAPI date: 2026-01-01T04:13:30.9844942
[2026-01-01T04:13:31.060Z] [lib/validate-data.js] Using reference date: 2026-1-1
[2026-01-01T04:13:31.061Z] [lib/validate-data.js] MOVE index data validation passed ✓
[2026-01-01T04:13:31.061Z] [lib/validate-data.js] Validating SRF data...
[2026-01-01T04:13:31.061Z] [lib/validate-data.js] Found 1017 SRF data points
[2026-01-01T04:13:31.105Z] [lib/validate-data.js] WorldTimeAPI failed, trying alternative source
[2026-01-01T04:13:31.945Z] [lib/validate-data.js] Using TimeAPI date: 2026-01-01T04:13:31.8735138
[2026-01-01T04:13:31.947Z] [lib/validate-data.js] SRF data validation passed ✓
[2026-01-01T04:13:31.947Z] [lib/validate-data.js] Validating Treasury funding data...
[2026-01-01T04:13:31.947Z] [lib/validate-data.js] Found 282 Treasury funding data points
[2026-01-01T04:13:31.947Z] [lib/validate-data.js] Treasury funding data validation passed ✓
[2026-01-01T04:13:31.947Z] [lib/validate-data.js] All data validation passed ✓
[2026-01-01T04:13:31.949Z] lib/validate-data.js completed successfully
[2026-01-01T04:13:31.949Z] Dashboard update process completed successfully
