[2026-06-19T08:36:30.928Z] Starting Liquidity Dashboard update process
[2026-06-19T08:36:30.929Z] Running lib/data-backup.js...
[2026-06-19T08:36:30.960Z] [lib/data-backup.js] ERROR: node:internal/modules/cjs/loader:1031
  throw err;
  ^

Error: Cannot find module '/home/runner/work/liquiditydashboard/liquiditydashboard/web/lib/data-backup.js'
    at Function.Module._resolveFilename (node:internal/modules/cjs/loader:1028:15)
    at Function.Module._load (node:internal/modules/cjs/loader:873:27)
    at Function.executeUserEntryPoint [as runMain] (node:internal/modules/run_main:81:12)
    at node:internal/main/run_main_module:22:47 {
  code: 'MODULE_NOT_FOUND',
  requireStack: []
}
[2026-06-19T08:36:30.962Z] lib/data-backup.js failed with exit code 1
[2026-06-19T08:36:30.962Z] Running lib/data-backup.js clean...
[2026-06-19T08:36:30.991Z] [lib/data-backup.js clean] ERROR: node:internal/modules/cjs/loader:1031
  throw err;
  ^

Error: Cannot find module '/home/runner/work/liquiditydashboard/liquiditydashboard/web/lib/data-backup.js'
    at Function.Module._resolveFilename (node:internal/modules/cjs/loader:1028:15)
    at Function.Module._load (node:internal/modules/cjs/loader:873:27)
    at Function.executeUserEntryPoint [as runMain] (node:internal/modules/run_main:81:12)
    at node:internal/main/run_main_module:22:47 {
  code: 'MODULE_NOT_FOUND',
  requireStack: []
}
[2026-06-19T08:36:30.993Z] lib/data-backup.js clean failed with exit code 1
[2026-06-19T08:36:30.993Z] Running lib/import-historical-move-data.js...
[2026-06-19T08:36:31.023Z] [lib/import-historical-move-data.js] ERROR: node:internal/modules/cjs/loader:1031
  throw err;
  ^

Error: Cannot find module '/home/runner/work/liquiditydashboard/liquiditydashboard/web/lib/import-historical-move-data.js'
    at Function.Module._resolveFilename (node:internal/modules/cjs/loader:1028:15)
    at Function.Module._load (node:internal/modules/cjs/loader:873:27)
    at Function.executeUserEntryPoint [as runMain] (node:internal/modules/run_main:81:12)
    at node:internal/main/run_main_module:22:47 {
  code: 'MODULE_NOT_FOUND',
  requireStack: []
}
[2026-06-19T08:36:31.024Z] lib/import-historical-move-data.js failed with exit code 1
[2026-06-19T08:36:31.025Z] Running lib/fetch-move-data.js...
[2026-06-19T08:36:31.054Z] [lib/fetch-move-data.js] ERROR: node:internal/modules/cjs/loader:1031
  throw err;
  ^

Error: Cannot find module '/home/runner/work/liquiditydashboard/liquiditydashboard/web/lib/fetch-move-data.js'
    at Function.Module._resolveFilename (node:internal/modules/cjs/loader:1028:15)
    at Function.Module._load (node:internal/modules/cjs/loader:873:27)
    at Function.executeUserEntryPoint [as runMain] (node:internal/modules/run_main:81:12)
    at node:internal/main/run_main_module:22:47 {
  code: 'MODULE_NOT_FOUND',
  requireStack: []
}
[2026-06-19T08:36:31.056Z] lib/fetch-move-data.js failed with exit code 1
[2026-06-19T08:36:31.056Z] Running lib/fetch-srf-data.js...
[2026-06-19T08:36:31.085Z] [lib/fetch-srf-data.js] ERROR: node:internal/modules/cjs/loader:1031
  throw err;
  ^

Error: Cannot find module '/home/runner/work/liquiditydashboard/liquiditydashboard/web/lib/fetch-srf-data.js'
    at Function.Module._resolveFilename (node:internal/modules/cjs/loader:1028:15)
    at Function.Module._load (node:internal/modules/cjs/loader:873:27)
    at Function.executeUserEntryPoint [as runMain] (node:internal/modules/run_main:81:12)
    at node:internal/main/run_main_module:22:47 {
  code: 'MODULE_NOT_FOUND',
  requireStack: []
}
[2026-06-19T08:36:31.087Z] lib/fetch-srf-data.js failed with exit code 1
[2026-06-19T08:36:31.087Z] Running lib/fetch-bill-share-data.js...
[2026-06-19T08:36:31.116Z] [lib/fetch-bill-share-data.js] ERROR: node:internal/modules/cjs/loader:1031
  throw err;
  ^

Error: Cannot find module '/home/runner/work/liquiditydashboard/liquiditydashboard/web/lib/fetch-bill-share-data.js'
    at Function.Module._resolveFilename (node:internal/modules/cjs/loader:1028:15)
    at Function.Module._load (node:internal/modules/cjs/loader:873:27)
    at Function.executeUserEntryPoint [as runMain] (node:internal/modules/run_main:81:12)
    at node:internal/main/run_main_module:22:47 {
  code: 'MODULE_NOT_FOUND',
  requireStack: []
}
[2026-06-19T08:36:31.118Z] lib/fetch-bill-share-data.js failed with exit code 1
[2026-06-19T08:36:31.118Z] Running lib/cleanup-future-dates.js...
[2026-06-19T08:36:31.201Z] [lib/cleanup-future-dates.js] Starting data cleanup process...
[2026-06-19T08:36:31.308Z] [lib/cleanup-future-dates.js] WorldTimeAPI failed, trying alternative source
[2026-06-19T08:36:32.007Z] [lib/cleanup-future-dates.js] Using TimeAPI date: 2026-06-19T08:36:41.7289175
[2026-06-19T08:36:32.007Z] [lib/cleanup-future-dates.js] Using reference date: 2026-6-19

Processing MOVE index data (/home/runner/work/liquiditydashboard/liquiditydashboard/web/public/series/move.json)...
[2026-06-19T08:36:32.007Z] [lib/cleanup-future-dates.js] Loaded 111 MOVE index data points
[2026-06-19T08:36:32.008Z] [lib/cleanup-future-dates.js] No future-dated entries found in MOVE index data
[2026-06-19T08:36:32.008Z] [lib/cleanup-future-dates.js] Processing SRF data (/home/runner/work/liquiditydashboard/liquiditydashboard/web/public/series/srf.json)...
[2026-06-19T08:36:32.008Z] [lib/cleanup-future-dates.js] Loaded 1017 SRF data points
[2026-06-19T08:36:32.009Z] [lib/cleanup-future-dates.js] No future-dated entries found in SRF data
[2026-06-19T08:36:32.010Z] [lib/cleanup-future-dates.js] Processing Treasury bill share data (/home/runner/work/liquiditydashboard/liquiditydashboard/web/public/series/bill-share.json)...
[2026-06-19T08:36:32.010Z] [lib/cleanup-future-dates.js] Loaded 282 Treasury bill share data points
[2026-06-19T08:36:32.010Z] [lib/cleanup-future-dates.js] No future-dated entries found in Treasury bill share data
[2026-06-19T08:36:32.010Z] [lib/cleanup-future-dates.js] Cleanup complete! Removed 0 future-dated entries in total.
[2026-06-19T08:36:32.010Z] [lib/cleanup-future-dates.js] Data cleanup completed with no changes needed
[2026-06-19T08:36:32.013Z] lib/cleanup-future-dates.js completed successfully
[2026-06-19T08:36:32.013Z] Running lib/validate-data.js...
[2026-06-19T08:36:32.101Z] [lib/validate-data.js] Running data validation...
[2026-06-19T08:36:32.102Z] [lib/validate-data.js] Validating MOVE index data...
[2026-06-19T08:36:32.102Z] [lib/validate-data.js] Found 111 MOVE data points
[2026-06-19T08:36:32.218Z] [lib/validate-data.js] WorldTimeAPI failed, trying alternative source
[2026-06-19T08:36:33.062Z] [lib/validate-data.js] Using TimeAPI date: 2026-06-19T08:36:42.785072
[2026-06-19T08:36:33.062Z] [lib/validate-data.js] Using reference date: 2026-6-19
[2026-06-19T08:36:33.063Z] [lib/validate-data.js] MOVE index data validation passed ✓
[2026-06-19T08:36:33.063Z] [lib/validate-data.js] Validating SRF data...
[2026-06-19T08:36:33.064Z] [lib/validate-data.js] Found 1017 SRF data points
[2026-06-19T08:36:33.177Z] [lib/validate-data.js] WorldTimeAPI failed, trying alternative source
[2026-06-19T08:36:33.876Z] [lib/validate-data.js] Using TimeAPI date: 2026-06-19T08:36:43.6035001
[2026-06-19T08:36:33.878Z] [lib/validate-data.js] SRF data validation passed ✓
[2026-06-19T08:36:33.878Z] [lib/validate-data.js] Validating Treasury funding data...
[2026-06-19T08:36:33.878Z] [lib/validate-data.js] Found 282 Treasury funding data points
[2026-06-19T08:36:33.878Z] [lib/validate-data.js] Treasury funding data validation passed ✓
[2026-06-19T08:36:33.879Z] [lib/validate-data.js] All data validation passed ✓
[2026-06-19T08:36:33.883Z] lib/validate-data.js completed successfully
[2026-06-19T08:36:33.883Z] Dashboard update process completed successfully
