[2025-08-07T04:09:17.560Z] Starting Liquidity Dashboard update process
[2025-08-07T04:09:17.561Z] Running lib/data-backup.js...
[2025-08-07T04:09:17.592Z] [lib/data-backup.js] ERROR: node:internal/modules/cjs/loader:1031
  throw err;
  ^

Error: Cannot find module '/home/runner/work/liquiditydashboard/liquiditydashboard/web/lib/data-backup.js'
    at Function.Module._resolveFilename (node:internal/modules/cjs/loader:1028:15)
    at Function.Module._load (node:internal/modules/cjs/loader:873:27)
    at Function.executeUserEntryPoint [as runMain] (node:internal/modules/run_main:81:12)
    at node:internal/main/run_main_module:22:47 {
  code: 'MODULE_NOT_FOUND',
  requireStack: []
}
[2025-08-07T04:09:17.595Z] lib/data-backup.js failed with exit code 1
[2025-08-07T04:09:17.595Z] Running lib/data-backup.js clean...
[2025-08-07T04:09:17.624Z] [lib/data-backup.js clean] ERROR: node:internal/modules/cjs/loader:1031
  throw err;
  ^

Error: Cannot find module '/home/runner/work/liquiditydashboard/liquiditydashboard/web/lib/data-backup.js'
    at Function.Module._resolveFilename (node:internal/modules/cjs/loader:1028:15)
    at Function.Module._load (node:internal/modules/cjs/loader:873:27)
    at Function.executeUserEntryPoint [as runMain] (node:internal/modules/run_main:81:12)
    at node:internal/main/run_main_module:22:47 {
  code: 'MODULE_NOT_FOUND',
  requireStack: []
}
[2025-08-07T04:09:17.626Z] lib/data-backup.js clean failed with exit code 1
[2025-08-07T04:09:17.627Z] Running lib/import-historical-move-data.js...
[2025-08-07T04:09:17.655Z] [lib/import-historical-move-data.js] ERROR: node:internal/modules/cjs/loader:1031
  throw err;
  ^

Error: Cannot find module '/home/runner/work/liquiditydashboard/liquiditydashboard/web/lib/import-historical-move-data.js'
    at Function.Module._resolveFilename (node:internal/modules/cjs/loader:1028:15)
    at Function.Module._load (node:internal/modules/cjs/loader:873:27)
    at Function.executeUserEntryPoint [as runMain] (node:internal/modules/run_main:81:12)
    at node:internal/main/run_main_module:22:47 {
  code: 'MODULE_NOT_FOUND',
  requireStack: []
}
[2025-08-07T04:09:17.657Z] lib/import-historical-move-data.js failed with exit code 1
[2025-08-07T04:09:17.658Z] Running lib/fetch-move-data.js...
[2025-08-07T04:09:17.687Z] [lib/fetch-move-data.js] ERROR: node:internal/modules/cjs/loader:1031
  throw err;
  ^

Error: Cannot find module '/home/runner/work/liquiditydashboard/liquiditydashboard/web/lib/fetch-move-data.js'
    at Function.Module._resolveFilename (node:internal/modules/cjs/loader:1028:15)
    at Function.Module._load (node:internal/modules/cjs/loader:873:27)
    at Function.executeUserEntryPoint [as runMain] (node:internal/modules/run_main:81:12)
    at node:internal/main/run_main_module:22:47 {
  code: 'MODULE_NOT_FOUND',
  requireStack: []
}
[2025-08-07T04:09:17.690Z] lib/fetch-move-data.js failed with exit code 1
[2025-08-07T04:09:17.690Z] Running lib/fetch-srf-data.js...
[2025-08-07T04:09:17.719Z] [lib/fetch-srf-data.js] ERROR: node:internal/modules/cjs/loader:1031
  throw err;
  ^

Error: Cannot find module '/home/runner/work/liquiditydashboard/liquiditydashboard/web/lib/fetch-srf-data.js'
    at Function.Module._resolveFilename (node:internal/modules/cjs/loader:1028:15)
    at Function.Module._load (node:internal/modules/cjs/loader:873:27)
    at Function.executeUserEntryPoint [as runMain] (node:internal/modules/run_main:81:12)
    at node:internal/main/run_main_module:22:47 {
  code: 'MODULE_NOT_FOUND',
  requireStack: []
}
[2025-08-07T04:09:17.722Z] lib/fetch-srf-data.js failed with exit code 1
[2025-08-07T04:09:17.722Z] Running lib/fetch-bill-share-data.js...
[2025-08-07T04:09:17.751Z] [lib/fetch-bill-share-data.js] ERROR: node:internal/modules/cjs/loader:1031
  throw err;
  ^

Error: Cannot find module '/home/runner/work/liquiditydashboard/liquiditydashboard/web/lib/fetch-bill-share-data.js'
    at Function.Module._resolveFilename (node:internal/modules/cjs/loader:1028:15)
    at Function.Module._load (node:internal/modules/cjs/loader:873:27)
    at Function.executeUserEntryPoint [as runMain] (node:internal/modules/run_main:81:12)
    at node:internal/main/run_main_module:22:47 {
  code: 'MODULE_NOT_FOUND',
  requireStack: []
}
[2025-08-07T04:09:17.753Z] lib/fetch-bill-share-data.js failed with exit code 1
[2025-08-07T04:09:17.754Z] Running lib/cleanup-future-dates.js...
[2025-08-07T04:09:17.831Z] [lib/cleanup-future-dates.js] Starting data cleanup process...
[2025-08-07T04:09:17.925Z] [lib/cleanup-future-dates.js] WorldTimeAPI failed, trying alternative source
[2025-08-07T04:09:18.311Z] [lib/cleanup-future-dates.js] Using TimeAPI date: 2025-08-07T04:09:18.2608869
[2025-08-07T04:09:18.311Z] [lib/cleanup-future-dates.js] Using reference date: 2025-8-7
[2025-08-07T04:09:18.311Z] [lib/cleanup-future-dates.js] Processing MOVE index data (/home/runner/work/liquiditydashboard/liquiditydashboard/web/public/series/move.json)...
[2025-08-07T04:09:18.312Z] [lib/cleanup-future-dates.js] Loaded 111 MOVE index data points
[2025-08-07T04:09:18.312Z] [lib/cleanup-future-dates.js] No future-dated entries found in MOVE index data
[2025-08-07T04:09:18.312Z] [lib/cleanup-future-dates.js] Processing SRF data (/home/runner/work/liquiditydashboard/liquiditydashboard/web/public/series/srf.json)...
[2025-08-07T04:09:18.313Z] [lib/cleanup-future-dates.js] Loaded 1017 SRF data points
[2025-08-07T04:09:18.314Z] [lib/cleanup-future-dates.js] No future-dated entries found in SRF data
[2025-08-07T04:09:18.314Z] [lib/cleanup-future-dates.js] Processing Treasury bill share data (/home/runner/work/liquiditydashboard/liquiditydashboard/web/public/series/bill-share.json)...
[2025-08-07T04:09:18.314Z] [lib/cleanup-future-dates.js] Loaded 282 Treasury bill share data points
[2025-08-07T04:09:18.315Z] [lib/cleanup-future-dates.js] No future-dated entries found in Treasury bill share data
[2025-08-07T04:09:18.315Z] [lib/cleanup-future-dates.js] Cleanup complete! Removed 0 future-dated entries in total.
Data cleanup completed with no changes needed
[2025-08-07T04:09:18.318Z] lib/cleanup-future-dates.js completed successfully
[2025-08-07T04:09:18.318Z] Running lib/validate-data.js...
[2025-08-07T04:09:18.392Z] [lib/validate-data.js] Running data validation...
[2025-08-07T04:09:18.393Z] [lib/validate-data.js] Validating MOVE index data...
[2025-08-07T04:09:18.393Z] [lib/validate-data.js] Found 111 MOVE data points
[2025-08-07T04:09:19.312Z] [lib/validate-data.js] Using WorldTimeAPI date: 2025-08-07T04:09:19.294146+00:00
[2025-08-07T04:09:19.312Z] [lib/validate-data.js] Using reference date: 2025-8-7
[2025-08-07T04:09:19.313Z] [lib/validate-data.js] MOVE index data validation passed ✓
[2025-08-07T04:09:19.313Z] [lib/validate-data.js] Validating SRF data...
[2025-08-07T04:09:19.313Z] [lib/validate-data.js] Found 1017 SRF data points
[2025-08-07T04:09:19.329Z] [lib/validate-data.js] WorldTimeAPI failed, trying alternative source
[2025-08-07T04:09:19.699Z] [lib/validate-data.js] Using TimeAPI date: 2025-08-07T04:09:19.6542637
[2025-08-07T04:09:19.700Z] [lib/validate-data.js] SRF data validation passed ✓
[2025-08-07T04:09:19.700Z] [lib/validate-data.js] Validating Treasury funding data...
[2025-08-07T04:09:19.701Z] [lib/validate-data.js] Found 282 Treasury funding data points
[2025-08-07T04:09:19.701Z] [lib/validate-data.js] Treasury funding data validation passed ✓
[2025-08-07T04:09:19.701Z] [lib/validate-data.js] All data validation passed ✓
[2025-08-07T04:09:19.704Z] lib/validate-data.js completed successfully
[2025-08-07T04:09:19.704Z] Dashboard update process completed successfully
