[2026-04-21T05:32:25.038Z] Starting Liquidity Dashboard update process
[2026-04-21T05:32:25.040Z] Running lib/data-backup.js...
[2026-04-21T05:32:25.071Z] [lib/data-backup.js] ERROR: node:internal/modules/cjs/loader:1031
  throw err;
  ^

Error: Cannot find module '/home/runner/work/liquiditydashboard/liquiditydashboard/web/lib/data-backup.js'
    at Function.Module._resolveFilename (node:internal/modules/cjs/loader:1028:15)
    at Function.Module._load (node:internal/modules/cjs/loader:873:27)
    at Function.executeUserEntryPoint [as runMain] (node:internal/modules/run_main:81:12)
    at node:internal/main/run_main_module:22:47 {
  code: 'MODULE_NOT_FOUND',
  requireStack: []
}
[2026-04-21T05:32:25.073Z] lib/data-backup.js failed with exit code 1
[2026-04-21T05:32:25.074Z] Running lib/data-backup.js clean...
[2026-04-21T05:32:25.107Z] [lib/data-backup.js clean] ERROR: node:internal/modules/cjs/loader:1031
  throw err;
  ^

Error: Cannot find module '/home/runner/work/liquiditydashboard/liquiditydashboard/web/lib/data-backup.js'
    at Function.Module._resolveFilename (node:internal/modules/cjs/loader:1028:15)
    at Function.Module._load (node:internal/modules/cjs/loader:873:27)
    at Function.executeUserEntryPoint [as runMain] (node:internal/modules/run_main:81:12)
    at node:internal/main/run_main_module:22:47 {
  code: 'MODULE_NOT_FOUND',
  requireStack: []
}
[2026-04-21T05:32:25.109Z] lib/data-backup.js clean failed with exit code 1
[2026-04-21T05:32:25.109Z] Running lib/import-historical-move-data.js...
[2026-04-21T05:32:25.143Z] [lib/import-historical-move-data.js] ERROR: node:internal/modules/cjs/loader:1031
  throw err;
  ^

Error: Cannot find module '/home/runner/work/liquiditydashboard/liquiditydashboard/web/lib/import-historical-move-data.js'
    at Function.Module._resolveFilename (node:internal/modules/cjs/loader:1028:15)
    at Function.Module._load (node:internal/modules/cjs/loader:873:27)
    at Function.executeUserEntryPoint [as runMain] (node:internal/modules/run_main:81:12)
    at node:internal/main/run_main_module:22:47 {
  code: 'MODULE_NOT_FOUND',
  requireStack: []
}
[2026-04-21T05:32:25.145Z] lib/import-historical-move-data.js failed with exit code 1
[2026-04-21T05:32:25.145Z] Running lib/fetch-move-data.js...
[2026-04-21T05:32:25.174Z] [lib/fetch-move-data.js] ERROR: node:internal/modules/cjs/loader:1031
  throw err;
  ^

Error: Cannot find module '/home/runner/work/liquiditydashboard/liquiditydashboard/web/lib/fetch-move-data.js'
    at Function.Module._resolveFilename (node:internal/modules/cjs/loader:1028:15)
    at Function.Module._load (node:internal/modules/cjs/loader:873:27)
    at Function.executeUserEntryPoint [as runMain] (node:internal/modules/run_main:81:12)
    at node:internal/main/run_main_module:22:47 {
  code: 'MODULE_NOT_FOUND',
  requireStack: []
}
[2026-04-21T05:32:25.176Z] lib/fetch-move-data.js failed with exit code 1
[2026-04-21T05:32:25.176Z] Running lib/fetch-srf-data.js...
[2026-04-21T05:32:25.205Z] [lib/fetch-srf-data.js] ERROR: node:internal/modules/cjs/loader:1031
  throw err;
  ^

Error: Cannot find module '/home/runner/work/liquiditydashboard/liquiditydashboard/web/lib/fetch-srf-data.js'
    at Function.Module._resolveFilename (node:internal/modules/cjs/loader:1028:15)
    at Function.Module._load (node:internal/modules/cjs/loader:873:27)
    at Function.executeUserEntryPoint [as runMain] (node:internal/modules/run_main:81:12)
    at node:internal/main/run_main_module:22:47 {
  code: 'MODULE_NOT_FOUND',
  requireStack: []
}
[2026-04-21T05:32:25.207Z] lib/fetch-srf-data.js failed with exit code 1
[2026-04-21T05:32:25.207Z] Running lib/fetch-bill-share-data.js...
[2026-04-21T05:32:25.237Z] [lib/fetch-bill-share-data.js] ERROR: node:internal/modules/cjs/loader:1031
  throw err;
  ^

Error: Cannot find module '/home/runner/work/liquiditydashboard/liquiditydashboard/web/lib/fetch-bill-share-data.js'
    at Function.Module._resolveFilename (node:internal/modules/cjs/loader:1028:15)
    at Function.Module._load (node:internal/modules/cjs/loader:873:27)
    at Function.executeUserEntryPoint [as runMain] (node:internal/modules/run_main:81:12)
    at node:internal/main/run_main_module:22:47 {
  code: 'MODULE_NOT_FOUND',
  requireStack: []
}
[2026-04-21T05:32:25.240Z] lib/fetch-bill-share-data.js failed with exit code 1
[2026-04-21T05:32:25.240Z] Running lib/cleanup-future-dates.js...
[2026-04-21T05:32:25.318Z] [lib/cleanup-future-dates.js] Starting data cleanup process...
[2026-04-21T05:32:25.461Z] [lib/cleanup-future-dates.js] WorldTimeAPI failed, trying alternative source
[2026-04-21T05:32:26.114Z] [lib/cleanup-future-dates.js] Using TimeAPI date: 2026-04-21T05:32:26.0000961
[2026-04-21T05:32:26.114Z] [lib/cleanup-future-dates.js] Using reference date: 2026-4-21
[2026-04-21T05:32:26.114Z] [lib/cleanup-future-dates.js] Processing MOVE index data (/home/runner/work/liquiditydashboard/liquiditydashboard/web/public/series/move.json)...
[2026-04-21T05:32:26.115Z] [lib/cleanup-future-dates.js] Loaded 111 MOVE index data points
[2026-04-21T05:32:26.115Z] [lib/cleanup-future-dates.js] No future-dated entries found in MOVE index data
[2026-04-21T05:32:26.115Z] [lib/cleanup-future-dates.js] Processing SRF data (/home/runner/work/liquiditydashboard/liquiditydashboard/web/public/series/srf.json)...
[2026-04-21T05:32:26.116Z] [lib/cleanup-future-dates.js] Loaded 1017 SRF data points
[2026-04-21T05:32:26.118Z] [lib/cleanup-future-dates.js] No future-dated entries found in SRF data
[2026-04-21T05:32:26.118Z] [lib/cleanup-future-dates.js] Processing Treasury bill share data (/home/runner/work/liquiditydashboard/liquiditydashboard/web/public/series/bill-share.json)...
[2026-04-21T05:32:26.118Z] [lib/cleanup-future-dates.js] Loaded 282 Treasury bill share data points
[2026-04-21T05:32:26.119Z] [lib/cleanup-future-dates.js] No future-dated entries found in Treasury bill share data
[2026-04-21T05:32:26.119Z] [lib/cleanup-future-dates.js] Cleanup complete! Removed 0 future-dated entries in total.
Data cleanup completed with no changes needed
[2026-04-21T05:32:26.122Z] lib/cleanup-future-dates.js completed successfully
[2026-04-21T05:32:26.122Z] Running lib/validate-data.js...
[2026-04-21T05:32:26.197Z] [lib/validate-data.js] Running data validation...
[2026-04-21T05:32:26.198Z] [lib/validate-data.js] Validating MOVE index data...
[2026-04-21T05:32:26.198Z] [lib/validate-data.js] Found 111 MOVE data points
[2026-04-21T05:32:26.281Z] [lib/validate-data.js] WorldTimeAPI failed, trying alternative source
[2026-04-21T05:32:26.777Z] [lib/validate-data.js] Using TimeAPI date: 2026-04-21T05:32:26.6629098
[2026-04-21T05:32:26.777Z] [lib/validate-data.js] Using reference date: 2026-4-21
[2026-04-21T05:32:26.778Z] [lib/validate-data.js] MOVE index data validation passed ✓
[2026-04-21T05:32:26.778Z] [lib/validate-data.js] Validating SRF data...
[2026-04-21T05:32:26.779Z] [lib/validate-data.js] Found 1017 SRF data points
[2026-04-21T05:32:26.814Z] [lib/validate-data.js] WorldTimeAPI failed, trying alternative source
[2026-04-21T05:32:27.305Z] [lib/validate-data.js] Using TimeAPI date: 2026-04-21T05:32:27.1930449
[2026-04-21T05:32:27.307Z] [lib/validate-data.js] SRF data validation passed ✓
[2026-04-21T05:32:27.307Z] [lib/validate-data.js] Validating Treasury funding data...
[2026-04-21T05:32:27.307Z] [lib/validate-data.js] Found 282 Treasury funding data points
[2026-04-21T05:32:27.307Z] [lib/validate-data.js] Treasury funding data validation passed ✓
[2026-04-21T05:32:27.308Z] [lib/validate-data.js] All data validation passed ✓
[2026-04-21T05:32:27.310Z] lib/validate-data.js completed successfully
[2026-04-21T05:32:27.310Z] Dashboard update process completed successfully
