[2026-07-13T06:25:27.828Z] Starting Liquidity Dashboard update process
[2026-07-13T06:25:27.830Z] Running lib/data-backup.js...
[2026-07-13T06:25:27.859Z] [lib/data-backup.js] ERROR: node:internal/modules/cjs/loader:1031
  throw err;
  ^

Error: Cannot find module '/home/runner/work/liquiditydashboard/liquiditydashboard/web/lib/data-backup.js'
    at Function.Module._resolveFilename (node:internal/modules/cjs/loader:1028:15)
    at Function.Module._load (node:internal/modules/cjs/loader:873:27)
    at Function.executeUserEntryPoint [as runMain] (node:internal/modules/run_main:81:12)
    at node:internal/main/run_main_module:22:47 {
  code: 'MODULE_NOT_FOUND',
  requireStack: []
}
[2026-07-13T06:25:27.861Z] lib/data-backup.js failed with exit code 1
[2026-07-13T06:25:27.862Z] Running lib/data-backup.js clean...
[2026-07-13T06:25:27.890Z] [lib/data-backup.js clean] ERROR: node:internal/modules/cjs/loader:1031
  throw err;
  ^

Error: Cannot find module '/home/runner/work/liquiditydashboard/liquiditydashboard/web/lib/data-backup.js'
    at Function.Module._resolveFilename (node:internal/modules/cjs/loader:1028:15)
    at Function.Module._load (node:internal/modules/cjs/loader:873:27)
    at Function.executeUserEntryPoint [as runMain] (node:internal/modules/run_main:81:12)
    at node:internal/main/run_main_module:22:47 {
  code: 'MODULE_NOT_FOUND',
  requireStack: []
}
[2026-07-13T06:25:27.892Z] lib/data-backup.js clean failed with exit code 1
[2026-07-13T06:25:27.892Z] Running lib/import-historical-move-data.js...
[2026-07-13T06:25:27.920Z] [lib/import-historical-move-data.js] ERROR: node:internal/modules/cjs/loader:1031
  throw err;
  ^

Error: Cannot find module '/home/runner/work/liquiditydashboard/liquiditydashboard/web/lib/import-historical-move-data.js'
    at Function.Module._resolveFilename (node:internal/modules/cjs/loader:1028:15)
    at Function.Module._load (node:internal/modules/cjs/loader:873:27)
    at Function.executeUserEntryPoint [as runMain] (node:internal/modules/run_main:81:12)
    at node:internal/main/run_main_module:22:47 {
  code: 'MODULE_NOT_FOUND',
  requireStack: []
}
[2026-07-13T06:25:27.922Z] lib/import-historical-move-data.js failed with exit code 1
[2026-07-13T06:25:27.922Z] Running lib/fetch-move-data.js...
[2026-07-13T06:25:27.950Z] [lib/fetch-move-data.js] ERROR: node:internal/modules/cjs/loader:1031
  throw err;
  ^

Error: Cannot find module '/home/runner/work/liquiditydashboard/liquiditydashboard/web/lib/fetch-move-data.js'
    at Function.Module._resolveFilename (node:internal/modules/cjs/loader:1028:15)
    at Function.Module._load (node:internal/modules/cjs/loader:873:27)
    at Function.executeUserEntryPoint [as runMain] (node:internal/modules/run_main:81:12)
    at node:internal/main/run_main_module:22:47 {
  code: 'MODULE_NOT_FOUND',
  requireStack: []
}
[2026-07-13T06:25:27.952Z] lib/fetch-move-data.js failed with exit code 1
[2026-07-13T06:25:27.952Z] Running lib/fetch-srf-data.js...
[2026-07-13T06:25:27.986Z] [lib/fetch-srf-data.js] ERROR: node:internal/modules/cjs/loader:1031
  throw err;
  ^

Error: Cannot find module '/home/runner/work/liquiditydashboard/liquiditydashboard/web/lib/fetch-srf-data.js'
    at Function.Module._resolveFilename (node:internal/modules/cjs/loader:1028:15)
    at Function.Module._load (node:internal/modules/cjs/loader:873:27)
    at Function.executeUserEntryPoint [as runMain] (node:internal/modules/run_main:81:12)
    at node:internal/main/run_main_module:22:47 {
  code: 'MODULE_NOT_FOUND',
  requireStack: []
}
[2026-07-13T06:25:27.989Z] lib/fetch-srf-data.js failed with exit code 1
[2026-07-13T06:25:27.989Z] Running lib/fetch-bill-share-data.js...
[2026-07-13T06:25:28.018Z] [lib/fetch-bill-share-data.js] ERROR: node:internal/modules/cjs/loader:1031
  throw err;
  ^

Error: Cannot find module '/home/runner/work/liquiditydashboard/liquiditydashboard/web/lib/fetch-bill-share-data.js'
    at Function.Module._resolveFilename (node:internal/modules/cjs/loader:1028:15)
    at Function.Module._load (node:internal/modules/cjs/loader:873:27)
    at Function.executeUserEntryPoint [as runMain] (node:internal/modules/run_main:81:12)
    at node:internal/main/run_main_module:22:47 {
  code: 'MODULE_NOT_FOUND',
  requireStack: []
}
[2026-07-13T06:25:28.020Z] lib/fetch-bill-share-data.js failed with exit code 1
[2026-07-13T06:25:28.021Z] Running lib/cleanup-future-dates.js...
[2026-07-13T06:25:28.105Z] [lib/cleanup-future-dates.js] Starting data cleanup process...
[2026-07-13T06:25:28.289Z] [lib/cleanup-future-dates.js] WorldTimeAPI failed, trying alternative source
[2026-07-13T06:25:28.917Z] [lib/cleanup-future-dates.js] Using TimeAPI date: 2026-07-13T06:22:02.1016094
[2026-07-13T06:25:28.917Z] [lib/cleanup-future-dates.js] Using reference date: 2026-7-13
[2026-07-13T06:25:28.917Z] [lib/cleanup-future-dates.js] Processing MOVE index data (/home/runner/work/liquiditydashboard/liquiditydashboard/web/public/series/move.json)...
[2026-07-13T06:25:28.917Z] [lib/cleanup-future-dates.js] Loaded 111 MOVE index data points
[2026-07-13T06:25:28.918Z] [lib/cleanup-future-dates.js] No future-dated entries found in MOVE index data
[2026-07-13T06:25:28.918Z] [lib/cleanup-future-dates.js] Processing SRF data (/home/runner/work/liquiditydashboard/liquiditydashboard/web/public/series/srf.json)...
[2026-07-13T06:25:28.918Z] [lib/cleanup-future-dates.js] Loaded 1017 SRF data points
[2026-07-13T06:25:28.919Z] [lib/cleanup-future-dates.js] No future-dated entries found in SRF data
[2026-07-13T06:25:28.919Z] [lib/cleanup-future-dates.js] Processing Treasury bill share data (/home/runner/work/liquiditydashboard/liquiditydashboard/web/public/series/bill-share.json)...
[2026-07-13T06:25:28.920Z] [lib/cleanup-future-dates.js] Loaded 282 Treasury bill share data points
[2026-07-13T06:25:28.920Z] [lib/cleanup-future-dates.js] No future-dated entries found in Treasury bill share data

Cleanup complete! Removed 0 future-dated entries in total.
Data cleanup completed with no changes needed
[2026-07-13T06:25:28.924Z] lib/cleanup-future-dates.js completed successfully
[2026-07-13T06:25:28.924Z] Running lib/validate-data.js...
[2026-07-13T06:25:29.006Z] [lib/validate-data.js] Running data validation...
[2026-07-13T06:25:29.007Z] [lib/validate-data.js] Validating MOVE index data...
[2026-07-13T06:25:29.007Z] [lib/validate-data.js] Found 111 MOVE data points
[2026-07-13T06:25:29.110Z] [lib/validate-data.js] WorldTimeAPI failed, trying alternative source
[2026-07-13T06:25:29.620Z] [lib/validate-data.js] Using TimeAPI date: 2026-07-13T06:22:02.8102537
[2026-07-13T06:25:29.620Z] [lib/validate-data.js] Using reference date: 2026-7-13
[2026-07-13T06:25:29.621Z] [lib/validate-data.js] MOVE index data validation passed ✓
[2026-07-13T06:25:29.621Z] [lib/validate-data.js] Validating SRF data...
[2026-07-13T06:25:29.622Z] [lib/validate-data.js] Found 1017 SRF data points
[2026-07-13T06:25:29.635Z] [lib/validate-data.js] WorldTimeAPI failed, trying alternative source
[2026-07-13T06:25:30.210Z] [lib/validate-data.js] Using TimeAPI date: 2026-07-13T06:22:03.4060345
[2026-07-13T06:25:30.213Z] [lib/validate-data.js] SRF data validation passed ✓
[2026-07-13T06:25:30.213Z] [lib/validate-data.js] Validating Treasury funding data...
[2026-07-13T06:25:30.213Z] [lib/validate-data.js] Found 282 Treasury funding data points
[2026-07-13T06:25:30.213Z] [lib/validate-data.js] Treasury funding data validation passed ✓
[2026-07-13T06:25:30.213Z] [lib/validate-data.js] All data validation passed ✓
[2026-07-13T06:25:30.216Z] lib/validate-data.js completed successfully
[2026-07-13T06:25:30.216Z] Dashboard update process completed successfully
