[2026-02-10T05:09:51.187Z] Starting Liquidity Dashboard update process
[2026-02-10T05:09:51.189Z] Running lib/data-backup.js...
[2026-02-10T05:09:51.218Z] [lib/data-backup.js] ERROR: node:internal/modules/cjs/loader:1031
  throw err;
  ^

Error: Cannot find module '/home/runner/work/liquiditydashboard/liquiditydashboard/web/lib/data-backup.js'
    at Function.Module._resolveFilename (node:internal/modules/cjs/loader:1028:15)
    at Function.Module._load (node:internal/modules/cjs/loader:873:27)
    at Function.executeUserEntryPoint [as runMain] (node:internal/modules/run_main:81:12)
    at node:internal/main/run_main_module:22:47 {
  code: 'MODULE_NOT_FOUND',
  requireStack: []
}
[2026-02-10T05:09:51.221Z] lib/data-backup.js failed with exit code 1
[2026-02-10T05:09:51.221Z] Running lib/data-backup.js clean...
[2026-02-10T05:09:51.249Z] [lib/data-backup.js clean] ERROR: node:internal/modules/cjs/loader:1031
  throw err;
  ^

Error: Cannot find module '/home/runner/work/liquiditydashboard/liquiditydashboard/web/lib/data-backup.js'
    at Function.Module._resolveFilename (node:internal/modules/cjs/loader:1028:15)
    at Function.Module._load (node:internal/modules/cjs/loader:873:27)
    at Function.executeUserEntryPoint [as runMain] (node:internal/modules/run_main:81:12)
    at node:internal/main/run_main_module:22:47 {
  code: 'MODULE_NOT_FOUND',
  requireStack: []
}
[2026-02-10T05:09:51.251Z] lib/data-backup.js clean failed with exit code 1
[2026-02-10T05:09:51.251Z] Running lib/import-historical-move-data.js...
[2026-02-10T05:09:51.279Z] [lib/import-historical-move-data.js] ERROR: node:internal/modules/cjs/loader:1031
  throw err;
  ^

Error: Cannot find module '/home/runner/work/liquiditydashboard/liquiditydashboard/web/lib/import-historical-move-data.js'
    at Function.Module._resolveFilename (node:internal/modules/cjs/loader:1028:15)
    at Function.Module._load (node:internal/modules/cjs/loader:873:27)
    at Function.executeUserEntryPoint [as runMain] (node:internal/modules/run_main:81:12)
    at node:internal/main/run_main_module:22:47 {
  code: 'MODULE_NOT_FOUND',
  requireStack: []
}
[2026-02-10T05:09:51.281Z] lib/import-historical-move-data.js failed with exit code 1
[2026-02-10T05:09:51.281Z] Running lib/fetch-move-data.js...
[2026-02-10T05:09:51.309Z] [lib/fetch-move-data.js] ERROR: node:internal/modules/cjs/loader:1031
  throw err;
  ^

Error: Cannot find module '/home/runner/work/liquiditydashboard/liquiditydashboard/web/lib/fetch-move-data.js'
    at Function.Module._resolveFilename (node:internal/modules/cjs/loader:1028:15)
    at Function.Module._load (node:internal/modules/cjs/loader:873:27)
    at Function.executeUserEntryPoint [as runMain] (node:internal/modules/run_main:81:12)
    at node:internal/main/run_main_module:22:47 {
  code: 'MODULE_NOT_FOUND',
  requireStack: []
}
[2026-02-10T05:09:51.312Z] lib/fetch-move-data.js failed with exit code 1
[2026-02-10T05:09:51.312Z] Running lib/fetch-srf-data.js...
[2026-02-10T05:09:51.340Z] [lib/fetch-srf-data.js] ERROR: node:internal/modules/cjs/loader:1031
  throw err;
  ^

Error: Cannot find module '/home/runner/work/liquiditydashboard/liquiditydashboard/web/lib/fetch-srf-data.js'
    at Function.Module._resolveFilename (node:internal/modules/cjs/loader:1028:15)
    at Function.Module._load (node:internal/modules/cjs/loader:873:27)
    at Function.executeUserEntryPoint [as runMain] (node:internal/modules/run_main:81:12)
    at node:internal/main/run_main_module:22:47 {
  code: 'MODULE_NOT_FOUND',
  requireStack: []
}
[2026-02-10T05:09:51.342Z] lib/fetch-srf-data.js failed with exit code 1
[2026-02-10T05:09:51.342Z] Running lib/fetch-bill-share-data.js...
[2026-02-10T05:09:51.371Z] [lib/fetch-bill-share-data.js] ERROR: node:internal/modules/cjs/loader:1031
  throw err;
  ^

Error: Cannot find module '/home/runner/work/liquiditydashboard/liquiditydashboard/web/lib/fetch-bill-share-data.js'
    at Function.Module._resolveFilename (node:internal/modules/cjs/loader:1028:15)
    at Function.Module._load (node:internal/modules/cjs/loader:873:27)
    at Function.executeUserEntryPoint [as runMain] (node:internal/modules/run_main:81:12)
    at node:internal/main/run_main_module:22:47 {
  code: 'MODULE_NOT_FOUND',
  requireStack: []
}
[2026-02-10T05:09:51.373Z] lib/fetch-bill-share-data.js failed with exit code 1
[2026-02-10T05:09:51.374Z] Running lib/cleanup-future-dates.js...
[2026-02-10T05:09:51.450Z] [lib/cleanup-future-dates.js] Starting data cleanup process...
[2026-02-10T05:09:51.600Z] [lib/cleanup-future-dates.js] WorldTimeAPI failed, trying alternative source
[2026-02-10T05:09:52.129Z] [lib/cleanup-future-dates.js] Using TimeAPI date: 2026-02-10T05:09:52.5742088
[2026-02-10T05:09:52.129Z] [lib/cleanup-future-dates.js] Using reference date: 2026-2-10
[2026-02-10T05:09:52.130Z] [lib/cleanup-future-dates.js] Processing MOVE index data (/home/runner/work/liquiditydashboard/liquiditydashboard/web/public/series/move.json)...
[2026-02-10T05:09:52.130Z] [lib/cleanup-future-dates.js] Loaded 111 MOVE index data points
[2026-02-10T05:09:52.130Z] [lib/cleanup-future-dates.js] No future-dated entries found in MOVE index data
[2026-02-10T05:09:52.131Z] [lib/cleanup-future-dates.js] Processing SRF data (/home/runner/work/liquiditydashboard/liquiditydashboard/web/public/series/srf.json)...
[2026-02-10T05:09:52.131Z] [lib/cleanup-future-dates.js] Loaded 1017 SRF data points
[2026-02-10T05:09:52.133Z] [lib/cleanup-future-dates.js] No future-dated entries found in SRF data
[2026-02-10T05:09:52.133Z] [lib/cleanup-future-dates.js] Processing Treasury bill share data (/home/runner/work/liquiditydashboard/liquiditydashboard/web/public/series/bill-share.json)...
[2026-02-10T05:09:52.133Z] [lib/cleanup-future-dates.js] Loaded 282 Treasury bill share data points
[2026-02-10T05:09:52.134Z] [lib/cleanup-future-dates.js] No future-dated entries found in Treasury bill share data
[2026-02-10T05:09:52.134Z] [lib/cleanup-future-dates.js] Cleanup complete! Removed 0 future-dated entries in total.
[2026-02-10T05:09:52.134Z] [lib/cleanup-future-dates.js] Data cleanup completed with no changes needed
[2026-02-10T05:09:52.138Z] lib/cleanup-future-dates.js completed successfully
[2026-02-10T05:09:52.138Z] Running lib/validate-data.js...
[2026-02-10T05:09:52.214Z] [lib/validate-data.js] Running data validation...
[2026-02-10T05:09:52.214Z] [lib/validate-data.js] Validating MOVE index data...
[2026-02-10T05:09:52.215Z] [lib/validate-data.js] Found 111 MOVE data points
[2026-02-10T05:09:52.302Z] [lib/validate-data.js] WorldTimeAPI failed, trying alternative source
[2026-02-10T05:09:52.845Z] [lib/validate-data.js] Using TimeAPI date: 2026-02-10T05:09:53.2852466
[2026-02-10T05:09:52.845Z] [lib/validate-data.js] Using reference date: 2026-2-10
[2026-02-10T05:09:52.846Z] [lib/validate-data.js] MOVE index data validation passed ✓
[2026-02-10T05:09:52.846Z] [lib/validate-data.js] Validating SRF data...
[2026-02-10T05:09:52.846Z] [lib/validate-data.js] Found 1017 SRF data points
[2026-02-10T05:09:52.951Z] [lib/validate-data.js] WorldTimeAPI failed, trying alternative source
[2026-02-10T05:09:53.510Z] [lib/validate-data.js] Using TimeAPI date: 2026-02-10T05:09:53.9499865
[2026-02-10T05:09:53.511Z] [lib/validate-data.js] SRF data validation passed ✓
[2026-02-10T05:09:53.511Z] [lib/validate-data.js] Validating Treasury funding data...
[2026-02-10T05:09:53.512Z] [lib/validate-data.js] Found 282 Treasury funding data points
[2026-02-10T05:09:53.512Z] [lib/validate-data.js] Treasury funding data validation passed ✓
[2026-02-10T05:09:53.512Z] [lib/validate-data.js] All data validation passed ✓
[2026-02-10T05:09:53.515Z] lib/validate-data.js completed successfully
[2026-02-10T05:09:53.515Z] Dashboard update process completed successfully
