[2026-06-07T07:10:04.253Z] Starting Liquidity Dashboard update process
[2026-06-07T07:10:04.255Z] Running lib/data-backup.js...
[2026-06-07T07:10:04.285Z] [lib/data-backup.js] ERROR: node:internal/modules/cjs/loader:1031
  throw err;
  ^

Error: Cannot find module '/home/runner/work/liquiditydashboard/liquiditydashboard/web/lib/data-backup.js'
    at Function.Module._resolveFilename (node:internal/modules/cjs/loader:1028:15)
    at Function.Module._load (node:internal/modules/cjs/loader:873:27)
    at Function.executeUserEntryPoint [as runMain] (node:internal/modules/run_main:81:12)
    at node:internal/main/run_main_module:22:47 {
  code: 'MODULE_NOT_FOUND',
  requireStack: []
}
[2026-06-07T07:10:04.287Z] lib/data-backup.js failed with exit code 1
[2026-06-07T07:10:04.288Z] Running lib/data-backup.js clean...
[2026-06-07T07:10:04.317Z] [lib/data-backup.js clean] ERROR: node:internal/modules/cjs/loader:1031
  throw err;
  ^

Error: Cannot find module '/home/runner/work/liquiditydashboard/liquiditydashboard/web/lib/data-backup.js'
    at Function.Module._resolveFilename (node:internal/modules/cjs/loader:1028:15)
    at Function.Module._load (node:internal/modules/cjs/loader:873:27)
    at Function.executeUserEntryPoint [as runMain] (node:internal/modules/run_main:81:12)
    at node:internal/main/run_main_module:22:47 {
  code: 'MODULE_NOT_FOUND',
  requireStack: []
}
[2026-06-07T07:10:04.318Z] lib/data-backup.js clean failed with exit code 1
[2026-06-07T07:10:04.319Z] Running lib/import-historical-move-data.js...
[2026-06-07T07:10:04.347Z] [lib/import-historical-move-data.js] ERROR: node:internal/modules/cjs/loader:1031
  throw err;
  ^

Error: Cannot find module '/home/runner/work/liquiditydashboard/liquiditydashboard/web/lib/import-historical-move-data.js'
    at Function.Module._resolveFilename (node:internal/modules/cjs/loader:1028:15)
    at Function.Module._load (node:internal/modules/cjs/loader:873:27)
    at Function.executeUserEntryPoint [as runMain] (node:internal/modules/run_main:81:12)
    at node:internal/main/run_main_module:22:47 {
  code: 'MODULE_NOT_FOUND',
  requireStack: []
}
[2026-06-07T07:10:04.349Z] lib/import-historical-move-data.js failed with exit code 1
[2026-06-07T07:10:04.350Z] Running lib/fetch-move-data.js...
[2026-06-07T07:10:04.378Z] [lib/fetch-move-data.js] ERROR: node:internal/modules/cjs/loader:1031
  throw err;
  ^

Error: Cannot find module '/home/runner/work/liquiditydashboard/liquiditydashboard/web/lib/fetch-move-data.js'
    at Function.Module._resolveFilename (node:internal/modules/cjs/loader:1028:15)
    at Function.Module._load (node:internal/modules/cjs/loader:873:27)
    at Function.executeUserEntryPoint [as runMain] (node:internal/modules/run_main:81:12)
    at node:internal/main/run_main_module:22:47 {
  code: 'MODULE_NOT_FOUND',
  requireStack: []
}
[2026-06-07T07:10:04.380Z] lib/fetch-move-data.js failed with exit code 1
[2026-06-07T07:10:04.380Z] Running lib/fetch-srf-data.js...
[2026-06-07T07:10:04.409Z] [lib/fetch-srf-data.js] ERROR: node:internal/modules/cjs/loader:1031
  throw err;
  ^

Error: Cannot find module '/home/runner/work/liquiditydashboard/liquiditydashboard/web/lib/fetch-srf-data.js'
    at Function.Module._resolveFilename (node:internal/modules/cjs/loader:1028:15)
    at Function.Module._load (node:internal/modules/cjs/loader:873:27)
    at Function.executeUserEntryPoint [as runMain] (node:internal/modules/run_main:81:12)
    at node:internal/main/run_main_module:22:47 {
  code: 'MODULE_NOT_FOUND',
  requireStack: []
}
[2026-06-07T07:10:04.411Z] lib/fetch-srf-data.js failed with exit code 1
[2026-06-07T07:10:04.411Z] Running lib/fetch-bill-share-data.js...
[2026-06-07T07:10:04.440Z] [lib/fetch-bill-share-data.js] ERROR: node:internal/modules/cjs/loader:1031
  throw err;
  ^

Error: Cannot find module '/home/runner/work/liquiditydashboard/liquiditydashboard/web/lib/fetch-bill-share-data.js'
    at Function.Module._resolveFilename (node:internal/modules/cjs/loader:1028:15)
    at Function.Module._load (node:internal/modules/cjs/loader:873:27)
    at Function.executeUserEntryPoint [as runMain] (node:internal/modules/run_main:81:12)
    at node:internal/main/run_main_module:22:47 {
  code: 'MODULE_NOT_FOUND',
  requireStack: []
}
[2026-06-07T07:10:04.441Z] lib/fetch-bill-share-data.js failed with exit code 1
[2026-06-07T07:10:04.442Z] Running lib/cleanup-future-dates.js...
[2026-06-07T07:10:04.524Z] [lib/cleanup-future-dates.js] Starting data cleanup process...
[2026-06-07T07:10:04.705Z] [lib/cleanup-future-dates.js] WorldTimeAPI failed, trying alternative source
[2026-06-07T07:10:05.407Z] [lib/cleanup-future-dates.js] Using TimeAPI date: 2026-06-07T07:10:07.7313093
[2026-06-07T07:10:05.407Z] [lib/cleanup-future-dates.js] Using reference date: 2026-6-7

Processing MOVE index data (/home/runner/work/liquiditydashboard/liquiditydashboard/web/public/series/move.json)...
[2026-06-07T07:10:05.407Z] [lib/cleanup-future-dates.js] Loaded 111 MOVE index data points
[2026-06-07T07:10:05.408Z] [lib/cleanup-future-dates.js] No future-dated entries found in MOVE index data
[2026-06-07T07:10:05.408Z] [lib/cleanup-future-dates.js] Processing SRF data (/home/runner/work/liquiditydashboard/liquiditydashboard/web/public/series/srf.json)...
[2026-06-07T07:10:05.408Z] [lib/cleanup-future-dates.js] Loaded 1017 SRF data points
[2026-06-07T07:10:05.410Z] [lib/cleanup-future-dates.js] No future-dated entries found in SRF data
[2026-06-07T07:10:05.410Z] [lib/cleanup-future-dates.js] Processing Treasury bill share data (/home/runner/work/liquiditydashboard/liquiditydashboard/web/public/series/bill-share.json)...
[2026-06-07T07:10:05.410Z] [lib/cleanup-future-dates.js] Loaded 282 Treasury bill share data points
[2026-06-07T07:10:05.410Z] [lib/cleanup-future-dates.js] No future-dated entries found in Treasury bill share data
[2026-06-07T07:10:05.411Z] [lib/cleanup-future-dates.js] Cleanup complete! Removed 0 future-dated entries in total.
[2026-06-07T07:10:05.411Z] [lib/cleanup-future-dates.js] Data cleanup completed with no changes needed
[2026-06-07T07:10:05.414Z] lib/cleanup-future-dates.js completed successfully
[2026-06-07T07:10:05.414Z] Running lib/validate-data.js...
[2026-06-07T07:10:05.495Z] [lib/validate-data.js] Running data validation...
[2026-06-07T07:10:05.496Z] [lib/validate-data.js] Validating MOVE index data...
[2026-06-07T07:10:05.496Z] [lib/validate-data.js] Found 111 MOVE data points
[2026-06-07T07:10:05.612Z] [lib/validate-data.js] WorldTimeAPI failed, trying alternative source
[2026-06-07T07:10:07.047Z] [lib/validate-data.js] Using TimeAPI date: 2026-06-07T07:10:09.3744571
[2026-06-07T07:10:07.047Z] [lib/validate-data.js] Using reference date: 2026-6-7
[2026-06-07T07:10:07.048Z] [lib/validate-data.js] MOVE index data validation passed ✓
[2026-06-07T07:10:07.048Z] [lib/validate-data.js] Validating SRF data...
[2026-06-07T07:10:07.049Z] [lib/validate-data.js] Found 1017 SRF data points
[2026-06-07T07:10:07.170Z] [lib/validate-data.js] WorldTimeAPI failed, trying alternative source
[2026-06-07T07:10:07.906Z] [lib/validate-data.js] Using TimeAPI date: 2026-06-07T07:10:10.2384218
[2026-06-07T07:10:07.909Z] [lib/validate-data.js] SRF data validation passed ✓
[2026-06-07T07:10:07.909Z] [lib/validate-data.js] Validating Treasury funding data...
[2026-06-07T07:10:07.909Z] [lib/validate-data.js] Found 282 Treasury funding data points
[2026-06-07T07:10:07.909Z] [lib/validate-data.js] Treasury funding data validation passed ✓
[2026-06-07T07:10:07.910Z] [lib/validate-data.js] All data validation passed ✓
[2026-06-07T07:10:07.913Z] lib/validate-data.js completed successfully
[2026-06-07T07:10:07.913Z] Dashboard update process completed successfully
