[2026-05-24T06:41:12.510Z] Starting Liquidity Dashboard update process
[2026-05-24T06:41:12.512Z] Running lib/data-backup.js...
[2026-05-24T06:41:12.535Z] [lib/data-backup.js] ERROR: node:internal/modules/cjs/loader:1031
  throw err;
  ^

Error: Cannot find module '/home/runner/work/liquiditydashboard/liquiditydashboard/web/lib/data-backup.js'
    at Function.Module._resolveFilename (node:internal/modules/cjs/loader:1028:15)
    at Function.Module._load (node:internal/modules/cjs/loader:873:27)
    at Function.executeUserEntryPoint [as runMain] (node:internal/modules/run_main:81:12)
    at node:internal/main/run_main_module:22:47 {
  code: 'MODULE_NOT_FOUND',
  requireStack: []
}
[2026-05-24T06:41:12.537Z] lib/data-backup.js failed with exit code 1
[2026-05-24T06:41:12.538Z] Running lib/data-backup.js clean...
[2026-05-24T06:41:12.561Z] [lib/data-backup.js clean] ERROR: node:internal/modules/cjs/loader:1031
  throw err;
  ^

Error: Cannot find module '/home/runner/work/liquiditydashboard/liquiditydashboard/web/lib/data-backup.js'
    at Function.Module._resolveFilename (node:internal/modules/cjs/loader:1028:15)
    at Function.Module._load (node:internal/modules/cjs/loader:873:27)
    at Function.executeUserEntryPoint [as runMain] (node:internal/modules/run_main:81:12)
    at node:internal/main/run_main_module:22:47 {
  code: 'MODULE_NOT_FOUND',
  requireStack: []
}
[2026-05-24T06:41:12.562Z] lib/data-backup.js clean failed with exit code 1
[2026-05-24T06:41:12.562Z] Running lib/import-historical-move-data.js...
[2026-05-24T06:41:12.585Z] [lib/import-historical-move-data.js] ERROR: node:internal/modules/cjs/loader:1031
  throw err;
  ^

Error: Cannot find module '/home/runner/work/liquiditydashboard/liquiditydashboard/web/lib/import-historical-move-data.js'
    at Function.Module._resolveFilename (node:internal/modules/cjs/loader:1028:15)
    at Function.Module._load (node:internal/modules/cjs/loader:873:27)
    at Function.executeUserEntryPoint [as runMain] (node:internal/modules/run_main:81:12)
    at node:internal/main/run_main_module:22:47 {
  code: 'MODULE_NOT_FOUND',
  requireStack: []
}
[2026-05-24T06:41:12.587Z] lib/import-historical-move-data.js failed with exit code 1
[2026-05-24T06:41:12.587Z] Running lib/fetch-move-data.js...
[2026-05-24T06:41:12.610Z] [lib/fetch-move-data.js] ERROR: node:internal/modules/cjs/loader:1031
  throw err;
  ^

Error: Cannot find module '/home/runner/work/liquiditydashboard/liquiditydashboard/web/lib/fetch-move-data.js'
    at Function.Module._resolveFilename (node:internal/modules/cjs/loader:1028:15)
    at Function.Module._load (node:internal/modules/cjs/loader:873:27)
    at Function.executeUserEntryPoint [as runMain] (node:internal/modules/run_main:81:12)
    at node:internal/main/run_main_module:22:47 {
  code: 'MODULE_NOT_FOUND',
  requireStack: []
}
[2026-05-24T06:41:12.612Z] lib/fetch-move-data.js failed with exit code 1
[2026-05-24T06:41:12.612Z] Running lib/fetch-srf-data.js...
[2026-05-24T06:41:12.634Z] [lib/fetch-srf-data.js] ERROR: node:internal/modules/cjs/loader:1031
  throw err;
  ^

Error: Cannot find module '/home/runner/work/liquiditydashboard/liquiditydashboard/web/lib/fetch-srf-data.js'
    at Function.Module._resolveFilename (node:internal/modules/cjs/loader:1028:15)
    at Function.Module._load (node:internal/modules/cjs/loader:873:27)
    at Function.executeUserEntryPoint [as runMain] (node:internal/modules/run_main:81:12)
    at node:internal/main/run_main_module:22:47 {
  code: 'MODULE_NOT_FOUND',
  requireStack: []
}
[2026-05-24T06:41:12.636Z] lib/fetch-srf-data.js failed with exit code 1
[2026-05-24T06:41:12.636Z] Running lib/fetch-bill-share-data.js...
[2026-05-24T06:41:12.658Z] [lib/fetch-bill-share-data.js] ERROR: node:internal/modules/cjs/loader:1031
  throw err;
  ^

Error: Cannot find module '/home/runner/work/liquiditydashboard/liquiditydashboard/web/lib/fetch-bill-share-data.js'
    at Function.Module._resolveFilename (node:internal/modules/cjs/loader:1028:15)
    at Function.Module._load (node:internal/modules/cjs/loader:873:27)
    at Function.executeUserEntryPoint [as runMain] (node:internal/modules/run_main:81:12)
    at node:internal/main/run_main_module:22:47 {
  code: 'MODULE_NOT_FOUND',
  requireStack: []
}
[2026-05-24T06:41:12.660Z] lib/fetch-bill-share-data.js failed with exit code 1
[2026-05-24T06:41:12.660Z] Running lib/cleanup-future-dates.js...
[2026-05-24T06:41:12.723Z] [lib/cleanup-future-dates.js] Starting data cleanup process...
[2026-05-24T06:41:12.855Z] [lib/cleanup-future-dates.js] WorldTimeAPI failed, trying alternative source
[2026-05-24T06:41:13.570Z] [lib/cleanup-future-dates.js] Using TimeAPI date: 2026-05-24T06:41:12.4577099
[2026-05-24T06:41:13.570Z] [lib/cleanup-future-dates.js] Using reference date: 2026-5-24

Processing MOVE index data (/home/runner/work/liquiditydashboard/liquiditydashboard/web/public/series/move.json)...
[2026-05-24T06:41:13.570Z] [lib/cleanup-future-dates.js] Loaded 111 MOVE index data points
[2026-05-24T06:41:13.570Z] [lib/cleanup-future-dates.js] No future-dated entries found in MOVE index data
[2026-05-24T06:41:13.571Z] [lib/cleanup-future-dates.js] Processing SRF data (/home/runner/work/liquiditydashboard/liquiditydashboard/web/public/series/srf.json)...
[2026-05-24T06:41:13.571Z] [lib/cleanup-future-dates.js] Loaded 1017 SRF data points
[2026-05-24T06:41:13.572Z] [lib/cleanup-future-dates.js] No future-dated entries found in SRF data
[2026-05-24T06:41:13.572Z] [lib/cleanup-future-dates.js] Processing Treasury bill share data (/home/runner/work/liquiditydashboard/liquiditydashboard/web/public/series/bill-share.json)...
[2026-05-24T06:41:13.572Z] [lib/cleanup-future-dates.js] Loaded 282 Treasury bill share data points
[2026-05-24T06:41:13.572Z] [lib/cleanup-future-dates.js] No future-dated entries found in Treasury bill share data
[2026-05-24T06:41:13.572Z] [lib/cleanup-future-dates.js] Cleanup complete! Removed 0 future-dated entries in total.
[2026-05-24T06:41:13.573Z] [lib/cleanup-future-dates.js] Data cleanup completed with no changes needed
[2026-05-24T06:41:13.575Z] lib/cleanup-future-dates.js completed successfully
[2026-05-24T06:41:13.575Z] Running lib/validate-data.js...
[2026-05-24T06:41:13.638Z] [lib/validate-data.js] Running data validation...
[2026-05-24T06:41:13.639Z] [lib/validate-data.js] Validating MOVE index data...
[2026-05-24T06:41:13.639Z] [lib/validate-data.js] Found 111 MOVE data points
[2026-05-24T06:41:13.746Z] [lib/validate-data.js] WorldTimeAPI failed, trying alternative source
[2026-05-24T06:41:14.449Z] [lib/validate-data.js] Using TimeAPI date: 2026-05-24T06:41:13.3382862
[2026-05-24T06:41:14.449Z] [lib/validate-data.js] Using reference date: 2026-5-24
[2026-05-24T06:41:14.450Z] [lib/validate-data.js] MOVE index data validation passed ✓
[2026-05-24T06:41:14.450Z] [lib/validate-data.js] Validating SRF data...
[2026-05-24T06:41:14.450Z] [lib/validate-data.js] Found 1017 SRF data points
[2026-05-24T06:41:14.481Z] [lib/validate-data.js] WorldTimeAPI failed, trying alternative source
[2026-05-24T06:41:15.027Z] [lib/validate-data.js] Using TimeAPI date: 2026-05-24T06:41:13.9184695
[2026-05-24T06:41:15.029Z] [lib/validate-data.js] SRF data validation passed ✓
[2026-05-24T06:41:15.030Z] [lib/validate-data.js] Validating Treasury funding data...
[2026-05-24T06:41:15.030Z] [lib/validate-data.js] Found 282 Treasury funding data points
[2026-05-24T06:41:15.030Z] [lib/validate-data.js] Treasury funding data validation passed ✓
[2026-05-24T06:41:15.030Z] [lib/validate-data.js] All data validation passed ✓
[2026-05-24T06:41:15.033Z] lib/validate-data.js completed successfully
[2026-05-24T06:41:15.033Z] Dashboard update process completed successfully
