[2026-01-09T04:05:23.423Z] Starting Liquidity Dashboard update process
[2026-01-09T04:05:23.424Z] Running lib/data-backup.js...
[2026-01-09T04:05:23.454Z] [lib/data-backup.js] ERROR: node:internal/modules/cjs/loader:1031
  throw err;
  ^

Error: Cannot find module '/home/runner/work/liquiditydashboard/liquiditydashboard/web/lib/data-backup.js'
    at Function.Module._resolveFilename (node:internal/modules/cjs/loader:1028:15)
    at Function.Module._load (node:internal/modules/cjs/loader:873:27)
    at Function.executeUserEntryPoint [as runMain] (node:internal/modules/run_main:81:12)
    at node:internal/main/run_main_module:22:47 {
  code: 'MODULE_NOT_FOUND',
  requireStack: []
}
[2026-01-09T04:05:23.457Z] lib/data-backup.js failed with exit code 1
[2026-01-09T04:05:23.457Z] Running lib/data-backup.js clean...
[2026-01-09T04:05:23.485Z] [lib/data-backup.js clean] ERROR: node:internal/modules/cjs/loader:1031
  throw err;
  ^

Error: Cannot find module '/home/runner/work/liquiditydashboard/liquiditydashboard/web/lib/data-backup.js'
    at Function.Module._resolveFilename (node:internal/modules/cjs/loader:1028:15)
    at Function.Module._load (node:internal/modules/cjs/loader:873:27)
    at Function.executeUserEntryPoint [as runMain] (node:internal/modules/run_main:81:12)
    at node:internal/main/run_main_module:22:47 {
  code: 'MODULE_NOT_FOUND',
  requireStack: []
}
[2026-01-09T04:05:23.487Z] lib/data-backup.js clean failed with exit code 1
[2026-01-09T04:05:23.487Z] Running lib/import-historical-move-data.js...
[2026-01-09T04:05:23.515Z] [lib/import-historical-move-data.js] ERROR: node:internal/modules/cjs/loader:1031
  throw err;
  ^

Error: Cannot find module '/home/runner/work/liquiditydashboard/liquiditydashboard/web/lib/import-historical-move-data.js'
    at Function.Module._resolveFilename (node:internal/modules/cjs/loader:1028:15)
    at Function.Module._load (node:internal/modules/cjs/loader:873:27)
    at Function.executeUserEntryPoint [as runMain] (node:internal/modules/run_main:81:12)
    at node:internal/main/run_main_module:22:47 {
  code: 'MODULE_NOT_FOUND',
  requireStack: []
}
[2026-01-09T04:05:23.518Z] lib/import-historical-move-data.js failed with exit code 1
[2026-01-09T04:05:23.518Z] Running lib/fetch-move-data.js...
[2026-01-09T04:05:23.546Z] [lib/fetch-move-data.js] ERROR: node:internal/modules/cjs/loader:1031
  throw err;
  ^

Error: Cannot find module '/home/runner/work/liquiditydashboard/liquiditydashboard/web/lib/fetch-move-data.js'
    at Function.Module._resolveFilename (node:internal/modules/cjs/loader:1028:15)
    at Function.Module._load (node:internal/modules/cjs/loader:873:27)
    at Function.executeUserEntryPoint [as runMain] (node:internal/modules/run_main:81:12)
    at node:internal/main/run_main_module:22:47 {
  code: 'MODULE_NOT_FOUND',
  requireStack: []
}
[2026-01-09T04:05:23.548Z] lib/fetch-move-data.js failed with exit code 1
[2026-01-09T04:05:23.548Z] Running lib/fetch-srf-data.js...
[2026-01-09T04:05:23.577Z] [lib/fetch-srf-data.js] ERROR: node:internal/modules/cjs/loader:1031
  throw err;
  ^

Error: Cannot find module '/home/runner/work/liquiditydashboard/liquiditydashboard/web/lib/fetch-srf-data.js'
    at Function.Module._resolveFilename (node:internal/modules/cjs/loader:1028:15)
    at Function.Module._load (node:internal/modules/cjs/loader:873:27)
    at Function.executeUserEntryPoint [as runMain] (node:internal/modules/run_main:81:12)
    at node:internal/main/run_main_module:22:47 {
  code: 'MODULE_NOT_FOUND',
  requireStack: []
}
[2026-01-09T04:05:23.580Z] lib/fetch-srf-data.js failed with exit code 1
[2026-01-09T04:05:23.580Z] Running lib/fetch-bill-share-data.js...
[2026-01-09T04:05:23.610Z] [lib/fetch-bill-share-data.js] ERROR: node:internal/modules/cjs/loader:1031
  throw err;
  ^

Error: Cannot find module '/home/runner/work/liquiditydashboard/liquiditydashboard/web/lib/fetch-bill-share-data.js'
    at Function.Module._resolveFilename (node:internal/modules/cjs/loader:1028:15)
    at Function.Module._load (node:internal/modules/cjs/loader:873:27)
    at Function.executeUserEntryPoint [as runMain] (node:internal/modules/run_main:81:12)
    at node:internal/main/run_main_module:22:47 {
  code: 'MODULE_NOT_FOUND',
  requireStack: []
}
[2026-01-09T04:05:23.612Z] lib/fetch-bill-share-data.js failed with exit code 1
[2026-01-09T04:05:23.612Z] Running lib/cleanup-future-dates.js...
[2026-01-09T04:05:23.692Z] [lib/cleanup-future-dates.js] Starting data cleanup process...
[2026-01-09T04:05:23.987Z] [lib/cleanup-future-dates.js] WorldTimeAPI failed, trying alternative source
[2026-01-09T04:05:30.731Z] [lib/cleanup-future-dates.js] TimeAPI failed, falling back to config date
[2026-01-09T04:05:30.731Z] [lib/cleanup-future-dates.js] Using reference date: 2025-5-18
[2026-01-09T04:05:30.731Z] [lib/cleanup-future-dates.js] Processing MOVE index data (/home/runner/work/liquiditydashboard/liquiditydashboard/web/public/series/move.json)...
[2026-01-09T04:05:30.732Z] [lib/cleanup-future-dates.js] Loaded 111 MOVE index data points
[2026-01-09T04:05:30.732Z] [lib/cleanup-future-dates.js] No future-dated entries found in MOVE index data
[2026-01-09T04:05:30.732Z] [lib/cleanup-future-dates.js] Processing SRF data (/home/runner/work/liquiditydashboard/liquiditydashboard/web/public/series/srf.json)...
[2026-01-09T04:05:30.733Z] [lib/cleanup-future-dates.js] Loaded 1017 SRF data points
[2026-01-09T04:05:30.734Z] [lib/cleanup-future-dates.js] No future-dated entries found in SRF data
[2026-01-09T04:05:30.734Z] [lib/cleanup-future-dates.js] Processing Treasury bill share data (/home/runner/work/liquiditydashboard/liquiditydashboard/web/public/series/bill-share.json)...
[2026-01-09T04:05:30.734Z] [lib/cleanup-future-dates.js] Loaded 282 Treasury bill share data points
[2026-01-09T04:05:30.735Z] [lib/cleanup-future-dates.js] No future-dated entries found in Treasury bill share data
[2026-01-09T04:05:30.735Z] [lib/cleanup-future-dates.js] Cleanup complete! Removed 0 future-dated entries in total.
Data cleanup completed with no changes needed
[2026-01-09T04:05:30.738Z] lib/cleanup-future-dates.js completed successfully
[2026-01-09T04:05:30.739Z] Running lib/validate-data.js...
[2026-01-09T04:05:30.814Z] [lib/validate-data.js] Running data validation...
[2026-01-09T04:05:30.814Z] [lib/validate-data.js] Validating MOVE index data...
[2026-01-09T04:05:30.814Z] [lib/validate-data.js] Found 111 MOVE data points
[2026-01-09T04:05:31.160Z] [lib/validate-data.js] Using WorldTimeAPI date: 2026-01-09T04:05:31.064609+00:00
[2026-01-09T04:05:31.160Z] [lib/validate-data.js] Using reference date: 2026-1-9
[2026-01-09T04:05:31.160Z] [lib/validate-data.js] MOVE index data validation passed ✓
[2026-01-09T04:05:31.161Z] [lib/validate-data.js] Validating SRF data...
[2026-01-09T04:05:31.161Z] [lib/validate-data.js] Found 1017 SRF data points
[2026-01-09T04:05:31.283Z] [lib/validate-data.js] WorldTimeAPI failed, trying alternative source
[2026-01-09T04:05:39.591Z] [lib/validate-data.js] TimeAPI failed, falling back to config date
[2026-01-09T04:05:39.593Z] [lib/validate-data.js] SRF data validation passed ✓
[2026-01-09T04:05:39.593Z] [lib/validate-data.js] Validating Treasury funding data...
[2026-01-09T04:05:39.593Z] [lib/validate-data.js] Found 282 Treasury funding data points
[2026-01-09T04:05:39.593Z] [lib/validate-data.js] Treasury funding data validation passed ✓
[2026-01-09T04:05:39.593Z] [lib/validate-data.js] All data validation passed ✓
[2026-01-09T04:05:39.596Z] lib/validate-data.js completed successfully
[2026-01-09T04:05:39.596Z] Dashboard update process completed successfully
