[2025-07-05T03:49:01.398Z] Starting Liquidity Dashboard update process
[2025-07-05T03:49:01.399Z] Running lib/data-backup.js...
[2025-07-05T03:49:01.428Z] [lib/data-backup.js] ERROR: node:internal/modules/cjs/loader:1031
  throw err;
  ^

Error: Cannot find module '/home/runner/work/liquiditydashboard/liquiditydashboard/web/lib/data-backup.js'
    at Function.Module._resolveFilename (node:internal/modules/cjs/loader:1028:15)
    at Function.Module._load (node:internal/modules/cjs/loader:873:27)
    at Function.executeUserEntryPoint [as runMain] (node:internal/modules/run_main:81:12)
    at node:internal/main/run_main_module:22:47 {
  code: 'MODULE_NOT_FOUND',
  requireStack: []
}
[2025-07-05T03:49:01.431Z] lib/data-backup.js failed with exit code 1
[2025-07-05T03:49:01.431Z] Running lib/data-backup.js clean...
[2025-07-05T03:49:01.460Z] [lib/data-backup.js clean] ERROR: node:internal/modules/cjs/loader:1031
  throw err;
  ^

Error: Cannot find module '/home/runner/work/liquiditydashboard/liquiditydashboard/web/lib/data-backup.js'
    at Function.Module._resolveFilename (node:internal/modules/cjs/loader:1028:15)
    at Function.Module._load (node:internal/modules/cjs/loader:873:27)
    at Function.executeUserEntryPoint [as runMain] (node:internal/modules/run_main:81:12)
    at node:internal/main/run_main_module:22:47 {
  code: 'MODULE_NOT_FOUND',
  requireStack: []
}
[2025-07-05T03:49:01.462Z] lib/data-backup.js clean failed with exit code 1
[2025-07-05T03:49:01.462Z] Running lib/import-historical-move-data.js...
[2025-07-05T03:49:01.489Z] [lib/import-historical-move-data.js] ERROR: node:internal/modules/cjs/loader:1031
  throw err;
  ^

Error: Cannot find module '/home/runner/work/liquiditydashboard/liquiditydashboard/web/lib/import-historical-move-data.js'
    at Function.Module._resolveFilename (node:internal/modules/cjs/loader:1028:15)
    at Function.Module._load (node:internal/modules/cjs/loader:873:27)
    at Function.executeUserEntryPoint [as runMain] (node:internal/modules/run_main:81:12)
    at node:internal/main/run_main_module:22:47 {
  code: 'MODULE_NOT_FOUND',
  requireStack: []
}
[2025-07-05T03:49:01.491Z] lib/import-historical-move-data.js failed with exit code 1
[2025-07-05T03:49:01.491Z] Running lib/fetch-move-data.js...
[2025-07-05T03:49:01.519Z] [lib/fetch-move-data.js] ERROR: node:internal/modules/cjs/loader:1031
  throw err;
  ^

Error: Cannot find module '/home/runner/work/liquiditydashboard/liquiditydashboard/web/lib/fetch-move-data.js'
    at Function.Module._resolveFilename (node:internal/modules/cjs/loader:1028:15)
    at Function.Module._load (node:internal/modules/cjs/loader:873:27)
    at Function.executeUserEntryPoint [as runMain] (node:internal/modules/run_main:81:12)
    at node:internal/main/run_main_module:22:47 {
  code: 'MODULE_NOT_FOUND',
  requireStack: []
}
[2025-07-05T03:49:01.521Z] lib/fetch-move-data.js failed with exit code 1
[2025-07-05T03:49:01.521Z] Running lib/fetch-srf-data.js...
[2025-07-05T03:49:01.549Z] [lib/fetch-srf-data.js] ERROR: node:internal/modules/cjs/loader:1031
  throw err;
  ^

Error: Cannot find module '/home/runner/work/liquiditydashboard/liquiditydashboard/web/lib/fetch-srf-data.js'
    at Function.Module._resolveFilename (node:internal/modules/cjs/loader:1028:15)
    at Function.Module._load (node:internal/modules/cjs/loader:873:27)
    at Function.executeUserEntryPoint [as runMain] (node:internal/modules/run_main:81:12)
    at node:internal/main/run_main_module:22:47 {
  code: 'MODULE_NOT_FOUND',
  requireStack: []
}
[2025-07-05T03:49:01.551Z] lib/fetch-srf-data.js failed with exit code 1
[2025-07-05T03:49:01.551Z] Running lib/fetch-bill-share-data.js...
[2025-07-05T03:49:01.580Z] [lib/fetch-bill-share-data.js] ERROR: node:internal/modules/cjs/loader:1031
  throw err;
  ^

Error: Cannot find module '/home/runner/work/liquiditydashboard/liquiditydashboard/web/lib/fetch-bill-share-data.js'
    at Function.Module._resolveFilename (node:internal/modules/cjs/loader:1028:15)
    at Function.Module._load (node:internal/modules/cjs/loader:873:27)
    at Function.executeUserEntryPoint [as runMain] (node:internal/modules/run_main:81:12)
    at node:internal/main/run_main_module:22:47 {
  code: 'MODULE_NOT_FOUND',
  requireStack: []
}
[2025-07-05T03:49:01.582Z] lib/fetch-bill-share-data.js failed with exit code 1
[2025-07-05T03:49:01.582Z] Running lib/cleanup-future-dates.js...
[2025-07-05T03:49:01.655Z] [lib/cleanup-future-dates.js] Starting data cleanup process...
[2025-07-05T03:49:01.796Z] [lib/cleanup-future-dates.js] WorldTimeAPI failed, trying alternative source
[2025-07-05T03:49:02.539Z] [lib/cleanup-future-dates.js] Using TimeAPI date: 2025-07-05T03:49:02.454942
[2025-07-05T03:49:02.539Z] [lib/cleanup-future-dates.js] Using reference date: 2025-7-5
[2025-07-05T03:49:02.539Z] [lib/cleanup-future-dates.js] Processing MOVE index data (/home/runner/work/liquiditydashboard/liquiditydashboard/web/public/series/move.json)...
[2025-07-05T03:49:02.539Z] [lib/cleanup-future-dates.js] Loaded 111 MOVE index data points
[2025-07-05T03:49:02.540Z] [lib/cleanup-future-dates.js] No future-dated entries found in MOVE index data
[2025-07-05T03:49:02.540Z] [lib/cleanup-future-dates.js] Processing SRF data (/home/runner/work/liquiditydashboard/liquiditydashboard/web/public/series/srf.json)...
[2025-07-05T03:49:02.540Z] [lib/cleanup-future-dates.js] Loaded 1017 SRF data points
[2025-07-05T03:49:02.541Z] [lib/cleanup-future-dates.js] No future-dated entries found in SRF data
[2025-07-05T03:49:02.542Z] [lib/cleanup-future-dates.js] Processing Treasury bill share data (/home/runner/work/liquiditydashboard/liquiditydashboard/web/public/series/bill-share.json)...
[2025-07-05T03:49:02.542Z] [lib/cleanup-future-dates.js] Loaded 282 Treasury bill share data points
[2025-07-05T03:49:02.542Z] [lib/cleanup-future-dates.js] No future-dated entries found in Treasury bill share data
[2025-07-05T03:49:02.542Z] [lib/cleanup-future-dates.js] Cleanup complete! Removed 0 future-dated entries in total.
[2025-07-05T03:49:02.543Z] [lib/cleanup-future-dates.js] Data cleanup completed with no changes needed
[2025-07-05T03:49:02.546Z] lib/cleanup-future-dates.js completed successfully
[2025-07-05T03:49:02.546Z] Running lib/validate-data.js...
[2025-07-05T03:49:02.618Z] [lib/validate-data.js] Running data validation...
[2025-07-05T03:49:02.618Z] [lib/validate-data.js] Validating MOVE index data...
[2025-07-05T03:49:02.618Z] [lib/validate-data.js] Found 111 MOVE data points
[2025-07-05T03:49:02.647Z] [lib/validate-data.js] WorldTimeAPI failed, trying alternative source
[2025-07-05T03:49:03.390Z] [lib/validate-data.js] Using TimeAPI date: 2025-07-05T03:49:03.3060128
[2025-07-05T03:49:03.390Z] [lib/validate-data.js] Using reference date: 2025-7-5
[2025-07-05T03:49:03.391Z] [lib/validate-data.js] MOVE index data validation passed ✓
[2025-07-05T03:49:03.391Z] [lib/validate-data.js] Validating SRF data...
[2025-07-05T03:49:03.391Z] [lib/validate-data.js] Found 1017 SRF data points
[2025-07-05T03:49:03.410Z] [lib/validate-data.js] WorldTimeAPI failed, trying alternative source
[2025-07-05T03:49:03.858Z] [lib/validate-data.js] Using TimeAPI date: 2025-07-05T03:49:03.7800448
[2025-07-05T03:49:03.859Z] [lib/validate-data.js] SRF data validation passed ✓
[2025-07-05T03:49:03.859Z] [lib/validate-data.js] Validating Treasury funding data...
[2025-07-05T03:49:03.860Z] [lib/validate-data.js] Found 282 Treasury funding data points
[2025-07-05T03:49:03.860Z] [lib/validate-data.js] Treasury funding data validation passed ✓
All data validation passed ✓
[2025-07-05T03:49:03.863Z] lib/validate-data.js completed successfully
[2025-07-05T03:49:03.863Z] Dashboard update process completed successfully
