[2026-01-20T04:10:22.226Z] Starting Liquidity Dashboard update process
[2026-01-20T04:10:22.228Z] Running lib/data-backup.js...
[2026-01-20T04:10:22.257Z] [lib/data-backup.js] ERROR: node:internal/modules/cjs/loader:1031
  throw err;
  ^

Error: Cannot find module '/home/runner/work/liquiditydashboard/liquiditydashboard/web/lib/data-backup.js'
    at Function.Module._resolveFilename (node:internal/modules/cjs/loader:1028:15)
    at Function.Module._load (node:internal/modules/cjs/loader:873:27)
    at Function.executeUserEntryPoint [as runMain] (node:internal/modules/run_main:81:12)
    at node:internal/main/run_main_module:22:47 {
  code: 'MODULE_NOT_FOUND',
  requireStack: []
}
[2026-01-20T04:10:22.260Z] lib/data-backup.js failed with exit code 1
[2026-01-20T04:10:22.261Z] Running lib/data-backup.js clean...
[2026-01-20T04:10:22.289Z] [lib/data-backup.js clean] ERROR: node:internal/modules/cjs/loader:1031
  throw err;
  ^

Error: Cannot find module '/home/runner/work/liquiditydashboard/liquiditydashboard/web/lib/data-backup.js'
    at Function.Module._resolveFilename (node:internal/modules/cjs/loader:1028:15)
    at Function.Module._load (node:internal/modules/cjs/loader:873:27)
    at Function.executeUserEntryPoint [as runMain] (node:internal/modules/run_main:81:12)
    at node:internal/main/run_main_module:22:47 {
  code: 'MODULE_NOT_FOUND',
  requireStack: []
}
[2026-01-20T04:10:22.291Z] lib/data-backup.js clean failed with exit code 1
[2026-01-20T04:10:22.291Z] Running lib/import-historical-move-data.js...
[2026-01-20T04:10:22.328Z] [lib/import-historical-move-data.js] ERROR: node:internal/modules/cjs/loader:1031
  throw err;
  ^

Error: Cannot find module '/home/runner/work/liquiditydashboard/liquiditydashboard/web/lib/import-historical-move-data.js'
    at Function.Module._resolveFilename (node:internal/modules/cjs/loader:1028:15)
    at Function.Module._load (node:internal/modules/cjs/loader:873:27)
    at Function.executeUserEntryPoint [as runMain] (node:internal/modules/run_main:81:12)
    at node:internal/main/run_main_module:22:47 {
  code: 'MODULE_NOT_FOUND',
  requireStack: []
}
[2026-01-20T04:10:22.331Z] lib/import-historical-move-data.js failed with exit code 1
[2026-01-20T04:10:22.331Z] Running lib/fetch-move-data.js...
[2026-01-20T04:10:22.360Z] [lib/fetch-move-data.js] ERROR: node:internal/modules/cjs/loader:1031
  throw err;
  ^

Error: Cannot find module '/home/runner/work/liquiditydashboard/liquiditydashboard/web/lib/fetch-move-data.js'
    at Function.Module._resolveFilename (node:internal/modules/cjs/loader:1028:15)
    at Function.Module._load (node:internal/modules/cjs/loader:873:27)
    at Function.executeUserEntryPoint [as runMain] (node:internal/modules/run_main:81:12)
    at node:internal/main/run_main_module:22:47 {
  code: 'MODULE_NOT_FOUND',
  requireStack: []
}
[2026-01-20T04:10:22.362Z] lib/fetch-move-data.js failed with exit code 1
[2026-01-20T04:10:22.362Z] Running lib/fetch-srf-data.js...
[2026-01-20T04:10:22.391Z] [lib/fetch-srf-data.js] ERROR: node:internal/modules/cjs/loader:1031
  throw err;
  ^

Error: Cannot find module '/home/runner/work/liquiditydashboard/liquiditydashboard/web/lib/fetch-srf-data.js'
    at Function.Module._resolveFilename (node:internal/modules/cjs/loader:1028:15)
    at Function.Module._load (node:internal/modules/cjs/loader:873:27)
    at Function.executeUserEntryPoint [as runMain] (node:internal/modules/run_main:81:12)
    at node:internal/main/run_main_module:22:47 {
  code: 'MODULE_NOT_FOUND',
  requireStack: []
}
[2026-01-20T04:10:22.393Z] lib/fetch-srf-data.js failed with exit code 1
[2026-01-20T04:10:22.393Z] Running lib/fetch-bill-share-data.js...
[2026-01-20T04:10:22.422Z] [lib/fetch-bill-share-data.js] ERROR: node:internal/modules/cjs/loader:1031
  throw err;
  ^

Error: Cannot find module '/home/runner/work/liquiditydashboard/liquiditydashboard/web/lib/fetch-bill-share-data.js'
    at Function.Module._resolveFilename (node:internal/modules/cjs/loader:1028:15)
    at Function.Module._load (node:internal/modules/cjs/loader:873:27)
    at Function.executeUserEntryPoint [as runMain] (node:internal/modules/run_main:81:12)
    at node:internal/main/run_main_module:22:47 {
  code: 'MODULE_NOT_FOUND',
  requireStack: []
}
[2026-01-20T04:10:22.424Z] lib/fetch-bill-share-data.js failed with exit code 1
[2026-01-20T04:10:22.424Z] Running lib/cleanup-future-dates.js...
[2026-01-20T04:10:22.500Z] [lib/cleanup-future-dates.js] Starting data cleanup process...
[2026-01-20T04:10:22.807Z] [lib/cleanup-future-dates.js] WorldTimeAPI failed, trying alternative source
[2026-01-20T04:10:23.336Z] [lib/cleanup-future-dates.js] TimeAPI failed, falling back to config date
[2026-01-20T04:10:23.336Z] [lib/cleanup-future-dates.js] Using reference date: 2025-5-18
[2026-01-20T04:10:23.336Z] [lib/cleanup-future-dates.js] Processing MOVE index data (/home/runner/work/liquiditydashboard/liquiditydashboard/web/public/series/move.json)...
[2026-01-20T04:10:23.336Z] [lib/cleanup-future-dates.js] Loaded 111 MOVE index data points
[2026-01-20T04:10:23.337Z] [lib/cleanup-future-dates.js] No future-dated entries found in MOVE index data
[2026-01-20T04:10:23.337Z] [lib/cleanup-future-dates.js] Processing SRF data (/home/runner/work/liquiditydashboard/liquiditydashboard/web/public/series/srf.json)...
[2026-01-20T04:10:23.337Z] [lib/cleanup-future-dates.js] Loaded 1017 SRF data points
[2026-01-20T04:10:23.338Z] [lib/cleanup-future-dates.js] No future-dated entries found in SRF data
[2026-01-20T04:10:23.339Z] [lib/cleanup-future-dates.js] Processing Treasury bill share data (/home/runner/work/liquiditydashboard/liquiditydashboard/web/public/series/bill-share.json)...
[2026-01-20T04:10:23.339Z] [lib/cleanup-future-dates.js] Loaded 282 Treasury bill share data points
[2026-01-20T04:10:23.339Z] [lib/cleanup-future-dates.js] No future-dated entries found in Treasury bill share data
[2026-01-20T04:10:23.340Z] [lib/cleanup-future-dates.js] Cleanup complete! Removed 0 future-dated entries in total.
Data cleanup completed with no changes needed
[2026-01-20T04:10:23.343Z] lib/cleanup-future-dates.js completed successfully
[2026-01-20T04:10:23.343Z] Running lib/validate-data.js...
[2026-01-20T04:10:23.419Z] [lib/validate-data.js] Running data validation...
[2026-01-20T04:10:23.419Z] [lib/validate-data.js] Validating MOVE index data...
[2026-01-20T04:10:23.419Z] [lib/validate-data.js] Found 111 MOVE data points
[2026-01-20T04:10:23.504Z] [lib/validate-data.js] Using WorldTimeAPI date: 2026-01-20T04:10:23.483901+00:00
[2026-01-20T04:10:23.504Z] [lib/validate-data.js] Using reference date: 2026-1-20
[2026-01-20T04:10:23.505Z] [lib/validate-data.js] MOVE index data validation passed ✓
[2026-01-20T04:10:23.505Z] [lib/validate-data.js] Validating SRF data...
[2026-01-20T04:10:23.505Z] [lib/validate-data.js] Found 1017 SRF data points
[2026-01-20T04:10:23.575Z] [lib/validate-data.js] Using WorldTimeAPI date: 2026-01-20T04:10:23.560976+00:00
[2026-01-20T04:10:23.577Z] [lib/validate-data.js] SRF data validation passed ✓
[2026-01-20T04:10:23.577Z] [lib/validate-data.js] Validating Treasury funding data...
[2026-01-20T04:10:23.577Z] [lib/validate-data.js] Found 282 Treasury funding data points
[2026-01-20T04:10:23.577Z] [lib/validate-data.js] Treasury funding data validation passed ✓
[2026-01-20T04:10:23.577Z] [lib/validate-data.js] All data validation passed ✓
[2026-01-20T04:10:23.580Z] lib/validate-data.js completed successfully
[2026-01-20T04:10:23.580Z] Dashboard update process completed successfully
