[2026-05-21T06:57:23.811Z] Starting Liquidity Dashboard update process
[2026-05-21T06:57:23.812Z] Running lib/data-backup.js...
[2026-05-21T06:57:23.844Z] [lib/data-backup.js] ERROR: node:internal/modules/cjs/loader:1031
  throw err;
  ^

Error: Cannot find module '/home/runner/work/liquiditydashboard/liquiditydashboard/web/lib/data-backup.js'
    at Function.Module._resolveFilename (node:internal/modules/cjs/loader:1028:15)
    at Function.Module._load (node:internal/modules/cjs/loader:873:27)
    at Function.executeUserEntryPoint [as runMain] (node:internal/modules/run_main:81:12)
    at node:internal/main/run_main_module:22:47 {
  code: 'MODULE_NOT_FOUND',
  requireStack: []
}
[2026-05-21T06:57:23.846Z] lib/data-backup.js failed with exit code 1
[2026-05-21T06:57:23.847Z] Running lib/data-backup.js clean...
[2026-05-21T06:57:23.877Z] [lib/data-backup.js clean] ERROR: node:internal/modules/cjs/loader:1031
  throw err;
  ^

Error: Cannot find module '/home/runner/work/liquiditydashboard/liquiditydashboard/web/lib/data-backup.js'
    at Function.Module._resolveFilename (node:internal/modules/cjs/loader:1028:15)
    at Function.Module._load (node:internal/modules/cjs/loader:873:27)
    at Function.executeUserEntryPoint [as runMain] (node:internal/modules/run_main:81:12)
    at node:internal/main/run_main_module:22:47 {
  code: 'MODULE_NOT_FOUND',
  requireStack: []
}
[2026-05-21T06:57:23.879Z] lib/data-backup.js clean failed with exit code 1
[2026-05-21T06:57:23.879Z] Running lib/import-historical-move-data.js...
[2026-05-21T06:57:23.909Z] [lib/import-historical-move-data.js] ERROR: node:internal/modules/cjs/loader:1031
  throw err;
  ^

Error: Cannot find module '/home/runner/work/liquiditydashboard/liquiditydashboard/web/lib/import-historical-move-data.js'
    at Function.Module._resolveFilename (node:internal/modules/cjs/loader:1028:15)
    at Function.Module._load (node:internal/modules/cjs/loader:873:27)
    at Function.executeUserEntryPoint [as runMain] (node:internal/modules/run_main:81:12)
    at node:internal/main/run_main_module:22:47 {
  code: 'MODULE_NOT_FOUND',
  requireStack: []
}
[2026-05-21T06:57:23.911Z] lib/import-historical-move-data.js failed with exit code 1
[2026-05-21T06:57:23.911Z] Running lib/fetch-move-data.js...
[2026-05-21T06:57:23.941Z] [lib/fetch-move-data.js] ERROR: node:internal/modules/cjs/loader:1031
  throw err;
  ^

Error: Cannot find module '/home/runner/work/liquiditydashboard/liquiditydashboard/web/lib/fetch-move-data.js'
    at Function.Module._resolveFilename (node:internal/modules/cjs/loader:1028:15)
    at Function.Module._load (node:internal/modules/cjs/loader:873:27)
    at Function.executeUserEntryPoint [as runMain] (node:internal/modules/run_main:81:12)
    at node:internal/main/run_main_module:22:47 {
  code: 'MODULE_NOT_FOUND',
  requireStack: []
}
[2026-05-21T06:57:23.943Z] lib/fetch-move-data.js failed with exit code 1
[2026-05-21T06:57:23.943Z] Running lib/fetch-srf-data.js...
[2026-05-21T06:57:23.974Z] [lib/fetch-srf-data.js] ERROR: node:internal/modules/cjs/loader:1031
  throw err;
  ^

Error: Cannot find module '/home/runner/work/liquiditydashboard/liquiditydashboard/web/lib/fetch-srf-data.js'
    at Function.Module._resolveFilename (node:internal/modules/cjs/loader:1028:15)
    at Function.Module._load (node:internal/modules/cjs/loader:873:27)
    at Function.executeUserEntryPoint [as runMain] (node:internal/modules/run_main:81:12)
    at node:internal/main/run_main_module:22:47 {
  code: 'MODULE_NOT_FOUND',
  requireStack: []
}
[2026-05-21T06:57:23.976Z] lib/fetch-srf-data.js failed with exit code 1
[2026-05-21T06:57:23.976Z] Running lib/fetch-bill-share-data.js...
[2026-05-21T06:57:24.006Z] [lib/fetch-bill-share-data.js] ERROR: node:internal/modules/cjs/loader:1031
  throw err;
  ^

Error: Cannot find module '/home/runner/work/liquiditydashboard/liquiditydashboard/web/lib/fetch-bill-share-data.js'
    at Function.Module._resolveFilename (node:internal/modules/cjs/loader:1028:15)
    at Function.Module._load (node:internal/modules/cjs/loader:873:27)
    at Function.executeUserEntryPoint [as runMain] (node:internal/modules/run_main:81:12)
    at node:internal/main/run_main_module:22:47 {
  code: 'MODULE_NOT_FOUND',
  requireStack: []
}
[2026-05-21T06:57:24.008Z] lib/fetch-bill-share-data.js failed with exit code 1
[2026-05-21T06:57:24.008Z] Running lib/cleanup-future-dates.js...
[2026-05-21T06:57:24.092Z] [lib/cleanup-future-dates.js] Starting data cleanup process...
[2026-05-21T06:57:24.352Z] [lib/cleanup-future-dates.js] WorldTimeAPI failed, trying alternative source
[2026-05-21T06:57:24.955Z] [lib/cleanup-future-dates.js] Using TimeAPI date: 2026-05-21T06:57:24.108394
[2026-05-21T06:57:24.955Z] [lib/cleanup-future-dates.js] Using reference date: 2026-5-21
[2026-05-21T06:57:24.955Z] [lib/cleanup-future-dates.js] Processing MOVE index data (/home/runner/work/liquiditydashboard/liquiditydashboard/web/public/series/move.json)...
[2026-05-21T06:57:24.955Z] [lib/cleanup-future-dates.js] Loaded 111 MOVE index data points
[2026-05-21T06:57:24.956Z] [lib/cleanup-future-dates.js] No future-dated entries found in MOVE index data
[2026-05-21T06:57:24.956Z] [lib/cleanup-future-dates.js] Processing SRF data (/home/runner/work/liquiditydashboard/liquiditydashboard/web/public/series/srf.json)...
[2026-05-21T06:57:24.956Z] [lib/cleanup-future-dates.js] Loaded 1017 SRF data points
[2026-05-21T06:57:24.957Z] [lib/cleanup-future-dates.js] No future-dated entries found in SRF data
[2026-05-21T06:57:24.958Z] [lib/cleanup-future-dates.js] Processing Treasury bill share data (/home/runner/work/liquiditydashboard/liquiditydashboard/web/public/series/bill-share.json)...
[2026-05-21T06:57:24.958Z] [lib/cleanup-future-dates.js] Loaded 282 Treasury bill share data points
[2026-05-21T06:57:24.958Z] [lib/cleanup-future-dates.js] No future-dated entries found in Treasury bill share data
[2026-05-21T06:57:24.958Z] [lib/cleanup-future-dates.js] Cleanup complete! Removed 0 future-dated entries in total.
Data cleanup completed with no changes needed
[2026-05-21T06:57:24.962Z] lib/cleanup-future-dates.js completed successfully
[2026-05-21T06:57:24.962Z] Running lib/validate-data.js...
[2026-05-21T06:57:25.045Z] [lib/validate-data.js] Running data validation...
[2026-05-21T06:57:25.046Z] [lib/validate-data.js] Validating MOVE index data...
[2026-05-21T06:57:25.046Z] [lib/validate-data.js] Found 111 MOVE data points
[2026-05-21T06:57:25.105Z] [lib/validate-data.js] WorldTimeAPI failed, trying alternative source
[2026-05-21T06:57:25.576Z] [lib/validate-data.js] Using TimeAPI date: 2026-05-21T06:57:24.7265161
[2026-05-21T06:57:25.576Z] [lib/validate-data.js] Using reference date: 2026-5-21
[2026-05-21T06:57:25.577Z] [lib/validate-data.js] MOVE index data validation passed ✓
[2026-05-21T06:57:25.577Z] [lib/validate-data.js] Validating SRF data...
[2026-05-21T06:57:25.578Z] [lib/validate-data.js] Found 1017 SRF data points
[2026-05-21T06:57:25.631Z] [lib/validate-data.js] WorldTimeAPI failed, trying alternative source
[2026-05-21T06:57:25.968Z] [lib/validate-data.js] Using TimeAPI date: 2026-05-21T06:57:25.126408
[2026-05-21T06:57:25.970Z] [lib/validate-data.js] SRF data validation passed ✓
[2026-05-21T06:57:25.971Z] [lib/validate-data.js] Validating Treasury funding data...
[2026-05-21T06:57:25.971Z] [lib/validate-data.js] Found 282 Treasury funding data points
[2026-05-21T06:57:25.971Z] [lib/validate-data.js] Treasury funding data validation passed ✓
[2026-05-21T06:57:25.971Z] [lib/validate-data.js] All data validation passed ✓
[2026-05-21T06:57:25.974Z] lib/validate-data.js completed successfully
[2026-05-21T06:57:25.974Z] Dashboard update process completed successfully
