[2025-10-16T03:38:36.332Z] Starting Liquidity Dashboard update process
[2025-10-16T03:38:36.334Z] Running lib/data-backup.js...
[2025-10-16T03:38:36.369Z] [lib/data-backup.js] ERROR: node:internal/modules/cjs/loader:1031
  throw err;
  ^

Error: Cannot find module '/home/runner/work/liquiditydashboard/liquiditydashboard/web/lib/data-backup.js'
    at Function.Module._resolveFilename (node:internal/modules/cjs/loader:1028:15)
    at Function.Module._load (node:internal/modules/cjs/loader:873:27)
    at Function.executeUserEntryPoint [as runMain] (node:internal/modules/run_main:81:12)
    at node:internal/main/run_main_module:22:47 {
  code: 'MODULE_NOT_FOUND',
  requireStack: []
}
[2025-10-16T03:38:36.372Z] lib/data-backup.js failed with exit code 1
[2025-10-16T03:38:36.372Z] Running lib/data-backup.js clean...
[2025-10-16T03:38:36.400Z] [lib/data-backup.js clean] ERROR: node:internal/modules/cjs/loader:1031
  throw err;
  ^

Error: Cannot find module '/home/runner/work/liquiditydashboard/liquiditydashboard/web/lib/data-backup.js'
    at Function.Module._resolveFilename (node:internal/modules/cjs/loader:1028:15)
    at Function.Module._load (node:internal/modules/cjs/loader:873:27)
    at Function.executeUserEntryPoint [as runMain] (node:internal/modules/run_main:81:12)
    at node:internal/main/run_main_module:22:47 {
  code: 'MODULE_NOT_FOUND',
  requireStack: []
}
[2025-10-16T03:38:36.402Z] lib/data-backup.js clean failed with exit code 1
[2025-10-16T03:38:36.402Z] Running lib/import-historical-move-data.js...
[2025-10-16T03:38:36.430Z] [lib/import-historical-move-data.js] ERROR: node:internal/modules/cjs/loader:1031
  throw err;
  ^

Error: Cannot find module '/home/runner/work/liquiditydashboard/liquiditydashboard/web/lib/import-historical-move-data.js'
    at Function.Module._resolveFilename (node:internal/modules/cjs/loader:1028:15)
    at Function.Module._load (node:internal/modules/cjs/loader:873:27)
    at Function.executeUserEntryPoint [as runMain] (node:internal/modules/run_main:81:12)
    at node:internal/main/run_main_module:22:47 {
  code: 'MODULE_NOT_FOUND',
  requireStack: []
}
[2025-10-16T03:38:36.432Z] lib/import-historical-move-data.js failed with exit code 1
[2025-10-16T03:38:36.432Z] Running lib/fetch-move-data.js...
[2025-10-16T03:38:36.460Z] [lib/fetch-move-data.js] ERROR: node:internal/modules/cjs/loader:1031
  throw err;
  ^

Error: Cannot find module '/home/runner/work/liquiditydashboard/liquiditydashboard/web/lib/fetch-move-data.js'
    at Function.Module._resolveFilename (node:internal/modules/cjs/loader:1028:15)
    at Function.Module._load (node:internal/modules/cjs/loader:873:27)
    at Function.executeUserEntryPoint [as runMain] (node:internal/modules/run_main:81:12)
    at node:internal/main/run_main_module:22:47 {
  code: 'MODULE_NOT_FOUND',
  requireStack: []
}
[2025-10-16T03:38:36.462Z] lib/fetch-move-data.js failed with exit code 1
[2025-10-16T03:38:36.462Z] Running lib/fetch-srf-data.js...
[2025-10-16T03:38:36.489Z] [lib/fetch-srf-data.js] ERROR: node:internal/modules/cjs/loader:1031
  throw err;
  ^

Error: Cannot find module '/home/runner/work/liquiditydashboard/liquiditydashboard/web/lib/fetch-srf-data.js'
    at Function.Module._resolveFilename (node:internal/modules/cjs/loader:1028:15)
    at Function.Module._load (node:internal/modules/cjs/loader:873:27)
    at Function.executeUserEntryPoint [as runMain] (node:internal/modules/run_main:81:12)
    at node:internal/main/run_main_module:22:47 {
  code: 'MODULE_NOT_FOUND',
  requireStack: []
}
[2025-10-16T03:38:36.491Z] lib/fetch-srf-data.js failed with exit code 1
[2025-10-16T03:38:36.492Z] Running lib/fetch-bill-share-data.js...
[2025-10-16T03:38:36.519Z] [lib/fetch-bill-share-data.js] ERROR: node:internal/modules/cjs/loader:1031
  throw err;
  ^

Error: Cannot find module '/home/runner/work/liquiditydashboard/liquiditydashboard/web/lib/fetch-bill-share-data.js'
    at Function.Module._resolveFilename (node:internal/modules/cjs/loader:1028:15)
    at Function.Module._load (node:internal/modules/cjs/loader:873:27)
    at Function.executeUserEntryPoint [as runMain] (node:internal/modules/run_main:81:12)
    at node:internal/main/run_main_module:22:47 {
  code: 'MODULE_NOT_FOUND',
  requireStack: []
}
[2025-10-16T03:38:36.521Z] lib/fetch-bill-share-data.js failed with exit code 1
[2025-10-16T03:38:36.521Z] Running lib/cleanup-future-dates.js...
[2025-10-16T03:38:36.602Z] [lib/cleanup-future-dates.js] Starting data cleanup process...
[2025-10-16T03:38:36.830Z] [lib/cleanup-future-dates.js] WorldTimeAPI failed, trying alternative source
[2025-10-16T03:38:37.482Z] [lib/cleanup-future-dates.js] Using TimeAPI date: 2025-10-16T03:38:37.4245883
[2025-10-16T03:38:37.482Z] [lib/cleanup-future-dates.js] Using reference date: 2025-10-16

Processing MOVE index data (/home/runner/work/liquiditydashboard/liquiditydashboard/web/public/series/move.json)...
[2025-10-16T03:38:37.483Z] [lib/cleanup-future-dates.js] Loaded 111 MOVE index data points
[2025-10-16T03:38:37.483Z] [lib/cleanup-future-dates.js] No future-dated entries found in MOVE index data
[2025-10-16T03:38:37.483Z] [lib/cleanup-future-dates.js] Processing SRF data (/home/runner/work/liquiditydashboard/liquiditydashboard/web/public/series/srf.json)...
[2025-10-16T03:38:37.484Z] [lib/cleanup-future-dates.js] Loaded 1017 SRF data points
[2025-10-16T03:38:37.485Z] [lib/cleanup-future-dates.js] No future-dated entries found in SRF data
[2025-10-16T03:38:37.485Z] [lib/cleanup-future-dates.js] Processing Treasury bill share data (/home/runner/work/liquiditydashboard/liquiditydashboard/web/public/series/bill-share.json)...
[2025-10-16T03:38:37.485Z] [lib/cleanup-future-dates.js] Loaded 282 Treasury bill share data points
[2025-10-16T03:38:37.486Z] [lib/cleanup-future-dates.js] No future-dated entries found in Treasury bill share data
[2025-10-16T03:38:37.486Z] [lib/cleanup-future-dates.js] Cleanup complete! Removed 0 future-dated entries in total.
[2025-10-16T03:38:37.486Z] [lib/cleanup-future-dates.js] Data cleanup completed with no changes needed
[2025-10-16T03:38:37.489Z] lib/cleanup-future-dates.js completed successfully
[2025-10-16T03:38:37.489Z] Running lib/validate-data.js...
[2025-10-16T03:38:37.562Z] [lib/validate-data.js] Running data validation...
[2025-10-16T03:38:37.562Z] [lib/validate-data.js] Validating MOVE index data...
[2025-10-16T03:38:37.563Z] [lib/validate-data.js] Found 111 MOVE data points
[2025-10-16T03:38:37.651Z] [lib/validate-data.js] WorldTimeAPI failed, trying alternative source
[2025-10-16T03:38:38.121Z] [lib/validate-data.js] Using TimeAPI date: 2025-10-16T03:38:38.062624
[2025-10-16T03:38:38.121Z] [lib/validate-data.js] Using reference date: 2025-10-16
[2025-10-16T03:38:38.122Z] [lib/validate-data.js] MOVE index data validation passed ✓
[2025-10-16T03:38:38.122Z] [lib/validate-data.js] Validating SRF data...
[2025-10-16T03:38:38.123Z] [lib/validate-data.js] Found 1017 SRF data points
[2025-10-16T03:38:38.236Z] [lib/validate-data.js] WorldTimeAPI failed, trying alternative source
[2025-10-16T03:38:38.924Z] [lib/validate-data.js] Using TimeAPI date: 2025-10-16T03:38:38.8591773
[2025-10-16T03:38:38.926Z] [lib/validate-data.js] SRF data validation passed ✓
[2025-10-16T03:38:38.926Z] [lib/validate-data.js] Validating Treasury funding data...
[2025-10-16T03:38:38.926Z] [lib/validate-data.js] Found 282 Treasury funding data points
[2025-10-16T03:38:38.927Z] [lib/validate-data.js] Treasury funding data validation passed ✓
[2025-10-16T03:38:38.927Z] [lib/validate-data.js] All data validation passed ✓
[2025-10-16T03:38:38.930Z] lib/validate-data.js completed successfully
[2025-10-16T03:38:38.930Z] Dashboard update process completed successfully
