[2025-11-07T03:45:41.631Z] Starting Liquidity Dashboard update process
[2025-11-07T03:45:41.633Z] Running lib/data-backup.js...
[2025-11-07T03:45:41.663Z] [lib/data-backup.js] ERROR: node:internal/modules/cjs/loader:1031
  throw err;
  ^

Error: Cannot find module '/home/runner/work/liquiditydashboard/liquiditydashboard/web/lib/data-backup.js'
    at Function.Module._resolveFilename (node:internal/modules/cjs/loader:1028:15)
    at Function.Module._load (node:internal/modules/cjs/loader:873:27)
    at Function.executeUserEntryPoint [as runMain] (node:internal/modules/run_main:81:12)
    at node:internal/main/run_main_module:22:47 {
  code: 'MODULE_NOT_FOUND',
  requireStack: []
}
[2025-11-07T03:45:41.666Z] lib/data-backup.js failed with exit code 1
[2025-11-07T03:45:41.666Z] Running lib/data-backup.js clean...
[2025-11-07T03:45:41.695Z] [lib/data-backup.js clean] ERROR: node:internal/modules/cjs/loader:1031
  throw err;
  ^

Error: Cannot find module '/home/runner/work/liquiditydashboard/liquiditydashboard/web/lib/data-backup.js'
    at Function.Module._resolveFilename (node:internal/modules/cjs/loader:1028:15)
    at Function.Module._load (node:internal/modules/cjs/loader:873:27)
    at Function.executeUserEntryPoint [as runMain] (node:internal/modules/run_main:81:12)
    at node:internal/main/run_main_module:22:47 {
  code: 'MODULE_NOT_FOUND',
  requireStack: []
}
[2025-11-07T03:45:41.697Z] lib/data-backup.js clean failed with exit code 1
[2025-11-07T03:45:41.698Z] Running lib/import-historical-move-data.js...
[2025-11-07T03:45:41.726Z] [lib/import-historical-move-data.js] ERROR: node:internal/modules/cjs/loader:1031
  throw err;
  ^

Error: Cannot find module '/home/runner/work/liquiditydashboard/liquiditydashboard/web/lib/import-historical-move-data.js'
    at Function.Module._resolveFilename (node:internal/modules/cjs/loader:1028:15)
    at Function.Module._load (node:internal/modules/cjs/loader:873:27)
    at Function.executeUserEntryPoint [as runMain] (node:internal/modules/run_main:81:12)
    at node:internal/main/run_main_module:22:47 {
  code: 'MODULE_NOT_FOUND',
  requireStack: []
}
[2025-11-07T03:45:41.729Z] lib/import-historical-move-data.js failed with exit code 1
[2025-11-07T03:45:41.729Z] Running lib/fetch-move-data.js...
[2025-11-07T03:45:41.758Z] [lib/fetch-move-data.js] ERROR: node:internal/modules/cjs/loader:1031
  throw err;
  ^

Error: Cannot find module '/home/runner/work/liquiditydashboard/liquiditydashboard/web/lib/fetch-move-data.js'
    at Function.Module._resolveFilename (node:internal/modules/cjs/loader:1028:15)
    at Function.Module._load (node:internal/modules/cjs/loader:873:27)
    at Function.executeUserEntryPoint [as runMain] (node:internal/modules/run_main:81:12)
    at node:internal/main/run_main_module:22:47 {
  code: 'MODULE_NOT_FOUND',
  requireStack: []
}
[2025-11-07T03:45:41.760Z] lib/fetch-move-data.js failed with exit code 1
[2025-11-07T03:45:41.760Z] Running lib/fetch-srf-data.js...
[2025-11-07T03:45:41.789Z] [lib/fetch-srf-data.js] ERROR: node:internal/modules/cjs/loader:1031
  throw err;
  ^

Error: Cannot find module '/home/runner/work/liquiditydashboard/liquiditydashboard/web/lib/fetch-srf-data.js'
    at Function.Module._resolveFilename (node:internal/modules/cjs/loader:1028:15)
    at Function.Module._load (node:internal/modules/cjs/loader:873:27)
    at Function.executeUserEntryPoint [as runMain] (node:internal/modules/run_main:81:12)
    at node:internal/main/run_main_module:22:47 {
  code: 'MODULE_NOT_FOUND',
  requireStack: []
}
[2025-11-07T03:45:41.791Z] lib/fetch-srf-data.js failed with exit code 1
[2025-11-07T03:45:41.792Z] Running lib/fetch-bill-share-data.js...
[2025-11-07T03:45:41.821Z] [lib/fetch-bill-share-data.js] ERROR: node:internal/modules/cjs/loader:1031
  throw err;
  ^

Error: Cannot find module '/home/runner/work/liquiditydashboard/liquiditydashboard/web/lib/fetch-bill-share-data.js'
    at Function.Module._resolveFilename (node:internal/modules/cjs/loader:1028:15)
    at Function.Module._load (node:internal/modules/cjs/loader:873:27)
    at Function.executeUserEntryPoint [as runMain] (node:internal/modules/run_main:81:12)
    at node:internal/main/run_main_module:22:47 {
  code: 'MODULE_NOT_FOUND',
  requireStack: []
}
[2025-11-07T03:45:41.823Z] lib/fetch-bill-share-data.js failed with exit code 1
[2025-11-07T03:45:41.823Z] Running lib/cleanup-future-dates.js...
[2025-11-07T03:45:41.901Z] [lib/cleanup-future-dates.js] Starting data cleanup process...
[2025-11-07T03:45:42.102Z] [lib/cleanup-future-dates.js] WorldTimeAPI failed, trying alternative source
[2025-11-07T03:45:43.289Z] [lib/cleanup-future-dates.js] Using TimeAPI date: 2025-11-07T03:45:43.2199822
[2025-11-07T03:45:43.289Z] [lib/cleanup-future-dates.js] Using reference date: 2025-11-7
[2025-11-07T03:45:43.289Z] [lib/cleanup-future-dates.js] Processing MOVE index data (/home/runner/work/liquiditydashboard/liquiditydashboard/web/public/series/move.json)...
[2025-11-07T03:45:43.290Z] [lib/cleanup-future-dates.js] Loaded 111 MOVE index data points
[2025-11-07T03:45:43.290Z] [lib/cleanup-future-dates.js] No future-dated entries found in MOVE index data

Processing SRF data (/home/runner/work/liquiditydashboard/liquiditydashboard/web/public/series/srf.json)...
[2025-11-07T03:45:43.291Z] [lib/cleanup-future-dates.js] Loaded 1017 SRF data points
[2025-11-07T03:45:43.292Z] [lib/cleanup-future-dates.js] No future-dated entries found in SRF data
[2025-11-07T03:45:43.292Z] [lib/cleanup-future-dates.js] Processing Treasury bill share data (/home/runner/work/liquiditydashboard/liquiditydashboard/web/public/series/bill-share.json)...
[2025-11-07T03:45:43.292Z] [lib/cleanup-future-dates.js] Loaded 282 Treasury bill share data points
[2025-11-07T03:45:43.293Z] [lib/cleanup-future-dates.js] No future-dated entries found in Treasury bill share data
[2025-11-07T03:45:43.293Z] [lib/cleanup-future-dates.js] Cleanup complete! Removed 0 future-dated entries in total.
[2025-11-07T03:45:43.293Z] [lib/cleanup-future-dates.js] Data cleanup completed with no changes needed
[2025-11-07T03:45:43.296Z] lib/cleanup-future-dates.js completed successfully
[2025-11-07T03:45:43.296Z] Running lib/validate-data.js...
[2025-11-07T03:45:43.374Z] [lib/validate-data.js] Running data validation...
[2025-11-07T03:45:43.375Z] [lib/validate-data.js] Validating MOVE index data...
[2025-11-07T03:45:43.375Z] [lib/validate-data.js] Found 111 MOVE data points
[2025-11-07T03:45:43.491Z] [lib/validate-data.js] Using WorldTimeAPI date: 2025-11-07T03:45:43.459810+00:00
[2025-11-07T03:45:43.491Z] [lib/validate-data.js] Using reference date: 2025-11-7
[2025-11-07T03:45:43.492Z] [lib/validate-data.js] MOVE index data validation passed ✓
[2025-11-07T03:45:43.492Z] [lib/validate-data.js] Validating SRF data...
[2025-11-07T03:45:43.493Z] [lib/validate-data.js] Found 1017 SRF data points
[2025-11-07T03:45:43.553Z] [lib/validate-data.js] WorldTimeAPI failed, trying alternative source
[2025-11-07T03:45:44.131Z] [lib/validate-data.js] Using TimeAPI date: 2025-11-07T03:45:44.068486
[2025-11-07T03:45:44.133Z] [lib/validate-data.js] SRF data validation passed ✓
[2025-11-07T03:45:44.133Z] [lib/validate-data.js] Validating Treasury funding data...
[2025-11-07T03:45:44.133Z] [lib/validate-data.js] Found 282 Treasury funding data points
[2025-11-07T03:45:44.133Z] [lib/validate-data.js] Treasury funding data validation passed ✓
[2025-11-07T03:45:44.134Z] [lib/validate-data.js] All data validation passed ✓
[2025-11-07T03:45:44.137Z] lib/validate-data.js completed successfully
[2025-11-07T03:45:44.137Z] Dashboard update process completed successfully
