[2025-12-21T04:03:40.397Z] Starting Liquidity Dashboard update process
[2025-12-21T04:03:40.399Z] Running lib/data-backup.js...
[2025-12-21T04:03:40.427Z] [lib/data-backup.js] ERROR: node:internal/modules/cjs/loader:1031
  throw err;
  ^

Error: Cannot find module '/home/runner/work/liquiditydashboard/liquiditydashboard/web/lib/data-backup.js'
    at Function.Module._resolveFilename (node:internal/modules/cjs/loader:1028:15)
    at Function.Module._load (node:internal/modules/cjs/loader:873:27)
    at Function.executeUserEntryPoint [as runMain] (node:internal/modules/run_main:81:12)
    at node:internal/main/run_main_module:22:47 {
  code: 'MODULE_NOT_FOUND',
  requireStack: []
}
[2025-12-21T04:03:40.430Z] lib/data-backup.js failed with exit code 1
[2025-12-21T04:03:40.430Z] Running lib/data-backup.js clean...
[2025-12-21T04:03:40.458Z] [lib/data-backup.js clean] ERROR: node:internal/modules/cjs/loader:1031
  throw err;
  ^

Error: Cannot find module '/home/runner/work/liquiditydashboard/liquiditydashboard/web/lib/data-backup.js'
    at Function.Module._resolveFilename (node:internal/modules/cjs/loader:1028:15)
    at Function.Module._load (node:internal/modules/cjs/loader:873:27)
    at Function.executeUserEntryPoint [as runMain] (node:internal/modules/run_main:81:12)
    at node:internal/main/run_main_module:22:47 {
  code: 'MODULE_NOT_FOUND',
  requireStack: []
}
[2025-12-21T04:03:40.460Z] lib/data-backup.js clean failed with exit code 1
[2025-12-21T04:03:40.460Z] Running lib/import-historical-move-data.js...
[2025-12-21T04:03:40.488Z] [lib/import-historical-move-data.js] ERROR: node:internal/modules/cjs/loader:1031
  throw err;
  ^

Error: Cannot find module '/home/runner/work/liquiditydashboard/liquiditydashboard/web/lib/import-historical-move-data.js'
    at Function.Module._resolveFilename (node:internal/modules/cjs/loader:1028:15)
    at Function.Module._load (node:internal/modules/cjs/loader:873:27)
    at Function.executeUserEntryPoint [as runMain] (node:internal/modules/run_main:81:12)
    at node:internal/main/run_main_module:22:47 {
  code: 'MODULE_NOT_FOUND',
  requireStack: []
}
[2025-12-21T04:03:40.490Z] lib/import-historical-move-data.js failed with exit code 1
[2025-12-21T04:03:40.490Z] Running lib/fetch-move-data.js...
[2025-12-21T04:03:40.518Z] [lib/fetch-move-data.js] ERROR: node:internal/modules/cjs/loader:1031
  throw err;
  ^

Error: Cannot find module '/home/runner/work/liquiditydashboard/liquiditydashboard/web/lib/fetch-move-data.js'
    at Function.Module._resolveFilename (node:internal/modules/cjs/loader:1028:15)
    at Function.Module._load (node:internal/modules/cjs/loader:873:27)
    at Function.executeUserEntryPoint [as runMain] (node:internal/modules/run_main:81:12)
    at node:internal/main/run_main_module:22:47 {
  code: 'MODULE_NOT_FOUND',
  requireStack: []
}
[2025-12-21T04:03:40.521Z] lib/fetch-move-data.js failed with exit code 1
[2025-12-21T04:03:40.521Z] Running lib/fetch-srf-data.js...
[2025-12-21T04:03:40.552Z] [lib/fetch-srf-data.js] ERROR: node:internal/modules/cjs/loader:1031
  throw err;
  ^

Error: Cannot find module '/home/runner/work/liquiditydashboard/liquiditydashboard/web/lib/fetch-srf-data.js'
    at Function.Module._resolveFilename (node:internal/modules/cjs/loader:1028:15)
    at Function.Module._load (node:internal/modules/cjs/loader:873:27)
    at Function.executeUserEntryPoint [as runMain] (node:internal/modules/run_main:81:12)
    at node:internal/main/run_main_module:22:47 {
  code: 'MODULE_NOT_FOUND',
  requireStack: []
}
[2025-12-21T04:03:40.555Z] lib/fetch-srf-data.js failed with exit code 1
[2025-12-21T04:03:40.555Z] Running lib/fetch-bill-share-data.js...
[2025-12-21T04:03:40.584Z] [lib/fetch-bill-share-data.js] ERROR: node:internal/modules/cjs/loader:1031
  throw err;
  ^

Error: Cannot find module '/home/runner/work/liquiditydashboard/liquiditydashboard/web/lib/fetch-bill-share-data.js'
    at Function.Module._resolveFilename (node:internal/modules/cjs/loader:1028:15)
    at Function.Module._load (node:internal/modules/cjs/loader:873:27)
    at Function.executeUserEntryPoint [as runMain] (node:internal/modules/run_main:81:12)
    at node:internal/main/run_main_module:22:47 {
  code: 'MODULE_NOT_FOUND',
  requireStack: []
}
[2025-12-21T04:03:40.585Z] lib/fetch-bill-share-data.js failed with exit code 1
[2025-12-21T04:03:40.586Z] Running lib/cleanup-future-dates.js...
[2025-12-21T04:03:40.672Z] [lib/cleanup-future-dates.js] Starting data cleanup process...
[2025-12-21T04:03:40.962Z] [lib/cleanup-future-dates.js] WorldTimeAPI failed, trying alternative source
[2025-12-21T04:03:44.064Z] [lib/cleanup-future-dates.js] Using TimeAPI date: 2025-12-21T04:03:44.0024959
[2025-12-21T04:03:44.064Z] [lib/cleanup-future-dates.js] Using reference date: 2025-12-21
[2025-12-21T04:03:44.064Z] [lib/cleanup-future-dates.js] Processing MOVE index data (/home/runner/work/liquiditydashboard/liquiditydashboard/web/public/series/move.json)...
[2025-12-21T04:03:44.064Z] [lib/cleanup-future-dates.js] Loaded 111 MOVE index data points
[2025-12-21T04:03:44.064Z] [lib/cleanup-future-dates.js] No future-dated entries found in MOVE index data
[2025-12-21T04:03:44.065Z] [lib/cleanup-future-dates.js] Processing SRF data (/home/runner/work/liquiditydashboard/liquiditydashboard/web/public/series/srf.json)...
[2025-12-21T04:03:44.065Z] [lib/cleanup-future-dates.js] Loaded 1017 SRF data points
[2025-12-21T04:03:44.066Z] [lib/cleanup-future-dates.js] No future-dated entries found in SRF data
[2025-12-21T04:03:44.066Z] [lib/cleanup-future-dates.js] Processing Treasury bill share data (/home/runner/work/liquiditydashboard/liquiditydashboard/web/public/series/bill-share.json)...
[2025-12-21T04:03:44.067Z] [lib/cleanup-future-dates.js] Loaded 282 Treasury bill share data points
[2025-12-21T04:03:44.067Z] [lib/cleanup-future-dates.js] No future-dated entries found in Treasury bill share data
[2025-12-21T04:03:44.067Z] [lib/cleanup-future-dates.js] Cleanup complete! Removed 0 future-dated entries in total.
Data cleanup completed with no changes needed
[2025-12-21T04:03:44.070Z] lib/cleanup-future-dates.js completed successfully
[2025-12-21T04:03:44.071Z] Running lib/validate-data.js...
[2025-12-21T04:03:44.145Z] [lib/validate-data.js] Running data validation...
[2025-12-21T04:03:44.146Z] [lib/validate-data.js] Validating MOVE index data...
[2025-12-21T04:03:44.146Z] [lib/validate-data.js] Found 111 MOVE data points
[2025-12-21T04:03:44.238Z] [lib/validate-data.js] WorldTimeAPI failed, trying alternative source
[2025-12-21T04:03:48.510Z] [lib/validate-data.js] Using TimeAPI date: 2025-12-21T04:03:48.4512198
[2025-12-21T04:03:48.510Z] [lib/validate-data.js] Using reference date: 2025-12-21
[2025-12-21T04:03:48.510Z] [lib/validate-data.js] MOVE index data validation passed ✓
[2025-12-21T04:03:48.511Z] [lib/validate-data.js] Validating SRF data...
[2025-12-21T04:03:48.511Z] [lib/validate-data.js] Found 1017 SRF data points
[2025-12-21T04:03:48.622Z] [lib/validate-data.js] WorldTimeAPI failed, trying alternative source
[2025-12-21T04:03:52.790Z] [lib/validate-data.js] Using TimeAPI date: 2025-12-21T04:03:52.7314942
[2025-12-21T04:03:52.792Z] [lib/validate-data.js] SRF data validation passed ✓
[2025-12-21T04:03:52.792Z] [lib/validate-data.js] Validating Treasury funding data...
[2025-12-21T04:03:52.792Z] [lib/validate-data.js] Found 282 Treasury funding data points
[2025-12-21T04:03:52.792Z] [lib/validate-data.js] Treasury funding data validation passed ✓
[2025-12-21T04:03:52.792Z] [lib/validate-data.js] All data validation passed ✓
[2025-12-21T04:03:52.795Z] lib/validate-data.js completed successfully
[2025-12-21T04:03:52.796Z] Dashboard update process completed successfully
