[2025-11-05T03:47:03.789Z] Starting Liquidity Dashboard update process
[2025-11-05T03:47:03.790Z] Running lib/data-backup.js...
[2025-11-05T03:47:03.820Z] [lib/data-backup.js] ERROR: node:internal/modules/cjs/loader:1031
  throw err;
  ^

Error: Cannot find module '/home/runner/work/liquiditydashboard/liquiditydashboard/web/lib/data-backup.js'
    at Function.Module._resolveFilename (node:internal/modules/cjs/loader:1028:15)
    at Function.Module._load (node:internal/modules/cjs/loader:873:27)
    at Function.executeUserEntryPoint [as runMain] (node:internal/modules/run_main:81:12)
    at node:internal/main/run_main_module:22:47 {
  code: 'MODULE_NOT_FOUND',
  requireStack: []
}
[2025-11-05T03:47:03.822Z] lib/data-backup.js failed with exit code 1
[2025-11-05T03:47:03.823Z] Running lib/data-backup.js clean...
[2025-11-05T03:47:03.850Z] [lib/data-backup.js clean] ERROR: node:internal/modules/cjs/loader:1031
  throw err;
  ^

Error: Cannot find module '/home/runner/work/liquiditydashboard/liquiditydashboard/web/lib/data-backup.js'
    at Function.Module._resolveFilename (node:internal/modules/cjs/loader:1028:15)
    at Function.Module._load (node:internal/modules/cjs/loader:873:27)
    at Function.executeUserEntryPoint [as runMain] (node:internal/modules/run_main:81:12)
    at node:internal/main/run_main_module:22:47 {
  code: 'MODULE_NOT_FOUND',
  requireStack: []
}
[2025-11-05T03:47:03.852Z] lib/data-backup.js clean failed with exit code 1
[2025-11-05T03:47:03.852Z] Running lib/import-historical-move-data.js...
[2025-11-05T03:47:03.880Z] [lib/import-historical-move-data.js] ERROR: node:internal/modules/cjs/loader:1031
  throw err;
  ^

Error: Cannot find module '/home/runner/work/liquiditydashboard/liquiditydashboard/web/lib/import-historical-move-data.js'
    at Function.Module._resolveFilename (node:internal/modules/cjs/loader:1028:15)
    at Function.Module._load (node:internal/modules/cjs/loader:873:27)
    at Function.executeUserEntryPoint [as runMain] (node:internal/modules/run_main:81:12)
    at node:internal/main/run_main_module:22:47 {
  code: 'MODULE_NOT_FOUND',
  requireStack: []
}
[2025-11-05T03:47:03.882Z] lib/import-historical-move-data.js failed with exit code 1
[2025-11-05T03:47:03.882Z] Running lib/fetch-move-data.js...
[2025-11-05T03:47:03.910Z] [lib/fetch-move-data.js] ERROR: node:internal/modules/cjs/loader:1031
  throw err;
  ^

Error: Cannot find module '/home/runner/work/liquiditydashboard/liquiditydashboard/web/lib/fetch-move-data.js'
    at Function.Module._resolveFilename (node:internal/modules/cjs/loader:1028:15)
    at Function.Module._load (node:internal/modules/cjs/loader:873:27)
    at Function.executeUserEntryPoint [as runMain] (node:internal/modules/run_main:81:12)
    at node:internal/main/run_main_module:22:47 {
  code: 'MODULE_NOT_FOUND',
  requireStack: []
}
[2025-11-05T03:47:03.912Z] lib/fetch-move-data.js failed with exit code 1
[2025-11-05T03:47:03.913Z] Running lib/fetch-srf-data.js...
[2025-11-05T03:47:03.941Z] [lib/fetch-srf-data.js] ERROR: node:internal/modules/cjs/loader:1031
  throw err;
  ^

Error: Cannot find module '/home/runner/work/liquiditydashboard/liquiditydashboard/web/lib/fetch-srf-data.js'
    at Function.Module._resolveFilename (node:internal/modules/cjs/loader:1028:15)
    at Function.Module._load (node:internal/modules/cjs/loader:873:27)
    at Function.executeUserEntryPoint [as runMain] (node:internal/modules/run_main:81:12)
    at node:internal/main/run_main_module:22:47 {
  code: 'MODULE_NOT_FOUND',
  requireStack: []
}
[2025-11-05T03:47:03.943Z] lib/fetch-srf-data.js failed with exit code 1
[2025-11-05T03:47:03.943Z] Running lib/fetch-bill-share-data.js...
[2025-11-05T03:47:03.971Z] [lib/fetch-bill-share-data.js] ERROR: node:internal/modules/cjs/loader:1031
  throw err;
  ^

Error: Cannot find module '/home/runner/work/liquiditydashboard/liquiditydashboard/web/lib/fetch-bill-share-data.js'
    at Function.Module._resolveFilename (node:internal/modules/cjs/loader:1028:15)
    at Function.Module._load (node:internal/modules/cjs/loader:873:27)
    at Function.executeUserEntryPoint [as runMain] (node:internal/modules/run_main:81:12)
    at node:internal/main/run_main_module:22:47 {
  code: 'MODULE_NOT_FOUND',
  requireStack: []
}
[2025-11-05T03:47:03.973Z] lib/fetch-bill-share-data.js failed with exit code 1
[2025-11-05T03:47:03.973Z] Running lib/cleanup-future-dates.js...
[2025-11-05T03:47:04.064Z] [lib/cleanup-future-dates.js] Starting data cleanup process...
[2025-11-05T03:47:04.268Z] [lib/cleanup-future-dates.js] Using WorldTimeAPI date: 2025-11-05T03:47:04.248624+00:00
[2025-11-05T03:47:04.268Z] [lib/cleanup-future-dates.js] Using reference date: 2025-11-5
[2025-11-05T03:47:04.268Z] [lib/cleanup-future-dates.js] Processing MOVE index data (/home/runner/work/liquiditydashboard/liquiditydashboard/web/public/series/move.json)...
[2025-11-05T03:47:04.268Z] [lib/cleanup-future-dates.js] Loaded 111 MOVE index data points
[2025-11-05T03:47:04.269Z] [lib/cleanup-future-dates.js] No future-dated entries found in MOVE index data
[2025-11-05T03:47:04.269Z] [lib/cleanup-future-dates.js] Processing SRF data (/home/runner/work/liquiditydashboard/liquiditydashboard/web/public/series/srf.json)...
[2025-11-05T03:47:04.270Z] [lib/cleanup-future-dates.js] Loaded 1017 SRF data points
[2025-11-05T03:47:04.271Z] [lib/cleanup-future-dates.js] No future-dated entries found in SRF data
[2025-11-05T03:47:04.271Z] [lib/cleanup-future-dates.js] Processing Treasury bill share data (/home/runner/work/liquiditydashboard/liquiditydashboard/web/public/series/bill-share.json)...
[2025-11-05T03:47:04.271Z] [lib/cleanup-future-dates.js] Loaded 282 Treasury bill share data points
[2025-11-05T03:47:04.271Z] [lib/cleanup-future-dates.js] No future-dated entries found in Treasury bill share data
[2025-11-05T03:47:04.272Z] [lib/cleanup-future-dates.js] Cleanup complete! Removed 0 future-dated entries in total.
Data cleanup completed with no changes needed
[2025-11-05T03:47:04.275Z] lib/cleanup-future-dates.js completed successfully
[2025-11-05T03:47:04.275Z] Running lib/validate-data.js...
[2025-11-05T03:47:04.352Z] [lib/validate-data.js] Running data validation...
[2025-11-05T03:47:04.352Z] [lib/validate-data.js] Validating MOVE index data...
[2025-11-05T03:47:04.352Z] [lib/validate-data.js] Found 111 MOVE data points
[2025-11-05T03:47:04.418Z] [lib/validate-data.js] WorldTimeAPI failed, trying alternative source
[2025-11-05T03:47:05.027Z] [lib/validate-data.js] Using TimeAPI date: 2025-11-05T03:47:04.9630913
[2025-11-05T03:47:05.028Z] [lib/validate-data.js] Using reference date: 2025-11-5
[2025-11-05T03:47:05.028Z] [lib/validate-data.js] MOVE index data validation passed ✓
[2025-11-05T03:47:05.029Z] [lib/validate-data.js] Validating SRF data...
Found 1017 SRF data points
[2025-11-05T03:47:05.147Z] [lib/validate-data.js] WorldTimeAPI failed, trying alternative source
[2025-11-05T03:47:05.970Z] [lib/validate-data.js] Using TimeAPI date: 2025-11-05T03:47:05.9174795
[2025-11-05T03:47:05.972Z] [lib/validate-data.js] SRF data validation passed ✓
[2025-11-05T03:47:05.972Z] [lib/validate-data.js] Validating Treasury funding data...
[2025-11-05T03:47:05.972Z] [lib/validate-data.js] Found 282 Treasury funding data points
[2025-11-05T03:47:05.972Z] [lib/validate-data.js] Treasury funding data validation passed ✓
[2025-11-05T03:47:05.973Z] [lib/validate-data.js] All data validation passed ✓
[2025-11-05T03:47:05.976Z] lib/validate-data.js completed successfully
[2025-11-05T03:47:05.976Z] Dashboard update process completed successfully
