[2025-09-23T03:33:02.853Z] Starting Liquidity Dashboard update process
[2025-09-23T03:33:02.855Z] Running lib/data-backup.js...
[2025-09-23T03:33:02.885Z] [lib/data-backup.js] ERROR: node:internal/modules/cjs/loader:1031
  throw err;
  ^

Error: Cannot find module '/home/runner/work/liquiditydashboard/liquiditydashboard/web/lib/data-backup.js'
    at Function.Module._resolveFilename (node:internal/modules/cjs/loader:1028:15)
    at Function.Module._load (node:internal/modules/cjs/loader:873:27)
    at Function.executeUserEntryPoint [as runMain] (node:internal/modules/run_main:81:12)
    at node:internal/main/run_main_module:22:47 {
  code: 'MODULE_NOT_FOUND',
  requireStack: []
}
[2025-09-23T03:33:02.888Z] lib/data-backup.js failed with exit code 1
[2025-09-23T03:33:02.888Z] Running lib/data-backup.js clean...
[2025-09-23T03:33:02.918Z] [lib/data-backup.js clean] ERROR: node:internal/modules/cjs/loader:1031
  throw err;
  ^

Error: Cannot find module '/home/runner/work/liquiditydashboard/liquiditydashboard/web/lib/data-backup.js'
    at Function.Module._resolveFilename (node:internal/modules/cjs/loader:1028:15)
    at Function.Module._load (node:internal/modules/cjs/loader:873:27)
    at Function.executeUserEntryPoint [as runMain] (node:internal/modules/run_main:81:12)
    at node:internal/main/run_main_module:22:47 {
  code: 'MODULE_NOT_FOUND',
  requireStack: []
}
[2025-09-23T03:33:02.920Z] lib/data-backup.js clean failed with exit code 1
[2025-09-23T03:33:02.920Z] Running lib/import-historical-move-data.js...
[2025-09-23T03:33:02.950Z] [lib/import-historical-move-data.js] ERROR: node:internal/modules/cjs/loader:1031
  throw err;
  ^

Error: Cannot find module '/home/runner/work/liquiditydashboard/liquiditydashboard/web/lib/import-historical-move-data.js'
    at Function.Module._resolveFilename (node:internal/modules/cjs/loader:1028:15)
    at Function.Module._load (node:internal/modules/cjs/loader:873:27)
    at Function.executeUserEntryPoint [as runMain] (node:internal/modules/run_main:81:12)
    at node:internal/main/run_main_module:22:47 {
  code: 'MODULE_NOT_FOUND',
  requireStack: []
}
[2025-09-23T03:33:02.952Z] lib/import-historical-move-data.js failed with exit code 1
[2025-09-23T03:33:02.952Z] Running lib/fetch-move-data.js...
[2025-09-23T03:33:02.981Z] [lib/fetch-move-data.js] ERROR: node:internal/modules/cjs/loader:1031
  throw err;
  ^

Error: Cannot find module '/home/runner/work/liquiditydashboard/liquiditydashboard/web/lib/fetch-move-data.js'
    at Function.Module._resolveFilename (node:internal/modules/cjs/loader:1028:15)
    at Function.Module._load (node:internal/modules/cjs/loader:873:27)
    at Function.executeUserEntryPoint [as runMain] (node:internal/modules/run_main:81:12)
    at node:internal/main/run_main_module:22:47 {
  code: 'MODULE_NOT_FOUND',
  requireStack: []
}
[2025-09-23T03:33:02.983Z] lib/fetch-move-data.js failed with exit code 1
[2025-09-23T03:33:02.983Z] Running lib/fetch-srf-data.js...
[2025-09-23T03:33:03.012Z] [lib/fetch-srf-data.js] ERROR: node:internal/modules/cjs/loader:1031
  throw err;
  ^

Error: Cannot find module '/home/runner/work/liquiditydashboard/liquiditydashboard/web/lib/fetch-srf-data.js'
    at Function.Module._resolveFilename (node:internal/modules/cjs/loader:1028:15)
    at Function.Module._load (node:internal/modules/cjs/loader:873:27)
    at Function.executeUserEntryPoint [as runMain] (node:internal/modules/run_main:81:12)
    at node:internal/main/run_main_module:22:47 {
  code: 'MODULE_NOT_FOUND',
  requireStack: []
}
[2025-09-23T03:33:03.014Z] lib/fetch-srf-data.js failed with exit code 1
[2025-09-23T03:33:03.015Z] Running lib/fetch-bill-share-data.js...
[2025-09-23T03:33:03.044Z] [lib/fetch-bill-share-data.js] ERROR: node:internal/modules/cjs/loader:1031
  throw err;
  ^

Error: Cannot find module '/home/runner/work/liquiditydashboard/liquiditydashboard/web/lib/fetch-bill-share-data.js'
    at Function.Module._resolveFilename (node:internal/modules/cjs/loader:1028:15)
    at Function.Module._load (node:internal/modules/cjs/loader:873:27)
    at Function.executeUserEntryPoint [as runMain] (node:internal/modules/run_main:81:12)
    at node:internal/main/run_main_module:22:47 {
  code: 'MODULE_NOT_FOUND',
  requireStack: []
}
[2025-09-23T03:33:03.046Z] lib/fetch-bill-share-data.js failed with exit code 1
[2025-09-23T03:33:03.047Z] Running lib/cleanup-future-dates.js...
[2025-09-23T03:33:03.132Z] [lib/cleanup-future-dates.js] Starting data cleanup process...
[2025-09-23T03:33:03.315Z] [lib/cleanup-future-dates.js] WorldTimeAPI failed, trying alternative source
[2025-09-23T03:33:03.958Z] [lib/cleanup-future-dates.js] Using TimeAPI date: 2025-09-23T03:33:03.869726
[2025-09-23T03:33:03.958Z] [lib/cleanup-future-dates.js] Using reference date: 2025-9-23

Processing MOVE index data (/home/runner/work/liquiditydashboard/liquiditydashboard/web/public/series/move.json)...
[2025-09-23T03:33:03.958Z] [lib/cleanup-future-dates.js] Loaded 111 MOVE index data points
[2025-09-23T03:33:03.959Z] [lib/cleanup-future-dates.js] No future-dated entries found in MOVE index data
[2025-09-23T03:33:03.959Z] [lib/cleanup-future-dates.js] Processing SRF data (/home/runner/work/liquiditydashboard/liquiditydashboard/web/public/series/srf.json)...
[2025-09-23T03:33:03.959Z] [lib/cleanup-future-dates.js] Loaded 1017 SRF data points
[2025-09-23T03:33:03.961Z] [lib/cleanup-future-dates.js] No future-dated entries found in SRF data
[2025-09-23T03:33:03.961Z] [lib/cleanup-future-dates.js] Processing Treasury bill share data (/home/runner/work/liquiditydashboard/liquiditydashboard/web/public/series/bill-share.json)...
[2025-09-23T03:33:03.961Z] [lib/cleanup-future-dates.js] Loaded 282 Treasury bill share data points
[2025-09-23T03:33:03.962Z] [lib/cleanup-future-dates.js] No future-dated entries found in Treasury bill share data
[2025-09-23T03:33:03.962Z] [lib/cleanup-future-dates.js] Cleanup complete! Removed 0 future-dated entries in total.
[2025-09-23T03:33:03.962Z] [lib/cleanup-future-dates.js] Data cleanup completed with no changes needed
[2025-09-23T03:33:03.965Z] lib/cleanup-future-dates.js completed successfully
[2025-09-23T03:33:03.965Z] Running lib/validate-data.js...
[2025-09-23T03:33:04.040Z] [lib/validate-data.js] Running data validation...
[2025-09-23T03:33:04.041Z] [lib/validate-data.js] Validating MOVE index data...
[2025-09-23T03:33:04.041Z] [lib/validate-data.js] Found 111 MOVE data points
[2025-09-23T03:33:04.143Z] [lib/validate-data.js] WorldTimeAPI failed, trying alternative source
[2025-09-23T03:33:04.778Z] [lib/validate-data.js] Using TimeAPI date: 2025-09-23T03:33:04.6949923
[2025-09-23T03:33:04.778Z] [lib/validate-data.js] Using reference date: 2025-9-23
[2025-09-23T03:33:04.779Z] [lib/validate-data.js] MOVE index data validation passed ✓
[2025-09-23T03:33:04.779Z] [lib/validate-data.js] Validating SRF data...
[2025-09-23T03:33:04.779Z] [lib/validate-data.js] Found 1017 SRF data points
[2025-09-23T03:33:04.877Z] [lib/validate-data.js] WorldTimeAPI failed, trying alternative source
[2025-09-23T03:33:05.565Z] [lib/validate-data.js] Using TimeAPI date: 2025-09-23T03:33:05.4920286
[2025-09-23T03:33:05.567Z] [lib/validate-data.js] SRF data validation passed ✓
[2025-09-23T03:33:05.567Z] [lib/validate-data.js] Validating Treasury funding data...
[2025-09-23T03:33:05.568Z] [lib/validate-data.js] Found 282 Treasury funding data points
[2025-09-23T03:33:05.568Z] [lib/validate-data.js] Treasury funding data validation passed ✓
[2025-09-23T03:33:05.568Z] [lib/validate-data.js] All data validation passed ✓
[2025-09-23T03:33:05.571Z] lib/validate-data.js completed successfully
[2025-09-23T03:33:05.571Z] Dashboard update process completed successfully
