[2026-02-19T04:59:16.785Z] Starting Liquidity Dashboard update process
[2026-02-19T04:59:16.787Z] Running lib/data-backup.js...
[2026-02-19T04:59:16.823Z] [lib/data-backup.js] ERROR: node:internal/modules/cjs/loader:1031
  throw err;
  ^

Error: Cannot find module '/home/runner/work/liquiditydashboard/liquiditydashboard/web/lib/data-backup.js'
    at Function.Module._resolveFilename (node:internal/modules/cjs/loader:1028:15)
    at Function.Module._load (node:internal/modules/cjs/loader:873:27)
    at Function.executeUserEntryPoint [as runMain] (node:internal/modules/run_main:81:12)
    at node:internal/main/run_main_module:22:47 {
  code: 'MODULE_NOT_FOUND',
  requireStack: []
}
[2026-02-19T04:59:16.826Z] lib/data-backup.js failed with exit code 1
[2026-02-19T04:59:16.826Z] Running lib/data-backup.js clean...
[2026-02-19T04:59:16.857Z] [lib/data-backup.js clean] ERROR: node:internal/modules/cjs/loader:1031
  throw err;
  ^

Error: Cannot find module '/home/runner/work/liquiditydashboard/liquiditydashboard/web/lib/data-backup.js'
    at Function.Module._resolveFilename (node:internal/modules/cjs/loader:1028:15)
    at Function.Module._load (node:internal/modules/cjs/loader:873:27)
    at Function.executeUserEntryPoint [as runMain] (node:internal/modules/run_main:81:12)
    at node:internal/main/run_main_module:22:47 {
  code: 'MODULE_NOT_FOUND',
  requireStack: []
}
[2026-02-19T04:59:16.859Z] lib/data-backup.js clean failed with exit code 1
[2026-02-19T04:59:16.859Z] Running lib/import-historical-move-data.js...
[2026-02-19T04:59:16.893Z] [lib/import-historical-move-data.js] ERROR: node:internal/modules/cjs/loader:1031
  throw err;
  ^

Error: Cannot find module '/home/runner/work/liquiditydashboard/liquiditydashboard/web/lib/import-historical-move-data.js'
    at Function.Module._resolveFilename (node:internal/modules/cjs/loader:1028:15)
    at Function.Module._load (node:internal/modules/cjs/loader:873:27)
    at Function.executeUserEntryPoint [as runMain] (node:internal/modules/run_main:81:12)
    at node:internal/main/run_main_module:22:47 {
  code: 'MODULE_NOT_FOUND',
  requireStack: []
}
[2026-02-19T04:59:16.895Z] lib/import-historical-move-data.js failed with exit code 1
[2026-02-19T04:59:16.895Z] Running lib/fetch-move-data.js...
[2026-02-19T04:59:16.930Z] [lib/fetch-move-data.js] ERROR: node:internal/modules/cjs/loader:1031
  throw err;
  ^

Error: Cannot find module '/home/runner/work/liquiditydashboard/liquiditydashboard/web/lib/fetch-move-data.js'
    at Function.Module._resolveFilename (node:internal/modules/cjs/loader:1028:15)
    at Function.Module._load (node:internal/modules/cjs/loader:873:27)
    at Function.executeUserEntryPoint [as runMain] (node:internal/modules/run_main:81:12)
    at node:internal/main/run_main_module:22:47 {
  code: 'MODULE_NOT_FOUND',
  requireStack: []
}
[2026-02-19T04:59:16.933Z] lib/fetch-move-data.js failed with exit code 1
[2026-02-19T04:59:16.933Z] Running lib/fetch-srf-data.js...
[2026-02-19T04:59:16.963Z] [lib/fetch-srf-data.js] ERROR: node:internal/modules/cjs/loader:1031
  throw err;
  ^

Error: Cannot find module '/home/runner/work/liquiditydashboard/liquiditydashboard/web/lib/fetch-srf-data.js'
    at Function.Module._resolveFilename (node:internal/modules/cjs/loader:1028:15)
    at Function.Module._load (node:internal/modules/cjs/loader:873:27)
    at Function.executeUserEntryPoint [as runMain] (node:internal/modules/run_main:81:12)
    at node:internal/main/run_main_module:22:47 {
  code: 'MODULE_NOT_FOUND',
  requireStack: []
}
[2026-02-19T04:59:16.965Z] lib/fetch-srf-data.js failed with exit code 1
[2026-02-19T04:59:16.966Z] Running lib/fetch-bill-share-data.js...
[2026-02-19T04:59:16.996Z] [lib/fetch-bill-share-data.js] ERROR: node:internal/modules/cjs/loader:1031
  throw err;
  ^

Error: Cannot find module '/home/runner/work/liquiditydashboard/liquiditydashboard/web/lib/fetch-bill-share-data.js'
    at Function.Module._resolveFilename (node:internal/modules/cjs/loader:1028:15)
    at Function.Module._load (node:internal/modules/cjs/loader:873:27)
    at Function.executeUserEntryPoint [as runMain] (node:internal/modules/run_main:81:12)
    at node:internal/main/run_main_module:22:47 {
  code: 'MODULE_NOT_FOUND',
  requireStack: []
}
[2026-02-19T04:59:16.998Z] lib/fetch-bill-share-data.js failed with exit code 1
[2026-02-19T04:59:16.998Z] Running lib/cleanup-future-dates.js...
[2026-02-19T04:59:17.092Z] [lib/cleanup-future-dates.js] Starting data cleanup process...
[2026-02-19T04:59:17.193Z] [lib/cleanup-future-dates.js] WorldTimeAPI failed, trying alternative source
[2026-02-19T04:59:17.692Z] [lib/cleanup-future-dates.js] Using TimeAPI date: 2026-02-19T04:59:17.869823
[2026-02-19T04:59:17.692Z] [lib/cleanup-future-dates.js] Using reference date: 2026-2-19
[2026-02-19T04:59:17.692Z] [lib/cleanup-future-dates.js] Processing MOVE index data (/home/runner/work/liquiditydashboard/liquiditydashboard/web/public/series/move.json)...
[2026-02-19T04:59:17.692Z] [lib/cleanup-future-dates.js] Loaded 111 MOVE index data points
[2026-02-19T04:59:17.693Z] [lib/cleanup-future-dates.js] No future-dated entries found in MOVE index data
[2026-02-19T04:59:17.693Z] [lib/cleanup-future-dates.js] Processing SRF data (/home/runner/work/liquiditydashboard/liquiditydashboard/web/public/series/srf.json)...
[2026-02-19T04:59:17.693Z] [lib/cleanup-future-dates.js] Loaded 1017 SRF data points
[2026-02-19T04:59:17.695Z] [lib/cleanup-future-dates.js] No future-dated entries found in SRF data
[2026-02-19T04:59:17.695Z] [lib/cleanup-future-dates.js] Processing Treasury bill share data (/home/runner/work/liquiditydashboard/liquiditydashboard/web/public/series/bill-share.json)...
[2026-02-19T04:59:17.695Z] [lib/cleanup-future-dates.js] Loaded 282 Treasury bill share data points
[2026-02-19T04:59:17.695Z] [lib/cleanup-future-dates.js] No future-dated entries found in Treasury bill share data
[2026-02-19T04:59:17.696Z] [lib/cleanup-future-dates.js] Cleanup complete! Removed 0 future-dated entries in total.
Data cleanup completed with no changes needed
[2026-02-19T04:59:17.699Z] lib/cleanup-future-dates.js completed successfully
[2026-02-19T04:59:17.699Z] Running lib/validate-data.js...
[2026-02-19T04:59:17.775Z] [lib/validate-data.js] Running data validation...
[2026-02-19T04:59:17.776Z] [lib/validate-data.js] Validating MOVE index data...
[2026-02-19T04:59:17.776Z] [lib/validate-data.js] Found 111 MOVE data points
[2026-02-19T04:59:17.883Z] [lib/validate-data.js] WorldTimeAPI failed, trying alternative source
[2026-02-19T04:59:18.416Z] [lib/validate-data.js] Using TimeAPI date: 2026-02-19T04:59:18.5942607
[2026-02-19T04:59:18.416Z] [lib/validate-data.js] Using reference date: 2026-2-19
[2026-02-19T04:59:18.417Z] [lib/validate-data.js] MOVE index data validation passed ✓
[2026-02-19T04:59:18.417Z] [lib/validate-data.js] Validating SRF data...
[2026-02-19T04:59:18.418Z] [lib/validate-data.js] Found 1017 SRF data points
[2026-02-19T04:59:20.163Z] [lib/validate-data.js] WorldTimeAPI failed, trying alternative source
[2026-02-19T04:59:20.666Z] [lib/validate-data.js] Using TimeAPI date: 2026-02-19T04:59:20.8492145
[2026-02-19T04:59:20.668Z] [lib/validate-data.js] SRF data validation passed ✓
[2026-02-19T04:59:20.668Z] [lib/validate-data.js] Validating Treasury funding data...
[2026-02-19T04:59:20.668Z] [lib/validate-data.js] Found 282 Treasury funding data points
[2026-02-19T04:59:20.669Z] [lib/validate-data.js] Treasury funding data validation passed ✓
[2026-02-19T04:59:20.669Z] [lib/validate-data.js] All data validation passed ✓
[2026-02-19T04:59:20.672Z] lib/validate-data.js completed successfully
[2026-02-19T04:59:20.672Z] Dashboard update process completed successfully
