[2026-02-05T04:54:18.002Z] Starting Liquidity Dashboard update process
[2026-02-05T04:54:18.004Z] Running lib/data-backup.js...
[2026-02-05T04:54:18.033Z] [lib/data-backup.js] ERROR: node:internal/modules/cjs/loader:1031
  throw err;
  ^

Error: Cannot find module '/home/runner/work/liquiditydashboard/liquiditydashboard/web/lib/data-backup.js'
    at Function.Module._resolveFilename (node:internal/modules/cjs/loader:1028:15)
    at Function.Module._load (node:internal/modules/cjs/loader:873:27)
    at Function.executeUserEntryPoint [as runMain] (node:internal/modules/run_main:81:12)
    at node:internal/main/run_main_module:22:47 {
  code: 'MODULE_NOT_FOUND',
  requireStack: []
}
[2026-02-05T04:54:18.036Z] lib/data-backup.js failed with exit code 1
[2026-02-05T04:54:18.037Z] Running lib/data-backup.js clean...
[2026-02-05T04:54:18.065Z] [lib/data-backup.js clean] ERROR: node:internal/modules/cjs/loader:1031
  throw err;
  ^

Error: Cannot find module '/home/runner/work/liquiditydashboard/liquiditydashboard/web/lib/data-backup.js'
    at Function.Module._resolveFilename (node:internal/modules/cjs/loader:1028:15)
    at Function.Module._load (node:internal/modules/cjs/loader:873:27)
    at Function.executeUserEntryPoint [as runMain] (node:internal/modules/run_main:81:12)
    at node:internal/main/run_main_module:22:47 {
  code: 'MODULE_NOT_FOUND',
  requireStack: []
}
[2026-02-05T04:54:18.067Z] lib/data-backup.js clean failed with exit code 1
[2026-02-05T04:54:18.067Z] Running lib/import-historical-move-data.js...
[2026-02-05T04:54:18.096Z] [lib/import-historical-move-data.js] ERROR: node:internal/modules/cjs/loader:1031
  throw err;
  ^

Error: Cannot find module '/home/runner/work/liquiditydashboard/liquiditydashboard/web/lib/import-historical-move-data.js'
    at Function.Module._resolveFilename (node:internal/modules/cjs/loader:1028:15)
    at Function.Module._load (node:internal/modules/cjs/loader:873:27)
    at Function.executeUserEntryPoint [as runMain] (node:internal/modules/run_main:81:12)
    at node:internal/main/run_main_module:22:47 {
  code: 'MODULE_NOT_FOUND',
  requireStack: []
}
[2026-02-05T04:54:18.098Z] lib/import-historical-move-data.js failed with exit code 1
[2026-02-05T04:54:18.098Z] Running lib/fetch-move-data.js...
[2026-02-05T04:54:18.127Z] [lib/fetch-move-data.js] ERROR: node:internal/modules/cjs/loader:1031
  throw err;
  ^

Error: Cannot find module '/home/runner/work/liquiditydashboard/liquiditydashboard/web/lib/fetch-move-data.js'
    at Function.Module._resolveFilename (node:internal/modules/cjs/loader:1028:15)
    at Function.Module._load (node:internal/modules/cjs/loader:873:27)
    at Function.executeUserEntryPoint [as runMain] (node:internal/modules/run_main:81:12)
    at node:internal/main/run_main_module:22:47 {
  code: 'MODULE_NOT_FOUND',
  requireStack: []
}
[2026-02-05T04:54:18.129Z] lib/fetch-move-data.js failed with exit code 1
[2026-02-05T04:54:18.129Z] Running lib/fetch-srf-data.js...
[2026-02-05T04:54:18.157Z] [lib/fetch-srf-data.js] ERROR: node:internal/modules/cjs/loader:1031
  throw err;
  ^

Error: Cannot find module '/home/runner/work/liquiditydashboard/liquiditydashboard/web/lib/fetch-srf-data.js'
    at Function.Module._resolveFilename (node:internal/modules/cjs/loader:1028:15)
    at Function.Module._load (node:internal/modules/cjs/loader:873:27)
    at Function.executeUserEntryPoint [as runMain] (node:internal/modules/run_main:81:12)
    at node:internal/main/run_main_module:22:47 {
  code: 'MODULE_NOT_FOUND',
  requireStack: []
}
[2026-02-05T04:54:18.160Z] lib/fetch-srf-data.js failed with exit code 1
[2026-02-05T04:54:18.160Z] Running lib/fetch-bill-share-data.js...
[2026-02-05T04:54:18.189Z] [lib/fetch-bill-share-data.js] ERROR: node:internal/modules/cjs/loader:1031
  throw err;
  ^

Error: Cannot find module '/home/runner/work/liquiditydashboard/liquiditydashboard/web/lib/fetch-bill-share-data.js'
    at Function.Module._resolveFilename (node:internal/modules/cjs/loader:1028:15)
    at Function.Module._load (node:internal/modules/cjs/loader:873:27)
    at Function.executeUserEntryPoint [as runMain] (node:internal/modules/run_main:81:12)
    at node:internal/main/run_main_module:22:47 {
  code: 'MODULE_NOT_FOUND',
  requireStack: []
}
[2026-02-05T04:54:18.191Z] lib/fetch-bill-share-data.js failed with exit code 1
[2026-02-05T04:54:18.191Z] Running lib/cleanup-future-dates.js...
[2026-02-05T04:54:18.267Z] [lib/cleanup-future-dates.js] Starting data cleanup process...
[2026-02-05T04:54:18.531Z] [lib/cleanup-future-dates.js] Using WorldTimeAPI date: 2026-02-05T04:54:18.513256+00:00
[2026-02-05T04:54:18.531Z] [lib/cleanup-future-dates.js] Using reference date: 2026-2-5

Processing MOVE index data (/home/runner/work/liquiditydashboard/liquiditydashboard/web/public/series/move.json)...
[2026-02-05T04:54:18.531Z] [lib/cleanup-future-dates.js] Loaded 111 MOVE index data points
[2026-02-05T04:54:18.532Z] [lib/cleanup-future-dates.js] No future-dated entries found in MOVE index data

Processing SRF data (/home/runner/work/liquiditydashboard/liquiditydashboard/web/public/series/srf.json)...
[2026-02-05T04:54:18.533Z] [lib/cleanup-future-dates.js] Loaded 1017 SRF data points
[2026-02-05T04:54:18.533Z] [lib/cleanup-future-dates.js] No future-dated entries found in SRF data
[2026-02-05T04:54:18.534Z] [lib/cleanup-future-dates.js] Processing Treasury bill share data (/home/runner/work/liquiditydashboard/liquiditydashboard/web/public/series/bill-share.json)...
Loaded 282 Treasury bill share data points
[2026-02-05T04:54:18.534Z] [lib/cleanup-future-dates.js] No future-dated entries found in Treasury bill share data

Cleanup complete! Removed 0 future-dated entries in total.
Data cleanup completed with no changes needed
[2026-02-05T04:54:18.538Z] lib/cleanup-future-dates.js completed successfully
[2026-02-05T04:54:18.538Z] Running lib/validate-data.js...
[2026-02-05T04:54:18.615Z] [lib/validate-data.js] Running data validation...
[2026-02-05T04:54:18.615Z] [lib/validate-data.js] Validating MOVE index data...
[2026-02-05T04:54:18.616Z] [lib/validate-data.js] Found 111 MOVE data points
[2026-02-05T04:54:18.724Z] [lib/validate-data.js] Using WorldTimeAPI date: 2026-02-05T04:54:18.707515+00:00
[2026-02-05T04:54:18.725Z] [lib/validate-data.js] Using reference date: 2026-2-5
[2026-02-05T04:54:18.725Z] [lib/validate-data.js] MOVE index data validation passed ✓
[2026-02-05T04:54:18.725Z] [lib/validate-data.js] Validating SRF data...
[2026-02-05T04:54:18.726Z] [lib/validate-data.js] Found 1017 SRF data points
[2026-02-05T04:54:18.824Z] [lib/validate-data.js] Using WorldTimeAPI date: 2026-02-05T04:54:18.809065+00:00
[2026-02-05T04:54:18.826Z] [lib/validate-data.js] SRF data validation passed ✓
[2026-02-05T04:54:18.826Z] [lib/validate-data.js] Validating Treasury funding data...
[2026-02-05T04:54:18.826Z] [lib/validate-data.js] Found 282 Treasury funding data points
[2026-02-05T04:54:18.826Z] [lib/validate-data.js] Treasury funding data validation passed ✓
[2026-02-05T04:54:18.826Z] [lib/validate-data.js] All data validation passed ✓
[2026-02-05T04:54:18.829Z] lib/validate-data.js completed successfully
[2026-02-05T04:54:18.829Z] Dashboard update process completed successfully
