[2026-07-20T06:22:34.076Z] Starting Liquidity Dashboard update process
[2026-07-20T06:22:34.077Z] Running lib/data-backup.js...
[2026-07-20T06:22:34.107Z] [lib/data-backup.js] ERROR: node:internal/modules/cjs/loader:1031
  throw err;
  ^

Error: Cannot find module '/home/runner/work/liquiditydashboard/liquiditydashboard/web/lib/data-backup.js'
    at Function.Module._resolveFilename (node:internal/modules/cjs/loader:1028:15)
    at Function.Module._load (node:internal/modules/cjs/loader:873:27)
    at Function.executeUserEntryPoint [as runMain] (node:internal/modules/run_main:81:12)
    at node:internal/main/run_main_module:22:47 {
  code: 'MODULE_NOT_FOUND',
  requireStack: []
}
[2026-07-20T06:22:34.110Z] lib/data-backup.js failed with exit code 1
[2026-07-20T06:22:34.110Z] Running lib/data-backup.js clean...
[2026-07-20T06:22:34.139Z] [lib/data-backup.js clean] ERROR: node:internal/modules/cjs/loader:1031
  throw err;
  ^

Error: Cannot find module '/home/runner/work/liquiditydashboard/liquiditydashboard/web/lib/data-backup.js'
    at Function.Module._resolveFilename (node:internal/modules/cjs/loader:1028:15)
    at Function.Module._load (node:internal/modules/cjs/loader:873:27)
    at Function.executeUserEntryPoint [as runMain] (node:internal/modules/run_main:81:12)
    at node:internal/main/run_main_module:22:47 {
  code: 'MODULE_NOT_FOUND',
  requireStack: []
}
[2026-07-20T06:22:34.140Z] lib/data-backup.js clean failed with exit code 1
[2026-07-20T06:22:34.140Z] Running lib/import-historical-move-data.js...
[2026-07-20T06:22:34.170Z] [lib/import-historical-move-data.js] ERROR: node:internal/modules/cjs/loader:1031
  throw err;
  ^

Error: Cannot find module '/home/runner/work/liquiditydashboard/liquiditydashboard/web/lib/import-historical-move-data.js'
    at Function.Module._resolveFilename (node:internal/modules/cjs/loader:1028:15)
    at Function.Module._load (node:internal/modules/cjs/loader:873:27)
    at Function.executeUserEntryPoint [as runMain] (node:internal/modules/run_main:81:12)
    at node:internal/main/run_main_module:22:47 {
  code: 'MODULE_NOT_FOUND',
  requireStack: []
}
[2026-07-20T06:22:34.172Z] lib/import-historical-move-data.js failed with exit code 1
[2026-07-20T06:22:34.172Z] Running lib/fetch-move-data.js...
[2026-07-20T06:22:34.201Z] [lib/fetch-move-data.js] ERROR: node:internal/modules/cjs/loader:1031
  throw err;
  ^

Error: Cannot find module '/home/runner/work/liquiditydashboard/liquiditydashboard/web/lib/fetch-move-data.js'
    at Function.Module._resolveFilename (node:internal/modules/cjs/loader:1028:15)
    at Function.Module._load (node:internal/modules/cjs/loader:873:27)
    at Function.executeUserEntryPoint [as runMain] (node:internal/modules/run_main:81:12)
    at node:internal/main/run_main_module:22:47 {
  code: 'MODULE_NOT_FOUND',
  requireStack: []
}
[2026-07-20T06:22:34.203Z] lib/fetch-move-data.js failed with exit code 1
[2026-07-20T06:22:34.203Z] Running lib/fetch-srf-data.js...
[2026-07-20T06:22:34.232Z] [lib/fetch-srf-data.js] ERROR: node:internal/modules/cjs/loader:1031
  throw err;
  ^

Error: Cannot find module '/home/runner/work/liquiditydashboard/liquiditydashboard/web/lib/fetch-srf-data.js'
    at Function.Module._resolveFilename (node:internal/modules/cjs/loader:1028:15)
    at Function.Module._load (node:internal/modules/cjs/loader:873:27)
    at Function.executeUserEntryPoint [as runMain] (node:internal/modules/run_main:81:12)
    at node:internal/main/run_main_module:22:47 {
  code: 'MODULE_NOT_FOUND',
  requireStack: []
}
[2026-07-20T06:22:34.234Z] lib/fetch-srf-data.js failed with exit code 1
[2026-07-20T06:22:34.234Z] Running lib/fetch-bill-share-data.js...
[2026-07-20T06:22:34.263Z] [lib/fetch-bill-share-data.js] ERROR: node:internal/modules/cjs/loader:1031
  throw err;
  ^

Error: Cannot find module '/home/runner/work/liquiditydashboard/liquiditydashboard/web/lib/fetch-bill-share-data.js'
    at Function.Module._resolveFilename (node:internal/modules/cjs/loader:1028:15)
    at Function.Module._load (node:internal/modules/cjs/loader:873:27)
    at Function.executeUserEntryPoint [as runMain] (node:internal/modules/run_main:81:12)
    at node:internal/main/run_main_module:22:47 {
  code: 'MODULE_NOT_FOUND',
  requireStack: []
}
[2026-07-20T06:22:34.265Z] lib/fetch-bill-share-data.js failed with exit code 1
[2026-07-20T06:22:34.265Z] Running lib/cleanup-future-dates.js...
[2026-07-20T06:22:34.347Z] [lib/cleanup-future-dates.js] Starting data cleanup process...
[2026-07-20T06:22:34.489Z] [lib/cleanup-future-dates.js] WorldTimeAPI failed, trying alternative source
[2026-07-20T06:22:35.025Z] [lib/cleanup-future-dates.js] Using TimeAPI date: 2026-07-20T06:14:07.6892463
[2026-07-20T06:22:35.025Z] [lib/cleanup-future-dates.js] Using reference date: 2026-7-20
[2026-07-20T06:22:35.025Z] [lib/cleanup-future-dates.js] Processing MOVE index data (/home/runner/work/liquiditydashboard/liquiditydashboard/web/public/series/move.json)...
[2026-07-20T06:22:35.026Z] [lib/cleanup-future-dates.js] Loaded 111 MOVE index data points
[2026-07-20T06:22:35.026Z] [lib/cleanup-future-dates.js] No future-dated entries found in MOVE index data
[2026-07-20T06:22:35.026Z] [lib/cleanup-future-dates.js] Processing SRF data (/home/runner/work/liquiditydashboard/liquiditydashboard/web/public/series/srf.json)...
[2026-07-20T06:22:35.026Z] [lib/cleanup-future-dates.js] Loaded 1017 SRF data points
[2026-07-20T06:22:35.027Z] [lib/cleanup-future-dates.js] No future-dated entries found in SRF data
[2026-07-20T06:22:35.027Z] [lib/cleanup-future-dates.js] Processing Treasury bill share data (/home/runner/work/liquiditydashboard/liquiditydashboard/web/public/series/bill-share.json)...
[2026-07-20T06:22:35.028Z] [lib/cleanup-future-dates.js] Loaded 282 Treasury bill share data points
[2026-07-20T06:22:35.028Z] [lib/cleanup-future-dates.js] No future-dated entries found in Treasury bill share data
[2026-07-20T06:22:35.028Z] [lib/cleanup-future-dates.js] Cleanup complete! Removed 0 future-dated entries in total.
[2026-07-20T06:22:35.028Z] [lib/cleanup-future-dates.js] Data cleanup completed with no changes needed
[2026-07-20T06:22:35.031Z] lib/cleanup-future-dates.js completed successfully
[2026-07-20T06:22:35.031Z] Running lib/validate-data.js...
[2026-07-20T06:22:35.112Z] [lib/validate-data.js] Running data validation...
[2026-07-20T06:22:35.113Z] [lib/validate-data.js] Validating MOVE index data...
[2026-07-20T06:22:35.113Z] [lib/validate-data.js] Found 111 MOVE data points
[2026-07-20T06:22:35.203Z] [lib/validate-data.js] WorldTimeAPI failed, trying alternative source
[2026-07-20T06:22:35.702Z] [lib/validate-data.js] Using TimeAPI date: 2026-07-20T06:14:08.3662713
[2026-07-20T06:22:35.703Z] [lib/validate-data.js] Using reference date: 2026-7-20
[2026-07-20T06:22:35.703Z] [lib/validate-data.js] MOVE index data validation passed ✓
[2026-07-20T06:22:35.703Z] [lib/validate-data.js] Validating SRF data...
[2026-07-20T06:22:35.704Z] [lib/validate-data.js] Found 1017 SRF data points
[2026-07-20T06:22:35.776Z] [lib/validate-data.js] WorldTimeAPI failed, trying alternative source
[2026-07-20T06:22:36.272Z] [lib/validate-data.js] Using TimeAPI date: 2026-07-20T06:14:08.9398474
[2026-07-20T06:22:36.274Z] [lib/validate-data.js] SRF data validation passed ✓
[2026-07-20T06:22:36.274Z] [lib/validate-data.js] Validating Treasury funding data...
[2026-07-20T06:22:36.275Z] [lib/validate-data.js] Found 282 Treasury funding data points
[2026-07-20T06:22:36.275Z] [lib/validate-data.js] Treasury funding data validation passed ✓
[2026-07-20T06:22:36.275Z] [lib/validate-data.js] All data validation passed ✓
[2026-07-20T06:22:36.278Z] lib/validate-data.js completed successfully
[2026-07-20T06:22:36.278Z] Dashboard update process completed successfully
