[2026-03-31T05:17:38.848Z] Starting Liquidity Dashboard update process
[2026-03-31T05:17:38.850Z] Running lib/data-backup.js...
[2026-03-31T05:17:38.880Z] [lib/data-backup.js] ERROR: node:internal/modules/cjs/loader:1031
  throw err;
  ^

Error: Cannot find module '/home/runner/work/liquiditydashboard/liquiditydashboard/web/lib/data-backup.js'
    at Function.Module._resolveFilename (node:internal/modules/cjs/loader:1028:15)
    at Function.Module._load (node:internal/modules/cjs/loader:873:27)
    at Function.executeUserEntryPoint [as runMain] (node:internal/modules/run_main:81:12)
    at node:internal/main/run_main_module:22:47 {
  code: 'MODULE_NOT_FOUND',
  requireStack: []
}
[2026-03-31T05:17:38.883Z] lib/data-backup.js failed with exit code 1
[2026-03-31T05:17:38.883Z] Running lib/data-backup.js clean...
[2026-03-31T05:17:38.911Z] [lib/data-backup.js clean] ERROR: node:internal/modules/cjs/loader:1031
  throw err;
  ^

Error: Cannot find module '/home/runner/work/liquiditydashboard/liquiditydashboard/web/lib/data-backup.js'
    at Function.Module._resolveFilename (node:internal/modules/cjs/loader:1028:15)
    at Function.Module._load (node:internal/modules/cjs/loader:873:27)
    at Function.executeUserEntryPoint [as runMain] (node:internal/modules/run_main:81:12)
    at node:internal/main/run_main_module:22:47 {
  code: 'MODULE_NOT_FOUND',
  requireStack: []
}
[2026-03-31T05:17:38.913Z] lib/data-backup.js clean failed with exit code 1
[2026-03-31T05:17:38.913Z] Running lib/import-historical-move-data.js...
[2026-03-31T05:17:38.941Z] [lib/import-historical-move-data.js] ERROR: node:internal/modules/cjs/loader:1031
  throw err;
  ^

Error: Cannot find module '/home/runner/work/liquiditydashboard/liquiditydashboard/web/lib/import-historical-move-data.js'
    at Function.Module._resolveFilename (node:internal/modules/cjs/loader:1028:15)
    at Function.Module._load (node:internal/modules/cjs/loader:873:27)
    at Function.executeUserEntryPoint [as runMain] (node:internal/modules/run_main:81:12)
    at node:internal/main/run_main_module:22:47 {
  code: 'MODULE_NOT_FOUND',
  requireStack: []
}
[2026-03-31T05:17:38.943Z] lib/import-historical-move-data.js failed with exit code 1
[2026-03-31T05:17:38.943Z] Running lib/fetch-move-data.js...
[2026-03-31T05:17:38.971Z] [lib/fetch-move-data.js] ERROR: node:internal/modules/cjs/loader:1031
  throw err;
  ^

Error: Cannot find module '/home/runner/work/liquiditydashboard/liquiditydashboard/web/lib/fetch-move-data.js'
    at Function.Module._resolveFilename (node:internal/modules/cjs/loader:1028:15)
    at Function.Module._load (node:internal/modules/cjs/loader:873:27)
    at Function.executeUserEntryPoint [as runMain] (node:internal/modules/run_main:81:12)
    at node:internal/main/run_main_module:22:47 {
  code: 'MODULE_NOT_FOUND',
  requireStack: []
}
[2026-03-31T05:17:38.973Z] lib/fetch-move-data.js failed with exit code 1
[2026-03-31T05:17:38.973Z] Running lib/fetch-srf-data.js...
[2026-03-31T05:17:39.002Z] [lib/fetch-srf-data.js] ERROR: node:internal/modules/cjs/loader:1031
  throw err;
  ^

Error: Cannot find module '/home/runner/work/liquiditydashboard/liquiditydashboard/web/lib/fetch-srf-data.js'
    at Function.Module._resolveFilename (node:internal/modules/cjs/loader:1028:15)
    at Function.Module._load (node:internal/modules/cjs/loader:873:27)
    at Function.executeUserEntryPoint [as runMain] (node:internal/modules/run_main:81:12)
    at node:internal/main/run_main_module:22:47 {
  code: 'MODULE_NOT_FOUND',
  requireStack: []
}
[2026-03-31T05:17:39.003Z] lib/fetch-srf-data.js failed with exit code 1
[2026-03-31T05:17:39.004Z] Running lib/fetch-bill-share-data.js...
[2026-03-31T05:17:39.034Z] [lib/fetch-bill-share-data.js] ERROR: node:internal/modules/cjs/loader:1031
  throw err;
  ^

Error: Cannot find module '/home/runner/work/liquiditydashboard/liquiditydashboard/web/lib/fetch-bill-share-data.js'
    at Function.Module._resolveFilename (node:internal/modules/cjs/loader:1028:15)
    at Function.Module._load (node:internal/modules/cjs/loader:873:27)
    at Function.executeUserEntryPoint [as runMain] (node:internal/modules/run_main:81:12)
    at node:internal/main/run_main_module:22:47 {
  code: 'MODULE_NOT_FOUND',
  requireStack: []
}
[2026-03-31T05:17:39.036Z] lib/fetch-bill-share-data.js failed with exit code 1
[2026-03-31T05:17:39.036Z] Running lib/cleanup-future-dates.js...
[2026-03-31T05:17:39.112Z] [lib/cleanup-future-dates.js] Starting data cleanup process...
[2026-03-31T05:17:39.283Z] [lib/cleanup-future-dates.js] Using WorldTimeAPI date: 2026-03-31T05:17:39.275034+00:00
[2026-03-31T05:17:39.283Z] [lib/cleanup-future-dates.js] Using reference date: 2026-3-31

Processing MOVE index data (/home/runner/work/liquiditydashboard/liquiditydashboard/web/public/series/move.json)...
[2026-03-31T05:17:39.284Z] [lib/cleanup-future-dates.js] Loaded 111 MOVE index data points
No future-dated entries found in MOVE index data

Processing SRF data (/home/runner/work/liquiditydashboard/liquiditydashboard/web/public/series/srf.json)...
[2026-03-31T05:17:39.285Z] [lib/cleanup-future-dates.js] Loaded 1017 SRF data points
[2026-03-31T05:17:39.286Z] [lib/cleanup-future-dates.js] No future-dated entries found in SRF data
[2026-03-31T05:17:39.286Z] [lib/cleanup-future-dates.js] Processing Treasury bill share data (/home/runner/work/liquiditydashboard/liquiditydashboard/web/public/series/bill-share.json)...
[2026-03-31T05:17:39.286Z] [lib/cleanup-future-dates.js] Loaded 282 Treasury bill share data points
[2026-03-31T05:17:39.287Z] [lib/cleanup-future-dates.js] No future-dated entries found in Treasury bill share data

Cleanup complete! Removed 0 future-dated entries in total.
Data cleanup completed with no changes needed
[2026-03-31T05:17:39.290Z] lib/cleanup-future-dates.js completed successfully
[2026-03-31T05:17:39.290Z] Running lib/validate-data.js...
[2026-03-31T05:17:39.371Z] [lib/validate-data.js] Running data validation...
[2026-03-31T05:17:39.371Z] [lib/validate-data.js] Validating MOVE index data...
[2026-03-31T05:17:39.372Z] [lib/validate-data.js] Found 111 MOVE data points
[2026-03-31T05:17:39.463Z] [lib/validate-data.js] WorldTimeAPI failed, trying alternative source
[2026-03-31T05:17:39.891Z] [lib/validate-data.js] Using TimeAPI date: 2026-03-31T05:17:39.7309449
[2026-03-31T05:17:39.892Z] [lib/validate-data.js] Using reference date: 2026-3-31
[2026-03-31T05:17:39.892Z] [lib/validate-data.js] MOVE index data validation passed ✓
[2026-03-31T05:17:39.892Z] [lib/validate-data.js] Validating SRF data...
[2026-03-31T05:17:39.893Z] [lib/validate-data.js] Found 1017 SRF data points
[2026-03-31T05:17:39.927Z] [lib/validate-data.js] WorldTimeAPI failed, trying alternative source
[2026-03-31T05:17:40.342Z] [lib/validate-data.js] Using TimeAPI date: 2026-03-31T05:17:40.1864289
[2026-03-31T05:17:40.344Z] [lib/validate-data.js] SRF data validation passed ✓
[2026-03-31T05:17:40.344Z] [lib/validate-data.js] Validating Treasury funding data...
[2026-03-31T05:17:40.344Z] [lib/validate-data.js] Found 282 Treasury funding data points
[2026-03-31T05:17:40.344Z] [lib/validate-data.js] Treasury funding data validation passed ✓
[2026-03-31T05:17:40.344Z] [lib/validate-data.js] All data validation passed ✓
[2026-03-31T05:17:40.347Z] lib/validate-data.js completed successfully
[2026-03-31T05:17:40.347Z] Dashboard update process completed successfully
