[2025-08-05T04:11:56.069Z] Starting Liquidity Dashboard update process
[2025-08-05T04:11:56.071Z] Running lib/data-backup.js...
[2025-08-05T04:11:56.100Z] [lib/data-backup.js] ERROR: node:internal/modules/cjs/loader:1031
  throw err;
  ^

Error: Cannot find module '/home/runner/work/liquiditydashboard/liquiditydashboard/web/lib/data-backup.js'
    at Function.Module._resolveFilename (node:internal/modules/cjs/loader:1028:15)
    at Function.Module._load (node:internal/modules/cjs/loader:873:27)
    at Function.executeUserEntryPoint [as runMain] (node:internal/modules/run_main:81:12)
    at node:internal/main/run_main_module:22:47 {
  code: 'MODULE_NOT_FOUND',
  requireStack: []
}
[2025-08-05T04:11:56.102Z] lib/data-backup.js failed with exit code 1
[2025-08-05T04:11:56.103Z] Running lib/data-backup.js clean...
[2025-08-05T04:11:56.130Z] [lib/data-backup.js clean] ERROR: node:internal/modules/cjs/loader:1031
  throw err;
  ^

Error: Cannot find module '/home/runner/work/liquiditydashboard/liquiditydashboard/web/lib/data-backup.js'
    at Function.Module._resolveFilename (node:internal/modules/cjs/loader:1028:15)
    at Function.Module._load (node:internal/modules/cjs/loader:873:27)
    at Function.executeUserEntryPoint [as runMain] (node:internal/modules/run_main:81:12)
    at node:internal/main/run_main_module:22:47 {
  code: 'MODULE_NOT_FOUND',
  requireStack: []
}
[2025-08-05T04:11:56.132Z] lib/data-backup.js clean failed with exit code 1
[2025-08-05T04:11:56.133Z] Running lib/import-historical-move-data.js...
[2025-08-05T04:11:56.160Z] [lib/import-historical-move-data.js] ERROR: node:internal/modules/cjs/loader:1031
  throw err;
  ^

Error: Cannot find module '/home/runner/work/liquiditydashboard/liquiditydashboard/web/lib/import-historical-move-data.js'
    at Function.Module._resolveFilename (node:internal/modules/cjs/loader:1028:15)
    at Function.Module._load (node:internal/modules/cjs/loader:873:27)
    at Function.executeUserEntryPoint [as runMain] (node:internal/modules/run_main:81:12)
    at node:internal/main/run_main_module:22:47 {
  code: 'MODULE_NOT_FOUND',
  requireStack: []
}
[2025-08-05T04:11:56.162Z] lib/import-historical-move-data.js failed with exit code 1
[2025-08-05T04:11:56.162Z] Running lib/fetch-move-data.js...
[2025-08-05T04:11:56.189Z] [lib/fetch-move-data.js] ERROR: node:internal/modules/cjs/loader:1031
  throw err;
  ^

Error: Cannot find module '/home/runner/work/liquiditydashboard/liquiditydashboard/web/lib/fetch-move-data.js'
    at Function.Module._resolveFilename (node:internal/modules/cjs/loader:1028:15)
    at Function.Module._load (node:internal/modules/cjs/loader:873:27)
    at Function.executeUserEntryPoint [as runMain] (node:internal/modules/run_main:81:12)
    at node:internal/main/run_main_module:22:47 {
  code: 'MODULE_NOT_FOUND',
  requireStack: []
}
[2025-08-05T04:11:56.191Z] lib/fetch-move-data.js failed with exit code 1
[2025-08-05T04:11:56.191Z] Running lib/fetch-srf-data.js...
[2025-08-05T04:11:56.219Z] [lib/fetch-srf-data.js] ERROR: node:internal/modules/cjs/loader:1031
  throw err;
  ^

Error: Cannot find module '/home/runner/work/liquiditydashboard/liquiditydashboard/web/lib/fetch-srf-data.js'
    at Function.Module._resolveFilename (node:internal/modules/cjs/loader:1028:15)
    at Function.Module._load (node:internal/modules/cjs/loader:873:27)
    at Function.executeUserEntryPoint [as runMain] (node:internal/modules/run_main:81:12)
    at node:internal/main/run_main_module:22:47 {
  code: 'MODULE_NOT_FOUND',
  requireStack: []
}
[2025-08-05T04:11:56.221Z] lib/fetch-srf-data.js failed with exit code 1
[2025-08-05T04:11:56.222Z] Running lib/fetch-bill-share-data.js...
[2025-08-05T04:11:56.250Z] [lib/fetch-bill-share-data.js] ERROR: node:internal/modules/cjs/loader:1031
  throw err;
  ^

Error: Cannot find module '/home/runner/work/liquiditydashboard/liquiditydashboard/web/lib/fetch-bill-share-data.js'
    at Function.Module._resolveFilename (node:internal/modules/cjs/loader:1028:15)
    at Function.Module._load (node:internal/modules/cjs/loader:873:27)
    at Function.executeUserEntryPoint [as runMain] (node:internal/modules/run_main:81:12)
    at node:internal/main/run_main_module:22:47 {
  code: 'MODULE_NOT_FOUND',
  requireStack: []
}
[2025-08-05T04:11:56.252Z] lib/fetch-bill-share-data.js failed with exit code 1
[2025-08-05T04:11:56.252Z] Running lib/cleanup-future-dates.js...
[2025-08-05T04:11:56.326Z] [lib/cleanup-future-dates.js] Starting data cleanup process...
[2025-08-05T04:11:56.468Z] [lib/cleanup-future-dates.js] WorldTimeAPI failed, trying alternative source
[2025-08-05T04:11:57.496Z] [lib/cleanup-future-dates.js] Using TimeAPI date: 2025-08-05T04:11:57.4354134
[2025-08-05T04:11:57.496Z] [lib/cleanup-future-dates.js] Using reference date: 2025-8-5

Processing MOVE index data (/home/runner/work/liquiditydashboard/liquiditydashboard/web/public/series/move.json)...
[2025-08-05T04:11:57.497Z] [lib/cleanup-future-dates.js] Loaded 111 MOVE index data points
[2025-08-05T04:11:57.497Z] [lib/cleanup-future-dates.js] No future-dated entries found in MOVE index data
[2025-08-05T04:11:57.497Z] [lib/cleanup-future-dates.js] Processing SRF data (/home/runner/work/liquiditydashboard/liquiditydashboard/web/public/series/srf.json)...
[2025-08-05T04:11:57.498Z] [lib/cleanup-future-dates.js] Loaded 1017 SRF data points
[2025-08-05T04:11:57.499Z] [lib/cleanup-future-dates.js] No future-dated entries found in SRF data
[2025-08-05T04:11:57.499Z] [lib/cleanup-future-dates.js] Processing Treasury bill share data (/home/runner/work/liquiditydashboard/liquiditydashboard/web/public/series/bill-share.json)...
[2025-08-05T04:11:57.499Z] [lib/cleanup-future-dates.js] Loaded 282 Treasury bill share data points
[2025-08-05T04:11:57.500Z] [lib/cleanup-future-dates.js] No future-dated entries found in Treasury bill share data
[2025-08-05T04:11:57.500Z] [lib/cleanup-future-dates.js] Cleanup complete! Removed 0 future-dated entries in total.
[2025-08-05T04:11:57.500Z] [lib/cleanup-future-dates.js] Data cleanup completed with no changes needed
[2025-08-05T04:11:57.503Z] lib/cleanup-future-dates.js completed successfully
[2025-08-05T04:11:57.503Z] Running lib/validate-data.js...
[2025-08-05T04:11:57.575Z] [lib/validate-data.js] Running data validation...
[2025-08-05T04:11:57.575Z] [lib/validate-data.js] Validating MOVE index data...
[2025-08-05T04:11:57.576Z] [lib/validate-data.js] Found 111 MOVE data points
[2025-08-05T04:11:57.620Z] [lib/validate-data.js] WorldTimeAPI failed, trying alternative source
[2025-08-05T04:11:58.100Z] [lib/validate-data.js] Using TimeAPI date: 2025-08-05T04:11:58.0398708
[2025-08-05T04:11:58.100Z] [lib/validate-data.js] Using reference date: 2025-8-5
[2025-08-05T04:11:58.101Z] [lib/validate-data.js] MOVE index data validation passed ✓
[2025-08-05T04:11:58.101Z] [lib/validate-data.js] Validating SRF data...
[2025-08-05T04:11:58.102Z] [lib/validate-data.js] Found 1017 SRF data points
[2025-08-05T04:11:58.710Z] [lib/validate-data.js] Using WorldTimeAPI date: 2025-08-05T04:11:58.697983+00:00
[2025-08-05T04:11:58.711Z] [lib/validate-data.js] SRF data validation passed ✓
[2025-08-05T04:11:58.712Z] [lib/validate-data.js] Validating Treasury funding data...
[2025-08-05T04:11:58.712Z] [lib/validate-data.js] Found 282 Treasury funding data points
[2025-08-05T04:11:58.712Z] [lib/validate-data.js] Treasury funding data validation passed ✓
[2025-08-05T04:11:58.712Z] [lib/validate-data.js] All data validation passed ✓
[2025-08-05T04:11:58.715Z] lib/validate-data.js completed successfully
[2025-08-05T04:11:58.715Z] Dashboard update process completed successfully
