[2025-07-26T04:00:58.339Z] Starting Liquidity Dashboard update process
[2025-07-26T04:00:58.341Z] Running lib/data-backup.js...
[2025-07-26T04:00:58.371Z] [lib/data-backup.js] ERROR: node:internal/modules/cjs/loader:1031
  throw err;
  ^

Error: Cannot find module '/home/runner/work/liquiditydashboard/liquiditydashboard/web/lib/data-backup.js'
    at Function.Module._resolveFilename (node:internal/modules/cjs/loader:1028:15)
    at Function.Module._load (node:internal/modules/cjs/loader:873:27)
    at Function.executeUserEntryPoint [as runMain] (node:internal/modules/run_main:81:12)
    at node:internal/main/run_main_module:22:47 {
  code: 'MODULE_NOT_FOUND',
  requireStack: []
}
[2025-07-26T04:00:58.373Z] lib/data-backup.js failed with exit code 1
[2025-07-26T04:00:58.374Z] Running lib/data-backup.js clean...
[2025-07-26T04:00:58.402Z] [lib/data-backup.js clean] ERROR: node:internal/modules/cjs/loader:1031
  throw err;
  ^

Error: Cannot find module '/home/runner/work/liquiditydashboard/liquiditydashboard/web/lib/data-backup.js'
    at Function.Module._resolveFilename (node:internal/modules/cjs/loader:1028:15)
    at Function.Module._load (node:internal/modules/cjs/loader:873:27)
    at Function.executeUserEntryPoint [as runMain] (node:internal/modules/run_main:81:12)
    at node:internal/main/run_main_module:22:47 {
  code: 'MODULE_NOT_FOUND',
  requireStack: []
}
[2025-07-26T04:00:58.404Z] lib/data-backup.js clean failed with exit code 1
[2025-07-26T04:00:58.404Z] Running lib/import-historical-move-data.js...
[2025-07-26T04:00:58.432Z] [lib/import-historical-move-data.js] ERROR: node:internal/modules/cjs/loader:1031
  throw err;
  ^

Error: Cannot find module '/home/runner/work/liquiditydashboard/liquiditydashboard/web/lib/import-historical-move-data.js'
    at Function.Module._resolveFilename (node:internal/modules/cjs/loader:1028:15)
    at Function.Module._load (node:internal/modules/cjs/loader:873:27)
    at Function.executeUserEntryPoint [as runMain] (node:internal/modules/run_main:81:12)
    at node:internal/main/run_main_module:22:47 {
  code: 'MODULE_NOT_FOUND',
  requireStack: []
}
[2025-07-26T04:00:58.435Z] lib/import-historical-move-data.js failed with exit code 1
[2025-07-26T04:00:58.435Z] Running lib/fetch-move-data.js...
[2025-07-26T04:00:58.469Z] [lib/fetch-move-data.js] ERROR: node:internal/modules/cjs/loader:1031
  throw err;
  ^

Error: Cannot find module '/home/runner/work/liquiditydashboard/liquiditydashboard/web/lib/fetch-move-data.js'
    at Function.Module._resolveFilename (node:internal/modules/cjs/loader:1028:15)
    at Function.Module._load (node:internal/modules/cjs/loader:873:27)
    at Function.executeUserEntryPoint [as runMain] (node:internal/modules/run_main:81:12)
    at node:internal/main/run_main_module:22:47 {
  code: 'MODULE_NOT_FOUND',
  requireStack: []
}
[2025-07-26T04:00:58.472Z] lib/fetch-move-data.js failed with exit code 1
[2025-07-26T04:00:58.472Z] Running lib/fetch-srf-data.js...
[2025-07-26T04:00:58.505Z] [lib/fetch-srf-data.js] ERROR: node:internal/modules/cjs/loader:1031
  throw err;
  ^

Error: Cannot find module '/home/runner/work/liquiditydashboard/liquiditydashboard/web/lib/fetch-srf-data.js'
    at Function.Module._resolveFilename (node:internal/modules/cjs/loader:1028:15)
    at Function.Module._load (node:internal/modules/cjs/loader:873:27)
    at Function.executeUserEntryPoint [as runMain] (node:internal/modules/run_main:81:12)
    at node:internal/main/run_main_module:22:47 {
  code: 'MODULE_NOT_FOUND',
  requireStack: []
}
[2025-07-26T04:00:58.509Z] lib/fetch-srf-data.js failed with exit code 1
[2025-07-26T04:00:58.509Z] Running lib/fetch-bill-share-data.js...
[2025-07-26T04:00:58.542Z] [lib/fetch-bill-share-data.js] ERROR: node:internal/modules/cjs/loader:1031
  throw err;
  ^

Error: Cannot find module '/home/runner/work/liquiditydashboard/liquiditydashboard/web/lib/fetch-bill-share-data.js'
    at Function.Module._resolveFilename (node:internal/modules/cjs/loader:1028:15)
    at Function.Module._load (node:internal/modules/cjs/loader:873:27)
    at Function.executeUserEntryPoint [as runMain] (node:internal/modules/run_main:81:12)
    at node:internal/main/run_main_module:22:47 {
  code: 'MODULE_NOT_FOUND',
  requireStack: []
}
[2025-07-26T04:00:58.544Z] lib/fetch-bill-share-data.js failed with exit code 1
[2025-07-26T04:00:58.544Z] Running lib/cleanup-future-dates.js...
[2025-07-26T04:00:58.618Z] [lib/cleanup-future-dates.js] Starting data cleanup process...
[2025-07-26T04:00:58.920Z] [lib/cleanup-future-dates.js] Using WorldTimeAPI date: 2025-07-26T04:00:58.902466+00:00
[2025-07-26T04:00:58.920Z] [lib/cleanup-future-dates.js] Using reference date: 2025-7-26
[2025-07-26T04:00:58.920Z] [lib/cleanup-future-dates.js] Processing MOVE index data (/home/runner/work/liquiditydashboard/liquiditydashboard/web/public/series/move.json)...
[2025-07-26T04:00:58.921Z] [lib/cleanup-future-dates.js] Loaded 111 MOVE index data points
[2025-07-26T04:00:58.921Z] [lib/cleanup-future-dates.js] No future-dated entries found in MOVE index data
[2025-07-26T04:00:58.921Z] [lib/cleanup-future-dates.js] Processing SRF data (/home/runner/work/liquiditydashboard/liquiditydashboard/web/public/series/srf.json)...
[2025-07-26T04:00:58.921Z] [lib/cleanup-future-dates.js] Loaded 1017 SRF data points
[2025-07-26T04:00:58.923Z] [lib/cleanup-future-dates.js] No future-dated entries found in SRF data
[2025-07-26T04:00:58.923Z] [lib/cleanup-future-dates.js] Processing Treasury bill share data (/home/runner/work/liquiditydashboard/liquiditydashboard/web/public/series/bill-share.json)...
[2025-07-26T04:00:58.923Z] [lib/cleanup-future-dates.js] Loaded 282 Treasury bill share data points
[2025-07-26T04:00:58.923Z] [lib/cleanup-future-dates.js] No future-dated entries found in Treasury bill share data
[2025-07-26T04:00:58.924Z] [lib/cleanup-future-dates.js] Cleanup complete! Removed 0 future-dated entries in total.
Data cleanup completed with no changes needed
[2025-07-26T04:00:58.927Z] lib/cleanup-future-dates.js completed successfully
[2025-07-26T04:00:58.927Z] Running lib/validate-data.js...
[2025-07-26T04:00:58.999Z] [lib/validate-data.js] Running data validation...
[2025-07-26T04:00:59.000Z] [lib/validate-data.js] Validating MOVE index data...
[2025-07-26T04:00:59.000Z] [lib/validate-data.js] Found 111 MOVE data points
[2025-07-26T04:00:59.110Z] [lib/validate-data.js] WorldTimeAPI failed, trying alternative source
[2025-07-26T04:00:59.657Z] [lib/validate-data.js] Using TimeAPI date: 2025-07-26T04:00:59.6041202
[2025-07-26T04:00:59.658Z] [lib/validate-data.js] Using reference date: 2025-7-26
[2025-07-26T04:00:59.658Z] [lib/validate-data.js] MOVE index data validation passed ✓
[2025-07-26T04:00:59.658Z] [lib/validate-data.js] Validating SRF data...
[2025-07-26T04:00:59.659Z] [lib/validate-data.js] Found 1017 SRF data points
[2025-07-26T04:01:01.060Z] [lib/validate-data.js] Using WorldTimeAPI date: 2025-07-26T04:01:00.642342+00:00
[2025-07-26T04:01:01.062Z] [lib/validate-data.js] SRF data validation passed ✓
[2025-07-26T04:01:01.062Z] [lib/validate-data.js] Validating Treasury funding data...
[2025-07-26T04:01:01.062Z] [lib/validate-data.js] Found 282 Treasury funding data points
[2025-07-26T04:01:01.062Z] [lib/validate-data.js] Treasury funding data validation passed ✓
[2025-07-26T04:01:01.062Z] [lib/validate-data.js] All data validation passed ✓
[2025-07-26T04:01:01.065Z] lib/validate-data.js completed successfully
[2025-07-26T04:01:01.066Z] Dashboard update process completed successfully
