[2026-01-07T04:05:08.590Z] Starting Liquidity Dashboard update process
[2026-01-07T04:05:08.592Z] Running lib/data-backup.js...
[2026-01-07T04:05:08.621Z] [lib/data-backup.js] ERROR: node:internal/modules/cjs/loader:1031
  throw err;
  ^

Error: Cannot find module '/home/runner/work/liquiditydashboard/liquiditydashboard/web/lib/data-backup.js'
    at Function.Module._resolveFilename (node:internal/modules/cjs/loader:1028:15)
    at Function.Module._load (node:internal/modules/cjs/loader:873:27)
    at Function.executeUserEntryPoint [as runMain] (node:internal/modules/run_main:81:12)
    at node:internal/main/run_main_module:22:47 {
  code: 'MODULE_NOT_FOUND',
  requireStack: []
}
[2026-01-07T04:05:08.624Z] lib/data-backup.js failed with exit code 1
[2026-01-07T04:05:08.624Z] Running lib/data-backup.js clean...
[2026-01-07T04:05:08.653Z] [lib/data-backup.js clean] ERROR: node:internal/modules/cjs/loader:1031
  throw err;
  ^

Error: Cannot find module '/home/runner/work/liquiditydashboard/liquiditydashboard/web/lib/data-backup.js'
    at Function.Module._resolveFilename (node:internal/modules/cjs/loader:1028:15)
    at Function.Module._load (node:internal/modules/cjs/loader:873:27)
    at Function.executeUserEntryPoint [as runMain] (node:internal/modules/run_main:81:12)
    at node:internal/main/run_main_module:22:47 {
  code: 'MODULE_NOT_FOUND',
  requireStack: []
}
[2026-01-07T04:05:08.655Z] lib/data-backup.js clean failed with exit code 1
[2026-01-07T04:05:08.655Z] Running lib/import-historical-move-data.js...
[2026-01-07T04:05:08.683Z] [lib/import-historical-move-data.js] ERROR: node:internal/modules/cjs/loader:1031
  throw err;
  ^

Error: Cannot find module '/home/runner/work/liquiditydashboard/liquiditydashboard/web/lib/import-historical-move-data.js'
    at Function.Module._resolveFilename (node:internal/modules/cjs/loader:1028:15)
    at Function.Module._load (node:internal/modules/cjs/loader:873:27)
    at Function.executeUserEntryPoint [as runMain] (node:internal/modules/run_main:81:12)
    at node:internal/main/run_main_module:22:47 {
  code: 'MODULE_NOT_FOUND',
  requireStack: []
}
[2026-01-07T04:05:08.685Z] lib/import-historical-move-data.js failed with exit code 1
[2026-01-07T04:05:08.685Z] Running lib/fetch-move-data.js...
[2026-01-07T04:05:08.713Z] [lib/fetch-move-data.js] ERROR: node:internal/modules/cjs/loader:1031
  throw err;
  ^

Error: Cannot find module '/home/runner/work/liquiditydashboard/liquiditydashboard/web/lib/fetch-move-data.js'
    at Function.Module._resolveFilename (node:internal/modules/cjs/loader:1028:15)
    at Function.Module._load (node:internal/modules/cjs/loader:873:27)
    at Function.executeUserEntryPoint [as runMain] (node:internal/modules/run_main:81:12)
    at node:internal/main/run_main_module:22:47 {
  code: 'MODULE_NOT_FOUND',
  requireStack: []
}
[2026-01-07T04:05:08.716Z] lib/fetch-move-data.js failed with exit code 1
[2026-01-07T04:05:08.716Z] Running lib/fetch-srf-data.js...
[2026-01-07T04:05:08.750Z] [lib/fetch-srf-data.js] ERROR: node:internal/modules/cjs/loader:1031
  throw err;
  ^

Error: Cannot find module '/home/runner/work/liquiditydashboard/liquiditydashboard/web/lib/fetch-srf-data.js'
    at Function.Module._resolveFilename (node:internal/modules/cjs/loader:1028:15)
    at Function.Module._load (node:internal/modules/cjs/loader:873:27)
    at Function.executeUserEntryPoint [as runMain] (node:internal/modules/run_main:81:12)
    at node:internal/main/run_main_module:22:47 {
  code: 'MODULE_NOT_FOUND',
  requireStack: []
}
[2026-01-07T04:05:08.753Z] lib/fetch-srf-data.js failed with exit code 1
[2026-01-07T04:05:08.753Z] Running lib/fetch-bill-share-data.js...
[2026-01-07T04:05:08.782Z] [lib/fetch-bill-share-data.js] ERROR: node:internal/modules/cjs/loader:1031
  throw err;
  ^

Error: Cannot find module '/home/runner/work/liquiditydashboard/liquiditydashboard/web/lib/fetch-bill-share-data.js'
    at Function.Module._resolveFilename (node:internal/modules/cjs/loader:1028:15)
    at Function.Module._load (node:internal/modules/cjs/loader:873:27)
    at Function.executeUserEntryPoint [as runMain] (node:internal/modules/run_main:81:12)
    at node:internal/main/run_main_module:22:47 {
  code: 'MODULE_NOT_FOUND',
  requireStack: []
}
[2026-01-07T04:05:08.784Z] lib/fetch-bill-share-data.js failed with exit code 1
[2026-01-07T04:05:08.784Z] Running lib/cleanup-future-dates.js...
[2026-01-07T04:05:08.862Z] [lib/cleanup-future-dates.js] Starting data cleanup process...
[2026-01-07T04:05:09.134Z] [lib/cleanup-future-dates.js] WorldTimeAPI failed, trying alternative source
[2026-01-07T04:05:17.751Z] [lib/cleanup-future-dates.js] TimeAPI failed, falling back to config date
[2026-01-07T04:05:17.751Z] [lib/cleanup-future-dates.js] Using reference date: 2025-5-18
[2026-01-07T04:05:17.751Z] [lib/cleanup-future-dates.js] Processing MOVE index data (/home/runner/work/liquiditydashboard/liquiditydashboard/web/public/series/move.json)...
[2026-01-07T04:05:17.751Z] [lib/cleanup-future-dates.js] Loaded 111 MOVE index data points
[2026-01-07T04:05:17.752Z] [lib/cleanup-future-dates.js] No future-dated entries found in MOVE index data
[2026-01-07T04:05:17.752Z] [lib/cleanup-future-dates.js] Processing SRF data (/home/runner/work/liquiditydashboard/liquiditydashboard/web/public/series/srf.json)...
[2026-01-07T04:05:17.752Z] [lib/cleanup-future-dates.js] Loaded 1017 SRF data points
[2026-01-07T04:05:17.754Z] [lib/cleanup-future-dates.js] No future-dated entries found in SRF data
[2026-01-07T04:05:17.754Z] [lib/cleanup-future-dates.js] Processing Treasury bill share data (/home/runner/work/liquiditydashboard/liquiditydashboard/web/public/series/bill-share.json)...
[2026-01-07T04:05:17.754Z] [lib/cleanup-future-dates.js] Loaded 282 Treasury bill share data points
[2026-01-07T04:05:17.754Z] [lib/cleanup-future-dates.js] No future-dated entries found in Treasury bill share data
[2026-01-07T04:05:17.755Z] [lib/cleanup-future-dates.js] Cleanup complete! Removed 0 future-dated entries in total.
Data cleanup completed with no changes needed
[2026-01-07T04:05:17.757Z] lib/cleanup-future-dates.js completed successfully
[2026-01-07T04:05:17.758Z] Running lib/validate-data.js...
[2026-01-07T04:05:17.833Z] [lib/validate-data.js] Running data validation...
[2026-01-07T04:05:17.833Z] [lib/validate-data.js] Validating MOVE index data...
[2026-01-07T04:05:17.834Z] [lib/validate-data.js] Found 111 MOVE data points
[2026-01-07T04:05:17.923Z] [lib/validate-data.js] WorldTimeAPI failed, trying alternative source
[2026-01-07T04:05:23.249Z] [lib/validate-data.js] Using TimeAPI date: 2026-01-07T04:05:23.175638
[2026-01-07T04:05:23.249Z] [lib/validate-data.js] Using reference date: 2026-1-7
[2026-01-07T04:05:23.250Z] [lib/validate-data.js] MOVE index data validation passed ✓
[2026-01-07T04:05:23.250Z] [lib/validate-data.js] Validating SRF data...
[2026-01-07T04:05:23.250Z] [lib/validate-data.js] Found 1017 SRF data points
[2026-01-07T04:05:23.329Z] [lib/validate-data.js] WorldTimeAPI failed, trying alternative source
[2026-01-07T04:05:25.805Z] [lib/validate-data.js] TimeAPI failed, falling back to config date
[2026-01-07T04:05:25.807Z] [lib/validate-data.js] SRF data validation passed ✓
[2026-01-07T04:05:25.807Z] [lib/validate-data.js] Validating Treasury funding data...
[2026-01-07T04:05:25.807Z] [lib/validate-data.js] Found 282 Treasury funding data points
[2026-01-07T04:05:25.807Z] [lib/validate-data.js] Treasury funding data validation passed ✓
[2026-01-07T04:05:25.807Z] [lib/validate-data.js] All data validation passed ✓
[2026-01-07T04:05:25.811Z] lib/validate-data.js completed successfully
[2026-01-07T04:05:25.811Z] Dashboard update process completed successfully
