[2026-03-28T04:59:56.968Z] Starting Liquidity Dashboard update process
[2026-03-28T04:59:56.969Z] Running lib/data-backup.js...
[2026-03-28T04:59:56.998Z] [lib/data-backup.js] ERROR: node:internal/modules/cjs/loader:1031
  throw err;
  ^

Error: Cannot find module '/home/runner/work/liquiditydashboard/liquiditydashboard/web/lib/data-backup.js'
    at Function.Module._resolveFilename (node:internal/modules/cjs/loader:1028:15)
    at Function.Module._load (node:internal/modules/cjs/loader:873:27)
    at Function.executeUserEntryPoint [as runMain] (node:internal/modules/run_main:81:12)
    at node:internal/main/run_main_module:22:47 {
  code: 'MODULE_NOT_FOUND',
  requireStack: []
}
[2026-03-28T04:59:57.000Z] lib/data-backup.js failed with exit code 1
[2026-03-28T04:59:57.001Z] Running lib/data-backup.js clean...
[2026-03-28T04:59:57.028Z] [lib/data-backup.js clean] ERROR: node:internal/modules/cjs/loader:1031
  throw err;
  ^

Error: Cannot find module '/home/runner/work/liquiditydashboard/liquiditydashboard/web/lib/data-backup.js'
    at Function.Module._resolveFilename (node:internal/modules/cjs/loader:1028:15)
    at Function.Module._load (node:internal/modules/cjs/loader:873:27)
    at Function.executeUserEntryPoint [as runMain] (node:internal/modules/run_main:81:12)
    at node:internal/main/run_main_module:22:47 {
  code: 'MODULE_NOT_FOUND',
  requireStack: []
}
[2026-03-28T04:59:57.030Z] lib/data-backup.js clean failed with exit code 1
[2026-03-28T04:59:57.030Z] Running lib/import-historical-move-data.js...
[2026-03-28T04:59:57.057Z] [lib/import-historical-move-data.js] ERROR: node:internal/modules/cjs/loader:1031
  throw err;
  ^

Error: Cannot find module '/home/runner/work/liquiditydashboard/liquiditydashboard/web/lib/import-historical-move-data.js'
    at Function.Module._resolveFilename (node:internal/modules/cjs/loader:1028:15)
    at Function.Module._load (node:internal/modules/cjs/loader:873:27)
    at Function.executeUserEntryPoint [as runMain] (node:internal/modules/run_main:81:12)
    at node:internal/main/run_main_module:22:47 {
  code: 'MODULE_NOT_FOUND',
  requireStack: []
}
[2026-03-28T04:59:57.059Z] lib/import-historical-move-data.js failed with exit code 1
[2026-03-28T04:59:57.059Z] Running lib/fetch-move-data.js...
[2026-03-28T04:59:57.088Z] [lib/fetch-move-data.js] ERROR: node:internal/modules/cjs/loader:1031
  throw err;
  ^

Error: Cannot find module '/home/runner/work/liquiditydashboard/liquiditydashboard/web/lib/fetch-move-data.js'
    at Function.Module._resolveFilename (node:internal/modules/cjs/loader:1028:15)
    at Function.Module._load (node:internal/modules/cjs/loader:873:27)
    at Function.executeUserEntryPoint [as runMain] (node:internal/modules/run_main:81:12)
    at node:internal/main/run_main_module:22:47 {
  code: 'MODULE_NOT_FOUND',
  requireStack: []
}
[2026-03-28T04:59:57.090Z] lib/fetch-move-data.js failed with exit code 1
[2026-03-28T04:59:57.090Z] Running lib/fetch-srf-data.js...
[2026-03-28T04:59:57.118Z] [lib/fetch-srf-data.js] ERROR: node:internal/modules/cjs/loader:1031
  throw err;
  ^

Error: Cannot find module '/home/runner/work/liquiditydashboard/liquiditydashboard/web/lib/fetch-srf-data.js'
    at Function.Module._resolveFilename (node:internal/modules/cjs/loader:1028:15)
    at Function.Module._load (node:internal/modules/cjs/loader:873:27)
    at Function.executeUserEntryPoint [as runMain] (node:internal/modules/run_main:81:12)
    at node:internal/main/run_main_module:22:47 {
  code: 'MODULE_NOT_FOUND',
  requireStack: []
}
[2026-03-28T04:59:57.120Z] lib/fetch-srf-data.js failed with exit code 1
[2026-03-28T04:59:57.120Z] Running lib/fetch-bill-share-data.js...
[2026-03-28T04:59:57.149Z] [lib/fetch-bill-share-data.js] ERROR: node:internal/modules/cjs/loader:1031
  throw err;
  ^

Error: Cannot find module '/home/runner/work/liquiditydashboard/liquiditydashboard/web/lib/fetch-bill-share-data.js'
    at Function.Module._resolveFilename (node:internal/modules/cjs/loader:1028:15)
    at Function.Module._load (node:internal/modules/cjs/loader:873:27)
    at Function.executeUserEntryPoint [as runMain] (node:internal/modules/run_main:81:12)
    at node:internal/main/run_main_module:22:47 {
  code: 'MODULE_NOT_FOUND',
  requireStack: []
}
[2026-03-28T04:59:57.151Z] lib/fetch-bill-share-data.js failed with exit code 1
[2026-03-28T04:59:57.151Z] Running lib/cleanup-future-dates.js...
[2026-03-28T04:59:57.229Z] [lib/cleanup-future-dates.js] Starting data cleanup process...
[2026-03-28T04:59:57.363Z] [lib/cleanup-future-dates.js] WorldTimeAPI failed, trying alternative source
[2026-03-28T04:59:57.860Z] [lib/cleanup-future-dates.js] Using TimeAPI date: 2026-03-28T04:59:57.6755735
[2026-03-28T04:59:57.860Z] [lib/cleanup-future-dates.js] Using reference date: 2026-3-28
[2026-03-28T04:59:57.860Z] [lib/cleanup-future-dates.js] Processing MOVE index data (/home/runner/work/liquiditydashboard/liquiditydashboard/web/public/series/move.json)...
[2026-03-28T04:59:57.860Z] [lib/cleanup-future-dates.js] Loaded 111 MOVE index data points
[2026-03-28T04:59:57.861Z] [lib/cleanup-future-dates.js] No future-dated entries found in MOVE index data
[2026-03-28T04:59:57.861Z] [lib/cleanup-future-dates.js] Processing SRF data (/home/runner/work/liquiditydashboard/liquiditydashboard/web/public/series/srf.json)...
[2026-03-28T04:59:57.861Z] [lib/cleanup-future-dates.js] Loaded 1017 SRF data points
[2026-03-28T04:59:57.862Z] [lib/cleanup-future-dates.js] No future-dated entries found in SRF data
[2026-03-28T04:59:57.863Z] [lib/cleanup-future-dates.js] Processing Treasury bill share data (/home/runner/work/liquiditydashboard/liquiditydashboard/web/public/series/bill-share.json)...
[2026-03-28T04:59:57.863Z] [lib/cleanup-future-dates.js] Loaded 282 Treasury bill share data points
[2026-03-28T04:59:57.863Z] [lib/cleanup-future-dates.js] No future-dated entries found in Treasury bill share data
[2026-03-28T04:59:57.864Z] [lib/cleanup-future-dates.js] Cleanup complete! Removed 0 future-dated entries in total.
Data cleanup completed with no changes needed
[2026-03-28T04:59:57.866Z] lib/cleanup-future-dates.js completed successfully
[2026-03-28T04:59:57.866Z] Running lib/validate-data.js...
[2026-03-28T04:59:57.940Z] [lib/validate-data.js] Running data validation...
[2026-03-28T04:59:57.941Z] [lib/validate-data.js] Validating MOVE index data...
[2026-03-28T04:59:57.941Z] [lib/validate-data.js] Found 111 MOVE data points
[2026-03-28T04:59:58.004Z] [lib/validate-data.js] WorldTimeAPI failed, trying alternative source
[2026-03-28T04:59:58.545Z] [lib/validate-data.js] Using TimeAPI date: 2026-03-28T04:59:58.3606811
[2026-03-28T04:59:58.545Z] [lib/validate-data.js] Using reference date: 2026-3-28
[2026-03-28T04:59:58.546Z] [lib/validate-data.js] MOVE index data validation passed ✓
[2026-03-28T04:59:58.546Z] [lib/validate-data.js] Validating SRF data...
[2026-03-28T04:59:58.546Z] [lib/validate-data.js] Found 1017 SRF data points
[2026-03-28T04:59:58.619Z] [lib/validate-data.js] WorldTimeAPI failed, trying alternative source
[2026-03-28T04:59:59.102Z] [lib/validate-data.js] Using TimeAPI date: 2026-03-28T04:59:58.9224479
[2026-03-28T04:59:59.103Z] [lib/validate-data.js] SRF data validation passed ✓
[2026-03-28T04:59:59.103Z] [lib/validate-data.js] Validating Treasury funding data...
[2026-03-28T04:59:59.104Z] [lib/validate-data.js] Found 282 Treasury funding data points
[2026-03-28T04:59:59.104Z] [lib/validate-data.js] Treasury funding data validation passed ✓
[2026-03-28T04:59:59.104Z] [lib/validate-data.js] All data validation passed ✓
[2026-03-28T04:59:59.107Z] lib/validate-data.js completed successfully
[2026-03-28T04:59:59.107Z] Dashboard update process completed successfully
