[2025-08-21T03:41:54.480Z] Starting Liquidity Dashboard update process
[2025-08-21T03:41:54.481Z] Running lib/data-backup.js...
[2025-08-21T03:41:54.512Z] [lib/data-backup.js] ERROR: node:internal/modules/cjs/loader:1031
  throw err;
  ^

Error: Cannot find module '/home/runner/work/liquiditydashboard/liquiditydashboard/web/lib/data-backup.js'
    at Function.Module._resolveFilename (node:internal/modules/cjs/loader:1028:15)
    at Function.Module._load (node:internal/modules/cjs/loader:873:27)
    at Function.executeUserEntryPoint [as runMain] (node:internal/modules/run_main:81:12)
    at node:internal/main/run_main_module:22:47 {
  code: 'MODULE_NOT_FOUND',
  requireStack: []
}
[2025-08-21T03:41:54.515Z] lib/data-backup.js failed with exit code 1
[2025-08-21T03:41:54.515Z] Running lib/data-backup.js clean...
[2025-08-21T03:41:54.544Z] [lib/data-backup.js clean] ERROR: node:internal/modules/cjs/loader:1031
  throw err;
  ^

Error: Cannot find module '/home/runner/work/liquiditydashboard/liquiditydashboard/web/lib/data-backup.js'
    at Function.Module._resolveFilename (node:internal/modules/cjs/loader:1028:15)
    at Function.Module._load (node:internal/modules/cjs/loader:873:27)
    at Function.executeUserEntryPoint [as runMain] (node:internal/modules/run_main:81:12)
    at node:internal/main/run_main_module:22:47 {
  code: 'MODULE_NOT_FOUND',
  requireStack: []
}
[2025-08-21T03:41:54.546Z] lib/data-backup.js clean failed with exit code 1
[2025-08-21T03:41:54.546Z] Running lib/import-historical-move-data.js...
[2025-08-21T03:41:54.575Z] [lib/import-historical-move-data.js] ERROR: node:internal/modules/cjs/loader:1031
  throw err;
  ^

Error: Cannot find module '/home/runner/work/liquiditydashboard/liquiditydashboard/web/lib/import-historical-move-data.js'
    at Function.Module._resolveFilename (node:internal/modules/cjs/loader:1028:15)
    at Function.Module._load (node:internal/modules/cjs/loader:873:27)
    at Function.executeUserEntryPoint [as runMain] (node:internal/modules/run_main:81:12)
    at node:internal/main/run_main_module:22:47 {
  code: 'MODULE_NOT_FOUND',
  requireStack: []
}
[2025-08-21T03:41:54.576Z] lib/import-historical-move-data.js failed with exit code 1
[2025-08-21T03:41:54.577Z] Running lib/fetch-move-data.js...
[2025-08-21T03:41:54.605Z] [lib/fetch-move-data.js] ERROR: node:internal/modules/cjs/loader:1031
  throw err;
  ^

Error: Cannot find module '/home/runner/work/liquiditydashboard/liquiditydashboard/web/lib/fetch-move-data.js'
    at Function.Module._resolveFilename (node:internal/modules/cjs/loader:1028:15)
    at Function.Module._load (node:internal/modules/cjs/loader:873:27)
    at Function.executeUserEntryPoint [as runMain] (node:internal/modules/run_main:81:12)
    at node:internal/main/run_main_module:22:47 {
  code: 'MODULE_NOT_FOUND',
  requireStack: []
}
[2025-08-21T03:41:54.607Z] lib/fetch-move-data.js failed with exit code 1
[2025-08-21T03:41:54.607Z] Running lib/fetch-srf-data.js...
[2025-08-21T03:41:54.636Z] [lib/fetch-srf-data.js] ERROR: node:internal/modules/cjs/loader:1031
  throw err;
  ^

Error: Cannot find module '/home/runner/work/liquiditydashboard/liquiditydashboard/web/lib/fetch-srf-data.js'
    at Function.Module._resolveFilename (node:internal/modules/cjs/loader:1028:15)
    at Function.Module._load (node:internal/modules/cjs/loader:873:27)
    at Function.executeUserEntryPoint [as runMain] (node:internal/modules/run_main:81:12)
    at node:internal/main/run_main_module:22:47 {
  code: 'MODULE_NOT_FOUND',
  requireStack: []
}
[2025-08-21T03:41:54.638Z] lib/fetch-srf-data.js failed with exit code 1
[2025-08-21T03:41:54.639Z] Running lib/fetch-bill-share-data.js...
[2025-08-21T03:41:54.668Z] [lib/fetch-bill-share-data.js] ERROR: node:internal/modules/cjs/loader:1031
  throw err;
  ^

Error: Cannot find module '/home/runner/work/liquiditydashboard/liquiditydashboard/web/lib/fetch-bill-share-data.js'
    at Function.Module._resolveFilename (node:internal/modules/cjs/loader:1028:15)
    at Function.Module._load (node:internal/modules/cjs/loader:873:27)
    at Function.executeUserEntryPoint [as runMain] (node:internal/modules/run_main:81:12)
    at node:internal/main/run_main_module:22:47 {
  code: 'MODULE_NOT_FOUND',
  requireStack: []
}
[2025-08-21T03:41:54.671Z] lib/fetch-bill-share-data.js failed with exit code 1
[2025-08-21T03:41:54.671Z] Running lib/cleanup-future-dates.js...
[2025-08-21T03:41:54.748Z] [lib/cleanup-future-dates.js] Starting data cleanup process...
[2025-08-21T03:41:55.138Z] [lib/cleanup-future-dates.js] Using WorldTimeAPI date: 2025-08-21T03:41:55.121790+00:00
[2025-08-21T03:41:55.138Z] [lib/cleanup-future-dates.js] Using reference date: 2025-8-21

Processing MOVE index data (/home/runner/work/liquiditydashboard/liquiditydashboard/web/public/series/move.json)...
[2025-08-21T03:41:55.139Z] [lib/cleanup-future-dates.js] Loaded 111 MOVE index data points
[2025-08-21T03:41:55.139Z] [lib/cleanup-future-dates.js] No future-dated entries found in MOVE index data
[2025-08-21T03:41:55.139Z] [lib/cleanup-future-dates.js] Processing SRF data (/home/runner/work/liquiditydashboard/liquiditydashboard/web/public/series/srf.json)...
[2025-08-21T03:41:55.140Z] [lib/cleanup-future-dates.js] Loaded 1017 SRF data points
[2025-08-21T03:41:55.141Z] [lib/cleanup-future-dates.js] No future-dated entries found in SRF data
[2025-08-21T03:41:55.141Z] [lib/cleanup-future-dates.js] Processing Treasury bill share data (/home/runner/work/liquiditydashboard/liquiditydashboard/web/public/series/bill-share.json)...
[2025-08-21T03:41:55.141Z] [lib/cleanup-future-dates.js] Loaded 282 Treasury bill share data points
[2025-08-21T03:41:55.142Z] [lib/cleanup-future-dates.js] No future-dated entries found in Treasury bill share data
[2025-08-21T03:41:55.142Z] [lib/cleanup-future-dates.js] Cleanup complete! Removed 0 future-dated entries in total.
Data cleanup completed with no changes needed
[2025-08-21T03:41:55.145Z] lib/cleanup-future-dates.js completed successfully
[2025-08-21T03:41:55.145Z] Running lib/validate-data.js...
[2025-08-21T03:41:55.218Z] [lib/validate-data.js] Running data validation...
[2025-08-21T03:41:55.219Z] [lib/validate-data.js] Validating MOVE index data...
[2025-08-21T03:41:55.219Z] [lib/validate-data.js] Found 111 MOVE data points
[2025-08-21T03:41:55.442Z] [lib/validate-data.js] Using WorldTimeAPI date: 2025-08-21T03:41:55.425772+00:00
[2025-08-21T03:41:55.442Z] [lib/validate-data.js] Using reference date: 2025-8-21
[2025-08-21T03:41:55.443Z] [lib/validate-data.js] MOVE index data validation passed ✓
[2025-08-21T03:41:55.443Z] [lib/validate-data.js] Validating SRF data...
[2025-08-21T03:41:55.443Z] [lib/validate-data.js] Found 1017 SRF data points
[2025-08-21T03:41:55.747Z] [lib/validate-data.js] Using WorldTimeAPI date: 2025-08-21T03:41:55.659574+00:00
[2025-08-21T03:41:55.749Z] [lib/validate-data.js] SRF data validation passed ✓
[2025-08-21T03:41:55.749Z] [lib/validate-data.js] Validating Treasury funding data...
[2025-08-21T03:41:55.750Z] [lib/validate-data.js] Found 282 Treasury funding data points
[2025-08-21T03:41:55.750Z] [lib/validate-data.js] Treasury funding data validation passed ✓
[2025-08-21T03:41:55.750Z] [lib/validate-data.js] All data validation passed ✓
[2025-08-21T03:41:55.753Z] lib/validate-data.js completed successfully
[2025-08-21T03:41:55.753Z] Dashboard update process completed successfully
