[2026-05-06T06:09:53.553Z] Starting Liquidity Dashboard update process
[2026-05-06T06:09:53.555Z] Running lib/data-backup.js...
[2026-05-06T06:09:53.586Z] [lib/data-backup.js] ERROR: node:internal/modules/cjs/loader:1031
  throw err;
  ^

Error: Cannot find module '/home/runner/work/liquiditydashboard/liquiditydashboard/web/lib/data-backup.js'
    at Function.Module._resolveFilename (node:internal/modules/cjs/loader:1028:15)
    at Function.Module._load (node:internal/modules/cjs/loader:873:27)
    at Function.executeUserEntryPoint [as runMain] (node:internal/modules/run_main:81:12)
    at node:internal/main/run_main_module:22:47 {
  code: 'MODULE_NOT_FOUND',
  requireStack: []
}
[2026-05-06T06:09:53.588Z] lib/data-backup.js failed with exit code 1
[2026-05-06T06:09:53.588Z] Running lib/data-backup.js clean...
[2026-05-06T06:09:53.618Z] [lib/data-backup.js clean] ERROR: node:internal/modules/cjs/loader:1031
  throw err;
  ^

Error: Cannot find module '/home/runner/work/liquiditydashboard/liquiditydashboard/web/lib/data-backup.js'
    at Function.Module._resolveFilename (node:internal/modules/cjs/loader:1028:15)
    at Function.Module._load (node:internal/modules/cjs/loader:873:27)
    at Function.executeUserEntryPoint [as runMain] (node:internal/modules/run_main:81:12)
    at node:internal/main/run_main_module:22:47 {
  code: 'MODULE_NOT_FOUND',
  requireStack: []
}
[2026-05-06T06:09:53.619Z] lib/data-backup.js clean failed with exit code 1
[2026-05-06T06:09:53.619Z] Running lib/import-historical-move-data.js...
[2026-05-06T06:09:53.649Z] [lib/import-historical-move-data.js] ERROR: node:internal/modules/cjs/loader:1031
  throw err;
  ^

Error: Cannot find module '/home/runner/work/liquiditydashboard/liquiditydashboard/web/lib/import-historical-move-data.js'
    at Function.Module._resolveFilename (node:internal/modules/cjs/loader:1028:15)
    at Function.Module._load (node:internal/modules/cjs/loader:873:27)
    at Function.executeUserEntryPoint [as runMain] (node:internal/modules/run_main:81:12)
    at node:internal/main/run_main_module:22:47 {
  code: 'MODULE_NOT_FOUND',
  requireStack: []
}
[2026-05-06T06:09:53.651Z] lib/import-historical-move-data.js failed with exit code 1
[2026-05-06T06:09:53.651Z] Running lib/fetch-move-data.js...
[2026-05-06T06:09:53.680Z] [lib/fetch-move-data.js] ERROR: node:internal/modules/cjs/loader:1031
  throw err;
  ^

Error: Cannot find module '/home/runner/work/liquiditydashboard/liquiditydashboard/web/lib/fetch-move-data.js'
    at Function.Module._resolveFilename (node:internal/modules/cjs/loader:1028:15)
    at Function.Module._load (node:internal/modules/cjs/loader:873:27)
    at Function.executeUserEntryPoint [as runMain] (node:internal/modules/run_main:81:12)
    at node:internal/main/run_main_module:22:47 {
  code: 'MODULE_NOT_FOUND',
  requireStack: []
}
[2026-05-06T06:09:53.682Z] lib/fetch-move-data.js failed with exit code 1
[2026-05-06T06:09:53.683Z] Running lib/fetch-srf-data.js...
[2026-05-06T06:09:53.713Z] [lib/fetch-srf-data.js] ERROR: node:internal/modules/cjs/loader:1031
  throw err;
  ^

Error: Cannot find module '/home/runner/work/liquiditydashboard/liquiditydashboard/web/lib/fetch-srf-data.js'
    at Function.Module._resolveFilename (node:internal/modules/cjs/loader:1028:15)
    at Function.Module._load (node:internal/modules/cjs/loader:873:27)
    at Function.executeUserEntryPoint [as runMain] (node:internal/modules/run_main:81:12)
    at node:internal/main/run_main_module:22:47 {
  code: 'MODULE_NOT_FOUND',
  requireStack: []
}
[2026-05-06T06:09:53.715Z] lib/fetch-srf-data.js failed with exit code 1
[2026-05-06T06:09:53.715Z] Running lib/fetch-bill-share-data.js...
[2026-05-06T06:09:53.745Z] [lib/fetch-bill-share-data.js] ERROR: node:internal/modules/cjs/loader:1031
  throw err;
  ^

Error: Cannot find module '/home/runner/work/liquiditydashboard/liquiditydashboard/web/lib/fetch-bill-share-data.js'
    at Function.Module._resolveFilename (node:internal/modules/cjs/loader:1028:15)
    at Function.Module._load (node:internal/modules/cjs/loader:873:27)
    at Function.executeUserEntryPoint [as runMain] (node:internal/modules/run_main:81:12)
    at node:internal/main/run_main_module:22:47 {
  code: 'MODULE_NOT_FOUND',
  requireStack: []
}
[2026-05-06T06:09:53.747Z] lib/fetch-bill-share-data.js failed with exit code 1
[2026-05-06T06:09:53.747Z] Running lib/cleanup-future-dates.js...
[2026-05-06T06:09:53.831Z] [lib/cleanup-future-dates.js] Starting data cleanup process...
[2026-05-06T06:09:53.933Z] [lib/cleanup-future-dates.js] WorldTimeAPI failed, trying alternative source
[2026-05-06T06:09:54.787Z] [lib/cleanup-future-dates.js] Using TimeAPI date: 2026-05-06T06:09:54.3455242
[2026-05-06T06:09:54.788Z] [lib/cleanup-future-dates.js] Using reference date: 2026-5-6
[2026-05-06T06:09:54.788Z] [lib/cleanup-future-dates.js] Processing MOVE index data (/home/runner/work/liquiditydashboard/liquiditydashboard/web/public/series/move.json)...
[2026-05-06T06:09:54.788Z] [lib/cleanup-future-dates.js] Loaded 111 MOVE index data points
[2026-05-06T06:09:54.788Z] [lib/cleanup-future-dates.js] No future-dated entries found in MOVE index data
[2026-05-06T06:09:54.789Z] [lib/cleanup-future-dates.js] Processing SRF data (/home/runner/work/liquiditydashboard/liquiditydashboard/web/public/series/srf.json)...
[2026-05-06T06:09:54.789Z] [lib/cleanup-future-dates.js] Loaded 1017 SRF data points
[2026-05-06T06:09:54.790Z] [lib/cleanup-future-dates.js] No future-dated entries found in SRF data
[2026-05-06T06:09:54.790Z] [lib/cleanup-future-dates.js] Processing Treasury bill share data (/home/runner/work/liquiditydashboard/liquiditydashboard/web/public/series/bill-share.json)...
[2026-05-06T06:09:54.791Z] [lib/cleanup-future-dates.js] Loaded 282 Treasury bill share data points
[2026-05-06T06:09:54.791Z] [lib/cleanup-future-dates.js] No future-dated entries found in Treasury bill share data
[2026-05-06T06:09:54.791Z] [lib/cleanup-future-dates.js] Cleanup complete! Removed 0 future-dated entries in total.
Data cleanup completed with no changes needed
[2026-05-06T06:09:54.794Z] lib/cleanup-future-dates.js completed successfully
[2026-05-06T06:09:54.794Z] Running lib/validate-data.js...
[2026-05-06T06:09:54.875Z] [lib/validate-data.js] Running data validation...
[2026-05-06T06:09:54.876Z] [lib/validate-data.js] Validating MOVE index data...
[2026-05-06T06:09:54.876Z] [lib/validate-data.js] Found 111 MOVE data points
[2026-05-06T06:09:54.999Z] [lib/validate-data.js] WorldTimeAPI failed, trying alternative source
[2026-05-06T06:09:55.693Z] [lib/validate-data.js] Using TimeAPI date: 2026-05-06T06:09:55.2513112
[2026-05-06T06:09:55.693Z] [lib/validate-data.js] Using reference date: 2026-5-6
[2026-05-06T06:09:55.694Z] [lib/validate-data.js] MOVE index data validation passed ✓
[2026-05-06T06:09:55.694Z] [lib/validate-data.js] Validating SRF data...
[2026-05-06T06:09:55.694Z] [lib/validate-data.js] Found 1017 SRF data points
[2026-05-06T06:09:55.801Z] [lib/validate-data.js] WorldTimeAPI failed, trying alternative source
[2026-05-06T06:09:56.520Z] [lib/validate-data.js] Using TimeAPI date: 2026-05-06T06:09:56.0823014
[2026-05-06T06:09:56.522Z] [lib/validate-data.js] SRF data validation passed ✓
[2026-05-06T06:09:56.522Z] [lib/validate-data.js] Validating Treasury funding data...
[2026-05-06T06:09:56.522Z] [lib/validate-data.js] Found 282 Treasury funding data points
[2026-05-06T06:09:56.522Z] [lib/validate-data.js] Treasury funding data validation passed ✓
[2026-05-06T06:09:56.523Z] [lib/validate-data.js] All data validation passed ✓
[2026-05-06T06:09:56.525Z] lib/validate-data.js completed successfully
[2026-05-06T06:09:56.526Z] Dashboard update process completed successfully
