[2025-06-09T03:54:31.970Z] Starting Liquidity Dashboard update process
[2025-06-09T03:54:31.972Z] Running lib/data-backup.js...
[2025-06-09T03:54:32.004Z] [lib/data-backup.js] ERROR: node:internal/modules/cjs/loader:1031
  throw err;
  ^

Error: Cannot find module '/home/runner/work/liquiditydashboard/liquiditydashboard/web/lib/data-backup.js'
    at Function.Module._resolveFilename (node:internal/modules/cjs/loader:1028:15)
    at Function.Module._load (node:internal/modules/cjs/loader:873:27)
    at Function.executeUserEntryPoint [as runMain] (node:internal/modules/run_main:81:12)
    at node:internal/main/run_main_module:22:47 {
  code: 'MODULE_NOT_FOUND',
  requireStack: []
}
[2025-06-09T03:54:32.007Z] lib/data-backup.js failed with exit code 1
[2025-06-09T03:54:32.007Z] Running lib/data-backup.js clean...
[2025-06-09T03:54:32.037Z] [lib/data-backup.js clean] ERROR: node:internal/modules/cjs/loader:1031
  throw err;
  ^

Error: Cannot find module '/home/runner/work/liquiditydashboard/liquiditydashboard/web/lib/data-backup.js'
    at Function.Module._resolveFilename (node:internal/modules/cjs/loader:1028:15)
    at Function.Module._load (node:internal/modules/cjs/loader:873:27)
    at Function.executeUserEntryPoint [as runMain] (node:internal/modules/run_main:81:12)
    at node:internal/main/run_main_module:22:47 {
  code: 'MODULE_NOT_FOUND',
  requireStack: []
}
[2025-06-09T03:54:32.040Z] lib/data-backup.js clean failed with exit code 1
[2025-06-09T03:54:32.040Z] Running lib/import-historical-move-data.js...
[2025-06-09T03:54:32.070Z] [lib/import-historical-move-data.js] ERROR: node:internal/modules/cjs/loader:1031
  throw err;
  ^

Error: Cannot find module '/home/runner/work/liquiditydashboard/liquiditydashboard/web/lib/import-historical-move-data.js'
    at Function.Module._resolveFilename (node:internal/modules/cjs/loader:1028:15)
    at Function.Module._load (node:internal/modules/cjs/loader:873:27)
    at Function.executeUserEntryPoint [as runMain] (node:internal/modules/run_main:81:12)
    at node:internal/main/run_main_module:22:47 {
  code: 'MODULE_NOT_FOUND',
  requireStack: []
}
[2025-06-09T03:54:32.073Z] lib/import-historical-move-data.js failed with exit code 1
[2025-06-09T03:54:32.073Z] Running lib/fetch-move-data.js...
[2025-06-09T03:54:32.103Z] [lib/fetch-move-data.js] ERROR: node:internal/modules/cjs/loader:1031
  throw err;
  ^

Error: Cannot find module '/home/runner/work/liquiditydashboard/liquiditydashboard/web/lib/fetch-move-data.js'
    at Function.Module._resolveFilename (node:internal/modules/cjs/loader:1028:15)
    at Function.Module._load (node:internal/modules/cjs/loader:873:27)
    at Function.executeUserEntryPoint [as runMain] (node:internal/modules/run_main:81:12)
    at node:internal/main/run_main_module:22:47 {
  code: 'MODULE_NOT_FOUND',
  requireStack: []
}
[2025-06-09T03:54:32.106Z] lib/fetch-move-data.js failed with exit code 1
[2025-06-09T03:54:32.106Z] Running lib/fetch-srf-data.js...
[2025-06-09T03:54:32.137Z] [lib/fetch-srf-data.js] ERROR: node:internal/modules/cjs/loader:1031
  throw err;
  ^

Error: Cannot find module '/home/runner/work/liquiditydashboard/liquiditydashboard/web/lib/fetch-srf-data.js'
    at Function.Module._resolveFilename (node:internal/modules/cjs/loader:1028:15)
    at Function.Module._load (node:internal/modules/cjs/loader:873:27)
    at Function.executeUserEntryPoint [as runMain] (node:internal/modules/run_main:81:12)
    at node:internal/main/run_main_module:22:47 {
  code: 'MODULE_NOT_FOUND',
  requireStack: []
}
[2025-06-09T03:54:32.139Z] lib/fetch-srf-data.js failed with exit code 1
[2025-06-09T03:54:32.139Z] Running lib/fetch-bill-share-data.js...
[2025-06-09T03:54:32.169Z] [lib/fetch-bill-share-data.js] ERROR: node:internal/modules/cjs/loader:1031
  throw err;
  ^

Error: Cannot find module '/home/runner/work/liquiditydashboard/liquiditydashboard/web/lib/fetch-bill-share-data.js'
    at Function.Module._resolveFilename (node:internal/modules/cjs/loader:1028:15)
    at Function.Module._load (node:internal/modules/cjs/loader:873:27)
    at Function.executeUserEntryPoint [as runMain] (node:internal/modules/run_main:81:12)
    at node:internal/main/run_main_module:22:47 {
  code: 'MODULE_NOT_FOUND',
  requireStack: []
}
[2025-06-09T03:54:32.171Z] lib/fetch-bill-share-data.js failed with exit code 1
[2025-06-09T03:54:32.172Z] Running lib/cleanup-future-dates.js...
[2025-06-09T03:54:32.249Z] [lib/cleanup-future-dates.js] Starting data cleanup process...
[2025-06-09T03:54:32.414Z] [lib/cleanup-future-dates.js] WorldTimeAPI failed, trying alternative source
[2025-06-09T03:54:33.179Z] [lib/cleanup-future-dates.js] Using TimeAPI date: 2025-06-09T03:54:33.0947296
[2025-06-09T03:54:33.179Z] [lib/cleanup-future-dates.js] Using reference date: 2025-6-9
[2025-06-09T03:54:33.179Z] [lib/cleanup-future-dates.js] Processing MOVE index data (/home/runner/work/liquiditydashboard/liquiditydashboard/web/public/series/move.json)...
[2025-06-09T03:54:33.179Z] [lib/cleanup-future-dates.js] Loaded 111 MOVE index data points
[2025-06-09T03:54:33.180Z] [lib/cleanup-future-dates.js] No future-dated entries found in MOVE index data
[2025-06-09T03:54:33.180Z] [lib/cleanup-future-dates.js] Processing SRF data (/home/runner/work/liquiditydashboard/liquiditydashboard/web/public/series/srf.json)...
[2025-06-09T03:54:33.180Z] [lib/cleanup-future-dates.js] Loaded 1017 SRF data points
[2025-06-09T03:54:33.181Z] [lib/cleanup-future-dates.js] No future-dated entries found in SRF data
[2025-06-09T03:54:33.182Z] [lib/cleanup-future-dates.js] Processing Treasury bill share data (/home/runner/work/liquiditydashboard/liquiditydashboard/web/public/series/bill-share.json)...
[2025-06-09T03:54:33.182Z] [lib/cleanup-future-dates.js] Loaded 282 Treasury bill share data points
[2025-06-09T03:54:33.182Z] [lib/cleanup-future-dates.js] No future-dated entries found in Treasury bill share data
[2025-06-09T03:54:33.183Z] [lib/cleanup-future-dates.js] Cleanup complete! Removed 0 future-dated entries in total.
Data cleanup completed with no changes needed
[2025-06-09T03:54:33.186Z] lib/cleanup-future-dates.js completed successfully
[2025-06-09T03:54:33.186Z] Running lib/validate-data.js...
[2025-06-09T03:54:33.262Z] [lib/validate-data.js] Running data validation...
[2025-06-09T03:54:33.262Z] [lib/validate-data.js] Validating MOVE index data...
[2025-06-09T03:54:33.263Z] [lib/validate-data.js] Found 111 MOVE data points
[2025-06-09T03:54:33.293Z] [lib/validate-data.js] WorldTimeAPI failed, trying alternative source
[2025-06-09T03:54:34.044Z] [lib/validate-data.js] Using TimeAPI date: 2025-06-09T03:54:33.9593049
[2025-06-09T03:54:34.045Z] [lib/validate-data.js] Using reference date: 2025-6-9
[2025-06-09T03:54:34.045Z] [lib/validate-data.js] MOVE index data validation passed ✓
[2025-06-09T03:54:34.045Z] [lib/validate-data.js] Validating SRF data...
[2025-06-09T03:54:34.046Z] [lib/validate-data.js] Found 1017 SRF data points
[2025-06-09T03:54:34.065Z] [lib/validate-data.js] WorldTimeAPI failed, trying alternative source
[2025-06-09T03:54:34.798Z] [lib/validate-data.js] Using TimeAPI date: 2025-06-09T03:54:34.7178506
[2025-06-09T03:54:34.800Z] [lib/validate-data.js] SRF data validation passed ✓
[2025-06-09T03:54:34.800Z] [lib/validate-data.js] Validating Treasury funding data...
[2025-06-09T03:54:34.800Z] [lib/validate-data.js] Found 282 Treasury funding data points
[2025-06-09T03:54:34.801Z] [lib/validate-data.js] Treasury funding data validation passed ✓
[2025-06-09T03:54:34.801Z] [lib/validate-data.js] All data validation passed ✓
[2025-06-09T03:54:34.804Z] lib/validate-data.js completed successfully
[2025-06-09T03:54:34.804Z] Dashboard update process completed successfully
