[2026-04-24T05:40:50.898Z] Starting Liquidity Dashboard update process
[2026-04-24T05:40:50.899Z] Running lib/data-backup.js...
[2026-04-24T05:40:50.929Z] [lib/data-backup.js] ERROR: node:internal/modules/cjs/loader:1031
  throw err;
  ^

Error: Cannot find module '/home/runner/work/liquiditydashboard/liquiditydashboard/web/lib/data-backup.js'
    at Function.Module._resolveFilename (node:internal/modules/cjs/loader:1028:15)
    at Function.Module._load (node:internal/modules/cjs/loader:873:27)
    at Function.executeUserEntryPoint [as runMain] (node:internal/modules/run_main:81:12)
    at node:internal/main/run_main_module:22:47 {
  code: 'MODULE_NOT_FOUND',
  requireStack: []
}
[2026-04-24T05:40:50.932Z] lib/data-backup.js failed with exit code 1
[2026-04-24T05:40:50.932Z] Running lib/data-backup.js clean...
[2026-04-24T05:40:50.960Z] [lib/data-backup.js clean] ERROR: node:internal/modules/cjs/loader:1031
  throw err;
  ^

Error: Cannot find module '/home/runner/work/liquiditydashboard/liquiditydashboard/web/lib/data-backup.js'
    at Function.Module._resolveFilename (node:internal/modules/cjs/loader:1028:15)
    at Function.Module._load (node:internal/modules/cjs/loader:873:27)
    at Function.executeUserEntryPoint [as runMain] (node:internal/modules/run_main:81:12)
    at node:internal/main/run_main_module:22:47 {
  code: 'MODULE_NOT_FOUND',
  requireStack: []
}
[2026-04-24T05:40:50.962Z] lib/data-backup.js clean failed with exit code 1
[2026-04-24T05:40:50.962Z] Running lib/import-historical-move-data.js...
[2026-04-24T05:40:50.990Z] [lib/import-historical-move-data.js] ERROR: node:internal/modules/cjs/loader:1031
  throw err;
  ^

Error: Cannot find module '/home/runner/work/liquiditydashboard/liquiditydashboard/web/lib/import-historical-move-data.js'
    at Function.Module._resolveFilename (node:internal/modules/cjs/loader:1028:15)
    at Function.Module._load (node:internal/modules/cjs/loader:873:27)
    at Function.executeUserEntryPoint [as runMain] (node:internal/modules/run_main:81:12)
    at node:internal/main/run_main_module:22:47 {
  code: 'MODULE_NOT_FOUND',
  requireStack: []
}
[2026-04-24T05:40:50.992Z] lib/import-historical-move-data.js failed with exit code 1
[2026-04-24T05:40:50.992Z] Running lib/fetch-move-data.js...
[2026-04-24T05:40:51.021Z] [lib/fetch-move-data.js] ERROR: node:internal/modules/cjs/loader:1031
  throw err;
  ^

Error: Cannot find module '/home/runner/work/liquiditydashboard/liquiditydashboard/web/lib/fetch-move-data.js'
    at Function.Module._resolveFilename (node:internal/modules/cjs/loader:1028:15)
    at Function.Module._load (node:internal/modules/cjs/loader:873:27)
    at Function.executeUserEntryPoint [as runMain] (node:internal/modules/run_main:81:12)
    at node:internal/main/run_main_module:22:47 {
  code: 'MODULE_NOT_FOUND',
  requireStack: []
}
[2026-04-24T05:40:51.023Z] lib/fetch-move-data.js failed with exit code 1
[2026-04-24T05:40:51.023Z] Running lib/fetch-srf-data.js...
[2026-04-24T05:40:51.051Z] [lib/fetch-srf-data.js] ERROR: node:internal/modules/cjs/loader:1031
  throw err;
  ^

Error: Cannot find module '/home/runner/work/liquiditydashboard/liquiditydashboard/web/lib/fetch-srf-data.js'
    at Function.Module._resolveFilename (node:internal/modules/cjs/loader:1028:15)
    at Function.Module._load (node:internal/modules/cjs/loader:873:27)
    at Function.executeUserEntryPoint [as runMain] (node:internal/modules/run_main:81:12)
    at node:internal/main/run_main_module:22:47 {
  code: 'MODULE_NOT_FOUND',
  requireStack: []
}
[2026-04-24T05:40:51.053Z] lib/fetch-srf-data.js failed with exit code 1
[2026-04-24T05:40:51.053Z] Running lib/fetch-bill-share-data.js...
[2026-04-24T05:40:51.081Z] [lib/fetch-bill-share-data.js] ERROR: node:internal/modules/cjs/loader:1031
  throw err;
  ^

Error: Cannot find module '/home/runner/work/liquiditydashboard/liquiditydashboard/web/lib/fetch-bill-share-data.js'
    at Function.Module._resolveFilename (node:internal/modules/cjs/loader:1028:15)
    at Function.Module._load (node:internal/modules/cjs/loader:873:27)
    at Function.executeUserEntryPoint [as runMain] (node:internal/modules/run_main:81:12)
    at node:internal/main/run_main_module:22:47 {
  code: 'MODULE_NOT_FOUND',
  requireStack: []
}
[2026-04-24T05:40:51.083Z] lib/fetch-bill-share-data.js failed with exit code 1
[2026-04-24T05:40:51.083Z] Running lib/cleanup-future-dates.js...
[2026-04-24T05:40:51.161Z] [lib/cleanup-future-dates.js] Starting data cleanup process...
[2026-04-24T05:40:51.480Z] [lib/cleanup-future-dates.js] WorldTimeAPI failed, trying alternative source
[2026-04-24T05:40:51.935Z] [lib/cleanup-future-dates.js] Using TimeAPI date: 2026-04-24T05:40:51.8148671
[2026-04-24T05:40:51.935Z] [lib/cleanup-future-dates.js] Using reference date: 2026-4-24
[2026-04-24T05:40:51.935Z] [lib/cleanup-future-dates.js] Processing MOVE index data (/home/runner/work/liquiditydashboard/liquiditydashboard/web/public/series/move.json)...
[2026-04-24T05:40:51.935Z] [lib/cleanup-future-dates.js] Loaded 111 MOVE index data points
[2026-04-24T05:40:51.936Z] [lib/cleanup-future-dates.js] No future-dated entries found in MOVE index data
[2026-04-24T05:40:51.936Z] [lib/cleanup-future-dates.js] Processing SRF data (/home/runner/work/liquiditydashboard/liquiditydashboard/web/public/series/srf.json)...
[2026-04-24T05:40:51.936Z] [lib/cleanup-future-dates.js] Loaded 1017 SRF data points
[2026-04-24T05:40:51.938Z] [lib/cleanup-future-dates.js] No future-dated entries found in SRF data
[2026-04-24T05:40:51.938Z] [lib/cleanup-future-dates.js] Processing Treasury bill share data (/home/runner/work/liquiditydashboard/liquiditydashboard/web/public/series/bill-share.json)...
[2026-04-24T05:40:51.938Z] [lib/cleanup-future-dates.js] Loaded 282 Treasury bill share data points
[2026-04-24T05:40:51.939Z] [lib/cleanup-future-dates.js] No future-dated entries found in Treasury bill share data
[2026-04-24T05:40:51.939Z] [lib/cleanup-future-dates.js] Cleanup complete! Removed 0 future-dated entries in total.
Data cleanup completed with no changes needed
[2026-04-24T05:40:51.941Z] lib/cleanup-future-dates.js completed successfully
[2026-04-24T05:40:51.941Z] Running lib/validate-data.js...
[2026-04-24T05:40:52.017Z] [lib/validate-data.js] Running data validation...
[2026-04-24T05:40:52.017Z] [lib/validate-data.js] Validating MOVE index data...
[2026-04-24T05:40:52.018Z] [lib/validate-data.js] Found 111 MOVE data points
[2026-04-24T05:40:52.078Z] [lib/validate-data.js] WorldTimeAPI failed, trying alternative source
[2026-04-24T05:40:52.520Z] [lib/validate-data.js] Using TimeAPI date: 2026-04-24T05:40:52.4019114
[2026-04-24T05:40:52.520Z] [lib/validate-data.js] Using reference date: 2026-4-24
[2026-04-24T05:40:52.521Z] [lib/validate-data.js] MOVE index data validation passed ✓
[2026-04-24T05:40:52.521Z] [lib/validate-data.js] Validating SRF data...
[2026-04-24T05:40:52.521Z] [lib/validate-data.js] Found 1017 SRF data points
[2026-04-24T05:40:52.573Z] [lib/validate-data.js] WorldTimeAPI failed, trying alternative source
[2026-04-24T05:40:53.161Z] [lib/validate-data.js] Using TimeAPI date: 2026-04-24T05:40:53.0477195
[2026-04-24T05:40:53.163Z] [lib/validate-data.js] SRF data validation passed ✓
[2026-04-24T05:40:53.163Z] [lib/validate-data.js] Validating Treasury funding data...
[2026-04-24T05:40:53.164Z] [lib/validate-data.js] Found 282 Treasury funding data points
[2026-04-24T05:40:53.164Z] [lib/validate-data.js] Treasury funding data validation passed ✓
[2026-04-24T05:40:53.164Z] [lib/validate-data.js] All data validation passed ✓
[2026-04-24T05:40:53.167Z] lib/validate-data.js completed successfully
[2026-04-24T05:40:53.167Z] Dashboard update process completed successfully
