[2025-07-31T04:06:45.602Z] Starting Liquidity Dashboard update process
[2025-07-31T04:06:45.604Z] Running lib/data-backup.js...
[2025-07-31T04:06:45.633Z] [lib/data-backup.js] ERROR: node:internal/modules/cjs/loader:1031
  throw err;
  ^

Error: Cannot find module '/home/runner/work/liquiditydashboard/liquiditydashboard/web/lib/data-backup.js'
    at Function.Module._resolveFilename (node:internal/modules/cjs/loader:1028:15)
    at Function.Module._load (node:internal/modules/cjs/loader:873:27)
    at Function.executeUserEntryPoint [as runMain] (node:internal/modules/run_main:81:12)
    at node:internal/main/run_main_module:22:47 {
  code: 'MODULE_NOT_FOUND',
  requireStack: []
}
[2025-07-31T04:06:45.636Z] lib/data-backup.js failed with exit code 1
[2025-07-31T04:06:45.636Z] Running lib/data-backup.js clean...
[2025-07-31T04:06:45.665Z] [lib/data-backup.js clean] ERROR: node:internal/modules/cjs/loader:1031
  throw err;
  ^

Error: Cannot find module '/home/runner/work/liquiditydashboard/liquiditydashboard/web/lib/data-backup.js'
    at Function.Module._resolveFilename (node:internal/modules/cjs/loader:1028:15)
    at Function.Module._load (node:internal/modules/cjs/loader:873:27)
    at Function.executeUserEntryPoint [as runMain] (node:internal/modules/run_main:81:12)
    at node:internal/main/run_main_module:22:47 {
  code: 'MODULE_NOT_FOUND',
  requireStack: []
}
[2025-07-31T04:06:45.666Z] lib/data-backup.js clean failed with exit code 1
[2025-07-31T04:06:45.667Z] Running lib/import-historical-move-data.js...
[2025-07-31T04:06:45.696Z] [lib/import-historical-move-data.js] ERROR: node:internal/modules/cjs/loader:1031
  throw err;
  ^

Error: Cannot find module '/home/runner/work/liquiditydashboard/liquiditydashboard/web/lib/import-historical-move-data.js'
    at Function.Module._resolveFilename (node:internal/modules/cjs/loader:1028:15)
    at Function.Module._load (node:internal/modules/cjs/loader:873:27)
    at Function.executeUserEntryPoint [as runMain] (node:internal/modules/run_main:81:12)
    at node:internal/main/run_main_module:22:47 {
  code: 'MODULE_NOT_FOUND',
  requireStack: []
}
[2025-07-31T04:06:45.698Z] lib/import-historical-move-data.js failed with exit code 1
[2025-07-31T04:06:45.698Z] Running lib/fetch-move-data.js...
[2025-07-31T04:06:45.726Z] [lib/fetch-move-data.js] ERROR: node:internal/modules/cjs/loader:1031
  throw err;
  ^

Error: Cannot find module '/home/runner/work/liquiditydashboard/liquiditydashboard/web/lib/fetch-move-data.js'
    at Function.Module._resolveFilename (node:internal/modules/cjs/loader:1028:15)
    at Function.Module._load (node:internal/modules/cjs/loader:873:27)
    at Function.executeUserEntryPoint [as runMain] (node:internal/modules/run_main:81:12)
    at node:internal/main/run_main_module:22:47 {
  code: 'MODULE_NOT_FOUND',
  requireStack: []
}
[2025-07-31T04:06:45.728Z] lib/fetch-move-data.js failed with exit code 1
[2025-07-31T04:06:45.728Z] Running lib/fetch-srf-data.js...
[2025-07-31T04:06:45.761Z] [lib/fetch-srf-data.js] ERROR: node:internal/modules/cjs/loader:1031
  throw err;
  ^

Error: Cannot find module '/home/runner/work/liquiditydashboard/liquiditydashboard/web/lib/fetch-srf-data.js'
    at Function.Module._resolveFilename (node:internal/modules/cjs/loader:1028:15)
    at Function.Module._load (node:internal/modules/cjs/loader:873:27)
    at Function.executeUserEntryPoint [as runMain] (node:internal/modules/run_main:81:12)
    at node:internal/main/run_main_module:22:47 {
  code: 'MODULE_NOT_FOUND',
  requireStack: []
}
[2025-07-31T04:06:45.764Z] lib/fetch-srf-data.js failed with exit code 1
[2025-07-31T04:06:45.764Z] Running lib/fetch-bill-share-data.js...
[2025-07-31T04:06:45.793Z] [lib/fetch-bill-share-data.js] ERROR: node:internal/modules/cjs/loader:1031
  throw err;
  ^

Error: Cannot find module '/home/runner/work/liquiditydashboard/liquiditydashboard/web/lib/fetch-bill-share-data.js'
    at Function.Module._resolveFilename (node:internal/modules/cjs/loader:1028:15)
    at Function.Module._load (node:internal/modules/cjs/loader:873:27)
    at Function.executeUserEntryPoint [as runMain] (node:internal/modules/run_main:81:12)
    at node:internal/main/run_main_module:22:47 {
  code: 'MODULE_NOT_FOUND',
  requireStack: []
}
[2025-07-31T04:06:45.795Z] lib/fetch-bill-share-data.js failed with exit code 1
[2025-07-31T04:06:45.795Z] Running lib/cleanup-future-dates.js...
[2025-07-31T04:06:45.869Z] [lib/cleanup-future-dates.js] Starting data cleanup process...
[2025-07-31T04:06:47.382Z] [lib/cleanup-future-dates.js] Using WorldTimeAPI date: 2025-07-31T04:06:47.282361+00:00
[2025-07-31T04:06:47.382Z] [lib/cleanup-future-dates.js] Using reference date: 2025-7-31
[2025-07-31T04:06:47.383Z] [lib/cleanup-future-dates.js] Processing MOVE index data (/home/runner/work/liquiditydashboard/liquiditydashboard/web/public/series/move.json)...
[2025-07-31T04:06:47.383Z] [lib/cleanup-future-dates.js] Loaded 111 MOVE index data points
[2025-07-31T04:06:47.383Z] [lib/cleanup-future-dates.js] No future-dated entries found in MOVE index data
[2025-07-31T04:06:47.383Z] [lib/cleanup-future-dates.js] Processing SRF data (/home/runner/work/liquiditydashboard/liquiditydashboard/web/public/series/srf.json)...
[2025-07-31T04:06:47.384Z] [lib/cleanup-future-dates.js] Loaded 1017 SRF data points
[2025-07-31T04:06:47.385Z] [lib/cleanup-future-dates.js] No future-dated entries found in SRF data
[2025-07-31T04:06:47.385Z] [lib/cleanup-future-dates.js] Processing Treasury bill share data (/home/runner/work/liquiditydashboard/liquiditydashboard/web/public/series/bill-share.json)...
[2025-07-31T04:06:47.385Z] [lib/cleanup-future-dates.js] Loaded 282 Treasury bill share data points
[2025-07-31T04:06:47.386Z] [lib/cleanup-future-dates.js] No future-dated entries found in Treasury bill share data
[2025-07-31T04:06:47.386Z] [lib/cleanup-future-dates.js] Cleanup complete! Removed 0 future-dated entries in total.
Data cleanup completed with no changes needed
[2025-07-31T04:06:47.389Z] lib/cleanup-future-dates.js completed successfully
[2025-07-31T04:06:47.389Z] Running lib/validate-data.js...
[2025-07-31T04:06:47.464Z] [lib/validate-data.js] Running data validation...
[2025-07-31T04:06:47.464Z] [lib/validate-data.js] Validating MOVE index data...
[2025-07-31T04:06:47.464Z] [lib/validate-data.js] Found 111 MOVE data points
[2025-07-31T04:06:47.548Z] [lib/validate-data.js] WorldTimeAPI failed, trying alternative source
[2025-07-31T04:06:48.122Z] [lib/validate-data.js] Using TimeAPI date: 2025-07-31T04:06:48.0673023
[2025-07-31T04:06:48.122Z] [lib/validate-data.js] Using reference date: 2025-7-31
[2025-07-31T04:06:48.123Z] [lib/validate-data.js] MOVE index data validation passed ✓
[2025-07-31T04:06:48.123Z] [lib/validate-data.js] Validating SRF data...
[2025-07-31T04:06:48.123Z] [lib/validate-data.js] Found 1017 SRF data points
[2025-07-31T04:06:48.189Z] [lib/validate-data.js] WorldTimeAPI failed, trying alternative source
[2025-07-31T04:06:48.717Z] [lib/validate-data.js] Using TimeAPI date: 2025-07-31T04:06:48.6716075
[2025-07-31T04:06:48.719Z] [lib/validate-data.js] SRF data validation passed ✓
[2025-07-31T04:06:48.719Z] [lib/validate-data.js] Validating Treasury funding data...
[2025-07-31T04:06:48.719Z] [lib/validate-data.js] Found 282 Treasury funding data points
[2025-07-31T04:06:48.719Z] [lib/validate-data.js] Treasury funding data validation passed ✓
[2025-07-31T04:06:48.719Z] [lib/validate-data.js] All data validation passed ✓
[2025-07-31T04:06:48.723Z] lib/validate-data.js completed successfully
[2025-07-31T04:06:48.723Z] Dashboard update process completed successfully
