[2026-02-09T05:07:45.697Z] Starting Liquidity Dashboard update process
[2026-02-09T05:07:45.699Z] Running lib/data-backup.js...
[2026-02-09T05:07:45.728Z] [lib/data-backup.js] ERROR: node:internal/modules/cjs/loader:1031
  throw err;
  ^

Error: Cannot find module '/home/runner/work/liquiditydashboard/liquiditydashboard/web/lib/data-backup.js'
    at Function.Module._resolveFilename (node:internal/modules/cjs/loader:1028:15)
    at Function.Module._load (node:internal/modules/cjs/loader:873:27)
    at Function.executeUserEntryPoint [as runMain] (node:internal/modules/run_main:81:12)
    at node:internal/main/run_main_module:22:47 {
  code: 'MODULE_NOT_FOUND',
  requireStack: []
}
[2026-02-09T05:07:45.731Z] lib/data-backup.js failed with exit code 1
[2026-02-09T05:07:45.731Z] Running lib/data-backup.js clean...
[2026-02-09T05:07:45.759Z] [lib/data-backup.js clean] ERROR: node:internal/modules/cjs/loader:1031
  throw err;
  ^

Error: Cannot find module '/home/runner/work/liquiditydashboard/liquiditydashboard/web/lib/data-backup.js'
    at Function.Module._resolveFilename (node:internal/modules/cjs/loader:1028:15)
    at Function.Module._load (node:internal/modules/cjs/loader:873:27)
    at Function.executeUserEntryPoint [as runMain] (node:internal/modules/run_main:81:12)
    at node:internal/main/run_main_module:22:47 {
  code: 'MODULE_NOT_FOUND',
  requireStack: []
}
[2026-02-09T05:07:45.760Z] lib/data-backup.js clean failed with exit code 1
[2026-02-09T05:07:45.761Z] Running lib/import-historical-move-data.js...
[2026-02-09T05:07:45.788Z] [lib/import-historical-move-data.js] ERROR: node:internal/modules/cjs/loader:1031
  throw err;
  ^

Error: Cannot find module '/home/runner/work/liquiditydashboard/liquiditydashboard/web/lib/import-historical-move-data.js'
    at Function.Module._resolveFilename (node:internal/modules/cjs/loader:1028:15)
    at Function.Module._load (node:internal/modules/cjs/loader:873:27)
    at Function.executeUserEntryPoint [as runMain] (node:internal/modules/run_main:81:12)
    at node:internal/main/run_main_module:22:47 {
  code: 'MODULE_NOT_FOUND',
  requireStack: []
}
[2026-02-09T05:07:45.790Z] lib/import-historical-move-data.js failed with exit code 1
[2026-02-09T05:07:45.790Z] Running lib/fetch-move-data.js...
[2026-02-09T05:07:45.817Z] [lib/fetch-move-data.js] ERROR: node:internal/modules/cjs/loader:1031
  throw err;
  ^

Error: Cannot find module '/home/runner/work/liquiditydashboard/liquiditydashboard/web/lib/fetch-move-data.js'
    at Function.Module._resolveFilename (node:internal/modules/cjs/loader:1028:15)
    at Function.Module._load (node:internal/modules/cjs/loader:873:27)
    at Function.executeUserEntryPoint [as runMain] (node:internal/modules/run_main:81:12)
    at node:internal/main/run_main_module:22:47 {
  code: 'MODULE_NOT_FOUND',
  requireStack: []
}
[2026-02-09T05:07:45.819Z] lib/fetch-move-data.js failed with exit code 1
[2026-02-09T05:07:45.819Z] Running lib/fetch-srf-data.js...
[2026-02-09T05:07:45.848Z] [lib/fetch-srf-data.js] ERROR: node:internal/modules/cjs/loader:1031
  throw err;
  ^

Error: Cannot find module '/home/runner/work/liquiditydashboard/liquiditydashboard/web/lib/fetch-srf-data.js'
    at Function.Module._resolveFilename (node:internal/modules/cjs/loader:1028:15)
    at Function.Module._load (node:internal/modules/cjs/loader:873:27)
    at Function.executeUserEntryPoint [as runMain] (node:internal/modules/run_main:81:12)
    at node:internal/main/run_main_module:22:47 {
  code: 'MODULE_NOT_FOUND',
  requireStack: []
}
[2026-02-09T05:07:45.850Z] lib/fetch-srf-data.js failed with exit code 1
[2026-02-09T05:07:45.850Z] Running lib/fetch-bill-share-data.js...
[2026-02-09T05:07:45.878Z] [lib/fetch-bill-share-data.js] ERROR: node:internal/modules/cjs/loader:1031
  throw err;
  ^

Error: Cannot find module '/home/runner/work/liquiditydashboard/liquiditydashboard/web/lib/fetch-bill-share-data.js'
    at Function.Module._resolveFilename (node:internal/modules/cjs/loader:1028:15)
    at Function.Module._load (node:internal/modules/cjs/loader:873:27)
    at Function.executeUserEntryPoint [as runMain] (node:internal/modules/run_main:81:12)
    at node:internal/main/run_main_module:22:47 {
  code: 'MODULE_NOT_FOUND',
  requireStack: []
}
[2026-02-09T05:07:45.880Z] lib/fetch-bill-share-data.js failed with exit code 1
[2026-02-09T05:07:45.880Z] Running lib/cleanup-future-dates.js...
[2026-02-09T05:07:45.954Z] [lib/cleanup-future-dates.js] Starting data cleanup process...
[2026-02-09T05:07:46.032Z] [lib/cleanup-future-dates.js] WorldTimeAPI failed, trying alternative source
[2026-02-09T05:07:46.466Z] [lib/cleanup-future-dates.js] Using TimeAPI date: 2026-02-09T05:07:46.8982058
[2026-02-09T05:07:46.467Z] [lib/cleanup-future-dates.js] Using reference date: 2026-2-9
[2026-02-09T05:07:46.467Z] [lib/cleanup-future-dates.js] Processing MOVE index data (/home/runner/work/liquiditydashboard/liquiditydashboard/web/public/series/move.json)...
[2026-02-09T05:07:46.467Z] [lib/cleanup-future-dates.js] Loaded 111 MOVE index data points
[2026-02-09T05:07:46.467Z] [lib/cleanup-future-dates.js] No future-dated entries found in MOVE index data
[2026-02-09T05:07:46.468Z] [lib/cleanup-future-dates.js] Processing SRF data (/home/runner/work/liquiditydashboard/liquiditydashboard/web/public/series/srf.json)...
[2026-02-09T05:07:46.468Z] [lib/cleanup-future-dates.js] Loaded 1017 SRF data points
[2026-02-09T05:07:46.469Z] [lib/cleanup-future-dates.js] No future-dated entries found in SRF data
[2026-02-09T05:07:46.469Z] [lib/cleanup-future-dates.js] Processing Treasury bill share data (/home/runner/work/liquiditydashboard/liquiditydashboard/web/public/series/bill-share.json)...
[2026-02-09T05:07:46.470Z] [lib/cleanup-future-dates.js] Loaded 282 Treasury bill share data points
[2026-02-09T05:07:46.470Z] [lib/cleanup-future-dates.js] No future-dated entries found in Treasury bill share data
[2026-02-09T05:07:46.470Z] [lib/cleanup-future-dates.js] Cleanup complete! Removed 0 future-dated entries in total.
Data cleanup completed with no changes needed
[2026-02-09T05:07:46.473Z] lib/cleanup-future-dates.js completed successfully
[2026-02-09T05:07:46.473Z] Running lib/validate-data.js...
[2026-02-09T05:07:46.548Z] [lib/validate-data.js] Running data validation...
[2026-02-09T05:07:46.549Z] [lib/validate-data.js] Validating MOVE index data...
[2026-02-09T05:07:46.549Z] [lib/validate-data.js] Found 111 MOVE data points
[2026-02-09T05:07:46.692Z] [lib/validate-data.js] WorldTimeAPI failed, trying alternative source
[2026-02-09T05:07:47.127Z] [lib/validate-data.js] Using TimeAPI date: 2026-02-09T05:07:47.562598
[2026-02-09T05:07:47.127Z] [lib/validate-data.js] Using reference date: 2026-2-9
[2026-02-09T05:07:47.127Z] [lib/validate-data.js] MOVE index data validation passed ✓
[2026-02-09T05:07:47.128Z] [lib/validate-data.js] Validating SRF data...
[2026-02-09T05:07:47.128Z] [lib/validate-data.js] Found 1017 SRF data points
[2026-02-09T05:07:47.252Z] [lib/validate-data.js] WorldTimeAPI failed, trying alternative source
[2026-02-09T05:07:47.678Z] [lib/validate-data.js] Using TimeAPI date: 2026-02-09T05:07:48.1156411
[2026-02-09T05:07:47.679Z] [lib/validate-data.js] SRF data validation passed ✓
[2026-02-09T05:07:47.679Z] [lib/validate-data.js] Validating Treasury funding data...
[2026-02-09T05:07:47.680Z] [lib/validate-data.js] Found 282 Treasury funding data points
[2026-02-09T05:07:47.680Z] [lib/validate-data.js] Treasury funding data validation passed ✓
[2026-02-09T05:07:47.680Z] [lib/validate-data.js] All data validation passed ✓
[2026-02-09T05:07:47.683Z] lib/validate-data.js completed successfully
[2026-02-09T05:07:47.683Z] Dashboard update process completed successfully
