[2025-12-17T03:57:00.785Z] Starting Liquidity Dashboard update process
[2025-12-17T03:57:00.787Z] Running lib/data-backup.js...
[2025-12-17T03:57:00.817Z] [lib/data-backup.js] ERROR: node:internal/modules/cjs/loader:1031
  throw err;
  ^

Error: Cannot find module '/home/runner/work/liquiditydashboard/liquiditydashboard/web/lib/data-backup.js'
    at Function.Module._resolveFilename (node:internal/modules/cjs/loader:1028:15)
    at Function.Module._load (node:internal/modules/cjs/loader:873:27)
    at Function.executeUserEntryPoint [as runMain] (node:internal/modules/run_main:81:12)
    at node:internal/main/run_main_module:22:47 {
  code: 'MODULE_NOT_FOUND',
  requireStack: []
}
[2025-12-17T03:57:00.819Z] lib/data-backup.js failed with exit code 1
[2025-12-17T03:57:00.820Z] Running lib/data-backup.js clean...
[2025-12-17T03:57:00.848Z] [lib/data-backup.js clean] ERROR: node:internal/modules/cjs/loader:1031
  throw err;
  ^

Error: Cannot find module '/home/runner/work/liquiditydashboard/liquiditydashboard/web/lib/data-backup.js'
    at Function.Module._resolveFilename (node:internal/modules/cjs/loader:1028:15)
    at Function.Module._load (node:internal/modules/cjs/loader:873:27)
    at Function.executeUserEntryPoint [as runMain] (node:internal/modules/run_main:81:12)
    at node:internal/main/run_main_module:22:47 {
  code: 'MODULE_NOT_FOUND',
  requireStack: []
}
[2025-12-17T03:57:00.850Z] lib/data-backup.js clean failed with exit code 1
[2025-12-17T03:57:00.850Z] Running lib/import-historical-move-data.js...
[2025-12-17T03:57:00.878Z] [lib/import-historical-move-data.js] ERROR: node:internal/modules/cjs/loader:1031
  throw err;
  ^

Error: Cannot find module '/home/runner/work/liquiditydashboard/liquiditydashboard/web/lib/import-historical-move-data.js'
    at Function.Module._resolveFilename (node:internal/modules/cjs/loader:1028:15)
    at Function.Module._load (node:internal/modules/cjs/loader:873:27)
    at Function.executeUserEntryPoint [as runMain] (node:internal/modules/run_main:81:12)
    at node:internal/main/run_main_module:22:47 {
  code: 'MODULE_NOT_FOUND',
  requireStack: []
}
[2025-12-17T03:57:00.880Z] lib/import-historical-move-data.js failed with exit code 1
[2025-12-17T03:57:00.880Z] Running lib/fetch-move-data.js...
[2025-12-17T03:57:00.910Z] [lib/fetch-move-data.js] ERROR: node:internal/modules/cjs/loader:1031
  throw err;
  ^

Error: Cannot find module '/home/runner/work/liquiditydashboard/liquiditydashboard/web/lib/fetch-move-data.js'
    at Function.Module._resolveFilename (node:internal/modules/cjs/loader:1028:15)
    at Function.Module._load (node:internal/modules/cjs/loader:873:27)
    at Function.executeUserEntryPoint [as runMain] (node:internal/modules/run_main:81:12)
    at node:internal/main/run_main_module:22:47 {
  code: 'MODULE_NOT_FOUND',
  requireStack: []
}
[2025-12-17T03:57:00.912Z] lib/fetch-move-data.js failed with exit code 1
[2025-12-17T03:57:00.912Z] Running lib/fetch-srf-data.js...
[2025-12-17T03:57:00.941Z] [lib/fetch-srf-data.js] ERROR: node:internal/modules/cjs/loader:1031
  throw err;
  ^

Error: Cannot find module '/home/runner/work/liquiditydashboard/liquiditydashboard/web/lib/fetch-srf-data.js'
    at Function.Module._resolveFilename (node:internal/modules/cjs/loader:1028:15)
    at Function.Module._load (node:internal/modules/cjs/loader:873:27)
    at Function.executeUserEntryPoint [as runMain] (node:internal/modules/run_main:81:12)
    at node:internal/main/run_main_module:22:47 {
  code: 'MODULE_NOT_FOUND',
  requireStack: []
}
[2025-12-17T03:57:00.943Z] lib/fetch-srf-data.js failed with exit code 1
[2025-12-17T03:57:00.943Z] Running lib/fetch-bill-share-data.js...
[2025-12-17T03:57:00.972Z] [lib/fetch-bill-share-data.js] ERROR: node:internal/modules/cjs/loader:1031
  throw err;
  ^

Error: Cannot find module '/home/runner/work/liquiditydashboard/liquiditydashboard/web/lib/fetch-bill-share-data.js'
    at Function.Module._resolveFilename (node:internal/modules/cjs/loader:1028:15)
    at Function.Module._load (node:internal/modules/cjs/loader:873:27)
    at Function.executeUserEntryPoint [as runMain] (node:internal/modules/run_main:81:12)
    at node:internal/main/run_main_module:22:47 {
  code: 'MODULE_NOT_FOUND',
  requireStack: []
}
[2025-12-17T03:57:00.974Z] lib/fetch-bill-share-data.js failed with exit code 1
[2025-12-17T03:57:00.975Z] Running lib/cleanup-future-dates.js...
[2025-12-17T03:57:01.053Z] [lib/cleanup-future-dates.js] Starting data cleanup process...
[2025-12-17T03:57:01.371Z] [lib/cleanup-future-dates.js] WorldTimeAPI failed, trying alternative source
[2025-12-17T03:57:02.201Z] [lib/cleanup-future-dates.js] Using TimeAPI date: 2025-12-17T03:57:02.1414631
[2025-12-17T03:57:02.201Z] [lib/cleanup-future-dates.js] Using reference date: 2025-12-17
[2025-12-17T03:57:02.202Z] [lib/cleanup-future-dates.js] Processing MOVE index data (/home/runner/work/liquiditydashboard/liquiditydashboard/web/public/series/move.json)...
[2025-12-17T03:57:02.202Z] [lib/cleanup-future-dates.js] Loaded 111 MOVE index data points
[2025-12-17T03:57:02.202Z] [lib/cleanup-future-dates.js] No future-dated entries found in MOVE index data
[2025-12-17T03:57:02.203Z] [lib/cleanup-future-dates.js] Processing SRF data (/home/runner/work/liquiditydashboard/liquiditydashboard/web/public/series/srf.json)...
[2025-12-17T03:57:02.203Z] [lib/cleanup-future-dates.js] Loaded 1017 SRF data points
[2025-12-17T03:57:02.205Z] [lib/cleanup-future-dates.js] No future-dated entries found in SRF data
[2025-12-17T03:57:02.205Z] [lib/cleanup-future-dates.js] Processing Treasury bill share data (/home/runner/work/liquiditydashboard/liquiditydashboard/web/public/series/bill-share.json)...
[2025-12-17T03:57:02.205Z] [lib/cleanup-future-dates.js] Loaded 282 Treasury bill share data points
[2025-12-17T03:57:02.206Z] [lib/cleanup-future-dates.js] No future-dated entries found in Treasury bill share data
[2025-12-17T03:57:02.206Z] [lib/cleanup-future-dates.js] Cleanup complete! Removed 0 future-dated entries in total.
Data cleanup completed with no changes needed
[2025-12-17T03:57:02.210Z] lib/cleanup-future-dates.js completed successfully
[2025-12-17T03:57:02.210Z] Running lib/validate-data.js...
[2025-12-17T03:57:02.286Z] [lib/validate-data.js] Running data validation...
[2025-12-17T03:57:02.287Z] [lib/validate-data.js] Validating MOVE index data...
[2025-12-17T03:57:02.287Z] [lib/validate-data.js] Found 111 MOVE data points
[2025-12-17T03:57:02.402Z] [lib/validate-data.js] WorldTimeAPI failed, trying alternative source
[2025-12-17T03:57:03.000Z] [lib/validate-data.js] Using TimeAPI date: 2025-12-17T03:57:02.9426908
[2025-12-17T03:57:03.000Z] [lib/validate-data.js] Using reference date: 2025-12-17
[2025-12-17T03:57:03.001Z] [lib/validate-data.js] MOVE index data validation passed ✓
[2025-12-17T03:57:03.001Z] [lib/validate-data.js] Validating SRF data...
[2025-12-17T03:57:03.001Z] [lib/validate-data.js] Found 1017 SRF data points
[2025-12-17T03:57:03.045Z] [lib/validate-data.js] WorldTimeAPI failed, trying alternative source
[2025-12-17T03:57:03.762Z] [lib/validate-data.js] Using TimeAPI date: 2025-12-17T03:57:03.7042339
[2025-12-17T03:57:03.763Z] [lib/validate-data.js] SRF data validation passed ✓
[2025-12-17T03:57:03.763Z] [lib/validate-data.js] Validating Treasury funding data...
[2025-12-17T03:57:03.764Z] [lib/validate-data.js] Found 282 Treasury funding data points
[2025-12-17T03:57:03.764Z] [lib/validate-data.js] Treasury funding data validation passed ✓
[2025-12-17T03:57:03.764Z] [lib/validate-data.js] All data validation passed ✓
[2025-12-17T03:57:03.767Z] lib/validate-data.js completed successfully
[2025-12-17T03:57:03.767Z] Dashboard update process completed successfully
