[2026-06-25T06:52:51.909Z] Starting Liquidity Dashboard update process
[2026-06-25T06:52:51.911Z] Running lib/data-backup.js...
[2026-06-25T06:52:51.941Z] [lib/data-backup.js] ERROR: node:internal/modules/cjs/loader:1031
  throw err;
  ^

Error: Cannot find module '/home/runner/work/liquiditydashboard/liquiditydashboard/web/lib/data-backup.js'
    at Function.Module._resolveFilename (node:internal/modules/cjs/loader:1028:15)
    at Function.Module._load (node:internal/modules/cjs/loader:873:27)
    at Function.executeUserEntryPoint [as runMain] (node:internal/modules/run_main:81:12)
    at node:internal/main/run_main_module:22:47 {
  code: 'MODULE_NOT_FOUND',
  requireStack: []
}
[2026-06-25T06:52:51.944Z] lib/data-backup.js failed with exit code 1
[2026-06-25T06:52:51.944Z] Running lib/data-backup.js clean...
[2026-06-25T06:52:51.973Z] [lib/data-backup.js clean] ERROR: node:internal/modules/cjs/loader:1031
  throw err;
  ^

Error: Cannot find module '/home/runner/work/liquiditydashboard/liquiditydashboard/web/lib/data-backup.js'
    at Function.Module._resolveFilename (node:internal/modules/cjs/loader:1028:15)
    at Function.Module._load (node:internal/modules/cjs/loader:873:27)
    at Function.executeUserEntryPoint [as runMain] (node:internal/modules/run_main:81:12)
    at node:internal/main/run_main_module:22:47 {
  code: 'MODULE_NOT_FOUND',
  requireStack: []
}
[2026-06-25T06:52:51.975Z] lib/data-backup.js clean failed with exit code 1
[2026-06-25T06:52:51.975Z] Running lib/import-historical-move-data.js...
[2026-06-25T06:52:52.004Z] [lib/import-historical-move-data.js] ERROR: node:internal/modules/cjs/loader:1031
  throw err;
  ^

Error: Cannot find module '/home/runner/work/liquiditydashboard/liquiditydashboard/web/lib/import-historical-move-data.js'
    at Function.Module._resolveFilename (node:internal/modules/cjs/loader:1028:15)
    at Function.Module._load (node:internal/modules/cjs/loader:873:27)
    at Function.executeUserEntryPoint [as runMain] (node:internal/modules/run_main:81:12)
    at node:internal/main/run_main_module:22:47 {
  code: 'MODULE_NOT_FOUND',
  requireStack: []
}
[2026-06-25T06:52:52.006Z] lib/import-historical-move-data.js failed with exit code 1
[2026-06-25T06:52:52.006Z] Running lib/fetch-move-data.js...
[2026-06-25T06:52:52.035Z] [lib/fetch-move-data.js] ERROR: node:internal/modules/cjs/loader:1031
  throw err;
  ^

Error: Cannot find module '/home/runner/work/liquiditydashboard/liquiditydashboard/web/lib/fetch-move-data.js'
    at Function.Module._resolveFilename (node:internal/modules/cjs/loader:1028:15)
    at Function.Module._load (node:internal/modules/cjs/loader:873:27)
    at Function.executeUserEntryPoint [as runMain] (node:internal/modules/run_main:81:12)
    at node:internal/main/run_main_module:22:47 {
  code: 'MODULE_NOT_FOUND',
  requireStack: []
}
[2026-06-25T06:52:52.037Z] lib/fetch-move-data.js failed with exit code 1
[2026-06-25T06:52:52.037Z] Running lib/fetch-srf-data.js...
[2026-06-25T06:52:52.066Z] [lib/fetch-srf-data.js] ERROR: node:internal/modules/cjs/loader:1031
  throw err;
  ^

Error: Cannot find module '/home/runner/work/liquiditydashboard/liquiditydashboard/web/lib/fetch-srf-data.js'
    at Function.Module._resolveFilename (node:internal/modules/cjs/loader:1028:15)
    at Function.Module._load (node:internal/modules/cjs/loader:873:27)
    at Function.executeUserEntryPoint [as runMain] (node:internal/modules/run_main:81:12)
    at node:internal/main/run_main_module:22:47 {
  code: 'MODULE_NOT_FOUND',
  requireStack: []
}
[2026-06-25T06:52:52.069Z] lib/fetch-srf-data.js failed with exit code 1
[2026-06-25T06:52:52.069Z] Running lib/fetch-bill-share-data.js...
[2026-06-25T06:52:52.098Z] [lib/fetch-bill-share-data.js] ERROR: node:internal/modules/cjs/loader:1031
  throw err;
  ^

Error: Cannot find module '/home/runner/work/liquiditydashboard/liquiditydashboard/web/lib/fetch-bill-share-data.js'
    at Function.Module._resolveFilename (node:internal/modules/cjs/loader:1028:15)
    at Function.Module._load (node:internal/modules/cjs/loader:873:27)
    at Function.executeUserEntryPoint [as runMain] (node:internal/modules/run_main:81:12)
    at node:internal/main/run_main_module:22:47 {
  code: 'MODULE_NOT_FOUND',
  requireStack: []
}
[2026-06-25T06:52:52.100Z] lib/fetch-bill-share-data.js failed with exit code 1
[2026-06-25T06:52:52.100Z] Running lib/cleanup-future-dates.js...
[2026-06-25T06:52:52.183Z] [lib/cleanup-future-dates.js] Starting data cleanup process...
[2026-06-25T06:52:52.398Z] [lib/cleanup-future-dates.js] WorldTimeAPI failed, trying alternative source
[2026-06-25T06:52:53.218Z] [lib/cleanup-future-dates.js] Using TimeAPI date: 2026-06-25T06:52:54.1803903
[2026-06-25T06:52:53.218Z] [lib/cleanup-future-dates.js] Using reference date: 2026-6-25
[2026-06-25T06:52:53.218Z] [lib/cleanup-future-dates.js] Processing MOVE index data (/home/runner/work/liquiditydashboard/liquiditydashboard/web/public/series/move.json)...
[2026-06-25T06:52:53.218Z] [lib/cleanup-future-dates.js] Loaded 111 MOVE index data points
[2026-06-25T06:52:53.219Z] [lib/cleanup-future-dates.js] No future-dated entries found in MOVE index data
[2026-06-25T06:52:53.219Z] [lib/cleanup-future-dates.js] Processing SRF data (/home/runner/work/liquiditydashboard/liquiditydashboard/web/public/series/srf.json)...
[2026-06-25T06:52:53.219Z] [lib/cleanup-future-dates.js] Loaded 1017 SRF data points
[2026-06-25T06:52:53.221Z] [lib/cleanup-future-dates.js] No future-dated entries found in SRF data
[2026-06-25T06:52:53.221Z] [lib/cleanup-future-dates.js] Processing Treasury bill share data (/home/runner/work/liquiditydashboard/liquiditydashboard/web/public/series/bill-share.json)...
[2026-06-25T06:52:53.221Z] [lib/cleanup-future-dates.js] Loaded 282 Treasury bill share data points
[2026-06-25T06:52:53.221Z] [lib/cleanup-future-dates.js] No future-dated entries found in Treasury bill share data
[2026-06-25T06:52:53.222Z] [lib/cleanup-future-dates.js] Cleanup complete! Removed 0 future-dated entries in total.
[2026-06-25T06:52:53.222Z] [lib/cleanup-future-dates.js] Data cleanup completed with no changes needed
[2026-06-25T06:52:53.225Z] lib/cleanup-future-dates.js completed successfully
[2026-06-25T06:52:53.225Z] Running lib/validate-data.js...
[2026-06-25T06:52:53.305Z] [lib/validate-data.js] Running data validation...
[2026-06-25T06:52:53.306Z] [lib/validate-data.js] Validating MOVE index data...
[2026-06-25T06:52:53.306Z] [lib/validate-data.js] Found 111 MOVE data points
[2026-06-25T06:52:53.372Z] [lib/validate-data.js] WorldTimeAPI failed, trying alternative source
[2026-06-25T06:52:54.064Z] [lib/validate-data.js] Using TimeAPI date: 2026-06-25T06:52:55.0328796
[2026-06-25T06:52:54.064Z] [lib/validate-data.js] Using reference date: 2026-6-25
[2026-06-25T06:52:54.065Z] [lib/validate-data.js] MOVE index data validation passed ✓
[2026-06-25T06:52:54.065Z] [lib/validate-data.js] Validating SRF data...
[2026-06-25T06:52:54.066Z] [lib/validate-data.js] Found 1017 SRF data points
[2026-06-25T06:52:54.129Z] [lib/validate-data.js] WorldTimeAPI failed, trying alternative source
[2026-06-25T06:52:54.833Z] [lib/validate-data.js] Using TimeAPI date: 2026-06-25T06:52:55.7995423
[2026-06-25T06:52:54.836Z] [lib/validate-data.js] SRF data validation passed ✓
[2026-06-25T06:52:54.836Z] [lib/validate-data.js] Validating Treasury funding data...
[2026-06-25T06:52:54.836Z] [lib/validate-data.js] Found 282 Treasury funding data points
[2026-06-25T06:52:54.836Z] [lib/validate-data.js] Treasury funding data validation passed ✓
[2026-06-25T06:52:54.836Z] [lib/validate-data.js] All data validation passed ✓
[2026-06-25T06:52:54.840Z] lib/validate-data.js completed successfully
[2026-06-25T06:52:54.840Z] Dashboard update process completed successfully
