[2025-07-14T04:05:45.870Z] Starting Liquidity Dashboard update process
[2025-07-14T04:05:45.872Z] Running lib/data-backup.js...
[2025-07-14T04:05:45.900Z] [lib/data-backup.js] ERROR: node:internal/modules/cjs/loader:1031
  throw err;
  ^

Error: Cannot find module '/home/runner/work/liquiditydashboard/liquiditydashboard/web/lib/data-backup.js'
    at Function.Module._resolveFilename (node:internal/modules/cjs/loader:1028:15)
    at Function.Module._load (node:internal/modules/cjs/loader:873:27)
    at Function.executeUserEntryPoint [as runMain] (node:internal/modules/run_main:81:12)
    at node:internal/main/run_main_module:22:47 {
  code: 'MODULE_NOT_FOUND',
  requireStack: []
}
[2025-07-14T04:05:45.903Z] lib/data-backup.js failed with exit code 1
[2025-07-14T04:05:45.903Z] Running lib/data-backup.js clean...
[2025-07-14T04:05:45.931Z] [lib/data-backup.js clean] ERROR: node:internal/modules/cjs/loader:1031
  throw err;
  ^

Error: Cannot find module '/home/runner/work/liquiditydashboard/liquiditydashboard/web/lib/data-backup.js'
    at Function.Module._resolveFilename (node:internal/modules/cjs/loader:1028:15)
    at Function.Module._load (node:internal/modules/cjs/loader:873:27)
    at Function.executeUserEntryPoint [as runMain] (node:internal/modules/run_main:81:12)
    at node:internal/main/run_main_module:22:47 {
  code: 'MODULE_NOT_FOUND',
  requireStack: []
}
[2025-07-14T04:05:45.932Z] lib/data-backup.js clean failed with exit code 1
[2025-07-14T04:05:45.932Z] Running lib/import-historical-move-data.js...
[2025-07-14T04:05:45.960Z] [lib/import-historical-move-data.js] ERROR: node:internal/modules/cjs/loader:1031
  throw err;
  ^

Error: Cannot find module '/home/runner/work/liquiditydashboard/liquiditydashboard/web/lib/import-historical-move-data.js'
    at Function.Module._resolveFilename (node:internal/modules/cjs/loader:1028:15)
    at Function.Module._load (node:internal/modules/cjs/loader:873:27)
    at Function.executeUserEntryPoint [as runMain] (node:internal/modules/run_main:81:12)
    at node:internal/main/run_main_module:22:47 {
  code: 'MODULE_NOT_FOUND',
  requireStack: []
}
[2025-07-14T04:05:45.962Z] lib/import-historical-move-data.js failed with exit code 1
[2025-07-14T04:05:45.962Z] Running lib/fetch-move-data.js...
[2025-07-14T04:05:45.989Z] [lib/fetch-move-data.js] ERROR: node:internal/modules/cjs/loader:1031
  throw err;
  ^

Error: Cannot find module '/home/runner/work/liquiditydashboard/liquiditydashboard/web/lib/fetch-move-data.js'
    at Function.Module._resolveFilename (node:internal/modules/cjs/loader:1028:15)
    at Function.Module._load (node:internal/modules/cjs/loader:873:27)
    at Function.executeUserEntryPoint [as runMain] (node:internal/modules/run_main:81:12)
    at node:internal/main/run_main_module:22:47 {
  code: 'MODULE_NOT_FOUND',
  requireStack: []
}
[2025-07-14T04:05:45.991Z] lib/fetch-move-data.js failed with exit code 1
[2025-07-14T04:05:45.991Z] Running lib/fetch-srf-data.js...
[2025-07-14T04:05:46.018Z] [lib/fetch-srf-data.js] ERROR: node:internal/modules/cjs/loader:1031
  throw err;
  ^

Error: Cannot find module '/home/runner/work/liquiditydashboard/liquiditydashboard/web/lib/fetch-srf-data.js'
    at Function.Module._resolveFilename (node:internal/modules/cjs/loader:1028:15)
    at Function.Module._load (node:internal/modules/cjs/loader:873:27)
    at Function.executeUserEntryPoint [as runMain] (node:internal/modules/run_main:81:12)
    at node:internal/main/run_main_module:22:47 {
  code: 'MODULE_NOT_FOUND',
  requireStack: []
}
[2025-07-14T04:05:46.021Z] lib/fetch-srf-data.js failed with exit code 1
[2025-07-14T04:05:46.021Z] Running lib/fetch-bill-share-data.js...
[2025-07-14T04:05:46.049Z] [lib/fetch-bill-share-data.js] ERROR: node:internal/modules/cjs/loader:1031
  throw err;
  ^

Error: Cannot find module '/home/runner/work/liquiditydashboard/liquiditydashboard/web/lib/fetch-bill-share-data.js'
    at Function.Module._resolveFilename (node:internal/modules/cjs/loader:1028:15)
    at Function.Module._load (node:internal/modules/cjs/loader:873:27)
    at Function.executeUserEntryPoint [as runMain] (node:internal/modules/run_main:81:12)
    at node:internal/main/run_main_module:22:47 {
  code: 'MODULE_NOT_FOUND',
  requireStack: []
}
[2025-07-14T04:05:46.051Z] lib/fetch-bill-share-data.js failed with exit code 1
[2025-07-14T04:05:46.051Z] Running lib/cleanup-future-dates.js...
[2025-07-14T04:05:46.124Z] [lib/cleanup-future-dates.js] Starting data cleanup process...
[2025-07-14T04:05:46.262Z] [lib/cleanup-future-dates.js] WorldTimeAPI failed, trying alternative source
[2025-07-14T04:05:46.929Z] [lib/cleanup-future-dates.js] Using TimeAPI date: 2025-07-14T04:05:46.844374
[2025-07-14T04:05:46.930Z] [lib/cleanup-future-dates.js] Using reference date: 2025-7-14
[2025-07-14T04:05:46.930Z] [lib/cleanup-future-dates.js] Processing MOVE index data (/home/runner/work/liquiditydashboard/liquiditydashboard/web/public/series/move.json)...
[2025-07-14T04:05:46.930Z] [lib/cleanup-future-dates.js] Loaded 111 MOVE index data points
[2025-07-14T04:05:46.930Z] [lib/cleanup-future-dates.js] No future-dated entries found in MOVE index data
[2025-07-14T04:05:46.930Z] [lib/cleanup-future-dates.js] Processing SRF data (/home/runner/work/liquiditydashboard/liquiditydashboard/web/public/series/srf.json)...
[2025-07-14T04:05:46.931Z] [lib/cleanup-future-dates.js] Loaded 1017 SRF data points
[2025-07-14T04:05:46.932Z] [lib/cleanup-future-dates.js] No future-dated entries found in SRF data
[2025-07-14T04:05:46.932Z] [lib/cleanup-future-dates.js] Processing Treasury bill share data (/home/runner/work/liquiditydashboard/liquiditydashboard/web/public/series/bill-share.json)...
[2025-07-14T04:05:46.932Z] [lib/cleanup-future-dates.js] Loaded 282 Treasury bill share data points
[2025-07-14T04:05:46.933Z] [lib/cleanup-future-dates.js] No future-dated entries found in Treasury bill share data
[2025-07-14T04:05:46.933Z] [lib/cleanup-future-dates.js] Cleanup complete! Removed 0 future-dated entries in total.
Data cleanup completed with no changes needed
[2025-07-14T04:05:46.936Z] lib/cleanup-future-dates.js completed successfully
[2025-07-14T04:05:46.936Z] Running lib/validate-data.js...
[2025-07-14T04:05:47.007Z] [lib/validate-data.js] Running data validation...
[2025-07-14T04:05:47.008Z] [lib/validate-data.js] Validating MOVE index data...
[2025-07-14T04:05:47.008Z] [lib/validate-data.js] Found 111 MOVE data points
[2025-07-14T04:05:47.038Z] [lib/validate-data.js] WorldTimeAPI failed, trying alternative source
[2025-07-14T04:05:47.819Z] [lib/validate-data.js] Using TimeAPI date: 2025-07-14T04:05:47.7291134
[2025-07-14T04:05:47.819Z] [lib/validate-data.js] Using reference date: 2025-7-14
[2025-07-14T04:05:47.820Z] [lib/validate-data.js] MOVE index data validation passed ✓
[2025-07-14T04:05:47.820Z] [lib/validate-data.js] Validating SRF data...
[2025-07-14T04:05:47.820Z] [lib/validate-data.js] Found 1017 SRF data points
[2025-07-14T04:05:47.839Z] [lib/validate-data.js] WorldTimeAPI failed, trying alternative source
[2025-07-14T04:05:48.498Z] [lib/validate-data.js] Using TimeAPI date: 2025-07-14T04:05:48.4203137
[2025-07-14T04:05:48.500Z] [lib/validate-data.js] SRF data validation passed ✓
[2025-07-14T04:05:48.500Z] [lib/validate-data.js] Validating Treasury funding data...
[2025-07-14T04:05:48.500Z] [lib/validate-data.js] Found 282 Treasury funding data points
[2025-07-14T04:05:48.501Z] [lib/validate-data.js] Treasury funding data validation passed ✓
[2025-07-14T04:05:48.501Z] [lib/validate-data.js] All data validation passed ✓
[2025-07-14T04:05:48.504Z] lib/validate-data.js completed successfully
[2025-07-14T04:05:48.504Z] Dashboard update process completed successfully
