[2026-07-17T05:46:42.255Z] Starting Liquidity Dashboard update process
[2026-07-17T05:46:42.257Z] Running lib/data-backup.js...
[2026-07-17T05:46:42.286Z] [lib/data-backup.js] ERROR: node:internal/modules/cjs/loader:1031
  throw err;
  ^

Error: Cannot find module '/home/runner/work/liquiditydashboard/liquiditydashboard/web/lib/data-backup.js'
    at Function.Module._resolveFilename (node:internal/modules/cjs/loader:1028:15)
    at Function.Module._load (node:internal/modules/cjs/loader:873:27)
    at Function.executeUserEntryPoint [as runMain] (node:internal/modules/run_main:81:12)
    at node:internal/main/run_main_module:22:47 {
  code: 'MODULE_NOT_FOUND',
  requireStack: []
}
[2026-07-17T05:46:42.288Z] lib/data-backup.js failed with exit code 1
[2026-07-17T05:46:42.288Z] Running lib/data-backup.js clean...
[2026-07-17T05:46:42.317Z] [lib/data-backup.js clean] ERROR: node:internal/modules/cjs/loader:1031
  throw err;
  ^

Error: Cannot find module '/home/runner/work/liquiditydashboard/liquiditydashboard/web/lib/data-backup.js'
    at Function.Module._resolveFilename (node:internal/modules/cjs/loader:1028:15)
    at Function.Module._load (node:internal/modules/cjs/loader:873:27)
    at Function.executeUserEntryPoint [as runMain] (node:internal/modules/run_main:81:12)
    at node:internal/main/run_main_module:22:47 {
  code: 'MODULE_NOT_FOUND',
  requireStack: []
}
[2026-07-17T05:46:42.318Z] lib/data-backup.js clean failed with exit code 1
[2026-07-17T05:46:42.318Z] Running lib/import-historical-move-data.js...
[2026-07-17T05:46:42.347Z] [lib/import-historical-move-data.js] ERROR: node:internal/modules/cjs/loader:1031
  throw err;
  ^

Error: Cannot find module '/home/runner/work/liquiditydashboard/liquiditydashboard/web/lib/import-historical-move-data.js'
    at Function.Module._resolveFilename (node:internal/modules/cjs/loader:1028:15)
    at Function.Module._load (node:internal/modules/cjs/loader:873:27)
    at Function.executeUserEntryPoint [as runMain] (node:internal/modules/run_main:81:12)
    at node:internal/main/run_main_module:22:47 {
  code: 'MODULE_NOT_FOUND',
  requireStack: []
}
[2026-07-17T05:46:42.349Z] lib/import-historical-move-data.js failed with exit code 1
[2026-07-17T05:46:42.349Z] Running lib/fetch-move-data.js...
[2026-07-17T05:46:42.378Z] [lib/fetch-move-data.js] ERROR: node:internal/modules/cjs/loader:1031
  throw err;
  ^

Error: Cannot find module '/home/runner/work/liquiditydashboard/liquiditydashboard/web/lib/fetch-move-data.js'
    at Function.Module._resolveFilename (node:internal/modules/cjs/loader:1028:15)
    at Function.Module._load (node:internal/modules/cjs/loader:873:27)
    at Function.executeUserEntryPoint [as runMain] (node:internal/modules/run_main:81:12)
    at node:internal/main/run_main_module:22:47 {
  code: 'MODULE_NOT_FOUND',
  requireStack: []
}
[2026-07-17T05:46:42.380Z] lib/fetch-move-data.js failed with exit code 1
[2026-07-17T05:46:42.380Z] Running lib/fetch-srf-data.js...
[2026-07-17T05:46:42.410Z] [lib/fetch-srf-data.js] ERROR: node:internal/modules/cjs/loader:1031
  throw err;
  ^

Error: Cannot find module '/home/runner/work/liquiditydashboard/liquiditydashboard/web/lib/fetch-srf-data.js'
    at Function.Module._resolveFilename (node:internal/modules/cjs/loader:1028:15)
    at Function.Module._load (node:internal/modules/cjs/loader:873:27)
    at Function.executeUserEntryPoint [as runMain] (node:internal/modules/run_main:81:12)
    at node:internal/main/run_main_module:22:47 {
  code: 'MODULE_NOT_FOUND',
  requireStack: []
}
[2026-07-17T05:46:42.412Z] lib/fetch-srf-data.js failed with exit code 1
[2026-07-17T05:46:42.412Z] Running lib/fetch-bill-share-data.js...
[2026-07-17T05:46:42.441Z] [lib/fetch-bill-share-data.js] ERROR: node:internal/modules/cjs/loader:1031
  throw err;
  ^

Error: Cannot find module '/home/runner/work/liquiditydashboard/liquiditydashboard/web/lib/fetch-bill-share-data.js'
    at Function.Module._resolveFilename (node:internal/modules/cjs/loader:1028:15)
    at Function.Module._load (node:internal/modules/cjs/loader:873:27)
    at Function.executeUserEntryPoint [as runMain] (node:internal/modules/run_main:81:12)
    at node:internal/main/run_main_module:22:47 {
  code: 'MODULE_NOT_FOUND',
  requireStack: []
}
[2026-07-17T05:46:42.443Z] lib/fetch-bill-share-data.js failed with exit code 1
[2026-07-17T05:46:42.443Z] Running lib/cleanup-future-dates.js...
[2026-07-17T05:46:42.524Z] [lib/cleanup-future-dates.js] Starting data cleanup process...
[2026-07-17T05:46:42.718Z] [lib/cleanup-future-dates.js] WorldTimeAPI failed, trying alternative source
[2026-07-17T05:46:43.307Z] [lib/cleanup-future-dates.js] Using TimeAPI date: 2026-07-17T05:40:25.857329
[2026-07-17T05:46:43.307Z] [lib/cleanup-future-dates.js] Using reference date: 2026-7-17

Processing MOVE index data (/home/runner/work/liquiditydashboard/liquiditydashboard/web/public/series/move.json)...
[2026-07-17T05:46:43.307Z] [lib/cleanup-future-dates.js] Loaded 111 MOVE index data points
[2026-07-17T05:46:43.308Z] [lib/cleanup-future-dates.js] No future-dated entries found in MOVE index data
[2026-07-17T05:46:43.308Z] [lib/cleanup-future-dates.js] Processing SRF data (/home/runner/work/liquiditydashboard/liquiditydashboard/web/public/series/srf.json)...
[2026-07-17T05:46:43.308Z] [lib/cleanup-future-dates.js] Loaded 1017 SRF data points
[2026-07-17T05:46:43.310Z] [lib/cleanup-future-dates.js] No future-dated entries found in SRF data
[2026-07-17T05:46:43.310Z] [lib/cleanup-future-dates.js] Processing Treasury bill share data (/home/runner/work/liquiditydashboard/liquiditydashboard/web/public/series/bill-share.json)...
[2026-07-17T05:46:43.310Z] [lib/cleanup-future-dates.js] Loaded 282 Treasury bill share data points
[2026-07-17T05:46:43.310Z] [lib/cleanup-future-dates.js] No future-dated entries found in Treasury bill share data
[2026-07-17T05:46:43.311Z] [lib/cleanup-future-dates.js] Cleanup complete! Removed 0 future-dated entries in total.
[2026-07-17T05:46:43.311Z] [lib/cleanup-future-dates.js] Data cleanup completed with no changes needed
[2026-07-17T05:46:43.314Z] lib/cleanup-future-dates.js completed successfully
[2026-07-17T05:46:43.314Z] Running lib/validate-data.js...
[2026-07-17T05:46:43.397Z] [lib/validate-data.js] Running data validation...
[2026-07-17T05:46:43.398Z] [lib/validate-data.js] Validating MOVE index data...
[2026-07-17T05:46:43.398Z] [lib/validate-data.js] Found 111 MOVE data points
[2026-07-17T05:46:43.454Z] [lib/validate-data.js] WorldTimeAPI failed, trying alternative source
[2026-07-17T05:46:44.058Z] [lib/validate-data.js] Using TimeAPI date: 2026-07-17T05:40:26.6079583
[2026-07-17T05:46:44.058Z] [lib/validate-data.js] Using reference date: 2026-7-17
[2026-07-17T05:46:44.059Z] [lib/validate-data.js] MOVE index data validation passed ✓
[2026-07-17T05:46:44.059Z] [lib/validate-data.js] Validating SRF data...
[2026-07-17T05:46:44.060Z] [lib/validate-data.js] Found 1017 SRF data points
[2026-07-17T05:46:44.096Z] [lib/validate-data.js] WorldTimeAPI failed, trying alternative source
[2026-07-17T05:46:44.473Z] [lib/validate-data.js] Using TimeAPI date: 2026-07-17T05:40:27.027604
[2026-07-17T05:46:44.476Z] [lib/validate-data.js] SRF data validation passed ✓
[2026-07-17T05:46:44.476Z] [lib/validate-data.js] Validating Treasury funding data...
[2026-07-17T05:46:44.476Z] [lib/validate-data.js] Found 282 Treasury funding data points
[2026-07-17T05:46:44.476Z] [lib/validate-data.js] Treasury funding data validation passed ✓
[2026-07-17T05:46:44.476Z] [lib/validate-data.js] All data validation passed ✓
[2026-07-17T05:46:44.479Z] lib/validate-data.js completed successfully
[2026-07-17T05:46:44.480Z] Dashboard update process completed successfully
