[2025-10-27T03:54:18.487Z] Starting Liquidity Dashboard update process
[2025-10-27T03:54:18.489Z] Running lib/data-backup.js...
[2025-10-27T03:54:18.518Z] [lib/data-backup.js] ERROR: node:internal/modules/cjs/loader:1031
  throw err;
  ^

Error: Cannot find module '/home/runner/work/liquiditydashboard/liquiditydashboard/web/lib/data-backup.js'
    at Function.Module._resolveFilename (node:internal/modules/cjs/loader:1028:15)
    at Function.Module._load (node:internal/modules/cjs/loader:873:27)
    at Function.executeUserEntryPoint [as runMain] (node:internal/modules/run_main:81:12)
    at node:internal/main/run_main_module:22:47 {
  code: 'MODULE_NOT_FOUND',
  requireStack: []
}
[2025-10-27T03:54:18.521Z] lib/data-backup.js failed with exit code 1
[2025-10-27T03:54:18.521Z] Running lib/data-backup.js clean...
[2025-10-27T03:54:18.551Z] [lib/data-backup.js clean] ERROR: node:internal/modules/cjs/loader:1031
  throw err;
  ^

Error: Cannot find module '/home/runner/work/liquiditydashboard/liquiditydashboard/web/lib/data-backup.js'
    at Function.Module._resolveFilename (node:internal/modules/cjs/loader:1028:15)
    at Function.Module._load (node:internal/modules/cjs/loader:873:27)
    at Function.executeUserEntryPoint [as runMain] (node:internal/modules/run_main:81:12)
    at node:internal/main/run_main_module:22:47 {
  code: 'MODULE_NOT_FOUND',
  requireStack: []
}
[2025-10-27T03:54:18.553Z] lib/data-backup.js clean failed with exit code 1
[2025-10-27T03:54:18.553Z] Running lib/import-historical-move-data.js...
[2025-10-27T03:54:18.582Z] [lib/import-historical-move-data.js] ERROR: node:internal/modules/cjs/loader:1031
  throw err;
  ^

Error: Cannot find module '/home/runner/work/liquiditydashboard/liquiditydashboard/web/lib/import-historical-move-data.js'
    at Function.Module._resolveFilename (node:internal/modules/cjs/loader:1028:15)
    at Function.Module._load (node:internal/modules/cjs/loader:873:27)
    at Function.executeUserEntryPoint [as runMain] (node:internal/modules/run_main:81:12)
    at node:internal/main/run_main_module:22:47 {
  code: 'MODULE_NOT_FOUND',
  requireStack: []
}
[2025-10-27T03:54:18.585Z] lib/import-historical-move-data.js failed with exit code 1
[2025-10-27T03:54:18.585Z] Running lib/fetch-move-data.js...
[2025-10-27T03:54:18.614Z] [lib/fetch-move-data.js] ERROR: node:internal/modules/cjs/loader:1031
  throw err;
  ^

Error: Cannot find module '/home/runner/work/liquiditydashboard/liquiditydashboard/web/lib/fetch-move-data.js'
    at Function.Module._resolveFilename (node:internal/modules/cjs/loader:1028:15)
    at Function.Module._load (node:internal/modules/cjs/loader:873:27)
    at Function.executeUserEntryPoint [as runMain] (node:internal/modules/run_main:81:12)
    at node:internal/main/run_main_module:22:47 {
  code: 'MODULE_NOT_FOUND',
  requireStack: []
}
[2025-10-27T03:54:18.616Z] lib/fetch-move-data.js failed with exit code 1
[2025-10-27T03:54:18.617Z] Running lib/fetch-srf-data.js...
[2025-10-27T03:54:18.645Z] [lib/fetch-srf-data.js] ERROR: node:internal/modules/cjs/loader:1031
  throw err;
  ^

Error: Cannot find module '/home/runner/work/liquiditydashboard/liquiditydashboard/web/lib/fetch-srf-data.js'
    at Function.Module._resolveFilename (node:internal/modules/cjs/loader:1028:15)
    at Function.Module._load (node:internal/modules/cjs/loader:873:27)
    at Function.executeUserEntryPoint [as runMain] (node:internal/modules/run_main:81:12)
    at node:internal/main/run_main_module:22:47 {
  code: 'MODULE_NOT_FOUND',
  requireStack: []
}
[2025-10-27T03:54:18.648Z] lib/fetch-srf-data.js failed with exit code 1
[2025-10-27T03:54:18.648Z] Running lib/fetch-bill-share-data.js...
[2025-10-27T03:54:18.676Z] [lib/fetch-bill-share-data.js] ERROR: node:internal/modules/cjs/loader:1031
  throw err;
  ^

Error: Cannot find module '/home/runner/work/liquiditydashboard/liquiditydashboard/web/lib/fetch-bill-share-data.js'
    at Function.Module._resolveFilename (node:internal/modules/cjs/loader:1028:15)
    at Function.Module._load (node:internal/modules/cjs/loader:873:27)
    at Function.executeUserEntryPoint [as runMain] (node:internal/modules/run_main:81:12)
    at node:internal/main/run_main_module:22:47 {
  code: 'MODULE_NOT_FOUND',
  requireStack: []
}
[2025-10-27T03:54:18.678Z] lib/fetch-bill-share-data.js failed with exit code 1
[2025-10-27T03:54:18.678Z] Running lib/cleanup-future-dates.js...
[2025-10-27T03:54:18.763Z] [lib/cleanup-future-dates.js] Starting data cleanup process...
[2025-10-27T03:54:19.107Z] [lib/cleanup-future-dates.js] Using WorldTimeAPI date: 2025-10-27T03:54:19.090874+00:00
[2025-10-27T03:54:19.108Z] [lib/cleanup-future-dates.js] Using reference date: 2025-10-27
[2025-10-27T03:54:19.108Z] [lib/cleanup-future-dates.js] Processing MOVE index data (/home/runner/work/liquiditydashboard/liquiditydashboard/web/public/series/move.json)...
[2025-10-27T03:54:19.109Z] [lib/cleanup-future-dates.js] Loaded 111 MOVE index data points
No future-dated entries found in MOVE index data

Processing SRF data (/home/runner/work/liquiditydashboard/liquiditydashboard/web/public/series/srf.json)...
[2025-10-27T03:54:19.109Z] [lib/cleanup-future-dates.js] Loaded 1017 SRF data points
[2025-10-27T03:54:19.111Z] [lib/cleanup-future-dates.js] No future-dated entries found in SRF data
[2025-10-27T03:54:19.111Z] [lib/cleanup-future-dates.js] Processing Treasury bill share data (/home/runner/work/liquiditydashboard/liquiditydashboard/web/public/series/bill-share.json)...
[2025-10-27T03:54:19.111Z] [lib/cleanup-future-dates.js] Loaded 282 Treasury bill share data points
[2025-10-27T03:54:19.112Z] [lib/cleanup-future-dates.js] No future-dated entries found in Treasury bill share data
[2025-10-27T03:54:19.112Z] [lib/cleanup-future-dates.js] Cleanup complete! Removed 0 future-dated entries in total.
Data cleanup completed with no changes needed
[2025-10-27T03:54:19.115Z] lib/cleanup-future-dates.js completed successfully
[2025-10-27T03:54:19.115Z] Running lib/validate-data.js...
[2025-10-27T03:54:19.190Z] [lib/validate-data.js] Running data validation...
[2025-10-27T03:54:19.191Z] [lib/validate-data.js] Validating MOVE index data...
[2025-10-27T03:54:19.191Z] [lib/validate-data.js] Found 111 MOVE data points
[2025-10-27T03:54:19.493Z] [lib/validate-data.js] Using WorldTimeAPI date: 2025-10-27T03:54:19.477734+00:00
[2025-10-27T03:54:19.493Z] [lib/validate-data.js] Using reference date: 2025-10-27
[2025-10-27T03:54:19.493Z] [lib/validate-data.js] MOVE index data validation passed ✓
[2025-10-27T03:54:19.493Z] [lib/validate-data.js] Validating SRF data...
[2025-10-27T03:54:19.494Z] [lib/validate-data.js] Found 1017 SRF data points
[2025-10-27T03:54:19.818Z] [lib/validate-data.js] Using WorldTimeAPI date: 2025-10-27T03:54:19.797152+00:00
[2025-10-27T03:54:19.820Z] [lib/validate-data.js] SRF data validation passed ✓
[2025-10-27T03:54:19.820Z] [lib/validate-data.js] Validating Treasury funding data...
[2025-10-27T03:54:19.820Z] [lib/validate-data.js] Found 282 Treasury funding data points
[2025-10-27T03:54:19.820Z] [lib/validate-data.js] Treasury funding data validation passed ✓
[2025-10-27T03:54:19.821Z] [lib/validate-data.js] All data validation passed ✓
[2025-10-27T03:54:19.824Z] lib/validate-data.js completed successfully
[2025-10-27T03:54:19.824Z] Dashboard update process completed successfully
