[2025-07-18T04:02:54.020Z] Starting Liquidity Dashboard update process
[2025-07-18T04:02:54.022Z] Running lib/data-backup.js...
[2025-07-18T04:02:54.052Z] [lib/data-backup.js] ERROR: node:internal/modules/cjs/loader:1031
  throw err;
  ^

Error: Cannot find module '/home/runner/work/liquiditydashboard/liquiditydashboard/web/lib/data-backup.js'
    at Function.Module._resolveFilename (node:internal/modules/cjs/loader:1028:15)
    at Function.Module._load (node:internal/modules/cjs/loader:873:27)
    at Function.executeUserEntryPoint [as runMain] (node:internal/modules/run_main:81:12)
    at node:internal/main/run_main_module:22:47 {
  code: 'MODULE_NOT_FOUND',
  requireStack: []
}
[2025-07-18T04:02:54.055Z] lib/data-backup.js failed with exit code 1
[2025-07-18T04:02:54.055Z] Running lib/data-backup.js clean...
[2025-07-18T04:02:54.084Z] [lib/data-backup.js clean] ERROR: node:internal/modules/cjs/loader:1031
  throw err;
  ^

Error: Cannot find module '/home/runner/work/liquiditydashboard/liquiditydashboard/web/lib/data-backup.js'
    at Function.Module._resolveFilename (node:internal/modules/cjs/loader:1028:15)
    at Function.Module._load (node:internal/modules/cjs/loader:873:27)
    at Function.executeUserEntryPoint [as runMain] (node:internal/modules/run_main:81:12)
    at node:internal/main/run_main_module:22:47 {
  code: 'MODULE_NOT_FOUND',
  requireStack: []
}
[2025-07-18T04:02:54.086Z] lib/data-backup.js clean failed with exit code 1
[2025-07-18T04:02:54.087Z] Running lib/import-historical-move-data.js...
[2025-07-18T04:02:54.115Z] [lib/import-historical-move-data.js] ERROR: node:internal/modules/cjs/loader:1031
  throw err;
  ^

Error: Cannot find module '/home/runner/work/liquiditydashboard/liquiditydashboard/web/lib/import-historical-move-data.js'
    at Function.Module._resolveFilename (node:internal/modules/cjs/loader:1028:15)
    at Function.Module._load (node:internal/modules/cjs/loader:873:27)
    at Function.executeUserEntryPoint [as runMain] (node:internal/modules/run_main:81:12)
    at node:internal/main/run_main_module:22:47 {
  code: 'MODULE_NOT_FOUND',
  requireStack: []
}
[2025-07-18T04:02:54.117Z] lib/import-historical-move-data.js failed with exit code 1
[2025-07-18T04:02:54.117Z] Running lib/fetch-move-data.js...
[2025-07-18T04:02:54.146Z] [lib/fetch-move-data.js] ERROR: node:internal/modules/cjs/loader:1031
  throw err;
  ^

Error: Cannot find module '/home/runner/work/liquiditydashboard/liquiditydashboard/web/lib/fetch-move-data.js'
    at Function.Module._resolveFilename (node:internal/modules/cjs/loader:1028:15)
    at Function.Module._load (node:internal/modules/cjs/loader:873:27)
    at Function.executeUserEntryPoint [as runMain] (node:internal/modules/run_main:81:12)
    at node:internal/main/run_main_module:22:47 {
  code: 'MODULE_NOT_FOUND',
  requireStack: []
}
[2025-07-18T04:02:54.148Z] lib/fetch-move-data.js failed with exit code 1
[2025-07-18T04:02:54.148Z] Running lib/fetch-srf-data.js...
[2025-07-18T04:02:54.177Z] [lib/fetch-srf-data.js] ERROR: node:internal/modules/cjs/loader:1031
  throw err;
  ^

Error: Cannot find module '/home/runner/work/liquiditydashboard/liquiditydashboard/web/lib/fetch-srf-data.js'
    at Function.Module._resolveFilename (node:internal/modules/cjs/loader:1028:15)
    at Function.Module._load (node:internal/modules/cjs/loader:873:27)
    at Function.executeUserEntryPoint [as runMain] (node:internal/modules/run_main:81:12)
    at node:internal/main/run_main_module:22:47 {
  code: 'MODULE_NOT_FOUND',
  requireStack: []
}
[2025-07-18T04:02:54.179Z] lib/fetch-srf-data.js failed with exit code 1
[2025-07-18T04:02:54.180Z] Running lib/fetch-bill-share-data.js...
[2025-07-18T04:02:54.210Z] [lib/fetch-bill-share-data.js] ERROR: node:internal/modules/cjs/loader:1031
  throw err;
  ^

Error: Cannot find module '/home/runner/work/liquiditydashboard/liquiditydashboard/web/lib/fetch-bill-share-data.js'
    at Function.Module._resolveFilename (node:internal/modules/cjs/loader:1028:15)
    at Function.Module._load (node:internal/modules/cjs/loader:873:27)
    at Function.executeUserEntryPoint [as runMain] (node:internal/modules/run_main:81:12)
    at node:internal/main/run_main_module:22:47 {
  code: 'MODULE_NOT_FOUND',
  requireStack: []
}
[2025-07-18T04:02:54.213Z] lib/fetch-bill-share-data.js failed with exit code 1
[2025-07-18T04:02:54.213Z] Running lib/cleanup-future-dates.js...
[2025-07-18T04:02:54.288Z] [lib/cleanup-future-dates.js] Starting data cleanup process...
[2025-07-18T04:02:54.584Z] [lib/cleanup-future-dates.js] WorldTimeAPI failed, trying alternative source
[2025-07-18T04:02:55.027Z] [lib/cleanup-future-dates.js] Using TimeAPI date: 2025-07-18T04:02:54.9751346
[2025-07-18T04:02:55.027Z] [lib/cleanup-future-dates.js] Using reference date: 2025-7-18
[2025-07-18T04:02:55.027Z] [lib/cleanup-future-dates.js] Processing MOVE index data (/home/runner/work/liquiditydashboard/liquiditydashboard/web/public/series/move.json)...
[2025-07-18T04:02:55.028Z] [lib/cleanup-future-dates.js] Loaded 111 MOVE index data points
[2025-07-18T04:02:55.028Z] [lib/cleanup-future-dates.js] No future-dated entries found in MOVE index data
[2025-07-18T04:02:55.028Z] [lib/cleanup-future-dates.js] Processing SRF data (/home/runner/work/liquiditydashboard/liquiditydashboard/web/public/series/srf.json)...
[2025-07-18T04:02:55.029Z] [lib/cleanup-future-dates.js] Loaded 1017 SRF data points
[2025-07-18T04:02:55.030Z] [lib/cleanup-future-dates.js] No future-dated entries found in SRF data
[2025-07-18T04:02:55.030Z] [lib/cleanup-future-dates.js] Processing Treasury bill share data (/home/runner/work/liquiditydashboard/liquiditydashboard/web/public/series/bill-share.json)...
[2025-07-18T04:02:55.030Z] [lib/cleanup-future-dates.js] Loaded 282 Treasury bill share data points
[2025-07-18T04:02:55.031Z] [lib/cleanup-future-dates.js] No future-dated entries found in Treasury bill share data
[2025-07-18T04:02:55.031Z] [lib/cleanup-future-dates.js] Cleanup complete! Removed 0 future-dated entries in total.
Data cleanup completed with no changes needed
[2025-07-18T04:02:55.034Z] lib/cleanup-future-dates.js completed successfully
[2025-07-18T04:02:55.034Z] Running lib/validate-data.js...
[2025-07-18T04:02:55.107Z] [lib/validate-data.js] Running data validation...
[2025-07-18T04:02:55.107Z] [lib/validate-data.js] Validating MOVE index data...
[2025-07-18T04:02:55.108Z] [lib/validate-data.js] Found 111 MOVE data points
[2025-07-18T04:02:55.138Z] [lib/validate-data.js] WorldTimeAPI failed, trying alternative source
[2025-07-18T04:02:55.667Z] [lib/validate-data.js] Using TimeAPI date: 2025-07-18T04:02:55.6181996
[2025-07-18T04:02:55.667Z] [lib/validate-data.js] Using reference date: 2025-7-18
[2025-07-18T04:02:55.668Z] [lib/validate-data.js] MOVE index data validation passed ✓
[2025-07-18T04:02:55.668Z] [lib/validate-data.js] Validating SRF data...
[2025-07-18T04:02:55.669Z] [lib/validate-data.js] Found 1017 SRF data points
[2025-07-18T04:02:55.913Z] [lib/validate-data.js] Using WorldTimeAPI date: 2025-07-18T04:02:55.902430+00:00
[2025-07-18T04:02:55.914Z] [lib/validate-data.js] SRF data validation passed ✓
[2025-07-18T04:02:55.914Z] [lib/validate-data.js] Validating Treasury funding data...
[2025-07-18T04:02:55.915Z] [lib/validate-data.js] Found 282 Treasury funding data points
[2025-07-18T04:02:55.915Z] [lib/validate-data.js] Treasury funding data validation passed ✓
[2025-07-18T04:02:55.915Z] [lib/validate-data.js] All data validation passed ✓
[2025-07-18T04:02:55.918Z] lib/validate-data.js completed successfully
[2025-07-18T04:02:55.918Z] Dashboard update process completed successfully
