[2025-06-18T03:51:03.987Z] Starting Liquidity Dashboard update process
[2025-06-18T03:51:03.988Z] Running lib/data-backup.js...
[2025-06-18T03:51:04.019Z] [lib/data-backup.js] ERROR: node:internal/modules/cjs/loader:1031
  throw err;
  ^

Error: Cannot find module '/home/runner/work/liquiditydashboard/liquiditydashboard/web/lib/data-backup.js'
    at Function.Module._resolveFilename (node:internal/modules/cjs/loader:1028:15)
    at Function.Module._load (node:internal/modules/cjs/loader:873:27)
    at Function.executeUserEntryPoint [as runMain] (node:internal/modules/run_main:81:12)
    at node:internal/main/run_main_module:22:47 {
  code: 'MODULE_NOT_FOUND',
  requireStack: []
}
[2025-06-18T03:51:04.021Z] lib/data-backup.js failed with exit code 1
[2025-06-18T03:51:04.022Z] Running lib/data-backup.js clean...
[2025-06-18T03:51:04.052Z] [lib/data-backup.js clean] ERROR: node:internal/modules/cjs/loader:1031
  throw err;
  ^

Error: Cannot find module '/home/runner/work/liquiditydashboard/liquiditydashboard/web/lib/data-backup.js'
    at Function.Module._resolveFilename (node:internal/modules/cjs/loader:1028:15)
    at Function.Module._load (node:internal/modules/cjs/loader:873:27)
    at Function.executeUserEntryPoint [as runMain] (node:internal/modules/run_main:81:12)
    at node:internal/main/run_main_module:22:47 {
  code: 'MODULE_NOT_FOUND',
  requireStack: []
}
[2025-06-18T03:51:04.054Z] lib/data-backup.js clean failed with exit code 1
[2025-06-18T03:51:04.055Z] Running lib/import-historical-move-data.js...
[2025-06-18T03:51:04.084Z] [lib/import-historical-move-data.js] ERROR: node:internal/modules/cjs/loader:1031
  throw err;
  ^

Error: Cannot find module '/home/runner/work/liquiditydashboard/liquiditydashboard/web/lib/import-historical-move-data.js'
    at Function.Module._resolveFilename (node:internal/modules/cjs/loader:1028:15)
    at Function.Module._load (node:internal/modules/cjs/loader:873:27)
    at Function.executeUserEntryPoint [as runMain] (node:internal/modules/run_main:81:12)
    at node:internal/main/run_main_module:22:47 {
  code: 'MODULE_NOT_FOUND',
  requireStack: []
}
[2025-06-18T03:51:04.086Z] lib/import-historical-move-data.js failed with exit code 1
[2025-06-18T03:51:04.086Z] Running lib/fetch-move-data.js...
[2025-06-18T03:51:04.115Z] [lib/fetch-move-data.js] ERROR: node:internal/modules/cjs/loader:1031
  throw err;
  ^

Error: Cannot find module '/home/runner/work/liquiditydashboard/liquiditydashboard/web/lib/fetch-move-data.js'
    at Function.Module._resolveFilename (node:internal/modules/cjs/loader:1028:15)
    at Function.Module._load (node:internal/modules/cjs/loader:873:27)
    at Function.executeUserEntryPoint [as runMain] (node:internal/modules/run_main:81:12)
    at node:internal/main/run_main_module:22:47 {
  code: 'MODULE_NOT_FOUND',
  requireStack: []
}
[2025-06-18T03:51:04.118Z] lib/fetch-move-data.js failed with exit code 1
[2025-06-18T03:51:04.118Z] Running lib/fetch-srf-data.js...
[2025-06-18T03:51:04.157Z] [lib/fetch-srf-data.js] ERROR: node:internal/modules/cjs/loader:1031
  throw err;
  ^

Error: Cannot find module '/home/runner/work/liquiditydashboard/liquiditydashboard/web/lib/fetch-srf-data.js'
    at Function.Module._resolveFilename (node:internal/modules/cjs/loader:1028:15)
    at Function.Module._load (node:internal/modules/cjs/loader:873:27)
    at Function.executeUserEntryPoint [as runMain] (node:internal/modules/run_main:81:12)
    at node:internal/main/run_main_module:22:47 {
  code: 'MODULE_NOT_FOUND',
  requireStack: []
}
[2025-06-18T03:51:04.160Z] lib/fetch-srf-data.js failed with exit code 1
[2025-06-18T03:51:04.160Z] Running lib/fetch-bill-share-data.js...
[2025-06-18T03:51:04.192Z] [lib/fetch-bill-share-data.js] ERROR: node:internal/modules/cjs/loader:1031
  throw err;
  ^

Error: Cannot find module '/home/runner/work/liquiditydashboard/liquiditydashboard/web/lib/fetch-bill-share-data.js'
    at Function.Module._resolveFilename (node:internal/modules/cjs/loader:1028:15)
    at Function.Module._load (node:internal/modules/cjs/loader:873:27)
    at Function.executeUserEntryPoint [as runMain] (node:internal/modules/run_main:81:12)
    at node:internal/main/run_main_module:22:47 {
  code: 'MODULE_NOT_FOUND',
  requireStack: []
}
[2025-06-18T03:51:04.195Z] lib/fetch-bill-share-data.js failed with exit code 1
[2025-06-18T03:51:04.195Z] Running lib/cleanup-future-dates.js...
[2025-06-18T03:51:04.273Z] [lib/cleanup-future-dates.js] Starting data cleanup process...
[2025-06-18T03:51:04.726Z] [lib/cleanup-future-dates.js] Using WorldTimeAPI date: 2025-06-18T03:51:04.709254+00:00
[2025-06-18T03:51:04.726Z] [lib/cleanup-future-dates.js] Using reference date: 2025-6-18

Processing MOVE index data (/home/runner/work/liquiditydashboard/liquiditydashboard/web/public/series/move.json)...
[2025-06-18T03:51:04.726Z] [lib/cleanup-future-dates.js] Loaded 111 MOVE index data points
[2025-06-18T03:51:04.727Z] [lib/cleanup-future-dates.js] No future-dated entries found in MOVE index data
[2025-06-18T03:51:04.727Z] [lib/cleanup-future-dates.js] Processing SRF data (/home/runner/work/liquiditydashboard/liquiditydashboard/web/public/series/srf.json)...
[2025-06-18T03:51:04.727Z] [lib/cleanup-future-dates.js] Loaded 1017 SRF data points
[2025-06-18T03:51:04.728Z] [lib/cleanup-future-dates.js] No future-dated entries found in SRF data
[2025-06-18T03:51:04.729Z] [lib/cleanup-future-dates.js] Processing Treasury bill share data (/home/runner/work/liquiditydashboard/liquiditydashboard/web/public/series/bill-share.json)...
[2025-06-18T03:51:04.729Z] [lib/cleanup-future-dates.js] Loaded 282 Treasury bill share data points
[2025-06-18T03:51:04.729Z] [lib/cleanup-future-dates.js] No future-dated entries found in Treasury bill share data
[2025-06-18T03:51:04.729Z] [lib/cleanup-future-dates.js] Cleanup complete! Removed 0 future-dated entries in total.
Data cleanup completed with no changes needed
[2025-06-18T03:51:04.732Z] lib/cleanup-future-dates.js completed successfully
[2025-06-18T03:51:04.733Z] Running lib/validate-data.js...
[2025-06-18T03:51:04.806Z] [lib/validate-data.js] Running data validation...
[2025-06-18T03:51:04.806Z] [lib/validate-data.js] Validating MOVE index data...
[2025-06-18T03:51:04.807Z] [lib/validate-data.js] Found 111 MOVE data points
[2025-06-18T03:51:05.163Z] [lib/validate-data.js] Using WorldTimeAPI date: 2025-06-18T03:51:05.146826+00:00
[2025-06-18T03:51:05.163Z] [lib/validate-data.js] Using reference date: 2025-6-18
[2025-06-18T03:51:05.164Z] [lib/validate-data.js] MOVE index data validation passed ✓
[2025-06-18T03:51:05.164Z] [lib/validate-data.js] Validating SRF data...
[2025-06-18T03:51:05.165Z] [lib/validate-data.js] Found 1017 SRF data points
[2025-06-18T03:51:05.433Z] [lib/validate-data.js] Using WorldTimeAPI date: 2025-06-18T03:51:05.422155+00:00
[2025-06-18T03:51:05.435Z] [lib/validate-data.js] SRF data validation passed ✓
[2025-06-18T03:51:05.435Z] [lib/validate-data.js] Validating Treasury funding data...
[2025-06-18T03:51:05.435Z] [lib/validate-data.js] Found 282 Treasury funding data points
[2025-06-18T03:51:05.436Z] [lib/validate-data.js] Treasury funding data validation passed ✓
[2025-06-18T03:51:05.436Z] [lib/validate-data.js] All data validation passed ✓
[2025-06-18T03:51:05.439Z] lib/validate-data.js completed successfully
[2025-06-18T03:51:05.439Z] Dashboard update process completed successfully
