[2025-07-19T03:55:52.497Z] Starting Liquidity Dashboard update process
[2025-07-19T03:55:52.499Z] Running lib/data-backup.js...
[2025-07-19T03:55:52.529Z] [lib/data-backup.js] ERROR: node:internal/modules/cjs/loader:1031
  throw err;
  ^

Error: Cannot find module '/home/runner/work/liquiditydashboard/liquiditydashboard/web/lib/data-backup.js'
    at Function.Module._resolveFilename (node:internal/modules/cjs/loader:1028:15)
    at Function.Module._load (node:internal/modules/cjs/loader:873:27)
    at Function.executeUserEntryPoint [as runMain] (node:internal/modules/run_main:81:12)
    at node:internal/main/run_main_module:22:47 {
  code: 'MODULE_NOT_FOUND',
  requireStack: []
}
[2025-07-19T03:55:52.533Z] lib/data-backup.js failed with exit code 1
[2025-07-19T03:55:52.533Z] Running lib/data-backup.js clean...
[2025-07-19T03:55:52.562Z] [lib/data-backup.js clean] ERROR: node:internal/modules/cjs/loader:1031
  throw err;
  ^

Error: Cannot find module '/home/runner/work/liquiditydashboard/liquiditydashboard/web/lib/data-backup.js'
    at Function.Module._resolveFilename (node:internal/modules/cjs/loader:1028:15)
    at Function.Module._load (node:internal/modules/cjs/loader:873:27)
    at Function.executeUserEntryPoint [as runMain] (node:internal/modules/run_main:81:12)
    at node:internal/main/run_main_module:22:47 {
  code: 'MODULE_NOT_FOUND',
  requireStack: []
}
[2025-07-19T03:55:52.565Z] lib/data-backup.js clean failed with exit code 1
[2025-07-19T03:55:52.565Z] Running lib/import-historical-move-data.js...
[2025-07-19T03:55:52.594Z] [lib/import-historical-move-data.js] ERROR: node:internal/modules/cjs/loader:1031
  throw err;
  ^

Error: Cannot find module '/home/runner/work/liquiditydashboard/liquiditydashboard/web/lib/import-historical-move-data.js'
    at Function.Module._resolveFilename (node:internal/modules/cjs/loader:1028:15)
    at Function.Module._load (node:internal/modules/cjs/loader:873:27)
    at Function.executeUserEntryPoint [as runMain] (node:internal/modules/run_main:81:12)
    at node:internal/main/run_main_module:22:47 {
  code: 'MODULE_NOT_FOUND',
  requireStack: []
}
[2025-07-19T03:55:52.597Z] lib/import-historical-move-data.js failed with exit code 1
[2025-07-19T03:55:52.597Z] Running lib/fetch-move-data.js...
[2025-07-19T03:55:52.626Z] [lib/fetch-move-data.js] ERROR: node:internal/modules/cjs/loader:1031
  throw err;
  ^

Error: Cannot find module '/home/runner/work/liquiditydashboard/liquiditydashboard/web/lib/fetch-move-data.js'
    at Function.Module._resolveFilename (node:internal/modules/cjs/loader:1028:15)
    at Function.Module._load (node:internal/modules/cjs/loader:873:27)
    at Function.executeUserEntryPoint [as runMain] (node:internal/modules/run_main:81:12)
    at node:internal/main/run_main_module:22:47 {
  code: 'MODULE_NOT_FOUND',
  requireStack: []
}
[2025-07-19T03:55:52.628Z] lib/fetch-move-data.js failed with exit code 1
[2025-07-19T03:55:52.628Z] Running lib/fetch-srf-data.js...
[2025-07-19T03:55:52.663Z] [lib/fetch-srf-data.js] ERROR: node:internal/modules/cjs/loader:1031
  throw err;
  ^

Error: Cannot find module '/home/runner/work/liquiditydashboard/liquiditydashboard/web/lib/fetch-srf-data.js'
    at Function.Module._resolveFilename (node:internal/modules/cjs/loader:1028:15)
    at Function.Module._load (node:internal/modules/cjs/loader:873:27)
    at Function.executeUserEntryPoint [as runMain] (node:internal/modules/run_main:81:12)
    at node:internal/main/run_main_module:22:47 {
  code: 'MODULE_NOT_FOUND',
  requireStack: []
}
[2025-07-19T03:55:52.666Z] lib/fetch-srf-data.js failed with exit code 1
[2025-07-19T03:55:52.666Z] Running lib/fetch-bill-share-data.js...
[2025-07-19T03:55:52.696Z] [lib/fetch-bill-share-data.js] ERROR: node:internal/modules/cjs/loader:1031
  throw err;
  ^

Error: Cannot find module '/home/runner/work/liquiditydashboard/liquiditydashboard/web/lib/fetch-bill-share-data.js'
    at Function.Module._resolveFilename (node:internal/modules/cjs/loader:1028:15)
    at Function.Module._load (node:internal/modules/cjs/loader:873:27)
    at Function.executeUserEntryPoint [as runMain] (node:internal/modules/run_main:81:12)
    at node:internal/main/run_main_module:22:47 {
  code: 'MODULE_NOT_FOUND',
  requireStack: []
}
[2025-07-19T03:55:52.698Z] lib/fetch-bill-share-data.js failed with exit code 1
[2025-07-19T03:55:52.699Z] Running lib/cleanup-future-dates.js...
[2025-07-19T03:55:52.777Z] [lib/cleanup-future-dates.js] Starting data cleanup process...
[2025-07-19T03:55:52.982Z] [lib/cleanup-future-dates.js] WorldTimeAPI failed, trying alternative source
[2025-07-19T03:55:53.727Z] [lib/cleanup-future-dates.js] Using TimeAPI date: 2025-07-19T03:55:53.6419301
[2025-07-19T03:55:53.727Z] [lib/cleanup-future-dates.js] Using reference date: 2025-7-19
[2025-07-19T03:55:53.727Z] [lib/cleanup-future-dates.js] Processing MOVE index data (/home/runner/work/liquiditydashboard/liquiditydashboard/web/public/series/move.json)...
[2025-07-19T03:55:53.728Z] [lib/cleanup-future-dates.js] Loaded 111 MOVE index data points
[2025-07-19T03:55:53.728Z] [lib/cleanup-future-dates.js] No future-dated entries found in MOVE index data
[2025-07-19T03:55:53.728Z] [lib/cleanup-future-dates.js] Processing SRF data (/home/runner/work/liquiditydashboard/liquiditydashboard/web/public/series/srf.json)...
[2025-07-19T03:55:53.728Z] [lib/cleanup-future-dates.js] Loaded 1017 SRF data points
[2025-07-19T03:55:53.730Z] [lib/cleanup-future-dates.js] No future-dated entries found in SRF data
[2025-07-19T03:55:53.730Z] [lib/cleanup-future-dates.js] Processing Treasury bill share data (/home/runner/work/liquiditydashboard/liquiditydashboard/web/public/series/bill-share.json)...
[2025-07-19T03:55:53.730Z] [lib/cleanup-future-dates.js] Loaded 282 Treasury bill share data points
[2025-07-19T03:55:53.730Z] [lib/cleanup-future-dates.js] No future-dated entries found in Treasury bill share data
[2025-07-19T03:55:53.731Z] [lib/cleanup-future-dates.js] Cleanup complete! Removed 0 future-dated entries in total.
Data cleanup completed with no changes needed
[2025-07-19T03:55:53.734Z] lib/cleanup-future-dates.js completed successfully
[2025-07-19T03:55:53.734Z] Running lib/validate-data.js...
[2025-07-19T03:55:53.808Z] [lib/validate-data.js] Running data validation...
[2025-07-19T03:55:53.808Z] [lib/validate-data.js] Validating MOVE index data...
[2025-07-19T03:55:53.809Z] [lib/validate-data.js] Found 111 MOVE data points
[2025-07-19T03:55:53.880Z] [lib/validate-data.js] WorldTimeAPI failed, trying alternative source
[2025-07-19T03:55:54.525Z] [lib/validate-data.js] Using TimeAPI date: 2025-07-19T03:55:54.4412221
[2025-07-19T03:55:54.525Z] [lib/validate-data.js] Using reference date: 2025-7-19
[2025-07-19T03:55:54.526Z] [lib/validate-data.js] MOVE index data validation passed ✓
[2025-07-19T03:55:54.526Z] [lib/validate-data.js] Validating SRF data...
[2025-07-19T03:55:54.527Z] [lib/validate-data.js] Found 1017 SRF data points
[2025-07-19T03:55:54.605Z] [lib/validate-data.js] WorldTimeAPI failed, trying alternative source
[2025-07-19T03:55:55.223Z] [lib/validate-data.js] Using TimeAPI date: 2025-07-19T03:55:55.1431869
[2025-07-19T03:55:55.224Z] [lib/validate-data.js] SRF data validation passed ✓
[2025-07-19T03:55:55.225Z] [lib/validate-data.js] Validating Treasury funding data...
[2025-07-19T03:55:55.225Z] [lib/validate-data.js] Found 282 Treasury funding data points
[2025-07-19T03:55:55.225Z] [lib/validate-data.js] Treasury funding data validation passed ✓
[2025-07-19T03:55:55.225Z] [lib/validate-data.js] All data validation passed ✓
[2025-07-19T03:55:55.229Z] lib/validate-data.js completed successfully
[2025-07-19T03:55:55.229Z] Dashboard update process completed successfully
