[2026-04-18T05:13:00.677Z] Starting Liquidity Dashboard update process
[2026-04-18T05:13:00.679Z] Running lib/data-backup.js...
[2026-04-18T05:13:00.709Z] [lib/data-backup.js] ERROR: node:internal/modules/cjs/loader:1031
  throw err;
  ^

Error: Cannot find module '/home/runner/work/liquiditydashboard/liquiditydashboard/web/lib/data-backup.js'
    at Function.Module._resolveFilename (node:internal/modules/cjs/loader:1028:15)
    at Function.Module._load (node:internal/modules/cjs/loader:873:27)
    at Function.executeUserEntryPoint [as runMain] (node:internal/modules/run_main:81:12)
    at node:internal/main/run_main_module:22:47 {
  code: 'MODULE_NOT_FOUND',
  requireStack: []
}
[2026-04-18T05:13:00.711Z] lib/data-backup.js failed with exit code 1
[2026-04-18T05:13:00.712Z] Running lib/data-backup.js clean...
[2026-04-18T05:13:00.740Z] [lib/data-backup.js clean] ERROR: node:internal/modules/cjs/loader:1031
  throw err;
  ^

Error: Cannot find module '/home/runner/work/liquiditydashboard/liquiditydashboard/web/lib/data-backup.js'
    at Function.Module._resolveFilename (node:internal/modules/cjs/loader:1028:15)
    at Function.Module._load (node:internal/modules/cjs/loader:873:27)
    at Function.executeUserEntryPoint [as runMain] (node:internal/modules/run_main:81:12)
    at node:internal/main/run_main_module:22:47 {
  code: 'MODULE_NOT_FOUND',
  requireStack: []
}
[2026-04-18T05:13:00.741Z] lib/data-backup.js clean failed with exit code 1
[2026-04-18T05:13:00.742Z] Running lib/import-historical-move-data.js...
[2026-04-18T05:13:00.770Z] [lib/import-historical-move-data.js] ERROR: node:internal/modules/cjs/loader:1031
  throw err;
  ^

Error: Cannot find module '/home/runner/work/liquiditydashboard/liquiditydashboard/web/lib/import-historical-move-data.js'
    at Function.Module._resolveFilename (node:internal/modules/cjs/loader:1028:15)
    at Function.Module._load (node:internal/modules/cjs/loader:873:27)
    at Function.executeUserEntryPoint [as runMain] (node:internal/modules/run_main:81:12)
    at node:internal/main/run_main_module:22:47 {
  code: 'MODULE_NOT_FOUND',
  requireStack: []
}
[2026-04-18T05:13:00.772Z] lib/import-historical-move-data.js failed with exit code 1
[2026-04-18T05:13:00.772Z] Running lib/fetch-move-data.js...
[2026-04-18T05:13:00.800Z] [lib/fetch-move-data.js] ERROR: node:internal/modules/cjs/loader:1031
  throw err;
  ^

Error: Cannot find module '/home/runner/work/liquiditydashboard/liquiditydashboard/web/lib/fetch-move-data.js'
    at Function.Module._resolveFilename (node:internal/modules/cjs/loader:1028:15)
    at Function.Module._load (node:internal/modules/cjs/loader:873:27)
    at Function.executeUserEntryPoint [as runMain] (node:internal/modules/run_main:81:12)
    at node:internal/main/run_main_module:22:47 {
  code: 'MODULE_NOT_FOUND',
  requireStack: []
}
[2026-04-18T05:13:00.802Z] lib/fetch-move-data.js failed with exit code 1
[2026-04-18T05:13:00.802Z] Running lib/fetch-srf-data.js...
[2026-04-18T05:13:00.831Z] [lib/fetch-srf-data.js] ERROR: node:internal/modules/cjs/loader:1031
  throw err;
  ^

Error: Cannot find module '/home/runner/work/liquiditydashboard/liquiditydashboard/web/lib/fetch-srf-data.js'
    at Function.Module._resolveFilename (node:internal/modules/cjs/loader:1028:15)
    at Function.Module._load (node:internal/modules/cjs/loader:873:27)
    at Function.executeUserEntryPoint [as runMain] (node:internal/modules/run_main:81:12)
    at node:internal/main/run_main_module:22:47 {
  code: 'MODULE_NOT_FOUND',
  requireStack: []
}
[2026-04-18T05:13:00.833Z] lib/fetch-srf-data.js failed with exit code 1
[2026-04-18T05:13:00.833Z] Running lib/fetch-bill-share-data.js...
[2026-04-18T05:13:00.863Z] [lib/fetch-bill-share-data.js] ERROR: node:internal/modules/cjs/loader:1031
  throw err;
  ^

Error: Cannot find module '/home/runner/work/liquiditydashboard/liquiditydashboard/web/lib/fetch-bill-share-data.js'
    at Function.Module._resolveFilename (node:internal/modules/cjs/loader:1028:15)
    at Function.Module._load (node:internal/modules/cjs/loader:873:27)
    at Function.executeUserEntryPoint [as runMain] (node:internal/modules/run_main:81:12)
    at node:internal/main/run_main_module:22:47 {
  code: 'MODULE_NOT_FOUND',
  requireStack: []
}
[2026-04-18T05:13:00.865Z] lib/fetch-bill-share-data.js failed with exit code 1
[2026-04-18T05:13:00.865Z] Running lib/cleanup-future-dates.js...
[2026-04-18T05:13:00.944Z] [lib/cleanup-future-dates.js] Starting data cleanup process...
[2026-04-18T05:13:01.255Z] [lib/cleanup-future-dates.js] WorldTimeAPI failed, trying alternative source
[2026-04-18T05:13:01.852Z] [lib/cleanup-future-dates.js] Using TimeAPI date: 2026-04-18T05:13:01.8058809
[2026-04-18T05:13:01.853Z] [lib/cleanup-future-dates.js] Using reference date: 2026-4-18
[2026-04-18T05:13:01.853Z] [lib/cleanup-future-dates.js] Processing MOVE index data (/home/runner/work/liquiditydashboard/liquiditydashboard/web/public/series/move.json)...
[2026-04-18T05:13:01.853Z] [lib/cleanup-future-dates.js] Loaded 111 MOVE index data points
[2026-04-18T05:13:01.853Z] [lib/cleanup-future-dates.js] No future-dated entries found in MOVE index data
[2026-04-18T05:13:01.854Z] [lib/cleanup-future-dates.js] Processing SRF data (/home/runner/work/liquiditydashboard/liquiditydashboard/web/public/series/srf.json)...
[2026-04-18T05:13:01.854Z] [lib/cleanup-future-dates.js] Loaded 1017 SRF data points
[2026-04-18T05:13:01.855Z] [lib/cleanup-future-dates.js] No future-dated entries found in SRF data
[2026-04-18T05:13:01.855Z] [lib/cleanup-future-dates.js] Processing Treasury bill share data (/home/runner/work/liquiditydashboard/liquiditydashboard/web/public/series/bill-share.json)...
[2026-04-18T05:13:01.855Z] [lib/cleanup-future-dates.js] Loaded 282 Treasury bill share data points
[2026-04-18T05:13:01.856Z] [lib/cleanup-future-dates.js] No future-dated entries found in Treasury bill share data
[2026-04-18T05:13:01.856Z] [lib/cleanup-future-dates.js] Cleanup complete! Removed 0 future-dated entries in total.
Data cleanup completed with no changes needed
[2026-04-18T05:13:01.858Z] lib/cleanup-future-dates.js completed successfully
[2026-04-18T05:13:01.859Z] Running lib/validate-data.js...
[2026-04-18T05:13:01.935Z] [lib/validate-data.js] Running data validation...
[2026-04-18T05:13:01.936Z] [lib/validate-data.js] Validating MOVE index data...
[2026-04-18T05:13:01.936Z] [lib/validate-data.js] Found 111 MOVE data points
[2026-04-18T05:13:03.755Z] [lib/validate-data.js] WorldTimeAPI failed, trying alternative source
[2026-04-18T05:13:04.599Z] [lib/validate-data.js] Using TimeAPI date: 2026-04-18T05:13:04.5531672
[2026-04-18T05:13:04.600Z] [lib/validate-data.js] Using reference date: 2026-4-18
[2026-04-18T05:13:04.600Z] [lib/validate-data.js] MOVE index data validation passed ✓
[2026-04-18T05:13:04.600Z] [lib/validate-data.js] Validating SRF data...
[2026-04-18T05:13:04.601Z] [lib/validate-data.js] Found 1017 SRF data points
[2026-04-18T05:13:05.107Z] [lib/validate-data.js] WorldTimeAPI failed, trying alternative source
[2026-04-18T05:13:05.535Z] [lib/validate-data.js] Using TimeAPI date: 2026-04-18T05:13:05.4922119
[2026-04-18T05:13:05.536Z] [lib/validate-data.js] SRF data validation passed ✓
[2026-04-18T05:13:05.536Z] [lib/validate-data.js] Validating Treasury funding data...
[2026-04-18T05:13:05.537Z] [lib/validate-data.js] Found 282 Treasury funding data points
[2026-04-18T05:13:05.537Z] [lib/validate-data.js] Treasury funding data validation passed ✓
[2026-04-18T05:13:05.537Z] [lib/validate-data.js] All data validation passed ✓
[2026-04-18T05:13:05.540Z] lib/validate-data.js completed successfully
[2026-04-18T05:13:05.540Z] Dashboard update process completed successfully
