[2025-08-31T03:38:46.137Z] Starting Liquidity Dashboard update process
[2025-08-31T03:38:46.140Z] Running lib/data-backup.js...
[2025-08-31T03:38:46.179Z] [lib/data-backup.js] ERROR: node:internal/modules/cjs/loader:1031
  throw err;
  ^

Error: Cannot find module '/home/runner/work/liquiditydashboard/liquiditydashboard/web/lib/data-backup.js'
    at Function.Module._resolveFilename (node:internal/modules/cjs/loader:1028:15)
    at Function.Module._load (node:internal/modules/cjs/loader:873:27)
    at Function.executeUserEntryPoint [as runMain] (node:internal/modules/run_main:81:12)
    at node:internal/main/run_main_module:22:47 {
  code: 'MODULE_NOT_FOUND',
  requireStack: []
}
[2025-08-31T03:38:46.182Z] lib/data-backup.js failed with exit code 1
[2025-08-31T03:38:46.182Z] Running lib/data-backup.js clean...
[2025-08-31T03:38:46.211Z] [lib/data-backup.js clean] ERROR: node:internal/modules/cjs/loader:1031
  throw err;
  ^

Error: Cannot find module '/home/runner/work/liquiditydashboard/liquiditydashboard/web/lib/data-backup.js'
    at Function.Module._resolveFilename (node:internal/modules/cjs/loader:1028:15)
    at Function.Module._load (node:internal/modules/cjs/loader:873:27)
    at Function.executeUserEntryPoint [as runMain] (node:internal/modules/run_main:81:12)
    at node:internal/main/run_main_module:22:47 {
  code: 'MODULE_NOT_FOUND',
  requireStack: []
}
[2025-08-31T03:38:46.213Z] lib/data-backup.js clean failed with exit code 1
[2025-08-31T03:38:46.213Z] Running lib/import-historical-move-data.js...
[2025-08-31T03:38:46.242Z] [lib/import-historical-move-data.js] ERROR: node:internal/modules/cjs/loader:1031
  throw err;
  ^

Error: Cannot find module '/home/runner/work/liquiditydashboard/liquiditydashboard/web/lib/import-historical-move-data.js'
    at Function.Module._resolveFilename (node:internal/modules/cjs/loader:1028:15)
    at Function.Module._load (node:internal/modules/cjs/loader:873:27)
    at Function.executeUserEntryPoint [as runMain] (node:internal/modules/run_main:81:12)
    at node:internal/main/run_main_module:22:47 {
  code: 'MODULE_NOT_FOUND',
  requireStack: []
}
[2025-08-31T03:38:46.244Z] lib/import-historical-move-data.js failed with exit code 1
[2025-08-31T03:38:46.244Z] Running lib/fetch-move-data.js...
[2025-08-31T03:38:46.273Z] [lib/fetch-move-data.js] ERROR: node:internal/modules/cjs/loader:1031
  throw err;
  ^

Error: Cannot find module '/home/runner/work/liquiditydashboard/liquiditydashboard/web/lib/fetch-move-data.js'
    at Function.Module._resolveFilename (node:internal/modules/cjs/loader:1028:15)
    at Function.Module._load (node:internal/modules/cjs/loader:873:27)
    at Function.executeUserEntryPoint [as runMain] (node:internal/modules/run_main:81:12)
    at node:internal/main/run_main_module:22:47 {
  code: 'MODULE_NOT_FOUND',
  requireStack: []
}
[2025-08-31T03:38:46.276Z] lib/fetch-move-data.js failed with exit code 1
[2025-08-31T03:38:46.276Z] Running lib/fetch-srf-data.js...
[2025-08-31T03:38:46.305Z] [lib/fetch-srf-data.js] ERROR: node:internal/modules/cjs/loader:1031
  throw err;
  ^

Error: Cannot find module '/home/runner/work/liquiditydashboard/liquiditydashboard/web/lib/fetch-srf-data.js'
    at Function.Module._resolveFilename (node:internal/modules/cjs/loader:1028:15)
    at Function.Module._load (node:internal/modules/cjs/loader:873:27)
    at Function.executeUserEntryPoint [as runMain] (node:internal/modules/run_main:81:12)
    at node:internal/main/run_main_module:22:47 {
  code: 'MODULE_NOT_FOUND',
  requireStack: []
}
[2025-08-31T03:38:46.307Z] lib/fetch-srf-data.js failed with exit code 1
[2025-08-31T03:38:46.307Z] Running lib/fetch-bill-share-data.js...
[2025-08-31T03:38:46.336Z] [lib/fetch-bill-share-data.js] ERROR: node:internal/modules/cjs/loader:1031
  throw err;
  ^

Error: Cannot find module '/home/runner/work/liquiditydashboard/liquiditydashboard/web/lib/fetch-bill-share-data.js'
    at Function.Module._resolveFilename (node:internal/modules/cjs/loader:1028:15)
    at Function.Module._load (node:internal/modules/cjs/loader:873:27)
    at Function.executeUserEntryPoint [as runMain] (node:internal/modules/run_main:81:12)
    at node:internal/main/run_main_module:22:47 {
  code: 'MODULE_NOT_FOUND',
  requireStack: []
}
[2025-08-31T03:38:46.338Z] lib/fetch-bill-share-data.js failed with exit code 1
[2025-08-31T03:38:46.338Z] Running lib/cleanup-future-dates.js...
[2025-08-31T03:38:46.414Z] [lib/cleanup-future-dates.js] Starting data cleanup process...
[2025-08-31T03:38:46.702Z] [lib/cleanup-future-dates.js] WorldTimeAPI failed, trying alternative source
[2025-08-31T03:38:47.424Z] [lib/cleanup-future-dates.js] Using TimeAPI date: 2025-08-31T03:38:47.3527882
[2025-08-31T03:38:47.424Z] [lib/cleanup-future-dates.js] Using reference date: 2025-8-31
[2025-08-31T03:38:47.424Z] [lib/cleanup-future-dates.js] Processing MOVE index data (/home/runner/work/liquiditydashboard/liquiditydashboard/web/public/series/move.json)...
[2025-08-31T03:38:47.424Z] [lib/cleanup-future-dates.js] Loaded 111 MOVE index data points
[2025-08-31T03:38:47.425Z] [lib/cleanup-future-dates.js] No future-dated entries found in MOVE index data
[2025-08-31T03:38:47.425Z] [lib/cleanup-future-dates.js] Processing SRF data (/home/runner/work/liquiditydashboard/liquiditydashboard/web/public/series/srf.json)...
[2025-08-31T03:38:47.425Z] [lib/cleanup-future-dates.js] Loaded 1017 SRF data points
[2025-08-31T03:38:47.426Z] [lib/cleanup-future-dates.js] No future-dated entries found in SRF data
[2025-08-31T03:38:47.427Z] [lib/cleanup-future-dates.js] Processing Treasury bill share data (/home/runner/work/liquiditydashboard/liquiditydashboard/web/public/series/bill-share.json)...
[2025-08-31T03:38:47.427Z] [lib/cleanup-future-dates.js] Loaded 282 Treasury bill share data points
[2025-08-31T03:38:47.427Z] [lib/cleanup-future-dates.js] No future-dated entries found in Treasury bill share data
[2025-08-31T03:38:47.427Z] [lib/cleanup-future-dates.js] Cleanup complete! Removed 0 future-dated entries in total.
[2025-08-31T03:38:47.428Z] [lib/cleanup-future-dates.js] Data cleanup completed with no changes needed
[2025-08-31T03:38:47.431Z] lib/cleanup-future-dates.js completed successfully
[2025-08-31T03:38:47.431Z] Running lib/validate-data.js...
[2025-08-31T03:38:47.505Z] [lib/validate-data.js] Running data validation...
[2025-08-31T03:38:47.505Z] [lib/validate-data.js] Validating MOVE index data...
[2025-08-31T03:38:47.506Z] [lib/validate-data.js] Found 111 MOVE data points
[2025-08-31T03:38:47.565Z] [lib/validate-data.js] Using WorldTimeAPI date: 2025-08-31T03:38:47.545523+00:00
[2025-08-31T03:38:47.565Z] [lib/validate-data.js] Using reference date: 2025-8-31
[2025-08-31T03:38:47.566Z] [lib/validate-data.js] MOVE index data validation passed ✓
[2025-08-31T03:38:47.566Z] [lib/validate-data.js] Validating SRF data...
[2025-08-31T03:38:47.567Z] [lib/validate-data.js] Found 1017 SRF data points
[2025-08-31T03:38:47.603Z] [lib/validate-data.js] WorldTimeAPI failed, trying alternative source
[2025-08-31T03:38:49.227Z] [lib/validate-data.js] Using TimeAPI date: 2025-08-31T03:38:49.1702929
[2025-08-31T03:38:49.229Z] [lib/validate-data.js] SRF data validation passed ✓
[2025-08-31T03:38:49.229Z] [lib/validate-data.js] Validating Treasury funding data...
[2025-08-31T03:38:49.230Z] [lib/validate-data.js] Found 282 Treasury funding data points
[2025-08-31T03:38:49.230Z] [lib/validate-data.js] Treasury funding data validation passed ✓
[2025-08-31T03:38:49.230Z] [lib/validate-data.js] All data validation passed ✓
[2025-08-31T03:38:49.233Z] lib/validate-data.js completed successfully
[2025-08-31T03:38:49.233Z] Dashboard update process completed successfully
