[2026-01-31T04:39:47.450Z] Starting Liquidity Dashboard update process
[2026-01-31T04:39:47.452Z] Running lib/data-backup.js...
[2026-01-31T04:39:47.481Z] [lib/data-backup.js] ERROR: node:internal/modules/cjs/loader:1031
  throw err;
  ^

Error: Cannot find module '/home/runner/work/liquiditydashboard/liquiditydashboard/web/lib/data-backup.js'
    at Function.Module._resolveFilename (node:internal/modules/cjs/loader:1028:15)
    at Function.Module._load (node:internal/modules/cjs/loader:873:27)
    at Function.executeUserEntryPoint [as runMain] (node:internal/modules/run_main:81:12)
    at node:internal/main/run_main_module:22:47 {
  code: 'MODULE_NOT_FOUND',
  requireStack: []
}
[2026-01-31T04:39:47.484Z] lib/data-backup.js failed with exit code 1
[2026-01-31T04:39:47.484Z] Running lib/data-backup.js clean...
[2026-01-31T04:39:47.512Z] [lib/data-backup.js clean] ERROR: node:internal/modules/cjs/loader:1031
  throw err;
  ^

Error: Cannot find module '/home/runner/work/liquiditydashboard/liquiditydashboard/web/lib/data-backup.js'
    at Function.Module._resolveFilename (node:internal/modules/cjs/loader:1028:15)
    at Function.Module._load (node:internal/modules/cjs/loader:873:27)
    at Function.executeUserEntryPoint [as runMain] (node:internal/modules/run_main:81:12)
    at node:internal/main/run_main_module:22:47 {
  code: 'MODULE_NOT_FOUND',
  requireStack: []
}
[2026-01-31T04:39:47.514Z] lib/data-backup.js clean failed with exit code 1
[2026-01-31T04:39:47.514Z] Running lib/import-historical-move-data.js...
[2026-01-31T04:39:47.542Z] [lib/import-historical-move-data.js] ERROR: node:internal/modules/cjs/loader:1031
  throw err;
  ^

Error: Cannot find module '/home/runner/work/liquiditydashboard/liquiditydashboard/web/lib/import-historical-move-data.js'
    at Function.Module._resolveFilename (node:internal/modules/cjs/loader:1028:15)
    at Function.Module._load (node:internal/modules/cjs/loader:873:27)
    at Function.executeUserEntryPoint [as runMain] (node:internal/modules/run_main:81:12)
    at node:internal/main/run_main_module:22:47 {
  code: 'MODULE_NOT_FOUND',
  requireStack: []
}
[2026-01-31T04:39:47.545Z] lib/import-historical-move-data.js failed with exit code 1
[2026-01-31T04:39:47.545Z] Running lib/fetch-move-data.js...
[2026-01-31T04:39:47.573Z] [lib/fetch-move-data.js] ERROR: node:internal/modules/cjs/loader:1031
  throw err;
  ^

Error: Cannot find module '/home/runner/work/liquiditydashboard/liquiditydashboard/web/lib/fetch-move-data.js'
    at Function.Module._resolveFilename (node:internal/modules/cjs/loader:1028:15)
    at Function.Module._load (node:internal/modules/cjs/loader:873:27)
    at Function.executeUserEntryPoint [as runMain] (node:internal/modules/run_main:81:12)
    at node:internal/main/run_main_module:22:47 {
  code: 'MODULE_NOT_FOUND',
  requireStack: []
}
[2026-01-31T04:39:47.575Z] lib/fetch-move-data.js failed with exit code 1
[2026-01-31T04:39:47.575Z] Running lib/fetch-srf-data.js...
[2026-01-31T04:39:47.603Z] [lib/fetch-srf-data.js] ERROR: node:internal/modules/cjs/loader:1031
  throw err;
  ^

Error: Cannot find module '/home/runner/work/liquiditydashboard/liquiditydashboard/web/lib/fetch-srf-data.js'
    at Function.Module._resolveFilename (node:internal/modules/cjs/loader:1028:15)
    at Function.Module._load (node:internal/modules/cjs/loader:873:27)
    at Function.executeUserEntryPoint [as runMain] (node:internal/modules/run_main:81:12)
    at node:internal/main/run_main_module:22:47 {
  code: 'MODULE_NOT_FOUND',
  requireStack: []
}
[2026-01-31T04:39:47.605Z] lib/fetch-srf-data.js failed with exit code 1
[2026-01-31T04:39:47.605Z] Running lib/fetch-bill-share-data.js...
[2026-01-31T04:39:47.633Z] [lib/fetch-bill-share-data.js] ERROR: node:internal/modules/cjs/loader:1031
  throw err;
  ^

Error: Cannot find module '/home/runner/work/liquiditydashboard/liquiditydashboard/web/lib/fetch-bill-share-data.js'
    at Function.Module._resolveFilename (node:internal/modules/cjs/loader:1028:15)
    at Function.Module._load (node:internal/modules/cjs/loader:873:27)
    at Function.executeUserEntryPoint [as runMain] (node:internal/modules/run_main:81:12)
    at node:internal/main/run_main_module:22:47 {
  code: 'MODULE_NOT_FOUND',
  requireStack: []
}
[2026-01-31T04:39:47.635Z] lib/fetch-bill-share-data.js failed with exit code 1
[2026-01-31T04:39:47.635Z] Running lib/cleanup-future-dates.js...
[2026-01-31T04:39:47.710Z] [lib/cleanup-future-dates.js] Starting data cleanup process...
[2026-01-31T04:39:47.966Z] [lib/cleanup-future-dates.js] Using WorldTimeAPI date: 2026-01-31T04:39:47.950839+00:00
[2026-01-31T04:39:47.966Z] [lib/cleanup-future-dates.js] Using reference date: 2026-1-31
[2026-01-31T04:39:47.966Z] [lib/cleanup-future-dates.js] Processing MOVE index data (/home/runner/work/liquiditydashboard/liquiditydashboard/web/public/series/move.json)...
[2026-01-31T04:39:47.966Z] [lib/cleanup-future-dates.js] Loaded 111 MOVE index data points
[2026-01-31T04:39:47.967Z] [lib/cleanup-future-dates.js] No future-dated entries found in MOVE index data

Processing SRF data (/home/runner/work/liquiditydashboard/liquiditydashboard/web/public/series/srf.json)...
[2026-01-31T04:39:47.968Z] [lib/cleanup-future-dates.js] Loaded 1017 SRF data points
[2026-01-31T04:39:47.969Z] [lib/cleanup-future-dates.js] No future-dated entries found in SRF data
[2026-01-31T04:39:47.969Z] [lib/cleanup-future-dates.js] Processing Treasury bill share data (/home/runner/work/liquiditydashboard/liquiditydashboard/web/public/series/bill-share.json)...
[2026-01-31T04:39:47.969Z] [lib/cleanup-future-dates.js] Loaded 282 Treasury bill share data points
[2026-01-31T04:39:47.969Z] [lib/cleanup-future-dates.js] No future-dated entries found in Treasury bill share data
[2026-01-31T04:39:47.970Z] [lib/cleanup-future-dates.js] Cleanup complete! Removed 0 future-dated entries in total.
Data cleanup completed with no changes needed
[2026-01-31T04:39:47.973Z] lib/cleanup-future-dates.js completed successfully
[2026-01-31T04:39:47.973Z] Running lib/validate-data.js...
[2026-01-31T04:39:48.050Z] [lib/validate-data.js] Running data validation...
[2026-01-31T04:39:48.051Z] [lib/validate-data.js] Validating MOVE index data...
[2026-01-31T04:39:48.051Z] [lib/validate-data.js] Found 111 MOVE data points
[2026-01-31T04:39:48.321Z] [lib/validate-data.js] Using WorldTimeAPI date: 2026-01-31T04:39:48.305892+00:00
[2026-01-31T04:39:48.321Z] [lib/validate-data.js] Using reference date: 2026-1-31
[2026-01-31T04:39:48.322Z] [lib/validate-data.js] MOVE index data validation passed ✓
[2026-01-31T04:39:48.322Z] [lib/validate-data.js] Validating SRF data...
[2026-01-31T04:39:48.323Z] [lib/validate-data.js] Found 1017 SRF data points
[2026-01-31T04:39:48.422Z] [lib/validate-data.js] WorldTimeAPI failed, trying alternative source
[2026-01-31T04:39:49.219Z] [lib/validate-data.js] Using TimeAPI date: 2026-01-31T04:39:49.6346352
[2026-01-31T04:39:49.220Z] [lib/validate-data.js] SRF data validation passed ✓
[2026-01-31T04:39:49.220Z] [lib/validate-data.js] Validating Treasury funding data...
[2026-01-31T04:39:49.221Z] [lib/validate-data.js] Found 282 Treasury funding data points
[2026-01-31T04:39:49.221Z] [lib/validate-data.js] Treasury funding data validation passed ✓
[2026-01-31T04:39:49.221Z] [lib/validate-data.js] All data validation passed ✓
[2026-01-31T04:39:49.224Z] lib/validate-data.js completed successfully
[2026-01-31T04:39:49.225Z] Dashboard update process completed successfully
