[2026-03-05T04:50:18.669Z] Starting Liquidity Dashboard update process
[2026-03-05T04:50:18.671Z] Running lib/data-backup.js...
[2026-03-05T04:50:18.702Z] [lib/data-backup.js] ERROR: node:internal/modules/cjs/loader:1031
  throw err;
  ^

Error: Cannot find module '/home/runner/work/liquiditydashboard/liquiditydashboard/web/lib/data-backup.js'
    at Function.Module._resolveFilename (node:internal/modules/cjs/loader:1028:15)
    at Function.Module._load (node:internal/modules/cjs/loader:873:27)
    at Function.executeUserEntryPoint [as runMain] (node:internal/modules/run_main:81:12)
    at node:internal/main/run_main_module:22:47 {
  code: 'MODULE_NOT_FOUND',
  requireStack: []
}
[2026-03-05T04:50:18.704Z] lib/data-backup.js failed with exit code 1
[2026-03-05T04:50:18.704Z] Running lib/data-backup.js clean...
[2026-03-05T04:50:18.734Z] [lib/data-backup.js clean] ERROR: node:internal/modules/cjs/loader:1031
  throw err;
  ^

Error: Cannot find module '/home/runner/work/liquiditydashboard/liquiditydashboard/web/lib/data-backup.js'
    at Function.Module._resolveFilename (node:internal/modules/cjs/loader:1028:15)
    at Function.Module._load (node:internal/modules/cjs/loader:873:27)
    at Function.executeUserEntryPoint [as runMain] (node:internal/modules/run_main:81:12)
    at node:internal/main/run_main_module:22:47 {
  code: 'MODULE_NOT_FOUND',
  requireStack: []
}
[2026-03-05T04:50:18.737Z] lib/data-backup.js clean failed with exit code 1
[2026-03-05T04:50:18.737Z] Running lib/import-historical-move-data.js...
[2026-03-05T04:50:18.767Z] [lib/import-historical-move-data.js] ERROR: node:internal/modules/cjs/loader:1031
  throw err;
  ^

Error: Cannot find module '/home/runner/work/liquiditydashboard/liquiditydashboard/web/lib/import-historical-move-data.js'
    at Function.Module._resolveFilename (node:internal/modules/cjs/loader:1028:15)
    at Function.Module._load (node:internal/modules/cjs/loader:873:27)
    at Function.executeUserEntryPoint [as runMain] (node:internal/modules/run_main:81:12)
    at node:internal/main/run_main_module:22:47 {
  code: 'MODULE_NOT_FOUND',
  requireStack: []
}
[2026-03-05T04:50:18.769Z] lib/import-historical-move-data.js failed with exit code 1
[2026-03-05T04:50:18.769Z] Running lib/fetch-move-data.js...
[2026-03-05T04:50:18.799Z] [lib/fetch-move-data.js] ERROR: node:internal/modules/cjs/loader:1031
  throw err;
  ^

Error: Cannot find module '/home/runner/work/liquiditydashboard/liquiditydashboard/web/lib/fetch-move-data.js'
    at Function.Module._resolveFilename (node:internal/modules/cjs/loader:1028:15)
    at Function.Module._load (node:internal/modules/cjs/loader:873:27)
    at Function.executeUserEntryPoint [as runMain] (node:internal/modules/run_main:81:12)
    at node:internal/main/run_main_module:22:47 {
  code: 'MODULE_NOT_FOUND',
  requireStack: []
}
[2026-03-05T04:50:18.801Z] lib/fetch-move-data.js failed with exit code 1
[2026-03-05T04:50:18.801Z] Running lib/fetch-srf-data.js...
[2026-03-05T04:50:18.831Z] [lib/fetch-srf-data.js] ERROR: node:internal/modules/cjs/loader:1031
  throw err;
  ^

Error: Cannot find module '/home/runner/work/liquiditydashboard/liquiditydashboard/web/lib/fetch-srf-data.js'
    at Function.Module._resolveFilename (node:internal/modules/cjs/loader:1028:15)
    at Function.Module._load (node:internal/modules/cjs/loader:873:27)
    at Function.executeUserEntryPoint [as runMain] (node:internal/modules/run_main:81:12)
    at node:internal/main/run_main_module:22:47 {
  code: 'MODULE_NOT_FOUND',
  requireStack: []
}
[2026-03-05T04:50:18.833Z] lib/fetch-srf-data.js failed with exit code 1
[2026-03-05T04:50:18.833Z] Running lib/fetch-bill-share-data.js...
[2026-03-05T04:50:18.864Z] [lib/fetch-bill-share-data.js] ERROR: node:internal/modules/cjs/loader:1031
  throw err;
  ^

Error: Cannot find module '/home/runner/work/liquiditydashboard/liquiditydashboard/web/lib/fetch-bill-share-data.js'
    at Function.Module._resolveFilename (node:internal/modules/cjs/loader:1028:15)
    at Function.Module._load (node:internal/modules/cjs/loader:873:27)
    at Function.executeUserEntryPoint [as runMain] (node:internal/modules/run_main:81:12)
    at node:internal/main/run_main_module:22:47 {
  code: 'MODULE_NOT_FOUND',
  requireStack: []
}
[2026-03-05T04:50:18.866Z] lib/fetch-bill-share-data.js failed with exit code 1
[2026-03-05T04:50:18.866Z] Running lib/cleanup-future-dates.js...
[2026-03-05T04:50:18.946Z] [lib/cleanup-future-dates.js] Starting data cleanup process...
[2026-03-05T04:50:19.100Z] [lib/cleanup-future-dates.js] WorldTimeAPI failed, trying alternative source
[2026-03-05T04:50:19.799Z] [lib/cleanup-future-dates.js] Using TimeAPI date: 2026-03-05T04:50:19.4760081
[2026-03-05T04:50:19.800Z] [lib/cleanup-future-dates.js] Using reference date: 2026-3-5
[2026-03-05T04:50:19.800Z] [lib/cleanup-future-dates.js] Processing MOVE index data (/home/runner/work/liquiditydashboard/liquiditydashboard/web/public/series/move.json)...
[2026-03-05T04:50:19.800Z] [lib/cleanup-future-dates.js] Loaded 111 MOVE index data points
[2026-03-05T04:50:19.800Z] [lib/cleanup-future-dates.js] No future-dated entries found in MOVE index data
[2026-03-05T04:50:19.801Z] [lib/cleanup-future-dates.js] Processing SRF data (/home/runner/work/liquiditydashboard/liquiditydashboard/web/public/series/srf.json)...
[2026-03-05T04:50:19.801Z] [lib/cleanup-future-dates.js] Loaded 1017 SRF data points
[2026-03-05T04:50:19.803Z] [lib/cleanup-future-dates.js] No future-dated entries found in SRF data
[2026-03-05T04:50:19.803Z] [lib/cleanup-future-dates.js] Processing Treasury bill share data (/home/runner/work/liquiditydashboard/liquiditydashboard/web/public/series/bill-share.json)...
[2026-03-05T04:50:19.803Z] [lib/cleanup-future-dates.js] Loaded 282 Treasury bill share data points
[2026-03-05T04:50:19.803Z] [lib/cleanup-future-dates.js] No future-dated entries found in Treasury bill share data
[2026-03-05T04:50:19.804Z] [lib/cleanup-future-dates.js] Cleanup complete! Removed 0 future-dated entries in total.
Data cleanup completed with no changes needed
[2026-03-05T04:50:19.807Z] lib/cleanup-future-dates.js completed successfully
[2026-03-05T04:50:19.807Z] Running lib/validate-data.js...
[2026-03-05T04:50:19.884Z] [lib/validate-data.js] Running data validation...
[2026-03-05T04:50:19.885Z] [lib/validate-data.js] Validating MOVE index data...
[2026-03-05T04:50:19.885Z] [lib/validate-data.js] Found 111 MOVE data points
[2026-03-05T04:50:19.955Z] [lib/validate-data.js] WorldTimeAPI failed, trying alternative source
[2026-03-05T04:50:20.684Z] [lib/validate-data.js] Using TimeAPI date: 2026-03-05T04:50:20.3548958
[2026-03-05T04:50:20.684Z] [lib/validate-data.js] Using reference date: 2026-3-5
[2026-03-05T04:50:20.684Z] [lib/validate-data.js] MOVE index data validation passed ✓
[2026-03-05T04:50:20.685Z] [lib/validate-data.js] Validating SRF data...
[2026-03-05T04:50:20.685Z] [lib/validate-data.js] Found 1017 SRF data points
[2026-03-05T04:50:20.734Z] [lib/validate-data.js] WorldTimeAPI failed, trying alternative source
[2026-03-05T04:50:21.423Z] [lib/validate-data.js] Using TimeAPI date: 2026-03-05T04:50:21.1043095
[2026-03-05T04:50:21.424Z] [lib/validate-data.js] SRF data validation passed ✓
[2026-03-05T04:50:21.425Z] [lib/validate-data.js] Validating Treasury funding data...
[2026-03-05T04:50:21.425Z] [lib/validate-data.js] Found 282 Treasury funding data points
[2026-03-05T04:50:21.425Z] [lib/validate-data.js] Treasury funding data validation passed ✓
All data validation passed ✓
[2026-03-05T04:50:21.429Z] lib/validate-data.js completed successfully
[2026-03-05T04:50:21.429Z] Dashboard update process completed successfully
