[2025-07-13T04:03:26.845Z] Starting Liquidity Dashboard update process
[2025-07-13T04:03:26.847Z] Running lib/data-backup.js...
[2025-07-13T04:03:26.877Z] [lib/data-backup.js] ERROR: node:internal/modules/cjs/loader:1031
  throw err;
  ^

Error: Cannot find module '/home/runner/work/liquiditydashboard/liquiditydashboard/web/lib/data-backup.js'
    at Function.Module._resolveFilename (node:internal/modules/cjs/loader:1028:15)
    at Function.Module._load (node:internal/modules/cjs/loader:873:27)
    at Function.executeUserEntryPoint [as runMain] (node:internal/modules/run_main:81:12)
    at node:internal/main/run_main_module:22:47 {
  code: 'MODULE_NOT_FOUND',
  requireStack: []
}
[2025-07-13T04:03:26.879Z] lib/data-backup.js failed with exit code 1
[2025-07-13T04:03:26.879Z] Running lib/data-backup.js clean...
[2025-07-13T04:03:26.909Z] [lib/data-backup.js clean] ERROR: node:internal/modules/cjs/loader:1031
  throw err;
  ^

Error: Cannot find module '/home/runner/work/liquiditydashboard/liquiditydashboard/web/lib/data-backup.js'
    at Function.Module._resolveFilename (node:internal/modules/cjs/loader:1028:15)
    at Function.Module._load (node:internal/modules/cjs/loader:873:27)
    at Function.executeUserEntryPoint [as runMain] (node:internal/modules/run_main:81:12)
    at node:internal/main/run_main_module:22:47 {
  code: 'MODULE_NOT_FOUND',
  requireStack: []
}
[2025-07-13T04:03:26.911Z] lib/data-backup.js clean failed with exit code 1
[2025-07-13T04:03:26.911Z] Running lib/import-historical-move-data.js...
[2025-07-13T04:03:26.939Z] [lib/import-historical-move-data.js] ERROR: node:internal/modules/cjs/loader:1031
  throw err;
  ^

Error: Cannot find module '/home/runner/work/liquiditydashboard/liquiditydashboard/web/lib/import-historical-move-data.js'
    at Function.Module._resolveFilename (node:internal/modules/cjs/loader:1028:15)
    at Function.Module._load (node:internal/modules/cjs/loader:873:27)
    at Function.executeUserEntryPoint [as runMain] (node:internal/modules/run_main:81:12)
    at node:internal/main/run_main_module:22:47 {
  code: 'MODULE_NOT_FOUND',
  requireStack: []
}
[2025-07-13T04:03:26.941Z] lib/import-historical-move-data.js failed with exit code 1
[2025-07-13T04:03:26.941Z] Running lib/fetch-move-data.js...
[2025-07-13T04:03:26.970Z] [lib/fetch-move-data.js] ERROR: node:internal/modules/cjs/loader:1031
  throw err;
  ^

Error: Cannot find module '/home/runner/work/liquiditydashboard/liquiditydashboard/web/lib/fetch-move-data.js'
    at Function.Module._resolveFilename (node:internal/modules/cjs/loader:1028:15)
    at Function.Module._load (node:internal/modules/cjs/loader:873:27)
    at Function.executeUserEntryPoint [as runMain] (node:internal/modules/run_main:81:12)
    at node:internal/main/run_main_module:22:47 {
  code: 'MODULE_NOT_FOUND',
  requireStack: []
}
[2025-07-13T04:03:26.972Z] lib/fetch-move-data.js failed with exit code 1
[2025-07-13T04:03:26.972Z] Running lib/fetch-srf-data.js...
[2025-07-13T04:03:27.000Z] [lib/fetch-srf-data.js] ERROR: node:internal/modules/cjs/loader:1031
  throw err;
  ^

Error: Cannot find module '/home/runner/work/liquiditydashboard/liquiditydashboard/web/lib/fetch-srf-data.js'
    at Function.Module._resolveFilename (node:internal/modules/cjs/loader:1028:15)
    at Function.Module._load (node:internal/modules/cjs/loader:873:27)
    at Function.executeUserEntryPoint [as runMain] (node:internal/modules/run_main:81:12)
    at node:internal/main/run_main_module:22:47 {
  code: 'MODULE_NOT_FOUND',
  requireStack: []
}
[2025-07-13T04:03:27.003Z] lib/fetch-srf-data.js failed with exit code 1
[2025-07-13T04:03:27.003Z] Running lib/fetch-bill-share-data.js...
[2025-07-13T04:03:27.032Z] [lib/fetch-bill-share-data.js] ERROR: node:internal/modules/cjs/loader:1031
  throw err;
  ^

Error: Cannot find module '/home/runner/work/liquiditydashboard/liquiditydashboard/web/lib/fetch-bill-share-data.js'
    at Function.Module._resolveFilename (node:internal/modules/cjs/loader:1028:15)
    at Function.Module._load (node:internal/modules/cjs/loader:873:27)
    at Function.executeUserEntryPoint [as runMain] (node:internal/modules/run_main:81:12)
    at node:internal/main/run_main_module:22:47 {
  code: 'MODULE_NOT_FOUND',
  requireStack: []
}
[2025-07-13T04:03:27.035Z] lib/fetch-bill-share-data.js failed with exit code 1
[2025-07-13T04:03:27.035Z] Running lib/cleanup-future-dates.js...
[2025-07-13T04:03:27.111Z] [lib/cleanup-future-dates.js] Starting data cleanup process...
[2025-07-13T04:03:27.670Z] [lib/cleanup-future-dates.js] Using WorldTimeAPI date: 2025-07-13T04:03:27.653550+00:00
[2025-07-13T04:03:27.671Z] [lib/cleanup-future-dates.js] Using reference date: 2025-7-13
[2025-07-13T04:03:27.671Z] [lib/cleanup-future-dates.js] Processing MOVE index data (/home/runner/work/liquiditydashboard/liquiditydashboard/web/public/series/move.json)...
[2025-07-13T04:03:27.671Z] [lib/cleanup-future-dates.js] Loaded 111 MOVE index data points
[2025-07-13T04:03:27.672Z] [lib/cleanup-future-dates.js] No future-dated entries found in MOVE index data
[2025-07-13T04:03:27.672Z] [lib/cleanup-future-dates.js] Processing SRF data (/home/runner/work/liquiditydashboard/liquiditydashboard/web/public/series/srf.json)...
[2025-07-13T04:03:27.672Z] [lib/cleanup-future-dates.js] Loaded 1017 SRF data points
[2025-07-13T04:03:27.673Z] [lib/cleanup-future-dates.js] No future-dated entries found in SRF data
[2025-07-13T04:03:27.673Z] [lib/cleanup-future-dates.js] Processing Treasury bill share data (/home/runner/work/liquiditydashboard/liquiditydashboard/web/public/series/bill-share.json)...
[2025-07-13T04:03:27.674Z] [lib/cleanup-future-dates.js] Loaded 282 Treasury bill share data points
[2025-07-13T04:03:27.674Z] [lib/cleanup-future-dates.js] No future-dated entries found in Treasury bill share data
[2025-07-13T04:03:27.674Z] [lib/cleanup-future-dates.js] Cleanup complete! Removed 0 future-dated entries in total.
Data cleanup completed with no changes needed
[2025-07-13T04:03:27.677Z] lib/cleanup-future-dates.js completed successfully
[2025-07-13T04:03:27.677Z] Running lib/validate-data.js...
[2025-07-13T04:03:27.750Z] [lib/validate-data.js] Running data validation...
[2025-07-13T04:03:27.750Z] [lib/validate-data.js] Validating MOVE index data...
[2025-07-13T04:03:27.750Z] [lib/validate-data.js] Found 111 MOVE data points
[2025-07-13T04:03:28.150Z] [lib/validate-data.js] Using WorldTimeAPI date: 2025-07-13T04:03:28.132687+00:00
[2025-07-13T04:03:28.150Z] [lib/validate-data.js] Using reference date: 2025-7-13
[2025-07-13T04:03:28.151Z] [lib/validate-data.js] MOVE index data validation passed ✓
[2025-07-13T04:03:28.151Z] [lib/validate-data.js] Validating SRF data...
[2025-07-13T04:03:28.152Z] [lib/validate-data.js] Found 1017 SRF data points
[2025-07-13T04:03:28.468Z] [lib/validate-data.js] Using WorldTimeAPI date: 2025-07-13T04:03:28.454515+00:00
[2025-07-13T04:03:28.469Z] [lib/validate-data.js] SRF data validation passed ✓
[2025-07-13T04:03:28.469Z] [lib/validate-data.js] Validating Treasury funding data...
[2025-07-13T04:03:28.470Z] [lib/validate-data.js] Found 282 Treasury funding data points
[2025-07-13T04:03:28.470Z] [lib/validate-data.js] Treasury funding data validation passed ✓
[2025-07-13T04:03:28.470Z] [lib/validate-data.js] All data validation passed ✓
[2025-07-13T04:03:28.473Z] lib/validate-data.js completed successfully
[2025-07-13T04:03:28.473Z] Dashboard update process completed successfully
