[2025-08-09T03:53:36.296Z] Starting Liquidity Dashboard update process
[2025-08-09T03:53:36.297Z] Running lib/data-backup.js...
[2025-08-09T03:53:36.326Z] [lib/data-backup.js] ERROR: node:internal/modules/cjs/loader:1031
  throw err;
  ^

Error: Cannot find module '/home/runner/work/liquiditydashboard/liquiditydashboard/web/lib/data-backup.js'
    at Function.Module._resolveFilename (node:internal/modules/cjs/loader:1028:15)
    at Function.Module._load (node:internal/modules/cjs/loader:873:27)
    at Function.executeUserEntryPoint [as runMain] (node:internal/modules/run_main:81:12)
    at node:internal/main/run_main_module:22:47 {
  code: 'MODULE_NOT_FOUND',
  requireStack: []
}
[2025-08-09T03:53:36.329Z] lib/data-backup.js failed with exit code 1
[2025-08-09T03:53:36.329Z] Running lib/data-backup.js clean...
[2025-08-09T03:53:36.357Z] [lib/data-backup.js clean] ERROR: node:internal/modules/cjs/loader:1031
  throw err;
  ^

Error: Cannot find module '/home/runner/work/liquiditydashboard/liquiditydashboard/web/lib/data-backup.js'
    at Function.Module._resolveFilename (node:internal/modules/cjs/loader:1028:15)
    at Function.Module._load (node:internal/modules/cjs/loader:873:27)
    at Function.executeUserEntryPoint [as runMain] (node:internal/modules/run_main:81:12)
    at node:internal/main/run_main_module:22:47 {
  code: 'MODULE_NOT_FOUND',
  requireStack: []
}
[2025-08-09T03:53:36.359Z] lib/data-backup.js clean failed with exit code 1
[2025-08-09T03:53:36.360Z] Running lib/import-historical-move-data.js...
[2025-08-09T03:53:36.387Z] [lib/import-historical-move-data.js] ERROR: node:internal/modules/cjs/loader:1031
  throw err;
  ^

Error: Cannot find module '/home/runner/work/liquiditydashboard/liquiditydashboard/web/lib/import-historical-move-data.js'
    at Function.Module._resolveFilename (node:internal/modules/cjs/loader:1028:15)
    at Function.Module._load (node:internal/modules/cjs/loader:873:27)
    at Function.executeUserEntryPoint [as runMain] (node:internal/modules/run_main:81:12)
    at node:internal/main/run_main_module:22:47 {
  code: 'MODULE_NOT_FOUND',
  requireStack: []
}
[2025-08-09T03:53:36.389Z] lib/import-historical-move-data.js failed with exit code 1
[2025-08-09T03:53:36.390Z] Running lib/fetch-move-data.js...
[2025-08-09T03:53:36.418Z] [lib/fetch-move-data.js] ERROR: node:internal/modules/cjs/loader:1031
  throw err;
  ^

Error: Cannot find module '/home/runner/work/liquiditydashboard/liquiditydashboard/web/lib/fetch-move-data.js'
    at Function.Module._resolveFilename (node:internal/modules/cjs/loader:1028:15)
    at Function.Module._load (node:internal/modules/cjs/loader:873:27)
    at Function.executeUserEntryPoint [as runMain] (node:internal/modules/run_main:81:12)
    at node:internal/main/run_main_module:22:47 {
  code: 'MODULE_NOT_FOUND',
  requireStack: []
}
[2025-08-09T03:53:36.420Z] lib/fetch-move-data.js failed with exit code 1
[2025-08-09T03:53:36.420Z] Running lib/fetch-srf-data.js...
[2025-08-09T03:53:36.448Z] [lib/fetch-srf-data.js] ERROR: node:internal/modules/cjs/loader:1031
  throw err;
  ^

Error: Cannot find module '/home/runner/work/liquiditydashboard/liquiditydashboard/web/lib/fetch-srf-data.js'
    at Function.Module._resolveFilename (node:internal/modules/cjs/loader:1028:15)
    at Function.Module._load (node:internal/modules/cjs/loader:873:27)
    at Function.executeUserEntryPoint [as runMain] (node:internal/modules/run_main:81:12)
    at node:internal/main/run_main_module:22:47 {
  code: 'MODULE_NOT_FOUND',
  requireStack: []
}
[2025-08-09T03:53:36.450Z] lib/fetch-srf-data.js failed with exit code 1
[2025-08-09T03:53:36.451Z] Running lib/fetch-bill-share-data.js...
[2025-08-09T03:53:36.479Z] [lib/fetch-bill-share-data.js] ERROR: node:internal/modules/cjs/loader:1031
  throw err;
  ^

Error: Cannot find module '/home/runner/work/liquiditydashboard/liquiditydashboard/web/lib/fetch-bill-share-data.js'
    at Function.Module._resolveFilename (node:internal/modules/cjs/loader:1028:15)
    at Function.Module._load (node:internal/modules/cjs/loader:873:27)
    at Function.executeUserEntryPoint [as runMain] (node:internal/modules/run_main:81:12)
    at node:internal/main/run_main_module:22:47 {
  code: 'MODULE_NOT_FOUND',
  requireStack: []
}
[2025-08-09T03:53:36.481Z] lib/fetch-bill-share-data.js failed with exit code 1
[2025-08-09T03:53:36.481Z] Running lib/cleanup-future-dates.js...
[2025-08-09T03:53:36.557Z] [lib/cleanup-future-dates.js] Starting data cleanup process...
[2025-08-09T03:53:36.852Z] [lib/cleanup-future-dates.js] WorldTimeAPI failed, trying alternative source
[2025-08-09T03:53:37.394Z] [lib/cleanup-future-dates.js] Using TimeAPI date: 2025-08-09T03:53:37.345753
[2025-08-09T03:53:37.395Z] [lib/cleanup-future-dates.js] Using reference date: 2025-8-9

Processing MOVE index data (/home/runner/work/liquiditydashboard/liquiditydashboard/web/public/series/move.json)...
[2025-08-09T03:53:37.395Z] [lib/cleanup-future-dates.js] Loaded 111 MOVE index data points
[2025-08-09T03:53:37.395Z] [lib/cleanup-future-dates.js] No future-dated entries found in MOVE index data
[2025-08-09T03:53:37.396Z] [lib/cleanup-future-dates.js] Processing SRF data (/home/runner/work/liquiditydashboard/liquiditydashboard/web/public/series/srf.json)...
[2025-08-09T03:53:37.396Z] [lib/cleanup-future-dates.js] Loaded 1017 SRF data points
[2025-08-09T03:53:37.397Z] [lib/cleanup-future-dates.js] No future-dated entries found in SRF data
[2025-08-09T03:53:37.397Z] [lib/cleanup-future-dates.js] Processing Treasury bill share data (/home/runner/work/liquiditydashboard/liquiditydashboard/web/public/series/bill-share.json)...
[2025-08-09T03:53:37.397Z] [lib/cleanup-future-dates.js] Loaded 282 Treasury bill share data points
[2025-08-09T03:53:37.398Z] [lib/cleanup-future-dates.js] No future-dated entries found in Treasury bill share data
[2025-08-09T03:53:37.398Z] [lib/cleanup-future-dates.js] Cleanup complete! Removed 0 future-dated entries in total.
[2025-08-09T03:53:37.398Z] [lib/cleanup-future-dates.js] Data cleanup completed with no changes needed
[2025-08-09T03:53:37.402Z] lib/cleanup-future-dates.js completed successfully
[2025-08-09T03:53:37.402Z] Running lib/validate-data.js...
[2025-08-09T03:53:37.475Z] [lib/validate-data.js] Running data validation...
[2025-08-09T03:53:37.476Z] [lib/validate-data.js] Validating MOVE index data...
[2025-08-09T03:53:37.476Z] [lib/validate-data.js] Found 111 MOVE data points
[2025-08-09T03:53:39.219Z] [lib/validate-data.js] Using WorldTimeAPI date: 2025-08-09T03:53:38.803918+00:00
[2025-08-09T03:53:39.219Z] [lib/validate-data.js] Using reference date: 2025-8-9
[2025-08-09T03:53:39.220Z] [lib/validate-data.js] MOVE index data validation passed ✓
[2025-08-09T03:53:39.220Z] [lib/validate-data.js] Validating SRF data...
[2025-08-09T03:53:39.221Z] [lib/validate-data.js] Found 1017 SRF data points
[2025-08-09T03:53:39.295Z] [lib/validate-data.js] WorldTimeAPI failed, trying alternative source
[2025-08-09T03:53:40.075Z] [lib/validate-data.js] Using TimeAPI date: 2025-08-09T03:53:40.0330407
[2025-08-09T03:53:40.077Z] [lib/validate-data.js] SRF data validation passed ✓
[2025-08-09T03:53:40.077Z] [lib/validate-data.js] Validating Treasury funding data...
[2025-08-09T03:53:40.078Z] [lib/validate-data.js] Found 282 Treasury funding data points
[2025-08-09T03:53:40.078Z] [lib/validate-data.js] Treasury funding data validation passed ✓
[2025-08-09T03:53:40.078Z] [lib/validate-data.js] All data validation passed ✓
[2025-08-09T03:53:40.081Z] lib/validate-data.js completed successfully
[2025-08-09T03:53:40.081Z] Dashboard update process completed successfully
