[2026-05-29T06:59:09.837Z] Starting Liquidity Dashboard update process
[2026-05-29T06:59:09.838Z] Running lib/data-backup.js...
[2026-05-29T06:59:09.863Z] [lib/data-backup.js] ERROR: node:internal/modules/cjs/loader:1031
  throw err;
  ^

Error: Cannot find module '/home/runner/work/liquiditydashboard/liquiditydashboard/web/lib/data-backup.js'
    at Function.Module._resolveFilename (node:internal/modules/cjs/loader:1028:15)
    at Function.Module._load (node:internal/modules/cjs/loader:873:27)
    at Function.executeUserEntryPoint [as runMain] (node:internal/modules/run_main:81:12)
    at node:internal/main/run_main_module:22:47 {
  code: 'MODULE_NOT_FOUND',
  requireStack: []
}
[2026-05-29T06:59:09.865Z] lib/data-backup.js failed with exit code 1
[2026-05-29T06:59:09.866Z] Running lib/data-backup.js clean...
[2026-05-29T06:59:09.891Z] [lib/data-backup.js clean] ERROR: node:internal/modules/cjs/loader:1031
  throw err;
  ^

Error: Cannot find module '/home/runner/work/liquiditydashboard/liquiditydashboard/web/lib/data-backup.js'
    at Function.Module._resolveFilename (node:internal/modules/cjs/loader:1028:15)
    at Function.Module._load (node:internal/modules/cjs/loader:873:27)
    at Function.executeUserEntryPoint [as runMain] (node:internal/modules/run_main:81:12)
    at node:internal/main/run_main_module:22:47 {
  code: 'MODULE_NOT_FOUND',
  requireStack: []
}
[2026-05-29T06:59:09.892Z] lib/data-backup.js clean failed with exit code 1
[2026-05-29T06:59:09.893Z] Running lib/import-historical-move-data.js...
[2026-05-29T06:59:09.916Z] [lib/import-historical-move-data.js] ERROR: node:internal/modules/cjs/loader:1031
  throw err;
  ^

Error: Cannot find module '/home/runner/work/liquiditydashboard/liquiditydashboard/web/lib/import-historical-move-data.js'
    at Function.Module._resolveFilename (node:internal/modules/cjs/loader:1028:15)
    at Function.Module._load (node:internal/modules/cjs/loader:873:27)
    at Function.executeUserEntryPoint [as runMain] (node:internal/modules/run_main:81:12)
    at node:internal/main/run_main_module:22:47 {
  code: 'MODULE_NOT_FOUND',
  requireStack: []
}
[2026-05-29T06:59:09.917Z] lib/import-historical-move-data.js failed with exit code 1
[2026-05-29T06:59:09.917Z] Running lib/fetch-move-data.js...
[2026-05-29T06:59:09.940Z] [lib/fetch-move-data.js] ERROR: node:internal/modules/cjs/loader:1031
  throw err;
  ^

Error: Cannot find module '/home/runner/work/liquiditydashboard/liquiditydashboard/web/lib/fetch-move-data.js'
    at Function.Module._resolveFilename (node:internal/modules/cjs/loader:1028:15)
    at Function.Module._load (node:internal/modules/cjs/loader:873:27)
    at Function.executeUserEntryPoint [as runMain] (node:internal/modules/run_main:81:12)
    at node:internal/main/run_main_module:22:47 {
  code: 'MODULE_NOT_FOUND',
  requireStack: []
}
[2026-05-29T06:59:09.941Z] lib/fetch-move-data.js failed with exit code 1
[2026-05-29T06:59:09.942Z] Running lib/fetch-srf-data.js...
[2026-05-29T06:59:09.965Z] [lib/fetch-srf-data.js] ERROR: node:internal/modules/cjs/loader:1031
  throw err;
  ^

Error: Cannot find module '/home/runner/work/liquiditydashboard/liquiditydashboard/web/lib/fetch-srf-data.js'
    at Function.Module._resolveFilename (node:internal/modules/cjs/loader:1028:15)
    at Function.Module._load (node:internal/modules/cjs/loader:873:27)
    at Function.executeUserEntryPoint [as runMain] (node:internal/modules/run_main:81:12)
    at node:internal/main/run_main_module:22:47 {
  code: 'MODULE_NOT_FOUND',
  requireStack: []
}
[2026-05-29T06:59:09.966Z] lib/fetch-srf-data.js failed with exit code 1
[2026-05-29T06:59:09.966Z] Running lib/fetch-bill-share-data.js...
[2026-05-29T06:59:09.990Z] [lib/fetch-bill-share-data.js] ERROR: node:internal/modules/cjs/loader:1031
  throw err;
  ^

Error: Cannot find module '/home/runner/work/liquiditydashboard/liquiditydashboard/web/lib/fetch-bill-share-data.js'
    at Function.Module._resolveFilename (node:internal/modules/cjs/loader:1028:15)
    at Function.Module._load (node:internal/modules/cjs/loader:873:27)
    at Function.executeUserEntryPoint [as runMain] (node:internal/modules/run_main:81:12)
    at node:internal/main/run_main_module:22:47 {
  code: 'MODULE_NOT_FOUND',
  requireStack: []
}
[2026-05-29T06:59:09.991Z] lib/fetch-bill-share-data.js failed with exit code 1
[2026-05-29T06:59:09.991Z] Running lib/cleanup-future-dates.js...
[2026-05-29T06:59:10.103Z] [lib/cleanup-future-dates.js] Starting data cleanup process...
[2026-05-29T06:59:10.223Z] [lib/cleanup-future-dates.js] WorldTimeAPI failed, trying alternative source
[2026-05-29T06:59:10.703Z] [lib/cleanup-future-dates.js] Using TimeAPI date: 2026-05-29T06:59:10.6005521
[2026-05-29T06:59:10.703Z] [lib/cleanup-future-dates.js] Using reference date: 2026-5-29

Processing MOVE index data (/home/runner/work/liquiditydashboard/liquiditydashboard/web/public/series/move.json)...
[2026-05-29T06:59:10.704Z] [lib/cleanup-future-dates.js] Loaded 111 MOVE index data points
No future-dated entries found in MOVE index data

Processing SRF data (/home/runner/work/liquiditydashboard/liquiditydashboard/web/public/series/srf.json)...
Loaded 1017 SRF data points
[2026-05-29T06:59:10.705Z] [lib/cleanup-future-dates.js] No future-dated entries found in SRF data
[2026-05-29T06:59:10.705Z] [lib/cleanup-future-dates.js] Processing Treasury bill share data (/home/runner/work/liquiditydashboard/liquiditydashboard/web/public/series/bill-share.json)...
[2026-05-29T06:59:10.705Z] [lib/cleanup-future-dates.js] Loaded 282 Treasury bill share data points
[2026-05-29T06:59:10.705Z] [lib/cleanup-future-dates.js] No future-dated entries found in Treasury bill share data
[2026-05-29T06:59:10.706Z] [lib/cleanup-future-dates.js] Cleanup complete! Removed 0 future-dated entries in total.
Data cleanup completed with no changes needed
[2026-05-29T06:59:10.708Z] lib/cleanup-future-dates.js completed successfully
[2026-05-29T06:59:10.708Z] Running lib/validate-data.js...
[2026-05-29T06:59:10.773Z] [lib/validate-data.js] Running data validation...
[2026-05-29T06:59:10.773Z] [lib/validate-data.js] Validating MOVE index data...
[2026-05-29T06:59:10.773Z] [lib/validate-data.js] Found 111 MOVE data points
[2026-05-29T06:59:10.871Z] [lib/validate-data.js] WorldTimeAPI failed, trying alternative source
[2026-05-29T06:59:11.362Z] [lib/validate-data.js] Using TimeAPI date: 2026-05-29T06:59:11.2575136
[2026-05-29T06:59:11.362Z] [lib/validate-data.js] Using reference date: 2026-5-29
[2026-05-29T06:59:11.363Z] [lib/validate-data.js] MOVE index data validation passed ✓
[2026-05-29T06:59:11.363Z] [lib/validate-data.js] Validating SRF data...
[2026-05-29T06:59:11.363Z] [lib/validate-data.js] Found 1017 SRF data points
[2026-05-29T06:59:11.429Z] [lib/validate-data.js] WorldTimeAPI failed, trying alternative source
[2026-05-29T06:59:11.919Z] [lib/validate-data.js] Using TimeAPI date: 2026-05-29T06:59:11.8203293
[2026-05-29T06:59:11.921Z] [lib/validate-data.js] SRF data validation passed ✓
[2026-05-29T06:59:11.921Z] [lib/validate-data.js] Validating Treasury funding data...
[2026-05-29T06:59:11.921Z] [lib/validate-data.js] Found 282 Treasury funding data points
[2026-05-29T06:59:11.921Z] [lib/validate-data.js] Treasury funding data validation passed ✓
[2026-05-29T06:59:11.921Z] [lib/validate-data.js] All data validation passed ✓
[2026-05-29T06:59:11.924Z] lib/validate-data.js completed successfully
[2026-05-29T06:59:11.924Z] Dashboard update process completed successfully
