[2025-10-22T03:46:29.810Z] Starting Liquidity Dashboard update process
[2025-10-22T03:46:29.812Z] Running lib/data-backup.js...
[2025-10-22T03:46:29.843Z] [lib/data-backup.js] ERROR: node:internal/modules/cjs/loader:1031
  throw err;
  ^

Error: Cannot find module '/home/runner/work/liquiditydashboard/liquiditydashboard/web/lib/data-backup.js'
    at Function.Module._resolveFilename (node:internal/modules/cjs/loader:1028:15)
    at Function.Module._load (node:internal/modules/cjs/loader:873:27)
    at Function.executeUserEntryPoint [as runMain] (node:internal/modules/run_main:81:12)
    at node:internal/main/run_main_module:22:47 {
  code: 'MODULE_NOT_FOUND',
  requireStack: []
}
[2025-10-22T03:46:29.846Z] lib/data-backup.js failed with exit code 1
[2025-10-22T03:46:29.846Z] Running lib/data-backup.js clean...
[2025-10-22T03:46:29.876Z] [lib/data-backup.js clean] ERROR: node:internal/modules/cjs/loader:1031
  throw err;
  ^

Error: Cannot find module '/home/runner/work/liquiditydashboard/liquiditydashboard/web/lib/data-backup.js'
    at Function.Module._resolveFilename (node:internal/modules/cjs/loader:1028:15)
    at Function.Module._load (node:internal/modules/cjs/loader:873:27)
    at Function.executeUserEntryPoint [as runMain] (node:internal/modules/run_main:81:12)
    at node:internal/main/run_main_module:22:47 {
  code: 'MODULE_NOT_FOUND',
  requireStack: []
}
[2025-10-22T03:46:29.879Z] lib/data-backup.js clean failed with exit code 1
[2025-10-22T03:46:29.879Z] Running lib/import-historical-move-data.js...
[2025-10-22T03:46:29.909Z] [lib/import-historical-move-data.js] ERROR: node:internal/modules/cjs/loader:1031
  throw err;
  ^

Error: Cannot find module '/home/runner/work/liquiditydashboard/liquiditydashboard/web/lib/import-historical-move-data.js'
    at Function.Module._resolveFilename (node:internal/modules/cjs/loader:1028:15)
    at Function.Module._load (node:internal/modules/cjs/loader:873:27)
    at Function.executeUserEntryPoint [as runMain] (node:internal/modules/run_main:81:12)
    at node:internal/main/run_main_module:22:47 {
  code: 'MODULE_NOT_FOUND',
  requireStack: []
}
[2025-10-22T03:46:29.911Z] lib/import-historical-move-data.js failed with exit code 1
[2025-10-22T03:46:29.911Z] Running lib/fetch-move-data.js...
[2025-10-22T03:46:29.941Z] [lib/fetch-move-data.js] ERROR: node:internal/modules/cjs/loader:1031
  throw err;
  ^

Error: Cannot find module '/home/runner/work/liquiditydashboard/liquiditydashboard/web/lib/fetch-move-data.js'
    at Function.Module._resolveFilename (node:internal/modules/cjs/loader:1028:15)
    at Function.Module._load (node:internal/modules/cjs/loader:873:27)
    at Function.executeUserEntryPoint [as runMain] (node:internal/modules/run_main:81:12)
    at node:internal/main/run_main_module:22:47 {
  code: 'MODULE_NOT_FOUND',
  requireStack: []
}
[2025-10-22T03:46:29.943Z] lib/fetch-move-data.js failed with exit code 1
[2025-10-22T03:46:29.944Z] Running lib/fetch-srf-data.js...
[2025-10-22T03:46:29.975Z] [lib/fetch-srf-data.js] ERROR: node:internal/modules/cjs/loader:1031
  throw err;
  ^

Error: Cannot find module '/home/runner/work/liquiditydashboard/liquiditydashboard/web/lib/fetch-srf-data.js'
    at Function.Module._resolveFilename (node:internal/modules/cjs/loader:1028:15)
    at Function.Module._load (node:internal/modules/cjs/loader:873:27)
    at Function.executeUserEntryPoint [as runMain] (node:internal/modules/run_main:81:12)
    at node:internal/main/run_main_module:22:47 {
  code: 'MODULE_NOT_FOUND',
  requireStack: []
}
[2025-10-22T03:46:29.977Z] lib/fetch-srf-data.js failed with exit code 1
[2025-10-22T03:46:29.977Z] Running lib/fetch-bill-share-data.js...
[2025-10-22T03:46:30.008Z] [lib/fetch-bill-share-data.js] ERROR: node:internal/modules/cjs/loader:1031
  throw err;
  ^

Error: Cannot find module '/home/runner/work/liquiditydashboard/liquiditydashboard/web/lib/fetch-bill-share-data.js'
    at Function.Module._resolveFilename (node:internal/modules/cjs/loader:1028:15)
    at Function.Module._load (node:internal/modules/cjs/loader:873:27)
    at Function.executeUserEntryPoint [as runMain] (node:internal/modules/run_main:81:12)
    at node:internal/main/run_main_module:22:47 {
  code: 'MODULE_NOT_FOUND',
  requireStack: []
}
[2025-10-22T03:46:30.011Z] lib/fetch-bill-share-data.js failed with exit code 1
[2025-10-22T03:46:30.011Z] Running lib/cleanup-future-dates.js...
[2025-10-22T03:46:30.090Z] [lib/cleanup-future-dates.js] Starting data cleanup process...
[2025-10-22T03:46:30.264Z] [lib/cleanup-future-dates.js] WorldTimeAPI failed, trying alternative source
[2025-10-22T03:46:30.773Z] [lib/cleanup-future-dates.js] Using TimeAPI date: 2025-10-22T03:46:30.7151987
[2025-10-22T03:46:30.773Z] [lib/cleanup-future-dates.js] Using reference date: 2025-10-22
[2025-10-22T03:46:30.773Z] [lib/cleanup-future-dates.js] Processing MOVE index data (/home/runner/work/liquiditydashboard/liquiditydashboard/web/public/series/move.json)...
[2025-10-22T03:46:30.774Z] [lib/cleanup-future-dates.js] Loaded 111 MOVE index data points
[2025-10-22T03:46:30.774Z] [lib/cleanup-future-dates.js] No future-dated entries found in MOVE index data
[2025-10-22T03:46:30.774Z] [lib/cleanup-future-dates.js] Processing SRF data (/home/runner/work/liquiditydashboard/liquiditydashboard/web/public/series/srf.json)...
[2025-10-22T03:46:30.775Z] [lib/cleanup-future-dates.js] Loaded 1017 SRF data points
[2025-10-22T03:46:30.776Z] [lib/cleanup-future-dates.js] No future-dated entries found in SRF data
[2025-10-22T03:46:30.776Z] [lib/cleanup-future-dates.js] Processing Treasury bill share data (/home/runner/work/liquiditydashboard/liquiditydashboard/web/public/series/bill-share.json)...
[2025-10-22T03:46:30.777Z] [lib/cleanup-future-dates.js] Loaded 282 Treasury bill share data points
[2025-10-22T03:46:30.777Z] [lib/cleanup-future-dates.js] No future-dated entries found in Treasury bill share data
[2025-10-22T03:46:30.777Z] [lib/cleanup-future-dates.js] Cleanup complete! Removed 0 future-dated entries in total.
Data cleanup completed with no changes needed
[2025-10-22T03:46:30.781Z] lib/cleanup-future-dates.js completed successfully
[2025-10-22T03:46:30.781Z] Running lib/validate-data.js...
[2025-10-22T03:46:30.857Z] [lib/validate-data.js] Running data validation...
[2025-10-22T03:46:30.857Z] [lib/validate-data.js] Validating MOVE index data...
[2025-10-22T03:46:30.858Z] [lib/validate-data.js] Found 111 MOVE data points
[2025-10-22T03:46:30.959Z] [lib/validate-data.js] Using WorldTimeAPI date: 2025-10-22T03:46:30.946335+00:00
[2025-10-22T03:46:30.960Z] [lib/validate-data.js] Using reference date: 2025-10-22
[2025-10-22T03:46:30.960Z] [lib/validate-data.js] MOVE index data validation passed ✓
[2025-10-22T03:46:30.960Z] [lib/validate-data.js] Validating SRF data...
[2025-10-22T03:46:30.961Z] [lib/validate-data.js] Found 1017 SRF data points
[2025-10-22T03:46:31.036Z] [lib/validate-data.js] WorldTimeAPI failed, trying alternative source
[2025-10-22T03:46:31.497Z] [lib/validate-data.js] Using TimeAPI date: 2025-10-22T03:46:31.4550367
[2025-10-22T03:46:31.499Z] [lib/validate-data.js] SRF data validation passed ✓
[2025-10-22T03:46:31.499Z] [lib/validate-data.js] Validating Treasury funding data...
[2025-10-22T03:46:31.499Z] [lib/validate-data.js] Found 282 Treasury funding data points
[2025-10-22T03:46:31.500Z] [lib/validate-data.js] Treasury funding data validation passed ✓
[2025-10-22T03:46:31.500Z] [lib/validate-data.js] All data validation passed ✓
[2025-10-22T03:46:31.503Z] lib/validate-data.js completed successfully
[2025-10-22T03:46:31.503Z] Dashboard update process completed successfully
