[2026-03-29T05:17:45.831Z] Starting Liquidity Dashboard update process
[2026-03-29T05:17:45.832Z] Running lib/data-backup.js...
[2026-03-29T05:17:45.864Z] [lib/data-backup.js] ERROR: node:internal/modules/cjs/loader:1031
  throw err;
  ^

Error: Cannot find module '/home/runner/work/liquiditydashboard/liquiditydashboard/web/lib/data-backup.js'
    at Function.Module._resolveFilename (node:internal/modules/cjs/loader:1028:15)
    at Function.Module._load (node:internal/modules/cjs/loader:873:27)
    at Function.executeUserEntryPoint [as runMain] (node:internal/modules/run_main:81:12)
    at node:internal/main/run_main_module:22:47 {
  code: 'MODULE_NOT_FOUND',
  requireStack: []
}
[2026-03-29T05:17:45.866Z] lib/data-backup.js failed with exit code 1
[2026-03-29T05:17:45.867Z] Running lib/data-backup.js clean...
[2026-03-29T05:17:45.897Z] [lib/data-backup.js clean] ERROR: node:internal/modules/cjs/loader:1031
  throw err;
  ^

Error: Cannot find module '/home/runner/work/liquiditydashboard/liquiditydashboard/web/lib/data-backup.js'
    at Function.Module._resolveFilename (node:internal/modules/cjs/loader:1028:15)
    at Function.Module._load (node:internal/modules/cjs/loader:873:27)
    at Function.executeUserEntryPoint [as runMain] (node:internal/modules/run_main:81:12)
    at node:internal/main/run_main_module:22:47 {
  code: 'MODULE_NOT_FOUND',
  requireStack: []
}
[2026-03-29T05:17:45.898Z] lib/data-backup.js clean failed with exit code 1
[2026-03-29T05:17:45.899Z] Running lib/import-historical-move-data.js...
[2026-03-29T05:17:45.928Z] [lib/import-historical-move-data.js] ERROR: node:internal/modules/cjs/loader:1031
  throw err;
  ^

Error: Cannot find module '/home/runner/work/liquiditydashboard/liquiditydashboard/web/lib/import-historical-move-data.js'
    at Function.Module._resolveFilename (node:internal/modules/cjs/loader:1028:15)
    at Function.Module._load (node:internal/modules/cjs/loader:873:27)
    at Function.executeUserEntryPoint [as runMain] (node:internal/modules/run_main:81:12)
    at node:internal/main/run_main_module:22:47 {
  code: 'MODULE_NOT_FOUND',
  requireStack: []
}
[2026-03-29T05:17:45.930Z] lib/import-historical-move-data.js failed with exit code 1
[2026-03-29T05:17:45.930Z] Running lib/fetch-move-data.js...
[2026-03-29T05:17:45.959Z] [lib/fetch-move-data.js] ERROR: node:internal/modules/cjs/loader:1031
  throw err;
  ^

Error: Cannot find module '/home/runner/work/liquiditydashboard/liquiditydashboard/web/lib/fetch-move-data.js'
    at Function.Module._resolveFilename (node:internal/modules/cjs/loader:1028:15)
    at Function.Module._load (node:internal/modules/cjs/loader:873:27)
    at Function.executeUserEntryPoint [as runMain] (node:internal/modules/run_main:81:12)
    at node:internal/main/run_main_module:22:47 {
  code: 'MODULE_NOT_FOUND',
  requireStack: []
}
[2026-03-29T05:17:45.961Z] lib/fetch-move-data.js failed with exit code 1
[2026-03-29T05:17:45.961Z] Running lib/fetch-srf-data.js...
[2026-03-29T05:17:45.991Z] [lib/fetch-srf-data.js] ERROR: node:internal/modules/cjs/loader:1031
  throw err;
  ^

Error: Cannot find module '/home/runner/work/liquiditydashboard/liquiditydashboard/web/lib/fetch-srf-data.js'
    at Function.Module._resolveFilename (node:internal/modules/cjs/loader:1028:15)
    at Function.Module._load (node:internal/modules/cjs/loader:873:27)
    at Function.executeUserEntryPoint [as runMain] (node:internal/modules/run_main:81:12)
    at node:internal/main/run_main_module:22:47 {
  code: 'MODULE_NOT_FOUND',
  requireStack: []
}
[2026-03-29T05:17:45.992Z] lib/fetch-srf-data.js failed with exit code 1
[2026-03-29T05:17:45.993Z] Running lib/fetch-bill-share-data.js...
[2026-03-29T05:17:46.022Z] [lib/fetch-bill-share-data.js] ERROR: node:internal/modules/cjs/loader:1031
  throw err;
  ^

Error: Cannot find module '/home/runner/work/liquiditydashboard/liquiditydashboard/web/lib/fetch-bill-share-data.js'
    at Function.Module._resolveFilename (node:internal/modules/cjs/loader:1028:15)
    at Function.Module._load (node:internal/modules/cjs/loader:873:27)
    at Function.executeUserEntryPoint [as runMain] (node:internal/modules/run_main:81:12)
    at node:internal/main/run_main_module:22:47 {
  code: 'MODULE_NOT_FOUND',
  requireStack: []
}
[2026-03-29T05:17:46.024Z] lib/fetch-bill-share-data.js failed with exit code 1
[2026-03-29T05:17:46.024Z] Running lib/cleanup-future-dates.js...
[2026-03-29T05:17:46.103Z] [lib/cleanup-future-dates.js] Starting data cleanup process...
[2026-03-29T05:17:46.355Z] [lib/cleanup-future-dates.js] WorldTimeAPI failed, trying alternative source
[2026-03-29T05:17:46.959Z] [lib/cleanup-future-dates.js] Using TimeAPI date: 2026-03-29T05:17:46.7825148
[2026-03-29T05:17:46.959Z] [lib/cleanup-future-dates.js] Using reference date: 2026-3-29
[2026-03-29T05:17:46.960Z] [lib/cleanup-future-dates.js] Processing MOVE index data (/home/runner/work/liquiditydashboard/liquiditydashboard/web/public/series/move.json)...
[2026-03-29T05:17:46.960Z] [lib/cleanup-future-dates.js] Loaded 111 MOVE index data points
[2026-03-29T05:17:46.960Z] [lib/cleanup-future-dates.js] No future-dated entries found in MOVE index data
[2026-03-29T05:17:46.960Z] [lib/cleanup-future-dates.js] Processing SRF data (/home/runner/work/liquiditydashboard/liquiditydashboard/web/public/series/srf.json)...
[2026-03-29T05:17:46.961Z] [lib/cleanup-future-dates.js] Loaded 1017 SRF data points
[2026-03-29T05:17:46.962Z] [lib/cleanup-future-dates.js] No future-dated entries found in SRF data
[2026-03-29T05:17:46.962Z] [lib/cleanup-future-dates.js] Processing Treasury bill share data (/home/runner/work/liquiditydashboard/liquiditydashboard/web/public/series/bill-share.json)...
[2026-03-29T05:17:46.962Z] [lib/cleanup-future-dates.js] Loaded 282 Treasury bill share data points
[2026-03-29T05:17:46.963Z] [lib/cleanup-future-dates.js] No future-dated entries found in Treasury bill share data
[2026-03-29T05:17:46.963Z] [lib/cleanup-future-dates.js] Cleanup complete! Removed 0 future-dated entries in total.
Data cleanup completed with no changes needed
[2026-03-29T05:17:46.966Z] lib/cleanup-future-dates.js completed successfully
[2026-03-29T05:17:46.966Z] Running lib/validate-data.js...
[2026-03-29T05:17:47.042Z] [lib/validate-data.js] Running data validation...
[2026-03-29T05:17:47.043Z] [lib/validate-data.js] Validating MOVE index data...
[2026-03-29T05:17:47.043Z] [lib/validate-data.js] Found 111 MOVE data points
[2026-03-29T05:17:47.103Z] [lib/validate-data.js] WorldTimeAPI failed, trying alternative source
[2026-03-29T05:17:47.724Z] [lib/validate-data.js] Using TimeAPI date: 2026-03-29T05:17:47.54498
[2026-03-29T05:17:47.724Z] [lib/validate-data.js] Using reference date: 2026-3-29
[2026-03-29T05:17:47.725Z] [lib/validate-data.js] MOVE index data validation passed ✓
[2026-03-29T05:17:47.725Z] [lib/validate-data.js] Validating SRF data...
[2026-03-29T05:17:47.726Z] [lib/validate-data.js] Found 1017 SRF data points
[2026-03-29T05:17:47.754Z] [lib/validate-data.js] WorldTimeAPI failed, trying alternative source
[2026-03-29T05:17:48.184Z] [lib/validate-data.js] Using TimeAPI date: 2026-03-29T05:17:48.0112002
[2026-03-29T05:17:48.186Z] [lib/validate-data.js] SRF data validation passed ✓
[2026-03-29T05:17:48.186Z] [lib/validate-data.js] Validating Treasury funding data...
[2026-03-29T05:17:48.186Z] [lib/validate-data.js] Found 282 Treasury funding data points
[2026-03-29T05:17:48.187Z] [lib/validate-data.js] Treasury funding data validation passed ✓
[2026-03-29T05:17:48.187Z] [lib/validate-data.js] All data validation passed ✓
[2026-03-29T05:17:48.190Z] lib/validate-data.js completed successfully
[2026-03-29T05:17:48.190Z] Dashboard update process completed successfully
