[2025-07-28T04:10:04.161Z] Starting Liquidity Dashboard update process
[2025-07-28T04:10:04.163Z] Running lib/data-backup.js...
[2025-07-28T04:10:04.193Z] [lib/data-backup.js] ERROR: node:internal/modules/cjs/loader:1031
  throw err;
  ^

Error: Cannot find module '/home/runner/work/liquiditydashboard/liquiditydashboard/web/lib/data-backup.js'
    at Function.Module._resolveFilename (node:internal/modules/cjs/loader:1028:15)
    at Function.Module._load (node:internal/modules/cjs/loader:873:27)
    at Function.executeUserEntryPoint [as runMain] (node:internal/modules/run_main:81:12)
    at node:internal/main/run_main_module:22:47 {
  code: 'MODULE_NOT_FOUND',
  requireStack: []
}
[2025-07-28T04:10:04.196Z] lib/data-backup.js failed with exit code 1
[2025-07-28T04:10:04.196Z] Running lib/data-backup.js clean...
[2025-07-28T04:10:04.225Z] [lib/data-backup.js clean] ERROR: node:internal/modules/cjs/loader:1031
  throw err;
  ^

Error: Cannot find module '/home/runner/work/liquiditydashboard/liquiditydashboard/web/lib/data-backup.js'
    at Function.Module._resolveFilename (node:internal/modules/cjs/loader:1028:15)
    at Function.Module._load (node:internal/modules/cjs/loader:873:27)
    at Function.executeUserEntryPoint [as runMain] (node:internal/modules/run_main:81:12)
    at node:internal/main/run_main_module:22:47 {
  code: 'MODULE_NOT_FOUND',
  requireStack: []
}
[2025-07-28T04:10:04.227Z] lib/data-backup.js clean failed with exit code 1
[2025-07-28T04:10:04.227Z] Running lib/import-historical-move-data.js...
[2025-07-28T04:10:04.255Z] [lib/import-historical-move-data.js] ERROR: node:internal/modules/cjs/loader:1031
  throw err;
  ^

Error: Cannot find module '/home/runner/work/liquiditydashboard/liquiditydashboard/web/lib/import-historical-move-data.js'
    at Function.Module._resolveFilename (node:internal/modules/cjs/loader:1028:15)
    at Function.Module._load (node:internal/modules/cjs/loader:873:27)
    at Function.executeUserEntryPoint [as runMain] (node:internal/modules/run_main:81:12)
    at node:internal/main/run_main_module:22:47 {
  code: 'MODULE_NOT_FOUND',
  requireStack: []
}
[2025-07-28T04:10:04.257Z] lib/import-historical-move-data.js failed with exit code 1
[2025-07-28T04:10:04.258Z] Running lib/fetch-move-data.js...
[2025-07-28T04:10:04.286Z] [lib/fetch-move-data.js] ERROR: node:internal/modules/cjs/loader:1031
  throw err;
  ^

Error: Cannot find module '/home/runner/work/liquiditydashboard/liquiditydashboard/web/lib/fetch-move-data.js'
    at Function.Module._resolveFilename (node:internal/modules/cjs/loader:1028:15)
    at Function.Module._load (node:internal/modules/cjs/loader:873:27)
    at Function.executeUserEntryPoint [as runMain] (node:internal/modules/run_main:81:12)
    at node:internal/main/run_main_module:22:47 {
  code: 'MODULE_NOT_FOUND',
  requireStack: []
}
[2025-07-28T04:10:04.288Z] lib/fetch-move-data.js failed with exit code 1
[2025-07-28T04:10:04.288Z] Running lib/fetch-srf-data.js...
[2025-07-28T04:10:04.322Z] [lib/fetch-srf-data.js] ERROR: node:internal/modules/cjs/loader:1031
  throw err;
  ^

Error: Cannot find module '/home/runner/work/liquiditydashboard/liquiditydashboard/web/lib/fetch-srf-data.js'
    at Function.Module._resolveFilename (node:internal/modules/cjs/loader:1028:15)
    at Function.Module._load (node:internal/modules/cjs/loader:873:27)
    at Function.executeUserEntryPoint [as runMain] (node:internal/modules/run_main:81:12)
    at node:internal/main/run_main_module:22:47 {
  code: 'MODULE_NOT_FOUND',
  requireStack: []
}
[2025-07-28T04:10:04.325Z] lib/fetch-srf-data.js failed with exit code 1
[2025-07-28T04:10:04.325Z] Running lib/fetch-bill-share-data.js...
[2025-07-28T04:10:04.354Z] [lib/fetch-bill-share-data.js] ERROR: node:internal/modules/cjs/loader:1031
  throw err;
  ^

Error: Cannot find module '/home/runner/work/liquiditydashboard/liquiditydashboard/web/lib/fetch-bill-share-data.js'
    at Function.Module._resolveFilename (node:internal/modules/cjs/loader:1028:15)
    at Function.Module._load (node:internal/modules/cjs/loader:873:27)
    at Function.executeUserEntryPoint [as runMain] (node:internal/modules/run_main:81:12)
    at node:internal/main/run_main_module:22:47 {
  code: 'MODULE_NOT_FOUND',
  requireStack: []
}
[2025-07-28T04:10:04.356Z] lib/fetch-bill-share-data.js failed with exit code 1
[2025-07-28T04:10:04.356Z] Running lib/cleanup-future-dates.js...
[2025-07-28T04:10:04.431Z] [lib/cleanup-future-dates.js] Starting data cleanup process...
[2025-07-28T04:10:04.996Z] [lib/cleanup-future-dates.js] Using WorldTimeAPI date: 2025-07-28T04:10:04.981507+00:00
[2025-07-28T04:10:04.997Z] [lib/cleanup-future-dates.js] Using reference date: 2025-7-28

Processing MOVE index data (/home/runner/work/liquiditydashboard/liquiditydashboard/web/public/series/move.json)...
[2025-07-28T04:10:04.998Z] [lib/cleanup-future-dates.js] Loaded 111 MOVE index data points
No future-dated entries found in MOVE index data

Processing SRF data (/home/runner/work/liquiditydashboard/liquiditydashboard/web/public/series/srf.json)...
[2025-07-28T04:10:04.998Z] [lib/cleanup-future-dates.js] Loaded 1017 SRF data points
[2025-07-28T04:10:04.999Z] [lib/cleanup-future-dates.js] No future-dated entries found in SRF data
[2025-07-28T04:10:05.000Z] [lib/cleanup-future-dates.js] Processing Treasury bill share data (/home/runner/work/liquiditydashboard/liquiditydashboard/web/public/series/bill-share.json)...
[2025-07-28T04:10:05.000Z] [lib/cleanup-future-dates.js] Loaded 282 Treasury bill share data points
[2025-07-28T04:10:05.000Z] [lib/cleanup-future-dates.js] No future-dated entries found in Treasury bill share data
[2025-07-28T04:10:05.001Z] [lib/cleanup-future-dates.js] Cleanup complete! Removed 0 future-dated entries in total.
Data cleanup completed with no changes needed
[2025-07-28T04:10:05.004Z] lib/cleanup-future-dates.js completed successfully
[2025-07-28T04:10:05.004Z] Running lib/validate-data.js...
[2025-07-28T04:10:05.078Z] [lib/validate-data.js] Running data validation...
[2025-07-28T04:10:05.079Z] [lib/validate-data.js] Validating MOVE index data...
[2025-07-28T04:10:05.079Z] [lib/validate-data.js] Found 111 MOVE data points
[2025-07-28T04:10:05.480Z] [lib/validate-data.js] Using WorldTimeAPI date: 2025-07-28T04:10:05.467237+00:00
[2025-07-28T04:10:05.480Z] [lib/validate-data.js] Using reference date: 2025-7-28
[2025-07-28T04:10:05.481Z] [lib/validate-data.js] MOVE index data validation passed ✓
[2025-07-28T04:10:05.481Z] [lib/validate-data.js] Validating SRF data...
[2025-07-28T04:10:05.482Z] [lib/validate-data.js] Found 1017 SRF data points
[2025-07-28T04:10:06.110Z] [lib/validate-data.js] Using WorldTimeAPI date: 2025-07-28T04:10:06.101187+00:00
[2025-07-28T04:10:06.111Z] [lib/validate-data.js] SRF data validation passed ✓
[2025-07-28T04:10:06.112Z] [lib/validate-data.js] Validating Treasury funding data...
[2025-07-28T04:10:06.112Z] [lib/validate-data.js] Found 282 Treasury funding data points
[2025-07-28T04:10:06.112Z] [lib/validate-data.js] Treasury funding data validation passed ✓
[2025-07-28T04:10:06.112Z] [lib/validate-data.js] All data validation passed ✓
[2025-07-28T04:10:06.115Z] lib/validate-data.js completed successfully
[2025-07-28T04:10:06.115Z] Dashboard update process completed successfully
