[2026-01-17T03:58:13.731Z] Starting Liquidity Dashboard update process
[2026-01-17T03:58:13.732Z] Running lib/data-backup.js...
[2026-01-17T03:58:13.761Z] [lib/data-backup.js] ERROR: node:internal/modules/cjs/loader:1031
  throw err;
  ^

Error: Cannot find module '/home/runner/work/liquiditydashboard/liquiditydashboard/web/lib/data-backup.js'
    at Function.Module._resolveFilename (node:internal/modules/cjs/loader:1028:15)
    at Function.Module._load (node:internal/modules/cjs/loader:873:27)
    at Function.executeUserEntryPoint [as runMain] (node:internal/modules/run_main:81:12)
    at node:internal/main/run_main_module:22:47 {
  code: 'MODULE_NOT_FOUND',
  requireStack: []
}
[2026-01-17T03:58:13.764Z] lib/data-backup.js failed with exit code 1
[2026-01-17T03:58:13.764Z] Running lib/data-backup.js clean...
[2026-01-17T03:58:13.792Z] [lib/data-backup.js clean] ERROR: node:internal/modules/cjs/loader:1031
  throw err;
  ^

Error: Cannot find module '/home/runner/work/liquiditydashboard/liquiditydashboard/web/lib/data-backup.js'
    at Function.Module._resolveFilename (node:internal/modules/cjs/loader:1028:15)
    at Function.Module._load (node:internal/modules/cjs/loader:873:27)
    at Function.executeUserEntryPoint [as runMain] (node:internal/modules/run_main:81:12)
    at node:internal/main/run_main_module:22:47 {
  code: 'MODULE_NOT_FOUND',
  requireStack: []
}
[2026-01-17T03:58:13.794Z] lib/data-backup.js clean failed with exit code 1
[2026-01-17T03:58:13.794Z] Running lib/import-historical-move-data.js...
[2026-01-17T03:58:13.821Z] [lib/import-historical-move-data.js] ERROR: node:internal/modules/cjs/loader:1031
  throw err;
  ^

Error: Cannot find module '/home/runner/work/liquiditydashboard/liquiditydashboard/web/lib/import-historical-move-data.js'
    at Function.Module._resolveFilename (node:internal/modules/cjs/loader:1028:15)
    at Function.Module._load (node:internal/modules/cjs/loader:873:27)
    at Function.executeUserEntryPoint [as runMain] (node:internal/modules/run_main:81:12)
    at node:internal/main/run_main_module:22:47 {
  code: 'MODULE_NOT_FOUND',
  requireStack: []
}
[2026-01-17T03:58:13.823Z] lib/import-historical-move-data.js failed with exit code 1
[2026-01-17T03:58:13.823Z] Running lib/fetch-move-data.js...
[2026-01-17T03:58:13.850Z] [lib/fetch-move-data.js] ERROR: node:internal/modules/cjs/loader:1031
  throw err;
  ^

Error: Cannot find module '/home/runner/work/liquiditydashboard/liquiditydashboard/web/lib/fetch-move-data.js'
    at Function.Module._resolveFilename (node:internal/modules/cjs/loader:1028:15)
    at Function.Module._load (node:internal/modules/cjs/loader:873:27)
    at Function.executeUserEntryPoint [as runMain] (node:internal/modules/run_main:81:12)
    at node:internal/main/run_main_module:22:47 {
  code: 'MODULE_NOT_FOUND',
  requireStack: []
}
[2026-01-17T03:58:13.852Z] lib/fetch-move-data.js failed with exit code 1
[2026-01-17T03:58:13.852Z] Running lib/fetch-srf-data.js...
[2026-01-17T03:58:13.881Z] [lib/fetch-srf-data.js] ERROR: node:internal/modules/cjs/loader:1031
  throw err;
  ^

Error: Cannot find module '/home/runner/work/liquiditydashboard/liquiditydashboard/web/lib/fetch-srf-data.js'
    at Function.Module._resolveFilename (node:internal/modules/cjs/loader:1028:15)
    at Function.Module._load (node:internal/modules/cjs/loader:873:27)
    at Function.executeUserEntryPoint [as runMain] (node:internal/modules/run_main:81:12)
    at node:internal/main/run_main_module:22:47 {
  code: 'MODULE_NOT_FOUND',
  requireStack: []
}
[2026-01-17T03:58:13.883Z] lib/fetch-srf-data.js failed with exit code 1
[2026-01-17T03:58:13.883Z] Running lib/fetch-bill-share-data.js...
[2026-01-17T03:58:13.918Z] [lib/fetch-bill-share-data.js] ERROR: node:internal/modules/cjs/loader:1031
  throw err;
  ^

Error: Cannot find module '/home/runner/work/liquiditydashboard/liquiditydashboard/web/lib/fetch-bill-share-data.js'
    at Function.Module._resolveFilename (node:internal/modules/cjs/loader:1028:15)
    at Function.Module._load (node:internal/modules/cjs/loader:873:27)
    at Function.executeUserEntryPoint [as runMain] (node:internal/modules/run_main:81:12)
    at node:internal/main/run_main_module:22:47 {
  code: 'MODULE_NOT_FOUND',
  requireStack: []
}
[2026-01-17T03:58:13.920Z] lib/fetch-bill-share-data.js failed with exit code 1
[2026-01-17T03:58:13.920Z] Running lib/cleanup-future-dates.js...
[2026-01-17T03:58:14.000Z] [lib/cleanup-future-dates.js] Starting data cleanup process...
[2026-01-17T03:58:14.130Z] [lib/cleanup-future-dates.js] Using WorldTimeAPI date: 2026-01-17T03:58:14.110518+00:00
[2026-01-17T03:58:14.130Z] [lib/cleanup-future-dates.js] Using reference date: 2026-1-17
[2026-01-17T03:58:14.130Z] [lib/cleanup-future-dates.js] Processing MOVE index data (/home/runner/work/liquiditydashboard/liquiditydashboard/web/public/series/move.json)...
[2026-01-17T03:58:14.130Z] [lib/cleanup-future-dates.js] Loaded 111 MOVE index data points
[2026-01-17T03:58:14.131Z] [lib/cleanup-future-dates.js] No future-dated entries found in MOVE index data
[2026-01-17T03:58:14.131Z] [lib/cleanup-future-dates.js] Processing SRF data (/home/runner/work/liquiditydashboard/liquiditydashboard/web/public/series/srf.json)...
[2026-01-17T03:58:14.131Z] [lib/cleanup-future-dates.js] Loaded 1017 SRF data points
[2026-01-17T03:58:14.132Z] [lib/cleanup-future-dates.js] No future-dated entries found in SRF data
[2026-01-17T03:58:14.133Z] [lib/cleanup-future-dates.js] Processing Treasury bill share data (/home/runner/work/liquiditydashboard/liquiditydashboard/web/public/series/bill-share.json)...
[2026-01-17T03:58:14.133Z] [lib/cleanup-future-dates.js] Loaded 282 Treasury bill share data points
[2026-01-17T03:58:14.133Z] [lib/cleanup-future-dates.js] No future-dated entries found in Treasury bill share data
[2026-01-17T03:58:14.133Z] [lib/cleanup-future-dates.js] Cleanup complete! Removed 0 future-dated entries in total.
Data cleanup completed with no changes needed
[2026-01-17T03:58:14.136Z] lib/cleanup-future-dates.js completed successfully
[2026-01-17T03:58:14.136Z] Running lib/validate-data.js...
[2026-01-17T03:58:14.209Z] [lib/validate-data.js] Running data validation...
[2026-01-17T03:58:14.210Z] [lib/validate-data.js] Validating MOVE index data...
[2026-01-17T03:58:14.210Z] [lib/validate-data.js] Found 111 MOVE data points
[2026-01-17T03:58:14.321Z] [lib/validate-data.js] Using WorldTimeAPI date: 2026-01-17T03:58:14.304550+00:00
[2026-01-17T03:58:14.321Z] [lib/validate-data.js] Using reference date: 2026-1-17
[2026-01-17T03:58:14.322Z] [lib/validate-data.js] MOVE index data validation passed ✓
[2026-01-17T03:58:14.322Z] [lib/validate-data.js] Validating SRF data...
[2026-01-17T03:58:14.322Z] [lib/validate-data.js] Found 1017 SRF data points
[2026-01-17T03:58:14.437Z] [lib/validate-data.js] Using WorldTimeAPI date: 2026-01-17T03:58:14.423951+00:00
[2026-01-17T03:58:14.439Z] [lib/validate-data.js] SRF data validation passed ✓
[2026-01-17T03:58:14.439Z] [lib/validate-data.js] Validating Treasury funding data...
[2026-01-17T03:58:14.439Z] [lib/validate-data.js] Found 282 Treasury funding data points
[2026-01-17T03:58:14.439Z] [lib/validate-data.js] Treasury funding data validation passed ✓
[2026-01-17T03:58:14.440Z] [lib/validate-data.js] All data validation passed ✓
[2026-01-17T03:58:14.442Z] lib/validate-data.js completed successfully
[2026-01-17T03:58:14.443Z] Dashboard update process completed successfully
