[2025-11-29T03:47:15.277Z] Starting Liquidity Dashboard update process
[2025-11-29T03:47:15.278Z] Running lib/data-backup.js...
[2025-11-29T03:47:15.309Z] [lib/data-backup.js] ERROR: node:internal/modules/cjs/loader:1031
  throw err;
  ^

Error: Cannot find module '/home/runner/work/liquiditydashboard/liquiditydashboard/web/lib/data-backup.js'
    at Function.Module._resolveFilename (node:internal/modules/cjs/loader:1028:15)
    at Function.Module._load (node:internal/modules/cjs/loader:873:27)
    at Function.executeUserEntryPoint [as runMain] (node:internal/modules/run_main:81:12)
    at node:internal/main/run_main_module:22:47 {
  code: 'MODULE_NOT_FOUND',
  requireStack: []
}
[2025-11-29T03:47:15.312Z] lib/data-backup.js failed with exit code 1
[2025-11-29T03:47:15.312Z] Running lib/data-backup.js clean...
[2025-11-29T03:47:15.340Z] [lib/data-backup.js clean] ERROR: node:internal/modules/cjs/loader:1031
  throw err;
  ^

Error: Cannot find module '/home/runner/work/liquiditydashboard/liquiditydashboard/web/lib/data-backup.js'
    at Function.Module._resolveFilename (node:internal/modules/cjs/loader:1028:15)
    at Function.Module._load (node:internal/modules/cjs/loader:873:27)
    at Function.executeUserEntryPoint [as runMain] (node:internal/modules/run_main:81:12)
    at node:internal/main/run_main_module:22:47 {
  code: 'MODULE_NOT_FOUND',
  requireStack: []
}
[2025-11-29T03:47:15.343Z] lib/data-backup.js clean failed with exit code 1
[2025-11-29T03:47:15.343Z] Running lib/import-historical-move-data.js...
[2025-11-29T03:47:15.373Z] [lib/import-historical-move-data.js] ERROR: node:internal/modules/cjs/loader:1031
  throw err;
  ^

Error: Cannot find module '/home/runner/work/liquiditydashboard/liquiditydashboard/web/lib/import-historical-move-data.js'
    at Function.Module._resolveFilename (node:internal/modules/cjs/loader:1028:15)
    at Function.Module._load (node:internal/modules/cjs/loader:873:27)
    at Function.executeUserEntryPoint [as runMain] (node:internal/modules/run_main:81:12)
    at node:internal/main/run_main_module:22:47 {
  code: 'MODULE_NOT_FOUND',
  requireStack: []
}
[2025-11-29T03:47:15.376Z] lib/import-historical-move-data.js failed with exit code 1
[2025-11-29T03:47:15.376Z] Running lib/fetch-move-data.js...
[2025-11-29T03:47:15.405Z] [lib/fetch-move-data.js] ERROR: node:internal/modules/cjs/loader:1031
  throw err;
  ^

Error: Cannot find module '/home/runner/work/liquiditydashboard/liquiditydashboard/web/lib/fetch-move-data.js'
    at Function.Module._resolveFilename (node:internal/modules/cjs/loader:1028:15)
    at Function.Module._load (node:internal/modules/cjs/loader:873:27)
    at Function.executeUserEntryPoint [as runMain] (node:internal/modules/run_main:81:12)
    at node:internal/main/run_main_module:22:47 {
  code: 'MODULE_NOT_FOUND',
  requireStack: []
}
[2025-11-29T03:47:15.408Z] lib/fetch-move-data.js failed with exit code 1
[2025-11-29T03:47:15.408Z] Running lib/fetch-srf-data.js...
[2025-11-29T03:47:15.438Z] [lib/fetch-srf-data.js] ERROR: node:internal/modules/cjs/loader:1031
  throw err;
  ^

Error: Cannot find module '/home/runner/work/liquiditydashboard/liquiditydashboard/web/lib/fetch-srf-data.js'
    at Function.Module._resolveFilename (node:internal/modules/cjs/loader:1028:15)
    at Function.Module._load (node:internal/modules/cjs/loader:873:27)
    at Function.executeUserEntryPoint [as runMain] (node:internal/modules/run_main:81:12)
    at node:internal/main/run_main_module:22:47 {
  code: 'MODULE_NOT_FOUND',
  requireStack: []
}
[2025-11-29T03:47:15.441Z] lib/fetch-srf-data.js failed with exit code 1
[2025-11-29T03:47:15.441Z] Running lib/fetch-bill-share-data.js...
[2025-11-29T03:47:15.471Z] [lib/fetch-bill-share-data.js] ERROR: node:internal/modules/cjs/loader:1031
  throw err;
  ^

Error: Cannot find module '/home/runner/work/liquiditydashboard/liquiditydashboard/web/lib/fetch-bill-share-data.js'
    at Function.Module._resolveFilename (node:internal/modules/cjs/loader:1028:15)
    at Function.Module._load (node:internal/modules/cjs/loader:873:27)
    at Function.executeUserEntryPoint [as runMain] (node:internal/modules/run_main:81:12)
    at node:internal/main/run_main_module:22:47 {
  code: 'MODULE_NOT_FOUND',
  requireStack: []
}
[2025-11-29T03:47:15.473Z] lib/fetch-bill-share-data.js failed with exit code 1
[2025-11-29T03:47:15.474Z] Running lib/cleanup-future-dates.js...
[2025-11-29T03:47:15.564Z] [lib/cleanup-future-dates.js] Starting data cleanup process...
[2025-11-29T03:47:15.817Z] [lib/cleanup-future-dates.js] WorldTimeAPI failed, trying alternative source
[2025-11-29T03:47:16.191Z] [lib/cleanup-future-dates.js] Using TimeAPI date: 2025-11-29T03:47:16.1431324
[2025-11-29T03:47:16.191Z] [lib/cleanup-future-dates.js] Using reference date: 2025-11-29

Processing MOVE index data (/home/runner/work/liquiditydashboard/liquiditydashboard/web/public/series/move.json)...
[2025-11-29T03:47:16.192Z] [lib/cleanup-future-dates.js] Loaded 111 MOVE index data points
[2025-11-29T03:47:16.192Z] [lib/cleanup-future-dates.js] No future-dated entries found in MOVE index data
[2025-11-29T03:47:16.193Z] [lib/cleanup-future-dates.js] Processing SRF data (/home/runner/work/liquiditydashboard/liquiditydashboard/web/public/series/srf.json)...
[2025-11-29T03:47:16.193Z] [lib/cleanup-future-dates.js] Loaded 1017 SRF data points
[2025-11-29T03:47:16.194Z] [lib/cleanup-future-dates.js] No future-dated entries found in SRF data
[2025-11-29T03:47:16.194Z] [lib/cleanup-future-dates.js] Processing Treasury bill share data (/home/runner/work/liquiditydashboard/liquiditydashboard/web/public/series/bill-share.json)...
[2025-11-29T03:47:16.195Z] [lib/cleanup-future-dates.js] Loaded 282 Treasury bill share data points
[2025-11-29T03:47:16.195Z] [lib/cleanup-future-dates.js] No future-dated entries found in Treasury bill share data
[2025-11-29T03:47:16.195Z] [lib/cleanup-future-dates.js] Cleanup complete! Removed 0 future-dated entries in total.
[2025-11-29T03:47:16.195Z] [lib/cleanup-future-dates.js] Data cleanup completed with no changes needed
[2025-11-29T03:47:16.199Z] lib/cleanup-future-dates.js completed successfully
[2025-11-29T03:47:16.199Z] Running lib/validate-data.js...
[2025-11-29T03:47:16.277Z] [lib/validate-data.js] Running data validation...
[2025-11-29T03:47:16.277Z] [lib/validate-data.js] Validating MOVE index data...
[2025-11-29T03:47:16.278Z] [lib/validate-data.js] Found 111 MOVE data points
[2025-11-29T03:47:16.678Z] [lib/validate-data.js] Using WorldTimeAPI date: 2025-11-29T03:47:16.662742+00:00
[2025-11-29T03:47:16.678Z] [lib/validate-data.js] Using reference date: 2025-11-29
[2025-11-29T03:47:16.679Z] [lib/validate-data.js] MOVE index data validation passed ✓
[2025-11-29T03:47:16.679Z] [lib/validate-data.js] Validating SRF data...
[2025-11-29T03:47:16.679Z] [lib/validate-data.js] Found 1017 SRF data points
[2025-11-29T03:47:16.733Z] [lib/validate-data.js] WorldTimeAPI failed, trying alternative source
[2025-11-29T03:47:17.163Z] [lib/validate-data.js] Using TimeAPI date: 2025-11-29T03:47:17.112659
[2025-11-29T03:47:17.165Z] [lib/validate-data.js] SRF data validation passed ✓
[2025-11-29T03:47:17.165Z] [lib/validate-data.js] Validating Treasury funding data...
[2025-11-29T03:47:17.165Z] [lib/validate-data.js] Found 282 Treasury funding data points
[2025-11-29T03:47:17.166Z] [lib/validate-data.js] Treasury funding data validation passed ✓
[2025-11-29T03:47:17.166Z] [lib/validate-data.js] All data validation passed ✓
[2025-11-29T03:47:17.169Z] lib/validate-data.js completed successfully
[2025-11-29T03:47:17.169Z] Dashboard update process completed successfully
