[2026-05-05T05:48:01.258Z] Starting Liquidity Dashboard update process
[2026-05-05T05:48:01.259Z] Running lib/data-backup.js...
[2026-05-05T05:48:01.288Z] [lib/data-backup.js] ERROR: node:internal/modules/cjs/loader:1031
  throw err;
  ^

Error: Cannot find module '/home/runner/work/liquiditydashboard/liquiditydashboard/web/lib/data-backup.js'
    at Function.Module._resolveFilename (node:internal/modules/cjs/loader:1028:15)
    at Function.Module._load (node:internal/modules/cjs/loader:873:27)
    at Function.executeUserEntryPoint [as runMain] (node:internal/modules/run_main:81:12)
    at node:internal/main/run_main_module:22:47 {
  code: 'MODULE_NOT_FOUND',
  requireStack: []
}
[2026-05-05T05:48:01.290Z] lib/data-backup.js failed with exit code 1
[2026-05-05T05:48:01.291Z] Running lib/data-backup.js clean...
[2026-05-05T05:48:01.318Z] [lib/data-backup.js clean] ERROR: node:internal/modules/cjs/loader:1031
  throw err;
  ^

Error: Cannot find module '/home/runner/work/liquiditydashboard/liquiditydashboard/web/lib/data-backup.js'
    at Function.Module._resolveFilename (node:internal/modules/cjs/loader:1028:15)
    at Function.Module._load (node:internal/modules/cjs/loader:873:27)
    at Function.executeUserEntryPoint [as runMain] (node:internal/modules/run_main:81:12)
    at node:internal/main/run_main_module:22:47 {
  code: 'MODULE_NOT_FOUND',
  requireStack: []
}
[2026-05-05T05:48:01.320Z] lib/data-backup.js clean failed with exit code 1
[2026-05-05T05:48:01.320Z] Running lib/import-historical-move-data.js...
[2026-05-05T05:48:01.348Z] [lib/import-historical-move-data.js] ERROR: node:internal/modules/cjs/loader:1031
  throw err;
  ^

Error: Cannot find module '/home/runner/work/liquiditydashboard/liquiditydashboard/web/lib/import-historical-move-data.js'
    at Function.Module._resolveFilename (node:internal/modules/cjs/loader:1028:15)
    at Function.Module._load (node:internal/modules/cjs/loader:873:27)
    at Function.executeUserEntryPoint [as runMain] (node:internal/modules/run_main:81:12)
    at node:internal/main/run_main_module:22:47 {
  code: 'MODULE_NOT_FOUND',
  requireStack: []
}
[2026-05-05T05:48:01.349Z] lib/import-historical-move-data.js failed with exit code 1
[2026-05-05T05:48:01.350Z] Running lib/fetch-move-data.js...
[2026-05-05T05:48:01.377Z] [lib/fetch-move-data.js] ERROR: node:internal/modules/cjs/loader:1031
  throw err;
  ^

Error: Cannot find module '/home/runner/work/liquiditydashboard/liquiditydashboard/web/lib/fetch-move-data.js'
    at Function.Module._resolveFilename (node:internal/modules/cjs/loader:1028:15)
    at Function.Module._load (node:internal/modules/cjs/loader:873:27)
    at Function.executeUserEntryPoint [as runMain] (node:internal/modules/run_main:81:12)
    at node:internal/main/run_main_module:22:47 {
  code: 'MODULE_NOT_FOUND',
  requireStack: []
}
[2026-05-05T05:48:01.379Z] lib/fetch-move-data.js failed with exit code 1
[2026-05-05T05:48:01.379Z] Running lib/fetch-srf-data.js...
[2026-05-05T05:48:01.407Z] [lib/fetch-srf-data.js] ERROR: node:internal/modules/cjs/loader:1031
  throw err;
  ^

Error: Cannot find module '/home/runner/work/liquiditydashboard/liquiditydashboard/web/lib/fetch-srf-data.js'
    at Function.Module._resolveFilename (node:internal/modules/cjs/loader:1028:15)
    at Function.Module._load (node:internal/modules/cjs/loader:873:27)
    at Function.executeUserEntryPoint [as runMain] (node:internal/modules/run_main:81:12)
    at node:internal/main/run_main_module:22:47 {
  code: 'MODULE_NOT_FOUND',
  requireStack: []
}
[2026-05-05T05:48:01.408Z] lib/fetch-srf-data.js failed with exit code 1
[2026-05-05T05:48:01.408Z] Running lib/fetch-bill-share-data.js...
[2026-05-05T05:48:01.436Z] [lib/fetch-bill-share-data.js] ERROR: node:internal/modules/cjs/loader:1031
  throw err;
  ^

Error: Cannot find module '/home/runner/work/liquiditydashboard/liquiditydashboard/web/lib/fetch-bill-share-data.js'
    at Function.Module._resolveFilename (node:internal/modules/cjs/loader:1028:15)
    at Function.Module._load (node:internal/modules/cjs/loader:873:27)
    at Function.executeUserEntryPoint [as runMain] (node:internal/modules/run_main:81:12)
    at node:internal/main/run_main_module:22:47 {
  code: 'MODULE_NOT_FOUND',
  requireStack: []
}
[2026-05-05T05:48:01.437Z] lib/fetch-bill-share-data.js failed with exit code 1
[2026-05-05T05:48:01.438Z] Running lib/cleanup-future-dates.js...
[2026-05-05T05:48:01.513Z] [lib/cleanup-future-dates.js] Starting data cleanup process...
[2026-05-05T05:48:01.803Z] [lib/cleanup-future-dates.js] WorldTimeAPI failed, trying alternative source
[2026-05-05T05:48:02.317Z] [lib/cleanup-future-dates.js] Using TimeAPI date: 2026-05-05T05:48:01.9745303
[2026-05-05T05:48:02.317Z] [lib/cleanup-future-dates.js] Using reference date: 2026-5-5
[2026-05-05T05:48:02.317Z] [lib/cleanup-future-dates.js] Processing MOVE index data (/home/runner/work/liquiditydashboard/liquiditydashboard/web/public/series/move.json)...
[2026-05-05T05:48:02.317Z] [lib/cleanup-future-dates.js] Loaded 111 MOVE index data points
[2026-05-05T05:48:02.318Z] [lib/cleanup-future-dates.js] No future-dated entries found in MOVE index data
[2026-05-05T05:48:02.318Z] [lib/cleanup-future-dates.js] Processing SRF data (/home/runner/work/liquiditydashboard/liquiditydashboard/web/public/series/srf.json)...
[2026-05-05T05:48:02.318Z] [lib/cleanup-future-dates.js] Loaded 1017 SRF data points
[2026-05-05T05:48:02.320Z] [lib/cleanup-future-dates.js] No future-dated entries found in SRF data
[2026-05-05T05:48:02.320Z] [lib/cleanup-future-dates.js] Processing Treasury bill share data (/home/runner/work/liquiditydashboard/liquiditydashboard/web/public/series/bill-share.json)...
[2026-05-05T05:48:02.320Z] [lib/cleanup-future-dates.js] Loaded 282 Treasury bill share data points
[2026-05-05T05:48:02.321Z] [lib/cleanup-future-dates.js] No future-dated entries found in Treasury bill share data
[2026-05-05T05:48:02.321Z] [lib/cleanup-future-dates.js] Cleanup complete! Removed 0 future-dated entries in total.
Data cleanup completed with no changes needed
[2026-05-05T05:48:02.324Z] lib/cleanup-future-dates.js completed successfully
[2026-05-05T05:48:02.324Z] Running lib/validate-data.js...
[2026-05-05T05:48:02.399Z] [lib/validate-data.js] Running data validation...
[2026-05-05T05:48:02.399Z] [lib/validate-data.js] Validating MOVE index data...
[2026-05-05T05:48:02.400Z] [lib/validate-data.js] Found 111 MOVE data points
[2026-05-05T05:48:02.508Z] [lib/validate-data.js] WorldTimeAPI failed, trying alternative source
[2026-05-05T05:48:02.999Z] [lib/validate-data.js] Using TimeAPI date: 2026-05-05T05:48:02.6544814
[2026-05-05T05:48:02.999Z] [lib/validate-data.js] Using reference date: 2026-5-5
[2026-05-05T05:48:03.000Z] [lib/validate-data.js] MOVE index data validation passed ✓
[2026-05-05T05:48:03.000Z] [lib/validate-data.js] Validating SRF data...
[2026-05-05T05:48:03.000Z] [lib/validate-data.js] Found 1017 SRF data points
[2026-05-05T05:48:03.024Z] [lib/validate-data.js] WorldTimeAPI failed, trying alternative source
[2026-05-05T05:48:03.393Z] [lib/validate-data.js] Using TimeAPI date: 2026-05-05T05:48:03.0561479
[2026-05-05T05:48:03.395Z] [lib/validate-data.js] SRF data validation passed ✓
[2026-05-05T05:48:03.395Z] [lib/validate-data.js] Validating Treasury funding data...
[2026-05-05T05:48:03.396Z] [lib/validate-data.js] Found 282 Treasury funding data points
[2026-05-05T05:48:03.396Z] [lib/validate-data.js] Treasury funding data validation passed ✓
[2026-05-05T05:48:03.396Z] [lib/validate-data.js] All data validation passed ✓
[2026-05-05T05:48:03.399Z] lib/validate-data.js completed successfully
[2026-05-05T05:48:03.399Z] Dashboard update process completed successfully
