[2025-10-31T03:46:20.210Z] Starting Liquidity Dashboard update process
[2025-10-31T03:46:20.212Z] Running lib/data-backup.js...
[2025-10-31T03:46:20.241Z] [lib/data-backup.js] ERROR: node:internal/modules/cjs/loader:1031
  throw err;
  ^

Error: Cannot find module '/home/runner/work/liquiditydashboard/liquiditydashboard/web/lib/data-backup.js'
    at Function.Module._resolveFilename (node:internal/modules/cjs/loader:1028:15)
    at Function.Module._load (node:internal/modules/cjs/loader:873:27)
    at Function.executeUserEntryPoint [as runMain] (node:internal/modules/run_main:81:12)
    at node:internal/main/run_main_module:22:47 {
  code: 'MODULE_NOT_FOUND',
  requireStack: []
}
[2025-10-31T03:46:20.243Z] lib/data-backup.js failed with exit code 1
[2025-10-31T03:46:20.243Z] Running lib/data-backup.js clean...
[2025-10-31T03:46:20.271Z] [lib/data-backup.js clean] ERROR: node:internal/modules/cjs/loader:1031
  throw err;
  ^

Error: Cannot find module '/home/runner/work/liquiditydashboard/liquiditydashboard/web/lib/data-backup.js'
    at Function.Module._resolveFilename (node:internal/modules/cjs/loader:1028:15)
    at Function.Module._load (node:internal/modules/cjs/loader:873:27)
    at Function.executeUserEntryPoint [as runMain] (node:internal/modules/run_main:81:12)
    at node:internal/main/run_main_module:22:47 {
  code: 'MODULE_NOT_FOUND',
  requireStack: []
}
[2025-10-31T03:46:20.273Z] lib/data-backup.js clean failed with exit code 1
[2025-10-31T03:46:20.273Z] Running lib/import-historical-move-data.js...
[2025-10-31T03:46:20.302Z] [lib/import-historical-move-data.js] ERROR: node:internal/modules/cjs/loader:1031
  throw err;
  ^

Error: Cannot find module '/home/runner/work/liquiditydashboard/liquiditydashboard/web/lib/import-historical-move-data.js'
    at Function.Module._resolveFilename (node:internal/modules/cjs/loader:1028:15)
    at Function.Module._load (node:internal/modules/cjs/loader:873:27)
    at Function.executeUserEntryPoint [as runMain] (node:internal/modules/run_main:81:12)
    at node:internal/main/run_main_module:22:47 {
  code: 'MODULE_NOT_FOUND',
  requireStack: []
}
[2025-10-31T03:46:20.304Z] lib/import-historical-move-data.js failed with exit code 1
[2025-10-31T03:46:20.304Z] Running lib/fetch-move-data.js...
[2025-10-31T03:46:20.332Z] [lib/fetch-move-data.js] ERROR: node:internal/modules/cjs/loader:1031
  throw err;
  ^

Error: Cannot find module '/home/runner/work/liquiditydashboard/liquiditydashboard/web/lib/fetch-move-data.js'
    at Function.Module._resolveFilename (node:internal/modules/cjs/loader:1028:15)
    at Function.Module._load (node:internal/modules/cjs/loader:873:27)
    at Function.executeUserEntryPoint [as runMain] (node:internal/modules/run_main:81:12)
    at node:internal/main/run_main_module:22:47 {
  code: 'MODULE_NOT_FOUND',
  requireStack: []
}
[2025-10-31T03:46:20.334Z] lib/fetch-move-data.js failed with exit code 1
[2025-10-31T03:46:20.334Z] Running lib/fetch-srf-data.js...
[2025-10-31T03:46:20.364Z] [lib/fetch-srf-data.js] ERROR: node:internal/modules/cjs/loader:1031
  throw err;
  ^

Error: Cannot find module '/home/runner/work/liquiditydashboard/liquiditydashboard/web/lib/fetch-srf-data.js'
    at Function.Module._resolveFilename (node:internal/modules/cjs/loader:1028:15)
    at Function.Module._load (node:internal/modules/cjs/loader:873:27)
    at Function.executeUserEntryPoint [as runMain] (node:internal/modules/run_main:81:12)
    at node:internal/main/run_main_module:22:47 {
  code: 'MODULE_NOT_FOUND',
  requireStack: []
}
[2025-10-31T03:46:20.367Z] lib/fetch-srf-data.js failed with exit code 1
[2025-10-31T03:46:20.367Z] Running lib/fetch-bill-share-data.js...
[2025-10-31T03:46:20.396Z] [lib/fetch-bill-share-data.js] ERROR: node:internal/modules/cjs/loader:1031
  throw err;
  ^

Error: Cannot find module '/home/runner/work/liquiditydashboard/liquiditydashboard/web/lib/fetch-bill-share-data.js'
    at Function.Module._resolveFilename (node:internal/modules/cjs/loader:1028:15)
    at Function.Module._load (node:internal/modules/cjs/loader:873:27)
    at Function.executeUserEntryPoint [as runMain] (node:internal/modules/run_main:81:12)
    at node:internal/main/run_main_module:22:47 {
  code: 'MODULE_NOT_FOUND',
  requireStack: []
}
[2025-10-31T03:46:20.399Z] lib/fetch-bill-share-data.js failed with exit code 1
[2025-10-31T03:46:20.399Z] Running lib/cleanup-future-dates.js...
[2025-10-31T03:46:20.478Z] [lib/cleanup-future-dates.js] Starting data cleanup process...
[2025-10-31T03:46:20.607Z] [lib/cleanup-future-dates.js] WorldTimeAPI failed, trying alternative source
[2025-10-31T03:46:21.034Z] [lib/cleanup-future-dates.js] Using TimeAPI date: 2025-10-31T03:46:20.9875953
[2025-10-31T03:46:21.034Z] [lib/cleanup-future-dates.js] Using reference date: 2025-10-31
[2025-10-31T03:46:21.034Z] [lib/cleanup-future-dates.js] Processing MOVE index data (/home/runner/work/liquiditydashboard/liquiditydashboard/web/public/series/move.json)...
[2025-10-31T03:46:21.035Z] [lib/cleanup-future-dates.js] Loaded 111 MOVE index data points
[2025-10-31T03:46:21.035Z] [lib/cleanup-future-dates.js] No future-dated entries found in MOVE index data
[2025-10-31T03:46:21.035Z] [lib/cleanup-future-dates.js] Processing SRF data (/home/runner/work/liquiditydashboard/liquiditydashboard/web/public/series/srf.json)...
[2025-10-31T03:46:21.036Z] [lib/cleanup-future-dates.js] Loaded 1017 SRF data points
[2025-10-31T03:46:21.037Z] [lib/cleanup-future-dates.js] No future-dated entries found in SRF data
[2025-10-31T03:46:21.037Z] [lib/cleanup-future-dates.js] Processing Treasury bill share data (/home/runner/work/liquiditydashboard/liquiditydashboard/web/public/series/bill-share.json)...
[2025-10-31T03:46:21.037Z] [lib/cleanup-future-dates.js] Loaded 282 Treasury bill share data points
[2025-10-31T03:46:21.038Z] [lib/cleanup-future-dates.js] No future-dated entries found in Treasury bill share data
[2025-10-31T03:46:21.038Z] [lib/cleanup-future-dates.js] Cleanup complete! Removed 0 future-dated entries in total.
[2025-10-31T03:46:21.038Z] [lib/cleanup-future-dates.js] Data cleanup completed with no changes needed
[2025-10-31T03:46:21.041Z] lib/cleanup-future-dates.js completed successfully
[2025-10-31T03:46:21.041Z] Running lib/validate-data.js...
[2025-10-31T03:46:21.116Z] [lib/validate-data.js] Running data validation...
[2025-10-31T03:46:21.117Z] [lib/validate-data.js] Validating MOVE index data...
[2025-10-31T03:46:21.117Z] [lib/validate-data.js] Found 111 MOVE data points
[2025-10-31T03:46:21.233Z] [lib/validate-data.js] Using WorldTimeAPI date: 2025-10-31T03:46:21.220818+00:00
[2025-10-31T03:46:21.233Z] [lib/validate-data.js] Using reference date: 2025-10-31
[2025-10-31T03:46:21.234Z] [lib/validate-data.js] MOVE index data validation passed ✓
[2025-10-31T03:46:21.234Z] [lib/validate-data.js] Validating SRF data...
[2025-10-31T03:46:21.235Z] [lib/validate-data.js] Found 1017 SRF data points
[2025-10-31T03:46:21.331Z] [lib/validate-data.js] WorldTimeAPI failed, trying alternative source
[2025-10-31T03:46:22.191Z] [lib/validate-data.js] Using TimeAPI date: 2025-10-31T03:46:22.1446403
[2025-10-31T03:46:22.193Z] [lib/validate-data.js] SRF data validation passed ✓
[2025-10-31T03:46:22.193Z] [lib/validate-data.js] Validating Treasury funding data...
[2025-10-31T03:46:22.194Z] [lib/validate-data.js] Found 282 Treasury funding data points
[2025-10-31T03:46:22.194Z] [lib/validate-data.js] Treasury funding data validation passed ✓
[2025-10-31T03:46:22.194Z] [lib/validate-data.js] All data validation passed ✓
[2025-10-31T03:46:22.197Z] lib/validate-data.js completed successfully
[2025-10-31T03:46:22.197Z] Dashboard update process completed successfully
