[2026-02-07T04:43:26.501Z] Starting Liquidity Dashboard update process
[2026-02-07T04:43:26.502Z] Running lib/data-backup.js...
[2026-02-07T04:43:26.531Z] [lib/data-backup.js] ERROR: node:internal/modules/cjs/loader:1031
  throw err;
  ^

Error: Cannot find module '/home/runner/work/liquiditydashboard/liquiditydashboard/web/lib/data-backup.js'
    at Function.Module._resolveFilename (node:internal/modules/cjs/loader:1028:15)
    at Function.Module._load (node:internal/modules/cjs/loader:873:27)
    at Function.executeUserEntryPoint [as runMain] (node:internal/modules/run_main:81:12)
    at node:internal/main/run_main_module:22:47 {
  code: 'MODULE_NOT_FOUND',
  requireStack: []
}
[2026-02-07T04:43:26.533Z] lib/data-backup.js failed with exit code 1
[2026-02-07T04:43:26.534Z] Running lib/data-backup.js clean...
[2026-02-07T04:43:26.561Z] [lib/data-backup.js clean] ERROR: node:internal/modules/cjs/loader:1031
  throw err;
  ^

Error: Cannot find module '/home/runner/work/liquiditydashboard/liquiditydashboard/web/lib/data-backup.js'
    at Function.Module._resolveFilename (node:internal/modules/cjs/loader:1028:15)
    at Function.Module._load (node:internal/modules/cjs/loader:873:27)
    at Function.executeUserEntryPoint [as runMain] (node:internal/modules/run_main:81:12)
    at node:internal/main/run_main_module:22:47 {
  code: 'MODULE_NOT_FOUND',
  requireStack: []
}
[2026-02-07T04:43:26.562Z] lib/data-backup.js clean failed with exit code 1
[2026-02-07T04:43:26.563Z] Running lib/import-historical-move-data.js...
[2026-02-07T04:43:26.590Z] [lib/import-historical-move-data.js] ERROR: node:internal/modules/cjs/loader:1031
  throw err;
  ^

Error: Cannot find module '/home/runner/work/liquiditydashboard/liquiditydashboard/web/lib/import-historical-move-data.js'
    at Function.Module._resolveFilename (node:internal/modules/cjs/loader:1028:15)
    at Function.Module._load (node:internal/modules/cjs/loader:873:27)
    at Function.executeUserEntryPoint [as runMain] (node:internal/modules/run_main:81:12)
    at node:internal/main/run_main_module:22:47 {
  code: 'MODULE_NOT_FOUND',
  requireStack: []
}
[2026-02-07T04:43:26.592Z] lib/import-historical-move-data.js failed with exit code 1
[2026-02-07T04:43:26.592Z] Running lib/fetch-move-data.js...
[2026-02-07T04:43:26.619Z] [lib/fetch-move-data.js] ERROR: node:internal/modules/cjs/loader:1031
  throw err;
  ^

Error: Cannot find module '/home/runner/work/liquiditydashboard/liquiditydashboard/web/lib/fetch-move-data.js'
    at Function.Module._resolveFilename (node:internal/modules/cjs/loader:1028:15)
    at Function.Module._load (node:internal/modules/cjs/loader:873:27)
    at Function.executeUserEntryPoint [as runMain] (node:internal/modules/run_main:81:12)
    at node:internal/main/run_main_module:22:47 {
  code: 'MODULE_NOT_FOUND',
  requireStack: []
}
[2026-02-07T04:43:26.620Z] lib/fetch-move-data.js failed with exit code 1
[2026-02-07T04:43:26.620Z] Running lib/fetch-srf-data.js...
[2026-02-07T04:43:26.647Z] [lib/fetch-srf-data.js] ERROR: node:internal/modules/cjs/loader:1031
  throw err;
  ^

Error: Cannot find module '/home/runner/work/liquiditydashboard/liquiditydashboard/web/lib/fetch-srf-data.js'
    at Function.Module._resolveFilename (node:internal/modules/cjs/loader:1028:15)
    at Function.Module._load (node:internal/modules/cjs/loader:873:27)
    at Function.executeUserEntryPoint [as runMain] (node:internal/modules/run_main:81:12)
    at node:internal/main/run_main_module:22:47 {
  code: 'MODULE_NOT_FOUND',
  requireStack: []
}
[2026-02-07T04:43:26.648Z] lib/fetch-srf-data.js failed with exit code 1
[2026-02-07T04:43:26.649Z] Running lib/fetch-bill-share-data.js...
[2026-02-07T04:43:26.675Z] [lib/fetch-bill-share-data.js] ERROR: node:internal/modules/cjs/loader:1031
  throw err;
  ^

Error: Cannot find module '/home/runner/work/liquiditydashboard/liquiditydashboard/web/lib/fetch-bill-share-data.js'
    at Function.Module._resolveFilename (node:internal/modules/cjs/loader:1028:15)
    at Function.Module._load (node:internal/modules/cjs/loader:873:27)
    at Function.executeUserEntryPoint [as runMain] (node:internal/modules/run_main:81:12)
    at node:internal/main/run_main_module:22:47 {
  code: 'MODULE_NOT_FOUND',
  requireStack: []
}
[2026-02-07T04:43:26.677Z] lib/fetch-bill-share-data.js failed with exit code 1
[2026-02-07T04:43:26.677Z] Running lib/cleanup-future-dates.js...
[2026-02-07T04:43:26.748Z] [lib/cleanup-future-dates.js] Starting data cleanup process...
[2026-02-07T04:43:27.060Z] [lib/cleanup-future-dates.js] WorldTimeAPI failed, trying alternative source
[2026-02-07T04:43:27.406Z] [lib/cleanup-future-dates.js] TimeAPI failed, falling back to config date
[2026-02-07T04:43:27.406Z] [lib/cleanup-future-dates.js] Using reference date: 2025-5-18
[2026-02-07T04:43:27.406Z] [lib/cleanup-future-dates.js] Processing MOVE index data (/home/runner/work/liquiditydashboard/liquiditydashboard/web/public/series/move.json)...
[2026-02-07T04:43:27.407Z] [lib/cleanup-future-dates.js] Loaded 111 MOVE index data points
[2026-02-07T04:43:27.407Z] [lib/cleanup-future-dates.js] No future-dated entries found in MOVE index data
[2026-02-07T04:43:27.407Z] [lib/cleanup-future-dates.js] Processing SRF data (/home/runner/work/liquiditydashboard/liquiditydashboard/web/public/series/srf.json)...
[2026-02-07T04:43:27.407Z] [lib/cleanup-future-dates.js] Loaded 1017 SRF data points
[2026-02-07T04:43:27.409Z] [lib/cleanup-future-dates.js] No future-dated entries found in SRF data
[2026-02-07T04:43:27.409Z] [lib/cleanup-future-dates.js] Processing Treasury bill share data (/home/runner/work/liquiditydashboard/liquiditydashboard/web/public/series/bill-share.json)...
[2026-02-07T04:43:27.409Z] [lib/cleanup-future-dates.js] Loaded 282 Treasury bill share data points
[2026-02-07T04:43:27.409Z] [lib/cleanup-future-dates.js] No future-dated entries found in Treasury bill share data
[2026-02-07T04:43:27.409Z] [lib/cleanup-future-dates.js] Cleanup complete! Removed 0 future-dated entries in total.
Data cleanup completed with no changes needed
[2026-02-07T04:43:27.412Z] lib/cleanup-future-dates.js completed successfully
[2026-02-07T04:43:27.412Z] Running lib/validate-data.js...
[2026-02-07T04:43:27.482Z] [lib/validate-data.js] Running data validation...
[2026-02-07T04:43:27.483Z] [lib/validate-data.js] Validating MOVE index data...
[2026-02-07T04:43:27.483Z] [lib/validate-data.js] Found 111 MOVE data points
[2026-02-07T04:43:27.581Z] [lib/validate-data.js] WorldTimeAPI failed, trying alternative source
[2026-02-07T04:43:28.279Z] [lib/validate-data.js] Using TimeAPI date: 2026-02-07T04:43:28.7725022
[2026-02-07T04:43:28.279Z] [lib/validate-data.js] Using reference date: 2026-2-7
[2026-02-07T04:43:28.280Z] [lib/validate-data.js] MOVE index data validation passed ✓
[2026-02-07T04:43:28.280Z] [lib/validate-data.js] Validating SRF data...
[2026-02-07T04:43:28.281Z] [lib/validate-data.js] Found 1017 SRF data points
[2026-02-07T04:43:28.353Z] [lib/validate-data.js] WorldTimeAPI failed, trying alternative source
[2026-02-07T04:43:29.036Z] [lib/validate-data.js] Using TimeAPI date: 2026-02-07T04:43:29.5333893
[2026-02-07T04:43:29.038Z] [lib/validate-data.js] SRF data validation passed ✓
[2026-02-07T04:43:29.038Z] [lib/validate-data.js] Validating Treasury funding data...
[2026-02-07T04:43:29.038Z] [lib/validate-data.js] Found 282 Treasury funding data points
[2026-02-07T04:43:29.038Z] [lib/validate-data.js] Treasury funding data validation passed ✓
[2026-02-07T04:43:29.039Z] [lib/validate-data.js] All data validation passed ✓
[2026-02-07T04:43:29.041Z] lib/validate-data.js completed successfully
[2026-02-07T04:43:29.041Z] Dashboard update process completed successfully
