[2025-11-18T03:47:40.814Z] Starting Liquidity Dashboard update process
[2025-11-18T03:47:40.815Z] Running lib/data-backup.js...
[2025-11-18T03:47:40.847Z] [lib/data-backup.js] ERROR: node:internal/modules/cjs/loader:1031
  throw err;
  ^

Error: Cannot find module '/home/runner/work/liquiditydashboard/liquiditydashboard/web/lib/data-backup.js'
    at Function.Module._resolveFilename (node:internal/modules/cjs/loader:1028:15)
    at Function.Module._load (node:internal/modules/cjs/loader:873:27)
    at Function.executeUserEntryPoint [as runMain] (node:internal/modules/run_main:81:12)
    at node:internal/main/run_main_module:22:47 {
  code: 'MODULE_NOT_FOUND',
  requireStack: []
}
[2025-11-18T03:47:40.850Z] lib/data-backup.js failed with exit code 1
[2025-11-18T03:47:40.850Z] Running lib/data-backup.js clean...
[2025-11-18T03:47:40.880Z] [lib/data-backup.js clean] ERROR: node:internal/modules/cjs/loader:1031
  throw err;
  ^

Error: Cannot find module '/home/runner/work/liquiditydashboard/liquiditydashboard/web/lib/data-backup.js'
    at Function.Module._resolveFilename (node:internal/modules/cjs/loader:1028:15)
    at Function.Module._load (node:internal/modules/cjs/loader:873:27)
    at Function.executeUserEntryPoint [as runMain] (node:internal/modules/run_main:81:12)
    at node:internal/main/run_main_module:22:47 {
  code: 'MODULE_NOT_FOUND',
  requireStack: []
}
[2025-11-18T03:47:40.882Z] lib/data-backup.js clean failed with exit code 1
[2025-11-18T03:47:40.882Z] Running lib/import-historical-move-data.js...
[2025-11-18T03:47:40.911Z] [lib/import-historical-move-data.js] ERROR: node:internal/modules/cjs/loader:1031
  throw err;
  ^

Error: Cannot find module '/home/runner/work/liquiditydashboard/liquiditydashboard/web/lib/import-historical-move-data.js'
    at Function.Module._resolveFilename (node:internal/modules/cjs/loader:1028:15)
    at Function.Module._load (node:internal/modules/cjs/loader:873:27)
    at Function.executeUserEntryPoint [as runMain] (node:internal/modules/run_main:81:12)
    at node:internal/main/run_main_module:22:47 {
  code: 'MODULE_NOT_FOUND',
  requireStack: []
}
[2025-11-18T03:47:40.914Z] lib/import-historical-move-data.js failed with exit code 1
[2025-11-18T03:47:40.914Z] Running lib/fetch-move-data.js...
[2025-11-18T03:47:40.942Z] [lib/fetch-move-data.js] ERROR: node:internal/modules/cjs/loader:1031
  throw err;
  ^

Error: Cannot find module '/home/runner/work/liquiditydashboard/liquiditydashboard/web/lib/fetch-move-data.js'
    at Function.Module._resolveFilename (node:internal/modules/cjs/loader:1028:15)
    at Function.Module._load (node:internal/modules/cjs/loader:873:27)
    at Function.executeUserEntryPoint [as runMain] (node:internal/modules/run_main:81:12)
    at node:internal/main/run_main_module:22:47 {
  code: 'MODULE_NOT_FOUND',
  requireStack: []
}
[2025-11-18T03:47:40.944Z] lib/fetch-move-data.js failed with exit code 1
[2025-11-18T03:47:40.945Z] Running lib/fetch-srf-data.js...
[2025-11-18T03:47:40.974Z] [lib/fetch-srf-data.js] ERROR: node:internal/modules/cjs/loader:1031
  throw err;
  ^

Error: Cannot find module '/home/runner/work/liquiditydashboard/liquiditydashboard/web/lib/fetch-srf-data.js'
    at Function.Module._resolveFilename (node:internal/modules/cjs/loader:1028:15)
    at Function.Module._load (node:internal/modules/cjs/loader:873:27)
    at Function.executeUserEntryPoint [as runMain] (node:internal/modules/run_main:81:12)
    at node:internal/main/run_main_module:22:47 {
  code: 'MODULE_NOT_FOUND',
  requireStack: []
}
[2025-11-18T03:47:40.976Z] lib/fetch-srf-data.js failed with exit code 1
[2025-11-18T03:47:40.976Z] Running lib/fetch-bill-share-data.js...
[2025-11-18T03:47:41.007Z] [lib/fetch-bill-share-data.js] ERROR: node:internal/modules/cjs/loader:1031
  throw err;
  ^

Error: Cannot find module '/home/runner/work/liquiditydashboard/liquiditydashboard/web/lib/fetch-bill-share-data.js'
    at Function.Module._resolveFilename (node:internal/modules/cjs/loader:1028:15)
    at Function.Module._load (node:internal/modules/cjs/loader:873:27)
    at Function.executeUserEntryPoint [as runMain] (node:internal/modules/run_main:81:12)
    at node:internal/main/run_main_module:22:47 {
  code: 'MODULE_NOT_FOUND',
  requireStack: []
}
[2025-11-18T03:47:41.009Z] lib/fetch-bill-share-data.js failed with exit code 1
[2025-11-18T03:47:41.010Z] Running lib/cleanup-future-dates.js...
[2025-11-18T03:47:41.094Z] [lib/cleanup-future-dates.js] Starting data cleanup process...
[2025-11-18T03:47:41.128Z] [lib/cleanup-future-dates.js] WorldTimeAPI failed, trying alternative source
[2025-11-18T03:47:41.578Z] [lib/cleanup-future-dates.js] Using TimeAPI date: 2025-11-18T03:47:41.5255509
[2025-11-18T03:47:41.578Z] [lib/cleanup-future-dates.js] Using reference date: 2025-11-18
[2025-11-18T03:47:41.578Z] [lib/cleanup-future-dates.js] Processing MOVE index data (/home/runner/work/liquiditydashboard/liquiditydashboard/web/public/series/move.json)...
[2025-11-18T03:47:41.579Z] [lib/cleanup-future-dates.js] Loaded 111 MOVE index data points
[2025-11-18T03:47:41.579Z] [lib/cleanup-future-dates.js] No future-dated entries found in MOVE index data

Processing SRF data (/home/runner/work/liquiditydashboard/liquiditydashboard/web/public/series/srf.json)...
[2025-11-18T03:47:41.580Z] [lib/cleanup-future-dates.js] Loaded 1017 SRF data points
[2025-11-18T03:47:41.582Z] [lib/cleanup-future-dates.js] No future-dated entries found in SRF data
[2025-11-18T03:47:41.582Z] [lib/cleanup-future-dates.js] Processing Treasury bill share data (/home/runner/work/liquiditydashboard/liquiditydashboard/web/public/series/bill-share.json)...
[2025-11-18T03:47:41.582Z] [lib/cleanup-future-dates.js] Loaded 282 Treasury bill share data points
[2025-11-18T03:47:41.583Z] [lib/cleanup-future-dates.js] No future-dated entries found in Treasury bill share data
[2025-11-18T03:47:41.583Z] [lib/cleanup-future-dates.js] Cleanup complete! Removed 0 future-dated entries in total.
[2025-11-18T03:47:41.583Z] [lib/cleanup-future-dates.js] Data cleanup completed with no changes needed
[2025-11-18T03:47:41.586Z] lib/cleanup-future-dates.js completed successfully
[2025-11-18T03:47:41.586Z] Running lib/validate-data.js...
[2025-11-18T03:47:41.664Z] [lib/validate-data.js] Running data validation...
[2025-11-18T03:47:41.664Z] [lib/validate-data.js] Validating MOVE index data...
[2025-11-18T03:47:41.665Z] [lib/validate-data.js] Found 111 MOVE data points
[2025-11-18T03:47:41.962Z] [lib/validate-data.js] Using WorldTimeAPI date: 2025-11-18T03:47:41.947672+00:00
[2025-11-18T03:47:41.962Z] [lib/validate-data.js] Using reference date: 2025-11-18
[2025-11-18T03:47:41.963Z] [lib/validate-data.js] MOVE index data validation passed ✓
[2025-11-18T03:47:41.963Z] [lib/validate-data.js] Validating SRF data...
[2025-11-18T03:47:41.964Z] [lib/validate-data.js] Found 1017 SRF data points
[2025-11-18T03:47:42.075Z] [lib/validate-data.js] WorldTimeAPI failed, trying alternative source
[2025-11-18T03:47:42.626Z] [lib/validate-data.js] Using TimeAPI date: 2025-11-18T03:47:42.5806619
[2025-11-18T03:47:42.628Z] [lib/validate-data.js] SRF data validation passed ✓
[2025-11-18T03:47:42.628Z] [lib/validate-data.js] Validating Treasury funding data...
[2025-11-18T03:47:42.628Z] [lib/validate-data.js] Found 282 Treasury funding data points
[2025-11-18T03:47:42.628Z] [lib/validate-data.js] Treasury funding data validation passed ✓
[2025-11-18T03:47:42.629Z] [lib/validate-data.js] All data validation passed ✓
[2025-11-18T03:47:42.632Z] lib/validate-data.js completed successfully
[2025-11-18T03:47:42.632Z] Dashboard update process completed successfully
