[2026-04-06T05:30:43.419Z] Starting Liquidity Dashboard update process
[2026-04-06T05:30:43.421Z] Running lib/data-backup.js...
[2026-04-06T05:30:43.450Z] [lib/data-backup.js] ERROR: node:internal/modules/cjs/loader:1031
  throw err;
  ^

Error: Cannot find module '/home/runner/work/liquiditydashboard/liquiditydashboard/web/lib/data-backup.js'
    at Function.Module._resolveFilename (node:internal/modules/cjs/loader:1028:15)
    at Function.Module._load (node:internal/modules/cjs/loader:873:27)
    at Function.executeUserEntryPoint [as runMain] (node:internal/modules/run_main:81:12)
    at node:internal/main/run_main_module:22:47 {
  code: 'MODULE_NOT_FOUND',
  requireStack: []
}
[2026-04-06T05:30:43.452Z] lib/data-backup.js failed with exit code 1
[2026-04-06T05:30:43.452Z] Running lib/data-backup.js clean...
[2026-04-06T05:30:43.480Z] [lib/data-backup.js clean] ERROR: node:internal/modules/cjs/loader:1031
  throw err;
  ^

Error: Cannot find module '/home/runner/work/liquiditydashboard/liquiditydashboard/web/lib/data-backup.js'
    at Function.Module._resolveFilename (node:internal/modules/cjs/loader:1028:15)
    at Function.Module._load (node:internal/modules/cjs/loader:873:27)
    at Function.executeUserEntryPoint [as runMain] (node:internal/modules/run_main:81:12)
    at node:internal/main/run_main_module:22:47 {
  code: 'MODULE_NOT_FOUND',
  requireStack: []
}
[2026-04-06T05:30:43.482Z] lib/data-backup.js clean failed with exit code 1
[2026-04-06T05:30:43.482Z] Running lib/import-historical-move-data.js...
[2026-04-06T05:30:43.509Z] [lib/import-historical-move-data.js] ERROR: node:internal/modules/cjs/loader:1031
  throw err;
  ^

Error: Cannot find module '/home/runner/work/liquiditydashboard/liquiditydashboard/web/lib/import-historical-move-data.js'
    at Function.Module._resolveFilename (node:internal/modules/cjs/loader:1028:15)
    at Function.Module._load (node:internal/modules/cjs/loader:873:27)
    at Function.executeUserEntryPoint [as runMain] (node:internal/modules/run_main:81:12)
    at node:internal/main/run_main_module:22:47 {
  code: 'MODULE_NOT_FOUND',
  requireStack: []
}
[2026-04-06T05:30:43.511Z] lib/import-historical-move-data.js failed with exit code 1
[2026-04-06T05:30:43.511Z] Running lib/fetch-move-data.js...
[2026-04-06T05:30:43.539Z] [lib/fetch-move-data.js] ERROR: node:internal/modules/cjs/loader:1031
  throw err;
  ^

Error: Cannot find module '/home/runner/work/liquiditydashboard/liquiditydashboard/web/lib/fetch-move-data.js'
    at Function.Module._resolveFilename (node:internal/modules/cjs/loader:1028:15)
    at Function.Module._load (node:internal/modules/cjs/loader:873:27)
    at Function.executeUserEntryPoint [as runMain] (node:internal/modules/run_main:81:12)
    at node:internal/main/run_main_module:22:47 {
  code: 'MODULE_NOT_FOUND',
  requireStack: []
}
[2026-04-06T05:30:43.541Z] lib/fetch-move-data.js failed with exit code 1
[2026-04-06T05:30:43.541Z] Running lib/fetch-srf-data.js...
[2026-04-06T05:30:43.569Z] [lib/fetch-srf-data.js] ERROR: node:internal/modules/cjs/loader:1031
  throw err;
  ^

Error: Cannot find module '/home/runner/work/liquiditydashboard/liquiditydashboard/web/lib/fetch-srf-data.js'
    at Function.Module._resolveFilename (node:internal/modules/cjs/loader:1028:15)
    at Function.Module._load (node:internal/modules/cjs/loader:873:27)
    at Function.executeUserEntryPoint [as runMain] (node:internal/modules/run_main:81:12)
    at node:internal/main/run_main_module:22:47 {
  code: 'MODULE_NOT_FOUND',
  requireStack: []
}
[2026-04-06T05:30:43.571Z] lib/fetch-srf-data.js failed with exit code 1
[2026-04-06T05:30:43.571Z] Running lib/fetch-bill-share-data.js...
[2026-04-06T05:30:43.598Z] [lib/fetch-bill-share-data.js] ERROR: node:internal/modules/cjs/loader:1031
  throw err;
  ^

Error: Cannot find module '/home/runner/work/liquiditydashboard/liquiditydashboard/web/lib/fetch-bill-share-data.js'
    at Function.Module._resolveFilename (node:internal/modules/cjs/loader:1028:15)
    at Function.Module._load (node:internal/modules/cjs/loader:873:27)
    at Function.executeUserEntryPoint [as runMain] (node:internal/modules/run_main:81:12)
    at node:internal/main/run_main_module:22:47 {
  code: 'MODULE_NOT_FOUND',
  requireStack: []
}
[2026-04-06T05:30:43.600Z] lib/fetch-bill-share-data.js failed with exit code 1
[2026-04-06T05:30:43.600Z] Running lib/cleanup-future-dates.js...
[2026-04-06T05:30:43.678Z] [lib/cleanup-future-dates.js] Starting data cleanup process...
[2026-04-06T05:30:43.947Z] [lib/cleanup-future-dates.js] WorldTimeAPI failed, trying alternative source
[2026-04-06T05:30:44.552Z] [lib/cleanup-future-dates.js] Using TimeAPI date: 2026-04-06T05:30:44.4170174
[2026-04-06T05:30:44.552Z] [lib/cleanup-future-dates.js] Using reference date: 2026-4-6

Processing MOVE index data (/home/runner/work/liquiditydashboard/liquiditydashboard/web/public/series/move.json)...
[2026-04-06T05:30:44.553Z] [lib/cleanup-future-dates.js] Loaded 111 MOVE index data points
[2026-04-06T05:30:44.553Z] [lib/cleanup-future-dates.js] No future-dated entries found in MOVE index data
[2026-04-06T05:30:44.553Z] [lib/cleanup-future-dates.js] Processing SRF data (/home/runner/work/liquiditydashboard/liquiditydashboard/web/public/series/srf.json)...
[2026-04-06T05:30:44.554Z] [lib/cleanup-future-dates.js] Loaded 1017 SRF data points
[2026-04-06T05:30:44.555Z] [lib/cleanup-future-dates.js] No future-dated entries found in SRF data
[2026-04-06T05:30:44.555Z] [lib/cleanup-future-dates.js] Processing Treasury bill share data (/home/runner/work/liquiditydashboard/liquiditydashboard/web/public/series/bill-share.json)...
[2026-04-06T05:30:44.555Z] [lib/cleanup-future-dates.js] Loaded 282 Treasury bill share data points
[2026-04-06T05:30:44.556Z] [lib/cleanup-future-dates.js] No future-dated entries found in Treasury bill share data
[2026-04-06T05:30:44.556Z] [lib/cleanup-future-dates.js] Cleanup complete! Removed 0 future-dated entries in total.
[2026-04-06T05:30:44.556Z] [lib/cleanup-future-dates.js] Data cleanup completed with no changes needed
[2026-04-06T05:30:44.559Z] lib/cleanup-future-dates.js completed successfully
[2026-04-06T05:30:44.559Z] Running lib/validate-data.js...
[2026-04-06T05:30:44.632Z] [lib/validate-data.js] Running data validation...
[2026-04-06T05:30:44.633Z] [lib/validate-data.js] Validating MOVE index data...
[2026-04-06T05:30:44.633Z] [lib/validate-data.js] Found 111 MOVE data points
[2026-04-06T05:30:44.674Z] [lib/validate-data.js] WorldTimeAPI failed, trying alternative source
[2026-04-06T05:30:45.109Z] [lib/validate-data.js] Using TimeAPI date: 2026-04-06T05:30:44.9762586
[2026-04-06T05:30:45.109Z] [lib/validate-data.js] Using reference date: 2026-4-6
[2026-04-06T05:30:45.110Z] [lib/validate-data.js] MOVE index data validation passed ✓
[2026-04-06T05:30:45.110Z] [lib/validate-data.js] Validating SRF data...
[2026-04-06T05:30:45.110Z] [lib/validate-data.js] Found 1017 SRF data points
[2026-04-06T05:30:45.135Z] [lib/validate-data.js] WorldTimeAPI failed, trying alternative source
[2026-04-06T05:30:45.564Z] [lib/validate-data.js] Using TimeAPI date: 2026-04-06T05:30:45.4352911
[2026-04-06T05:30:45.566Z] [lib/validate-data.js] SRF data validation passed ✓
[2026-04-06T05:30:45.566Z] [lib/validate-data.js] Validating Treasury funding data...
[2026-04-06T05:30:45.566Z] [lib/validate-data.js] Found 282 Treasury funding data points
[2026-04-06T05:30:45.566Z] [lib/validate-data.js] Treasury funding data validation passed ✓
[2026-04-06T05:30:45.566Z] [lib/validate-data.js] All data validation passed ✓
[2026-04-06T05:30:45.569Z] lib/validate-data.js completed successfully
[2026-04-06T05:30:45.569Z] Dashboard update process completed successfully
