[2025-10-17T03:36:47.771Z] Starting Liquidity Dashboard update process
[2025-10-17T03:36:47.772Z] Running lib/data-backup.js...
[2025-10-17T03:36:47.802Z] [lib/data-backup.js] ERROR: node:internal/modules/cjs/loader:1031
  throw err;
  ^

Error: Cannot find module '/home/runner/work/liquiditydashboard/liquiditydashboard/web/lib/data-backup.js'
    at Function.Module._resolveFilename (node:internal/modules/cjs/loader:1028:15)
    at Function.Module._load (node:internal/modules/cjs/loader:873:27)
    at Function.executeUserEntryPoint [as runMain] (node:internal/modules/run_main:81:12)
    at node:internal/main/run_main_module:22:47 {
  code: 'MODULE_NOT_FOUND',
  requireStack: []
}
[2025-10-17T03:36:47.804Z] lib/data-backup.js failed with exit code 1
[2025-10-17T03:36:47.805Z] Running lib/data-backup.js clean...
[2025-10-17T03:36:47.833Z] [lib/data-backup.js clean] ERROR: node:internal/modules/cjs/loader:1031
  throw err;
  ^

Error: Cannot find module '/home/runner/work/liquiditydashboard/liquiditydashboard/web/lib/data-backup.js'
    at Function.Module._resolveFilename (node:internal/modules/cjs/loader:1028:15)
    at Function.Module._load (node:internal/modules/cjs/loader:873:27)
    at Function.executeUserEntryPoint [as runMain] (node:internal/modules/run_main:81:12)
    at node:internal/main/run_main_module:22:47 {
  code: 'MODULE_NOT_FOUND',
  requireStack: []
}
[2025-10-17T03:36:47.835Z] lib/data-backup.js clean failed with exit code 1
[2025-10-17T03:36:47.835Z] Running lib/import-historical-move-data.js...
[2025-10-17T03:36:47.863Z] [lib/import-historical-move-data.js] ERROR: node:internal/modules/cjs/loader:1031
  throw err;
  ^

Error: Cannot find module '/home/runner/work/liquiditydashboard/liquiditydashboard/web/lib/import-historical-move-data.js'
    at Function.Module._resolveFilename (node:internal/modules/cjs/loader:1028:15)
    at Function.Module._load (node:internal/modules/cjs/loader:873:27)
    at Function.executeUserEntryPoint [as runMain] (node:internal/modules/run_main:81:12)
    at node:internal/main/run_main_module:22:47 {
  code: 'MODULE_NOT_FOUND',
  requireStack: []
}
[2025-10-17T03:36:47.865Z] lib/import-historical-move-data.js failed with exit code 1
[2025-10-17T03:36:47.866Z] Running lib/fetch-move-data.js...
[2025-10-17T03:36:47.894Z] [lib/fetch-move-data.js] ERROR: node:internal/modules/cjs/loader:1031
  throw err;
  ^

Error: Cannot find module '/home/runner/work/liquiditydashboard/liquiditydashboard/web/lib/fetch-move-data.js'
    at Function.Module._resolveFilename (node:internal/modules/cjs/loader:1028:15)
    at Function.Module._load (node:internal/modules/cjs/loader:873:27)
    at Function.executeUserEntryPoint [as runMain] (node:internal/modules/run_main:81:12)
    at node:internal/main/run_main_module:22:47 {
  code: 'MODULE_NOT_FOUND',
  requireStack: []
}
[2025-10-17T03:36:47.896Z] lib/fetch-move-data.js failed with exit code 1
[2025-10-17T03:36:47.897Z] Running lib/fetch-srf-data.js...
[2025-10-17T03:36:47.930Z] [lib/fetch-srf-data.js] ERROR: node:internal/modules/cjs/loader:1031
  throw err;
  ^

Error: Cannot find module '/home/runner/work/liquiditydashboard/liquiditydashboard/web/lib/fetch-srf-data.js'
    at Function.Module._resolveFilename (node:internal/modules/cjs/loader:1028:15)
    at Function.Module._load (node:internal/modules/cjs/loader:873:27)
    at Function.executeUserEntryPoint [as runMain] (node:internal/modules/run_main:81:12)
    at node:internal/main/run_main_module:22:47 {
  code: 'MODULE_NOT_FOUND',
  requireStack: []
}
[2025-10-17T03:36:47.933Z] lib/fetch-srf-data.js failed with exit code 1
[2025-10-17T03:36:47.933Z] Running lib/fetch-bill-share-data.js...
[2025-10-17T03:36:47.962Z] [lib/fetch-bill-share-data.js] ERROR: node:internal/modules/cjs/loader:1031
  throw err;
  ^

Error: Cannot find module '/home/runner/work/liquiditydashboard/liquiditydashboard/web/lib/fetch-bill-share-data.js'
    at Function.Module._resolveFilename (node:internal/modules/cjs/loader:1028:15)
    at Function.Module._load (node:internal/modules/cjs/loader:873:27)
    at Function.executeUserEntryPoint [as runMain] (node:internal/modules/run_main:81:12)
    at node:internal/main/run_main_module:22:47 {
  code: 'MODULE_NOT_FOUND',
  requireStack: []
}
[2025-10-17T03:36:47.964Z] lib/fetch-bill-share-data.js failed with exit code 1
[2025-10-17T03:36:47.964Z] Running lib/cleanup-future-dates.js...
[2025-10-17T03:36:48.041Z] [lib/cleanup-future-dates.js] Starting data cleanup process...
[2025-10-17T03:36:48.206Z] [lib/cleanup-future-dates.js] WorldTimeAPI failed, trying alternative source
[2025-10-17T03:36:48.666Z] [lib/cleanup-future-dates.js] Using TimeAPI date: 2025-10-17T03:36:48.6013584
[2025-10-17T03:36:48.666Z] [lib/cleanup-future-dates.js] Using reference date: 2025-10-17
[2025-10-17T03:36:48.666Z] [lib/cleanup-future-dates.js] Processing MOVE index data (/home/runner/work/liquiditydashboard/liquiditydashboard/web/public/series/move.json)...
[2025-10-17T03:36:48.667Z] [lib/cleanup-future-dates.js] Loaded 111 MOVE index data points
[2025-10-17T03:36:48.667Z] [lib/cleanup-future-dates.js] No future-dated entries found in MOVE index data
[2025-10-17T03:36:48.668Z] [lib/cleanup-future-dates.js] Processing SRF data (/home/runner/work/liquiditydashboard/liquiditydashboard/web/public/series/srf.json)...
[2025-10-17T03:36:48.669Z] [lib/cleanup-future-dates.js] Loaded 1017 SRF data points
[2025-10-17T03:36:48.670Z] [lib/cleanup-future-dates.js] No future-dated entries found in SRF data
[2025-10-17T03:36:48.671Z] [lib/cleanup-future-dates.js] Processing Treasury bill share data (/home/runner/work/liquiditydashboard/liquiditydashboard/web/public/series/bill-share.json)...
[2025-10-17T03:36:48.671Z] [lib/cleanup-future-dates.js] Loaded 282 Treasury bill share data points
[2025-10-17T03:36:48.671Z] [lib/cleanup-future-dates.js] No future-dated entries found in Treasury bill share data
[2025-10-17T03:36:48.672Z] [lib/cleanup-future-dates.js] Cleanup complete! Removed 0 future-dated entries in total.
Data cleanup completed with no changes needed
[2025-10-17T03:36:48.675Z] lib/cleanup-future-dates.js completed successfully
[2025-10-17T03:36:48.675Z] Running lib/validate-data.js...
[2025-10-17T03:36:48.748Z] [lib/validate-data.js] Running data validation...
[2025-10-17T03:36:48.749Z] [lib/validate-data.js] Validating MOVE index data...
[2025-10-17T03:36:48.749Z] [lib/validate-data.js] Found 111 MOVE data points
[2025-10-17T03:36:48.891Z] [lib/validate-data.js] Using WorldTimeAPI date: 2025-10-17T03:36:48.874033+00:00
[2025-10-17T03:36:48.891Z] [lib/validate-data.js] Using reference date: 2025-10-17
[2025-10-17T03:36:48.891Z] [lib/validate-data.js] MOVE index data validation passed ✓
[2025-10-17T03:36:48.892Z] [lib/validate-data.js] Validating SRF data...
[2025-10-17T03:36:48.892Z] [lib/validate-data.js] Found 1017 SRF data points
[2025-10-17T03:36:48.930Z] [lib/validate-data.js] WorldTimeAPI failed, trying alternative source
[2025-10-17T03:36:49.505Z] [lib/validate-data.js] Using TimeAPI date: 2025-10-17T03:36:49.4489549
[2025-10-17T03:36:49.507Z] [lib/validate-data.js] SRF data validation passed ✓
[2025-10-17T03:36:49.507Z] [lib/validate-data.js] Validating Treasury funding data...
[2025-10-17T03:36:49.507Z] [lib/validate-data.js] Found 282 Treasury funding data points
[2025-10-17T03:36:49.507Z] [lib/validate-data.js] Treasury funding data validation passed ✓
[2025-10-17T03:36:49.507Z] [lib/validate-data.js] All data validation passed ✓
[2025-10-17T03:36:49.511Z] lib/validate-data.js completed successfully
[2025-10-17T03:36:49.511Z] Dashboard update process completed successfully
