[2026-06-24T06:53:23.938Z] Starting Liquidity Dashboard update process
[2026-06-24T06:53:23.939Z] Running lib/data-backup.js...
[2026-06-24T06:53:23.969Z] [lib/data-backup.js] ERROR: node:internal/modules/cjs/loader:1031
  throw err;
  ^

Error: Cannot find module '/home/runner/work/liquiditydashboard/liquiditydashboard/web/lib/data-backup.js'
    at Function.Module._resolveFilename (node:internal/modules/cjs/loader:1028:15)
    at Function.Module._load (node:internal/modules/cjs/loader:873:27)
    at Function.executeUserEntryPoint [as runMain] (node:internal/modules/run_main:81:12)
    at node:internal/main/run_main_module:22:47 {
  code: 'MODULE_NOT_FOUND',
  requireStack: []
}
[2026-06-24T06:53:23.972Z] lib/data-backup.js failed with exit code 1
[2026-06-24T06:53:23.972Z] Running lib/data-backup.js clean...
[2026-06-24T06:53:24.002Z] [lib/data-backup.js clean] ERROR: node:internal/modules/cjs/loader:1031
  throw err;
  ^

Error: Cannot find module '/home/runner/work/liquiditydashboard/liquiditydashboard/web/lib/data-backup.js'
    at Function.Module._resolveFilename (node:internal/modules/cjs/loader:1028:15)
    at Function.Module._load (node:internal/modules/cjs/loader:873:27)
    at Function.executeUserEntryPoint [as runMain] (node:internal/modules/run_main:81:12)
    at node:internal/main/run_main_module:22:47 {
  code: 'MODULE_NOT_FOUND',
  requireStack: []
}
[2026-06-24T06:53:24.004Z] lib/data-backup.js clean failed with exit code 1
[2026-06-24T06:53:24.004Z] Running lib/import-historical-move-data.js...
[2026-06-24T06:53:24.033Z] [lib/import-historical-move-data.js] ERROR: node:internal/modules/cjs/loader:1031
  throw err;
  ^

Error: Cannot find module '/home/runner/work/liquiditydashboard/liquiditydashboard/web/lib/import-historical-move-data.js'
    at Function.Module._resolveFilename (node:internal/modules/cjs/loader:1028:15)
    at Function.Module._load (node:internal/modules/cjs/loader:873:27)
    at Function.executeUserEntryPoint [as runMain] (node:internal/modules/run_main:81:12)
    at node:internal/main/run_main_module:22:47 {
  code: 'MODULE_NOT_FOUND',
  requireStack: []
}
[2026-06-24T06:53:24.035Z] lib/import-historical-move-data.js failed with exit code 1
[2026-06-24T06:53:24.036Z] Running lib/fetch-move-data.js...
[2026-06-24T06:53:24.065Z] [lib/fetch-move-data.js] ERROR: node:internal/modules/cjs/loader:1031
  throw err;
  ^

Error: Cannot find module '/home/runner/work/liquiditydashboard/liquiditydashboard/web/lib/fetch-move-data.js'
    at Function.Module._resolveFilename (node:internal/modules/cjs/loader:1028:15)
    at Function.Module._load (node:internal/modules/cjs/loader:873:27)
    at Function.executeUserEntryPoint [as runMain] (node:internal/modules/run_main:81:12)
    at node:internal/main/run_main_module:22:47 {
  code: 'MODULE_NOT_FOUND',
  requireStack: []
}
[2026-06-24T06:53:24.066Z] lib/fetch-move-data.js failed with exit code 1
[2026-06-24T06:53:24.067Z] Running lib/fetch-srf-data.js...
[2026-06-24T06:53:24.095Z] [lib/fetch-srf-data.js] ERROR: node:internal/modules/cjs/loader:1031
  throw err;
  ^

Error: Cannot find module '/home/runner/work/liquiditydashboard/liquiditydashboard/web/lib/fetch-srf-data.js'
    at Function.Module._resolveFilename (node:internal/modules/cjs/loader:1028:15)
    at Function.Module._load (node:internal/modules/cjs/loader:873:27)
    at Function.executeUserEntryPoint [as runMain] (node:internal/modules/run_main:81:12)
    at node:internal/main/run_main_module:22:47 {
  code: 'MODULE_NOT_FOUND',
  requireStack: []
}
[2026-06-24T06:53:24.097Z] lib/fetch-srf-data.js failed with exit code 1
[2026-06-24T06:53:24.097Z] Running lib/fetch-bill-share-data.js...
[2026-06-24T06:53:24.127Z] [lib/fetch-bill-share-data.js] ERROR: node:internal/modules/cjs/loader:1031
  throw err;
  ^

Error: Cannot find module '/home/runner/work/liquiditydashboard/liquiditydashboard/web/lib/fetch-bill-share-data.js'
    at Function.Module._resolveFilename (node:internal/modules/cjs/loader:1028:15)
    at Function.Module._load (node:internal/modules/cjs/loader:873:27)
    at Function.executeUserEntryPoint [as runMain] (node:internal/modules/run_main:81:12)
    at node:internal/main/run_main_module:22:47 {
  code: 'MODULE_NOT_FOUND',
  requireStack: []
}
[2026-06-24T06:53:24.129Z] lib/fetch-bill-share-data.js failed with exit code 1
[2026-06-24T06:53:24.129Z] Running lib/cleanup-future-dates.js...
[2026-06-24T06:53:24.211Z] [lib/cleanup-future-dates.js] Starting data cleanup process...
[2026-06-24T06:53:24.324Z] [lib/cleanup-future-dates.js] WorldTimeAPI failed, trying alternative source
[2026-06-24T06:53:25.117Z] [lib/cleanup-future-dates.js] Using TimeAPI date: 2026-06-24T06:53:24.8401339
[2026-06-24T06:53:25.117Z] [lib/cleanup-future-dates.js] Using reference date: 2026-6-24

Processing MOVE index data (/home/runner/work/liquiditydashboard/liquiditydashboard/web/public/series/move.json)...
[2026-06-24T06:53:25.118Z] [lib/cleanup-future-dates.js] Loaded 111 MOVE index data points
[2026-06-24T06:53:25.118Z] [lib/cleanup-future-dates.js] No future-dated entries found in MOVE index data
[2026-06-24T06:53:25.118Z] [lib/cleanup-future-dates.js] Processing SRF data (/home/runner/work/liquiditydashboard/liquiditydashboard/web/public/series/srf.json)...
[2026-06-24T06:53:25.119Z] [lib/cleanup-future-dates.js] Loaded 1017 SRF data points
[2026-06-24T06:53:25.120Z] [lib/cleanup-future-dates.js] No future-dated entries found in SRF data
[2026-06-24T06:53:25.120Z] [lib/cleanup-future-dates.js] Processing Treasury bill share data (/home/runner/work/liquiditydashboard/liquiditydashboard/web/public/series/bill-share.json)...
[2026-06-24T06:53:25.120Z] [lib/cleanup-future-dates.js] Loaded 282 Treasury bill share data points
[2026-06-24T06:53:25.120Z] [lib/cleanup-future-dates.js] No future-dated entries found in Treasury bill share data
[2026-06-24T06:53:25.121Z] [lib/cleanup-future-dates.js] Cleanup complete! Removed 0 future-dated entries in total.
[2026-06-24T06:53:25.121Z] [lib/cleanup-future-dates.js] Data cleanup completed with no changes needed
[2026-06-24T06:53:25.124Z] lib/cleanup-future-dates.js completed successfully
[2026-06-24T06:53:25.124Z] Running lib/validate-data.js...
[2026-06-24T06:53:25.205Z] [lib/validate-data.js] Running data validation...
[2026-06-24T06:53:25.206Z] [lib/validate-data.js] Validating MOVE index data...
[2026-06-24T06:53:25.206Z] [lib/validate-data.js] Found 111 MOVE data points
[2026-06-24T06:53:25.254Z] [lib/validate-data.js] WorldTimeAPI failed, trying alternative source
[2026-06-24T06:53:25.963Z] [lib/validate-data.js] Using TimeAPI date: 2026-06-24T06:53:25.6851159
[2026-06-24T06:53:25.964Z] [lib/validate-data.js] Using reference date: 2026-6-24
[2026-06-24T06:53:25.964Z] [lib/validate-data.js] MOVE index data validation passed ✓
[2026-06-24T06:53:25.965Z] [lib/validate-data.js] Validating SRF data...
[2026-06-24T06:53:25.965Z] [lib/validate-data.js] Found 1017 SRF data points
[2026-06-24T06:53:26.012Z] [lib/validate-data.js] WorldTimeAPI failed, trying alternative source
[2026-06-24T06:53:26.567Z] [lib/validate-data.js] Using TimeAPI date: 2026-06-24T06:53:26.2949484
[2026-06-24T06:53:26.569Z] [lib/validate-data.js] SRF data validation passed ✓
[2026-06-24T06:53:26.570Z] [lib/validate-data.js] Validating Treasury funding data...
[2026-06-24T06:53:26.570Z] [lib/validate-data.js] Found 282 Treasury funding data points
[2026-06-24T06:53:26.570Z] [lib/validate-data.js] Treasury funding data validation passed ✓
[2026-06-24T06:53:26.570Z] [lib/validate-data.js] All data validation passed ✓
[2026-06-24T06:53:26.573Z] lib/validate-data.js completed successfully
[2026-06-24T06:53:26.573Z] Dashboard update process completed successfully
