[2025-09-25T03:36:21.609Z] Starting Liquidity Dashboard update process
[2025-09-25T03:36:21.611Z] Running lib/data-backup.js...
[2025-09-25T03:36:21.640Z] [lib/data-backup.js] ERROR: node:internal/modules/cjs/loader:1031
  throw err;
  ^

Error: Cannot find module '/home/runner/work/liquiditydashboard/liquiditydashboard/web/lib/data-backup.js'
    at Function.Module._resolveFilename (node:internal/modules/cjs/loader:1028:15)
    at Function.Module._load (node:internal/modules/cjs/loader:873:27)
    at Function.executeUserEntryPoint [as runMain] (node:internal/modules/run_main:81:12)
    at node:internal/main/run_main_module:22:47 {
  code: 'MODULE_NOT_FOUND',
  requireStack: []
}
[2025-09-25T03:36:21.643Z] lib/data-backup.js failed with exit code 1
[2025-09-25T03:36:21.643Z] Running lib/data-backup.js clean...
[2025-09-25T03:36:21.672Z] [lib/data-backup.js clean] ERROR: node:internal/modules/cjs/loader:1031
  throw err;
  ^

Error: Cannot find module '/home/runner/work/liquiditydashboard/liquiditydashboard/web/lib/data-backup.js'
    at Function.Module._resolveFilename (node:internal/modules/cjs/loader:1028:15)
    at Function.Module._load (node:internal/modules/cjs/loader:873:27)
    at Function.executeUserEntryPoint [as runMain] (node:internal/modules/run_main:81:12)
    at node:internal/main/run_main_module:22:47 {
  code: 'MODULE_NOT_FOUND',
  requireStack: []
}
[2025-09-25T03:36:21.674Z] lib/data-backup.js clean failed with exit code 1
[2025-09-25T03:36:21.674Z] Running lib/import-historical-move-data.js...
[2025-09-25T03:36:21.702Z] [lib/import-historical-move-data.js] ERROR: node:internal/modules/cjs/loader:1031
  throw err;
  ^

Error: Cannot find module '/home/runner/work/liquiditydashboard/liquiditydashboard/web/lib/import-historical-move-data.js'
    at Function.Module._resolveFilename (node:internal/modules/cjs/loader:1028:15)
    at Function.Module._load (node:internal/modules/cjs/loader:873:27)
    at Function.executeUserEntryPoint [as runMain] (node:internal/modules/run_main:81:12)
    at node:internal/main/run_main_module:22:47 {
  code: 'MODULE_NOT_FOUND',
  requireStack: []
}
[2025-09-25T03:36:21.704Z] lib/import-historical-move-data.js failed with exit code 1
[2025-09-25T03:36:21.704Z] Running lib/fetch-move-data.js...
[2025-09-25T03:36:21.732Z] [lib/fetch-move-data.js] ERROR: node:internal/modules/cjs/loader:1031
  throw err;
  ^

Error: Cannot find module '/home/runner/work/liquiditydashboard/liquiditydashboard/web/lib/fetch-move-data.js'
    at Function.Module._resolveFilename (node:internal/modules/cjs/loader:1028:15)
    at Function.Module._load (node:internal/modules/cjs/loader:873:27)
    at Function.executeUserEntryPoint [as runMain] (node:internal/modules/run_main:81:12)
    at node:internal/main/run_main_module:22:47 {
  code: 'MODULE_NOT_FOUND',
  requireStack: []
}
[2025-09-25T03:36:21.735Z] lib/fetch-move-data.js failed with exit code 1
[2025-09-25T03:36:21.735Z] Running lib/fetch-srf-data.js...
[2025-09-25T03:36:21.763Z] [lib/fetch-srf-data.js] ERROR: node:internal/modules/cjs/loader:1031
  throw err;
  ^

Error: Cannot find module '/home/runner/work/liquiditydashboard/liquiditydashboard/web/lib/fetch-srf-data.js'
    at Function.Module._resolveFilename (node:internal/modules/cjs/loader:1028:15)
    at Function.Module._load (node:internal/modules/cjs/loader:873:27)
    at Function.executeUserEntryPoint [as runMain] (node:internal/modules/run_main:81:12)
    at node:internal/main/run_main_module:22:47 {
  code: 'MODULE_NOT_FOUND',
  requireStack: []
}
[2025-09-25T03:36:21.766Z] lib/fetch-srf-data.js failed with exit code 1
[2025-09-25T03:36:21.766Z] Running lib/fetch-bill-share-data.js...
[2025-09-25T03:36:21.795Z] [lib/fetch-bill-share-data.js] ERROR: node:internal/modules/cjs/loader:1031
  throw err;
  ^

Error: Cannot find module '/home/runner/work/liquiditydashboard/liquiditydashboard/web/lib/fetch-bill-share-data.js'
    at Function.Module._resolveFilename (node:internal/modules/cjs/loader:1028:15)
    at Function.Module._load (node:internal/modules/cjs/loader:873:27)
    at Function.executeUserEntryPoint [as runMain] (node:internal/modules/run_main:81:12)
    at node:internal/main/run_main_module:22:47 {
  code: 'MODULE_NOT_FOUND',
  requireStack: []
}
[2025-09-25T03:36:21.797Z] lib/fetch-bill-share-data.js failed with exit code 1
[2025-09-25T03:36:21.797Z] Running lib/cleanup-future-dates.js...
[2025-09-25T03:36:21.871Z] [lib/cleanup-future-dates.js] Starting data cleanup process...
[2025-09-25T03:36:22.339Z] [lib/cleanup-future-dates.js] Using WorldTimeAPI date: 2025-09-25T03:36:22.320758+00:00
[2025-09-25T03:36:22.339Z] [lib/cleanup-future-dates.js] Using reference date: 2025-9-25
[2025-09-25T03:36:22.339Z] [lib/cleanup-future-dates.js] Processing MOVE index data (/home/runner/work/liquiditydashboard/liquiditydashboard/web/public/series/move.json)...
[2025-09-25T03:36:22.339Z] [lib/cleanup-future-dates.js] Loaded 111 MOVE index data points
No future-dated entries found in MOVE index data

Processing SRF data (/home/runner/work/liquiditydashboard/liquiditydashboard/web/public/series/srf.json)...
[2025-09-25T03:36:22.340Z] [lib/cleanup-future-dates.js] Loaded 1017 SRF data points
[2025-09-25T03:36:22.342Z] [lib/cleanup-future-dates.js] No future-dated entries found in SRF data
[2025-09-25T03:36:22.342Z] [lib/cleanup-future-dates.js] Processing Treasury bill share data (/home/runner/work/liquiditydashboard/liquiditydashboard/web/public/series/bill-share.json)...
[2025-09-25T03:36:22.342Z] [lib/cleanup-future-dates.js] Loaded 282 Treasury bill share data points
[2025-09-25T03:36:22.343Z] [lib/cleanup-future-dates.js] No future-dated entries found in Treasury bill share data
[2025-09-25T03:36:22.343Z] [lib/cleanup-future-dates.js] Cleanup complete! Removed 0 future-dated entries in total.
Data cleanup completed with no changes needed
[2025-09-25T03:36:22.346Z] lib/cleanup-future-dates.js completed successfully
[2025-09-25T03:36:22.346Z] Running lib/validate-data.js...
[2025-09-25T03:36:22.417Z] [lib/validate-data.js] Running data validation...
[2025-09-25T03:36:22.418Z] [lib/validate-data.js] Validating MOVE index data...
[2025-09-25T03:36:22.418Z] [lib/validate-data.js] Found 111 MOVE data points
[2025-09-25T03:36:22.745Z] [lib/validate-data.js] Using WorldTimeAPI date: 2025-09-25T03:36:22.727799+00:00
[2025-09-25T03:36:22.745Z] [lib/validate-data.js] Using reference date: 2025-9-25
[2025-09-25T03:36:22.746Z] [lib/validate-data.js] MOVE index data validation passed ✓
[2025-09-25T03:36:22.746Z] [lib/validate-data.js] Validating SRF data...
[2025-09-25T03:36:22.747Z] [lib/validate-data.js] Found 1017 SRF data points
[2025-09-25T03:36:22.780Z] [lib/validate-data.js] WorldTimeAPI failed, trying alternative source
[2025-09-25T03:36:24.145Z] [lib/validate-data.js] Using TimeAPI date: 2025-09-25T03:36:24.0757774
[2025-09-25T03:36:24.147Z] [lib/validate-data.js] SRF data validation passed ✓
[2025-09-25T03:36:24.147Z] [lib/validate-data.js] Validating Treasury funding data...
[2025-09-25T03:36:24.147Z] [lib/validate-data.js] Found 282 Treasury funding data points
[2025-09-25T03:36:24.147Z] [lib/validate-data.js] Treasury funding data validation passed ✓
[2025-09-25T03:36:24.147Z] [lib/validate-data.js] All data validation passed ✓
[2025-09-25T03:36:24.150Z] lib/validate-data.js completed successfully
[2025-09-25T03:36:24.150Z] Dashboard update process completed successfully
