[2026-05-27T07:09:24.034Z] Starting Liquidity Dashboard update process
[2026-05-27T07:09:24.036Z] Running lib/data-backup.js...
[2026-05-27T07:09:24.065Z] [lib/data-backup.js] ERROR: node:internal/modules/cjs/loader:1031
  throw err;
  ^

Error: Cannot find module '/home/runner/work/liquiditydashboard/liquiditydashboard/web/lib/data-backup.js'
    at Function.Module._resolveFilename (node:internal/modules/cjs/loader:1028:15)
    at Function.Module._load (node:internal/modules/cjs/loader:873:27)
    at Function.executeUserEntryPoint [as runMain] (node:internal/modules/run_main:81:12)
    at node:internal/main/run_main_module:22:47 {
  code: 'MODULE_NOT_FOUND',
  requireStack: []
}
[2026-05-27T07:09:24.067Z] lib/data-backup.js failed with exit code 1
[2026-05-27T07:09:24.068Z] Running lib/data-backup.js clean...
[2026-05-27T07:09:24.096Z] [lib/data-backup.js clean] ERROR: node:internal/modules/cjs/loader:1031
  throw err;
  ^

Error: Cannot find module '/home/runner/work/liquiditydashboard/liquiditydashboard/web/lib/data-backup.js'
    at Function.Module._resolveFilename (node:internal/modules/cjs/loader:1028:15)
    at Function.Module._load (node:internal/modules/cjs/loader:873:27)
    at Function.executeUserEntryPoint [as runMain] (node:internal/modules/run_main:81:12)
    at node:internal/main/run_main_module:22:47 {
  code: 'MODULE_NOT_FOUND',
  requireStack: []
}
[2026-05-27T07:09:24.097Z] lib/data-backup.js clean failed with exit code 1
[2026-05-27T07:09:24.097Z] Running lib/import-historical-move-data.js...
[2026-05-27T07:09:24.125Z] [lib/import-historical-move-data.js] ERROR: node:internal/modules/cjs/loader:1031
  throw err;
  ^

Error: Cannot find module '/home/runner/work/liquiditydashboard/liquiditydashboard/web/lib/import-historical-move-data.js'
    at Function.Module._resolveFilename (node:internal/modules/cjs/loader:1028:15)
    at Function.Module._load (node:internal/modules/cjs/loader:873:27)
    at Function.executeUserEntryPoint [as runMain] (node:internal/modules/run_main:81:12)
    at node:internal/main/run_main_module:22:47 {
  code: 'MODULE_NOT_FOUND',
  requireStack: []
}
[2026-05-27T07:09:24.127Z] lib/import-historical-move-data.js failed with exit code 1
[2026-05-27T07:09:24.127Z] Running lib/fetch-move-data.js...
[2026-05-27T07:09:24.154Z] [lib/fetch-move-data.js] ERROR: node:internal/modules/cjs/loader:1031
  throw err;
  ^

Error: Cannot find module '/home/runner/work/liquiditydashboard/liquiditydashboard/web/lib/fetch-move-data.js'
    at Function.Module._resolveFilename (node:internal/modules/cjs/loader:1028:15)
    at Function.Module._load (node:internal/modules/cjs/loader:873:27)
    at Function.executeUserEntryPoint [as runMain] (node:internal/modules/run_main:81:12)
    at node:internal/main/run_main_module:22:47 {
  code: 'MODULE_NOT_FOUND',
  requireStack: []
}
[2026-05-27T07:09:24.156Z] lib/fetch-move-data.js failed with exit code 1
[2026-05-27T07:09:24.156Z] Running lib/fetch-srf-data.js...
[2026-05-27T07:09:24.184Z] [lib/fetch-srf-data.js] ERROR: node:internal/modules/cjs/loader:1031
  throw err;
  ^

Error: Cannot find module '/home/runner/work/liquiditydashboard/liquiditydashboard/web/lib/fetch-srf-data.js'
    at Function.Module._resolveFilename (node:internal/modules/cjs/loader:1028:15)
    at Function.Module._load (node:internal/modules/cjs/loader:873:27)
    at Function.executeUserEntryPoint [as runMain] (node:internal/modules/run_main:81:12)
    at node:internal/main/run_main_module:22:47 {
  code: 'MODULE_NOT_FOUND',
  requireStack: []
}
[2026-05-27T07:09:24.185Z] lib/fetch-srf-data.js failed with exit code 1
[2026-05-27T07:09:24.186Z] Running lib/fetch-bill-share-data.js...
[2026-05-27T07:09:24.213Z] [lib/fetch-bill-share-data.js] ERROR: node:internal/modules/cjs/loader:1031
  throw err;
  ^

Error: Cannot find module '/home/runner/work/liquiditydashboard/liquiditydashboard/web/lib/fetch-bill-share-data.js'
    at Function.Module._resolveFilename (node:internal/modules/cjs/loader:1028:15)
    at Function.Module._load (node:internal/modules/cjs/loader:873:27)
    at Function.executeUserEntryPoint [as runMain] (node:internal/modules/run_main:81:12)
    at node:internal/main/run_main_module:22:47 {
  code: 'MODULE_NOT_FOUND',
  requireStack: []
}
[2026-05-27T07:09:24.215Z] lib/fetch-bill-share-data.js failed with exit code 1
[2026-05-27T07:09:24.215Z] Running lib/cleanup-future-dates.js...
[2026-05-27T07:09:24.294Z] [lib/cleanup-future-dates.js] Starting data cleanup process...
[2026-05-27T07:09:24.398Z] [lib/cleanup-future-dates.js] WorldTimeAPI failed, trying alternative source
[2026-05-27T07:09:25.096Z] [lib/cleanup-future-dates.js] Using TimeAPI date: 2026-05-27T07:09:23.7313164
[2026-05-27T07:09:25.096Z] [lib/cleanup-future-dates.js] Using reference date: 2026-5-27
[2026-05-27T07:09:25.096Z] [lib/cleanup-future-dates.js] Processing MOVE index data (/home/runner/work/liquiditydashboard/liquiditydashboard/web/public/series/move.json)...
[2026-05-27T07:09:25.096Z] [lib/cleanup-future-dates.js] Loaded 111 MOVE index data points
[2026-05-27T07:09:25.097Z] [lib/cleanup-future-dates.js] No future-dated entries found in MOVE index data
[2026-05-27T07:09:25.097Z] [lib/cleanup-future-dates.js] Processing SRF data (/home/runner/work/liquiditydashboard/liquiditydashboard/web/public/series/srf.json)...
[2026-05-27T07:09:25.097Z] [lib/cleanup-future-dates.js] Loaded 1017 SRF data points
[2026-05-27T07:09:25.098Z] [lib/cleanup-future-dates.js] No future-dated entries found in SRF data
[2026-05-27T07:09:25.098Z] [lib/cleanup-future-dates.js] Processing Treasury bill share data (/home/runner/work/liquiditydashboard/liquiditydashboard/web/public/series/bill-share.json)...
[2026-05-27T07:09:25.099Z] [lib/cleanup-future-dates.js] Loaded 282 Treasury bill share data points
[2026-05-27T07:09:25.099Z] [lib/cleanup-future-dates.js] No future-dated entries found in Treasury bill share data
[2026-05-27T07:09:25.099Z] [lib/cleanup-future-dates.js] Cleanup complete! Removed 0 future-dated entries in total.
Data cleanup completed with no changes needed
[2026-05-27T07:09:25.102Z] lib/cleanup-future-dates.js completed successfully
[2026-05-27T07:09:25.102Z] Running lib/validate-data.js...
[2026-05-27T07:09:25.185Z] [lib/validate-data.js] Running data validation...
[2026-05-27T07:09:25.186Z] [lib/validate-data.js] Validating MOVE index data...
[2026-05-27T07:09:25.186Z] [lib/validate-data.js] Found 111 MOVE data points
[2026-05-27T07:09:25.285Z] [lib/validate-data.js] WorldTimeAPI failed, trying alternative source
[2026-05-27T07:09:26.008Z] [lib/validate-data.js] Using TimeAPI date: 2026-05-27T07:09:24.6389308
[2026-05-27T07:09:26.008Z] [lib/validate-data.js] Using reference date: 2026-5-27
[2026-05-27T07:09:26.009Z] [lib/validate-data.js] MOVE index data validation passed ✓
[2026-05-27T07:09:26.009Z] [lib/validate-data.js] Validating SRF data...
[2026-05-27T07:09:26.010Z] [lib/validate-data.js] Found 1017 SRF data points
[2026-05-27T07:09:26.067Z] [lib/validate-data.js] WorldTimeAPI failed, trying alternative source
[2026-05-27T07:09:26.750Z] [lib/validate-data.js] Using TimeAPI date: 2026-05-27T07:09:25.3904004
[2026-05-27T07:09:26.752Z] [lib/validate-data.js] SRF data validation passed ✓
[2026-05-27T07:09:26.752Z] [lib/validate-data.js] Validating Treasury funding data...
[2026-05-27T07:09:26.753Z] [lib/validate-data.js] Found 282 Treasury funding data points
[2026-05-27T07:09:26.753Z] [lib/validate-data.js] Treasury funding data validation passed ✓
[2026-05-27T07:09:26.753Z] [lib/validate-data.js] All data validation passed ✓
[2026-05-27T07:09:26.756Z] lib/validate-data.js completed successfully
[2026-05-27T07:09:26.756Z] Dashboard update process completed successfully
