[2026-07-18T05:32:34.263Z] Starting Liquidity Dashboard update process
[2026-07-18T05:32:34.265Z] Running lib/data-backup.js...
[2026-07-18T05:32:34.288Z] [lib/data-backup.js] ERROR: node:internal/modules/cjs/loader:1031
  throw err;
  ^

Error: Cannot find module '/home/runner/work/liquiditydashboard/liquiditydashboard/web/lib/data-backup.js'
    at Function.Module._resolveFilename (node:internal/modules/cjs/loader:1028:15)
    at Function.Module._load (node:internal/modules/cjs/loader:873:27)
    at Function.executeUserEntryPoint [as runMain] (node:internal/modules/run_main:81:12)
    at node:internal/main/run_main_module:22:47 {
  code: 'MODULE_NOT_FOUND',
  requireStack: []
}
[2026-07-18T05:32:34.291Z] lib/data-backup.js failed with exit code 1
[2026-07-18T05:32:34.291Z] Running lib/data-backup.js clean...
[2026-07-18T05:32:34.314Z] [lib/data-backup.js clean] ERROR: node:internal/modules/cjs/loader:1031
  throw err;
  ^

Error: Cannot find module '/home/runner/work/liquiditydashboard/liquiditydashboard/web/lib/data-backup.js'
    at Function.Module._resolveFilename (node:internal/modules/cjs/loader:1028:15)
    at Function.Module._load (node:internal/modules/cjs/loader:873:27)
    at Function.executeUserEntryPoint [as runMain] (node:internal/modules/run_main:81:12)
    at node:internal/main/run_main_module:22:47 {
  code: 'MODULE_NOT_FOUND',
  requireStack: []
}
[2026-07-18T05:32:34.315Z] lib/data-backup.js clean failed with exit code 1
[2026-07-18T05:32:34.315Z] Running lib/import-historical-move-data.js...
[2026-07-18T05:32:34.338Z] [lib/import-historical-move-data.js] ERROR: node:internal/modules/cjs/loader:1031
  throw err;
  ^

Error: Cannot find module '/home/runner/work/liquiditydashboard/liquiditydashboard/web/lib/import-historical-move-data.js'
    at Function.Module._resolveFilename (node:internal/modules/cjs/loader:1028:15)
    at Function.Module._load (node:internal/modules/cjs/loader:873:27)
    at Function.executeUserEntryPoint [as runMain] (node:internal/modules/run_main:81:12)
    at node:internal/main/run_main_module:22:47 {
  code: 'MODULE_NOT_FOUND',
  requireStack: []
}
[2026-07-18T05:32:34.339Z] lib/import-historical-move-data.js failed with exit code 1
[2026-07-18T05:32:34.340Z] Running lib/fetch-move-data.js...
[2026-07-18T05:32:34.364Z] [lib/fetch-move-data.js] ERROR: node:internal/modules/cjs/loader:1031
  throw err;
  ^

Error: Cannot find module '/home/runner/work/liquiditydashboard/liquiditydashboard/web/lib/fetch-move-data.js'
    at Function.Module._resolveFilename (node:internal/modules/cjs/loader:1028:15)
    at Function.Module._load (node:internal/modules/cjs/loader:873:27)
    at Function.executeUserEntryPoint [as runMain] (node:internal/modules/run_main:81:12)
    at node:internal/main/run_main_module:22:47 {
  code: 'MODULE_NOT_FOUND',
  requireStack: []
}
[2026-07-18T05:32:34.365Z] lib/fetch-move-data.js failed with exit code 1
[2026-07-18T05:32:34.366Z] Running lib/fetch-srf-data.js...
[2026-07-18T05:32:34.390Z] [lib/fetch-srf-data.js] ERROR: node:internal/modules/cjs/loader:1031
  throw err;
  ^

Error: Cannot find module '/home/runner/work/liquiditydashboard/liquiditydashboard/web/lib/fetch-srf-data.js'
    at Function.Module._resolveFilename (node:internal/modules/cjs/loader:1028:15)
    at Function.Module._load (node:internal/modules/cjs/loader:873:27)
    at Function.executeUserEntryPoint [as runMain] (node:internal/modules/run_main:81:12)
    at node:internal/main/run_main_module:22:47 {
  code: 'MODULE_NOT_FOUND',
  requireStack: []
}
[2026-07-18T05:32:34.392Z] lib/fetch-srf-data.js failed with exit code 1
[2026-07-18T05:32:34.392Z] Running lib/fetch-bill-share-data.js...
[2026-07-18T05:32:34.416Z] [lib/fetch-bill-share-data.js] ERROR: node:internal/modules/cjs/loader:1031
  throw err;
  ^

Error: Cannot find module '/home/runner/work/liquiditydashboard/liquiditydashboard/web/lib/fetch-bill-share-data.js'
    at Function.Module._resolveFilename (node:internal/modules/cjs/loader:1028:15)
    at Function.Module._load (node:internal/modules/cjs/loader:873:27)
    at Function.executeUserEntryPoint [as runMain] (node:internal/modules/run_main:81:12)
    at node:internal/main/run_main_module:22:47 {
  code: 'MODULE_NOT_FOUND',
  requireStack: []
}
[2026-07-18T05:32:34.418Z] lib/fetch-bill-share-data.js failed with exit code 1
[2026-07-18T05:32:34.418Z] Running lib/cleanup-future-dates.js...
[2026-07-18T05:32:34.483Z] [lib/cleanup-future-dates.js] Starting data cleanup process...
[2026-07-18T05:32:34.727Z] [lib/cleanup-future-dates.js] WorldTimeAPI failed, trying alternative source
[2026-07-18T05:32:35.425Z] [lib/cleanup-future-dates.js] Using TimeAPI date: 2026-07-18T05:25:35.4257025
[2026-07-18T05:32:35.425Z] [lib/cleanup-future-dates.js] Using reference date: 2026-7-18

Processing MOVE index data (/home/runner/work/liquiditydashboard/liquiditydashboard/web/public/series/move.json)...
[2026-07-18T05:32:35.425Z] [lib/cleanup-future-dates.js] Loaded 111 MOVE index data points
[2026-07-18T05:32:35.426Z] [lib/cleanup-future-dates.js] No future-dated entries found in MOVE index data
[2026-07-18T05:32:35.426Z] [lib/cleanup-future-dates.js] Processing SRF data (/home/runner/work/liquiditydashboard/liquiditydashboard/web/public/series/srf.json)...
[2026-07-18T05:32:35.426Z] [lib/cleanup-future-dates.js] Loaded 1017 SRF data points
[2026-07-18T05:32:35.427Z] [lib/cleanup-future-dates.js] No future-dated entries found in SRF data
[2026-07-18T05:32:35.427Z] [lib/cleanup-future-dates.js] Processing Treasury bill share data (/home/runner/work/liquiditydashboard/liquiditydashboard/web/public/series/bill-share.json)...
[2026-07-18T05:32:35.427Z] [lib/cleanup-future-dates.js] Loaded 282 Treasury bill share data points
[2026-07-18T05:32:35.428Z] [lib/cleanup-future-dates.js] No future-dated entries found in Treasury bill share data
[2026-07-18T05:32:35.428Z] [lib/cleanup-future-dates.js] Cleanup complete! Removed 0 future-dated entries in total.
[2026-07-18T05:32:35.428Z] [lib/cleanup-future-dates.js] Data cleanup completed with no changes needed
[2026-07-18T05:32:35.430Z] lib/cleanup-future-dates.js completed successfully
[2026-07-18T05:32:35.430Z] Running lib/validate-data.js...
[2026-07-18T05:32:35.496Z] [lib/validate-data.js] Running data validation...
[2026-07-18T05:32:35.496Z] [lib/validate-data.js] Validating MOVE index data...
[2026-07-18T05:32:35.497Z] [lib/validate-data.js] Found 111 MOVE data points
[2026-07-18T05:32:35.572Z] [lib/validate-data.js] WorldTimeAPI failed, trying alternative source
[2026-07-18T05:32:36.443Z] [lib/validate-data.js] Using TimeAPI date: 2026-07-18T05:25:36.4406222
[2026-07-18T05:32:36.443Z] [lib/validate-data.js] Using reference date: 2026-7-18
[2026-07-18T05:32:36.443Z] [lib/validate-data.js] MOVE index data validation passed ✓
[2026-07-18T05:32:36.444Z] [lib/validate-data.js] Validating SRF data...
[2026-07-18T05:32:36.444Z] [lib/validate-data.js] Found 1017 SRF data points
[2026-07-18T05:32:36.508Z] [lib/validate-data.js] WorldTimeAPI failed, trying alternative source
[2026-07-18T05:32:37.202Z] [lib/validate-data.js] Using TimeAPI date: 2026-07-18T05:25:37.2045513
[2026-07-18T05:32:37.204Z] [lib/validate-data.js] SRF data validation passed ✓
[2026-07-18T05:32:37.205Z] [lib/validate-data.js] Validating Treasury funding data...
[2026-07-18T05:32:37.205Z] [lib/validate-data.js] Found 282 Treasury funding data points
[2026-07-18T05:32:37.205Z] [lib/validate-data.js] Treasury funding data validation passed ✓
All data validation passed ✓
[2026-07-18T05:32:37.207Z] lib/validate-data.js completed successfully
[2026-07-18T05:32:37.207Z] Dashboard update process completed successfully
