[2026-05-10T06:16:04.803Z] Starting Liquidity Dashboard update process
[2026-05-10T06:16:04.805Z] Running lib/data-backup.js...
[2026-05-10T06:16:04.835Z] [lib/data-backup.js] ERROR: node:internal/modules/cjs/loader:1031
  throw err;
  ^

Error: Cannot find module '/home/runner/work/liquiditydashboard/liquiditydashboard/web/lib/data-backup.js'
    at Function.Module._resolveFilename (node:internal/modules/cjs/loader:1028:15)
    at Function.Module._load (node:internal/modules/cjs/loader:873:27)
    at Function.executeUserEntryPoint [as runMain] (node:internal/modules/run_main:81:12)
    at node:internal/main/run_main_module:22:47 {
  code: 'MODULE_NOT_FOUND',
  requireStack: []
}
[2026-05-10T06:16:04.838Z] lib/data-backup.js failed with exit code 1
[2026-05-10T06:16:04.838Z] Running lib/data-backup.js clean...
[2026-05-10T06:16:04.867Z] [lib/data-backup.js clean] ERROR: node:internal/modules/cjs/loader:1031
  throw err;
  ^

Error: Cannot find module '/home/runner/work/liquiditydashboard/liquiditydashboard/web/lib/data-backup.js'
    at Function.Module._resolveFilename (node:internal/modules/cjs/loader:1028:15)
    at Function.Module._load (node:internal/modules/cjs/loader:873:27)
    at Function.executeUserEntryPoint [as runMain] (node:internal/modules/run_main:81:12)
    at node:internal/main/run_main_module:22:47 {
  code: 'MODULE_NOT_FOUND',
  requireStack: []
}
[2026-05-10T06:16:04.869Z] lib/data-backup.js clean failed with exit code 1
[2026-05-10T06:16:04.869Z] Running lib/import-historical-move-data.js...
[2026-05-10T06:16:04.899Z] [lib/import-historical-move-data.js] ERROR: node:internal/modules/cjs/loader:1031
  throw err;
  ^

Error: Cannot find module '/home/runner/work/liquiditydashboard/liquiditydashboard/web/lib/import-historical-move-data.js'
    at Function.Module._resolveFilename (node:internal/modules/cjs/loader:1028:15)
    at Function.Module._load (node:internal/modules/cjs/loader:873:27)
    at Function.executeUserEntryPoint [as runMain] (node:internal/modules/run_main:81:12)
    at node:internal/main/run_main_module:22:47 {
  code: 'MODULE_NOT_FOUND',
  requireStack: []
}
[2026-05-10T06:16:04.901Z] lib/import-historical-move-data.js failed with exit code 1
[2026-05-10T06:16:04.901Z] Running lib/fetch-move-data.js...
[2026-05-10T06:16:04.930Z] [lib/fetch-move-data.js] ERROR: node:internal/modules/cjs/loader:1031
  throw err;
  ^

Error: Cannot find module '/home/runner/work/liquiditydashboard/liquiditydashboard/web/lib/fetch-move-data.js'
    at Function.Module._resolveFilename (node:internal/modules/cjs/loader:1028:15)
    at Function.Module._load (node:internal/modules/cjs/loader:873:27)
    at Function.executeUserEntryPoint [as runMain] (node:internal/modules/run_main:81:12)
    at node:internal/main/run_main_module:22:47 {
  code: 'MODULE_NOT_FOUND',
  requireStack: []
}
[2026-05-10T06:16:04.932Z] lib/fetch-move-data.js failed with exit code 1
[2026-05-10T06:16:04.932Z] Running lib/fetch-srf-data.js...
[2026-05-10T06:16:04.965Z] [lib/fetch-srf-data.js] ERROR: node:internal/modules/cjs/loader:1031
  throw err;
  ^

Error: Cannot find module '/home/runner/work/liquiditydashboard/liquiditydashboard/web/lib/fetch-srf-data.js'
    at Function.Module._resolveFilename (node:internal/modules/cjs/loader:1028:15)
    at Function.Module._load (node:internal/modules/cjs/loader:873:27)
    at Function.executeUserEntryPoint [as runMain] (node:internal/modules/run_main:81:12)
    at node:internal/main/run_main_module:22:47 {
  code: 'MODULE_NOT_FOUND',
  requireStack: []
}
[2026-05-10T06:16:04.967Z] lib/fetch-srf-data.js failed with exit code 1
[2026-05-10T06:16:04.967Z] Running lib/fetch-bill-share-data.js...
[2026-05-10T06:16:04.997Z] [lib/fetch-bill-share-data.js] ERROR: node:internal/modules/cjs/loader:1031
  throw err;
  ^

Error: Cannot find module '/home/runner/work/liquiditydashboard/liquiditydashboard/web/lib/fetch-bill-share-data.js'
    at Function.Module._resolveFilename (node:internal/modules/cjs/loader:1028:15)
    at Function.Module._load (node:internal/modules/cjs/loader:873:27)
    at Function.executeUserEntryPoint [as runMain] (node:internal/modules/run_main:81:12)
    at node:internal/main/run_main_module:22:47 {
  code: 'MODULE_NOT_FOUND',
  requireStack: []
}
[2026-05-10T06:16:04.999Z] lib/fetch-bill-share-data.js failed with exit code 1
[2026-05-10T06:16:05.000Z] Running lib/cleanup-future-dates.js...
[2026-05-10T06:16:05.081Z] [lib/cleanup-future-dates.js] Starting data cleanup process...
[2026-05-10T06:16:05.192Z] [lib/cleanup-future-dates.js] WorldTimeAPI failed, trying alternative source
[2026-05-10T06:16:05.689Z] [lib/cleanup-future-dates.js] Using TimeAPI date: 2026-05-10T06:16:05.151143
[2026-05-10T06:16:05.689Z] [lib/cleanup-future-dates.js] Using reference date: 2026-5-10
[2026-05-10T06:16:05.689Z] [lib/cleanup-future-dates.js] Processing MOVE index data (/home/runner/work/liquiditydashboard/liquiditydashboard/web/public/series/move.json)...
[2026-05-10T06:16:05.689Z] [lib/cleanup-future-dates.js] Loaded 111 MOVE index data points
[2026-05-10T06:16:05.690Z] [lib/cleanup-future-dates.js] No future-dated entries found in MOVE index data
[2026-05-10T06:16:05.690Z] [lib/cleanup-future-dates.js] Processing SRF data (/home/runner/work/liquiditydashboard/liquiditydashboard/web/public/series/srf.json)...
[2026-05-10T06:16:05.690Z] [lib/cleanup-future-dates.js] Loaded 1017 SRF data points
[2026-05-10T06:16:05.692Z] [lib/cleanup-future-dates.js] No future-dated entries found in SRF data
[2026-05-10T06:16:05.692Z] [lib/cleanup-future-dates.js] Processing Treasury bill share data (/home/runner/work/liquiditydashboard/liquiditydashboard/web/public/series/bill-share.json)...
[2026-05-10T06:16:05.692Z] [lib/cleanup-future-dates.js] Loaded 282 Treasury bill share data points
[2026-05-10T06:16:05.693Z] [lib/cleanup-future-dates.js] No future-dated entries found in Treasury bill share data
[2026-05-10T06:16:05.693Z] [lib/cleanup-future-dates.js] Cleanup complete! Removed 0 future-dated entries in total.
Data cleanup completed with no changes needed
[2026-05-10T06:16:05.696Z] lib/cleanup-future-dates.js completed successfully
[2026-05-10T06:16:05.696Z] Running lib/validate-data.js...
[2026-05-10T06:16:05.774Z] [lib/validate-data.js] Running data validation...
[2026-05-10T06:16:05.774Z] [lib/validate-data.js] Validating MOVE index data...
[2026-05-10T06:16:05.775Z] [lib/validate-data.js] Found 111 MOVE data points
[2026-05-10T06:16:05.824Z] [lib/validate-data.js] WorldTimeAPI failed, trying alternative source
[2026-05-10T06:16:06.314Z] [lib/validate-data.js] Using TimeAPI date: 2026-05-10T06:16:05.7770015
[2026-05-10T06:16:06.314Z] [lib/validate-data.js] Using reference date: 2026-5-10
[2026-05-10T06:16:06.314Z] [lib/validate-data.js] MOVE index data validation passed ✓
[2026-05-10T06:16:06.315Z] [lib/validate-data.js] Validating SRF data...
[2026-05-10T06:16:06.315Z] [lib/validate-data.js] Found 1017 SRF data points
[2026-05-10T06:16:06.357Z] [lib/validate-data.js] WorldTimeAPI failed, trying alternative source
[2026-05-10T06:16:06.990Z] [lib/validate-data.js] Using TimeAPI date: 2026-05-10T06:16:06.4578438
[2026-05-10T06:16:06.992Z] [lib/validate-data.js] SRF data validation passed ✓
[2026-05-10T06:16:06.992Z] [lib/validate-data.js] Validating Treasury funding data...
[2026-05-10T06:16:06.992Z] [lib/validate-data.js] Found 282 Treasury funding data points
[2026-05-10T06:16:06.992Z] [lib/validate-data.js] Treasury funding data validation passed ✓
[2026-05-10T06:16:06.993Z] [lib/validate-data.js] All data validation passed ✓
[2026-05-10T06:16:06.995Z] lib/validate-data.js completed successfully
[2026-05-10T06:16:06.995Z] Dashboard update process completed successfully
