[2026-03-10T04:47:58.400Z] Starting Liquidity Dashboard update process
[2026-03-10T04:47:58.401Z] Running lib/data-backup.js...
[2026-03-10T04:47:58.432Z] [lib/data-backup.js] ERROR: node:internal/modules/cjs/loader:1031
  throw err;
  ^

Error: Cannot find module '/home/runner/work/liquiditydashboard/liquiditydashboard/web/lib/data-backup.js'
    at Function.Module._resolveFilename (node:internal/modules/cjs/loader:1028:15)
    at Function.Module._load (node:internal/modules/cjs/loader:873:27)
    at Function.executeUserEntryPoint [as runMain] (node:internal/modules/run_main:81:12)
    at node:internal/main/run_main_module:22:47 {
  code: 'MODULE_NOT_FOUND',
  requireStack: []
}
[2026-03-10T04:47:58.435Z] lib/data-backup.js failed with exit code 1
[2026-03-10T04:47:58.435Z] Running lib/data-backup.js clean...
[2026-03-10T04:47:58.464Z] [lib/data-backup.js clean] ERROR: node:internal/modules/cjs/loader:1031
  throw err;
  ^

Error: Cannot find module '/home/runner/work/liquiditydashboard/liquiditydashboard/web/lib/data-backup.js'
    at Function.Module._resolveFilename (node:internal/modules/cjs/loader:1028:15)
    at Function.Module._load (node:internal/modules/cjs/loader:873:27)
    at Function.executeUserEntryPoint [as runMain] (node:internal/modules/run_main:81:12)
    at node:internal/main/run_main_module:22:47 {
  code: 'MODULE_NOT_FOUND',
  requireStack: []
}
[2026-03-10T04:47:58.466Z] lib/data-backup.js clean failed with exit code 1
[2026-03-10T04:47:58.466Z] Running lib/import-historical-move-data.js...
[2026-03-10T04:47:58.495Z] [lib/import-historical-move-data.js] ERROR: node:internal/modules/cjs/loader:1031
  throw err;
  ^

Error: Cannot find module '/home/runner/work/liquiditydashboard/liquiditydashboard/web/lib/import-historical-move-data.js'
    at Function.Module._resolveFilename (node:internal/modules/cjs/loader:1028:15)
    at Function.Module._load (node:internal/modules/cjs/loader:873:27)
    at Function.executeUserEntryPoint [as runMain] (node:internal/modules/run_main:81:12)
    at node:internal/main/run_main_module:22:47 {
  code: 'MODULE_NOT_FOUND',
  requireStack: []
}
[2026-03-10T04:47:58.497Z] lib/import-historical-move-data.js failed with exit code 1
[2026-03-10T04:47:58.497Z] Running lib/fetch-move-data.js...
[2026-03-10T04:47:58.527Z] [lib/fetch-move-data.js] ERROR: node:internal/modules/cjs/loader:1031
  throw err;
  ^

Error: Cannot find module '/home/runner/work/liquiditydashboard/liquiditydashboard/web/lib/fetch-move-data.js'
    at Function.Module._resolveFilename (node:internal/modules/cjs/loader:1028:15)
    at Function.Module._load (node:internal/modules/cjs/loader:873:27)
    at Function.executeUserEntryPoint [as runMain] (node:internal/modules/run_main:81:12)
    at node:internal/main/run_main_module:22:47 {
  code: 'MODULE_NOT_FOUND',
  requireStack: []
}
[2026-03-10T04:47:58.529Z] lib/fetch-move-data.js failed with exit code 1
[2026-03-10T04:47:58.529Z] Running lib/fetch-srf-data.js...
[2026-03-10T04:47:58.558Z] [lib/fetch-srf-data.js] ERROR: node:internal/modules/cjs/loader:1031
  throw err;
  ^

Error: Cannot find module '/home/runner/work/liquiditydashboard/liquiditydashboard/web/lib/fetch-srf-data.js'
    at Function.Module._resolveFilename (node:internal/modules/cjs/loader:1028:15)
    at Function.Module._load (node:internal/modules/cjs/loader:873:27)
    at Function.executeUserEntryPoint [as runMain] (node:internal/modules/run_main:81:12)
    at node:internal/main/run_main_module:22:47 {
  code: 'MODULE_NOT_FOUND',
  requireStack: []
}
[2026-03-10T04:47:58.561Z] lib/fetch-srf-data.js failed with exit code 1
[2026-03-10T04:47:58.561Z] Running lib/fetch-bill-share-data.js...
[2026-03-10T04:47:58.591Z] [lib/fetch-bill-share-data.js] ERROR: node:internal/modules/cjs/loader:1031
  throw err;
  ^

Error: Cannot find module '/home/runner/work/liquiditydashboard/liquiditydashboard/web/lib/fetch-bill-share-data.js'
    at Function.Module._resolveFilename (node:internal/modules/cjs/loader:1028:15)
    at Function.Module._load (node:internal/modules/cjs/loader:873:27)
    at Function.executeUserEntryPoint [as runMain] (node:internal/modules/run_main:81:12)
    at node:internal/main/run_main_module:22:47 {
  code: 'MODULE_NOT_FOUND',
  requireStack: []
}
[2026-03-10T04:47:58.593Z] lib/fetch-bill-share-data.js failed with exit code 1
[2026-03-10T04:47:58.593Z] Running lib/cleanup-future-dates.js...
[2026-03-10T04:47:58.670Z] [lib/cleanup-future-dates.js] Starting data cleanup process...
[2026-03-10T04:47:58.893Z] [lib/cleanup-future-dates.js] WorldTimeAPI failed, trying alternative source
[2026-03-10T04:47:59.604Z] [lib/cleanup-future-dates.js] Using TimeAPI date: 2026-03-10T04:47:59.3149641
[2026-03-10T04:47:59.604Z] [lib/cleanup-future-dates.js] Using reference date: 2026-3-10
[2026-03-10T04:47:59.605Z] [lib/cleanup-future-dates.js] Processing MOVE index data (/home/runner/work/liquiditydashboard/liquiditydashboard/web/public/series/move.json)...
Loaded 111 MOVE index data points
[2026-03-10T04:47:59.605Z] [lib/cleanup-future-dates.js] No future-dated entries found in MOVE index data

Processing SRF data (/home/runner/work/liquiditydashboard/liquiditydashboard/web/public/series/srf.json)...
[2026-03-10T04:47:59.606Z] [lib/cleanup-future-dates.js] Loaded 1017 SRF data points
[2026-03-10T04:47:59.607Z] [lib/cleanup-future-dates.js] No future-dated entries found in SRF data
[2026-03-10T04:47:59.607Z] [lib/cleanup-future-dates.js] Processing Treasury bill share data (/home/runner/work/liquiditydashboard/liquiditydashboard/web/public/series/bill-share.json)...
[2026-03-10T04:47:59.607Z] [lib/cleanup-future-dates.js] Loaded 282 Treasury bill share data points
[2026-03-10T04:47:59.608Z] [lib/cleanup-future-dates.js] No future-dated entries found in Treasury bill share data
[2026-03-10T04:47:59.608Z] [lib/cleanup-future-dates.js] Cleanup complete! Removed 0 future-dated entries in total.
[2026-03-10T04:47:59.608Z] [lib/cleanup-future-dates.js] Data cleanup completed with no changes needed
[2026-03-10T04:47:59.611Z] lib/cleanup-future-dates.js completed successfully
[2026-03-10T04:47:59.611Z] Running lib/validate-data.js...
[2026-03-10T04:47:59.688Z] [lib/validate-data.js] Running data validation...
[2026-03-10T04:47:59.688Z] [lib/validate-data.js] Validating MOVE index data...
[2026-03-10T04:47:59.689Z] [lib/validate-data.js] Found 111 MOVE data points
[2026-03-10T04:47:59.763Z] [lib/validate-data.js] WorldTimeAPI failed, trying alternative source
[2026-03-10T04:48:00.315Z] [lib/validate-data.js] Using TimeAPI date: 2026-03-10T04:48:00.0295891
[2026-03-10T04:48:00.315Z] [lib/validate-data.js] Using reference date: 2026-3-10
[2026-03-10T04:48:00.316Z] [lib/validate-data.js] MOVE index data validation passed ✓
[2026-03-10T04:48:00.316Z] [lib/validate-data.js] Validating SRF data...
[2026-03-10T04:48:00.317Z] [lib/validate-data.js] Found 1017 SRF data points
[2026-03-10T04:48:00.411Z] [lib/validate-data.js] WorldTimeAPI failed, trying alternative source
[2026-03-10T04:48:01.152Z] [lib/validate-data.js] Using TimeAPI date: 2026-03-10T04:48:00.8664241
[2026-03-10T04:48:01.154Z] [lib/validate-data.js] SRF data validation passed ✓
[2026-03-10T04:48:01.154Z] [lib/validate-data.js] Validating Treasury funding data...
[2026-03-10T04:48:01.154Z] [lib/validate-data.js] Found 282 Treasury funding data points
[2026-03-10T04:48:01.155Z] [lib/validate-data.js] Treasury funding data validation passed ✓
[2026-03-10T04:48:01.155Z] [lib/validate-data.js] All data validation passed ✓
[2026-03-10T04:48:01.158Z] lib/validate-data.js completed successfully
[2026-03-10T04:48:01.158Z] Dashboard update process completed successfully
