[2025-10-10T03:34:58.536Z] Starting Liquidity Dashboard update process
[2025-10-10T03:34:58.537Z] Running lib/data-backup.js...
[2025-10-10T03:34:58.566Z] [lib/data-backup.js] ERROR: node:internal/modules/cjs/loader:1031
  throw err;
  ^

Error: Cannot find module '/home/runner/work/liquiditydashboard/liquiditydashboard/web/lib/data-backup.js'
    at Function.Module._resolveFilename (node:internal/modules/cjs/loader:1028:15)
    at Function.Module._load (node:internal/modules/cjs/loader:873:27)
    at Function.executeUserEntryPoint [as runMain] (node:internal/modules/run_main:81:12)
    at node:internal/main/run_main_module:22:47 {
  code: 'MODULE_NOT_FOUND',
  requireStack: []
}
[2025-10-10T03:34:58.568Z] lib/data-backup.js failed with exit code 1
[2025-10-10T03:34:58.568Z] Running lib/data-backup.js clean...
[2025-10-10T03:34:58.596Z] [lib/data-backup.js clean] ERROR: node:internal/modules/cjs/loader:1031
  throw err;
  ^

Error: Cannot find module '/home/runner/work/liquiditydashboard/liquiditydashboard/web/lib/data-backup.js'
    at Function.Module._resolveFilename (node:internal/modules/cjs/loader:1028:15)
    at Function.Module._load (node:internal/modules/cjs/loader:873:27)
    at Function.executeUserEntryPoint [as runMain] (node:internal/modules/run_main:81:12)
    at node:internal/main/run_main_module:22:47 {
  code: 'MODULE_NOT_FOUND',
  requireStack: []
}
[2025-10-10T03:34:58.598Z] lib/data-backup.js clean failed with exit code 1
[2025-10-10T03:34:58.598Z] Running lib/import-historical-move-data.js...
[2025-10-10T03:34:58.625Z] [lib/import-historical-move-data.js] ERROR: node:internal/modules/cjs/loader:1031
  throw err;
  ^

Error: Cannot find module '/home/runner/work/liquiditydashboard/liquiditydashboard/web/lib/import-historical-move-data.js'
    at Function.Module._resolveFilename (node:internal/modules/cjs/loader:1028:15)
    at Function.Module._load (node:internal/modules/cjs/loader:873:27)
    at Function.executeUserEntryPoint [as runMain] (node:internal/modules/run_main:81:12)
    at node:internal/main/run_main_module:22:47 {
  code: 'MODULE_NOT_FOUND',
  requireStack: []
}
[2025-10-10T03:34:58.627Z] lib/import-historical-move-data.js failed with exit code 1
[2025-10-10T03:34:58.627Z] Running lib/fetch-move-data.js...
[2025-10-10T03:34:58.655Z] [lib/fetch-move-data.js] ERROR: node:internal/modules/cjs/loader:1031
  throw err;
  ^

Error: Cannot find module '/home/runner/work/liquiditydashboard/liquiditydashboard/web/lib/fetch-move-data.js'
    at Function.Module._resolveFilename (node:internal/modules/cjs/loader:1028:15)
    at Function.Module._load (node:internal/modules/cjs/loader:873:27)
    at Function.executeUserEntryPoint [as runMain] (node:internal/modules/run_main:81:12)
    at node:internal/main/run_main_module:22:47 {
  code: 'MODULE_NOT_FOUND',
  requireStack: []
}
[2025-10-10T03:34:58.657Z] lib/fetch-move-data.js failed with exit code 1
[2025-10-10T03:34:58.657Z] Running lib/fetch-srf-data.js...
[2025-10-10T03:34:58.687Z] [lib/fetch-srf-data.js] ERROR: node:internal/modules/cjs/loader:1031
  throw err;
  ^

Error: Cannot find module '/home/runner/work/liquiditydashboard/liquiditydashboard/web/lib/fetch-srf-data.js'
    at Function.Module._resolveFilename (node:internal/modules/cjs/loader:1028:15)
    at Function.Module._load (node:internal/modules/cjs/loader:873:27)
    at Function.executeUserEntryPoint [as runMain] (node:internal/modules/run_main:81:12)
    at node:internal/main/run_main_module:22:47 {
  code: 'MODULE_NOT_FOUND',
  requireStack: []
}
[2025-10-10T03:34:58.690Z] lib/fetch-srf-data.js failed with exit code 1
[2025-10-10T03:34:58.690Z] Running lib/fetch-bill-share-data.js...
[2025-10-10T03:34:58.734Z] [lib/fetch-bill-share-data.js] ERROR: node:internal/modules/cjs/loader:1031
  throw err;
  ^

Error: Cannot find module '/home/runner/work/liquiditydashboard/liquiditydashboard/web/lib/fetch-bill-share-data.js'
    at Function.Module._resolveFilename (node:internal/modules/cjs/loader:1028:15)
    at Function.Module._load (node:internal/modules/cjs/loader:873:27)
    at Function.executeUserEntryPoint [as runMain] (node:internal/modules/run_main:81:12)
    at node:internal/main/run_main_module:22:47 {
  code: 'MODULE_NOT_FOUND',
  requireStack: []
}
[2025-10-10T03:34:58.738Z] lib/fetch-bill-share-data.js failed with exit code 1
[2025-10-10T03:34:58.738Z] Running lib/cleanup-future-dates.js...
[2025-10-10T03:34:58.956Z] [lib/cleanup-future-dates.js] Starting data cleanup process...
[2025-10-10T03:34:59.297Z] [lib/cleanup-future-dates.js] WorldTimeAPI failed, trying alternative source
[2025-10-10T03:34:59.937Z] [lib/cleanup-future-dates.js] Using TimeAPI date: 2025-10-10T03:34:59.8711233
[2025-10-10T03:34:59.938Z] [lib/cleanup-future-dates.js] Using reference date: 2025-10-10
[2025-10-10T03:34:59.938Z] [lib/cleanup-future-dates.js] Processing MOVE index data (/home/runner/work/liquiditydashboard/liquiditydashboard/web/public/series/move.json)...
[2025-10-10T03:34:59.938Z] [lib/cleanup-future-dates.js] Loaded 111 MOVE index data points
[2025-10-10T03:34:59.938Z] [lib/cleanup-future-dates.js] No future-dated entries found in MOVE index data
[2025-10-10T03:34:59.939Z] [lib/cleanup-future-dates.js] Processing SRF data (/home/runner/work/liquiditydashboard/liquiditydashboard/web/public/series/srf.json)...
[2025-10-10T03:34:59.940Z] [lib/cleanup-future-dates.js] Loaded 1017 SRF data points
[2025-10-10T03:34:59.941Z] [lib/cleanup-future-dates.js] No future-dated entries found in SRF data
[2025-10-10T03:34:59.941Z] [lib/cleanup-future-dates.js] Processing Treasury bill share data (/home/runner/work/liquiditydashboard/liquiditydashboard/web/public/series/bill-share.json)...
[2025-10-10T03:34:59.941Z] [lib/cleanup-future-dates.js] Loaded 282 Treasury bill share data points
[2025-10-10T03:34:59.942Z] [lib/cleanup-future-dates.js] No future-dated entries found in Treasury bill share data
[2025-10-10T03:34:59.942Z] [lib/cleanup-future-dates.js] Cleanup complete! Removed 0 future-dated entries in total.
Data cleanup completed with no changes needed
[2025-10-10T03:34:59.945Z] lib/cleanup-future-dates.js completed successfully
[2025-10-10T03:34:59.945Z] Running lib/validate-data.js...
[2025-10-10T03:35:00.017Z] [lib/validate-data.js] Running data validation...
[2025-10-10T03:35:00.018Z] [lib/validate-data.js] Validating MOVE index data...
[2025-10-10T03:35:00.018Z] [lib/validate-data.js] Found 111 MOVE data points
[2025-10-10T03:35:00.321Z] [lib/validate-data.js] Using WorldTimeAPI date: 2025-10-10T03:35:00.290295+00:00
[2025-10-10T03:35:00.321Z] [lib/validate-data.js] Using reference date: 2025-10-10
[2025-10-10T03:35:00.322Z] [lib/validate-data.js] MOVE index data validation passed ✓
[2025-10-10T03:35:00.322Z] [lib/validate-data.js] Validating SRF data...
[2025-10-10T03:35:00.322Z] [lib/validate-data.js] Found 1017 SRF data points
[2025-10-10T03:35:00.429Z] [lib/validate-data.js] WorldTimeAPI failed, trying alternative source
[2025-10-10T03:35:01.531Z] [lib/validate-data.js] Using TimeAPI date: 2025-10-10T03:35:01.465017
[2025-10-10T03:35:01.533Z] [lib/validate-data.js] SRF data validation passed ✓
[2025-10-10T03:35:01.533Z] [lib/validate-data.js] Validating Treasury funding data...
[2025-10-10T03:35:01.533Z] [lib/validate-data.js] Found 282 Treasury funding data points
[2025-10-10T03:35:01.534Z] [lib/validate-data.js] Treasury funding data validation passed ✓
[2025-10-10T03:35:01.534Z] [lib/validate-data.js] All data validation passed ✓
[2025-10-10T03:35:01.537Z] lib/validate-data.js completed successfully
[2025-10-10T03:35:01.537Z] Dashboard update process completed successfully
