[2025-05-31T03:43:14.436Z] Starting Liquidity Dashboard update process
[2025-05-31T03:43:14.437Z] Running lib/data-backup.js...
[2025-05-31T03:43:14.467Z] [lib/data-backup.js] ERROR: node:internal/modules/cjs/loader:1031
  throw err;
  ^

Error: Cannot find module '/home/runner/work/liquiditydashboard/liquiditydashboard/web/lib/data-backup.js'
    at Function.Module._resolveFilename (node:internal/modules/cjs/loader:1028:15)
    at Function.Module._load (node:internal/modules/cjs/loader:873:27)
    at Function.executeUserEntryPoint [as runMain] (node:internal/modules/run_main:81:12)
    at node:internal/main/run_main_module:22:47 {
  code: 'MODULE_NOT_FOUND',
  requireStack: []
}
[2025-05-31T03:43:14.469Z] lib/data-backup.js failed with exit code 1
[2025-05-31T03:43:14.469Z] Running lib/data-backup.js clean...
[2025-05-31T03:43:14.498Z] [lib/data-backup.js clean] ERROR: node:internal/modules/cjs/loader:1031
  throw err;
  ^

Error: Cannot find module '/home/runner/work/liquiditydashboard/liquiditydashboard/web/lib/data-backup.js'
    at Function.Module._resolveFilename (node:internal/modules/cjs/loader:1028:15)
    at Function.Module._load (node:internal/modules/cjs/loader:873:27)
    at Function.executeUserEntryPoint [as runMain] (node:internal/modules/run_main:81:12)
    at node:internal/main/run_main_module:22:47 {
  code: 'MODULE_NOT_FOUND',
  requireStack: []
}
[2025-05-31T03:43:14.500Z] lib/data-backup.js clean failed with exit code 1
[2025-05-31T03:43:14.500Z] Running lib/import-historical-move-data.js...
[2025-05-31T03:43:14.527Z] [lib/import-historical-move-data.js] ERROR: node:internal/modules/cjs/loader:1031
  throw err;
  ^

Error: Cannot find module '/home/runner/work/liquiditydashboard/liquiditydashboard/web/lib/import-historical-move-data.js'
    at Function.Module._resolveFilename (node:internal/modules/cjs/loader:1028:15)
    at Function.Module._load (node:internal/modules/cjs/loader:873:27)
    at Function.executeUserEntryPoint [as runMain] (node:internal/modules/run_main:81:12)
    at node:internal/main/run_main_module:22:47 {
  code: 'MODULE_NOT_FOUND',
  requireStack: []
}
[2025-05-31T03:43:14.530Z] lib/import-historical-move-data.js failed with exit code 1
[2025-05-31T03:43:14.530Z] Running lib/fetch-move-data.js...
[2025-05-31T03:43:14.558Z] [lib/fetch-move-data.js] ERROR: node:internal/modules/cjs/loader:1031
  throw err;
  ^

Error: Cannot find module '/home/runner/work/liquiditydashboard/liquiditydashboard/web/lib/fetch-move-data.js'
    at Function.Module._resolveFilename (node:internal/modules/cjs/loader:1028:15)
    at Function.Module._load (node:internal/modules/cjs/loader:873:27)
    at Function.executeUserEntryPoint [as runMain] (node:internal/modules/run_main:81:12)
    at node:internal/main/run_main_module:22:47 {
  code: 'MODULE_NOT_FOUND',
  requireStack: []
}
[2025-05-31T03:43:14.559Z] lib/fetch-move-data.js failed with exit code 1
[2025-05-31T03:43:14.560Z] Running lib/fetch-srf-data.js...
[2025-05-31T03:43:14.587Z] [lib/fetch-srf-data.js] ERROR: node:internal/modules/cjs/loader:1031
  throw err;
  ^

Error: Cannot find module '/home/runner/work/liquiditydashboard/liquiditydashboard/web/lib/fetch-srf-data.js'
    at Function.Module._resolveFilename (node:internal/modules/cjs/loader:1028:15)
    at Function.Module._load (node:internal/modules/cjs/loader:873:27)
    at Function.executeUserEntryPoint [as runMain] (node:internal/modules/run_main:81:12)
    at node:internal/main/run_main_module:22:47 {
  code: 'MODULE_NOT_FOUND',
  requireStack: []
}
[2025-05-31T03:43:14.590Z] lib/fetch-srf-data.js failed with exit code 1
[2025-05-31T03:43:14.590Z] Running lib/fetch-bill-share-data.js...
[2025-05-31T03:43:14.618Z] [lib/fetch-bill-share-data.js] ERROR: node:internal/modules/cjs/loader:1031
  throw err;
  ^

Error: Cannot find module '/home/runner/work/liquiditydashboard/liquiditydashboard/web/lib/fetch-bill-share-data.js'
    at Function.Module._resolveFilename (node:internal/modules/cjs/loader:1028:15)
    at Function.Module._load (node:internal/modules/cjs/loader:873:27)
    at Function.executeUserEntryPoint [as runMain] (node:internal/modules/run_main:81:12)
    at node:internal/main/run_main_module:22:47 {
  code: 'MODULE_NOT_FOUND',
  requireStack: []
}
[2025-05-31T03:43:14.620Z] lib/fetch-bill-share-data.js failed with exit code 1
[2025-05-31T03:43:14.620Z] Running lib/cleanup-future-dates.js...
[2025-05-31T03:43:14.698Z] [lib/cleanup-future-dates.js] Starting data cleanup process...
[2025-05-31T03:43:14.902Z] [lib/cleanup-future-dates.js] WorldTimeAPI failed, trying alternative source
[2025-05-31T03:43:15.491Z] [lib/cleanup-future-dates.js] Using TimeAPI date: 2025-05-31T03:43:15.4374122
[2025-05-31T03:43:15.492Z] [lib/cleanup-future-dates.js] Using reference date: 2025-5-31
[2025-05-31T03:43:15.492Z] [lib/cleanup-future-dates.js] Processing MOVE index data (/home/runner/work/liquiditydashboard/liquiditydashboard/web/public/series/move.json)...
[2025-05-31T03:43:15.492Z] [lib/cleanup-future-dates.js] Loaded 111 MOVE index data points
[2025-05-31T03:43:15.492Z] [lib/cleanup-future-dates.js] No future-dated entries found in MOVE index data

Processing SRF data (/home/runner/work/liquiditydashboard/liquiditydashboard/web/public/series/srf.json)...
[2025-05-31T03:43:15.493Z] [lib/cleanup-future-dates.js] Loaded 1017 SRF data points
[2025-05-31T03:43:15.494Z] [lib/cleanup-future-dates.js] No future-dated entries found in SRF data
[2025-05-31T03:43:15.494Z] [lib/cleanup-future-dates.js] Processing Treasury bill share data (/home/runner/work/liquiditydashboard/liquiditydashboard/web/public/series/bill-share.json)...
Loaded 282 Treasury bill share data points
[2025-05-31T03:43:15.495Z] [lib/cleanup-future-dates.js] No future-dated entries found in Treasury bill share data

Cleanup complete! Removed 0 future-dated entries in total.
Data cleanup completed with no changes needed
[2025-05-31T03:43:15.499Z] lib/cleanup-future-dates.js completed successfully
[2025-05-31T03:43:15.499Z] Running lib/validate-data.js...
[2025-05-31T03:43:15.571Z] [lib/validate-data.js] Running data validation...
[2025-05-31T03:43:15.572Z] [lib/validate-data.js] Validating MOVE index data...
[2025-05-31T03:43:15.572Z] [lib/validate-data.js] Found 111 MOVE data points
[2025-05-31T03:43:15.596Z] [lib/validate-data.js] WorldTimeAPI failed, trying alternative source
[2025-05-31T03:43:16.055Z] [lib/validate-data.js] Using TimeAPI date: 2025-05-31T03:43:16.0029472
[2025-05-31T03:43:16.055Z] [lib/validate-data.js] Using reference date: 2025-5-31
[2025-05-31T03:43:16.056Z] [lib/validate-data.js] MOVE index data validation passed ✓
[2025-05-31T03:43:16.056Z] [lib/validate-data.js] Validating SRF data...
[2025-05-31T03:43:16.057Z] [lib/validate-data.js] Found 1017 SRF data points
[2025-05-31T03:43:16.494Z] [lib/validate-data.js] Using WorldTimeAPI date: 2025-05-31T03:43:16.403452+00:00
[2025-05-31T03:43:16.496Z] [lib/validate-data.js] SRF data validation passed ✓
[2025-05-31T03:43:16.496Z] [lib/validate-data.js] Validating Treasury funding data...
[2025-05-31T03:43:16.496Z] [lib/validate-data.js] Found 282 Treasury funding data points
[2025-05-31T03:43:16.496Z] [lib/validate-data.js] Treasury funding data validation passed ✓
[2025-05-31T03:43:16.497Z] [lib/validate-data.js] All data validation passed ✓
[2025-05-31T03:43:16.500Z] lib/validate-data.js completed successfully
[2025-05-31T03:43:16.500Z] Dashboard update process completed successfully
