[2026-06-15T09:29:26.299Z] Starting Liquidity Dashboard update process
[2026-06-15T09:29:26.300Z] Running lib/data-backup.js...
[2026-06-15T09:29:26.331Z] [lib/data-backup.js] ERROR: node:internal/modules/cjs/loader:1031
  throw err;
  ^

Error: Cannot find module '/home/runner/work/liquiditydashboard/liquiditydashboard/web/lib/data-backup.js'
    at Function.Module._resolveFilename (node:internal/modules/cjs/loader:1028:15)
    at Function.Module._load (node:internal/modules/cjs/loader:873:27)
    at Function.executeUserEntryPoint [as runMain] (node:internal/modules/run_main:81:12)
    at node:internal/main/run_main_module:22:47 {
  code: 'MODULE_NOT_FOUND',
  requireStack: []
}
[2026-06-15T09:29:26.334Z] lib/data-backup.js failed with exit code 1
[2026-06-15T09:29:26.335Z] Running lib/data-backup.js clean...
[2026-06-15T09:29:26.365Z] [lib/data-backup.js clean] ERROR: node:internal/modules/cjs/loader:1031
  throw err;
  ^

Error: Cannot find module '/home/runner/work/liquiditydashboard/liquiditydashboard/web/lib/data-backup.js'
    at Function.Module._resolveFilename (node:internal/modules/cjs/loader:1028:15)
    at Function.Module._load (node:internal/modules/cjs/loader:873:27)
    at Function.executeUserEntryPoint [as runMain] (node:internal/modules/run_main:81:12)
    at node:internal/main/run_main_module:22:47 {
  code: 'MODULE_NOT_FOUND',
  requireStack: []
}
[2026-06-15T09:29:26.366Z] lib/data-backup.js clean failed with exit code 1
[2026-06-15T09:29:26.367Z] Running lib/import-historical-move-data.js...
[2026-06-15T09:29:26.398Z] [lib/import-historical-move-data.js] ERROR: node:internal/modules/cjs/loader:1031
  throw err;
  ^

Error: Cannot find module '/home/runner/work/liquiditydashboard/liquiditydashboard/web/lib/import-historical-move-data.js'
    at Function.Module._resolveFilename (node:internal/modules/cjs/loader:1028:15)
    at Function.Module._load (node:internal/modules/cjs/loader:873:27)
    at Function.executeUserEntryPoint [as runMain] (node:internal/modules/run_main:81:12)
    at node:internal/main/run_main_module:22:47 {
  code: 'MODULE_NOT_FOUND',
  requireStack: []
}
[2026-06-15T09:29:26.400Z] lib/import-historical-move-data.js failed with exit code 1
[2026-06-15T09:29:26.400Z] Running lib/fetch-move-data.js...
[2026-06-15T09:29:26.431Z] [lib/fetch-move-data.js] ERROR: node:internal/modules/cjs/loader:1031
  throw err;
  ^

Error: Cannot find module '/home/runner/work/liquiditydashboard/liquiditydashboard/web/lib/fetch-move-data.js'
    at Function.Module._resolveFilename (node:internal/modules/cjs/loader:1028:15)
    at Function.Module._load (node:internal/modules/cjs/loader:873:27)
    at Function.executeUserEntryPoint [as runMain] (node:internal/modules/run_main:81:12)
    at node:internal/main/run_main_module:22:47 {
  code: 'MODULE_NOT_FOUND',
  requireStack: []
}
[2026-06-15T09:29:26.433Z] lib/fetch-move-data.js failed with exit code 1
[2026-06-15T09:29:26.434Z] Running lib/fetch-srf-data.js...
[2026-06-15T09:29:26.465Z] [lib/fetch-srf-data.js] ERROR: node:internal/modules/cjs/loader:1031
  throw err;
  ^

Error: Cannot find module '/home/runner/work/liquiditydashboard/liquiditydashboard/web/lib/fetch-srf-data.js'
    at Function.Module._resolveFilename (node:internal/modules/cjs/loader:1028:15)
    at Function.Module._load (node:internal/modules/cjs/loader:873:27)
    at Function.executeUserEntryPoint [as runMain] (node:internal/modules/run_main:81:12)
    at node:internal/main/run_main_module:22:47 {
  code: 'MODULE_NOT_FOUND',
  requireStack: []
}
[2026-06-15T09:29:26.467Z] lib/fetch-srf-data.js failed with exit code 1
[2026-06-15T09:29:26.468Z] Running lib/fetch-bill-share-data.js...
[2026-06-15T09:29:26.498Z] [lib/fetch-bill-share-data.js] ERROR: node:internal/modules/cjs/loader:1031
  throw err;
  ^

Error: Cannot find module '/home/runner/work/liquiditydashboard/liquiditydashboard/web/lib/fetch-bill-share-data.js'
    at Function.Module._resolveFilename (node:internal/modules/cjs/loader:1028:15)
    at Function.Module._load (node:internal/modules/cjs/loader:873:27)
    at Function.executeUserEntryPoint [as runMain] (node:internal/modules/run_main:81:12)
    at node:internal/main/run_main_module:22:47 {
  code: 'MODULE_NOT_FOUND',
  requireStack: []
}
[2026-06-15T09:29:26.500Z] lib/fetch-bill-share-data.js failed with exit code 1
[2026-06-15T09:29:26.500Z] Running lib/cleanup-future-dates.js...
[2026-06-15T09:29:26.587Z] [lib/cleanup-future-dates.js] Starting data cleanup process...
[2026-06-15T09:29:26.829Z] [lib/cleanup-future-dates.js] WorldTimeAPI failed, trying alternative source
[2026-06-15T09:29:27.490Z] [lib/cleanup-future-dates.js] Using TimeAPI date: 2026-06-15T09:29:28.6596353
[2026-06-15T09:29:27.490Z] [lib/cleanup-future-dates.js] Using reference date: 2026-6-15

Processing MOVE index data (/home/runner/work/liquiditydashboard/liquiditydashboard/web/public/series/move.json)...
[2026-06-15T09:29:27.491Z] [lib/cleanup-future-dates.js] Loaded 111 MOVE index data points
[2026-06-15T09:29:27.491Z] [lib/cleanup-future-dates.js] No future-dated entries found in MOVE index data
[2026-06-15T09:29:27.491Z] [lib/cleanup-future-dates.js] Processing SRF data (/home/runner/work/liquiditydashboard/liquiditydashboard/web/public/series/srf.json)...
[2026-06-15T09:29:27.492Z] [lib/cleanup-future-dates.js] Loaded 1017 SRF data points
[2026-06-15T09:29:27.493Z] [lib/cleanup-future-dates.js] No future-dated entries found in SRF data
[2026-06-15T09:29:27.493Z] [lib/cleanup-future-dates.js] Processing Treasury bill share data (/home/runner/work/liquiditydashboard/liquiditydashboard/web/public/series/bill-share.json)...
[2026-06-15T09:29:27.493Z] [lib/cleanup-future-dates.js] Loaded 282 Treasury bill share data points
[2026-06-15T09:29:27.494Z] [lib/cleanup-future-dates.js] No future-dated entries found in Treasury bill share data
[2026-06-15T09:29:27.494Z] [lib/cleanup-future-dates.js] Cleanup complete! Removed 0 future-dated entries in total.
[2026-06-15T09:29:27.494Z] [lib/cleanup-future-dates.js] Data cleanup completed with no changes needed
[2026-06-15T09:29:27.498Z] lib/cleanup-future-dates.js completed successfully
[2026-06-15T09:29:27.498Z] Running lib/validate-data.js...
[2026-06-15T09:29:27.585Z] [lib/validate-data.js] Running data validation...
[2026-06-15T09:29:27.586Z] [lib/validate-data.js] Validating MOVE index data...
[2026-06-15T09:29:27.586Z] [lib/validate-data.js] Found 111 MOVE data points
[2026-06-15T09:29:27.666Z] [lib/validate-data.js] WorldTimeAPI failed, trying alternative source
[2026-06-15T09:29:28.185Z] [lib/validate-data.js] Using TimeAPI date: 2026-06-15T09:29:29.3509514
[2026-06-15T09:29:28.185Z] [lib/validate-data.js] Using reference date: 2026-6-15
[2026-06-15T09:29:28.186Z] [lib/validate-data.js] MOVE index data validation passed ✓
[2026-06-15T09:29:28.186Z] [lib/validate-data.js] Validating SRF data...
[2026-06-15T09:29:28.186Z] [lib/validate-data.js] Found 1017 SRF data points
[2026-06-15T09:29:28.211Z] [lib/validate-data.js] WorldTimeAPI failed, trying alternative source
[2026-06-15T09:29:28.700Z] [lib/validate-data.js] Using TimeAPI date: 2026-06-15T09:29:29.8699443
[2026-06-15T09:29:28.703Z] [lib/validate-data.js] SRF data validation passed ✓
[2026-06-15T09:29:28.703Z] [lib/validate-data.js] Validating Treasury funding data...
[2026-06-15T09:29:28.703Z] [lib/validate-data.js] Found 282 Treasury funding data points
[2026-06-15T09:29:28.704Z] [lib/validate-data.js] Treasury funding data validation passed ✓
[2026-06-15T09:29:28.704Z] [lib/validate-data.js] All data validation passed ✓
[2026-06-15T09:29:28.707Z] lib/validate-data.js completed successfully
[2026-06-15T09:29:28.707Z] Dashboard update process completed successfully
