[2026-05-17T06:27:01.794Z] Starting Liquidity Dashboard update process
[2026-05-17T06:27:01.795Z] Running lib/data-backup.js...
[2026-05-17T06:27:01.827Z] [lib/data-backup.js] ERROR: node:internal/modules/cjs/loader:1031
  throw err;
  ^

Error: Cannot find module '/home/runner/work/liquiditydashboard/liquiditydashboard/web/lib/data-backup.js'
    at Function.Module._resolveFilename (node:internal/modules/cjs/loader:1028:15)
    at Function.Module._load (node:internal/modules/cjs/loader:873:27)
    at Function.executeUserEntryPoint [as runMain] (node:internal/modules/run_main:81:12)
    at node:internal/main/run_main_module:22:47 {
  code: 'MODULE_NOT_FOUND',
  requireStack: []
}
[2026-05-17T06:27:01.829Z] lib/data-backup.js failed with exit code 1
[2026-05-17T06:27:01.829Z] Running lib/data-backup.js clean...
[2026-05-17T06:27:01.861Z] [lib/data-backup.js clean] ERROR: node:internal/modules/cjs/loader:1031
  throw err;
  ^

Error: Cannot find module '/home/runner/work/liquiditydashboard/liquiditydashboard/web/lib/data-backup.js'
    at Function.Module._resolveFilename (node:internal/modules/cjs/loader:1028:15)
    at Function.Module._load (node:internal/modules/cjs/loader:873:27)
    at Function.executeUserEntryPoint [as runMain] (node:internal/modules/run_main:81:12)
    at node:internal/main/run_main_module:22:47 {
  code: 'MODULE_NOT_FOUND',
  requireStack: []
}
[2026-05-17T06:27:01.863Z] lib/data-backup.js clean failed with exit code 1
[2026-05-17T06:27:01.863Z] Running lib/import-historical-move-data.js...
[2026-05-17T06:27:01.898Z] [lib/import-historical-move-data.js] ERROR: node:internal/modules/cjs/loader:1031
  throw err;
  ^

Error: Cannot find module '/home/runner/work/liquiditydashboard/liquiditydashboard/web/lib/import-historical-move-data.js'
    at Function.Module._resolveFilename (node:internal/modules/cjs/loader:1028:15)
    at Function.Module._load (node:internal/modules/cjs/loader:873:27)
    at Function.executeUserEntryPoint [as runMain] (node:internal/modules/run_main:81:12)
    at node:internal/main/run_main_module:22:47 {
  code: 'MODULE_NOT_FOUND',
  requireStack: []
}
[2026-05-17T06:27:01.899Z] lib/import-historical-move-data.js failed with exit code 1
[2026-05-17T06:27:01.900Z] Running lib/fetch-move-data.js...
[2026-05-17T06:27:01.931Z] [lib/fetch-move-data.js] ERROR: node:internal/modules/cjs/loader:1031
  throw err;
  ^

Error: Cannot find module '/home/runner/work/liquiditydashboard/liquiditydashboard/web/lib/fetch-move-data.js'
    at Function.Module._resolveFilename (node:internal/modules/cjs/loader:1028:15)
    at Function.Module._load (node:internal/modules/cjs/loader:873:27)
    at Function.executeUserEntryPoint [as runMain] (node:internal/modules/run_main:81:12)
    at node:internal/main/run_main_module:22:47 {
  code: 'MODULE_NOT_FOUND',
  requireStack: []
}
[2026-05-17T06:27:01.932Z] lib/fetch-move-data.js failed with exit code 1
[2026-05-17T06:27:01.933Z] Running lib/fetch-srf-data.js...
[2026-05-17T06:27:01.963Z] [lib/fetch-srf-data.js] ERROR: node:internal/modules/cjs/loader:1031
  throw err;
  ^

Error: Cannot find module '/home/runner/work/liquiditydashboard/liquiditydashboard/web/lib/fetch-srf-data.js'
    at Function.Module._resolveFilename (node:internal/modules/cjs/loader:1028:15)
    at Function.Module._load (node:internal/modules/cjs/loader:873:27)
    at Function.executeUserEntryPoint [as runMain] (node:internal/modules/run_main:81:12)
    at node:internal/main/run_main_module:22:47 {
  code: 'MODULE_NOT_FOUND',
  requireStack: []
}
[2026-05-17T06:27:01.965Z] lib/fetch-srf-data.js failed with exit code 1
[2026-05-17T06:27:01.965Z] Running lib/fetch-bill-share-data.js...
[2026-05-17T06:27:01.995Z] [lib/fetch-bill-share-data.js] ERROR: node:internal/modules/cjs/loader:1031
  throw err;
  ^

Error: Cannot find module '/home/runner/work/liquiditydashboard/liquiditydashboard/web/lib/fetch-bill-share-data.js'
    at Function.Module._resolveFilename (node:internal/modules/cjs/loader:1028:15)
    at Function.Module._load (node:internal/modules/cjs/loader:873:27)
    at Function.executeUserEntryPoint [as runMain] (node:internal/modules/run_main:81:12)
    at node:internal/main/run_main_module:22:47 {
  code: 'MODULE_NOT_FOUND',
  requireStack: []
}
[2026-05-17T06:27:01.997Z] lib/fetch-bill-share-data.js failed with exit code 1
[2026-05-17T06:27:01.997Z] Running lib/cleanup-future-dates.js...
[2026-05-17T06:27:02.080Z] [lib/cleanup-future-dates.js] Starting data cleanup process...
[2026-05-17T06:27:02.121Z] [lib/cleanup-future-dates.js] WorldTimeAPI failed, trying alternative source
[2026-05-17T06:27:02.710Z] [lib/cleanup-future-dates.js] Using TimeAPI date: 2026-05-17T06:27:01.9936963
[2026-05-17T06:27:02.710Z] [lib/cleanup-future-dates.js] Using reference date: 2026-5-17
[2026-05-17T06:27:02.710Z] [lib/cleanup-future-dates.js] Processing MOVE index data (/home/runner/work/liquiditydashboard/liquiditydashboard/web/public/series/move.json)...
[2026-05-17T06:27:02.711Z] [lib/cleanup-future-dates.js] Loaded 111 MOVE index data points
[2026-05-17T06:27:02.711Z] [lib/cleanup-future-dates.js] No future-dated entries found in MOVE index data
[2026-05-17T06:27:02.711Z] [lib/cleanup-future-dates.js] Processing SRF data (/home/runner/work/liquiditydashboard/liquiditydashboard/web/public/series/srf.json)...
[2026-05-17T06:27:02.712Z] [lib/cleanup-future-dates.js] Loaded 1017 SRF data points
[2026-05-17T06:27:02.713Z] [lib/cleanup-future-dates.js] No future-dated entries found in SRF data
[2026-05-17T06:27:02.713Z] [lib/cleanup-future-dates.js] Processing Treasury bill share data (/home/runner/work/liquiditydashboard/liquiditydashboard/web/public/series/bill-share.json)...
[2026-05-17T06:27:02.713Z] [lib/cleanup-future-dates.js] Loaded 282 Treasury bill share data points
[2026-05-17T06:27:02.713Z] [lib/cleanup-future-dates.js] No future-dated entries found in Treasury bill share data
[2026-05-17T06:27:02.714Z] [lib/cleanup-future-dates.js] Cleanup complete! Removed 0 future-dated entries in total.
[2026-05-17T06:27:02.714Z] [lib/cleanup-future-dates.js] Data cleanup completed with no changes needed
[2026-05-17T06:27:02.716Z] lib/cleanup-future-dates.js completed successfully
[2026-05-17T06:27:02.717Z] Running lib/validate-data.js...
[2026-05-17T06:27:02.798Z] [lib/validate-data.js] Running data validation...
[2026-05-17T06:27:02.799Z] [lib/validate-data.js] Validating MOVE index data...
[2026-05-17T06:27:02.799Z] [lib/validate-data.js] Found 111 MOVE data points
[2026-05-17T06:27:02.893Z] [lib/validate-data.js] WorldTimeAPI failed, trying alternative source
[2026-05-17T06:27:03.337Z] [lib/validate-data.js] Using TimeAPI date: 2026-05-17T06:27:02.619648
[2026-05-17T06:27:03.337Z] [lib/validate-data.js] Using reference date: 2026-5-17
[2026-05-17T06:27:03.338Z] [lib/validate-data.js] MOVE index data validation passed ✓
[2026-05-17T06:27:03.338Z] [lib/validate-data.js] Validating SRF data...
[2026-05-17T06:27:03.339Z] [lib/validate-data.js] Found 1017 SRF data points
[2026-05-17T06:27:03.365Z] [lib/validate-data.js] WorldTimeAPI failed, trying alternative source
[2026-05-17T06:27:03.777Z] [lib/validate-data.js] Using TimeAPI date: 2026-05-17T06:27:03.0650284
[2026-05-17T06:27:03.779Z] [lib/validate-data.js] SRF data validation passed ✓
[2026-05-17T06:27:03.779Z] [lib/validate-data.js] Validating Treasury funding data...
[2026-05-17T06:27:03.779Z] [lib/validate-data.js] Found 282 Treasury funding data points
[2026-05-17T06:27:03.780Z] [lib/validate-data.js] Treasury funding data validation passed ✓
[2026-05-17T06:27:03.780Z] [lib/validate-data.js] All data validation passed ✓
[2026-05-17T06:27:03.783Z] lib/validate-data.js completed successfully
[2026-05-17T06:27:03.783Z] Dashboard update process completed successfully
