[2025-09-12T03:30:14.120Z] Starting Liquidity Dashboard update process
[2025-09-12T03:30:14.121Z] Running lib/data-backup.js...
[2025-09-12T03:30:14.150Z] [lib/data-backup.js] ERROR: node:internal/modules/cjs/loader:1031
  throw err;
  ^

Error: Cannot find module '/home/runner/work/liquiditydashboard/liquiditydashboard/web/lib/data-backup.js'
    at Function.Module._resolveFilename (node:internal/modules/cjs/loader:1028:15)
    at Function.Module._load (node:internal/modules/cjs/loader:873:27)
    at Function.executeUserEntryPoint [as runMain] (node:internal/modules/run_main:81:12)
    at node:internal/main/run_main_module:22:47 {
  code: 'MODULE_NOT_FOUND',
  requireStack: []
}
[2025-09-12T03:30:14.152Z] lib/data-backup.js failed with exit code 1
[2025-09-12T03:30:14.153Z] Running lib/data-backup.js clean...
[2025-09-12T03:30:14.180Z] [lib/data-backup.js clean] ERROR: node:internal/modules/cjs/loader:1031
  throw err;
  ^

Error: Cannot find module '/home/runner/work/liquiditydashboard/liquiditydashboard/web/lib/data-backup.js'
    at Function.Module._resolveFilename (node:internal/modules/cjs/loader:1028:15)
    at Function.Module._load (node:internal/modules/cjs/loader:873:27)
    at Function.executeUserEntryPoint [as runMain] (node:internal/modules/run_main:81:12)
    at node:internal/main/run_main_module:22:47 {
  code: 'MODULE_NOT_FOUND',
  requireStack: []
}
[2025-09-12T03:30:14.182Z] lib/data-backup.js clean failed with exit code 1
[2025-09-12T03:30:14.182Z] Running lib/import-historical-move-data.js...
[2025-09-12T03:30:14.209Z] [lib/import-historical-move-data.js] ERROR: node:internal/modules/cjs/loader:1031
  throw err;
  ^

Error: Cannot find module '/home/runner/work/liquiditydashboard/liquiditydashboard/web/lib/import-historical-move-data.js'
    at Function.Module._resolveFilename (node:internal/modules/cjs/loader:1028:15)
    at Function.Module._load (node:internal/modules/cjs/loader:873:27)
    at Function.executeUserEntryPoint [as runMain] (node:internal/modules/run_main:81:12)
    at node:internal/main/run_main_module:22:47 {
  code: 'MODULE_NOT_FOUND',
  requireStack: []
}
[2025-09-12T03:30:14.211Z] lib/import-historical-move-data.js failed with exit code 1
[2025-09-12T03:30:14.211Z] Running lib/fetch-move-data.js...
[2025-09-12T03:30:14.239Z] [lib/fetch-move-data.js] ERROR: node:internal/modules/cjs/loader:1031
  throw err;
  ^

Error: Cannot find module '/home/runner/work/liquiditydashboard/liquiditydashboard/web/lib/fetch-move-data.js'
    at Function.Module._resolveFilename (node:internal/modules/cjs/loader:1028:15)
    at Function.Module._load (node:internal/modules/cjs/loader:873:27)
    at Function.executeUserEntryPoint [as runMain] (node:internal/modules/run_main:81:12)
    at node:internal/main/run_main_module:22:47 {
  code: 'MODULE_NOT_FOUND',
  requireStack: []
}
[2025-09-12T03:30:14.241Z] lib/fetch-move-data.js failed with exit code 1
[2025-09-12T03:30:14.241Z] Running lib/fetch-srf-data.js...
[2025-09-12T03:30:14.269Z] [lib/fetch-srf-data.js] ERROR: node:internal/modules/cjs/loader:1031
  throw err;
  ^

Error: Cannot find module '/home/runner/work/liquiditydashboard/liquiditydashboard/web/lib/fetch-srf-data.js'
    at Function.Module._resolveFilename (node:internal/modules/cjs/loader:1028:15)
    at Function.Module._load (node:internal/modules/cjs/loader:873:27)
    at Function.executeUserEntryPoint [as runMain] (node:internal/modules/run_main:81:12)
    at node:internal/main/run_main_module:22:47 {
  code: 'MODULE_NOT_FOUND',
  requireStack: []
}
[2025-09-12T03:30:14.271Z] lib/fetch-srf-data.js failed with exit code 1
[2025-09-12T03:30:14.271Z] Running lib/fetch-bill-share-data.js...
[2025-09-12T03:30:14.298Z] [lib/fetch-bill-share-data.js] ERROR: node:internal/modules/cjs/loader:1031
  throw err;
  ^

Error: Cannot find module '/home/runner/work/liquiditydashboard/liquiditydashboard/web/lib/fetch-bill-share-data.js'
    at Function.Module._resolveFilename (node:internal/modules/cjs/loader:1028:15)
    at Function.Module._load (node:internal/modules/cjs/loader:873:27)
    at Function.executeUserEntryPoint [as runMain] (node:internal/modules/run_main:81:12)
    at node:internal/main/run_main_module:22:47 {
  code: 'MODULE_NOT_FOUND',
  requireStack: []
}
[2025-09-12T03:30:14.300Z] lib/fetch-bill-share-data.js failed with exit code 1
[2025-09-12T03:30:14.300Z] Running lib/cleanup-future-dates.js...
[2025-09-12T03:30:14.374Z] [lib/cleanup-future-dates.js] Starting data cleanup process...
[2025-09-12T03:30:14.583Z] [lib/cleanup-future-dates.js] WorldTimeAPI failed, trying alternative source
[2025-09-12T03:30:15.539Z] [lib/cleanup-future-dates.js] Using TimeAPI date: 2025-09-12T03:30:15.4539265
[2025-09-12T03:30:15.539Z] [lib/cleanup-future-dates.js] Using reference date: 2025-9-12

Processing MOVE index data (/home/runner/work/liquiditydashboard/liquiditydashboard/web/public/series/move.json)...
[2025-09-12T03:30:15.539Z] [lib/cleanup-future-dates.js] Loaded 111 MOVE index data points
[2025-09-12T03:30:15.540Z] [lib/cleanup-future-dates.js] No future-dated entries found in MOVE index data
[2025-09-12T03:30:15.540Z] [lib/cleanup-future-dates.js] Processing SRF data (/home/runner/work/liquiditydashboard/liquiditydashboard/web/public/series/srf.json)...
[2025-09-12T03:30:15.541Z] [lib/cleanup-future-dates.js] Loaded 1017 SRF data points
[2025-09-12T03:30:15.542Z] [lib/cleanup-future-dates.js] No future-dated entries found in SRF data
[2025-09-12T03:30:15.542Z] [lib/cleanup-future-dates.js] Processing Treasury bill share data (/home/runner/work/liquiditydashboard/liquiditydashboard/web/public/series/bill-share.json)...
[2025-09-12T03:30:15.542Z] [lib/cleanup-future-dates.js] Loaded 282 Treasury bill share data points
[2025-09-12T03:30:15.543Z] [lib/cleanup-future-dates.js] No future-dated entries found in Treasury bill share data
[2025-09-12T03:30:15.543Z] [lib/cleanup-future-dates.js] Cleanup complete! Removed 0 future-dated entries in total.
[2025-09-12T03:30:15.543Z] [lib/cleanup-future-dates.js] Data cleanup completed with no changes needed
[2025-09-12T03:30:15.546Z] lib/cleanup-future-dates.js completed successfully
[2025-09-12T03:30:15.546Z] Running lib/validate-data.js...
[2025-09-12T03:30:15.618Z] [lib/validate-data.js] Running data validation...
[2025-09-12T03:30:15.619Z] [lib/validate-data.js] Validating MOVE index data...
[2025-09-12T03:30:15.619Z] [lib/validate-data.js] Found 111 MOVE data points
[2025-09-12T03:30:15.725Z] [lib/validate-data.js] WorldTimeAPI failed, trying alternative source
[2025-09-12T03:30:16.209Z] [lib/validate-data.js] Using TimeAPI date: 2025-09-12T03:30:16.1254536
[2025-09-12T03:30:16.209Z] [lib/validate-data.js] Using reference date: 2025-9-12
[2025-09-12T03:30:16.210Z] [lib/validate-data.js] MOVE index data validation passed ✓
[2025-09-12T03:30:16.210Z] [lib/validate-data.js] Validating SRF data...
[2025-09-12T03:30:16.210Z] [lib/validate-data.js] Found 1017 SRF data points
[2025-09-12T03:30:16.287Z] [lib/validate-data.js] WorldTimeAPI failed, trying alternative source
[2025-09-12T03:30:16.996Z] [lib/validate-data.js] Using TimeAPI date: 2025-09-12T03:30:16.9173579
[2025-09-12T03:30:16.998Z] [lib/validate-data.js] SRF data validation passed ✓
[2025-09-12T03:30:16.998Z] [lib/validate-data.js] Validating Treasury funding data...
[2025-09-12T03:30:16.998Z] [lib/validate-data.js] Found 282 Treasury funding data points
[2025-09-12T03:30:16.998Z] [lib/validate-data.js] Treasury funding data validation passed ✓
[2025-09-12T03:30:16.998Z] [lib/validate-data.js] All data validation passed ✓
[2025-09-12T03:30:17.002Z] lib/validate-data.js completed successfully
[2025-09-12T03:30:17.002Z] Dashboard update process completed successfully
