[2026-03-25T05:01:01.099Z] Starting Liquidity Dashboard update process
[2026-03-25T05:01:01.101Z] Running lib/data-backup.js...
[2026-03-25T05:01:01.131Z] [lib/data-backup.js] ERROR: node:internal/modules/cjs/loader:1031
  throw err;
  ^

Error: Cannot find module '/home/runner/work/liquiditydashboard/liquiditydashboard/web/lib/data-backup.js'
    at Function.Module._resolveFilename (node:internal/modules/cjs/loader:1028:15)
    at Function.Module._load (node:internal/modules/cjs/loader:873:27)
    at Function.executeUserEntryPoint [as runMain] (node:internal/modules/run_main:81:12)
    at node:internal/main/run_main_module:22:47 {
  code: 'MODULE_NOT_FOUND',
  requireStack: []
}
[2026-03-25T05:01:01.134Z] lib/data-backup.js failed with exit code 1
[2026-03-25T05:01:01.134Z] Running lib/data-backup.js clean...
[2026-03-25T05:01:01.163Z] [lib/data-backup.js clean] ERROR: node:internal/modules/cjs/loader:1031
  throw err;
  ^

Error: Cannot find module '/home/runner/work/liquiditydashboard/liquiditydashboard/web/lib/data-backup.js'
    at Function.Module._resolveFilename (node:internal/modules/cjs/loader:1028:15)
    at Function.Module._load (node:internal/modules/cjs/loader:873:27)
    at Function.executeUserEntryPoint [as runMain] (node:internal/modules/run_main:81:12)
    at node:internal/main/run_main_module:22:47 {
  code: 'MODULE_NOT_FOUND',
  requireStack: []
}
[2026-03-25T05:01:01.166Z] lib/data-backup.js clean failed with exit code 1
[2026-03-25T05:01:01.166Z] Running lib/import-historical-move-data.js...
[2026-03-25T05:01:01.195Z] [lib/import-historical-move-data.js] ERROR: node:internal/modules/cjs/loader:1031
  throw err;
  ^

Error: Cannot find module '/home/runner/work/liquiditydashboard/liquiditydashboard/web/lib/import-historical-move-data.js'
    at Function.Module._resolveFilename (node:internal/modules/cjs/loader:1028:15)
    at Function.Module._load (node:internal/modules/cjs/loader:873:27)
    at Function.executeUserEntryPoint [as runMain] (node:internal/modules/run_main:81:12)
    at node:internal/main/run_main_module:22:47 {
  code: 'MODULE_NOT_FOUND',
  requireStack: []
}
[2026-03-25T05:01:01.197Z] lib/import-historical-move-data.js failed with exit code 1
[2026-03-25T05:01:01.197Z] Running lib/fetch-move-data.js...
[2026-03-25T05:01:01.226Z] [lib/fetch-move-data.js] ERROR: node:internal/modules/cjs/loader:1031
  throw err;
  ^

Error: Cannot find module '/home/runner/work/liquiditydashboard/liquiditydashboard/web/lib/fetch-move-data.js'
    at Function.Module._resolveFilename (node:internal/modules/cjs/loader:1028:15)
    at Function.Module._load (node:internal/modules/cjs/loader:873:27)
    at Function.executeUserEntryPoint [as runMain] (node:internal/modules/run_main:81:12)
    at node:internal/main/run_main_module:22:47 {
  code: 'MODULE_NOT_FOUND',
  requireStack: []
}
[2026-03-25T05:01:01.229Z] lib/fetch-move-data.js failed with exit code 1
[2026-03-25T05:01:01.229Z] Running lib/fetch-srf-data.js...
[2026-03-25T05:01:01.257Z] [lib/fetch-srf-data.js] ERROR: node:internal/modules/cjs/loader:1031
  throw err;
  ^

Error: Cannot find module '/home/runner/work/liquiditydashboard/liquiditydashboard/web/lib/fetch-srf-data.js'
    at Function.Module._resolveFilename (node:internal/modules/cjs/loader:1028:15)
    at Function.Module._load (node:internal/modules/cjs/loader:873:27)
    at Function.executeUserEntryPoint [as runMain] (node:internal/modules/run_main:81:12)
    at node:internal/main/run_main_module:22:47 {
  code: 'MODULE_NOT_FOUND',
  requireStack: []
}
[2026-03-25T05:01:01.260Z] lib/fetch-srf-data.js failed with exit code 1
[2026-03-25T05:01:01.260Z] Running lib/fetch-bill-share-data.js...
[2026-03-25T05:01:01.289Z] [lib/fetch-bill-share-data.js] ERROR: node:internal/modules/cjs/loader:1031
  throw err;
  ^

Error: Cannot find module '/home/runner/work/liquiditydashboard/liquiditydashboard/web/lib/fetch-bill-share-data.js'
    at Function.Module._resolveFilename (node:internal/modules/cjs/loader:1028:15)
    at Function.Module._load (node:internal/modules/cjs/loader:873:27)
    at Function.executeUserEntryPoint [as runMain] (node:internal/modules/run_main:81:12)
    at node:internal/main/run_main_module:22:47 {
  code: 'MODULE_NOT_FOUND',
  requireStack: []
}
[2026-03-25T05:01:01.291Z] lib/fetch-bill-share-data.js failed with exit code 1
[2026-03-25T05:01:01.291Z] Running lib/cleanup-future-dates.js...
[2026-03-25T05:01:01.376Z] [lib/cleanup-future-dates.js] Starting data cleanup process...
[2026-03-25T05:01:01.478Z] [lib/cleanup-future-dates.js] WorldTimeAPI failed, trying alternative source
[2026-03-25T05:01:01.932Z] [lib/cleanup-future-dates.js] Using TimeAPI date: 2026-03-25T05:01:01.7351159
[2026-03-25T05:01:01.932Z] [lib/cleanup-future-dates.js] Using reference date: 2026-3-25
[2026-03-25T05:01:01.932Z] [lib/cleanup-future-dates.js] Processing MOVE index data (/home/runner/work/liquiditydashboard/liquiditydashboard/web/public/series/move.json)...
[2026-03-25T05:01:01.932Z] [lib/cleanup-future-dates.js] Loaded 111 MOVE index data points
[2026-03-25T05:01:01.933Z] [lib/cleanup-future-dates.js] No future-dated entries found in MOVE index data
[2026-03-25T05:01:01.933Z] [lib/cleanup-future-dates.js] Processing SRF data (/home/runner/work/liquiditydashboard/liquiditydashboard/web/public/series/srf.json)...
[2026-03-25T05:01:01.933Z] [lib/cleanup-future-dates.js] Loaded 1017 SRF data points
[2026-03-25T05:01:01.934Z] [lib/cleanup-future-dates.js] No future-dated entries found in SRF data
[2026-03-25T05:01:01.935Z] [lib/cleanup-future-dates.js] Processing Treasury bill share data (/home/runner/work/liquiditydashboard/liquiditydashboard/web/public/series/bill-share.json)...
[2026-03-25T05:01:01.935Z] [lib/cleanup-future-dates.js] Loaded 282 Treasury bill share data points
[2026-03-25T05:01:01.935Z] [lib/cleanup-future-dates.js] No future-dated entries found in Treasury bill share data
[2026-03-25T05:01:01.935Z] [lib/cleanup-future-dates.js] Cleanup complete! Removed 0 future-dated entries in total.
Data cleanup completed with no changes needed
[2026-03-25T05:01:01.939Z] lib/cleanup-future-dates.js completed successfully
[2026-03-25T05:01:01.939Z] Running lib/validate-data.js...
[2026-03-25T05:01:02.017Z] [lib/validate-data.js] Running data validation...
[2026-03-25T05:01:02.017Z] [lib/validate-data.js] Validating MOVE index data...
[2026-03-25T05:01:02.018Z] [lib/validate-data.js] Found 111 MOVE data points
[2026-03-25T05:01:02.063Z] [lib/validate-data.js] WorldTimeAPI failed, trying alternative source
[2026-03-25T05:01:02.595Z] [lib/validate-data.js] Using TimeAPI date: 2026-03-25T05:01:02.3984659
[2026-03-25T05:01:02.595Z] [lib/validate-data.js] Using reference date: 2026-3-25
[2026-03-25T05:01:02.596Z] [lib/validate-data.js] MOVE index data validation passed ✓
[2026-03-25T05:01:02.596Z] [lib/validate-data.js] Validating SRF data...
[2026-03-25T05:01:02.597Z] [lib/validate-data.js] Found 1017 SRF data points
[2026-03-25T05:01:02.644Z] [lib/validate-data.js] WorldTimeAPI failed, trying alternative source
[2026-03-25T05:01:02.963Z] [lib/validate-data.js] Using TimeAPI date: 2026-03-25T05:01:02.771445
[2026-03-25T05:01:02.965Z] [lib/validate-data.js] SRF data validation passed ✓
[2026-03-25T05:01:02.965Z] [lib/validate-data.js] Validating Treasury funding data...
[2026-03-25T05:01:02.965Z] [lib/validate-data.js] Found 282 Treasury funding data points
[2026-03-25T05:01:02.965Z] [lib/validate-data.js] Treasury funding data validation passed ✓
[2026-03-25T05:01:02.966Z] [lib/validate-data.js] All data validation passed ✓
[2026-03-25T05:01:02.969Z] lib/validate-data.js completed successfully
[2026-03-25T05:01:02.969Z] Dashboard update process completed successfully
