[2025-11-25T03:51:23.621Z] Starting Liquidity Dashboard update process
[2025-11-25T03:51:23.623Z] Running lib/data-backup.js...
[2025-11-25T03:51:23.652Z] [lib/data-backup.js] ERROR: node:internal/modules/cjs/loader:1031
  throw err;
  ^

Error: Cannot find module '/home/runner/work/liquiditydashboard/liquiditydashboard/web/lib/data-backup.js'
    at Function.Module._resolveFilename (node:internal/modules/cjs/loader:1028:15)
    at Function.Module._load (node:internal/modules/cjs/loader:873:27)
    at Function.executeUserEntryPoint [as runMain] (node:internal/modules/run_main:81:12)
    at node:internal/main/run_main_module:22:47 {
  code: 'MODULE_NOT_FOUND',
  requireStack: []
}
[2025-11-25T03:51:23.655Z] lib/data-backup.js failed with exit code 1
[2025-11-25T03:51:23.655Z] Running lib/data-backup.js clean...
[2025-11-25T03:51:23.682Z] [lib/data-backup.js clean] ERROR: node:internal/modules/cjs/loader:1031
  throw err;
  ^

Error: Cannot find module '/home/runner/work/liquiditydashboard/liquiditydashboard/web/lib/data-backup.js'
    at Function.Module._resolveFilename (node:internal/modules/cjs/loader:1028:15)
    at Function.Module._load (node:internal/modules/cjs/loader:873:27)
    at Function.executeUserEntryPoint [as runMain] (node:internal/modules/run_main:81:12)
    at node:internal/main/run_main_module:22:47 {
  code: 'MODULE_NOT_FOUND',
  requireStack: []
}
[2025-11-25T03:51:23.684Z] lib/data-backup.js clean failed with exit code 1
[2025-11-25T03:51:23.685Z] Running lib/import-historical-move-data.js...
[2025-11-25T03:51:23.712Z] [lib/import-historical-move-data.js] ERROR: node:internal/modules/cjs/loader:1031
  throw err;
  ^

Error: Cannot find module '/home/runner/work/liquiditydashboard/liquiditydashboard/web/lib/import-historical-move-data.js'
    at Function.Module._resolveFilename (node:internal/modules/cjs/loader:1028:15)
    at Function.Module._load (node:internal/modules/cjs/loader:873:27)
    at Function.executeUserEntryPoint [as runMain] (node:internal/modules/run_main:81:12)
    at node:internal/main/run_main_module:22:47 {
  code: 'MODULE_NOT_FOUND',
  requireStack: []
}
[2025-11-25T03:51:23.714Z] lib/import-historical-move-data.js failed with exit code 1
[2025-11-25T03:51:23.714Z] Running lib/fetch-move-data.js...
[2025-11-25T03:51:23.741Z] [lib/fetch-move-data.js] ERROR: node:internal/modules/cjs/loader:1031
  throw err;
  ^

Error: Cannot find module '/home/runner/work/liquiditydashboard/liquiditydashboard/web/lib/fetch-move-data.js'
    at Function.Module._resolveFilename (node:internal/modules/cjs/loader:1028:15)
    at Function.Module._load (node:internal/modules/cjs/loader:873:27)
    at Function.executeUserEntryPoint [as runMain] (node:internal/modules/run_main:81:12)
    at node:internal/main/run_main_module:22:47 {
  code: 'MODULE_NOT_FOUND',
  requireStack: []
}
[2025-11-25T03:51:23.743Z] lib/fetch-move-data.js failed with exit code 1
[2025-11-25T03:51:23.743Z] Running lib/fetch-srf-data.js...
[2025-11-25T03:51:23.771Z] [lib/fetch-srf-data.js] ERROR: node:internal/modules/cjs/loader:1031
  throw err;
  ^

Error: Cannot find module '/home/runner/work/liquiditydashboard/liquiditydashboard/web/lib/fetch-srf-data.js'
    at Function.Module._resolveFilename (node:internal/modules/cjs/loader:1028:15)
    at Function.Module._load (node:internal/modules/cjs/loader:873:27)
    at Function.executeUserEntryPoint [as runMain] (node:internal/modules/run_main:81:12)
    at node:internal/main/run_main_module:22:47 {
  code: 'MODULE_NOT_FOUND',
  requireStack: []
}
[2025-11-25T03:51:23.773Z] lib/fetch-srf-data.js failed with exit code 1
[2025-11-25T03:51:23.773Z] Running lib/fetch-bill-share-data.js...
[2025-11-25T03:51:23.801Z] [lib/fetch-bill-share-data.js] ERROR: node:internal/modules/cjs/loader:1031
  throw err;
  ^

Error: Cannot find module '/home/runner/work/liquiditydashboard/liquiditydashboard/web/lib/fetch-bill-share-data.js'
    at Function.Module._resolveFilename (node:internal/modules/cjs/loader:1028:15)
    at Function.Module._load (node:internal/modules/cjs/loader:873:27)
    at Function.executeUserEntryPoint [as runMain] (node:internal/modules/run_main:81:12)
    at node:internal/main/run_main_module:22:47 {
  code: 'MODULE_NOT_FOUND',
  requireStack: []
}
[2025-11-25T03:51:23.803Z] lib/fetch-bill-share-data.js failed with exit code 1
[2025-11-25T03:51:23.803Z] Running lib/cleanup-future-dates.js...
[2025-11-25T03:51:23.879Z] [lib/cleanup-future-dates.js] Starting data cleanup process...
[2025-11-25T03:51:24.398Z] [lib/cleanup-future-dates.js] Using WorldTimeAPI date: 2025-11-25T03:51:24.370942+00:00
[2025-11-25T03:51:24.398Z] [lib/cleanup-future-dates.js] Using reference date: 2025-11-25
[2025-11-25T03:51:24.398Z] [lib/cleanup-future-dates.js] Processing MOVE index data (/home/runner/work/liquiditydashboard/liquiditydashboard/web/public/series/move.json)...
[2025-11-25T03:51:24.398Z] [lib/cleanup-future-dates.js] Loaded 111 MOVE index data points
[2025-11-25T03:51:24.398Z] [lib/cleanup-future-dates.js] No future-dated entries found in MOVE index data
[2025-11-25T03:51:24.399Z] [lib/cleanup-future-dates.js] Processing SRF data (/home/runner/work/liquiditydashboard/liquiditydashboard/web/public/series/srf.json)...
[2025-11-25T03:51:24.399Z] [lib/cleanup-future-dates.js] Loaded 1017 SRF data points
[2025-11-25T03:51:24.400Z] [lib/cleanup-future-dates.js] No future-dated entries found in SRF data
[2025-11-25T03:51:24.400Z] [lib/cleanup-future-dates.js] Processing Treasury bill share data (/home/runner/work/liquiditydashboard/liquiditydashboard/web/public/series/bill-share.json)...
[2025-11-25T03:51:24.400Z] [lib/cleanup-future-dates.js] Loaded 282 Treasury bill share data points
[2025-11-25T03:51:24.401Z] [lib/cleanup-future-dates.js] No future-dated entries found in Treasury bill share data
[2025-11-25T03:51:24.401Z] [lib/cleanup-future-dates.js] Cleanup complete! Removed 0 future-dated entries in total.
Data cleanup completed with no changes needed
[2025-11-25T03:51:24.404Z] lib/cleanup-future-dates.js completed successfully
[2025-11-25T03:51:24.404Z] Running lib/validate-data.js...
[2025-11-25T03:51:24.479Z] [lib/validate-data.js] Running data validation...
[2025-11-25T03:51:24.480Z] [lib/validate-data.js] Validating MOVE index data...
[2025-11-25T03:51:24.480Z] [lib/validate-data.js] Found 111 MOVE data points
[2025-11-25T03:51:24.551Z] [lib/validate-data.js] WorldTimeAPI failed, trying alternative source
[2025-11-25T03:51:25.808Z] [lib/validate-data.js] Using TimeAPI date: 2025-11-25T03:51:25.736134
[2025-11-25T03:51:25.808Z] [lib/validate-data.js] Using reference date: 2025-11-25
[2025-11-25T03:51:25.809Z] [lib/validate-data.js] MOVE index data validation passed ✓
[2025-11-25T03:51:25.809Z] [lib/validate-data.js] Validating SRF data...
[2025-11-25T03:51:25.809Z] [lib/validate-data.js] Found 1017 SRF data points
[2025-11-25T03:51:25.939Z] [lib/validate-data.js] WorldTimeAPI failed, trying alternative source
[2025-11-25T03:51:26.817Z] [lib/validate-data.js] Using TimeAPI date: 2025-11-25T03:51:26.7503393
[2025-11-25T03:51:26.819Z] [lib/validate-data.js] SRF data validation passed ✓
[2025-11-25T03:51:26.819Z] [lib/validate-data.js] Validating Treasury funding data...
[2025-11-25T03:51:26.820Z] [lib/validate-data.js] Found 282 Treasury funding data points
[2025-11-25T03:51:26.820Z] [lib/validate-data.js] Treasury funding data validation passed ✓
[2025-11-25T03:51:26.820Z] [lib/validate-data.js] All data validation passed ✓
[2025-11-25T03:51:26.823Z] lib/validate-data.js completed successfully
[2025-11-25T03:51:26.823Z] Dashboard update process completed successfully
