[2026-04-03T05:11:36.812Z] Starting Liquidity Dashboard update process
[2026-04-03T05:11:36.813Z] Running lib/data-backup.js...
[2026-04-03T05:11:36.842Z] [lib/data-backup.js] ERROR: node:internal/modules/cjs/loader:1031
  throw err;
  ^

Error: Cannot find module '/home/runner/work/liquiditydashboard/liquiditydashboard/web/lib/data-backup.js'
    at Function.Module._resolveFilename (node:internal/modules/cjs/loader:1028:15)
    at Function.Module._load (node:internal/modules/cjs/loader:873:27)
    at Function.executeUserEntryPoint [as runMain] (node:internal/modules/run_main:81:12)
    at node:internal/main/run_main_module:22:47 {
  code: 'MODULE_NOT_FOUND',
  requireStack: []
}
[2026-04-03T05:11:36.844Z] lib/data-backup.js failed with exit code 1
[2026-04-03T05:11:36.844Z] Running lib/data-backup.js clean...
[2026-04-03T05:11:36.872Z] [lib/data-backup.js clean] ERROR: node:internal/modules/cjs/loader:1031
  throw err;
  ^

Error: Cannot find module '/home/runner/work/liquiditydashboard/liquiditydashboard/web/lib/data-backup.js'
    at Function.Module._resolveFilename (node:internal/modules/cjs/loader:1028:15)
    at Function.Module._load (node:internal/modules/cjs/loader:873:27)
    at Function.executeUserEntryPoint [as runMain] (node:internal/modules/run_main:81:12)
    at node:internal/main/run_main_module:22:47 {
  code: 'MODULE_NOT_FOUND',
  requireStack: []
}
[2026-04-03T05:11:36.873Z] lib/data-backup.js clean failed with exit code 1
[2026-04-03T05:11:36.873Z] Running lib/import-historical-move-data.js...
[2026-04-03T05:11:36.900Z] [lib/import-historical-move-data.js] ERROR: node:internal/modules/cjs/loader:1031
  throw err;
  ^

Error: Cannot find module '/home/runner/work/liquiditydashboard/liquiditydashboard/web/lib/import-historical-move-data.js'
    at Function.Module._resolveFilename (node:internal/modules/cjs/loader:1028:15)
    at Function.Module._load (node:internal/modules/cjs/loader:873:27)
    at Function.executeUserEntryPoint [as runMain] (node:internal/modules/run_main:81:12)
    at node:internal/main/run_main_module:22:47 {
  code: 'MODULE_NOT_FOUND',
  requireStack: []
}
[2026-04-03T05:11:36.901Z] lib/import-historical-move-data.js failed with exit code 1
[2026-04-03T05:11:36.902Z] Running lib/fetch-move-data.js...
[2026-04-03T05:11:36.929Z] [lib/fetch-move-data.js] ERROR: node:internal/modules/cjs/loader:1031
  throw err;
  ^

Error: Cannot find module '/home/runner/work/liquiditydashboard/liquiditydashboard/web/lib/fetch-move-data.js'
    at Function.Module._resolveFilename (node:internal/modules/cjs/loader:1028:15)
    at Function.Module._load (node:internal/modules/cjs/loader:873:27)
    at Function.executeUserEntryPoint [as runMain] (node:internal/modules/run_main:81:12)
    at node:internal/main/run_main_module:22:47 {
  code: 'MODULE_NOT_FOUND',
  requireStack: []
}
[2026-04-03T05:11:36.931Z] lib/fetch-move-data.js failed with exit code 1
[2026-04-03T05:11:36.931Z] Running lib/fetch-srf-data.js...
[2026-04-03T05:11:36.958Z] [lib/fetch-srf-data.js] ERROR: node:internal/modules/cjs/loader:1031
  throw err;
  ^

Error: Cannot find module '/home/runner/work/liquiditydashboard/liquiditydashboard/web/lib/fetch-srf-data.js'
    at Function.Module._resolveFilename (node:internal/modules/cjs/loader:1028:15)
    at Function.Module._load (node:internal/modules/cjs/loader:873:27)
    at Function.executeUserEntryPoint [as runMain] (node:internal/modules/run_main:81:12)
    at node:internal/main/run_main_module:22:47 {
  code: 'MODULE_NOT_FOUND',
  requireStack: []
}
[2026-04-03T05:11:36.959Z] lib/fetch-srf-data.js failed with exit code 1
[2026-04-03T05:11:36.960Z] Running lib/fetch-bill-share-data.js...
[2026-04-03T05:11:36.988Z] [lib/fetch-bill-share-data.js] ERROR: node:internal/modules/cjs/loader:1031
  throw err;
  ^

Error: Cannot find module '/home/runner/work/liquiditydashboard/liquiditydashboard/web/lib/fetch-bill-share-data.js'
    at Function.Module._resolveFilename (node:internal/modules/cjs/loader:1028:15)
    at Function.Module._load (node:internal/modules/cjs/loader:873:27)
    at Function.executeUserEntryPoint [as runMain] (node:internal/modules/run_main:81:12)
    at node:internal/main/run_main_module:22:47 {
  code: 'MODULE_NOT_FOUND',
  requireStack: []
}
[2026-04-03T05:11:36.989Z] lib/fetch-bill-share-data.js failed with exit code 1
[2026-04-03T05:11:36.989Z] Running lib/cleanup-future-dates.js...
[2026-04-03T05:11:37.064Z] [lib/cleanup-future-dates.js] Starting data cleanup process...
[2026-04-03T05:11:37.343Z] [lib/cleanup-future-dates.js] WorldTimeAPI failed, trying alternative source
[2026-04-03T05:11:38.102Z] [lib/cleanup-future-dates.js] Using TimeAPI date: 2026-04-03T05:11:37.9771586
[2026-04-03T05:11:38.102Z] [lib/cleanup-future-dates.js] Using reference date: 2026-4-3
[2026-04-03T05:11:38.102Z] [lib/cleanup-future-dates.js] Processing MOVE index data (/home/runner/work/liquiditydashboard/liquiditydashboard/web/public/series/move.json)...
[2026-04-03T05:11:38.102Z] [lib/cleanup-future-dates.js] Loaded 111 MOVE index data points
[2026-04-03T05:11:38.103Z] [lib/cleanup-future-dates.js] No future-dated entries found in MOVE index data
[2026-04-03T05:11:38.103Z] [lib/cleanup-future-dates.js] Processing SRF data (/home/runner/work/liquiditydashboard/liquiditydashboard/web/public/series/srf.json)...
[2026-04-03T05:11:38.103Z] [lib/cleanup-future-dates.js] Loaded 1017 SRF data points
[2026-04-03T05:11:38.104Z] [lib/cleanup-future-dates.js] No future-dated entries found in SRF data
[2026-04-03T05:11:38.105Z] [lib/cleanup-future-dates.js] Processing Treasury bill share data (/home/runner/work/liquiditydashboard/liquiditydashboard/web/public/series/bill-share.json)...
[2026-04-03T05:11:38.105Z] [lib/cleanup-future-dates.js] Loaded 282 Treasury bill share data points
[2026-04-03T05:11:38.105Z] [lib/cleanup-future-dates.js] No future-dated entries found in Treasury bill share data
[2026-04-03T05:11:38.106Z] [lib/cleanup-future-dates.js] Cleanup complete! Removed 0 future-dated entries in total.
Data cleanup completed with no changes needed
[2026-04-03T05:11:38.108Z] lib/cleanup-future-dates.js completed successfully
[2026-04-03T05:11:38.108Z] Running lib/validate-data.js...
[2026-04-03T05:11:38.181Z] [lib/validate-data.js] Running data validation...
[2026-04-03T05:11:38.182Z] [lib/validate-data.js] Validating MOVE index data...
[2026-04-03T05:11:38.182Z] [lib/validate-data.js] Found 111 MOVE data points
[2026-04-03T05:11:38.293Z] [lib/validate-data.js] WorldTimeAPI failed, trying alternative source
[2026-04-03T05:11:38.712Z] [lib/validate-data.js] Using TimeAPI date: 2026-04-03T05:11:38.5874214
[2026-04-03T05:11:38.712Z] [lib/validate-data.js] Using reference date: 2026-4-3
[2026-04-03T05:11:38.713Z] [lib/validate-data.js] MOVE index data validation passed ✓
[2026-04-03T05:11:38.713Z] [lib/validate-data.js] Validating SRF data...
[2026-04-03T05:11:38.713Z] [lib/validate-data.js] Found 1017 SRF data points
[2026-04-03T05:11:38.739Z] [lib/validate-data.js] Using WorldTimeAPI date: 2026-04-03T05:11:38.734336+00:00
[2026-04-03T05:11:38.741Z] [lib/validate-data.js] SRF data validation passed ✓
[2026-04-03T05:11:38.741Z] [lib/validate-data.js] Validating Treasury funding data...
[2026-04-03T05:11:38.741Z] [lib/validate-data.js] Found 282 Treasury funding data points
[2026-04-03T05:11:38.741Z] [lib/validate-data.js] Treasury funding data validation passed ✓
[2026-04-03T05:11:38.741Z] [lib/validate-data.js] All data validation passed ✓
[2026-04-03T05:11:38.744Z] lib/validate-data.js completed successfully
[2026-04-03T05:11:38.744Z] Dashboard update process completed successfully
