[2026-02-06T04:53:11.726Z] Starting Liquidity Dashboard update process
[2026-02-06T04:53:11.727Z] Running lib/data-backup.js...
[2026-02-06T04:53:11.758Z] [lib/data-backup.js] ERROR: node:internal/modules/cjs/loader:1031
  throw err;
  ^

Error: Cannot find module '/home/runner/work/liquiditydashboard/liquiditydashboard/web/lib/data-backup.js'
    at Function.Module._resolveFilename (node:internal/modules/cjs/loader:1028:15)
    at Function.Module._load (node:internal/modules/cjs/loader:873:27)
    at Function.executeUserEntryPoint [as runMain] (node:internal/modules/run_main:81:12)
    at node:internal/main/run_main_module:22:47 {
  code: 'MODULE_NOT_FOUND',
  requireStack: []
}
[2026-02-06T04:53:11.761Z] lib/data-backup.js failed with exit code 1
[2026-02-06T04:53:11.761Z] Running lib/data-backup.js clean...
[2026-02-06T04:53:11.792Z] [lib/data-backup.js clean] ERROR: node:internal/modules/cjs/loader:1031
  throw err;
  ^

Error: Cannot find module '/home/runner/work/liquiditydashboard/liquiditydashboard/web/lib/data-backup.js'
    at Function.Module._resolveFilename (node:internal/modules/cjs/loader:1028:15)
    at Function.Module._load (node:internal/modules/cjs/loader:873:27)
    at Function.executeUserEntryPoint [as runMain] (node:internal/modules/run_main:81:12)
    at node:internal/main/run_main_module:22:47 {
  code: 'MODULE_NOT_FOUND',
  requireStack: []
}
[2026-02-06T04:53:11.794Z] lib/data-backup.js clean failed with exit code 1
[2026-02-06T04:53:11.794Z] Running lib/import-historical-move-data.js...
[2026-02-06T04:53:11.824Z] [lib/import-historical-move-data.js] ERROR: node:internal/modules/cjs/loader:1031
  throw err;
  ^

Error: Cannot find module '/home/runner/work/liquiditydashboard/liquiditydashboard/web/lib/import-historical-move-data.js'
    at Function.Module._resolveFilename (node:internal/modules/cjs/loader:1028:15)
    at Function.Module._load (node:internal/modules/cjs/loader:873:27)
    at Function.executeUserEntryPoint [as runMain] (node:internal/modules/run_main:81:12)
    at node:internal/main/run_main_module:22:47 {
  code: 'MODULE_NOT_FOUND',
  requireStack: []
}
[2026-02-06T04:53:11.826Z] lib/import-historical-move-data.js failed with exit code 1
[2026-02-06T04:53:11.826Z] Running lib/fetch-move-data.js...
[2026-02-06T04:53:11.856Z] [lib/fetch-move-data.js] ERROR: node:internal/modules/cjs/loader:1031
  throw err;
  ^

Error: Cannot find module '/home/runner/work/liquiditydashboard/liquiditydashboard/web/lib/fetch-move-data.js'
    at Function.Module._resolveFilename (node:internal/modules/cjs/loader:1028:15)
    at Function.Module._load (node:internal/modules/cjs/loader:873:27)
    at Function.executeUserEntryPoint [as runMain] (node:internal/modules/run_main:81:12)
    at node:internal/main/run_main_module:22:47 {
  code: 'MODULE_NOT_FOUND',
  requireStack: []
}
[2026-02-06T04:53:11.859Z] lib/fetch-move-data.js failed with exit code 1
[2026-02-06T04:53:11.859Z] Running lib/fetch-srf-data.js...
[2026-02-06T04:53:11.889Z] [lib/fetch-srf-data.js] ERROR: node:internal/modules/cjs/loader:1031
  throw err;
  ^

Error: Cannot find module '/home/runner/work/liquiditydashboard/liquiditydashboard/web/lib/fetch-srf-data.js'
    at Function.Module._resolveFilename (node:internal/modules/cjs/loader:1028:15)
    at Function.Module._load (node:internal/modules/cjs/loader:873:27)
    at Function.executeUserEntryPoint [as runMain] (node:internal/modules/run_main:81:12)
    at node:internal/main/run_main_module:22:47 {
  code: 'MODULE_NOT_FOUND',
  requireStack: []
}
[2026-02-06T04:53:11.892Z] lib/fetch-srf-data.js failed with exit code 1
[2026-02-06T04:53:11.892Z] Running lib/fetch-bill-share-data.js...
[2026-02-06T04:53:11.922Z] [lib/fetch-bill-share-data.js] ERROR: node:internal/modules/cjs/loader:1031
  throw err;
  ^

Error: Cannot find module '/home/runner/work/liquiditydashboard/liquiditydashboard/web/lib/fetch-bill-share-data.js'
    at Function.Module._resolveFilename (node:internal/modules/cjs/loader:1028:15)
    at Function.Module._load (node:internal/modules/cjs/loader:873:27)
    at Function.executeUserEntryPoint [as runMain] (node:internal/modules/run_main:81:12)
    at node:internal/main/run_main_module:22:47 {
  code: 'MODULE_NOT_FOUND',
  requireStack: []
}
[2026-02-06T04:53:11.925Z] lib/fetch-bill-share-data.js failed with exit code 1
[2026-02-06T04:53:11.925Z] Running lib/cleanup-future-dates.js...
[2026-02-06T04:53:12.006Z] [lib/cleanup-future-dates.js] Starting data cleanup process...
[2026-02-06T04:53:12.304Z] [lib/cleanup-future-dates.js] Using WorldTimeAPI date: 2026-02-06T04:53:12.288494+00:00
[2026-02-06T04:53:12.304Z] [lib/cleanup-future-dates.js] Using reference date: 2026-2-6
[2026-02-06T04:53:12.304Z] [lib/cleanup-future-dates.js] Processing MOVE index data (/home/runner/work/liquiditydashboard/liquiditydashboard/web/public/series/move.json)...
[2026-02-06T04:53:12.305Z] [lib/cleanup-future-dates.js] Loaded 111 MOVE index data points
[2026-02-06T04:53:12.305Z] [lib/cleanup-future-dates.js] No future-dated entries found in MOVE index data
[2026-02-06T04:53:12.305Z] [lib/cleanup-future-dates.js] Processing SRF data (/home/runner/work/liquiditydashboard/liquiditydashboard/web/public/series/srf.json)...
[2026-02-06T04:53:12.306Z] [lib/cleanup-future-dates.js] Loaded 1017 SRF data points
[2026-02-06T04:53:12.307Z] [lib/cleanup-future-dates.js] No future-dated entries found in SRF data
[2026-02-06T04:53:12.307Z] [lib/cleanup-future-dates.js] Processing Treasury bill share data (/home/runner/work/liquiditydashboard/liquiditydashboard/web/public/series/bill-share.json)...
[2026-02-06T04:53:12.307Z] [lib/cleanup-future-dates.js] Loaded 282 Treasury bill share data points
[2026-02-06T04:53:12.308Z] [lib/cleanup-future-dates.js] No future-dated entries found in Treasury bill share data
[2026-02-06T04:53:12.308Z] [lib/cleanup-future-dates.js] Cleanup complete! Removed 0 future-dated entries in total.
Data cleanup completed with no changes needed
[2026-02-06T04:53:12.311Z] lib/cleanup-future-dates.js completed successfully
[2026-02-06T04:53:12.311Z] Running lib/validate-data.js...
[2026-02-06T04:53:12.390Z] [lib/validate-data.js] Running data validation...
[2026-02-06T04:53:12.391Z] [lib/validate-data.js] Validating MOVE index data...
[2026-02-06T04:53:12.391Z] [lib/validate-data.js] Found 111 MOVE data points
[2026-02-06T04:53:12.576Z] [lib/validate-data.js] Using WorldTimeAPI date: 2026-02-06T04:53:12.561601+00:00
[2026-02-06T04:53:12.577Z] [lib/validate-data.js] Using reference date: 2026-2-6
[2026-02-06T04:53:12.577Z] [lib/validate-data.js] MOVE index data validation passed ✓
[2026-02-06T04:53:12.577Z] [lib/validate-data.js] Validating SRF data...
[2026-02-06T04:53:12.578Z] [lib/validate-data.js] Found 1017 SRF data points
[2026-02-06T04:53:13.073Z] [lib/validate-data.js] Using WorldTimeAPI date: 2026-02-06T04:53:12.904064+00:00
[2026-02-06T04:53:13.074Z] [lib/validate-data.js] SRF data validation passed ✓
[2026-02-06T04:53:13.075Z] [lib/validate-data.js] Validating Treasury funding data...
[2026-02-06T04:53:13.075Z] [lib/validate-data.js] Found 282 Treasury funding data points
[2026-02-06T04:53:13.075Z] [lib/validate-data.js] Treasury funding data validation passed ✓
[2026-02-06T04:53:13.075Z] [lib/validate-data.js] All data validation passed ✓
[2026-02-06T04:53:13.079Z] lib/validate-data.js completed successfully
[2026-02-06T04:53:13.079Z] Dashboard update process completed successfully
