[2025-07-22T04:02:56.187Z] Starting Liquidity Dashboard update process
[2025-07-22T04:02:56.188Z] Running lib/data-backup.js...
[2025-07-22T04:02:56.217Z] [lib/data-backup.js] ERROR: node:internal/modules/cjs/loader:1031
  throw err;
  ^

Error: Cannot find module '/home/runner/work/liquiditydashboard/liquiditydashboard/web/lib/data-backup.js'
    at Function.Module._resolveFilename (node:internal/modules/cjs/loader:1028:15)
    at Function.Module._load (node:internal/modules/cjs/loader:873:27)
    at Function.executeUserEntryPoint [as runMain] (node:internal/modules/run_main:81:12)
    at node:internal/main/run_main_module:22:47 {
  code: 'MODULE_NOT_FOUND',
  requireStack: []
}
[2025-07-22T04:02:56.220Z] lib/data-backup.js failed with exit code 1
[2025-07-22T04:02:56.220Z] Running lib/data-backup.js clean...
[2025-07-22T04:02:56.248Z] [lib/data-backup.js clean] ERROR: node:internal/modules/cjs/loader:1031
  throw err;
  ^

Error: Cannot find module '/home/runner/work/liquiditydashboard/liquiditydashboard/web/lib/data-backup.js'
    at Function.Module._resolveFilename (node:internal/modules/cjs/loader:1028:15)
    at Function.Module._load (node:internal/modules/cjs/loader:873:27)
    at Function.executeUserEntryPoint [as runMain] (node:internal/modules/run_main:81:12)
    at node:internal/main/run_main_module:22:47 {
  code: 'MODULE_NOT_FOUND',
  requireStack: []
}
[2025-07-22T04:02:56.250Z] lib/data-backup.js clean failed with exit code 1
[2025-07-22T04:02:56.251Z] Running lib/import-historical-move-data.js...
[2025-07-22T04:02:56.279Z] [lib/import-historical-move-data.js] ERROR: node:internal/modules/cjs/loader:1031
  throw err;
  ^

Error: Cannot find module '/home/runner/work/liquiditydashboard/liquiditydashboard/web/lib/import-historical-move-data.js'
    at Function.Module._resolveFilename (node:internal/modules/cjs/loader:1028:15)
    at Function.Module._load (node:internal/modules/cjs/loader:873:27)
    at Function.executeUserEntryPoint [as runMain] (node:internal/modules/run_main:81:12)
    at node:internal/main/run_main_module:22:47 {
  code: 'MODULE_NOT_FOUND',
  requireStack: []
}
[2025-07-22T04:02:56.281Z] lib/import-historical-move-data.js failed with exit code 1
[2025-07-22T04:02:56.281Z] Running lib/fetch-move-data.js...
[2025-07-22T04:02:56.310Z] [lib/fetch-move-data.js] ERROR: node:internal/modules/cjs/loader:1031
  throw err;
  ^

Error: Cannot find module '/home/runner/work/liquiditydashboard/liquiditydashboard/web/lib/fetch-move-data.js'
    at Function.Module._resolveFilename (node:internal/modules/cjs/loader:1028:15)
    at Function.Module._load (node:internal/modules/cjs/loader:873:27)
    at Function.executeUserEntryPoint [as runMain] (node:internal/modules/run_main:81:12)
    at node:internal/main/run_main_module:22:47 {
  code: 'MODULE_NOT_FOUND',
  requireStack: []
}
[2025-07-22T04:02:56.312Z] lib/fetch-move-data.js failed with exit code 1
[2025-07-22T04:02:56.312Z] Running lib/fetch-srf-data.js...
[2025-07-22T04:02:56.341Z] [lib/fetch-srf-data.js] ERROR: node:internal/modules/cjs/loader:1031
  throw err;
  ^

Error: Cannot find module '/home/runner/work/liquiditydashboard/liquiditydashboard/web/lib/fetch-srf-data.js'
    at Function.Module._resolveFilename (node:internal/modules/cjs/loader:1028:15)
    at Function.Module._load (node:internal/modules/cjs/loader:873:27)
    at Function.executeUserEntryPoint [as runMain] (node:internal/modules/run_main:81:12)
    at node:internal/main/run_main_module:22:47 {
  code: 'MODULE_NOT_FOUND',
  requireStack: []
}
[2025-07-22T04:02:56.343Z] lib/fetch-srf-data.js failed with exit code 1
[2025-07-22T04:02:56.344Z] Running lib/fetch-bill-share-data.js...
[2025-07-22T04:02:56.373Z] [lib/fetch-bill-share-data.js] ERROR: node:internal/modules/cjs/loader:1031
  throw err;
  ^

Error: Cannot find module '/home/runner/work/liquiditydashboard/liquiditydashboard/web/lib/fetch-bill-share-data.js'
    at Function.Module._resolveFilename (node:internal/modules/cjs/loader:1028:15)
    at Function.Module._load (node:internal/modules/cjs/loader:873:27)
    at Function.executeUserEntryPoint [as runMain] (node:internal/modules/run_main:81:12)
    at node:internal/main/run_main_module:22:47 {
  code: 'MODULE_NOT_FOUND',
  requireStack: []
}
[2025-07-22T04:02:56.375Z] lib/fetch-bill-share-data.js failed with exit code 1
[2025-07-22T04:02:56.375Z] Running lib/cleanup-future-dates.js...
[2025-07-22T04:02:56.449Z] [lib/cleanup-future-dates.js] Starting data cleanup process...
[2025-07-22T04:02:56.663Z] [lib/cleanup-future-dates.js] WorldTimeAPI failed, trying alternative source
[2025-07-22T04:02:57.409Z] [lib/cleanup-future-dates.js] Using TimeAPI date: 2025-07-22T04:02:57.3249759
[2025-07-22T04:02:57.409Z] [lib/cleanup-future-dates.js] Using reference date: 2025-7-22
[2025-07-22T04:02:57.409Z] [lib/cleanup-future-dates.js] Processing MOVE index data (/home/runner/work/liquiditydashboard/liquiditydashboard/web/public/series/move.json)...
[2025-07-22T04:02:57.409Z] [lib/cleanup-future-dates.js] Loaded 111 MOVE index data points
[2025-07-22T04:02:57.410Z] [lib/cleanup-future-dates.js] No future-dated entries found in MOVE index data
[2025-07-22T04:02:57.410Z] [lib/cleanup-future-dates.js] Processing SRF data (/home/runner/work/liquiditydashboard/liquiditydashboard/web/public/series/srf.json)...
[2025-07-22T04:02:57.410Z] [lib/cleanup-future-dates.js] Loaded 1017 SRF data points
[2025-07-22T04:02:57.412Z] [lib/cleanup-future-dates.js] No future-dated entries found in SRF data
[2025-07-22T04:02:57.412Z] [lib/cleanup-future-dates.js] Processing Treasury bill share data (/home/runner/work/liquiditydashboard/liquiditydashboard/web/public/series/bill-share.json)...
[2025-07-22T04:02:57.412Z] [lib/cleanup-future-dates.js] Loaded 282 Treasury bill share data points
[2025-07-22T04:02:57.412Z] [lib/cleanup-future-dates.js] No future-dated entries found in Treasury bill share data
[2025-07-22T04:02:57.413Z] [lib/cleanup-future-dates.js] Cleanup complete! Removed 0 future-dated entries in total.
[2025-07-22T04:02:57.413Z] [lib/cleanup-future-dates.js] Data cleanup completed with no changes needed
[2025-07-22T04:02:57.416Z] lib/cleanup-future-dates.js completed successfully
[2025-07-22T04:02:57.416Z] Running lib/validate-data.js...
[2025-07-22T04:02:57.487Z] [lib/validate-data.js] Running data validation...
[2025-07-22T04:02:57.488Z] [lib/validate-data.js] Validating MOVE index data...
[2025-07-22T04:02:57.488Z] [lib/validate-data.js] Found 111 MOVE data points
[2025-07-22T04:02:57.599Z] [lib/validate-data.js] WorldTimeAPI failed, trying alternative source
[2025-07-22T04:02:58.348Z] [lib/validate-data.js] Using TimeAPI date: 2025-07-22T04:02:58.2636147
[2025-07-22T04:02:58.348Z] [lib/validate-data.js] Using reference date: 2025-7-22
[2025-07-22T04:02:58.349Z] [lib/validate-data.js] MOVE index data validation passed ✓
[2025-07-22T04:02:58.349Z] [lib/validate-data.js] Validating SRF data...
[2025-07-22T04:02:58.349Z] [lib/validate-data.js] Found 1017 SRF data points
[2025-07-22T04:02:58.427Z] [lib/validate-data.js] WorldTimeAPI failed, trying alternative source
[2025-07-22T04:02:59.070Z] [lib/validate-data.js] Using TimeAPI date: 2025-07-22T04:02:58.9847831
[2025-07-22T04:02:59.072Z] [lib/validate-data.js] SRF data validation passed ✓
[2025-07-22T04:02:59.072Z] [lib/validate-data.js] Validating Treasury funding data...
[2025-07-22T04:02:59.072Z] [lib/validate-data.js] Found 282 Treasury funding data points
[2025-07-22T04:02:59.072Z] [lib/validate-data.js] Treasury funding data validation passed ✓
[2025-07-22T04:02:59.072Z] [lib/validate-data.js] All data validation passed ✓
[2025-07-22T04:02:59.076Z] lib/validate-data.js completed successfully
[2025-07-22T04:02:59.076Z] Dashboard update process completed successfully
