[2026-07-23T06:06:19.929Z] Starting Liquidity Dashboard update process
[2026-07-23T06:06:19.930Z] Running lib/data-backup.js...
[2026-07-23T06:06:19.961Z] [lib/data-backup.js] ERROR: node:internal/modules/cjs/loader:1031
  throw err;
  ^

Error: Cannot find module '/home/runner/work/liquiditydashboard/liquiditydashboard/web/lib/data-backup.js'
    at Function.Module._resolveFilename (node:internal/modules/cjs/loader:1028:15)
    at Function.Module._load (node:internal/modules/cjs/loader:873:27)
    at Function.executeUserEntryPoint [as runMain] (node:internal/modules/run_main:81:12)
    at node:internal/main/run_main_module:22:47 {
  code: 'MODULE_NOT_FOUND',
  requireStack: []
}
[2026-07-23T06:06:19.964Z] lib/data-backup.js failed with exit code 1
[2026-07-23T06:06:19.965Z] Running lib/data-backup.js clean...
[2026-07-23T06:06:19.993Z] [lib/data-backup.js clean] ERROR: node:internal/modules/cjs/loader:1031
  throw err;
  ^

Error: Cannot find module '/home/runner/work/liquiditydashboard/liquiditydashboard/web/lib/data-backup.js'
    at Function.Module._resolveFilename (node:internal/modules/cjs/loader:1028:15)
    at Function.Module._load (node:internal/modules/cjs/loader:873:27)
    at Function.executeUserEntryPoint [as runMain] (node:internal/modules/run_main:81:12)
    at node:internal/main/run_main_module:22:47 {
  code: 'MODULE_NOT_FOUND',
  requireStack: []
}
[2026-07-23T06:06:19.995Z] lib/data-backup.js clean failed with exit code 1
[2026-07-23T06:06:19.995Z] Running lib/import-historical-move-data.js...
[2026-07-23T06:06:20.024Z] [lib/import-historical-move-data.js] ERROR: node:internal/modules/cjs/loader:1031
  throw err;
  ^

Error: Cannot find module '/home/runner/work/liquiditydashboard/liquiditydashboard/web/lib/import-historical-move-data.js'
    at Function.Module._resolveFilename (node:internal/modules/cjs/loader:1028:15)
    at Function.Module._load (node:internal/modules/cjs/loader:873:27)
    at Function.executeUserEntryPoint [as runMain] (node:internal/modules/run_main:81:12)
    at node:internal/main/run_main_module:22:47 {
  code: 'MODULE_NOT_FOUND',
  requireStack: []
}
[2026-07-23T06:06:20.026Z] lib/import-historical-move-data.js failed with exit code 1
[2026-07-23T06:06:20.026Z] Running lib/fetch-move-data.js...
[2026-07-23T06:06:20.055Z] [lib/fetch-move-data.js] ERROR: node:internal/modules/cjs/loader:1031
  throw err;
  ^

Error: Cannot find module '/home/runner/work/liquiditydashboard/liquiditydashboard/web/lib/fetch-move-data.js'
    at Function.Module._resolveFilename (node:internal/modules/cjs/loader:1028:15)
    at Function.Module._load (node:internal/modules/cjs/loader:873:27)
    at Function.executeUserEntryPoint [as runMain] (node:internal/modules/run_main:81:12)
    at node:internal/main/run_main_module:22:47 {
  code: 'MODULE_NOT_FOUND',
  requireStack: []
}
[2026-07-23T06:06:20.057Z] lib/fetch-move-data.js failed with exit code 1
[2026-07-23T06:06:20.057Z] Running lib/fetch-srf-data.js...
[2026-07-23T06:06:20.087Z] [lib/fetch-srf-data.js] ERROR: node:internal/modules/cjs/loader:1031
  throw err;
  ^

Error: Cannot find module '/home/runner/work/liquiditydashboard/liquiditydashboard/web/lib/fetch-srf-data.js'
    at Function.Module._resolveFilename (node:internal/modules/cjs/loader:1028:15)
    at Function.Module._load (node:internal/modules/cjs/loader:873:27)
    at Function.executeUserEntryPoint [as runMain] (node:internal/modules/run_main:81:12)
    at node:internal/main/run_main_module:22:47 {
  code: 'MODULE_NOT_FOUND',
  requireStack: []
}
[2026-07-23T06:06:20.089Z] lib/fetch-srf-data.js failed with exit code 1
[2026-07-23T06:06:20.089Z] Running lib/fetch-bill-share-data.js...
[2026-07-23T06:06:20.118Z] [lib/fetch-bill-share-data.js] ERROR: node:internal/modules/cjs/loader:1031
  throw err;
  ^

Error: Cannot find module '/home/runner/work/liquiditydashboard/liquiditydashboard/web/lib/fetch-bill-share-data.js'
    at Function.Module._resolveFilename (node:internal/modules/cjs/loader:1028:15)
    at Function.Module._load (node:internal/modules/cjs/loader:873:27)
    at Function.executeUserEntryPoint [as runMain] (node:internal/modules/run_main:81:12)
    at node:internal/main/run_main_module:22:47 {
  code: 'MODULE_NOT_FOUND',
  requireStack: []
}
[2026-07-23T06:06:20.121Z] lib/fetch-bill-share-data.js failed with exit code 1
[2026-07-23T06:06:20.121Z] Running lib/cleanup-future-dates.js...
[2026-07-23T06:06:20.209Z] [lib/cleanup-future-dates.js] Starting data cleanup process...
[2026-07-23T06:06:20.464Z] [lib/cleanup-future-dates.js] WorldTimeAPI failed, trying alternative source
[2026-07-23T06:06:21.171Z] [lib/cleanup-future-dates.js] Using TimeAPI date: 2026-07-23T05:55:45.5429235
[2026-07-23T06:06:21.171Z] [lib/cleanup-future-dates.js] Using reference date: 2026-7-23

Processing MOVE index data (/home/runner/work/liquiditydashboard/liquiditydashboard/web/public/series/move.json)...
[2026-07-23T06:06:21.171Z] [lib/cleanup-future-dates.js] Loaded 111 MOVE index data points
[2026-07-23T06:06:21.172Z] [lib/cleanup-future-dates.js] No future-dated entries found in MOVE index data
[2026-07-23T06:06:21.172Z] [lib/cleanup-future-dates.js] Processing SRF data (/home/runner/work/liquiditydashboard/liquiditydashboard/web/public/series/srf.json)...
[2026-07-23T06:06:21.173Z] [lib/cleanup-future-dates.js] Loaded 1017 SRF data points
[2026-07-23T06:06:21.174Z] [lib/cleanup-future-dates.js] No future-dated entries found in SRF data
[2026-07-23T06:06:21.175Z] [lib/cleanup-future-dates.js] Processing Treasury bill share data (/home/runner/work/liquiditydashboard/liquiditydashboard/web/public/series/bill-share.json)...
[2026-07-23T06:06:21.175Z] [lib/cleanup-future-dates.js] Loaded 282 Treasury bill share data points
[2026-07-23T06:06:21.175Z] [lib/cleanup-future-dates.js] No future-dated entries found in Treasury bill share data
[2026-07-23T06:06:21.175Z] [lib/cleanup-future-dates.js] Cleanup complete! Removed 0 future-dated entries in total.
[2026-07-23T06:06:21.176Z] [lib/cleanup-future-dates.js] Data cleanup completed with no changes needed
[2026-07-23T06:06:21.179Z] lib/cleanup-future-dates.js completed successfully
[2026-07-23T06:06:21.179Z] Running lib/validate-data.js...
[2026-07-23T06:06:21.259Z] [lib/validate-data.js] Running data validation...
[2026-07-23T06:06:21.260Z] [lib/validate-data.js] Validating MOVE index data...
[2026-07-23T06:06:21.260Z] [lib/validate-data.js] Found 111 MOVE data points
[2026-07-23T06:06:21.407Z] [lib/validate-data.js] WorldTimeAPI failed, trying alternative source
[2026-07-23T06:06:22.096Z] [lib/validate-data.js] Using TimeAPI date: 2026-07-23T05:55:46.4674013
[2026-07-23T06:06:22.096Z] [lib/validate-data.js] Using reference date: 2026-7-23
[2026-07-23T06:06:22.097Z] [lib/validate-data.js] MOVE index data validation passed ✓
[2026-07-23T06:06:22.097Z] [lib/validate-data.js] Validating SRF data...
[2026-07-23T06:06:22.097Z] [lib/validate-data.js] Found 1017 SRF data points
[2026-07-23T06:06:22.205Z] [lib/validate-data.js] WorldTimeAPI failed, trying alternative source
[2026-07-23T06:06:22.881Z] [lib/validate-data.js] Using TimeAPI date: 2026-07-23T05:55:47.2568886
[2026-07-23T06:06:22.884Z] [lib/validate-data.js] SRF data validation passed ✓
[2026-07-23T06:06:22.884Z] [lib/validate-data.js] Validating Treasury funding data...
[2026-07-23T06:06:22.884Z] [lib/validate-data.js] Found 282 Treasury funding data points
[2026-07-23T06:06:22.884Z] [lib/validate-data.js] Treasury funding data validation passed ✓
[2026-07-23T06:06:22.884Z] [lib/validate-data.js] All data validation passed ✓
[2026-07-23T06:06:22.887Z] lib/validate-data.js completed successfully
[2026-07-23T06:06:22.887Z] Dashboard update process completed successfully
