[2025-11-17T03:51:38.689Z] Starting Liquidity Dashboard update process
[2025-11-17T03:51:38.690Z] Running lib/data-backup.js...
[2025-11-17T03:51:38.720Z] [lib/data-backup.js] ERROR: node:internal/modules/cjs/loader:1031
  throw err;
  ^

Error: Cannot find module '/home/runner/work/liquiditydashboard/liquiditydashboard/web/lib/data-backup.js'
    at Function.Module._resolveFilename (node:internal/modules/cjs/loader:1028:15)
    at Function.Module._load (node:internal/modules/cjs/loader:873:27)
    at Function.executeUserEntryPoint [as runMain] (node:internal/modules/run_main:81:12)
    at node:internal/main/run_main_module:22:47 {
  code: 'MODULE_NOT_FOUND',
  requireStack: []
}
[2025-11-17T03:51:38.722Z] lib/data-backup.js failed with exit code 1
[2025-11-17T03:51:38.723Z] Running lib/data-backup.js clean...
[2025-11-17T03:51:38.750Z] [lib/data-backup.js clean] ERROR: node:internal/modules/cjs/loader:1031
  throw err;
  ^

Error: Cannot find module '/home/runner/work/liquiditydashboard/liquiditydashboard/web/lib/data-backup.js'
    at Function.Module._resolveFilename (node:internal/modules/cjs/loader:1028:15)
    at Function.Module._load (node:internal/modules/cjs/loader:873:27)
    at Function.executeUserEntryPoint [as runMain] (node:internal/modules/run_main:81:12)
    at node:internal/main/run_main_module:22:47 {
  code: 'MODULE_NOT_FOUND',
  requireStack: []
}
[2025-11-17T03:51:38.752Z] lib/data-backup.js clean failed with exit code 1
[2025-11-17T03:51:38.752Z] Running lib/import-historical-move-data.js...
[2025-11-17T03:51:38.780Z] [lib/import-historical-move-data.js] ERROR: node:internal/modules/cjs/loader:1031
  throw err;
  ^

Error: Cannot find module '/home/runner/work/liquiditydashboard/liquiditydashboard/web/lib/import-historical-move-data.js'
    at Function.Module._resolveFilename (node:internal/modules/cjs/loader:1028:15)
    at Function.Module._load (node:internal/modules/cjs/loader:873:27)
    at Function.executeUserEntryPoint [as runMain] (node:internal/modules/run_main:81:12)
    at node:internal/main/run_main_module:22:47 {
  code: 'MODULE_NOT_FOUND',
  requireStack: []
}
[2025-11-17T03:51:38.782Z] lib/import-historical-move-data.js failed with exit code 1
[2025-11-17T03:51:38.782Z] Running lib/fetch-move-data.js...
[2025-11-17T03:51:38.810Z] [lib/fetch-move-data.js] ERROR: node:internal/modules/cjs/loader:1031
  throw err;
  ^

Error: Cannot find module '/home/runner/work/liquiditydashboard/liquiditydashboard/web/lib/fetch-move-data.js'
    at Function.Module._resolveFilename (node:internal/modules/cjs/loader:1028:15)
    at Function.Module._load (node:internal/modules/cjs/loader:873:27)
    at Function.executeUserEntryPoint [as runMain] (node:internal/modules/run_main:81:12)
    at node:internal/main/run_main_module:22:47 {
  code: 'MODULE_NOT_FOUND',
  requireStack: []
}
[2025-11-17T03:51:38.812Z] lib/fetch-move-data.js failed with exit code 1
[2025-11-17T03:51:38.812Z] Running lib/fetch-srf-data.js...
[2025-11-17T03:51:38.840Z] [lib/fetch-srf-data.js] ERROR: node:internal/modules/cjs/loader:1031
  throw err;
  ^

Error: Cannot find module '/home/runner/work/liquiditydashboard/liquiditydashboard/web/lib/fetch-srf-data.js'
    at Function.Module._resolveFilename (node:internal/modules/cjs/loader:1028:15)
    at Function.Module._load (node:internal/modules/cjs/loader:873:27)
    at Function.executeUserEntryPoint [as runMain] (node:internal/modules/run_main:81:12)
    at node:internal/main/run_main_module:22:47 {
  code: 'MODULE_NOT_FOUND',
  requireStack: []
}
[2025-11-17T03:51:38.842Z] lib/fetch-srf-data.js failed with exit code 1
[2025-11-17T03:51:38.842Z] Running lib/fetch-bill-share-data.js...
[2025-11-17T03:51:38.870Z] [lib/fetch-bill-share-data.js] ERROR: node:internal/modules/cjs/loader:1031
  throw err;
  ^

Error: Cannot find module '/home/runner/work/liquiditydashboard/liquiditydashboard/web/lib/fetch-bill-share-data.js'
    at Function.Module._resolveFilename (node:internal/modules/cjs/loader:1028:15)
    at Function.Module._load (node:internal/modules/cjs/loader:873:27)
    at Function.executeUserEntryPoint [as runMain] (node:internal/modules/run_main:81:12)
    at node:internal/main/run_main_module:22:47 {
  code: 'MODULE_NOT_FOUND',
  requireStack: []
}
[2025-11-17T03:51:38.872Z] lib/fetch-bill-share-data.js failed with exit code 1
[2025-11-17T03:51:38.872Z] Running lib/cleanup-future-dates.js...
[2025-11-17T03:51:38.947Z] [lib/cleanup-future-dates.js] Starting data cleanup process...
[2025-11-17T03:51:39.281Z] [lib/cleanup-future-dates.js] WorldTimeAPI failed, trying alternative source
[2025-11-17T03:51:40.308Z] [lib/cleanup-future-dates.js] Using TimeAPI date: 2025-11-17T03:51:40.2330246
[2025-11-17T03:51:40.308Z] [lib/cleanup-future-dates.js] Using reference date: 2025-11-17

Processing MOVE index data (/home/runner/work/liquiditydashboard/liquiditydashboard/web/public/series/move.json)...
[2025-11-17T03:51:40.308Z] [lib/cleanup-future-dates.js] Loaded 111 MOVE index data points
[2025-11-17T03:51:40.309Z] [lib/cleanup-future-dates.js] No future-dated entries found in MOVE index data

Processing SRF data (/home/runner/work/liquiditydashboard/liquiditydashboard/web/public/series/srf.json)...
[2025-11-17T03:51:40.309Z] [lib/cleanup-future-dates.js] Loaded 1017 SRF data points
[2025-11-17T03:51:40.310Z] [lib/cleanup-future-dates.js] No future-dated entries found in SRF data
[2025-11-17T03:51:40.311Z] [lib/cleanup-future-dates.js] Processing Treasury bill share data (/home/runner/work/liquiditydashboard/liquiditydashboard/web/public/series/bill-share.json)...
[2025-11-17T03:51:40.311Z] [lib/cleanup-future-dates.js] Loaded 282 Treasury bill share data points
[2025-11-17T03:51:40.311Z] [lib/cleanup-future-dates.js] No future-dated entries found in Treasury bill share data
[2025-11-17T03:51:40.311Z] [lib/cleanup-future-dates.js] Cleanup complete! Removed 0 future-dated entries in total.
[2025-11-17T03:51:40.311Z] [lib/cleanup-future-dates.js] Data cleanup completed with no changes needed
[2025-11-17T03:51:40.315Z] lib/cleanup-future-dates.js completed successfully
[2025-11-17T03:51:40.315Z] Running lib/validate-data.js...
[2025-11-17T03:51:40.388Z] [lib/validate-data.js] Running data validation...
[2025-11-17T03:51:40.389Z] [lib/validate-data.js] Validating MOVE index data...
[2025-11-17T03:51:40.389Z] [lib/validate-data.js] Found 111 MOVE data points
[2025-11-17T03:51:40.472Z] [lib/validate-data.js] WorldTimeAPI failed, trying alternative source
[2025-11-17T03:51:41.415Z] [lib/validate-data.js] Using TimeAPI date: 2025-11-17T03:51:41.33466
[2025-11-17T03:51:41.416Z] [lib/validate-data.js] Using reference date: 2025-11-17
[2025-11-17T03:51:41.416Z] [lib/validate-data.js] MOVE index data validation passed ✓
[2025-11-17T03:51:41.416Z] [lib/validate-data.js] Validating SRF data...
[2025-11-17T03:51:41.417Z] [lib/validate-data.js] Found 1017 SRF data points
[2025-11-17T03:51:41.548Z] [lib/validate-data.js] WorldTimeAPI failed, trying alternative source
[2025-11-17T03:51:42.529Z] [lib/validate-data.js] Using TimeAPI date: 2025-11-17T03:51:42.4617727
[2025-11-17T03:51:42.531Z] [lib/validate-data.js] SRF data validation passed ✓
[2025-11-17T03:51:42.531Z] [lib/validate-data.js] Validating Treasury funding data...
[2025-11-17T03:51:42.531Z] [lib/validate-data.js] Found 282 Treasury funding data points
[2025-11-17T03:51:42.532Z] [lib/validate-data.js] Treasury funding data validation passed ✓
[2025-11-17T03:51:42.532Z] [lib/validate-data.js] All data validation passed ✓
[2025-11-17T03:51:42.535Z] lib/validate-data.js completed successfully
[2025-11-17T03:51:42.535Z] Dashboard update process completed successfully
