[2025-12-07T03:59:35.874Z] Starting Liquidity Dashboard update process
[2025-12-07T03:59:35.875Z] Running lib/data-backup.js...
[2025-12-07T03:59:35.903Z] [lib/data-backup.js] ERROR: node:internal/modules/cjs/loader:1031
  throw err;
  ^

Error: Cannot find module '/home/runner/work/liquiditydashboard/liquiditydashboard/web/lib/data-backup.js'
    at Function.Module._resolveFilename (node:internal/modules/cjs/loader:1028:15)
    at Function.Module._load (node:internal/modules/cjs/loader:873:27)
    at Function.executeUserEntryPoint [as runMain] (node:internal/modules/run_main:81:12)
    at node:internal/main/run_main_module:22:47 {
  code: 'MODULE_NOT_FOUND',
  requireStack: []
}
[2025-12-07T03:59:35.906Z] lib/data-backup.js failed with exit code 1
[2025-12-07T03:59:35.906Z] Running lib/data-backup.js clean...
[2025-12-07T03:59:35.933Z] [lib/data-backup.js clean] ERROR: node:internal/modules/cjs/loader:1031
  throw err;
  ^

Error: Cannot find module '/home/runner/work/liquiditydashboard/liquiditydashboard/web/lib/data-backup.js'
    at Function.Module._resolveFilename (node:internal/modules/cjs/loader:1028:15)
    at Function.Module._load (node:internal/modules/cjs/loader:873:27)
    at Function.executeUserEntryPoint [as runMain] (node:internal/modules/run_main:81:12)
    at node:internal/main/run_main_module:22:47 {
  code: 'MODULE_NOT_FOUND',
  requireStack: []
}
[2025-12-07T03:59:35.934Z] lib/data-backup.js clean failed with exit code 1
[2025-12-07T03:59:35.934Z] Running lib/import-historical-move-data.js...
[2025-12-07T03:59:35.961Z] [lib/import-historical-move-data.js] ERROR: node:internal/modules/cjs/loader:1031
  throw err;
  ^

Error: Cannot find module '/home/runner/work/liquiditydashboard/liquiditydashboard/web/lib/import-historical-move-data.js'
    at Function.Module._resolveFilename (node:internal/modules/cjs/loader:1028:15)
    at Function.Module._load (node:internal/modules/cjs/loader:873:27)
    at Function.executeUserEntryPoint [as runMain] (node:internal/modules/run_main:81:12)
    at node:internal/main/run_main_module:22:47 {
  code: 'MODULE_NOT_FOUND',
  requireStack: []
}
[2025-12-07T03:59:35.963Z] lib/import-historical-move-data.js failed with exit code 1
[2025-12-07T03:59:35.963Z] Running lib/fetch-move-data.js...
[2025-12-07T03:59:35.990Z] [lib/fetch-move-data.js] ERROR: node:internal/modules/cjs/loader:1031
  throw err;
  ^

Error: Cannot find module '/home/runner/work/liquiditydashboard/liquiditydashboard/web/lib/fetch-move-data.js'
    at Function.Module._resolveFilename (node:internal/modules/cjs/loader:1028:15)
    at Function.Module._load (node:internal/modules/cjs/loader:873:27)
    at Function.executeUserEntryPoint [as runMain] (node:internal/modules/run_main:81:12)
    at node:internal/main/run_main_module:22:47 {
  code: 'MODULE_NOT_FOUND',
  requireStack: []
}
[2025-12-07T03:59:35.992Z] lib/fetch-move-data.js failed with exit code 1
[2025-12-07T03:59:35.992Z] Running lib/fetch-srf-data.js...
[2025-12-07T03:59:36.019Z] [lib/fetch-srf-data.js] ERROR: node:internal/modules/cjs/loader:1031
  throw err;
  ^

Error: Cannot find module '/home/runner/work/liquiditydashboard/liquiditydashboard/web/lib/fetch-srf-data.js'
    at Function.Module._resolveFilename (node:internal/modules/cjs/loader:1028:15)
    at Function.Module._load (node:internal/modules/cjs/loader:873:27)
    at Function.executeUserEntryPoint [as runMain] (node:internal/modules/run_main:81:12)
    at node:internal/main/run_main_module:22:47 {
  code: 'MODULE_NOT_FOUND',
  requireStack: []
}
[2025-12-07T03:59:36.020Z] lib/fetch-srf-data.js failed with exit code 1
[2025-12-07T03:59:36.021Z] Running lib/fetch-bill-share-data.js...
[2025-12-07T03:59:36.047Z] [lib/fetch-bill-share-data.js] ERROR: node:internal/modules/cjs/loader:1031
  throw err;
  ^

Error: Cannot find module '/home/runner/work/liquiditydashboard/liquiditydashboard/web/lib/fetch-bill-share-data.js'
    at Function.Module._resolveFilename (node:internal/modules/cjs/loader:1028:15)
    at Function.Module._load (node:internal/modules/cjs/loader:873:27)
    at Function.executeUserEntryPoint [as runMain] (node:internal/modules/run_main:81:12)
    at node:internal/main/run_main_module:22:47 {
  code: 'MODULE_NOT_FOUND',
  requireStack: []
}
[2025-12-07T03:59:36.049Z] lib/fetch-bill-share-data.js failed with exit code 1
[2025-12-07T03:59:36.049Z] Running lib/cleanup-future-dates.js...
[2025-12-07T03:59:36.120Z] [lib/cleanup-future-dates.js] Starting data cleanup process...
[2025-12-07T03:59:36.375Z] [lib/cleanup-future-dates.js] WorldTimeAPI failed, trying alternative source
[2025-12-07T03:59:37.007Z] [lib/cleanup-future-dates.js] Using TimeAPI date: 2025-12-07T03:59:36.9498462
[2025-12-07T03:59:37.007Z] [lib/cleanup-future-dates.js] Using reference date: 2025-12-7

Processing MOVE index data (/home/runner/work/liquiditydashboard/liquiditydashboard/web/public/series/move.json)...
[2025-12-07T03:59:37.008Z] [lib/cleanup-future-dates.js] Loaded 111 MOVE index data points
[2025-12-07T03:59:37.008Z] [lib/cleanup-future-dates.js] No future-dated entries found in MOVE index data
[2025-12-07T03:59:37.008Z] [lib/cleanup-future-dates.js] Processing SRF data (/home/runner/work/liquiditydashboard/liquiditydashboard/web/public/series/srf.json)...
[2025-12-07T03:59:37.009Z] [lib/cleanup-future-dates.js] Loaded 1017 SRF data points
[2025-12-07T03:59:37.010Z] [lib/cleanup-future-dates.js] No future-dated entries found in SRF data
[2025-12-07T03:59:37.010Z] [lib/cleanup-future-dates.js] Processing Treasury bill share data (/home/runner/work/liquiditydashboard/liquiditydashboard/web/public/series/bill-share.json)...
[2025-12-07T03:59:37.010Z] [lib/cleanup-future-dates.js] Loaded 282 Treasury bill share data points
[2025-12-07T03:59:37.011Z] [lib/cleanup-future-dates.js] No future-dated entries found in Treasury bill share data
[2025-12-07T03:59:37.011Z] [lib/cleanup-future-dates.js] Cleanup complete! Removed 0 future-dated entries in total.
[2025-12-07T03:59:37.011Z] [lib/cleanup-future-dates.js] Data cleanup completed with no changes needed
[2025-12-07T03:59:37.013Z] lib/cleanup-future-dates.js completed successfully
[2025-12-07T03:59:37.013Z] Running lib/validate-data.js...
[2025-12-07T03:59:37.082Z] [lib/validate-data.js] Running data validation...
[2025-12-07T03:59:37.082Z] [lib/validate-data.js] Validating MOVE index data...
[2025-12-07T03:59:37.082Z] [lib/validate-data.js] Found 111 MOVE data points
[2025-12-07T03:59:37.196Z] [lib/validate-data.js] WorldTimeAPI failed, trying alternative source
[2025-12-07T03:59:37.830Z] [lib/validate-data.js] Using TimeAPI date: 2025-12-07T03:59:37.7678061
[2025-12-07T03:59:37.830Z] [lib/validate-data.js] Using reference date: 2025-12-7
[2025-12-07T03:59:37.831Z] [lib/validate-data.js] MOVE index data validation passed ✓
[2025-12-07T03:59:37.831Z] [lib/validate-data.js] Validating SRF data...
[2025-12-07T03:59:37.832Z] [lib/validate-data.js] Found 1017 SRF data points
[2025-12-07T03:59:37.915Z] [lib/validate-data.js] WorldTimeAPI failed, trying alternative source
[2025-12-07T03:59:38.762Z] [lib/validate-data.js] Using TimeAPI date: 2025-12-07T03:59:38.7081718
[2025-12-07T03:59:38.763Z] [lib/validate-data.js] SRF data validation passed ✓
[2025-12-07T03:59:38.763Z] [lib/validate-data.js] Validating Treasury funding data...
[2025-12-07T03:59:38.764Z] [lib/validate-data.js] Found 282 Treasury funding data points
[2025-12-07T03:59:38.764Z] [lib/validate-data.js] Treasury funding data validation passed ✓
[2025-12-07T03:59:38.764Z] [lib/validate-data.js] All data validation passed ✓
[2025-12-07T03:59:38.766Z] lib/validate-data.js completed successfully
[2025-12-07T03:59:38.766Z] Dashboard update process completed successfully
