[2026-01-04T04:14:24.024Z] Starting Liquidity Dashboard update process
[2026-01-04T04:14:24.026Z] Running lib/data-backup.js...
[2026-01-04T04:14:24.056Z] [lib/data-backup.js] ERROR: node:internal/modules/cjs/loader:1031
  throw err;
  ^

Error: Cannot find module '/home/runner/work/liquiditydashboard/liquiditydashboard/web/lib/data-backup.js'
    at Function.Module._resolveFilename (node:internal/modules/cjs/loader:1028:15)
    at Function.Module._load (node:internal/modules/cjs/loader:873:27)
    at Function.executeUserEntryPoint [as runMain] (node:internal/modules/run_main:81:12)
    at node:internal/main/run_main_module:22:47 {
  code: 'MODULE_NOT_FOUND',
  requireStack: []
}
[2026-01-04T04:14:24.059Z] lib/data-backup.js failed with exit code 1
[2026-01-04T04:14:24.059Z] Running lib/data-backup.js clean...
[2026-01-04T04:14:24.089Z] [lib/data-backup.js clean] ERROR: node:internal/modules/cjs/loader:1031
  throw err;
  ^

Error: Cannot find module '/home/runner/work/liquiditydashboard/liquiditydashboard/web/lib/data-backup.js'
    at Function.Module._resolveFilename (node:internal/modules/cjs/loader:1028:15)
    at Function.Module._load (node:internal/modules/cjs/loader:873:27)
    at Function.executeUserEntryPoint [as runMain] (node:internal/modules/run_main:81:12)
    at node:internal/main/run_main_module:22:47 {
  code: 'MODULE_NOT_FOUND',
  requireStack: []
}
[2026-01-04T04:14:24.092Z] lib/data-backup.js clean failed with exit code 1
[2026-01-04T04:14:24.092Z] Running lib/import-historical-move-data.js...
[2026-01-04T04:14:24.121Z] [lib/import-historical-move-data.js] ERROR: node:internal/modules/cjs/loader:1031
  throw err;
  ^

Error: Cannot find module '/home/runner/work/liquiditydashboard/liquiditydashboard/web/lib/import-historical-move-data.js'
    at Function.Module._resolveFilename (node:internal/modules/cjs/loader:1028:15)
    at Function.Module._load (node:internal/modules/cjs/loader:873:27)
    at Function.executeUserEntryPoint [as runMain] (node:internal/modules/run_main:81:12)
    at node:internal/main/run_main_module:22:47 {
  code: 'MODULE_NOT_FOUND',
  requireStack: []
}
[2026-01-04T04:14:24.123Z] lib/import-historical-move-data.js failed with exit code 1
[2026-01-04T04:14:24.123Z] Running lib/fetch-move-data.js...
[2026-01-04T04:14:24.152Z] [lib/fetch-move-data.js] ERROR: node:internal/modules/cjs/loader:1031
  throw err;
  ^

Error: Cannot find module '/home/runner/work/liquiditydashboard/liquiditydashboard/web/lib/fetch-move-data.js'
    at Function.Module._resolveFilename (node:internal/modules/cjs/loader:1028:15)
    at Function.Module._load (node:internal/modules/cjs/loader:873:27)
    at Function.executeUserEntryPoint [as runMain] (node:internal/modules/run_main:81:12)
    at node:internal/main/run_main_module:22:47 {
  code: 'MODULE_NOT_FOUND',
  requireStack: []
}
[2026-01-04T04:14:24.154Z] lib/fetch-move-data.js failed with exit code 1
[2026-01-04T04:14:24.154Z] Running lib/fetch-srf-data.js...
[2026-01-04T04:14:24.183Z] [lib/fetch-srf-data.js] ERROR: node:internal/modules/cjs/loader:1031
  throw err;
  ^

Error: Cannot find module '/home/runner/work/liquiditydashboard/liquiditydashboard/web/lib/fetch-srf-data.js'
    at Function.Module._resolveFilename (node:internal/modules/cjs/loader:1028:15)
    at Function.Module._load (node:internal/modules/cjs/loader:873:27)
    at Function.executeUserEntryPoint [as runMain] (node:internal/modules/run_main:81:12)
    at node:internal/main/run_main_module:22:47 {
  code: 'MODULE_NOT_FOUND',
  requireStack: []
}
[2026-01-04T04:14:24.185Z] lib/fetch-srf-data.js failed with exit code 1
[2026-01-04T04:14:24.185Z] Running lib/fetch-bill-share-data.js...
[2026-01-04T04:14:24.215Z] [lib/fetch-bill-share-data.js] ERROR: node:internal/modules/cjs/loader:1031
  throw err;
  ^

Error: Cannot find module '/home/runner/work/liquiditydashboard/liquiditydashboard/web/lib/fetch-bill-share-data.js'
    at Function.Module._resolveFilename (node:internal/modules/cjs/loader:1028:15)
    at Function.Module._load (node:internal/modules/cjs/loader:873:27)
    at Function.executeUserEntryPoint [as runMain] (node:internal/modules/run_main:81:12)
    at node:internal/main/run_main_module:22:47 {
  code: 'MODULE_NOT_FOUND',
  requireStack: []
}
[2026-01-04T04:14:24.217Z] lib/fetch-bill-share-data.js failed with exit code 1
[2026-01-04T04:14:24.217Z] Running lib/cleanup-future-dates.js...
[2026-01-04T04:14:24.308Z] [lib/cleanup-future-dates.js] Starting data cleanup process...
[2026-01-04T04:14:24.360Z] [lib/cleanup-future-dates.js] WorldTimeAPI failed, trying alternative source
[2026-01-04T04:14:47.307Z] [lib/cleanup-future-dates.js] Using TimeAPI date: 2026-01-04T04:14:47.2168967
[2026-01-04T04:14:47.307Z] [lib/cleanup-future-dates.js] Using reference date: 2026-1-4
[2026-01-04T04:14:47.307Z] [lib/cleanup-future-dates.js] Processing MOVE index data (/home/runner/work/liquiditydashboard/liquiditydashboard/web/public/series/move.json)...
[2026-01-04T04:14:47.308Z] [lib/cleanup-future-dates.js] Loaded 111 MOVE index data points
[2026-01-04T04:14:47.308Z] [lib/cleanup-future-dates.js] No future-dated entries found in MOVE index data
[2026-01-04T04:14:47.308Z] [lib/cleanup-future-dates.js] Processing SRF data (/home/runner/work/liquiditydashboard/liquiditydashboard/web/public/series/srf.json)...
[2026-01-04T04:14:47.309Z] [lib/cleanup-future-dates.js] Loaded 1017 SRF data points
[2026-01-04T04:14:47.310Z] [lib/cleanup-future-dates.js] No future-dated entries found in SRF data
[2026-01-04T04:14:47.310Z] [lib/cleanup-future-dates.js] Processing Treasury bill share data (/home/runner/work/liquiditydashboard/liquiditydashboard/web/public/series/bill-share.json)...
[2026-01-04T04:14:47.311Z] [lib/cleanup-future-dates.js] Loaded 282 Treasury bill share data points
[2026-01-04T04:14:47.311Z] [lib/cleanup-future-dates.js] No future-dated entries found in Treasury bill share data
[2026-01-04T04:14:47.311Z] [lib/cleanup-future-dates.js] Cleanup complete! Removed 0 future-dated entries in total.
Data cleanup completed with no changes needed
[2026-01-04T04:14:47.314Z] lib/cleanup-future-dates.js completed successfully
[2026-01-04T04:14:47.314Z] Running lib/validate-data.js...
[2026-01-04T04:14:47.391Z] [lib/validate-data.js] Running data validation...
[2026-01-04T04:14:47.392Z] [lib/validate-data.js] Validating MOVE index data...
[2026-01-04T04:14:47.392Z] [lib/validate-data.js] Found 111 MOVE data points
[2026-01-04T04:14:47.432Z] [lib/validate-data.js] WorldTimeAPI failed, trying alternative source
[2026-01-04T04:15:13.176Z] [lib/validate-data.js] Using TimeAPI date: 2026-01-04T04:15:13.0986396
[2026-01-04T04:15:13.176Z] [lib/validate-data.js] Using reference date: 2026-1-4
[2026-01-04T04:15:13.177Z] [lib/validate-data.js] MOVE index data validation passed ✓
[2026-01-04T04:15:13.177Z] [lib/validate-data.js] Validating SRF data...
[2026-01-04T04:15:13.178Z] [lib/validate-data.js] Found 1017 SRF data points
[2026-01-04T04:15:13.268Z] [lib/validate-data.js] WorldTimeAPI failed, trying alternative source
[2026-01-04T04:15:38.938Z] [lib/validate-data.js] Using TimeAPI date: 2026-01-04T04:15:38.8655482
[2026-01-04T04:15:38.939Z] [lib/validate-data.js] SRF data validation passed ✓
[2026-01-04T04:15:38.939Z] [lib/validate-data.js] Validating Treasury funding data...
[2026-01-04T04:15:38.940Z] [lib/validate-data.js] Found 282 Treasury funding data points
[2026-01-04T04:15:38.940Z] [lib/validate-data.js] Treasury funding data validation passed ✓
[2026-01-04T04:15:38.941Z] [lib/validate-data.js] All data validation passed ✓
[2026-01-04T04:15:38.944Z] lib/validate-data.js completed successfully
[2026-01-04T04:15:38.944Z] Dashboard update process completed successfully
