[2026-02-11T05:08:51.182Z] Starting Liquidity Dashboard update process
[2026-02-11T05:08:51.183Z] Running lib/data-backup.js...
[2026-02-11T05:08:51.213Z] [lib/data-backup.js] ERROR: node:internal/modules/cjs/loader:1031
  throw err;
  ^

Error: Cannot find module '/home/runner/work/liquiditydashboard/liquiditydashboard/web/lib/data-backup.js'
    at Function.Module._resolveFilename (node:internal/modules/cjs/loader:1028:15)
    at Function.Module._load (node:internal/modules/cjs/loader:873:27)
    at Function.executeUserEntryPoint [as runMain] (node:internal/modules/run_main:81:12)
    at node:internal/main/run_main_module:22:47 {
  code: 'MODULE_NOT_FOUND',
  requireStack: []
}
[2026-02-11T05:08:51.216Z] lib/data-backup.js failed with exit code 1
[2026-02-11T05:08:51.216Z] Running lib/data-backup.js clean...
[2026-02-11T05:08:51.245Z] [lib/data-backup.js clean] ERROR: node:internal/modules/cjs/loader:1031
  throw err;
  ^

Error: Cannot find module '/home/runner/work/liquiditydashboard/liquiditydashboard/web/lib/data-backup.js'
    at Function.Module._resolveFilename (node:internal/modules/cjs/loader:1028:15)
    at Function.Module._load (node:internal/modules/cjs/loader:873:27)
    at Function.executeUserEntryPoint [as runMain] (node:internal/modules/run_main:81:12)
    at node:internal/main/run_main_module:22:47 {
  code: 'MODULE_NOT_FOUND',
  requireStack: []
}
[2026-02-11T05:08:51.247Z] lib/data-backup.js clean failed with exit code 1
[2026-02-11T05:08:51.247Z] Running lib/import-historical-move-data.js...
[2026-02-11T05:08:51.276Z] [lib/import-historical-move-data.js] ERROR: node:internal/modules/cjs/loader:1031
  throw err;
  ^

Error: Cannot find module '/home/runner/work/liquiditydashboard/liquiditydashboard/web/lib/import-historical-move-data.js'
    at Function.Module._resolveFilename (node:internal/modules/cjs/loader:1028:15)
    at Function.Module._load (node:internal/modules/cjs/loader:873:27)
    at Function.executeUserEntryPoint [as runMain] (node:internal/modules/run_main:81:12)
    at node:internal/main/run_main_module:22:47 {
  code: 'MODULE_NOT_FOUND',
  requireStack: []
}
[2026-02-11T05:08:51.278Z] lib/import-historical-move-data.js failed with exit code 1
[2026-02-11T05:08:51.279Z] Running lib/fetch-move-data.js...
[2026-02-11T05:08:51.308Z] [lib/fetch-move-data.js] ERROR: node:internal/modules/cjs/loader:1031
  throw err;
  ^

Error: Cannot find module '/home/runner/work/liquiditydashboard/liquiditydashboard/web/lib/fetch-move-data.js'
    at Function.Module._resolveFilename (node:internal/modules/cjs/loader:1028:15)
    at Function.Module._load (node:internal/modules/cjs/loader:873:27)
    at Function.executeUserEntryPoint [as runMain] (node:internal/modules/run_main:81:12)
    at node:internal/main/run_main_module:22:47 {
  code: 'MODULE_NOT_FOUND',
  requireStack: []
}
[2026-02-11T05:08:51.310Z] lib/fetch-move-data.js failed with exit code 1
[2026-02-11T05:08:51.310Z] Running lib/fetch-srf-data.js...
[2026-02-11T05:08:51.339Z] [lib/fetch-srf-data.js] ERROR: node:internal/modules/cjs/loader:1031
  throw err;
  ^

Error: Cannot find module '/home/runner/work/liquiditydashboard/liquiditydashboard/web/lib/fetch-srf-data.js'
    at Function.Module._resolveFilename (node:internal/modules/cjs/loader:1028:15)
    at Function.Module._load (node:internal/modules/cjs/loader:873:27)
    at Function.executeUserEntryPoint [as runMain] (node:internal/modules/run_main:81:12)
    at node:internal/main/run_main_module:22:47 {
  code: 'MODULE_NOT_FOUND',
  requireStack: []
}
[2026-02-11T05:08:51.342Z] lib/fetch-srf-data.js failed with exit code 1
[2026-02-11T05:08:51.342Z] Running lib/fetch-bill-share-data.js...
[2026-02-11T05:08:51.371Z] [lib/fetch-bill-share-data.js] ERROR: node:internal/modules/cjs/loader:1031
  throw err;
  ^

Error: Cannot find module '/home/runner/work/liquiditydashboard/liquiditydashboard/web/lib/fetch-bill-share-data.js'
    at Function.Module._resolveFilename (node:internal/modules/cjs/loader:1028:15)
    at Function.Module._load (node:internal/modules/cjs/loader:873:27)
    at Function.executeUserEntryPoint [as runMain] (node:internal/modules/run_main:81:12)
    at node:internal/main/run_main_module:22:47 {
  code: 'MODULE_NOT_FOUND',
  requireStack: []
}
[2026-02-11T05:08:51.373Z] lib/fetch-bill-share-data.js failed with exit code 1
[2026-02-11T05:08:51.374Z] Running lib/cleanup-future-dates.js...
[2026-02-11T05:08:51.452Z] [lib/cleanup-future-dates.js] Starting data cleanup process...
[2026-02-11T05:08:51.649Z] [lib/cleanup-future-dates.js] WorldTimeAPI failed, trying alternative source
[2026-02-11T05:08:52.097Z] [lib/cleanup-future-dates.js] Using TimeAPI date: 2026-02-11T05:08:52.5352912
[2026-02-11T05:08:52.097Z] [lib/cleanup-future-dates.js] Using reference date: 2026-2-11

Processing MOVE index data (/home/runner/work/liquiditydashboard/liquiditydashboard/web/public/series/move.json)...
[2026-02-11T05:08:52.098Z] [lib/cleanup-future-dates.js] Loaded 111 MOVE index data points
[2026-02-11T05:08:52.098Z] [lib/cleanup-future-dates.js] No future-dated entries found in MOVE index data
[2026-02-11T05:08:52.098Z] [lib/cleanup-future-dates.js] Processing SRF data (/home/runner/work/liquiditydashboard/liquiditydashboard/web/public/series/srf.json)...
[2026-02-11T05:08:52.099Z] [lib/cleanup-future-dates.js] Loaded 1017 SRF data points
[2026-02-11T05:08:52.100Z] [lib/cleanup-future-dates.js] No future-dated entries found in SRF data
[2026-02-11T05:08:52.100Z] [lib/cleanup-future-dates.js] Processing Treasury bill share data (/home/runner/work/liquiditydashboard/liquiditydashboard/web/public/series/bill-share.json)...
[2026-02-11T05:08:52.100Z] [lib/cleanup-future-dates.js] Loaded 282 Treasury bill share data points
[2026-02-11T05:08:52.101Z] [lib/cleanup-future-dates.js] No future-dated entries found in Treasury bill share data
[2026-02-11T05:08:52.101Z] [lib/cleanup-future-dates.js] Cleanup complete! Removed 0 future-dated entries in total.
[2026-02-11T05:08:52.101Z] [lib/cleanup-future-dates.js] Data cleanup completed with no changes needed
[2026-02-11T05:08:52.104Z] lib/cleanup-future-dates.js completed successfully
[2026-02-11T05:08:52.104Z] Running lib/validate-data.js...
[2026-02-11T05:08:52.180Z] [lib/validate-data.js] Running data validation...
[2026-02-11T05:08:52.181Z] [lib/validate-data.js] Validating MOVE index data...
[2026-02-11T05:08:52.181Z] [lib/validate-data.js] Found 111 MOVE data points
[2026-02-11T05:08:52.259Z] [lib/validate-data.js] WorldTimeAPI failed, trying alternative source
[2026-02-11T05:08:52.710Z] [lib/validate-data.js] Using TimeAPI date: 2026-02-11T05:08:53.1481736
[2026-02-11T05:08:52.710Z] [lib/validate-data.js] Using reference date: 2026-2-11
[2026-02-11T05:08:52.711Z] [lib/validate-data.js] MOVE index data validation passed ✓
[2026-02-11T05:08:52.711Z] [lib/validate-data.js] Validating SRF data...
[2026-02-11T05:08:52.711Z] [lib/validate-data.js] Found 1017 SRF data points
[2026-02-11T05:08:52.774Z] [lib/validate-data.js] WorldTimeAPI failed, trying alternative source
[2026-02-11T05:08:53.201Z] [lib/validate-data.js] Using TimeAPI date: 2026-02-11T05:08:53.6449089
[2026-02-11T05:08:53.203Z] [lib/validate-data.js] SRF data validation passed ✓
[2026-02-11T05:08:53.203Z] [lib/validate-data.js] Validating Treasury funding data...
[2026-02-11T05:08:53.204Z] [lib/validate-data.js] Found 282 Treasury funding data points
[2026-02-11T05:08:53.204Z] [lib/validate-data.js] Treasury funding data validation passed ✓
[2026-02-11T05:08:53.204Z] [lib/validate-data.js] All data validation passed ✓
[2026-02-11T05:08:53.207Z] lib/validate-data.js completed successfully
[2026-02-11T05:08:53.207Z] Dashboard update process completed successfully
