[2026-04-29T06:05:15.427Z] Starting Liquidity Dashboard update process
[2026-04-29T06:05:15.429Z] Running lib/data-backup.js...
[2026-04-29T06:05:15.457Z] [lib/data-backup.js] ERROR: node:internal/modules/cjs/loader:1031
  throw err;
  ^

Error: Cannot find module '/home/runner/work/liquiditydashboard/liquiditydashboard/web/lib/data-backup.js'
    at Function.Module._resolveFilename (node:internal/modules/cjs/loader:1028:15)
    at Function.Module._load (node:internal/modules/cjs/loader:873:27)
    at Function.executeUserEntryPoint [as runMain] (node:internal/modules/run_main:81:12)
    at node:internal/main/run_main_module:22:47 {
  code: 'MODULE_NOT_FOUND',
  requireStack: []
}
[2026-04-29T06:05:15.459Z] lib/data-backup.js failed with exit code 1
[2026-04-29T06:05:15.460Z] Running lib/data-backup.js clean...
[2026-04-29T06:05:15.490Z] [lib/data-backup.js clean] ERROR: node:internal/modules/cjs/loader:1031
  throw err;
  ^

Error: Cannot find module '/home/runner/work/liquiditydashboard/liquiditydashboard/web/lib/data-backup.js'
    at Function.Module._resolveFilename (node:internal/modules/cjs/loader:1028:15)
    at Function.Module._load (node:internal/modules/cjs/loader:873:27)
    at Function.executeUserEntryPoint [as runMain] (node:internal/modules/run_main:81:12)
    at node:internal/main/run_main_module:22:47 {
  code: 'MODULE_NOT_FOUND',
  requireStack: []
}
[2026-04-29T06:05:15.492Z] lib/data-backup.js clean failed with exit code 1
[2026-04-29T06:05:15.492Z] Running lib/import-historical-move-data.js...
[2026-04-29T06:05:15.522Z] [lib/import-historical-move-data.js] ERROR: node:internal/modules/cjs/loader:1031
  throw err;
  ^

Error: Cannot find module '/home/runner/work/liquiditydashboard/liquiditydashboard/web/lib/import-historical-move-data.js'
    at Function.Module._resolveFilename (node:internal/modules/cjs/loader:1028:15)
    at Function.Module._load (node:internal/modules/cjs/loader:873:27)
    at Function.executeUserEntryPoint [as runMain] (node:internal/modules/run_main:81:12)
    at node:internal/main/run_main_module:22:47 {
  code: 'MODULE_NOT_FOUND',
  requireStack: []
}
[2026-04-29T06:05:15.524Z] lib/import-historical-move-data.js failed with exit code 1
[2026-04-29T06:05:15.524Z] Running lib/fetch-move-data.js...
[2026-04-29T06:05:15.551Z] [lib/fetch-move-data.js] ERROR: node:internal/modules/cjs/loader:1031
  throw err;
  ^

Error: Cannot find module '/home/runner/work/liquiditydashboard/liquiditydashboard/web/lib/fetch-move-data.js'
    at Function.Module._resolveFilename (node:internal/modules/cjs/loader:1028:15)
    at Function.Module._load (node:internal/modules/cjs/loader:873:27)
    at Function.executeUserEntryPoint [as runMain] (node:internal/modules/run_main:81:12)
    at node:internal/main/run_main_module:22:47 {
  code: 'MODULE_NOT_FOUND',
  requireStack: []
}
[2026-04-29T06:05:15.553Z] lib/fetch-move-data.js failed with exit code 1
[2026-04-29T06:05:15.553Z] Running lib/fetch-srf-data.js...
[2026-04-29T06:05:15.589Z] [lib/fetch-srf-data.js] ERROR: node:internal/modules/cjs/loader:1031
  throw err;
  ^

Error: Cannot find module '/home/runner/work/liquiditydashboard/liquiditydashboard/web/lib/fetch-srf-data.js'
    at Function.Module._resolveFilename (node:internal/modules/cjs/loader:1028:15)
    at Function.Module._load (node:internal/modules/cjs/loader:873:27)
    at Function.executeUserEntryPoint [as runMain] (node:internal/modules/run_main:81:12)
    at node:internal/main/run_main_module:22:47 {
  code: 'MODULE_NOT_FOUND',
  requireStack: []
}
[2026-04-29T06:05:15.592Z] lib/fetch-srf-data.js failed with exit code 1
[2026-04-29T06:05:15.592Z] Running lib/fetch-bill-share-data.js...
[2026-04-29T06:05:15.631Z] [lib/fetch-bill-share-data.js] ERROR: node:internal/modules/cjs/loader:1031
  throw err;
  ^

Error: Cannot find module '/home/runner/work/liquiditydashboard/liquiditydashboard/web/lib/fetch-bill-share-data.js'
    at Function.Module._resolveFilename (node:internal/modules/cjs/loader:1028:15)
    at Function.Module._load (node:internal/modules/cjs/loader:873:27)
    at Function.executeUserEntryPoint [as runMain] (node:internal/modules/run_main:81:12)
    at node:internal/main/run_main_module:22:47 {
  code: 'MODULE_NOT_FOUND',
  requireStack: []
}
[2026-04-29T06:05:15.633Z] lib/fetch-bill-share-data.js failed with exit code 1
[2026-04-29T06:05:15.633Z] Running lib/cleanup-future-dates.js...
[2026-04-29T06:05:15.722Z] [lib/cleanup-future-dates.js] Starting data cleanup process...
[2026-04-29T06:05:15.854Z] [lib/cleanup-future-dates.js] WorldTimeAPI failed, trying alternative source
[2026-04-29T06:05:16.586Z] [lib/cleanup-future-dates.js] Using TimeAPI date: 2026-04-29T06:05:16.4677081
[2026-04-29T06:05:16.586Z] [lib/cleanup-future-dates.js] Using reference date: 2026-4-29

Processing MOVE index data (/home/runner/work/liquiditydashboard/liquiditydashboard/web/public/series/move.json)...
[2026-04-29T06:05:16.586Z] [lib/cleanup-future-dates.js] Loaded 111 MOVE index data points
[2026-04-29T06:05:16.586Z] [lib/cleanup-future-dates.js] No future-dated entries found in MOVE index data
[2026-04-29T06:05:16.587Z] [lib/cleanup-future-dates.js] Processing SRF data (/home/runner/work/liquiditydashboard/liquiditydashboard/web/public/series/srf.json)...
[2026-04-29T06:05:16.587Z] [lib/cleanup-future-dates.js] Loaded 1017 SRF data points
[2026-04-29T06:05:16.588Z] [lib/cleanup-future-dates.js] No future-dated entries found in SRF data
[2026-04-29T06:05:16.589Z] [lib/cleanup-future-dates.js] Processing Treasury bill share data (/home/runner/work/liquiditydashboard/liquiditydashboard/web/public/series/bill-share.json)...
[2026-04-29T06:05:16.589Z] [lib/cleanup-future-dates.js] Loaded 282 Treasury bill share data points
[2026-04-29T06:05:16.589Z] [lib/cleanup-future-dates.js] No future-dated entries found in Treasury bill share data
[2026-04-29T06:05:16.589Z] [lib/cleanup-future-dates.js] Cleanup complete! Removed 0 future-dated entries in total.
Data cleanup completed with no changes needed
[2026-04-29T06:05:16.591Z] lib/cleanup-future-dates.js completed successfully
[2026-04-29T06:05:16.591Z] Running lib/validate-data.js...
[2026-04-29T06:05:16.663Z] [lib/validate-data.js] Running data validation...
[2026-04-29T06:05:16.663Z] [lib/validate-data.js] Validating MOVE index data...
[2026-04-29T06:05:16.664Z] [lib/validate-data.js] Found 111 MOVE data points
[2026-04-29T06:05:16.798Z] [lib/validate-data.js] WorldTimeAPI failed, trying alternative source
[2026-04-29T06:05:17.504Z] [lib/validate-data.js] Using TimeAPI date: 2026-04-29T06:05:17.386153
[2026-04-29T06:05:17.504Z] [lib/validate-data.js] Using reference date: 2026-4-29
[2026-04-29T06:05:17.505Z] [lib/validate-data.js] MOVE index data validation passed ✓
[2026-04-29T06:05:17.505Z] [lib/validate-data.js] Validating SRF data...
[2026-04-29T06:05:17.506Z] [lib/validate-data.js] Found 1017 SRF data points
[2026-04-29T06:05:17.588Z] [lib/validate-data.js] WorldTimeAPI failed, trying alternative source
[2026-04-29T06:05:18.268Z] [lib/validate-data.js] Using TimeAPI date: 2026-04-29T06:05:18.154363
[2026-04-29T06:05:18.270Z] [lib/validate-data.js] SRF data validation passed ✓
[2026-04-29T06:05:18.270Z] [lib/validate-data.js] Validating Treasury funding data...
[2026-04-29T06:05:18.270Z] [lib/validate-data.js] Found 282 Treasury funding data points
[2026-04-29T06:05:18.270Z] [lib/validate-data.js] Treasury funding data validation passed ✓
[2026-04-29T06:05:18.270Z] [lib/validate-data.js] All data validation passed ✓
[2026-04-29T06:05:18.272Z] lib/validate-data.js completed successfully
[2026-04-29T06:05:18.272Z] Dashboard update process completed successfully
