[2025-10-26T03:42:34.540Z] Starting Liquidity Dashboard update process
[2025-10-26T03:42:34.541Z] Running lib/data-backup.js...
[2025-10-26T03:42:34.570Z] [lib/data-backup.js] ERROR: node:internal/modules/cjs/loader:1031
  throw err;
  ^

Error: Cannot find module '/home/runner/work/liquiditydashboard/liquiditydashboard/web/lib/data-backup.js'
    at Function.Module._resolveFilename (node:internal/modules/cjs/loader:1028:15)
    at Function.Module._load (node:internal/modules/cjs/loader:873:27)
    at Function.executeUserEntryPoint [as runMain] (node:internal/modules/run_main:81:12)
    at node:internal/main/run_main_module:22:47 {
  code: 'MODULE_NOT_FOUND',
  requireStack: []
}
[2025-10-26T03:42:34.573Z] lib/data-backup.js failed with exit code 1
[2025-10-26T03:42:34.573Z] Running lib/data-backup.js clean...
[2025-10-26T03:42:34.601Z] [lib/data-backup.js clean] ERROR: node:internal/modules/cjs/loader:1031
  throw err;
  ^

Error: Cannot find module '/home/runner/work/liquiditydashboard/liquiditydashboard/web/lib/data-backup.js'
    at Function.Module._resolveFilename (node:internal/modules/cjs/loader:1028:15)
    at Function.Module._load (node:internal/modules/cjs/loader:873:27)
    at Function.executeUserEntryPoint [as runMain] (node:internal/modules/run_main:81:12)
    at node:internal/main/run_main_module:22:47 {
  code: 'MODULE_NOT_FOUND',
  requireStack: []
}
[2025-10-26T03:42:34.603Z] lib/data-backup.js clean failed with exit code 1
[2025-10-26T03:42:34.603Z] Running lib/import-historical-move-data.js...
[2025-10-26T03:42:34.631Z] [lib/import-historical-move-data.js] ERROR: node:internal/modules/cjs/loader:1031
  throw err;
  ^

Error: Cannot find module '/home/runner/work/liquiditydashboard/liquiditydashboard/web/lib/import-historical-move-data.js'
    at Function.Module._resolveFilename (node:internal/modules/cjs/loader:1028:15)
    at Function.Module._load (node:internal/modules/cjs/loader:873:27)
    at Function.executeUserEntryPoint [as runMain] (node:internal/modules/run_main:81:12)
    at node:internal/main/run_main_module:22:47 {
  code: 'MODULE_NOT_FOUND',
  requireStack: []
}
[2025-10-26T03:42:34.633Z] lib/import-historical-move-data.js failed with exit code 1
[2025-10-26T03:42:34.633Z] Running lib/fetch-move-data.js...
[2025-10-26T03:42:34.660Z] [lib/fetch-move-data.js] ERROR: node:internal/modules/cjs/loader:1031
  throw err;
  ^

Error: Cannot find module '/home/runner/work/liquiditydashboard/liquiditydashboard/web/lib/fetch-move-data.js'
    at Function.Module._resolveFilename (node:internal/modules/cjs/loader:1028:15)
    at Function.Module._load (node:internal/modules/cjs/loader:873:27)
    at Function.executeUserEntryPoint [as runMain] (node:internal/modules/run_main:81:12)
    at node:internal/main/run_main_module:22:47 {
  code: 'MODULE_NOT_FOUND',
  requireStack: []
}
[2025-10-26T03:42:34.662Z] lib/fetch-move-data.js failed with exit code 1
[2025-10-26T03:42:34.662Z] Running lib/fetch-srf-data.js...
[2025-10-26T03:42:34.690Z] [lib/fetch-srf-data.js] ERROR: node:internal/modules/cjs/loader:1031
  throw err;
  ^

Error: Cannot find module '/home/runner/work/liquiditydashboard/liquiditydashboard/web/lib/fetch-srf-data.js'
    at Function.Module._resolveFilename (node:internal/modules/cjs/loader:1028:15)
    at Function.Module._load (node:internal/modules/cjs/loader:873:27)
    at Function.executeUserEntryPoint [as runMain] (node:internal/modules/run_main:81:12)
    at node:internal/main/run_main_module:22:47 {
  code: 'MODULE_NOT_FOUND',
  requireStack: []
}
[2025-10-26T03:42:34.692Z] lib/fetch-srf-data.js failed with exit code 1
[2025-10-26T03:42:34.692Z] Running lib/fetch-bill-share-data.js...
[2025-10-26T03:42:34.719Z] [lib/fetch-bill-share-data.js] ERROR: node:internal/modules/cjs/loader:1031
  throw err;
  ^

Error: Cannot find module '/home/runner/work/liquiditydashboard/liquiditydashboard/web/lib/fetch-bill-share-data.js'
    at Function.Module._resolveFilename (node:internal/modules/cjs/loader:1028:15)
    at Function.Module._load (node:internal/modules/cjs/loader:873:27)
    at Function.executeUserEntryPoint [as runMain] (node:internal/modules/run_main:81:12)
    at node:internal/main/run_main_module:22:47 {
  code: 'MODULE_NOT_FOUND',
  requireStack: []
}
[2025-10-26T03:42:34.721Z] lib/fetch-bill-share-data.js failed with exit code 1
[2025-10-26T03:42:34.721Z] Running lib/cleanup-future-dates.js...
[2025-10-26T03:42:34.799Z] [lib/cleanup-future-dates.js] Starting data cleanup process...
[2025-10-26T03:42:34.910Z] [lib/cleanup-future-dates.js] WorldTimeAPI failed, trying alternative source
[2025-10-26T03:42:36.238Z] [lib/cleanup-future-dates.js] Using TimeAPI date: 2025-10-26T03:42:36.149656
[2025-10-26T03:42:36.238Z] [lib/cleanup-future-dates.js] Using reference date: 2025-10-26

Processing MOVE index data (/home/runner/work/liquiditydashboard/liquiditydashboard/web/public/series/move.json)...
[2025-10-26T03:42:36.239Z] [lib/cleanup-future-dates.js] Loaded 111 MOVE index data points
[2025-10-26T03:42:36.239Z] [lib/cleanup-future-dates.js] No future-dated entries found in MOVE index data
[2025-10-26T03:42:36.239Z] [lib/cleanup-future-dates.js] Processing SRF data (/home/runner/work/liquiditydashboard/liquiditydashboard/web/public/series/srf.json)...
[2025-10-26T03:42:36.240Z] [lib/cleanup-future-dates.js] Loaded 1017 SRF data points
[2025-10-26T03:42:36.241Z] [lib/cleanup-future-dates.js] No future-dated entries found in SRF data
[2025-10-26T03:42:36.242Z] [lib/cleanup-future-dates.js] Processing Treasury bill share data (/home/runner/work/liquiditydashboard/liquiditydashboard/web/public/series/bill-share.json)...
[2025-10-26T03:42:36.242Z] [lib/cleanup-future-dates.js] Loaded 282 Treasury bill share data points
[2025-10-26T03:42:36.242Z] [lib/cleanup-future-dates.js] No future-dated entries found in Treasury bill share data
[2025-10-26T03:42:36.242Z] [lib/cleanup-future-dates.js] Cleanup complete! Removed 0 future-dated entries in total.
[2025-10-26T03:42:36.242Z] [lib/cleanup-future-dates.js] Data cleanup completed with no changes needed
[2025-10-26T03:42:36.246Z] lib/cleanup-future-dates.js completed successfully
[2025-10-26T03:42:36.246Z] Running lib/validate-data.js...
[2025-10-26T03:42:36.318Z] [lib/validate-data.js] Running data validation...
[2025-10-26T03:42:36.319Z] [lib/validate-data.js] Validating MOVE index data...
[2025-10-26T03:42:36.319Z] [lib/validate-data.js] Found 111 MOVE data points
[2025-10-26T03:42:36.441Z] [lib/validate-data.js] WorldTimeAPI failed, trying alternative source
[2025-10-26T03:42:37.232Z] [lib/validate-data.js] Using TimeAPI date: 2025-10-26T03:42:37.1440319
[2025-10-26T03:42:37.232Z] [lib/validate-data.js] Using reference date: 2025-10-26
[2025-10-26T03:42:37.233Z] [lib/validate-data.js] MOVE index data validation passed ✓
[2025-10-26T03:42:37.233Z] [lib/validate-data.js] Validating SRF data...
[2025-10-26T03:42:37.234Z] [lib/validate-data.js] Found 1017 SRF data points
[2025-10-26T03:42:37.313Z] [lib/validate-data.js] WorldTimeAPI failed, trying alternative source
[2025-10-26T03:42:37.935Z] [lib/validate-data.js] Using TimeAPI date: 2025-10-26T03:42:37.8561564
[2025-10-26T03:42:37.936Z] [lib/validate-data.js] SRF data validation passed ✓
[2025-10-26T03:42:37.936Z] [lib/validate-data.js] Validating Treasury funding data...
[2025-10-26T03:42:37.937Z] [lib/validate-data.js] Found 282 Treasury funding data points
[2025-10-26T03:42:37.937Z] [lib/validate-data.js] Treasury funding data validation passed ✓
All data validation passed ✓
[2025-10-26T03:42:37.940Z] lib/validate-data.js completed successfully
[2025-10-26T03:42:37.940Z] Dashboard update process completed successfully
