[2025-11-20T03:46:05.852Z] Starting Liquidity Dashboard update process
[2025-11-20T03:46:05.853Z] Running lib/data-backup.js...
[2025-11-20T03:46:05.882Z] [lib/data-backup.js] ERROR: node:internal/modules/cjs/loader:1031
  throw err;
  ^

Error: Cannot find module '/home/runner/work/liquiditydashboard/liquiditydashboard/web/lib/data-backup.js'
    at Function.Module._resolveFilename (node:internal/modules/cjs/loader:1028:15)
    at Function.Module._load (node:internal/modules/cjs/loader:873:27)
    at Function.executeUserEntryPoint [as runMain] (node:internal/modules/run_main:81:12)
    at node:internal/main/run_main_module:22:47 {
  code: 'MODULE_NOT_FOUND',
  requireStack: []
}
[2025-11-20T03:46:05.885Z] lib/data-backup.js failed with exit code 1
[2025-11-20T03:46:05.885Z] Running lib/data-backup.js clean...
[2025-11-20T03:46:05.914Z] [lib/data-backup.js clean] ERROR: node:internal/modules/cjs/loader:1031
  throw err;
  ^

Error: Cannot find module '/home/runner/work/liquiditydashboard/liquiditydashboard/web/lib/data-backup.js'
    at Function.Module._resolveFilename (node:internal/modules/cjs/loader:1028:15)
    at Function.Module._load (node:internal/modules/cjs/loader:873:27)
    at Function.executeUserEntryPoint [as runMain] (node:internal/modules/run_main:81:12)
    at node:internal/main/run_main_module:22:47 {
  code: 'MODULE_NOT_FOUND',
  requireStack: []
}
[2025-11-20T03:46:05.916Z] lib/data-backup.js clean failed with exit code 1
[2025-11-20T03:46:05.916Z] Running lib/import-historical-move-data.js...
[2025-11-20T03:46:05.944Z] [lib/import-historical-move-data.js] ERROR: node:internal/modules/cjs/loader:1031
  throw err;
  ^

Error: Cannot find module '/home/runner/work/liquiditydashboard/liquiditydashboard/web/lib/import-historical-move-data.js'
    at Function.Module._resolveFilename (node:internal/modules/cjs/loader:1028:15)
    at Function.Module._load (node:internal/modules/cjs/loader:873:27)
    at Function.executeUserEntryPoint [as runMain] (node:internal/modules/run_main:81:12)
    at node:internal/main/run_main_module:22:47 {
  code: 'MODULE_NOT_FOUND',
  requireStack: []
}
[2025-11-20T03:46:05.946Z] lib/import-historical-move-data.js failed with exit code 1
[2025-11-20T03:46:05.946Z] Running lib/fetch-move-data.js...
[2025-11-20T03:46:05.974Z] [lib/fetch-move-data.js] ERROR: node:internal/modules/cjs/loader:1031
  throw err;
  ^

Error: Cannot find module '/home/runner/work/liquiditydashboard/liquiditydashboard/web/lib/fetch-move-data.js'
    at Function.Module._resolveFilename (node:internal/modules/cjs/loader:1028:15)
    at Function.Module._load (node:internal/modules/cjs/loader:873:27)
    at Function.executeUserEntryPoint [as runMain] (node:internal/modules/run_main:81:12)
    at node:internal/main/run_main_module:22:47 {
  code: 'MODULE_NOT_FOUND',
  requireStack: []
}
[2025-11-20T03:46:05.976Z] lib/fetch-move-data.js failed with exit code 1
[2025-11-20T03:46:05.977Z] Running lib/fetch-srf-data.js...
[2025-11-20T03:46:06.005Z] [lib/fetch-srf-data.js] ERROR: node:internal/modules/cjs/loader:1031
  throw err;
  ^

Error: Cannot find module '/home/runner/work/liquiditydashboard/liquiditydashboard/web/lib/fetch-srf-data.js'
    at Function.Module._resolveFilename (node:internal/modules/cjs/loader:1028:15)
    at Function.Module._load (node:internal/modules/cjs/loader:873:27)
    at Function.executeUserEntryPoint [as runMain] (node:internal/modules/run_main:81:12)
    at node:internal/main/run_main_module:22:47 {
  code: 'MODULE_NOT_FOUND',
  requireStack: []
}
[2025-11-20T03:46:06.007Z] lib/fetch-srf-data.js failed with exit code 1
[2025-11-20T03:46:06.008Z] Running lib/fetch-bill-share-data.js...
[2025-11-20T03:46:06.036Z] [lib/fetch-bill-share-data.js] ERROR: node:internal/modules/cjs/loader:1031
  throw err;
  ^

Error: Cannot find module '/home/runner/work/liquiditydashboard/liquiditydashboard/web/lib/fetch-bill-share-data.js'
    at Function.Module._resolveFilename (node:internal/modules/cjs/loader:1028:15)
    at Function.Module._load (node:internal/modules/cjs/loader:873:27)
    at Function.executeUserEntryPoint [as runMain] (node:internal/modules/run_main:81:12)
    at node:internal/main/run_main_module:22:47 {
  code: 'MODULE_NOT_FOUND',
  requireStack: []
}
[2025-11-20T03:46:06.038Z] lib/fetch-bill-share-data.js failed with exit code 1
[2025-11-20T03:46:06.039Z] Running lib/cleanup-future-dates.js...
[2025-11-20T03:46:06.115Z] [lib/cleanup-future-dates.js] Starting data cleanup process...
[2025-11-20T03:46:06.593Z] [lib/cleanup-future-dates.js] Using WorldTimeAPI date: 2025-11-20T03:46:06.464728+00:00
[2025-11-20T03:46:06.593Z] [lib/cleanup-future-dates.js] Using reference date: 2025-11-20
[2025-11-20T03:46:06.593Z] [lib/cleanup-future-dates.js] Processing MOVE index data (/home/runner/work/liquiditydashboard/liquiditydashboard/web/public/series/move.json)...
[2025-11-20T03:46:06.594Z] [lib/cleanup-future-dates.js] Loaded 111 MOVE index data points
[2025-11-20T03:46:06.594Z] [lib/cleanup-future-dates.js] No future-dated entries found in MOVE index data
[2025-11-20T03:46:06.594Z] [lib/cleanup-future-dates.js] Processing SRF data (/home/runner/work/liquiditydashboard/liquiditydashboard/web/public/series/srf.json)...
[2025-11-20T03:46:06.595Z] [lib/cleanup-future-dates.js] Loaded 1017 SRF data points
[2025-11-20T03:46:06.596Z] [lib/cleanup-future-dates.js] No future-dated entries found in SRF data
[2025-11-20T03:46:06.596Z] [lib/cleanup-future-dates.js] Processing Treasury bill share data (/home/runner/work/liquiditydashboard/liquiditydashboard/web/public/series/bill-share.json)...
[2025-11-20T03:46:06.596Z] [lib/cleanup-future-dates.js] Loaded 282 Treasury bill share data points
[2025-11-20T03:46:06.597Z] [lib/cleanup-future-dates.js] No future-dated entries found in Treasury bill share data
[2025-11-20T03:46:06.597Z] [lib/cleanup-future-dates.js] Cleanup complete! Removed 0 future-dated entries in total.
Data cleanup completed with no changes needed
[2025-11-20T03:46:06.600Z] lib/cleanup-future-dates.js completed successfully
[2025-11-20T03:46:06.600Z] Running lib/validate-data.js...
[2025-11-20T03:46:06.675Z] [lib/validate-data.js] Running data validation...
[2025-11-20T03:46:06.676Z] [lib/validate-data.js] Validating MOVE index data...
[2025-11-20T03:46:06.676Z] [lib/validate-data.js] Found 111 MOVE data points
[2025-11-20T03:46:06.763Z] [lib/validate-data.js] WorldTimeAPI failed, trying alternative source
[2025-11-20T03:46:07.584Z] [lib/validate-data.js] Using TimeAPI date: 2025-11-20T03:46:07.5250807
[2025-11-20T03:46:07.584Z] [lib/validate-data.js] Using reference date: 2025-11-20
[2025-11-20T03:46:07.585Z] [lib/validate-data.js] MOVE index data validation passed ✓
[2025-11-20T03:46:07.585Z] [lib/validate-data.js] Validating SRF data...
[2025-11-20T03:46:07.586Z] [lib/validate-data.js] Found 1017 SRF data points
[2025-11-20T03:46:07.827Z] [lib/validate-data.js] Using WorldTimeAPI date: 2025-11-20T03:46:07.808891+00:00
[2025-11-20T03:46:07.829Z] [lib/validate-data.js] SRF data validation passed ✓
[2025-11-20T03:46:07.829Z] [lib/validate-data.js] Validating Treasury funding data...
[2025-11-20T03:46:07.830Z] [lib/validate-data.js] Found 282 Treasury funding data points
Treasury funding data validation passed ✓
All data validation passed ✓
[2025-11-20T03:46:07.834Z] lib/validate-data.js completed successfully
[2025-11-20T03:46:07.834Z] Dashboard update process completed successfully
