[2026-07-22T05:55:16.360Z] Starting Liquidity Dashboard update process
[2026-07-22T05:55:16.361Z] Running lib/data-backup.js...
[2026-07-22T05:55:16.391Z] [lib/data-backup.js] ERROR: node:internal/modules/cjs/loader:1031
  throw err;
  ^

Error: Cannot find module '/home/runner/work/liquiditydashboard/liquiditydashboard/web/lib/data-backup.js'
    at Function.Module._resolveFilename (node:internal/modules/cjs/loader:1028:15)
    at Function.Module._load (node:internal/modules/cjs/loader:873:27)
    at Function.executeUserEntryPoint [as runMain] (node:internal/modules/run_main:81:12)
    at node:internal/main/run_main_module:22:47 {
  code: 'MODULE_NOT_FOUND',
  requireStack: []
}
[2026-07-22T05:55:16.394Z] lib/data-backup.js failed with exit code 1
[2026-07-22T05:55:16.394Z] Running lib/data-backup.js clean...
[2026-07-22T05:55:16.423Z] [lib/data-backup.js clean] ERROR: node:internal/modules/cjs/loader:1031
  throw err;
  ^

Error: Cannot find module '/home/runner/work/liquiditydashboard/liquiditydashboard/web/lib/data-backup.js'
    at Function.Module._resolveFilename (node:internal/modules/cjs/loader:1028:15)
    at Function.Module._load (node:internal/modules/cjs/loader:873:27)
    at Function.executeUserEntryPoint [as runMain] (node:internal/modules/run_main:81:12)
    at node:internal/main/run_main_module:22:47 {
  code: 'MODULE_NOT_FOUND',
  requireStack: []
}
[2026-07-22T05:55:16.424Z] lib/data-backup.js clean failed with exit code 1
[2026-07-22T05:55:16.425Z] Running lib/import-historical-move-data.js...
[2026-07-22T05:55:16.453Z] [lib/import-historical-move-data.js] ERROR: node:internal/modules/cjs/loader:1031
  throw err;
  ^

Error: Cannot find module '/home/runner/work/liquiditydashboard/liquiditydashboard/web/lib/import-historical-move-data.js'
    at Function.Module._resolveFilename (node:internal/modules/cjs/loader:1028:15)
    at Function.Module._load (node:internal/modules/cjs/loader:873:27)
    at Function.executeUserEntryPoint [as runMain] (node:internal/modules/run_main:81:12)
    at node:internal/main/run_main_module:22:47 {
  code: 'MODULE_NOT_FOUND',
  requireStack: []
}
[2026-07-22T05:55:16.454Z] lib/import-historical-move-data.js failed with exit code 1
[2026-07-22T05:55:16.455Z] Running lib/fetch-move-data.js...
[2026-07-22T05:55:16.483Z] [lib/fetch-move-data.js] ERROR: node:internal/modules/cjs/loader:1031
  throw err;
  ^

Error: Cannot find module '/home/runner/work/liquiditydashboard/liquiditydashboard/web/lib/fetch-move-data.js'
    at Function.Module._resolveFilename (node:internal/modules/cjs/loader:1028:15)
    at Function.Module._load (node:internal/modules/cjs/loader:873:27)
    at Function.executeUserEntryPoint [as runMain] (node:internal/modules/run_main:81:12)
    at node:internal/main/run_main_module:22:47 {
  code: 'MODULE_NOT_FOUND',
  requireStack: []
}
[2026-07-22T05:55:16.484Z] lib/fetch-move-data.js failed with exit code 1
[2026-07-22T05:55:16.485Z] Running lib/fetch-srf-data.js...
[2026-07-22T05:55:16.513Z] [lib/fetch-srf-data.js] ERROR: node:internal/modules/cjs/loader:1031
  throw err;
  ^

Error: Cannot find module '/home/runner/work/liquiditydashboard/liquiditydashboard/web/lib/fetch-srf-data.js'
    at Function.Module._resolveFilename (node:internal/modules/cjs/loader:1028:15)
    at Function.Module._load (node:internal/modules/cjs/loader:873:27)
    at Function.executeUserEntryPoint [as runMain] (node:internal/modules/run_main:81:12)
    at node:internal/main/run_main_module:22:47 {
  code: 'MODULE_NOT_FOUND',
  requireStack: []
}
[2026-07-22T05:55:16.516Z] lib/fetch-srf-data.js failed with exit code 1
[2026-07-22T05:55:16.516Z] Running lib/fetch-bill-share-data.js...
[2026-07-22T05:55:16.544Z] [lib/fetch-bill-share-data.js] ERROR: node:internal/modules/cjs/loader:1031
  throw err;
  ^

Error: Cannot find module '/home/runner/work/liquiditydashboard/liquiditydashboard/web/lib/fetch-bill-share-data.js'
    at Function.Module._resolveFilename (node:internal/modules/cjs/loader:1028:15)
    at Function.Module._load (node:internal/modules/cjs/loader:873:27)
    at Function.executeUserEntryPoint [as runMain] (node:internal/modules/run_main:81:12)
    at node:internal/main/run_main_module:22:47 {
  code: 'MODULE_NOT_FOUND',
  requireStack: []
}
[2026-07-22T05:55:16.547Z] lib/fetch-bill-share-data.js failed with exit code 1
[2026-07-22T05:55:16.547Z] Running lib/cleanup-future-dates.js...
[2026-07-22T05:55:16.633Z] [lib/cleanup-future-dates.js] Starting data cleanup process...
[2026-07-22T05:55:16.730Z] [lib/cleanup-future-dates.js] WorldTimeAPI failed, trying alternative source
[2026-07-22T05:55:17.605Z] [lib/cleanup-future-dates.js] Using TimeAPI date: 2026-07-22T05:45:25.2474271
[2026-07-22T05:55:17.606Z] [lib/cleanup-future-dates.js] Using reference date: 2026-7-22

Processing MOVE index data (/home/runner/work/liquiditydashboard/liquiditydashboard/web/public/series/move.json)...
[2026-07-22T05:55:17.606Z] [lib/cleanup-future-dates.js] Loaded 111 MOVE index data points
[2026-07-22T05:55:17.606Z] [lib/cleanup-future-dates.js] No future-dated entries found in MOVE index data
[2026-07-22T05:55:17.607Z] [lib/cleanup-future-dates.js] Processing SRF data (/home/runner/work/liquiditydashboard/liquiditydashboard/web/public/series/srf.json)...
[2026-07-22T05:55:17.607Z] [lib/cleanup-future-dates.js] Loaded 1017 SRF data points
[2026-07-22T05:55:17.608Z] [lib/cleanup-future-dates.js] No future-dated entries found in SRF data
[2026-07-22T05:55:17.608Z] [lib/cleanup-future-dates.js] Processing Treasury bill share data (/home/runner/work/liquiditydashboard/liquiditydashboard/web/public/series/bill-share.json)...
[2026-07-22T05:55:17.608Z] [lib/cleanup-future-dates.js] Loaded 282 Treasury bill share data points
[2026-07-22T05:55:17.609Z] [lib/cleanup-future-dates.js] No future-dated entries found in Treasury bill share data
[2026-07-22T05:55:17.609Z] [lib/cleanup-future-dates.js] Cleanup complete! Removed 0 future-dated entries in total.
[2026-07-22T05:55:17.609Z] [lib/cleanup-future-dates.js] Data cleanup completed with no changes needed
[2026-07-22T05:55:17.612Z] lib/cleanup-future-dates.js completed successfully
[2026-07-22T05:55:17.612Z] Running lib/validate-data.js...
[2026-07-22T05:55:17.693Z] [lib/validate-data.js] Running data validation...
[2026-07-22T05:55:17.694Z] [lib/validate-data.js] Validating MOVE index data...
[2026-07-22T05:55:17.694Z] [lib/validate-data.js] Found 111 MOVE data points
[2026-07-22T05:55:17.786Z] [lib/validate-data.js] WorldTimeAPI failed, trying alternative source
[2026-07-22T05:55:18.511Z] [lib/validate-data.js] Using TimeAPI date: 2026-07-22T05:45:26.150637
[2026-07-22T05:55:18.511Z] [lib/validate-data.js] Using reference date: 2026-7-22
[2026-07-22T05:55:18.511Z] [lib/validate-data.js] MOVE index data validation passed ✓
[2026-07-22T05:55:18.512Z] [lib/validate-data.js] Validating SRF data...
[2026-07-22T05:55:18.512Z] [lib/validate-data.js] Found 1017 SRF data points
[2026-07-22T05:55:18.631Z] [lib/validate-data.js] WorldTimeAPI failed, trying alternative source
[2026-07-22T05:55:19.330Z] [lib/validate-data.js] Using TimeAPI date: 2026-07-22T05:45:26.9755283
[2026-07-22T05:55:19.333Z] [lib/validate-data.js] SRF data validation passed ✓
[2026-07-22T05:55:19.333Z] [lib/validate-data.js] Validating Treasury funding data...
[2026-07-22T05:55:19.333Z] [lib/validate-data.js] Found 282 Treasury funding data points
[2026-07-22T05:55:19.333Z] [lib/validate-data.js] Treasury funding data validation passed ✓
All data validation passed ✓
[2026-07-22T05:55:19.336Z] lib/validate-data.js completed successfully
[2026-07-22T05:55:19.336Z] Dashboard update process completed successfully
