[2026-03-30T05:31:19.005Z] Starting Liquidity Dashboard update process
[2026-03-30T05:31:19.007Z] Running lib/data-backup.js...
[2026-03-30T05:31:19.036Z] [lib/data-backup.js] ERROR: node:internal/modules/cjs/loader:1031
  throw err;
  ^

Error: Cannot find module '/home/runner/work/liquiditydashboard/liquiditydashboard/web/lib/data-backup.js'
    at Function.Module._resolveFilename (node:internal/modules/cjs/loader:1028:15)
    at Function.Module._load (node:internal/modules/cjs/loader:873:27)
    at Function.executeUserEntryPoint [as runMain] (node:internal/modules/run_main:81:12)
    at node:internal/main/run_main_module:22:47 {
  code: 'MODULE_NOT_FOUND',
  requireStack: []
}
[2026-03-30T05:31:19.039Z] lib/data-backup.js failed with exit code 1
[2026-03-30T05:31:19.039Z] Running lib/data-backup.js clean...
[2026-03-30T05:31:19.067Z] [lib/data-backup.js clean] ERROR: node:internal/modules/cjs/loader:1031
  throw err;
  ^

Error: Cannot find module '/home/runner/work/liquiditydashboard/liquiditydashboard/web/lib/data-backup.js'
    at Function.Module._resolveFilename (node:internal/modules/cjs/loader:1028:15)
    at Function.Module._load (node:internal/modules/cjs/loader:873:27)
    at Function.executeUserEntryPoint [as runMain] (node:internal/modules/run_main:81:12)
    at node:internal/main/run_main_module:22:47 {
  code: 'MODULE_NOT_FOUND',
  requireStack: []
}
[2026-03-30T05:31:19.069Z] lib/data-backup.js clean failed with exit code 1
[2026-03-30T05:31:19.069Z] Running lib/import-historical-move-data.js...
[2026-03-30T05:31:19.098Z] [lib/import-historical-move-data.js] ERROR: node:internal/modules/cjs/loader:1031
  throw err;
  ^

Error: Cannot find module '/home/runner/work/liquiditydashboard/liquiditydashboard/web/lib/import-historical-move-data.js'
    at Function.Module._resolveFilename (node:internal/modules/cjs/loader:1028:15)
    at Function.Module._load (node:internal/modules/cjs/loader:873:27)
    at Function.executeUserEntryPoint [as runMain] (node:internal/modules/run_main:81:12)
    at node:internal/main/run_main_module:22:47 {
  code: 'MODULE_NOT_FOUND',
  requireStack: []
}
[2026-03-30T05:31:19.100Z] lib/import-historical-move-data.js failed with exit code 1
[2026-03-30T05:31:19.100Z] Running lib/fetch-move-data.js...
[2026-03-30T05:31:19.129Z] [lib/fetch-move-data.js] ERROR: node:internal/modules/cjs/loader:1031
  throw err;
  ^

Error: Cannot find module '/home/runner/work/liquiditydashboard/liquiditydashboard/web/lib/fetch-move-data.js'
    at Function.Module._resolveFilename (node:internal/modules/cjs/loader:1028:15)
    at Function.Module._load (node:internal/modules/cjs/loader:873:27)
    at Function.executeUserEntryPoint [as runMain] (node:internal/modules/run_main:81:12)
    at node:internal/main/run_main_module:22:47 {
  code: 'MODULE_NOT_FOUND',
  requireStack: []
}
[2026-03-30T05:31:19.130Z] lib/fetch-move-data.js failed with exit code 1
[2026-03-30T05:31:19.130Z] Running lib/fetch-srf-data.js...
[2026-03-30T05:31:19.159Z] [lib/fetch-srf-data.js] ERROR: node:internal/modules/cjs/loader:1031
  throw err;
  ^

Error: Cannot find module '/home/runner/work/liquiditydashboard/liquiditydashboard/web/lib/fetch-srf-data.js'
    at Function.Module._resolveFilename (node:internal/modules/cjs/loader:1028:15)
    at Function.Module._load (node:internal/modules/cjs/loader:873:27)
    at Function.executeUserEntryPoint [as runMain] (node:internal/modules/run_main:81:12)
    at node:internal/main/run_main_module:22:47 {
  code: 'MODULE_NOT_FOUND',
  requireStack: []
}
[2026-03-30T05:31:19.161Z] lib/fetch-srf-data.js failed with exit code 1
[2026-03-30T05:31:19.161Z] Running lib/fetch-bill-share-data.js...
[2026-03-30T05:31:19.190Z] [lib/fetch-bill-share-data.js] ERROR: node:internal/modules/cjs/loader:1031
  throw err;
  ^

Error: Cannot find module '/home/runner/work/liquiditydashboard/liquiditydashboard/web/lib/fetch-bill-share-data.js'
    at Function.Module._resolveFilename (node:internal/modules/cjs/loader:1028:15)
    at Function.Module._load (node:internal/modules/cjs/loader:873:27)
    at Function.executeUserEntryPoint [as runMain] (node:internal/modules/run_main:81:12)
    at node:internal/main/run_main_module:22:47 {
  code: 'MODULE_NOT_FOUND',
  requireStack: []
}
[2026-03-30T05:31:19.191Z] lib/fetch-bill-share-data.js failed with exit code 1
[2026-03-30T05:31:19.191Z] Running lib/cleanup-future-dates.js...
[2026-03-30T05:31:19.268Z] [lib/cleanup-future-dates.js] Starting data cleanup process...
[2026-03-30T05:31:19.382Z] [lib/cleanup-future-dates.js] WorldTimeAPI failed, trying alternative source
[2026-03-30T05:31:19.933Z] [lib/cleanup-future-dates.js] Using TimeAPI date: 2026-03-30T05:31:19.7574231
[2026-03-30T05:31:19.933Z] [lib/cleanup-future-dates.js] Using reference date: 2026-3-30
[2026-03-30T05:31:19.933Z] [lib/cleanup-future-dates.js] Processing MOVE index data (/home/runner/work/liquiditydashboard/liquiditydashboard/web/public/series/move.json)...
[2026-03-30T05:31:19.933Z] [lib/cleanup-future-dates.js] Loaded 111 MOVE index data points
[2026-03-30T05:31:19.934Z] [lib/cleanup-future-dates.js] No future-dated entries found in MOVE index data
[2026-03-30T05:31:19.934Z] [lib/cleanup-future-dates.js] Processing SRF data (/home/runner/work/liquiditydashboard/liquiditydashboard/web/public/series/srf.json)...
[2026-03-30T05:31:19.934Z] [lib/cleanup-future-dates.js] Loaded 1017 SRF data points
[2026-03-30T05:31:19.936Z] [lib/cleanup-future-dates.js] No future-dated entries found in SRF data
[2026-03-30T05:31:19.936Z] [lib/cleanup-future-dates.js] Processing Treasury bill share data (/home/runner/work/liquiditydashboard/liquiditydashboard/web/public/series/bill-share.json)...
[2026-03-30T05:31:19.936Z] [lib/cleanup-future-dates.js] Loaded 282 Treasury bill share data points
[2026-03-30T05:31:19.937Z] [lib/cleanup-future-dates.js] No future-dated entries found in Treasury bill share data
[2026-03-30T05:31:19.937Z] [lib/cleanup-future-dates.js] Cleanup complete! Removed 0 future-dated entries in total.
Data cleanup completed with no changes needed
[2026-03-30T05:31:19.941Z] lib/cleanup-future-dates.js completed successfully
[2026-03-30T05:31:19.941Z] Running lib/validate-data.js...
[2026-03-30T05:31:20.015Z] [lib/validate-data.js] Running data validation...
[2026-03-30T05:31:20.016Z] [lib/validate-data.js] Validating MOVE index data...
[2026-03-30T05:31:20.016Z] [lib/validate-data.js] Found 111 MOVE data points
[2026-03-30T05:31:20.093Z] [lib/validate-data.js] WorldTimeAPI failed, trying alternative source
[2026-03-30T05:31:20.690Z] [lib/validate-data.js] Using TimeAPI date: 2026-03-30T05:31:20.514318
[2026-03-30T05:31:20.690Z] [lib/validate-data.js] Using reference date: 2026-3-30
[2026-03-30T05:31:20.691Z] [lib/validate-data.js] MOVE index data validation passed ✓
[2026-03-30T05:31:20.691Z] [lib/validate-data.js] Validating SRF data...
[2026-03-30T05:31:20.691Z] [lib/validate-data.js] Found 1017 SRF data points
[2026-03-30T05:31:20.732Z] [lib/validate-data.js] WorldTimeAPI failed, trying alternative source
[2026-03-30T05:31:21.144Z] [lib/validate-data.js] Using TimeAPI date: 2026-03-30T05:31:20.9742743
[2026-03-30T05:31:21.146Z] [lib/validate-data.js] SRF data validation passed ✓
[2026-03-30T05:31:21.146Z] [lib/validate-data.js] Validating Treasury funding data...
[2026-03-30T05:31:21.147Z] [lib/validate-data.js] Found 282 Treasury funding data points
[2026-03-30T05:31:21.147Z] [lib/validate-data.js] Treasury funding data validation passed ✓
[2026-03-30T05:31:21.147Z] [lib/validate-data.js] All data validation passed ✓
[2026-03-30T05:31:21.150Z] lib/validate-data.js completed successfully
[2026-03-30T05:31:21.150Z] Dashboard update process completed successfully
