[2026-03-04T04:46:48.409Z] Starting Liquidity Dashboard update process
[2026-03-04T04:46:48.411Z] Running lib/data-backup.js...
[2026-03-04T04:46:48.440Z] [lib/data-backup.js] ERROR: node:internal/modules/cjs/loader:1031
  throw err;
  ^

Error: Cannot find module '/home/runner/work/liquiditydashboard/liquiditydashboard/web/lib/data-backup.js'
    at Function.Module._resolveFilename (node:internal/modules/cjs/loader:1028:15)
    at Function.Module._load (node:internal/modules/cjs/loader:873:27)
    at Function.executeUserEntryPoint [as runMain] (node:internal/modules/run_main:81:12)
    at node:internal/main/run_main_module:22:47 {
  code: 'MODULE_NOT_FOUND',
  requireStack: []
}
[2026-03-04T04:46:48.443Z] lib/data-backup.js failed with exit code 1
[2026-03-04T04:46:48.443Z] Running lib/data-backup.js clean...
[2026-03-04T04:46:48.473Z] [lib/data-backup.js clean] ERROR: node:internal/modules/cjs/loader:1031
  throw err;
  ^

Error: Cannot find module '/home/runner/work/liquiditydashboard/liquiditydashboard/web/lib/data-backup.js'
    at Function.Module._resolveFilename (node:internal/modules/cjs/loader:1028:15)
    at Function.Module._load (node:internal/modules/cjs/loader:873:27)
    at Function.executeUserEntryPoint [as runMain] (node:internal/modules/run_main:81:12)
    at node:internal/main/run_main_module:22:47 {
  code: 'MODULE_NOT_FOUND',
  requireStack: []
}
[2026-03-04T04:46:48.474Z] lib/data-backup.js clean failed with exit code 1
[2026-03-04T04:46:48.475Z] Running lib/import-historical-move-data.js...
[2026-03-04T04:46:48.504Z] [lib/import-historical-move-data.js] ERROR: node:internal/modules/cjs/loader:1031
  throw err;
  ^

Error: Cannot find module '/home/runner/work/liquiditydashboard/liquiditydashboard/web/lib/import-historical-move-data.js'
    at Function.Module._resolveFilename (node:internal/modules/cjs/loader:1028:15)
    at Function.Module._load (node:internal/modules/cjs/loader:873:27)
    at Function.executeUserEntryPoint [as runMain] (node:internal/modules/run_main:81:12)
    at node:internal/main/run_main_module:22:47 {
  code: 'MODULE_NOT_FOUND',
  requireStack: []
}
[2026-03-04T04:46:48.506Z] lib/import-historical-move-data.js failed with exit code 1
[2026-03-04T04:46:48.507Z] Running lib/fetch-move-data.js...
[2026-03-04T04:46:48.536Z] [lib/fetch-move-data.js] ERROR: node:internal/modules/cjs/loader:1031
  throw err;
  ^

Error: Cannot find module '/home/runner/work/liquiditydashboard/liquiditydashboard/web/lib/fetch-move-data.js'
    at Function.Module._resolveFilename (node:internal/modules/cjs/loader:1028:15)
    at Function.Module._load (node:internal/modules/cjs/loader:873:27)
    at Function.executeUserEntryPoint [as runMain] (node:internal/modules/run_main:81:12)
    at node:internal/main/run_main_module:22:47 {
  code: 'MODULE_NOT_FOUND',
  requireStack: []
}
[2026-03-04T04:46:48.538Z] lib/fetch-move-data.js failed with exit code 1
[2026-03-04T04:46:48.538Z] Running lib/fetch-srf-data.js...
[2026-03-04T04:46:48.567Z] [lib/fetch-srf-data.js] ERROR: node:internal/modules/cjs/loader:1031
  throw err;
  ^

Error: Cannot find module '/home/runner/work/liquiditydashboard/liquiditydashboard/web/lib/fetch-srf-data.js'
    at Function.Module._resolveFilename (node:internal/modules/cjs/loader:1028:15)
    at Function.Module._load (node:internal/modules/cjs/loader:873:27)
    at Function.executeUserEntryPoint [as runMain] (node:internal/modules/run_main:81:12)
    at node:internal/main/run_main_module:22:47 {
  code: 'MODULE_NOT_FOUND',
  requireStack: []
}
[2026-03-04T04:46:48.569Z] lib/fetch-srf-data.js failed with exit code 1
[2026-03-04T04:46:48.570Z] Running lib/fetch-bill-share-data.js...
[2026-03-04T04:46:48.599Z] [lib/fetch-bill-share-data.js] ERROR: node:internal/modules/cjs/loader:1031
  throw err;
  ^

Error: Cannot find module '/home/runner/work/liquiditydashboard/liquiditydashboard/web/lib/fetch-bill-share-data.js'
    at Function.Module._resolveFilename (node:internal/modules/cjs/loader:1028:15)
    at Function.Module._load (node:internal/modules/cjs/loader:873:27)
    at Function.executeUserEntryPoint [as runMain] (node:internal/modules/run_main:81:12)
    at node:internal/main/run_main_module:22:47 {
  code: 'MODULE_NOT_FOUND',
  requireStack: []
}
[2026-03-04T04:46:48.602Z] lib/fetch-bill-share-data.js failed with exit code 1
[2026-03-04T04:46:48.602Z] Running lib/cleanup-future-dates.js...
[2026-03-04T04:46:48.680Z] [lib/cleanup-future-dates.js] Starting data cleanup process...
[2026-03-04T04:46:48.798Z] [lib/cleanup-future-dates.js] WorldTimeAPI failed, trying alternative source
[2026-03-04T04:46:49.507Z] [lib/cleanup-future-dates.js] Using TimeAPI date: 2026-03-04T04:46:49.1830937
[2026-03-04T04:46:49.508Z] [lib/cleanup-future-dates.js] Using reference date: 2026-3-4
[2026-03-04T04:46:49.508Z] [lib/cleanup-future-dates.js] Processing MOVE index data (/home/runner/work/liquiditydashboard/liquiditydashboard/web/public/series/move.json)...
[2026-03-04T04:46:49.508Z] [lib/cleanup-future-dates.js] Loaded 111 MOVE index data points
[2026-03-04T04:46:49.508Z] [lib/cleanup-future-dates.js] No future-dated entries found in MOVE index data
[2026-03-04T04:46:49.509Z] [lib/cleanup-future-dates.js] Processing SRF data (/home/runner/work/liquiditydashboard/liquiditydashboard/web/public/series/srf.json)...
[2026-03-04T04:46:49.509Z] [lib/cleanup-future-dates.js] Loaded 1017 SRF data points
[2026-03-04T04:46:49.510Z] [lib/cleanup-future-dates.js] No future-dated entries found in SRF data
[2026-03-04T04:46:49.511Z] [lib/cleanup-future-dates.js] Processing Treasury bill share data (/home/runner/work/liquiditydashboard/liquiditydashboard/web/public/series/bill-share.json)...
[2026-03-04T04:46:49.511Z] [lib/cleanup-future-dates.js] Loaded 282 Treasury bill share data points
[2026-03-04T04:46:49.511Z] [lib/cleanup-future-dates.js] No future-dated entries found in Treasury bill share data
[2026-03-04T04:46:49.512Z] [lib/cleanup-future-dates.js] Cleanup complete! Removed 0 future-dated entries in total.
Data cleanup completed with no changes needed
[2026-03-04T04:46:49.516Z] lib/cleanup-future-dates.js completed successfully
[2026-03-04T04:46:49.516Z] Running lib/validate-data.js...
[2026-03-04T04:46:49.593Z] [lib/validate-data.js] Running data validation...
[2026-03-04T04:46:49.593Z] [lib/validate-data.js] Validating MOVE index data...
[2026-03-04T04:46:49.594Z] [lib/validate-data.js] Found 111 MOVE data points
[2026-03-04T04:46:49.646Z] [lib/validate-data.js] WorldTimeAPI failed, trying alternative source
[2026-03-04T04:46:50.329Z] [lib/validate-data.js] Using TimeAPI date: 2026-03-04T04:46:50.0106273
[2026-03-04T04:46:50.330Z] [lib/validate-data.js] Using reference date: 2026-3-4
[2026-03-04T04:46:50.330Z] [lib/validate-data.js] MOVE index data validation passed ✓
[2026-03-04T04:46:50.330Z] [lib/validate-data.js] Validating SRF data...
[2026-03-04T04:46:50.331Z] [lib/validate-data.js] Found 1017 SRF data points
[2026-03-04T04:46:50.461Z] [lib/validate-data.js] WorldTimeAPI failed, trying alternative source
[2026-03-04T04:46:50.893Z] [lib/validate-data.js] Using TimeAPI date: 2026-03-04T04:46:50.5738339
[2026-03-04T04:46:50.895Z] [lib/validate-data.js] SRF data validation passed ✓
[2026-03-04T04:46:50.895Z] [lib/validate-data.js] Validating Treasury funding data...
[2026-03-04T04:46:50.895Z] [lib/validate-data.js] Found 282 Treasury funding data points
[2026-03-04T04:46:50.896Z] [lib/validate-data.js] Treasury funding data validation passed ✓
[2026-03-04T04:46:50.896Z] [lib/validate-data.js] All data validation passed ✓
[2026-03-04T04:46:50.899Z] lib/validate-data.js completed successfully
[2026-03-04T04:46:50.899Z] Dashboard update process completed successfully
