[2026-07-24T05:54:15.879Z] Starting Liquidity Dashboard update process
[2026-07-24T05:54:15.881Z] Running lib/data-backup.js...
[2026-07-24T05:54:15.909Z] [lib/data-backup.js] ERROR: node:internal/modules/cjs/loader:1031
  throw err;
  ^

Error: Cannot find module '/home/runner/work/liquiditydashboard/liquiditydashboard/web/lib/data-backup.js'
    at Function.Module._resolveFilename (node:internal/modules/cjs/loader:1028:15)
    at Function.Module._load (node:internal/modules/cjs/loader:873:27)
    at Function.executeUserEntryPoint [as runMain] (node:internal/modules/run_main:81:12)
    at node:internal/main/run_main_module:22:47 {
  code: 'MODULE_NOT_FOUND',
  requireStack: []
}
[2026-07-24T05:54:15.911Z] lib/data-backup.js failed with exit code 1
[2026-07-24T05:54:15.911Z] Running lib/data-backup.js clean...
[2026-07-24T05:54:15.938Z] [lib/data-backup.js clean] ERROR: node:internal/modules/cjs/loader:1031
  throw err;
  ^

Error: Cannot find module '/home/runner/work/liquiditydashboard/liquiditydashboard/web/lib/data-backup.js'
    at Function.Module._resolveFilename (node:internal/modules/cjs/loader:1028:15)
    at Function.Module._load (node:internal/modules/cjs/loader:873:27)
    at Function.executeUserEntryPoint [as runMain] (node:internal/modules/run_main:81:12)
    at node:internal/main/run_main_module:22:47 {
  code: 'MODULE_NOT_FOUND',
  requireStack: []
}
[2026-07-24T05:54:15.940Z] lib/data-backup.js clean failed with exit code 1
[2026-07-24T05:54:15.940Z] Running lib/import-historical-move-data.js...
[2026-07-24T05:54:15.967Z] [lib/import-historical-move-data.js] ERROR: node:internal/modules/cjs/loader:1031
  throw err;
  ^

Error: Cannot find module '/home/runner/work/liquiditydashboard/liquiditydashboard/web/lib/import-historical-move-data.js'
    at Function.Module._resolveFilename (node:internal/modules/cjs/loader:1028:15)
    at Function.Module._load (node:internal/modules/cjs/loader:873:27)
    at Function.executeUserEntryPoint [as runMain] (node:internal/modules/run_main:81:12)
    at node:internal/main/run_main_module:22:47 {
  code: 'MODULE_NOT_FOUND',
  requireStack: []
}
[2026-07-24T05:54:15.968Z] lib/import-historical-move-data.js failed with exit code 1
[2026-07-24T05:54:15.968Z] Running lib/fetch-move-data.js...
[2026-07-24T05:54:15.995Z] [lib/fetch-move-data.js] ERROR: node:internal/modules/cjs/loader:1031
  throw err;
  ^

Error: Cannot find module '/home/runner/work/liquiditydashboard/liquiditydashboard/web/lib/fetch-move-data.js'
    at Function.Module._resolveFilename (node:internal/modules/cjs/loader:1028:15)
    at Function.Module._load (node:internal/modules/cjs/loader:873:27)
    at Function.executeUserEntryPoint [as runMain] (node:internal/modules/run_main:81:12)
    at node:internal/main/run_main_module:22:47 {
  code: 'MODULE_NOT_FOUND',
  requireStack: []
}
[2026-07-24T05:54:15.997Z] lib/fetch-move-data.js failed with exit code 1
[2026-07-24T05:54:15.997Z] Running lib/fetch-srf-data.js...
[2026-07-24T05:54:16.025Z] [lib/fetch-srf-data.js] ERROR: node:internal/modules/cjs/loader:1031
  throw err;
  ^

Error: Cannot find module '/home/runner/work/liquiditydashboard/liquiditydashboard/web/lib/fetch-srf-data.js'
    at Function.Module._resolveFilename (node:internal/modules/cjs/loader:1028:15)
    at Function.Module._load (node:internal/modules/cjs/loader:873:27)
    at Function.executeUserEntryPoint [as runMain] (node:internal/modules/run_main:81:12)
    at node:internal/main/run_main_module:22:47 {
  code: 'MODULE_NOT_FOUND',
  requireStack: []
}
[2026-07-24T05:54:16.027Z] lib/fetch-srf-data.js failed with exit code 1
[2026-07-24T05:54:16.027Z] Running lib/fetch-bill-share-data.js...
[2026-07-24T05:54:16.055Z] [lib/fetch-bill-share-data.js] ERROR: node:internal/modules/cjs/loader:1031
  throw err;
  ^

Error: Cannot find module '/home/runner/work/liquiditydashboard/liquiditydashboard/web/lib/fetch-bill-share-data.js'
    at Function.Module._resolveFilename (node:internal/modules/cjs/loader:1028:15)
    at Function.Module._load (node:internal/modules/cjs/loader:873:27)
    at Function.executeUserEntryPoint [as runMain] (node:internal/modules/run_main:81:12)
    at node:internal/main/run_main_module:22:47 {
  code: 'MODULE_NOT_FOUND',
  requireStack: []
}
[2026-07-24T05:54:16.057Z] lib/fetch-bill-share-data.js failed with exit code 1
[2026-07-24T05:54:16.057Z] Running lib/cleanup-future-dates.js...
[2026-07-24T05:54:16.132Z] [lib/cleanup-future-dates.js] Starting data cleanup process...
[2026-07-24T05:54:16.378Z] [lib/cleanup-future-dates.js] WorldTimeAPI failed, trying alternative source
[2026-07-24T05:54:17.079Z] [lib/cleanup-future-dates.js] Using TimeAPI date: 2026-07-24T05:42:58.9038031
[2026-07-24T05:54:17.079Z] [lib/cleanup-future-dates.js] Using reference date: 2026-7-24

Processing MOVE index data (/home/runner/work/liquiditydashboard/liquiditydashboard/web/public/series/move.json)...
[2026-07-24T05:54:17.079Z] [lib/cleanup-future-dates.js] Loaded 111 MOVE index data points
[2026-07-24T05:54:17.080Z] [lib/cleanup-future-dates.js] No future-dated entries found in MOVE index data

Processing SRF data (/home/runner/work/liquiditydashboard/liquiditydashboard/web/public/series/srf.json)...
[2026-07-24T05:54:17.080Z] [lib/cleanup-future-dates.js] Loaded 1017 SRF data points
[2026-07-24T05:54:17.081Z] [lib/cleanup-future-dates.js] No future-dated entries found in SRF data
[2026-07-24T05:54:17.081Z] [lib/cleanup-future-dates.js] Processing Treasury bill share data (/home/runner/work/liquiditydashboard/liquiditydashboard/web/public/series/bill-share.json)...
[2026-07-24T05:54:17.082Z] [lib/cleanup-future-dates.js] Loaded 282 Treasury bill share data points
[2026-07-24T05:54:17.082Z] [lib/cleanup-future-dates.js] No future-dated entries found in Treasury bill share data
[2026-07-24T05:54:17.082Z] [lib/cleanup-future-dates.js] Cleanup complete! Removed 0 future-dated entries in total.
[2026-07-24T05:54:17.082Z] [lib/cleanup-future-dates.js] Data cleanup completed with no changes needed
[2026-07-24T05:54:17.085Z] lib/cleanup-future-dates.js completed successfully
[2026-07-24T05:54:17.085Z] Running lib/validate-data.js...
[2026-07-24T05:54:17.161Z] [lib/validate-data.js] Running data validation...
[2026-07-24T05:54:17.161Z] [lib/validate-data.js] Validating MOVE index data...
[2026-07-24T05:54:17.162Z] [lib/validate-data.js] Found 111 MOVE data points
[2026-07-24T05:54:17.200Z] [lib/validate-data.js] WorldTimeAPI failed, trying alternative source
[2026-07-24T05:54:17.887Z] [lib/validate-data.js] Using TimeAPI date: 2026-07-24T05:42:59.7116377
[2026-07-24T05:54:17.887Z] [lib/validate-data.js] Using reference date: 2026-7-24
[2026-07-24T05:54:17.888Z] [lib/validate-data.js] MOVE index data validation passed ✓
[2026-07-24T05:54:17.888Z] [lib/validate-data.js] Validating SRF data...
[2026-07-24T05:54:17.889Z] [lib/validate-data.js] Found 1017 SRF data points
[2026-07-24T05:54:18.016Z] [lib/validate-data.js] WorldTimeAPI failed, trying alternative source
[2026-07-24T05:54:18.689Z] [lib/validate-data.js] Using TimeAPI date: 2026-07-24T05:43:00.5174925
[2026-07-24T05:54:18.692Z] [lib/validate-data.js] SRF data validation passed ✓
[2026-07-24T05:54:18.692Z] [lib/validate-data.js] Validating Treasury funding data...
[2026-07-24T05:54:18.692Z] [lib/validate-data.js] Found 282 Treasury funding data points
[2026-07-24T05:54:18.692Z] [lib/validate-data.js] Treasury funding data validation passed ✓
[2026-07-24T05:54:18.692Z] [lib/validate-data.js] All data validation passed ✓
[2026-07-24T05:54:18.695Z] lib/validate-data.js completed successfully
[2026-07-24T05:54:18.695Z] Dashboard update process completed successfully
