[2026-02-03T04:53:08.806Z] Starting Liquidity Dashboard update process
[2026-02-03T04:53:08.808Z] Running lib/data-backup.js...
[2026-02-03T04:53:08.838Z] [lib/data-backup.js] ERROR: node:internal/modules/cjs/loader:1031
  throw err;
  ^

Error: Cannot find module '/home/runner/work/liquiditydashboard/liquiditydashboard/web/lib/data-backup.js'
    at Function.Module._resolveFilename (node:internal/modules/cjs/loader:1028:15)
    at Function.Module._load (node:internal/modules/cjs/loader:873:27)
    at Function.executeUserEntryPoint [as runMain] (node:internal/modules/run_main:81:12)
    at node:internal/main/run_main_module:22:47 {
  code: 'MODULE_NOT_FOUND',
  requireStack: []
}
[2026-02-03T04:53:08.841Z] lib/data-backup.js failed with exit code 1
[2026-02-03T04:53:08.842Z] Running lib/data-backup.js clean...
[2026-02-03T04:53:08.871Z] [lib/data-backup.js clean] ERROR: node:internal/modules/cjs/loader:1031
  throw err;
  ^

Error: Cannot find module '/home/runner/work/liquiditydashboard/liquiditydashboard/web/lib/data-backup.js'
    at Function.Module._resolveFilename (node:internal/modules/cjs/loader:1028:15)
    at Function.Module._load (node:internal/modules/cjs/loader:873:27)
    at Function.executeUserEntryPoint [as runMain] (node:internal/modules/run_main:81:12)
    at node:internal/main/run_main_module:22:47 {
  code: 'MODULE_NOT_FOUND',
  requireStack: []
}
[2026-02-03T04:53:08.873Z] lib/data-backup.js clean failed with exit code 1
[2026-02-03T04:53:08.874Z] Running lib/import-historical-move-data.js...
[2026-02-03T04:53:08.903Z] [lib/import-historical-move-data.js] ERROR: node:internal/modules/cjs/loader:1031
  throw err;
  ^

Error: Cannot find module '/home/runner/work/liquiditydashboard/liquiditydashboard/web/lib/import-historical-move-data.js'
    at Function.Module._resolveFilename (node:internal/modules/cjs/loader:1028:15)
    at Function.Module._load (node:internal/modules/cjs/loader:873:27)
    at Function.executeUserEntryPoint [as runMain] (node:internal/modules/run_main:81:12)
    at node:internal/main/run_main_module:22:47 {
  code: 'MODULE_NOT_FOUND',
  requireStack: []
}
[2026-02-03T04:53:08.905Z] lib/import-historical-move-data.js failed with exit code 1
[2026-02-03T04:53:08.905Z] Running lib/fetch-move-data.js...
[2026-02-03T04:53:08.935Z] [lib/fetch-move-data.js] ERROR: node:internal/modules/cjs/loader:1031
  throw err;
  ^

Error: Cannot find module '/home/runner/work/liquiditydashboard/liquiditydashboard/web/lib/fetch-move-data.js'
    at Function.Module._resolveFilename (node:internal/modules/cjs/loader:1028:15)
    at Function.Module._load (node:internal/modules/cjs/loader:873:27)
    at Function.executeUserEntryPoint [as runMain] (node:internal/modules/run_main:81:12)
    at node:internal/main/run_main_module:22:47 {
  code: 'MODULE_NOT_FOUND',
  requireStack: []
}
[2026-02-03T04:53:08.937Z] lib/fetch-move-data.js failed with exit code 1
[2026-02-03T04:53:08.937Z] Running lib/fetch-srf-data.js...
[2026-02-03T04:53:08.966Z] [lib/fetch-srf-data.js] ERROR: node:internal/modules/cjs/loader:1031
  throw err;
  ^

Error: Cannot find module '/home/runner/work/liquiditydashboard/liquiditydashboard/web/lib/fetch-srf-data.js'
    at Function.Module._resolveFilename (node:internal/modules/cjs/loader:1028:15)
    at Function.Module._load (node:internal/modules/cjs/loader:873:27)
    at Function.executeUserEntryPoint [as runMain] (node:internal/modules/run_main:81:12)
    at node:internal/main/run_main_module:22:47 {
  code: 'MODULE_NOT_FOUND',
  requireStack: []
}
[2026-02-03T04:53:08.969Z] lib/fetch-srf-data.js failed with exit code 1
[2026-02-03T04:53:08.969Z] Running lib/fetch-bill-share-data.js...
[2026-02-03T04:53:08.998Z] [lib/fetch-bill-share-data.js] ERROR: node:internal/modules/cjs/loader:1031
  throw err;
  ^

Error: Cannot find module '/home/runner/work/liquiditydashboard/liquiditydashboard/web/lib/fetch-bill-share-data.js'
    at Function.Module._resolveFilename (node:internal/modules/cjs/loader:1028:15)
    at Function.Module._load (node:internal/modules/cjs/loader:873:27)
    at Function.executeUserEntryPoint [as runMain] (node:internal/modules/run_main:81:12)
    at node:internal/main/run_main_module:22:47 {
  code: 'MODULE_NOT_FOUND',
  requireStack: []
}
[2026-02-03T04:53:09.000Z] lib/fetch-bill-share-data.js failed with exit code 1
[2026-02-03T04:53:09.000Z] Running lib/cleanup-future-dates.js...
[2026-02-03T04:53:09.080Z] [lib/cleanup-future-dates.js] Starting data cleanup process...
[2026-02-03T04:53:09.315Z] [lib/cleanup-future-dates.js] Using WorldTimeAPI date: 2026-02-03T04:53:09.255996+00:00
[2026-02-03T04:53:09.316Z] [lib/cleanup-future-dates.js] Using reference date: 2026-2-3
[2026-02-03T04:53:09.316Z] [lib/cleanup-future-dates.js] Processing MOVE index data (/home/runner/work/liquiditydashboard/liquiditydashboard/web/public/series/move.json)...
[2026-02-03T04:53:09.316Z] [lib/cleanup-future-dates.js] Loaded 111 MOVE index data points
[2026-02-03T04:53:09.316Z] [lib/cleanup-future-dates.js] No future-dated entries found in MOVE index data
[2026-02-03T04:53:09.317Z] [lib/cleanup-future-dates.js] Processing SRF data (/home/runner/work/liquiditydashboard/liquiditydashboard/web/public/series/srf.json)...
[2026-02-03T04:53:09.317Z] [lib/cleanup-future-dates.js] Loaded 1017 SRF data points
[2026-02-03T04:53:09.318Z] [lib/cleanup-future-dates.js] No future-dated entries found in SRF data
[2026-02-03T04:53:09.318Z] [lib/cleanup-future-dates.js] Processing Treasury bill share data (/home/runner/work/liquiditydashboard/liquiditydashboard/web/public/series/bill-share.json)...
[2026-02-03T04:53:09.319Z] [lib/cleanup-future-dates.js] Loaded 282 Treasury bill share data points
[2026-02-03T04:53:09.319Z] [lib/cleanup-future-dates.js] No future-dated entries found in Treasury bill share data
[2026-02-03T04:53:09.319Z] [lib/cleanup-future-dates.js] Cleanup complete! Removed 0 future-dated entries in total.
Data cleanup completed with no changes needed
[2026-02-03T04:53:09.323Z] lib/cleanup-future-dates.js completed successfully
[2026-02-03T04:53:09.323Z] Running lib/validate-data.js...
[2026-02-03T04:53:09.404Z] [lib/validate-data.js] Running data validation...
[2026-02-03T04:53:09.404Z] [lib/validate-data.js] Validating MOVE index data...
[2026-02-03T04:53:09.405Z] [lib/validate-data.js] Found 111 MOVE data points
[2026-02-03T04:53:09.443Z] [lib/validate-data.js] WorldTimeAPI failed, trying alternative source
[2026-02-03T04:53:09.993Z] [lib/validate-data.js] Using TimeAPI date: 2026-02-03T04:53:10.5095224
[2026-02-03T04:53:09.994Z] [lib/validate-data.js] Using reference date: 2026-2-3
[2026-02-03T04:53:09.994Z] [lib/validate-data.js] MOVE index data validation passed ✓
[2026-02-03T04:53:09.995Z] [lib/validate-data.js] Validating SRF data...
[2026-02-03T04:53:09.995Z] [lib/validate-data.js] Found 1017 SRF data points
[2026-02-03T04:53:10.089Z] [lib/validate-data.js] Using WorldTimeAPI date: 2026-02-03T04:53:10.080225+00:00
[2026-02-03T04:53:10.091Z] [lib/validate-data.js] SRF data validation passed ✓
[2026-02-03T04:53:10.091Z] [lib/validate-data.js] Validating Treasury funding data...
[2026-02-03T04:53:10.092Z] [lib/validate-data.js] Found 282 Treasury funding data points
[2026-02-03T04:53:10.092Z] [lib/validate-data.js] Treasury funding data validation passed ✓
[2026-02-03T04:53:10.092Z] [lib/validate-data.js] All data validation passed ✓
[2026-02-03T04:53:10.095Z] lib/validate-data.js completed successfully
[2026-02-03T04:53:10.095Z] Dashboard update process completed successfully
