[2026-05-01T06:19:27.418Z] Starting Liquidity Dashboard update process
[2026-05-01T06:19:27.420Z] Running lib/data-backup.js...
[2026-05-01T06:19:27.451Z] [lib/data-backup.js] ERROR: node:internal/modules/cjs/loader:1031
  throw err;
  ^

Error: Cannot find module '/home/runner/work/liquiditydashboard/liquiditydashboard/web/lib/data-backup.js'
    at Function.Module._resolveFilename (node:internal/modules/cjs/loader:1028:15)
    at Function.Module._load (node:internal/modules/cjs/loader:873:27)
    at Function.executeUserEntryPoint [as runMain] (node:internal/modules/run_main:81:12)
    at node:internal/main/run_main_module:22:47 {
  code: 'MODULE_NOT_FOUND',
  requireStack: []
}
[2026-05-01T06:19:27.453Z] lib/data-backup.js failed with exit code 1
[2026-05-01T06:19:27.453Z] Running lib/data-backup.js clean...
[2026-05-01T06:19:27.483Z] [lib/data-backup.js clean] ERROR: node:internal/modules/cjs/loader:1031
  throw err;
  ^

Error: Cannot find module '/home/runner/work/liquiditydashboard/liquiditydashboard/web/lib/data-backup.js'
    at Function.Module._resolveFilename (node:internal/modules/cjs/loader:1028:15)
    at Function.Module._load (node:internal/modules/cjs/loader:873:27)
    at Function.executeUserEntryPoint [as runMain] (node:internal/modules/run_main:81:12)
    at node:internal/main/run_main_module:22:47 {
  code: 'MODULE_NOT_FOUND',
  requireStack: []
}
[2026-05-01T06:19:27.484Z] lib/data-backup.js clean failed with exit code 1
[2026-05-01T06:19:27.484Z] Running lib/import-historical-move-data.js...
[2026-05-01T06:19:27.514Z] [lib/import-historical-move-data.js] ERROR: node:internal/modules/cjs/loader:1031
  throw err;
  ^

Error: Cannot find module '/home/runner/work/liquiditydashboard/liquiditydashboard/web/lib/import-historical-move-data.js'
    at Function.Module._resolveFilename (node:internal/modules/cjs/loader:1028:15)
    at Function.Module._load (node:internal/modules/cjs/loader:873:27)
    at Function.executeUserEntryPoint [as runMain] (node:internal/modules/run_main:81:12)
    at node:internal/main/run_main_module:22:47 {
  code: 'MODULE_NOT_FOUND',
  requireStack: []
}
[2026-05-01T06:19:27.515Z] lib/import-historical-move-data.js failed with exit code 1
[2026-05-01T06:19:27.515Z] Running lib/fetch-move-data.js...
[2026-05-01T06:19:27.545Z] [lib/fetch-move-data.js] ERROR: node:internal/modules/cjs/loader:1031
  throw err;
  ^

Error: Cannot find module '/home/runner/work/liquiditydashboard/liquiditydashboard/web/lib/fetch-move-data.js'
    at Function.Module._resolveFilename (node:internal/modules/cjs/loader:1028:15)
    at Function.Module._load (node:internal/modules/cjs/loader:873:27)
    at Function.executeUserEntryPoint [as runMain] (node:internal/modules/run_main:81:12)
    at node:internal/main/run_main_module:22:47 {
  code: 'MODULE_NOT_FOUND',
  requireStack: []
}
[2026-05-01T06:19:27.546Z] lib/fetch-move-data.js failed with exit code 1
[2026-05-01T06:19:27.546Z] Running lib/fetch-srf-data.js...
[2026-05-01T06:19:27.576Z] [lib/fetch-srf-data.js] ERROR: node:internal/modules/cjs/loader:1031
  throw err;
  ^

Error: Cannot find module '/home/runner/work/liquiditydashboard/liquiditydashboard/web/lib/fetch-srf-data.js'
    at Function.Module._resolveFilename (node:internal/modules/cjs/loader:1028:15)
    at Function.Module._load (node:internal/modules/cjs/loader:873:27)
    at Function.executeUserEntryPoint [as runMain] (node:internal/modules/run_main:81:12)
    at node:internal/main/run_main_module:22:47 {
  code: 'MODULE_NOT_FOUND',
  requireStack: []
}
[2026-05-01T06:19:27.577Z] lib/fetch-srf-data.js failed with exit code 1
[2026-05-01T06:19:27.578Z] Running lib/fetch-bill-share-data.js...
[2026-05-01T06:19:27.607Z] [lib/fetch-bill-share-data.js] ERROR: node:internal/modules/cjs/loader:1031
  throw err;
  ^

Error: Cannot find module '/home/runner/work/liquiditydashboard/liquiditydashboard/web/lib/fetch-bill-share-data.js'
    at Function.Module._resolveFilename (node:internal/modules/cjs/loader:1028:15)
    at Function.Module._load (node:internal/modules/cjs/loader:873:27)
    at Function.executeUserEntryPoint [as runMain] (node:internal/modules/run_main:81:12)
    at node:internal/main/run_main_module:22:47 {
  code: 'MODULE_NOT_FOUND',
  requireStack: []
}
[2026-05-01T06:19:27.608Z] lib/fetch-bill-share-data.js failed with exit code 1
[2026-05-01T06:19:27.609Z] Running lib/cleanup-future-dates.js...
[2026-05-01T06:19:27.685Z] [lib/cleanup-future-dates.js] Starting data cleanup process...
[2026-05-01T06:19:27.938Z] [lib/cleanup-future-dates.js] WorldTimeAPI failed, trying alternative source
[2026-05-01T06:19:28.545Z] [lib/cleanup-future-dates.js] Using TimeAPI date: 2026-05-01T06:19:28.4639573
[2026-05-01T06:19:28.545Z] [lib/cleanup-future-dates.js] Using reference date: 2026-5-1
[2026-05-01T06:19:28.545Z] [lib/cleanup-future-dates.js] Processing MOVE index data (/home/runner/work/liquiditydashboard/liquiditydashboard/web/public/series/move.json)...
[2026-05-01T06:19:28.545Z] [lib/cleanup-future-dates.js] Loaded 111 MOVE index data points
[2026-05-01T06:19:28.546Z] [lib/cleanup-future-dates.js] No future-dated entries found in MOVE index data
[2026-05-01T06:19:28.546Z] [lib/cleanup-future-dates.js] Processing SRF data (/home/runner/work/liquiditydashboard/liquiditydashboard/web/public/series/srf.json)...
[2026-05-01T06:19:28.546Z] [lib/cleanup-future-dates.js] Loaded 1017 SRF data points
[2026-05-01T06:19:28.547Z] [lib/cleanup-future-dates.js] No future-dated entries found in SRF data
[2026-05-01T06:19:28.548Z] [lib/cleanup-future-dates.js] Processing Treasury bill share data (/home/runner/work/liquiditydashboard/liquiditydashboard/web/public/series/bill-share.json)...
[2026-05-01T06:19:28.548Z] [lib/cleanup-future-dates.js] Loaded 282 Treasury bill share data points
[2026-05-01T06:19:28.548Z] [lib/cleanup-future-dates.js] No future-dated entries found in Treasury bill share data
[2026-05-01T06:19:28.548Z] [lib/cleanup-future-dates.js] Cleanup complete! Removed 0 future-dated entries in total.
Data cleanup completed with no changes needed
[2026-05-01T06:19:28.551Z] lib/cleanup-future-dates.js completed successfully
[2026-05-01T06:19:28.551Z] Running lib/validate-data.js...
[2026-05-01T06:19:28.627Z] [lib/validate-data.js] Running data validation...
[2026-05-01T06:19:28.628Z] [lib/validate-data.js] Validating MOVE index data...
[2026-05-01T06:19:28.628Z] [lib/validate-data.js] Found 111 MOVE data points
[2026-05-01T06:19:28.750Z] [lib/validate-data.js] WorldTimeAPI failed, trying alternative source
[2026-05-01T06:19:29.226Z] [lib/validate-data.js] Using TimeAPI date: 2026-05-01T06:19:29.1406556
[2026-05-01T06:19:29.226Z] [lib/validate-data.js] Using reference date: 2026-5-1
[2026-05-01T06:19:29.227Z] [lib/validate-data.js] MOVE index data validation passed ✓
[2026-05-01T06:19:29.227Z] [lib/validate-data.js] Validating SRF data...
[2026-05-01T06:19:29.228Z] [lib/validate-data.js] Found 1017 SRF data points
[2026-05-01T06:19:29.350Z] [lib/validate-data.js] WorldTimeAPI failed, trying alternative source
[2026-05-01T06:19:29.813Z] [lib/validate-data.js] Using TimeAPI date: 2026-05-01T06:19:29.7322821
[2026-05-01T06:19:29.814Z] [lib/validate-data.js] SRF data validation passed ✓
[2026-05-01T06:19:29.814Z] [lib/validate-data.js] Validating Treasury funding data...
[2026-05-01T06:19:29.815Z] [lib/validate-data.js] Found 282 Treasury funding data points
[2026-05-01T06:19:29.815Z] [lib/validate-data.js] Treasury funding data validation passed ✓
[2026-05-01T06:19:29.815Z] [lib/validate-data.js] All data validation passed ✓
[2026-05-01T06:19:29.818Z] lib/validate-data.js completed successfully
[2026-05-01T06:19:29.818Z] Dashboard update process completed successfully
