[2026-07-16T05:45:40.850Z] Starting Liquidity Dashboard update process
[2026-07-16T05:45:40.852Z] Running lib/data-backup.js...
[2026-07-16T05:45:40.888Z] [lib/data-backup.js] ERROR: node:internal/modules/cjs/loader:1031
  throw err;
  ^

Error: Cannot find module '/home/runner/work/liquiditydashboard/liquiditydashboard/web/lib/data-backup.js'
    at Function.Module._resolveFilename (node:internal/modules/cjs/loader:1028:15)
    at Function.Module._load (node:internal/modules/cjs/loader:873:27)
    at Function.executeUserEntryPoint [as runMain] (node:internal/modules/run_main:81:12)
    at node:internal/main/run_main_module:22:47 {
  code: 'MODULE_NOT_FOUND',
  requireStack: []
}
[2026-07-16T05:45:40.890Z] lib/data-backup.js failed with exit code 1
[2026-07-16T05:45:40.891Z] Running lib/data-backup.js clean...
[2026-07-16T05:45:40.920Z] [lib/data-backup.js clean] ERROR: node:internal/modules/cjs/loader:1031
  throw err;
  ^

Error: Cannot find module '/home/runner/work/liquiditydashboard/liquiditydashboard/web/lib/data-backup.js'
    at Function.Module._resolveFilename (node:internal/modules/cjs/loader:1028:15)
    at Function.Module._load (node:internal/modules/cjs/loader:873:27)
    at Function.executeUserEntryPoint [as runMain] (node:internal/modules/run_main:81:12)
    at node:internal/main/run_main_module:22:47 {
  code: 'MODULE_NOT_FOUND',
  requireStack: []
}
[2026-07-16T05:45:40.922Z] lib/data-backup.js clean failed with exit code 1
[2026-07-16T05:45:40.922Z] Running lib/import-historical-move-data.js...
[2026-07-16T05:45:40.951Z] [lib/import-historical-move-data.js] ERROR: node:internal/modules/cjs/loader:1031
  throw err;
  ^

Error: Cannot find module '/home/runner/work/liquiditydashboard/liquiditydashboard/web/lib/import-historical-move-data.js'
    at Function.Module._resolveFilename (node:internal/modules/cjs/loader:1028:15)
    at Function.Module._load (node:internal/modules/cjs/loader:873:27)
    at Function.executeUserEntryPoint [as runMain] (node:internal/modules/run_main:81:12)
    at node:internal/main/run_main_module:22:47 {
  code: 'MODULE_NOT_FOUND',
  requireStack: []
}
[2026-07-16T05:45:40.952Z] lib/import-historical-move-data.js failed with exit code 1
[2026-07-16T05:45:40.953Z] Running lib/fetch-move-data.js...
[2026-07-16T05:45:40.983Z] [lib/fetch-move-data.js] ERROR: node:internal/modules/cjs/loader:1031
  throw err;
  ^

Error: Cannot find module '/home/runner/work/liquiditydashboard/liquiditydashboard/web/lib/fetch-move-data.js'
    at Function.Module._resolveFilename (node:internal/modules/cjs/loader:1028:15)
    at Function.Module._load (node:internal/modules/cjs/loader:873:27)
    at Function.executeUserEntryPoint [as runMain] (node:internal/modules/run_main:81:12)
    at node:internal/main/run_main_module:22:47 {
  code: 'MODULE_NOT_FOUND',
  requireStack: []
}
[2026-07-16T05:45:40.986Z] lib/fetch-move-data.js failed with exit code 1
[2026-07-16T05:45:40.986Z] Running lib/fetch-srf-data.js...
[2026-07-16T05:45:41.015Z] [lib/fetch-srf-data.js] ERROR: node:internal/modules/cjs/loader:1031
  throw err;
  ^

Error: Cannot find module '/home/runner/work/liquiditydashboard/liquiditydashboard/web/lib/fetch-srf-data.js'
    at Function.Module._resolveFilename (node:internal/modules/cjs/loader:1028:15)
    at Function.Module._load (node:internal/modules/cjs/loader:873:27)
    at Function.executeUserEntryPoint [as runMain] (node:internal/modules/run_main:81:12)
    at node:internal/main/run_main_module:22:47 {
  code: 'MODULE_NOT_FOUND',
  requireStack: []
}
[2026-07-16T05:45:41.016Z] lib/fetch-srf-data.js failed with exit code 1
[2026-07-16T05:45:41.017Z] Running lib/fetch-bill-share-data.js...
[2026-07-16T05:45:41.047Z] [lib/fetch-bill-share-data.js] ERROR: node:internal/modules/cjs/loader:1031
  throw err;
  ^

Error: Cannot find module '/home/runner/work/liquiditydashboard/liquiditydashboard/web/lib/fetch-bill-share-data.js'
    at Function.Module._resolveFilename (node:internal/modules/cjs/loader:1028:15)
    at Function.Module._load (node:internal/modules/cjs/loader:873:27)
    at Function.executeUserEntryPoint [as runMain] (node:internal/modules/run_main:81:12)
    at node:internal/main/run_main_module:22:47 {
  code: 'MODULE_NOT_FOUND',
  requireStack: []
}
[2026-07-16T05:45:41.049Z] lib/fetch-bill-share-data.js failed with exit code 1
[2026-07-16T05:45:41.049Z] Running lib/cleanup-future-dates.js...
[2026-07-16T05:45:41.131Z] [lib/cleanup-future-dates.js] Starting data cleanup process...
[2026-07-16T05:45:41.216Z] [lib/cleanup-future-dates.js] WorldTimeAPI failed, trying alternative source
[2026-07-16T05:45:41.719Z] [lib/cleanup-future-dates.js] Using TimeAPI date: 2026-07-16T05:40:07.2606112
[2026-07-16T05:45:41.719Z] [lib/cleanup-future-dates.js] Using reference date: 2026-7-16
[2026-07-16T05:45:41.719Z] [lib/cleanup-future-dates.js] Processing MOVE index data (/home/runner/work/liquiditydashboard/liquiditydashboard/web/public/series/move.json)...
[2026-07-16T05:45:41.720Z] [lib/cleanup-future-dates.js] Loaded 111 MOVE index data points
No future-dated entries found in MOVE index data

Processing SRF data (/home/runner/work/liquiditydashboard/liquiditydashboard/web/public/series/srf.json)...
Loaded 1017 SRF data points
[2026-07-16T05:45:41.721Z] [lib/cleanup-future-dates.js] No future-dated entries found in SRF data
[2026-07-16T05:45:41.721Z] [lib/cleanup-future-dates.js] Processing Treasury bill share data (/home/runner/work/liquiditydashboard/liquiditydashboard/web/public/series/bill-share.json)...
[2026-07-16T05:45:41.722Z] [lib/cleanup-future-dates.js] Loaded 282 Treasury bill share data points
[2026-07-16T05:45:41.722Z] [lib/cleanup-future-dates.js] No future-dated entries found in Treasury bill share data
[2026-07-16T05:45:41.722Z] [lib/cleanup-future-dates.js] Cleanup complete! Removed 0 future-dated entries in total.
[2026-07-16T05:45:41.723Z] [lib/cleanup-future-dates.js] Data cleanup completed with no changes needed
[2026-07-16T05:45:41.725Z] lib/cleanup-future-dates.js completed successfully
[2026-07-16T05:45:41.725Z] Running lib/validate-data.js...
[2026-07-16T05:45:41.807Z] [lib/validate-data.js] Running data validation...
[2026-07-16T05:45:41.807Z] [lib/validate-data.js] Validating MOVE index data...
[2026-07-16T05:45:41.808Z] [lib/validate-data.js] Found 111 MOVE data points
[2026-07-16T05:45:41.907Z] [lib/validate-data.js] WorldTimeAPI failed, trying alternative source
[2026-07-16T05:45:43.452Z] [lib/validate-data.js] Using TimeAPI date: 2026-07-16T05:40:08.9980266
[2026-07-16T05:45:43.452Z] [lib/validate-data.js] Using reference date: 2026-7-16
[2026-07-16T05:45:43.453Z] [lib/validate-data.js] MOVE index data validation passed ✓
[2026-07-16T05:45:43.453Z] [lib/validate-data.js] Validating SRF data...
[2026-07-16T05:45:43.454Z] [lib/validate-data.js] Found 1017 SRF data points
[2026-07-16T05:45:43.471Z] [lib/validate-data.js] WorldTimeAPI failed, trying alternative source
[2026-07-16T05:45:43.958Z] [lib/validate-data.js] Using TimeAPI date: 2026-07-16T05:40:09.5084147
[2026-07-16T05:45:43.960Z] [lib/validate-data.js] SRF data validation passed ✓
[2026-07-16T05:45:43.960Z] [lib/validate-data.js] Validating Treasury funding data...
[2026-07-16T05:45:43.960Z] [lib/validate-data.js] Found 282 Treasury funding data points
[2026-07-16T05:45:43.961Z] [lib/validate-data.js] Treasury funding data validation passed ✓
[2026-07-16T05:45:43.961Z] [lib/validate-data.js] All data validation passed ✓
[2026-07-16T05:45:43.963Z] lib/validate-data.js completed successfully
[2026-07-16T05:45:43.964Z] Dashboard update process completed successfully
