[2025-10-28T03:43:05.836Z] Starting Liquidity Dashboard update process
[2025-10-28T03:43:05.838Z] Running lib/data-backup.js...
[2025-10-28T03:43:05.867Z] [lib/data-backup.js] ERROR: node:internal/modules/cjs/loader:1031
  throw err;
  ^

Error: Cannot find module '/home/runner/work/liquiditydashboard/liquiditydashboard/web/lib/data-backup.js'
    at Function.Module._resolveFilename (node:internal/modules/cjs/loader:1028:15)
    at Function.Module._load (node:internal/modules/cjs/loader:873:27)
    at Function.executeUserEntryPoint [as runMain] (node:internal/modules/run_main:81:12)
    at node:internal/main/run_main_module:22:47 {
  code: 'MODULE_NOT_FOUND',
  requireStack: []
}
[2025-10-28T03:43:05.870Z] lib/data-backup.js failed with exit code 1
[2025-10-28T03:43:05.870Z] Running lib/data-backup.js clean...
[2025-10-28T03:43:05.898Z] [lib/data-backup.js clean] ERROR: node:internal/modules/cjs/loader:1031
  throw err;
  ^

Error: Cannot find module '/home/runner/work/liquiditydashboard/liquiditydashboard/web/lib/data-backup.js'
    at Function.Module._resolveFilename (node:internal/modules/cjs/loader:1028:15)
    at Function.Module._load (node:internal/modules/cjs/loader:873:27)
    at Function.executeUserEntryPoint [as runMain] (node:internal/modules/run_main:81:12)
    at node:internal/main/run_main_module:22:47 {
  code: 'MODULE_NOT_FOUND',
  requireStack: []
}
[2025-10-28T03:43:05.900Z] lib/data-backup.js clean failed with exit code 1
[2025-10-28T03:43:05.900Z] Running lib/import-historical-move-data.js...
[2025-10-28T03:43:05.928Z] [lib/import-historical-move-data.js] ERROR: node:internal/modules/cjs/loader:1031
  throw err;
  ^

Error: Cannot find module '/home/runner/work/liquiditydashboard/liquiditydashboard/web/lib/import-historical-move-data.js'
    at Function.Module._resolveFilename (node:internal/modules/cjs/loader:1028:15)
    at Function.Module._load (node:internal/modules/cjs/loader:873:27)
    at Function.executeUserEntryPoint [as runMain] (node:internal/modules/run_main:81:12)
    at node:internal/main/run_main_module:22:47 {
  code: 'MODULE_NOT_FOUND',
  requireStack: []
}
[2025-10-28T03:43:05.930Z] lib/import-historical-move-data.js failed with exit code 1
[2025-10-28T03:43:05.930Z] Running lib/fetch-move-data.js...
[2025-10-28T03:43:05.958Z] [lib/fetch-move-data.js] ERROR: node:internal/modules/cjs/loader:1031
  throw err;
  ^

Error: Cannot find module '/home/runner/work/liquiditydashboard/liquiditydashboard/web/lib/fetch-move-data.js'
    at Function.Module._resolveFilename (node:internal/modules/cjs/loader:1028:15)
    at Function.Module._load (node:internal/modules/cjs/loader:873:27)
    at Function.executeUserEntryPoint [as runMain] (node:internal/modules/run_main:81:12)
    at node:internal/main/run_main_module:22:47 {
  code: 'MODULE_NOT_FOUND',
  requireStack: []
}
[2025-10-28T03:43:05.960Z] lib/fetch-move-data.js failed with exit code 1
[2025-10-28T03:43:05.960Z] Running lib/fetch-srf-data.js...
[2025-10-28T03:43:05.989Z] [lib/fetch-srf-data.js] ERROR: node:internal/modules/cjs/loader:1031
  throw err;
  ^

Error: Cannot find module '/home/runner/work/liquiditydashboard/liquiditydashboard/web/lib/fetch-srf-data.js'
    at Function.Module._resolveFilename (node:internal/modules/cjs/loader:1028:15)
    at Function.Module._load (node:internal/modules/cjs/loader:873:27)
    at Function.executeUserEntryPoint [as runMain] (node:internal/modules/run_main:81:12)
    at node:internal/main/run_main_module:22:47 {
  code: 'MODULE_NOT_FOUND',
  requireStack: []
}
[2025-10-28T03:43:05.991Z] lib/fetch-srf-data.js failed with exit code 1
[2025-10-28T03:43:05.991Z] Running lib/fetch-bill-share-data.js...
[2025-10-28T03:43:06.019Z] [lib/fetch-bill-share-data.js] ERROR: node:internal/modules/cjs/loader:1031
  throw err;
  ^

Error: Cannot find module '/home/runner/work/liquiditydashboard/liquiditydashboard/web/lib/fetch-bill-share-data.js'
    at Function.Module._resolveFilename (node:internal/modules/cjs/loader:1028:15)
    at Function.Module._load (node:internal/modules/cjs/loader:873:27)
    at Function.executeUserEntryPoint [as runMain] (node:internal/modules/run_main:81:12)
    at node:internal/main/run_main_module:22:47 {
  code: 'MODULE_NOT_FOUND',
  requireStack: []
}
[2025-10-28T03:43:06.021Z] lib/fetch-bill-share-data.js failed with exit code 1
[2025-10-28T03:43:06.021Z] Running lib/cleanup-future-dates.js...
[2025-10-28T03:43:06.097Z] [lib/cleanup-future-dates.js] Starting data cleanup process...
[2025-10-28T03:43:06.372Z] [lib/cleanup-future-dates.js] Using WorldTimeAPI date: 2025-10-28T03:43:06.359117+00:00
[2025-10-28T03:43:06.372Z] [lib/cleanup-future-dates.js] Using reference date: 2025-10-28
[2025-10-28T03:43:06.372Z] [lib/cleanup-future-dates.js] Processing MOVE index data (/home/runner/work/liquiditydashboard/liquiditydashboard/web/public/series/move.json)...
[2025-10-28T03:43:06.373Z] [lib/cleanup-future-dates.js] Loaded 111 MOVE index data points
[2025-10-28T03:43:06.373Z] [lib/cleanup-future-dates.js] No future-dated entries found in MOVE index data

Processing SRF data (/home/runner/work/liquiditydashboard/liquiditydashboard/web/public/series/srf.json)...
[2025-10-28T03:43:06.374Z] [lib/cleanup-future-dates.js] Loaded 1017 SRF data points
[2025-10-28T03:43:06.375Z] [lib/cleanup-future-dates.js] No future-dated entries found in SRF data
[2025-10-28T03:43:06.375Z] [lib/cleanup-future-dates.js] Processing Treasury bill share data (/home/runner/work/liquiditydashboard/liquiditydashboard/web/public/series/bill-share.json)...
[2025-10-28T03:43:06.375Z] [lib/cleanup-future-dates.js] Loaded 282 Treasury bill share data points
[2025-10-28T03:43:06.376Z] [lib/cleanup-future-dates.js] No future-dated entries found in Treasury bill share data
[2025-10-28T03:43:06.376Z] [lib/cleanup-future-dates.js] Cleanup complete! Removed 0 future-dated entries in total.
Data cleanup completed with no changes needed
[2025-10-28T03:43:06.379Z] lib/cleanup-future-dates.js completed successfully
[2025-10-28T03:43:06.379Z] Running lib/validate-data.js...
[2025-10-28T03:43:06.454Z] [lib/validate-data.js] Running data validation...
[2025-10-28T03:43:06.455Z] [lib/validate-data.js] Validating MOVE index data...
[2025-10-28T03:43:06.455Z] [lib/validate-data.js] Found 111 MOVE data points
[2025-10-28T03:43:06.563Z] [lib/validate-data.js] WorldTimeAPI failed, trying alternative source
[2025-10-28T03:43:07.006Z] [lib/validate-data.js] Using TimeAPI date: 2025-10-28T03:43:06.9574831
[2025-10-28T03:43:07.006Z] [lib/validate-data.js] Using reference date: 2025-10-28
[2025-10-28T03:43:07.007Z] [lib/validate-data.js] MOVE index data validation passed ✓
[2025-10-28T03:43:07.007Z] [lib/validate-data.js] Validating SRF data...
[2025-10-28T03:43:07.008Z] [lib/validate-data.js] Found 1017 SRF data points
[2025-10-28T03:43:07.219Z] [lib/validate-data.js] Using WorldTimeAPI date: 2025-10-28T03:43:07.210022+00:00
[2025-10-28T03:43:07.221Z] [lib/validate-data.js] SRF data validation passed ✓
[2025-10-28T03:43:07.221Z] [lib/validate-data.js] Validating Treasury funding data...
[2025-10-28T03:43:07.221Z] [lib/validate-data.js] Found 282 Treasury funding data points
[2025-10-28T03:43:07.221Z] [lib/validate-data.js] Treasury funding data validation passed ✓
[2025-10-28T03:43:07.222Z] [lib/validate-data.js] All data validation passed ✓
[2025-10-28T03:43:07.225Z] lib/validate-data.js completed successfully
[2025-10-28T03:43:07.225Z] Dashboard update process completed successfully
