[2026-03-03T04:52:38.292Z] Starting Liquidity Dashboard update process
[2026-03-03T04:52:38.294Z] Running lib/data-backup.js...
[2026-03-03T04:52:38.326Z] [lib/data-backup.js] ERROR: node:internal/modules/cjs/loader:1031
  throw err;
  ^

Error: Cannot find module '/home/runner/work/liquiditydashboard/liquiditydashboard/web/lib/data-backup.js'
    at Function.Module._resolveFilename (node:internal/modules/cjs/loader:1028:15)
    at Function.Module._load (node:internal/modules/cjs/loader:873:27)
    at Function.executeUserEntryPoint [as runMain] (node:internal/modules/run_main:81:12)
    at node:internal/main/run_main_module:22:47 {
  code: 'MODULE_NOT_FOUND',
  requireStack: []
}
[2026-03-03T04:52:38.329Z] lib/data-backup.js failed with exit code 1
[2026-03-03T04:52:38.329Z] Running lib/data-backup.js clean...
[2026-03-03T04:52:38.358Z] [lib/data-backup.js clean] ERROR: node:internal/modules/cjs/loader:1031
  throw err;
  ^

Error: Cannot find module '/home/runner/work/liquiditydashboard/liquiditydashboard/web/lib/data-backup.js'
    at Function.Module._resolveFilename (node:internal/modules/cjs/loader:1028:15)
    at Function.Module._load (node:internal/modules/cjs/loader:873:27)
    at Function.executeUserEntryPoint [as runMain] (node:internal/modules/run_main:81:12)
    at node:internal/main/run_main_module:22:47 {
  code: 'MODULE_NOT_FOUND',
  requireStack: []
}
[2026-03-03T04:52:38.360Z] lib/data-backup.js clean failed with exit code 1
[2026-03-03T04:52:38.360Z] Running lib/import-historical-move-data.js...
[2026-03-03T04:52:38.390Z] [lib/import-historical-move-data.js] ERROR: node:internal/modules/cjs/loader:1031
  throw err;
  ^

Error: Cannot find module '/home/runner/work/liquiditydashboard/liquiditydashboard/web/lib/import-historical-move-data.js'
    at Function.Module._resolveFilename (node:internal/modules/cjs/loader:1028:15)
    at Function.Module._load (node:internal/modules/cjs/loader:873:27)
    at Function.executeUserEntryPoint [as runMain] (node:internal/modules/run_main:81:12)
    at node:internal/main/run_main_module:22:47 {
  code: 'MODULE_NOT_FOUND',
  requireStack: []
}
[2026-03-03T04:52:38.392Z] lib/import-historical-move-data.js failed with exit code 1
[2026-03-03T04:52:38.393Z] Running lib/fetch-move-data.js...
[2026-03-03T04:52:38.422Z] [lib/fetch-move-data.js] ERROR: node:internal/modules/cjs/loader:1031
  throw err;
  ^

Error: Cannot find module '/home/runner/work/liquiditydashboard/liquiditydashboard/web/lib/fetch-move-data.js'
    at Function.Module._resolveFilename (node:internal/modules/cjs/loader:1028:15)
    at Function.Module._load (node:internal/modules/cjs/loader:873:27)
    at Function.executeUserEntryPoint [as runMain] (node:internal/modules/run_main:81:12)
    at node:internal/main/run_main_module:22:47 {
  code: 'MODULE_NOT_FOUND',
  requireStack: []
}
[2026-03-03T04:52:38.424Z] lib/fetch-move-data.js failed with exit code 1
[2026-03-03T04:52:38.424Z] Running lib/fetch-srf-data.js...
[2026-03-03T04:52:38.459Z] [lib/fetch-srf-data.js] ERROR: node:internal/modules/cjs/loader:1031
  throw err;
  ^

Error: Cannot find module '/home/runner/work/liquiditydashboard/liquiditydashboard/web/lib/fetch-srf-data.js'
    at Function.Module._resolveFilename (node:internal/modules/cjs/loader:1028:15)
    at Function.Module._load (node:internal/modules/cjs/loader:873:27)
    at Function.executeUserEntryPoint [as runMain] (node:internal/modules/run_main:81:12)
    at node:internal/main/run_main_module:22:47 {
  code: 'MODULE_NOT_FOUND',
  requireStack: []
}
[2026-03-03T04:52:38.461Z] lib/fetch-srf-data.js failed with exit code 1
[2026-03-03T04:52:38.462Z] Running lib/fetch-bill-share-data.js...
[2026-03-03T04:52:38.492Z] [lib/fetch-bill-share-data.js] ERROR: node:internal/modules/cjs/loader:1031
  throw err;
  ^

Error: Cannot find module '/home/runner/work/liquiditydashboard/liquiditydashboard/web/lib/fetch-bill-share-data.js'
    at Function.Module._resolveFilename (node:internal/modules/cjs/loader:1028:15)
    at Function.Module._load (node:internal/modules/cjs/loader:873:27)
    at Function.executeUserEntryPoint [as runMain] (node:internal/modules/run_main:81:12)
    at node:internal/main/run_main_module:22:47 {
  code: 'MODULE_NOT_FOUND',
  requireStack: []
}
[2026-03-03T04:52:38.494Z] lib/fetch-bill-share-data.js failed with exit code 1
[2026-03-03T04:52:38.494Z] Running lib/cleanup-future-dates.js...
[2026-03-03T04:52:38.581Z] [lib/cleanup-future-dates.js] Starting data cleanup process...
[2026-03-03T04:52:39.536Z] [lib/cleanup-future-dates.js] WorldTimeAPI failed, trying alternative source
[2026-03-03T04:52:40.175Z] [lib/cleanup-future-dates.js] Using TimeAPI date: 2026-03-03T04:52:39.86011
[2026-03-03T04:52:40.176Z] [lib/cleanup-future-dates.js] Using reference date: 2026-3-3

Processing MOVE index data (/home/runner/work/liquiditydashboard/liquiditydashboard/web/public/series/move.json)...
[2026-03-03T04:52:40.176Z] [lib/cleanup-future-dates.js] Loaded 111 MOVE index data points
[2026-03-03T04:52:40.176Z] [lib/cleanup-future-dates.js] No future-dated entries found in MOVE index data
[2026-03-03T04:52:40.177Z] [lib/cleanup-future-dates.js] Processing SRF data (/home/runner/work/liquiditydashboard/liquiditydashboard/web/public/series/srf.json)...
[2026-03-03T04:52:40.177Z] [lib/cleanup-future-dates.js] Loaded 1017 SRF data points
[2026-03-03T04:52:40.178Z] [lib/cleanup-future-dates.js] No future-dated entries found in SRF data
[2026-03-03T04:52:40.179Z] [lib/cleanup-future-dates.js] Processing Treasury bill share data (/home/runner/work/liquiditydashboard/liquiditydashboard/web/public/series/bill-share.json)...
[2026-03-03T04:52:40.179Z] [lib/cleanup-future-dates.js] Loaded 282 Treasury bill share data points
[2026-03-03T04:52:40.179Z] [lib/cleanup-future-dates.js] No future-dated entries found in Treasury bill share data
[2026-03-03T04:52:40.179Z] [lib/cleanup-future-dates.js] Cleanup complete! Removed 0 future-dated entries in total.
[2026-03-03T04:52:40.180Z] [lib/cleanup-future-dates.js] Data cleanup completed with no changes needed
[2026-03-03T04:52:40.183Z] lib/cleanup-future-dates.js completed successfully
[2026-03-03T04:52:40.183Z] Running lib/validate-data.js...
[2026-03-03T04:52:40.260Z] [lib/validate-data.js] Running data validation...
[2026-03-03T04:52:40.260Z] [lib/validate-data.js] Validating MOVE index data...
[2026-03-03T04:52:40.261Z] [lib/validate-data.js] Found 111 MOVE data points
[2026-03-03T04:52:40.314Z] [lib/validate-data.js] WorldTimeAPI failed, trying alternative source
[2026-03-03T04:52:40.838Z] [lib/validate-data.js] Using TimeAPI date: 2026-03-03T04:52:40.5185255
[2026-03-03T04:52:40.838Z] [lib/validate-data.js] Using reference date: 2026-3-3
[2026-03-03T04:52:40.839Z] [lib/validate-data.js] MOVE index data validation passed ✓
[2026-03-03T04:52:40.840Z] [lib/validate-data.js] Validating SRF data...
[2026-03-03T04:52:40.840Z] [lib/validate-data.js] Found 1017 SRF data points
[2026-03-03T04:52:40.895Z] [lib/validate-data.js] WorldTimeAPI failed, trying alternative source
[2026-03-03T04:52:41.395Z] [lib/validate-data.js] Using TimeAPI date: 2026-03-03T04:52:41.0809715
[2026-03-03T04:52:41.397Z] [lib/validate-data.js] SRF data validation passed ✓
[2026-03-03T04:52:41.397Z] [lib/validate-data.js] Validating Treasury funding data...
[2026-03-03T04:52:41.398Z] [lib/validate-data.js] Found 282 Treasury funding data points
[2026-03-03T04:52:41.398Z] [lib/validate-data.js] Treasury funding data validation passed ✓
[2026-03-03T04:52:41.398Z] [lib/validate-data.js] All data validation passed ✓
[2026-03-03T04:52:41.401Z] lib/validate-data.js completed successfully
[2026-03-03T04:52:41.402Z] Dashboard update process completed successfully
