[2025-05-27T03:46:07.769Z] Starting Liquidity Dashboard update process
[2025-05-27T03:46:07.771Z] Running lib/data-backup.js...
[2025-05-27T03:46:07.802Z] [lib/data-backup.js] ERROR: node:internal/modules/cjs/loader:1031
  throw err;
  ^

Error: Cannot find module '/home/runner/work/liquiditydashboard/liquiditydashboard/web/lib/data-backup.js'
    at Function.Module._resolveFilename (node:internal/modules/cjs/loader:1028:15)
    at Function.Module._load (node:internal/modules/cjs/loader:873:27)
    at Function.executeUserEntryPoint [as runMain] (node:internal/modules/run_main:81:12)
    at node:internal/main/run_main_module:22:47 {
  code: 'MODULE_NOT_FOUND',
  requireStack: []
}
[2025-05-27T03:46:07.804Z] lib/data-backup.js failed with exit code 1
[2025-05-27T03:46:07.805Z] Running lib/data-backup.js clean...
[2025-05-27T03:46:07.834Z] [lib/data-backup.js clean] ERROR: node:internal/modules/cjs/loader:1031
  throw err;
  ^

Error: Cannot find module '/home/runner/work/liquiditydashboard/liquiditydashboard/web/lib/data-backup.js'
    at Function.Module._resolveFilename (node:internal/modules/cjs/loader:1028:15)
    at Function.Module._load (node:internal/modules/cjs/loader:873:27)
    at Function.executeUserEntryPoint [as runMain] (node:internal/modules/run_main:81:12)
    at node:internal/main/run_main_module:22:47 {
  code: 'MODULE_NOT_FOUND',
  requireStack: []
}
[2025-05-27T03:46:07.836Z] lib/data-backup.js clean failed with exit code 1
[2025-05-27T03:46:07.836Z] Running lib/import-historical-move-data.js...
[2025-05-27T03:46:07.866Z] [lib/import-historical-move-data.js] ERROR: node:internal/modules/cjs/loader:1031
  throw err;
  ^

Error: Cannot find module '/home/runner/work/liquiditydashboard/liquiditydashboard/web/lib/import-historical-move-data.js'
    at Function.Module._resolveFilename (node:internal/modules/cjs/loader:1028:15)
    at Function.Module._load (node:internal/modules/cjs/loader:873:27)
    at Function.executeUserEntryPoint [as runMain] (node:internal/modules/run_main:81:12)
    at node:internal/main/run_main_module:22:47 {
  code: 'MODULE_NOT_FOUND',
  requireStack: []
}
[2025-05-27T03:46:07.868Z] lib/import-historical-move-data.js failed with exit code 1
[2025-05-27T03:46:07.868Z] Running lib/fetch-move-data.js...
[2025-05-27T03:46:07.898Z] [lib/fetch-move-data.js] ERROR: node:internal/modules/cjs/loader:1031
  throw err;
  ^

Error: Cannot find module '/home/runner/work/liquiditydashboard/liquiditydashboard/web/lib/fetch-move-data.js'
    at Function.Module._resolveFilename (node:internal/modules/cjs/loader:1028:15)
    at Function.Module._load (node:internal/modules/cjs/loader:873:27)
    at Function.executeUserEntryPoint [as runMain] (node:internal/modules/run_main:81:12)
    at node:internal/main/run_main_module:22:47 {
  code: 'MODULE_NOT_FOUND',
  requireStack: []
}
[2025-05-27T03:46:07.900Z] lib/fetch-move-data.js failed with exit code 1
[2025-05-27T03:46:07.900Z] Running lib/fetch-srf-data.js...
[2025-05-27T03:46:07.929Z] [lib/fetch-srf-data.js] ERROR: node:internal/modules/cjs/loader:1031
  throw err;
  ^

Error: Cannot find module '/home/runner/work/liquiditydashboard/liquiditydashboard/web/lib/fetch-srf-data.js'
    at Function.Module._resolveFilename (node:internal/modules/cjs/loader:1028:15)
    at Function.Module._load (node:internal/modules/cjs/loader:873:27)
    at Function.executeUserEntryPoint [as runMain] (node:internal/modules/run_main:81:12)
    at node:internal/main/run_main_module:22:47 {
  code: 'MODULE_NOT_FOUND',
  requireStack: []
}
[2025-05-27T03:46:07.931Z] lib/fetch-srf-data.js failed with exit code 1
[2025-05-27T03:46:07.932Z] Running lib/fetch-bill-share-data.js...
[2025-05-27T03:46:07.960Z] [lib/fetch-bill-share-data.js] ERROR: node:internal/modules/cjs/loader:1031
  throw err;
  ^

Error: Cannot find module '/home/runner/work/liquiditydashboard/liquiditydashboard/web/lib/fetch-bill-share-data.js'
    at Function.Module._resolveFilename (node:internal/modules/cjs/loader:1028:15)
    at Function.Module._load (node:internal/modules/cjs/loader:873:27)
    at Function.executeUserEntryPoint [as runMain] (node:internal/modules/run_main:81:12)
    at node:internal/main/run_main_module:22:47 {
  code: 'MODULE_NOT_FOUND',
  requireStack: []
}
[2025-05-27T03:46:07.963Z] lib/fetch-bill-share-data.js failed with exit code 1
[2025-05-27T03:46:07.963Z] Running lib/cleanup-future-dates.js...
[2025-05-27T03:46:08.040Z] [lib/cleanup-future-dates.js] Starting data cleanup process...
[2025-05-27T03:46:08.534Z] [lib/cleanup-future-dates.js] Using WorldTimeAPI date: 2025-05-27T03:46:08.521219+00:00
[2025-05-27T03:46:08.534Z] [lib/cleanup-future-dates.js] Using reference date: 2025-5-27
[2025-05-27T03:46:08.535Z] [lib/cleanup-future-dates.js] Processing MOVE index data (/home/runner/work/liquiditydashboard/liquiditydashboard/web/public/series/move.json)...
[2025-05-27T03:46:08.535Z] [lib/cleanup-future-dates.js] Loaded 111 MOVE index data points
[2025-05-27T03:46:08.535Z] [lib/cleanup-future-dates.js] No future-dated entries found in MOVE index data
[2025-05-27T03:46:08.535Z] [lib/cleanup-future-dates.js] Processing SRF data (/home/runner/work/liquiditydashboard/liquiditydashboard/web/public/series/srf.json)...
[2025-05-27T03:46:08.536Z] [lib/cleanup-future-dates.js] Loaded 1017 SRF data points
[2025-05-27T03:46:08.537Z] [lib/cleanup-future-dates.js] No future-dated entries found in SRF data
[2025-05-27T03:46:08.537Z] [lib/cleanup-future-dates.js] Processing Treasury bill share data (/home/runner/work/liquiditydashboard/liquiditydashboard/web/public/series/bill-share.json)...
[2025-05-27T03:46:08.537Z] [lib/cleanup-future-dates.js] Loaded 282 Treasury bill share data points
[2025-05-27T03:46:08.538Z] [lib/cleanup-future-dates.js] No future-dated entries found in Treasury bill share data
[2025-05-27T03:46:08.538Z] [lib/cleanup-future-dates.js] Cleanup complete! Removed 0 future-dated entries in total.
Data cleanup completed with no changes needed
[2025-05-27T03:46:08.541Z] lib/cleanup-future-dates.js completed successfully
[2025-05-27T03:46:08.541Z] Running lib/validate-data.js...
[2025-05-27T03:46:08.615Z] [lib/validate-data.js] Running data validation...
[2025-05-27T03:46:08.616Z] [lib/validate-data.js] Validating MOVE index data...
[2025-05-27T03:46:08.616Z] [lib/validate-data.js] Found 111 MOVE data points
[2025-05-27T03:46:08.646Z] [lib/validate-data.js] WorldTimeAPI failed, trying alternative source
[2025-05-27T03:46:09.540Z] [lib/validate-data.js] Using TimeAPI date: 2025-05-27T03:46:09.4563823
[2025-05-27T03:46:09.540Z] [lib/validate-data.js] Using reference date: 2025-5-27
[2025-05-27T03:46:09.540Z] [lib/validate-data.js] MOVE index data validation passed ✓
[2025-05-27T03:46:09.540Z] [lib/validate-data.js] Validating SRF data...
[2025-05-27T03:46:09.541Z] [lib/validate-data.js] Found 1017 SRF data points
[2025-05-27T03:46:09.690Z] [lib/validate-data.js] Using WorldTimeAPI date: 2025-05-27T03:46:09.683455+00:00
[2025-05-27T03:46:09.692Z] [lib/validate-data.js] SRF data validation passed ✓
[2025-05-27T03:46:09.692Z] [lib/validate-data.js] Validating Treasury funding data...
[2025-05-27T03:46:09.692Z] [lib/validate-data.js] Found 282 Treasury funding data points
[2025-05-27T03:46:09.692Z] [lib/validate-data.js] Treasury funding data validation passed ✓
[2025-05-27T03:46:09.692Z] [lib/validate-data.js] All data validation passed ✓
[2025-05-27T03:46:09.696Z] lib/validate-data.js completed successfully
[2025-05-27T03:46:09.696Z] Dashboard update process completed successfully
