[2025-12-27T03:58:00.186Z] Starting Liquidity Dashboard update process
[2025-12-27T03:58:00.188Z] Running lib/data-backup.js...
[2025-12-27T03:58:00.218Z] [lib/data-backup.js] ERROR: node:internal/modules/cjs/loader:1031
  throw err;
  ^

Error: Cannot find module '/home/runner/work/liquiditydashboard/liquiditydashboard/web/lib/data-backup.js'
    at Function.Module._resolveFilename (node:internal/modules/cjs/loader:1028:15)
    at Function.Module._load (node:internal/modules/cjs/loader:873:27)
    at Function.executeUserEntryPoint [as runMain] (node:internal/modules/run_main:81:12)
    at node:internal/main/run_main_module:22:47 {
  code: 'MODULE_NOT_FOUND',
  requireStack: []
}
[2025-12-27T03:58:00.221Z] lib/data-backup.js failed with exit code 1
[2025-12-27T03:58:00.222Z] Running lib/data-backup.js clean...
[2025-12-27T03:58:00.251Z] [lib/data-backup.js clean] ERROR: node:internal/modules/cjs/loader:1031
  throw err;
  ^

Error: Cannot find module '/home/runner/work/liquiditydashboard/liquiditydashboard/web/lib/data-backup.js'
    at Function.Module._resolveFilename (node:internal/modules/cjs/loader:1028:15)
    at Function.Module._load (node:internal/modules/cjs/loader:873:27)
    at Function.executeUserEntryPoint [as runMain] (node:internal/modules/run_main:81:12)
    at node:internal/main/run_main_module:22:47 {
  code: 'MODULE_NOT_FOUND',
  requireStack: []
}
[2025-12-27T03:58:00.254Z] lib/data-backup.js clean failed with exit code 1
[2025-12-27T03:58:00.254Z] Running lib/import-historical-move-data.js...
[2025-12-27T03:58:00.283Z] [lib/import-historical-move-data.js] ERROR: node:internal/modules/cjs/loader:1031
  throw err;
  ^

Error: Cannot find module '/home/runner/work/liquiditydashboard/liquiditydashboard/web/lib/import-historical-move-data.js'
    at Function.Module._resolveFilename (node:internal/modules/cjs/loader:1028:15)
    at Function.Module._load (node:internal/modules/cjs/loader:873:27)
    at Function.executeUserEntryPoint [as runMain] (node:internal/modules/run_main:81:12)
    at node:internal/main/run_main_module:22:47 {
  code: 'MODULE_NOT_FOUND',
  requireStack: []
}
[2025-12-27T03:58:00.285Z] lib/import-historical-move-data.js failed with exit code 1
[2025-12-27T03:58:00.285Z] Running lib/fetch-move-data.js...
[2025-12-27T03:58:00.315Z] [lib/fetch-move-data.js] ERROR: node:internal/modules/cjs/loader:1031
  throw err;
  ^

Error: Cannot find module '/home/runner/work/liquiditydashboard/liquiditydashboard/web/lib/fetch-move-data.js'
    at Function.Module._resolveFilename (node:internal/modules/cjs/loader:1028:15)
    at Function.Module._load (node:internal/modules/cjs/loader:873:27)
    at Function.executeUserEntryPoint [as runMain] (node:internal/modules/run_main:81:12)
    at node:internal/main/run_main_module:22:47 {
  code: 'MODULE_NOT_FOUND',
  requireStack: []
}
[2025-12-27T03:58:00.317Z] lib/fetch-move-data.js failed with exit code 1
[2025-12-27T03:58:00.317Z] Running lib/fetch-srf-data.js...
[2025-12-27T03:58:00.347Z] [lib/fetch-srf-data.js] ERROR: node:internal/modules/cjs/loader:1031
  throw err;
  ^

Error: Cannot find module '/home/runner/work/liquiditydashboard/liquiditydashboard/web/lib/fetch-srf-data.js'
    at Function.Module._resolveFilename (node:internal/modules/cjs/loader:1028:15)
    at Function.Module._load (node:internal/modules/cjs/loader:873:27)
    at Function.executeUserEntryPoint [as runMain] (node:internal/modules/run_main:81:12)
    at node:internal/main/run_main_module:22:47 {
  code: 'MODULE_NOT_FOUND',
  requireStack: []
}
[2025-12-27T03:58:00.350Z] lib/fetch-srf-data.js failed with exit code 1
[2025-12-27T03:58:00.351Z] Running lib/fetch-bill-share-data.js...
[2025-12-27T03:58:00.380Z] [lib/fetch-bill-share-data.js] ERROR: node:internal/modules/cjs/loader:1031
  throw err;
  ^

Error: Cannot find module '/home/runner/work/liquiditydashboard/liquiditydashboard/web/lib/fetch-bill-share-data.js'
    at Function.Module._resolveFilename (node:internal/modules/cjs/loader:1028:15)
    at Function.Module._load (node:internal/modules/cjs/loader:873:27)
    at Function.executeUserEntryPoint [as runMain] (node:internal/modules/run_main:81:12)
    at node:internal/main/run_main_module:22:47 {
  code: 'MODULE_NOT_FOUND',
  requireStack: []
}
[2025-12-27T03:58:00.383Z] lib/fetch-bill-share-data.js failed with exit code 1
[2025-12-27T03:58:00.383Z] Running lib/cleanup-future-dates.js...
[2025-12-27T03:58:00.462Z] [lib/cleanup-future-dates.js] Starting data cleanup process...
[2025-12-27T03:58:00.586Z] [lib/cleanup-future-dates.js] WorldTimeAPI failed, trying alternative source
[2025-12-27T03:58:26.251Z] [lib/cleanup-future-dates.js] Using TimeAPI date: 2025-12-27T03:58:26.1554083
[2025-12-27T03:58:26.251Z] [lib/cleanup-future-dates.js] Using reference date: 2025-12-27
[2025-12-27T03:58:26.251Z] [lib/cleanup-future-dates.js] Processing MOVE index data (/home/runner/work/liquiditydashboard/liquiditydashboard/web/public/series/move.json)...
[2025-12-27T03:58:26.251Z] [lib/cleanup-future-dates.js] Loaded 111 MOVE index data points
[2025-12-27T03:58:26.252Z] [lib/cleanup-future-dates.js] No future-dated entries found in MOVE index data
[2025-12-27T03:58:26.252Z] [lib/cleanup-future-dates.js] Processing SRF data (/home/runner/work/liquiditydashboard/liquiditydashboard/web/public/series/srf.json)...
[2025-12-27T03:58:26.252Z] [lib/cleanup-future-dates.js] Loaded 1017 SRF data points
[2025-12-27T03:58:26.253Z] [lib/cleanup-future-dates.js] No future-dated entries found in SRF data
[2025-12-27T03:58:26.254Z] [lib/cleanup-future-dates.js] Processing Treasury bill share data (/home/runner/work/liquiditydashboard/liquiditydashboard/web/public/series/bill-share.json)...
[2025-12-27T03:58:26.254Z] [lib/cleanup-future-dates.js] Loaded 282 Treasury bill share data points
[2025-12-27T03:58:26.254Z] [lib/cleanup-future-dates.js] No future-dated entries found in Treasury bill share data
[2025-12-27T03:58:26.254Z] [lib/cleanup-future-dates.js] Cleanup complete! Removed 0 future-dated entries in total.
Data cleanup completed with no changes needed
[2025-12-27T03:58:26.257Z] lib/cleanup-future-dates.js completed successfully
[2025-12-27T03:58:26.257Z] Running lib/validate-data.js...
[2025-12-27T03:58:26.331Z] [lib/validate-data.js] Running data validation...
[2025-12-27T03:58:26.332Z] [lib/validate-data.js] Validating MOVE index data...
[2025-12-27T03:58:26.332Z] [lib/validate-data.js] Found 111 MOVE data points
[2025-12-27T03:58:26.455Z] [lib/validate-data.js] WorldTimeAPI failed, trying alternative source
[2025-12-27T03:58:51.145Z] [lib/validate-data.js] Using TimeAPI date: 2025-12-27T03:58:51.0662054
[2025-12-27T03:58:51.146Z] [lib/validate-data.js] Using reference date: 2025-12-27
[2025-12-27T03:58:51.146Z] [lib/validate-data.js] MOVE index data validation passed ✓
[2025-12-27T03:58:51.146Z] [lib/validate-data.js] Validating SRF data...
[2025-12-27T03:58:51.147Z] [lib/validate-data.js] Found 1017 SRF data points
[2025-12-27T03:58:51.175Z] [lib/validate-data.js] WorldTimeAPI failed, trying alternative source
[2025-12-27T03:59:17.036Z] [lib/validate-data.js] Using TimeAPI date: 2025-12-27T03:59:16.9599395
[2025-12-27T03:59:17.037Z] [lib/validate-data.js] SRF data validation passed ✓
[2025-12-27T03:59:17.037Z] [lib/validate-data.js] Validating Treasury funding data...
[2025-12-27T03:59:17.038Z] [lib/validate-data.js] Found 282 Treasury funding data points
[2025-12-27T03:59:17.038Z] [lib/validate-data.js] Treasury funding data validation passed ✓
All data validation passed ✓
[2025-12-27T03:59:17.041Z] lib/validate-data.js completed successfully
[2025-12-27T03:59:17.042Z] Dashboard update process completed successfully
