[2026-05-09T05:52:00.435Z] Starting Liquidity Dashboard update process
[2026-05-09T05:52:00.437Z] Running lib/data-backup.js...
[2026-05-09T05:52:00.467Z] [lib/data-backup.js] ERROR: node:internal/modules/cjs/loader:1031
  throw err;
  ^

Error: Cannot find module '/home/runner/work/liquiditydashboard/liquiditydashboard/web/lib/data-backup.js'
    at Function.Module._resolveFilename (node:internal/modules/cjs/loader:1028:15)
    at Function.Module._load (node:internal/modules/cjs/loader:873:27)
    at Function.executeUserEntryPoint [as runMain] (node:internal/modules/run_main:81:12)
    at node:internal/main/run_main_module:22:47 {
  code: 'MODULE_NOT_FOUND',
  requireStack: []
}
[2026-05-09T05:52:00.469Z] lib/data-backup.js failed with exit code 1
[2026-05-09T05:52:00.469Z] Running lib/data-backup.js clean...
[2026-05-09T05:52:00.498Z] [lib/data-backup.js clean] ERROR: node:internal/modules/cjs/loader:1031
  throw err;
  ^

Error: Cannot find module '/home/runner/work/liquiditydashboard/liquiditydashboard/web/lib/data-backup.js'
    at Function.Module._resolveFilename (node:internal/modules/cjs/loader:1028:15)
    at Function.Module._load (node:internal/modules/cjs/loader:873:27)
    at Function.executeUserEntryPoint [as runMain] (node:internal/modules/run_main:81:12)
    at node:internal/main/run_main_module:22:47 {
  code: 'MODULE_NOT_FOUND',
  requireStack: []
}
[2026-05-09T05:52:00.500Z] lib/data-backup.js clean failed with exit code 1
[2026-05-09T05:52:00.500Z] Running lib/import-historical-move-data.js...
[2026-05-09T05:52:00.529Z] [lib/import-historical-move-data.js] ERROR: node:internal/modules/cjs/loader:1031
  throw err;
  ^

Error: Cannot find module '/home/runner/work/liquiditydashboard/liquiditydashboard/web/lib/import-historical-move-data.js'
    at Function.Module._resolveFilename (node:internal/modules/cjs/loader:1028:15)
    at Function.Module._load (node:internal/modules/cjs/loader:873:27)
    at Function.executeUserEntryPoint [as runMain] (node:internal/modules/run_main:81:12)
    at node:internal/main/run_main_module:22:47 {
  code: 'MODULE_NOT_FOUND',
  requireStack: []
}
[2026-05-09T05:52:00.530Z] lib/import-historical-move-data.js failed with exit code 1
[2026-05-09T05:52:00.531Z] Running lib/fetch-move-data.js...
[2026-05-09T05:52:00.560Z] [lib/fetch-move-data.js] ERROR: node:internal/modules/cjs/loader:1031
  throw err;
  ^

Error: Cannot find module '/home/runner/work/liquiditydashboard/liquiditydashboard/web/lib/fetch-move-data.js'
    at Function.Module._resolveFilename (node:internal/modules/cjs/loader:1028:15)
    at Function.Module._load (node:internal/modules/cjs/loader:873:27)
    at Function.executeUserEntryPoint [as runMain] (node:internal/modules/run_main:81:12)
    at node:internal/main/run_main_module:22:47 {
  code: 'MODULE_NOT_FOUND',
  requireStack: []
}
[2026-05-09T05:52:00.561Z] lib/fetch-move-data.js failed with exit code 1
[2026-05-09T05:52:00.561Z] Running lib/fetch-srf-data.js...
[2026-05-09T05:52:00.590Z] [lib/fetch-srf-data.js] ERROR: node:internal/modules/cjs/loader:1031
  throw err;
  ^

Error: Cannot find module '/home/runner/work/liquiditydashboard/liquiditydashboard/web/lib/fetch-srf-data.js'
    at Function.Module._resolveFilename (node:internal/modules/cjs/loader:1028:15)
    at Function.Module._load (node:internal/modules/cjs/loader:873:27)
    at Function.executeUserEntryPoint [as runMain] (node:internal/modules/run_main:81:12)
    at node:internal/main/run_main_module:22:47 {
  code: 'MODULE_NOT_FOUND',
  requireStack: []
}
[2026-05-09T05:52:00.592Z] lib/fetch-srf-data.js failed with exit code 1
[2026-05-09T05:52:00.592Z] Running lib/fetch-bill-share-data.js...
[2026-05-09T05:52:00.621Z] [lib/fetch-bill-share-data.js] ERROR: node:internal/modules/cjs/loader:1031
  throw err;
  ^

Error: Cannot find module '/home/runner/work/liquiditydashboard/liquiditydashboard/web/lib/fetch-bill-share-data.js'
    at Function.Module._resolveFilename (node:internal/modules/cjs/loader:1028:15)
    at Function.Module._load (node:internal/modules/cjs/loader:873:27)
    at Function.executeUserEntryPoint [as runMain] (node:internal/modules/run_main:81:12)
    at node:internal/main/run_main_module:22:47 {
  code: 'MODULE_NOT_FOUND',
  requireStack: []
}
[2026-05-09T05:52:00.622Z] lib/fetch-bill-share-data.js failed with exit code 1
[2026-05-09T05:52:00.622Z] Running lib/cleanup-future-dates.js...
[2026-05-09T05:52:00.699Z] [lib/cleanup-future-dates.js] Starting data cleanup process...
[2026-05-09T05:52:00.891Z] [lib/cleanup-future-dates.js] WorldTimeAPI failed, trying alternative source
[2026-05-09T05:52:01.433Z] [lib/cleanup-future-dates.js] Using TimeAPI date: 2026-05-09T05:52:00.8934369
[2026-05-09T05:52:01.433Z] [lib/cleanup-future-dates.js] Using reference date: 2026-5-9

Processing MOVE index data (/home/runner/work/liquiditydashboard/liquiditydashboard/web/public/series/move.json)...
[2026-05-09T05:52:01.433Z] [lib/cleanup-future-dates.js] Loaded 111 MOVE index data points
[2026-05-09T05:52:01.434Z] [lib/cleanup-future-dates.js] No future-dated entries found in MOVE index data
[2026-05-09T05:52:01.434Z] [lib/cleanup-future-dates.js] Processing SRF data (/home/runner/work/liquiditydashboard/liquiditydashboard/web/public/series/srf.json)...
[2026-05-09T05:52:01.434Z] [lib/cleanup-future-dates.js] Loaded 1017 SRF data points
[2026-05-09T05:52:01.436Z] [lib/cleanup-future-dates.js] No future-dated entries found in SRF data
[2026-05-09T05:52:01.436Z] [lib/cleanup-future-dates.js] Processing Treasury bill share data (/home/runner/work/liquiditydashboard/liquiditydashboard/web/public/series/bill-share.json)...
[2026-05-09T05:52:01.436Z] [lib/cleanup-future-dates.js] Loaded 282 Treasury bill share data points
[2026-05-09T05:52:01.436Z] [lib/cleanup-future-dates.js] No future-dated entries found in Treasury bill share data
[2026-05-09T05:52:01.436Z] [lib/cleanup-future-dates.js] Cleanup complete! Removed 0 future-dated entries in total.
Data cleanup completed with no changes needed
[2026-05-09T05:52:01.439Z] lib/cleanup-future-dates.js completed successfully
[2026-05-09T05:52:01.439Z] Running lib/validate-data.js...
[2026-05-09T05:52:01.516Z] [lib/validate-data.js] Running data validation...
[2026-05-09T05:52:01.517Z] [lib/validate-data.js] Validating MOVE index data...
[2026-05-09T05:52:01.517Z] [lib/validate-data.js] Found 111 MOVE data points
[2026-05-09T05:52:01.591Z] [lib/validate-data.js] WorldTimeAPI failed, trying alternative source
[2026-05-09T05:52:02.165Z] [lib/validate-data.js] Using TimeAPI date: 2026-05-09T05:52:01.622756
[2026-05-09T05:52:02.166Z] [lib/validate-data.js] Using reference date: 2026-5-9
[2026-05-09T05:52:02.166Z] [lib/validate-data.js] MOVE index data validation passed ✓
[2026-05-09T05:52:02.166Z] [lib/validate-data.js] Validating SRF data...
[2026-05-09T05:52:02.167Z] [lib/validate-data.js] Found 1017 SRF data points
[2026-05-09T05:52:02.301Z] [lib/validate-data.js] WorldTimeAPI failed, trying alternative source
[2026-05-09T05:52:02.716Z] [lib/validate-data.js] Using TimeAPI date: 2026-05-09T05:52:02.1784681
[2026-05-09T05:52:02.717Z] [lib/validate-data.js] SRF data validation passed ✓
[2026-05-09T05:52:02.718Z] [lib/validate-data.js] Validating Treasury funding data...
[2026-05-09T05:52:02.718Z] [lib/validate-data.js] Found 282 Treasury funding data points
[2026-05-09T05:52:02.718Z] [lib/validate-data.js] Treasury funding data validation passed ✓
[2026-05-09T05:52:02.718Z] [lib/validate-data.js] All data validation passed ✓
[2026-05-09T05:52:02.721Z] lib/validate-data.js completed successfully
[2026-05-09T05:52:02.721Z] Dashboard update process completed successfully
