[2025-07-15T04:02:36.100Z] Starting Liquidity Dashboard update process
[2025-07-15T04:02:36.102Z] Running lib/data-backup.js...
[2025-07-15T04:02:36.132Z] [lib/data-backup.js] ERROR: node:internal/modules/cjs/loader:1031
  throw err;
  ^

Error: Cannot find module '/home/runner/work/liquiditydashboard/liquiditydashboard/web/lib/data-backup.js'
    at Function.Module._resolveFilename (node:internal/modules/cjs/loader:1028:15)
    at Function.Module._load (node:internal/modules/cjs/loader:873:27)
    at Function.executeUserEntryPoint [as runMain] (node:internal/modules/run_main:81:12)
    at node:internal/main/run_main_module:22:47 {
  code: 'MODULE_NOT_FOUND',
  requireStack: []
}
[2025-07-15T04:02:36.135Z] lib/data-backup.js failed with exit code 1
[2025-07-15T04:02:36.135Z] Running lib/data-backup.js clean...
[2025-07-15T04:02:36.165Z] [lib/data-backup.js clean] ERROR: node:internal/modules/cjs/loader:1031
  throw err;
  ^

Error: Cannot find module '/home/runner/work/liquiditydashboard/liquiditydashboard/web/lib/data-backup.js'
    at Function.Module._resolveFilename (node:internal/modules/cjs/loader:1028:15)
    at Function.Module._load (node:internal/modules/cjs/loader:873:27)
    at Function.executeUserEntryPoint [as runMain] (node:internal/modules/run_main:81:12)
    at node:internal/main/run_main_module:22:47 {
  code: 'MODULE_NOT_FOUND',
  requireStack: []
}
[2025-07-15T04:02:36.167Z] lib/data-backup.js clean failed with exit code 1
[2025-07-15T04:02:36.167Z] Running lib/import-historical-move-data.js...
[2025-07-15T04:02:36.196Z] [lib/import-historical-move-data.js] ERROR: node:internal/modules/cjs/loader:1031
  throw err;
  ^

Error: Cannot find module '/home/runner/work/liquiditydashboard/liquiditydashboard/web/lib/import-historical-move-data.js'
    at Function.Module._resolveFilename (node:internal/modules/cjs/loader:1028:15)
    at Function.Module._load (node:internal/modules/cjs/loader:873:27)
    at Function.executeUserEntryPoint [as runMain] (node:internal/modules/run_main:81:12)
    at node:internal/main/run_main_module:22:47 {
  code: 'MODULE_NOT_FOUND',
  requireStack: []
}
[2025-07-15T04:02:36.198Z] lib/import-historical-move-data.js failed with exit code 1
[2025-07-15T04:02:36.198Z] Running lib/fetch-move-data.js...
[2025-07-15T04:02:36.227Z] [lib/fetch-move-data.js] ERROR: node:internal/modules/cjs/loader:1031
  throw err;
  ^

Error: Cannot find module '/home/runner/work/liquiditydashboard/liquiditydashboard/web/lib/fetch-move-data.js'
    at Function.Module._resolveFilename (node:internal/modules/cjs/loader:1028:15)
    at Function.Module._load (node:internal/modules/cjs/loader:873:27)
    at Function.executeUserEntryPoint [as runMain] (node:internal/modules/run_main:81:12)
    at node:internal/main/run_main_module:22:47 {
  code: 'MODULE_NOT_FOUND',
  requireStack: []
}
[2025-07-15T04:02:36.229Z] lib/fetch-move-data.js failed with exit code 1
[2025-07-15T04:02:36.229Z] Running lib/fetch-srf-data.js...
[2025-07-15T04:02:36.263Z] [lib/fetch-srf-data.js] ERROR: node:internal/modules/cjs/loader:1031
  throw err;
  ^

Error: Cannot find module '/home/runner/work/liquiditydashboard/liquiditydashboard/web/lib/fetch-srf-data.js'
    at Function.Module._resolveFilename (node:internal/modules/cjs/loader:1028:15)
    at Function.Module._load (node:internal/modules/cjs/loader:873:27)
    at Function.executeUserEntryPoint [as runMain] (node:internal/modules/run_main:81:12)
    at node:internal/main/run_main_module:22:47 {
  code: 'MODULE_NOT_FOUND',
  requireStack: []
}
[2025-07-15T04:02:36.266Z] lib/fetch-srf-data.js failed with exit code 1
[2025-07-15T04:02:36.266Z] Running lib/fetch-bill-share-data.js...
[2025-07-15T04:02:36.296Z] [lib/fetch-bill-share-data.js] ERROR: node:internal/modules/cjs/loader:1031
  throw err;
  ^

Error: Cannot find module '/home/runner/work/liquiditydashboard/liquiditydashboard/web/lib/fetch-bill-share-data.js'
    at Function.Module._resolveFilename (node:internal/modules/cjs/loader:1028:15)
    at Function.Module._load (node:internal/modules/cjs/loader:873:27)
    at Function.executeUserEntryPoint [as runMain] (node:internal/modules/run_main:81:12)
    at node:internal/main/run_main_module:22:47 {
  code: 'MODULE_NOT_FOUND',
  requireStack: []
}
[2025-07-15T04:02:36.299Z] lib/fetch-bill-share-data.js failed with exit code 1
[2025-07-15T04:02:36.299Z] Running lib/cleanup-future-dates.js...
[2025-07-15T04:02:36.378Z] [lib/cleanup-future-dates.js] Starting data cleanup process...
[2025-07-15T04:02:36.422Z] [lib/cleanup-future-dates.js] WorldTimeAPI failed, trying alternative source
[2025-07-15T04:02:37.172Z] [lib/cleanup-future-dates.js] Using TimeAPI date: 2025-07-15T04:02:37.0983684
[2025-07-15T04:02:37.172Z] [lib/cleanup-future-dates.js] Using reference date: 2025-7-15

Processing MOVE index data (/home/runner/work/liquiditydashboard/liquiditydashboard/web/public/series/move.json)...
[2025-07-15T04:02:37.173Z] [lib/cleanup-future-dates.js] Loaded 111 MOVE index data points
[2025-07-15T04:02:37.173Z] [lib/cleanup-future-dates.js] No future-dated entries found in MOVE index data
[2025-07-15T04:02:37.174Z] [lib/cleanup-future-dates.js] Processing SRF data (/home/runner/work/liquiditydashboard/liquiditydashboard/web/public/series/srf.json)...
[2025-07-15T04:02:37.174Z] [lib/cleanup-future-dates.js] Loaded 1017 SRF data points
[2025-07-15T04:02:37.175Z] [lib/cleanup-future-dates.js] No future-dated entries found in SRF data
[2025-07-15T04:02:37.175Z] [lib/cleanup-future-dates.js] Processing Treasury bill share data (/home/runner/work/liquiditydashboard/liquiditydashboard/web/public/series/bill-share.json)...
[2025-07-15T04:02:37.176Z] [lib/cleanup-future-dates.js] Loaded 282 Treasury bill share data points
No future-dated entries found in Treasury bill share data

Cleanup complete! Removed 0 future-dated entries in total.
[2025-07-15T04:02:37.176Z] [lib/cleanup-future-dates.js] Data cleanup completed with no changes needed
[2025-07-15T04:02:37.180Z] lib/cleanup-future-dates.js completed successfully
[2025-07-15T04:02:37.180Z] Running lib/validate-data.js...
[2025-07-15T04:02:37.254Z] [lib/validate-data.js] Running data validation...
[2025-07-15T04:02:37.255Z] [lib/validate-data.js] Validating MOVE index data...
[2025-07-15T04:02:37.255Z] [lib/validate-data.js] Found 111 MOVE data points
[2025-07-15T04:02:37.284Z] [lib/validate-data.js] WorldTimeAPI failed, trying alternative source
[2025-07-15T04:02:37.767Z] [lib/validate-data.js] Using TimeAPI date: 2025-07-15T04:02:37.6925523
[2025-07-15T04:02:37.767Z] [lib/validate-data.js] Using reference date: 2025-7-15
[2025-07-15T04:02:37.768Z] [lib/validate-data.js] MOVE index data validation passed ✓
[2025-07-15T04:02:37.768Z] [lib/validate-data.js] Validating SRF data...
[2025-07-15T04:02:37.768Z] [lib/validate-data.js] Found 1017 SRF data points
[2025-07-15T04:02:37.792Z] [lib/validate-data.js] WorldTimeAPI failed, trying alternative source
[2025-07-15T04:02:38.415Z] [lib/validate-data.js] Using TimeAPI date: 2025-07-15T04:02:38.3459023
[2025-07-15T04:02:38.417Z] [lib/validate-data.js] SRF data validation passed ✓
[2025-07-15T04:02:38.417Z] [lib/validate-data.js] Validating Treasury funding data...
[2025-07-15T04:02:38.417Z] [lib/validate-data.js] Found 282 Treasury funding data points
[2025-07-15T04:02:38.418Z] [lib/validate-data.js] Treasury funding data validation passed ✓
[2025-07-15T04:02:38.418Z] [lib/validate-data.js] All data validation passed ✓
[2025-07-15T04:02:38.421Z] lib/validate-data.js completed successfully
[2025-07-15T04:02:38.421Z] Dashboard update process completed successfully
