[2026-02-21T04:42:17.504Z] Starting Liquidity Dashboard update process
[2026-02-21T04:42:17.505Z] Running lib/data-backup.js...
[2026-02-21T04:42:17.534Z] [lib/data-backup.js] ERROR: node:internal/modules/cjs/loader:1031
  throw err;
  ^

Error: Cannot find module '/home/runner/work/liquiditydashboard/liquiditydashboard/web/lib/data-backup.js'
    at Function.Module._resolveFilename (node:internal/modules/cjs/loader:1028:15)
    at Function.Module._load (node:internal/modules/cjs/loader:873:27)
    at Function.executeUserEntryPoint [as runMain] (node:internal/modules/run_main:81:12)
    at node:internal/main/run_main_module:22:47 {
  code: 'MODULE_NOT_FOUND',
  requireStack: []
}
[2026-02-21T04:42:17.537Z] lib/data-backup.js failed with exit code 1
[2026-02-21T04:42:17.537Z] Running lib/data-backup.js clean...
[2026-02-21T04:42:17.566Z] [lib/data-backup.js clean] ERROR: node:internal/modules/cjs/loader:1031
  throw err;
  ^

Error: Cannot find module '/home/runner/work/liquiditydashboard/liquiditydashboard/web/lib/data-backup.js'
    at Function.Module._resolveFilename (node:internal/modules/cjs/loader:1028:15)
    at Function.Module._load (node:internal/modules/cjs/loader:873:27)
    at Function.executeUserEntryPoint [as runMain] (node:internal/modules/run_main:81:12)
    at node:internal/main/run_main_module:22:47 {
  code: 'MODULE_NOT_FOUND',
  requireStack: []
}
[2026-02-21T04:42:17.568Z] lib/data-backup.js clean failed with exit code 1
[2026-02-21T04:42:17.568Z] Running lib/import-historical-move-data.js...
[2026-02-21T04:42:17.596Z] [lib/import-historical-move-data.js] ERROR: node:internal/modules/cjs/loader:1031
  throw err;
  ^

Error: Cannot find module '/home/runner/work/liquiditydashboard/liquiditydashboard/web/lib/import-historical-move-data.js'
    at Function.Module._resolveFilename (node:internal/modules/cjs/loader:1028:15)
    at Function.Module._load (node:internal/modules/cjs/loader:873:27)
    at Function.executeUserEntryPoint [as runMain] (node:internal/modules/run_main:81:12)
    at node:internal/main/run_main_module:22:47 {
  code: 'MODULE_NOT_FOUND',
  requireStack: []
}
[2026-02-21T04:42:17.598Z] lib/import-historical-move-data.js failed with exit code 1
[2026-02-21T04:42:17.598Z] Running lib/fetch-move-data.js...
[2026-02-21T04:42:17.626Z] [lib/fetch-move-data.js] ERROR: node:internal/modules/cjs/loader:1031
  throw err;
  ^

Error: Cannot find module '/home/runner/work/liquiditydashboard/liquiditydashboard/web/lib/fetch-move-data.js'
    at Function.Module._resolveFilename (node:internal/modules/cjs/loader:1028:15)
    at Function.Module._load (node:internal/modules/cjs/loader:873:27)
    at Function.executeUserEntryPoint [as runMain] (node:internal/modules/run_main:81:12)
    at node:internal/main/run_main_module:22:47 {
  code: 'MODULE_NOT_FOUND',
  requireStack: []
}
[2026-02-21T04:42:17.629Z] lib/fetch-move-data.js failed with exit code 1
[2026-02-21T04:42:17.629Z] Running lib/fetch-srf-data.js...
[2026-02-21T04:42:17.657Z] [lib/fetch-srf-data.js] ERROR: node:internal/modules/cjs/loader:1031
  throw err;
  ^

Error: Cannot find module '/home/runner/work/liquiditydashboard/liquiditydashboard/web/lib/fetch-srf-data.js'
    at Function.Module._resolveFilename (node:internal/modules/cjs/loader:1028:15)
    at Function.Module._load (node:internal/modules/cjs/loader:873:27)
    at Function.executeUserEntryPoint [as runMain] (node:internal/modules/run_main:81:12)
    at node:internal/main/run_main_module:22:47 {
  code: 'MODULE_NOT_FOUND',
  requireStack: []
}
[2026-02-21T04:42:17.659Z] lib/fetch-srf-data.js failed with exit code 1
[2026-02-21T04:42:17.659Z] Running lib/fetch-bill-share-data.js...
[2026-02-21T04:42:17.689Z] [lib/fetch-bill-share-data.js] ERROR: node:internal/modules/cjs/loader:1031
  throw err;
  ^

Error: Cannot find module '/home/runner/work/liquiditydashboard/liquiditydashboard/web/lib/fetch-bill-share-data.js'
    at Function.Module._resolveFilename (node:internal/modules/cjs/loader:1028:15)
    at Function.Module._load (node:internal/modules/cjs/loader:873:27)
    at Function.executeUserEntryPoint [as runMain] (node:internal/modules/run_main:81:12)
    at node:internal/main/run_main_module:22:47 {
  code: 'MODULE_NOT_FOUND',
  requireStack: []
}
[2026-02-21T04:42:17.692Z] lib/fetch-bill-share-data.js failed with exit code 1
[2026-02-21T04:42:17.692Z] Running lib/cleanup-future-dates.js...
[2026-02-21T04:42:17.769Z] [lib/cleanup-future-dates.js] Starting data cleanup process...
[2026-02-21T04:42:17.840Z] [lib/cleanup-future-dates.js] WorldTimeAPI failed, trying alternative source
[2026-02-21T04:42:18.698Z] [lib/cleanup-future-dates.js] Using TimeAPI date: 2026-02-21T04:42:18.8504134
[2026-02-21T04:42:18.699Z] [lib/cleanup-future-dates.js] Using reference date: 2026-2-21
[2026-02-21T04:42:18.699Z] [lib/cleanup-future-dates.js] Processing MOVE index data (/home/runner/work/liquiditydashboard/liquiditydashboard/web/public/series/move.json)...
[2026-02-21T04:42:18.709Z] [lib/cleanup-future-dates.js] Loaded 111 MOVE index data points
[2026-02-21T04:42:18.710Z] [lib/cleanup-future-dates.js] No future-dated entries found in MOVE index data
[2026-02-21T04:42:18.710Z] [lib/cleanup-future-dates.js] Processing SRF data (/home/runner/work/liquiditydashboard/liquiditydashboard/web/public/series/srf.json)...
[2026-02-21T04:42:18.711Z] [lib/cleanup-future-dates.js] Loaded 1017 SRF data points
[2026-02-21T04:42:18.712Z] [lib/cleanup-future-dates.js] No future-dated entries found in SRF data
[2026-02-21T04:42:18.712Z] [lib/cleanup-future-dates.js] Processing Treasury bill share data (/home/runner/work/liquiditydashboard/liquiditydashboard/web/public/series/bill-share.json)...
[2026-02-21T04:42:18.713Z] [lib/cleanup-future-dates.js] Loaded 282 Treasury bill share data points
[2026-02-21T04:42:18.713Z] [lib/cleanup-future-dates.js] No future-dated entries found in Treasury bill share data

Cleanup complete! Removed 0 future-dated entries in total.
[2026-02-21T04:42:18.713Z] [lib/cleanup-future-dates.js] Data cleanup completed with no changes needed
[2026-02-21T04:42:18.717Z] lib/cleanup-future-dates.js completed successfully
[2026-02-21T04:42:18.717Z] Running lib/validate-data.js...
[2026-02-21T04:42:18.797Z] [lib/validate-data.js] Running data validation...
[2026-02-21T04:42:18.797Z] [lib/validate-data.js] Validating MOVE index data...
[2026-02-21T04:42:18.798Z] [lib/validate-data.js] Found 111 MOVE data points
[2026-02-21T04:42:18.846Z] [lib/validate-data.js] WorldTimeAPI failed, trying alternative source
[2026-02-21T04:42:19.398Z] [lib/validate-data.js] Using TimeAPI date: 2026-02-21T04:42:19.5518968
[2026-02-21T04:42:19.398Z] [lib/validate-data.js] Using reference date: 2026-2-21
[2026-02-21T04:42:19.399Z] [lib/validate-data.js] MOVE index data validation passed ✓
[2026-02-21T04:42:19.399Z] [lib/validate-data.js] Validating SRF data...
[2026-02-21T04:42:19.400Z] [lib/validate-data.js] Found 1017 SRF data points
[2026-02-21T04:42:19.517Z] [lib/validate-data.js] WorldTimeAPI failed, trying alternative source
[2026-02-21T04:42:20.216Z] [lib/validate-data.js] Using TimeAPI date: 2026-02-21T04:42:20.3712907
[2026-02-21T04:42:20.218Z] [lib/validate-data.js] SRF data validation passed ✓
[2026-02-21T04:42:20.218Z] [lib/validate-data.js] Validating Treasury funding data...
[2026-02-21T04:42:20.218Z] [lib/validate-data.js] Found 282 Treasury funding data points
[2026-02-21T04:42:20.218Z] [lib/validate-data.js] Treasury funding data validation passed ✓
[2026-02-21T04:42:20.219Z] [lib/validate-data.js] All data validation passed ✓
[2026-02-21T04:42:20.222Z] lib/validate-data.js completed successfully
[2026-02-21T04:42:20.222Z] Dashboard update process completed successfully
