[2025-09-02T03:40:19.903Z] Starting Liquidity Dashboard update process
[2025-09-02T03:40:19.904Z] Running lib/data-backup.js...
[2025-09-02T03:40:19.933Z] [lib/data-backup.js] ERROR: node:internal/modules/cjs/loader:1031
  throw err;
  ^

Error: Cannot find module '/home/runner/work/liquiditydashboard/liquiditydashboard/web/lib/data-backup.js'
    at Function.Module._resolveFilename (node:internal/modules/cjs/loader:1028:15)
    at Function.Module._load (node:internal/modules/cjs/loader:873:27)
    at Function.executeUserEntryPoint [as runMain] (node:internal/modules/run_main:81:12)
    at node:internal/main/run_main_module:22:47 {
  code: 'MODULE_NOT_FOUND',
  requireStack: []
}
[2025-09-02T03:40:19.936Z] lib/data-backup.js failed with exit code 1
[2025-09-02T03:40:19.936Z] Running lib/data-backup.js clean...
[2025-09-02T03:40:19.964Z] [lib/data-backup.js clean] ERROR: node:internal/modules/cjs/loader:1031
  throw err;
  ^

Error: Cannot find module '/home/runner/work/liquiditydashboard/liquiditydashboard/web/lib/data-backup.js'
    at Function.Module._resolveFilename (node:internal/modules/cjs/loader:1028:15)
    at Function.Module._load (node:internal/modules/cjs/loader:873:27)
    at Function.executeUserEntryPoint [as runMain] (node:internal/modules/run_main:81:12)
    at node:internal/main/run_main_module:22:47 {
  code: 'MODULE_NOT_FOUND',
  requireStack: []
}
[2025-09-02T03:40:19.965Z] lib/data-backup.js clean failed with exit code 1
[2025-09-02T03:40:19.966Z] Running lib/import-historical-move-data.js...
[2025-09-02T03:40:19.993Z] [lib/import-historical-move-data.js] ERROR: node:internal/modules/cjs/loader:1031
  throw err;
  ^

Error: Cannot find module '/home/runner/work/liquiditydashboard/liquiditydashboard/web/lib/import-historical-move-data.js'
    at Function.Module._resolveFilename (node:internal/modules/cjs/loader:1028:15)
    at Function.Module._load (node:internal/modules/cjs/loader:873:27)
    at Function.executeUserEntryPoint [as runMain] (node:internal/modules/run_main:81:12)
    at node:internal/main/run_main_module:22:47 {
  code: 'MODULE_NOT_FOUND',
  requireStack: []
}
[2025-09-02T03:40:19.995Z] lib/import-historical-move-data.js failed with exit code 1
[2025-09-02T03:40:19.995Z] Running lib/fetch-move-data.js...
[2025-09-02T03:40:20.023Z] [lib/fetch-move-data.js] ERROR: node:internal/modules/cjs/loader:1031
  throw err;
  ^

Error: Cannot find module '/home/runner/work/liquiditydashboard/liquiditydashboard/web/lib/fetch-move-data.js'
    at Function.Module._resolveFilename (node:internal/modules/cjs/loader:1028:15)
    at Function.Module._load (node:internal/modules/cjs/loader:873:27)
    at Function.executeUserEntryPoint [as runMain] (node:internal/modules/run_main:81:12)
    at node:internal/main/run_main_module:22:47 {
  code: 'MODULE_NOT_FOUND',
  requireStack: []
}
[2025-09-02T03:40:20.025Z] lib/fetch-move-data.js failed with exit code 1
[2025-09-02T03:40:20.025Z] Running lib/fetch-srf-data.js...
[2025-09-02T03:40:20.053Z] [lib/fetch-srf-data.js] ERROR: node:internal/modules/cjs/loader:1031
  throw err;
  ^

Error: Cannot find module '/home/runner/work/liquiditydashboard/liquiditydashboard/web/lib/fetch-srf-data.js'
    at Function.Module._resolveFilename (node:internal/modules/cjs/loader:1028:15)
    at Function.Module._load (node:internal/modules/cjs/loader:873:27)
    at Function.executeUserEntryPoint [as runMain] (node:internal/modules/run_main:81:12)
    at node:internal/main/run_main_module:22:47 {
  code: 'MODULE_NOT_FOUND',
  requireStack: []
}
[2025-09-02T03:40:20.055Z] lib/fetch-srf-data.js failed with exit code 1
[2025-09-02T03:40:20.055Z] Running lib/fetch-bill-share-data.js...
[2025-09-02T03:40:20.083Z] [lib/fetch-bill-share-data.js] ERROR: node:internal/modules/cjs/loader:1031
  throw err;
  ^

Error: Cannot find module '/home/runner/work/liquiditydashboard/liquiditydashboard/web/lib/fetch-bill-share-data.js'
    at Function.Module._resolveFilename (node:internal/modules/cjs/loader:1028:15)
    at Function.Module._load (node:internal/modules/cjs/loader:873:27)
    at Function.executeUserEntryPoint [as runMain] (node:internal/modules/run_main:81:12)
    at node:internal/main/run_main_module:22:47 {
  code: 'MODULE_NOT_FOUND',
  requireStack: []
}
[2025-09-02T03:40:20.086Z] lib/fetch-bill-share-data.js failed with exit code 1
[2025-09-02T03:40:20.086Z] Running lib/cleanup-future-dates.js...
[2025-09-02T03:40:20.164Z] [lib/cleanup-future-dates.js] Starting data cleanup process...
[2025-09-02T03:40:20.458Z] [lib/cleanup-future-dates.js] Using WorldTimeAPI date: 2025-09-02T03:40:20.441528+00:00
[2025-09-02T03:40:20.458Z] [lib/cleanup-future-dates.js] Using reference date: 2025-9-2
[2025-09-02T03:40:20.458Z] [lib/cleanup-future-dates.js] Processing MOVE index data (/home/runner/work/liquiditydashboard/liquiditydashboard/web/public/series/move.json)...
[2025-09-02T03:40:20.458Z] [lib/cleanup-future-dates.js] Loaded 111 MOVE index data points
[2025-09-02T03:40:20.458Z] [lib/cleanup-future-dates.js] No future-dated entries found in MOVE index data
[2025-09-02T03:40:20.459Z] [lib/cleanup-future-dates.js] Processing SRF data (/home/runner/work/liquiditydashboard/liquiditydashboard/web/public/series/srf.json)...
[2025-09-02T03:40:20.459Z] [lib/cleanup-future-dates.js] Loaded 1017 SRF data points
[2025-09-02T03:40:20.460Z] [lib/cleanup-future-dates.js] No future-dated entries found in SRF data
[2025-09-02T03:40:20.460Z] [lib/cleanup-future-dates.js] Processing Treasury bill share data (/home/runner/work/liquiditydashboard/liquiditydashboard/web/public/series/bill-share.json)...
[2025-09-02T03:40:20.460Z] [lib/cleanup-future-dates.js] Loaded 282 Treasury bill share data points
[2025-09-02T03:40:20.461Z] [lib/cleanup-future-dates.js] No future-dated entries found in Treasury bill share data
[2025-09-02T03:40:20.461Z] [lib/cleanup-future-dates.js] Cleanup complete! Removed 0 future-dated entries in total.
Data cleanup completed with no changes needed
[2025-09-02T03:40:20.464Z] lib/cleanup-future-dates.js completed successfully
[2025-09-02T03:40:20.464Z] Running lib/validate-data.js...
[2025-09-02T03:40:20.536Z] [lib/validate-data.js] Running data validation...
[2025-09-02T03:40:20.537Z] [lib/validate-data.js] Validating MOVE index data...
[2025-09-02T03:40:20.537Z] [lib/validate-data.js] Found 111 MOVE data points
[2025-09-02T03:40:20.730Z] [lib/validate-data.js] Using WorldTimeAPI date: 2025-09-02T03:40:20.712280+00:00
[2025-09-02T03:40:20.730Z] [lib/validate-data.js] Using reference date: 2025-9-2
[2025-09-02T03:40:20.731Z] [lib/validate-data.js] MOVE index data validation passed ✓
[2025-09-02T03:40:20.731Z] [lib/validate-data.js] Validating SRF data...
[2025-09-02T03:40:20.732Z] [lib/validate-data.js] Found 1017 SRF data points
[2025-09-02T03:40:20.851Z] [lib/validate-data.js] Using WorldTimeAPI date: 2025-09-02T03:40:20.840994+00:00
[2025-09-02T03:40:20.853Z] [lib/validate-data.js] SRF data validation passed ✓
[2025-09-02T03:40:20.853Z] [lib/validate-data.js] Validating Treasury funding data...
[2025-09-02T03:40:20.853Z] [lib/validate-data.js] Found 282 Treasury funding data points
[2025-09-02T03:40:20.853Z] [lib/validate-data.js] Treasury funding data validation passed ✓
[2025-09-02T03:40:20.853Z] [lib/validate-data.js] All data validation passed ✓
[2025-09-02T03:40:20.856Z] lib/validate-data.js completed successfully
[2025-09-02T03:40:20.856Z] Dashboard update process completed successfully
