[2026-07-12T06:09:03.558Z] Starting Liquidity Dashboard update process
[2026-07-12T06:09:03.559Z] Running lib/data-backup.js...
[2026-07-12T06:09:03.590Z] [lib/data-backup.js] ERROR: node:internal/modules/cjs/loader:1031
  throw err;
  ^

Error: Cannot find module '/home/runner/work/liquiditydashboard/liquiditydashboard/web/lib/data-backup.js'
    at Function.Module._resolveFilename (node:internal/modules/cjs/loader:1028:15)
    at Function.Module._load (node:internal/modules/cjs/loader:873:27)
    at Function.executeUserEntryPoint [as runMain] (node:internal/modules/run_main:81:12)
    at node:internal/main/run_main_module:22:47 {
  code: 'MODULE_NOT_FOUND',
  requireStack: []
}
[2026-07-12T06:09:03.593Z] lib/data-backup.js failed with exit code 1
[2026-07-12T06:09:03.594Z] Running lib/data-backup.js clean...
[2026-07-12T06:09:03.623Z] [lib/data-backup.js clean] ERROR: node:internal/modules/cjs/loader:1031
  throw err;
  ^

Error: Cannot find module '/home/runner/work/liquiditydashboard/liquiditydashboard/web/lib/data-backup.js'
    at Function.Module._resolveFilename (node:internal/modules/cjs/loader:1028:15)
    at Function.Module._load (node:internal/modules/cjs/loader:873:27)
    at Function.executeUserEntryPoint [as runMain] (node:internal/modules/run_main:81:12)
    at node:internal/main/run_main_module:22:47 {
  code: 'MODULE_NOT_FOUND',
  requireStack: []
}
[2026-07-12T06:09:03.624Z] lib/data-backup.js clean failed with exit code 1
[2026-07-12T06:09:03.625Z] Running lib/import-historical-move-data.js...
[2026-07-12T06:09:03.653Z] [lib/import-historical-move-data.js] ERROR: node:internal/modules/cjs/loader:1031
  throw err;
  ^

Error: Cannot find module '/home/runner/work/liquiditydashboard/liquiditydashboard/web/lib/import-historical-move-data.js'
    at Function.Module._resolveFilename (node:internal/modules/cjs/loader:1028:15)
    at Function.Module._load (node:internal/modules/cjs/loader:873:27)
    at Function.executeUserEntryPoint [as runMain] (node:internal/modules/run_main:81:12)
    at node:internal/main/run_main_module:22:47 {
  code: 'MODULE_NOT_FOUND',
  requireStack: []
}
[2026-07-12T06:09:03.655Z] lib/import-historical-move-data.js failed with exit code 1
[2026-07-12T06:09:03.656Z] Running lib/fetch-move-data.js...
[2026-07-12T06:09:03.685Z] [lib/fetch-move-data.js] ERROR: node:internal/modules/cjs/loader:1031
  throw err;
  ^

Error: Cannot find module '/home/runner/work/liquiditydashboard/liquiditydashboard/web/lib/fetch-move-data.js'
    at Function.Module._resolveFilename (node:internal/modules/cjs/loader:1028:15)
    at Function.Module._load (node:internal/modules/cjs/loader:873:27)
    at Function.executeUserEntryPoint [as runMain] (node:internal/modules/run_main:81:12)
    at node:internal/main/run_main_module:22:47 {
  code: 'MODULE_NOT_FOUND',
  requireStack: []
}
[2026-07-12T06:09:03.687Z] lib/fetch-move-data.js failed with exit code 1
[2026-07-12T06:09:03.687Z] Running lib/fetch-srf-data.js...
[2026-07-12T06:09:03.717Z] [lib/fetch-srf-data.js] ERROR: node:internal/modules/cjs/loader:1031
  throw err;
  ^

Error: Cannot find module '/home/runner/work/liquiditydashboard/liquiditydashboard/web/lib/fetch-srf-data.js'
    at Function.Module._resolveFilename (node:internal/modules/cjs/loader:1028:15)
    at Function.Module._load (node:internal/modules/cjs/loader:873:27)
    at Function.executeUserEntryPoint [as runMain] (node:internal/modules/run_main:81:12)
    at node:internal/main/run_main_module:22:47 {
  code: 'MODULE_NOT_FOUND',
  requireStack: []
}
[2026-07-12T06:09:03.719Z] lib/fetch-srf-data.js failed with exit code 1
[2026-07-12T06:09:03.719Z] Running lib/fetch-bill-share-data.js...
[2026-07-12T06:09:03.748Z] [lib/fetch-bill-share-data.js] ERROR: node:internal/modules/cjs/loader:1031
  throw err;
  ^

Error: Cannot find module '/home/runner/work/liquiditydashboard/liquiditydashboard/web/lib/fetch-bill-share-data.js'
    at Function.Module._resolveFilename (node:internal/modules/cjs/loader:1028:15)
    at Function.Module._load (node:internal/modules/cjs/loader:873:27)
    at Function.executeUserEntryPoint [as runMain] (node:internal/modules/run_main:81:12)
    at node:internal/main/run_main_module:22:47 {
  code: 'MODULE_NOT_FOUND',
  requireStack: []
}
[2026-07-12T06:09:03.750Z] lib/fetch-bill-share-data.js failed with exit code 1
[2026-07-12T06:09:03.751Z] Running lib/cleanup-future-dates.js...
[2026-07-12T06:09:03.835Z] [lib/cleanup-future-dates.js] Starting data cleanup process...
[2026-07-12T06:09:03.956Z] [lib/cleanup-future-dates.js] WorldTimeAPI failed, trying alternative source
[2026-07-12T06:09:04.663Z] [lib/cleanup-future-dates.js] Using TimeAPI date: 2026-07-12T06:06:21.2301872
[2026-07-12T06:09:04.663Z] [lib/cleanup-future-dates.js] Using reference date: 2026-7-12

Processing MOVE index data (/home/runner/work/liquiditydashboard/liquiditydashboard/web/public/series/move.json)...
[2026-07-12T06:09:04.663Z] [lib/cleanup-future-dates.js] Loaded 111 MOVE index data points
[2026-07-12T06:09:04.664Z] [lib/cleanup-future-dates.js] No future-dated entries found in MOVE index data
[2026-07-12T06:09:04.664Z] [lib/cleanup-future-dates.js] Processing SRF data (/home/runner/work/liquiditydashboard/liquiditydashboard/web/public/series/srf.json)...
[2026-07-12T06:09:04.665Z] [lib/cleanup-future-dates.js] Loaded 1017 SRF data points
[2026-07-12T06:09:04.666Z] [lib/cleanup-future-dates.js] No future-dated entries found in SRF data
[2026-07-12T06:09:04.666Z] [lib/cleanup-future-dates.js] Processing Treasury bill share data (/home/runner/work/liquiditydashboard/liquiditydashboard/web/public/series/bill-share.json)...
[2026-07-12T06:09:04.666Z] [lib/cleanup-future-dates.js] Loaded 282 Treasury bill share data points
[2026-07-12T06:09:04.666Z] [lib/cleanup-future-dates.js] No future-dated entries found in Treasury bill share data
[2026-07-12T06:09:04.667Z] [lib/cleanup-future-dates.js] Cleanup complete! Removed 0 future-dated entries in total.
[2026-07-12T06:09:04.667Z] [lib/cleanup-future-dates.js] Data cleanup completed with no changes needed
[2026-07-12T06:09:04.670Z] lib/cleanup-future-dates.js completed successfully
[2026-07-12T06:09:04.670Z] Running lib/validate-data.js...
[2026-07-12T06:09:04.753Z] [lib/validate-data.js] Running data validation...
[2026-07-12T06:09:04.754Z] [lib/validate-data.js] Validating MOVE index data...
[2026-07-12T06:09:04.754Z] [lib/validate-data.js] Found 111 MOVE data points
[2026-07-12T06:09:04.839Z] [lib/validate-data.js] WorldTimeAPI failed, trying alternative source
[2026-07-12T06:09:05.548Z] [lib/validate-data.js] Using TimeAPI date: 2026-07-12T06:06:22.1149999
[2026-07-12T06:09:05.548Z] [lib/validate-data.js] Using reference date: 2026-7-12
[2026-07-12T06:09:05.548Z] [lib/validate-data.js] MOVE index data validation passed ✓
[2026-07-12T06:09:05.549Z] [lib/validate-data.js] Validating SRF data...
[2026-07-12T06:09:05.549Z] [lib/validate-data.js] Found 1017 SRF data points
[2026-07-12T06:09:05.676Z] [lib/validate-data.js] WorldTimeAPI failed, trying alternative source
[2026-07-12T06:09:06.504Z] [lib/validate-data.js] Using TimeAPI date: 2026-07-12T06:06:23.0753171
[2026-07-12T06:09:06.506Z] [lib/validate-data.js] SRF data validation passed ✓
[2026-07-12T06:09:06.506Z] [lib/validate-data.js] Validating Treasury funding data...
[2026-07-12T06:09:06.507Z] [lib/validate-data.js] Found 282 Treasury funding data points
[2026-07-12T06:09:06.507Z] [lib/validate-data.js] Treasury funding data validation passed ✓
[2026-07-12T06:09:06.507Z] [lib/validate-data.js] All data validation passed ✓
[2026-07-12T06:09:06.510Z] lib/validate-data.js completed successfully
[2026-07-12T06:09:06.510Z] Dashboard update process completed successfully
