[2025-06-21T03:47:53.693Z] Starting Liquidity Dashboard update process
[2025-06-21T03:47:53.694Z] Running lib/data-backup.js...
[2025-06-21T03:47:53.724Z] [lib/data-backup.js] ERROR: node:internal/modules/cjs/loader:1031
  throw err;
  ^

Error: Cannot find module '/home/runner/work/liquiditydashboard/liquiditydashboard/web/lib/data-backup.js'
    at Function.Module._resolveFilename (node:internal/modules/cjs/loader:1028:15)
    at Function.Module._load (node:internal/modules/cjs/loader:873:27)
    at Function.executeUserEntryPoint [as runMain] (node:internal/modules/run_main:81:12)
    at node:internal/main/run_main_module:22:47 {
  code: 'MODULE_NOT_FOUND',
  requireStack: []
}
[2025-06-21T03:47:53.727Z] lib/data-backup.js failed with exit code 1
[2025-06-21T03:47:53.727Z] Running lib/data-backup.js clean...
[2025-06-21T03:47:53.756Z] [lib/data-backup.js clean] ERROR: node:internal/modules/cjs/loader:1031
  throw err;
  ^

Error: Cannot find module '/home/runner/work/liquiditydashboard/liquiditydashboard/web/lib/data-backup.js'
    at Function.Module._resolveFilename (node:internal/modules/cjs/loader:1028:15)
    at Function.Module._load (node:internal/modules/cjs/loader:873:27)
    at Function.executeUserEntryPoint [as runMain] (node:internal/modules/run_main:81:12)
    at node:internal/main/run_main_module:22:47 {
  code: 'MODULE_NOT_FOUND',
  requireStack: []
}
[2025-06-21T03:47:53.758Z] lib/data-backup.js clean failed with exit code 1
[2025-06-21T03:47:53.758Z] Running lib/import-historical-move-data.js...
[2025-06-21T03:47:53.787Z] [lib/import-historical-move-data.js] ERROR: node:internal/modules/cjs/loader:1031
  throw err;
  ^

Error: Cannot find module '/home/runner/work/liquiditydashboard/liquiditydashboard/web/lib/import-historical-move-data.js'
    at Function.Module._resolveFilename (node:internal/modules/cjs/loader:1028:15)
    at Function.Module._load (node:internal/modules/cjs/loader:873:27)
    at Function.executeUserEntryPoint [as runMain] (node:internal/modules/run_main:81:12)
    at node:internal/main/run_main_module:22:47 {
  code: 'MODULE_NOT_FOUND',
  requireStack: []
}
[2025-06-21T03:47:53.789Z] lib/import-historical-move-data.js failed with exit code 1
[2025-06-21T03:47:53.789Z] Running lib/fetch-move-data.js...
[2025-06-21T03:47:53.818Z] [lib/fetch-move-data.js] ERROR: node:internal/modules/cjs/loader:1031
  throw err;
  ^

Error: Cannot find module '/home/runner/work/liquiditydashboard/liquiditydashboard/web/lib/fetch-move-data.js'
    at Function.Module._resolveFilename (node:internal/modules/cjs/loader:1028:15)
    at Function.Module._load (node:internal/modules/cjs/loader:873:27)
    at Function.executeUserEntryPoint [as runMain] (node:internal/modules/run_main:81:12)
    at node:internal/main/run_main_module:22:47 {
  code: 'MODULE_NOT_FOUND',
  requireStack: []
}
[2025-06-21T03:47:53.820Z] lib/fetch-move-data.js failed with exit code 1
[2025-06-21T03:47:53.820Z] Running lib/fetch-srf-data.js...
[2025-06-21T03:47:53.849Z] [lib/fetch-srf-data.js] ERROR: node:internal/modules/cjs/loader:1031
  throw err;
  ^

Error: Cannot find module '/home/runner/work/liquiditydashboard/liquiditydashboard/web/lib/fetch-srf-data.js'
    at Function.Module._resolveFilename (node:internal/modules/cjs/loader:1028:15)
    at Function.Module._load (node:internal/modules/cjs/loader:873:27)
    at Function.executeUserEntryPoint [as runMain] (node:internal/modules/run_main:81:12)
    at node:internal/main/run_main_module:22:47 {
  code: 'MODULE_NOT_FOUND',
  requireStack: []
}
[2025-06-21T03:47:53.851Z] lib/fetch-srf-data.js failed with exit code 1
[2025-06-21T03:47:53.851Z] Running lib/fetch-bill-share-data.js...
[2025-06-21T03:47:53.880Z] [lib/fetch-bill-share-data.js] ERROR: node:internal/modules/cjs/loader:1031
  throw err;
  ^

Error: Cannot find module '/home/runner/work/liquiditydashboard/liquiditydashboard/web/lib/fetch-bill-share-data.js'
    at Function.Module._resolveFilename (node:internal/modules/cjs/loader:1028:15)
    at Function.Module._load (node:internal/modules/cjs/loader:873:27)
    at Function.executeUserEntryPoint [as runMain] (node:internal/modules/run_main:81:12)
    at node:internal/main/run_main_module:22:47 {
  code: 'MODULE_NOT_FOUND',
  requireStack: []
}
[2025-06-21T03:47:53.882Z] lib/fetch-bill-share-data.js failed with exit code 1
[2025-06-21T03:47:53.882Z] Running lib/cleanup-future-dates.js...
[2025-06-21T03:47:53.965Z] [lib/cleanup-future-dates.js] Starting data cleanup process...
[2025-06-21T03:47:54.121Z] [lib/cleanup-future-dates.js] WorldTimeAPI failed, trying alternative source
[2025-06-21T03:48:00.646Z] [lib/cleanup-future-dates.js] Using TimeAPI date: 2025-06-21T03:48:00.5634984
[2025-06-21T03:48:00.647Z] [lib/cleanup-future-dates.js] Using reference date: 2025-6-21
[2025-06-21T03:48:00.647Z] [lib/cleanup-future-dates.js] Processing MOVE index data (/home/runner/work/liquiditydashboard/liquiditydashboard/web/public/series/move.json)...
[2025-06-21T03:48:00.647Z] [lib/cleanup-future-dates.js] Loaded 111 MOVE index data points
[2025-06-21T03:48:00.647Z] [lib/cleanup-future-dates.js] No future-dated entries found in MOVE index data
[2025-06-21T03:48:00.648Z] [lib/cleanup-future-dates.js] Processing SRF data (/home/runner/work/liquiditydashboard/liquiditydashboard/web/public/series/srf.json)...
[2025-06-21T03:48:00.648Z] [lib/cleanup-future-dates.js] Loaded 1017 SRF data points
[2025-06-21T03:48:00.649Z] [lib/cleanup-future-dates.js] No future-dated entries found in SRF data
[2025-06-21T03:48:00.649Z] [lib/cleanup-future-dates.js] Processing Treasury bill share data (/home/runner/work/liquiditydashboard/liquiditydashboard/web/public/series/bill-share.json)...
[2025-06-21T03:48:00.650Z] [lib/cleanup-future-dates.js] Loaded 282 Treasury bill share data points
[2025-06-21T03:48:00.650Z] [lib/cleanup-future-dates.js] No future-dated entries found in Treasury bill share data
[2025-06-21T03:48:00.650Z] [lib/cleanup-future-dates.js] Cleanup complete! Removed 0 future-dated entries in total.
Data cleanup completed with no changes needed
[2025-06-21T03:48:00.654Z] lib/cleanup-future-dates.js completed successfully
[2025-06-21T03:48:00.654Z] Running lib/validate-data.js...
[2025-06-21T03:48:00.729Z] [lib/validate-data.js] Running data validation...
[2025-06-21T03:48:00.730Z] [lib/validate-data.js] Validating MOVE index data...
[2025-06-21T03:48:00.730Z] [lib/validate-data.js] Found 111 MOVE data points
[2025-06-21T03:48:00.760Z] [lib/validate-data.js] WorldTimeAPI failed, trying alternative source
[2025-06-21T03:48:07.973Z] [lib/validate-data.js] Using TimeAPI date: 2025-06-21T03:48:07.8900763
[2025-06-21T03:48:07.973Z] [lib/validate-data.js] Using reference date: 2025-6-21
[2025-06-21T03:48:07.974Z] [lib/validate-data.js] MOVE index data validation passed ✓
[2025-06-21T03:48:07.974Z] [lib/validate-data.js] Validating SRF data...
[2025-06-21T03:48:07.974Z] [lib/validate-data.js] Found 1017 SRF data points
[2025-06-21T03:48:07.994Z] [lib/validate-data.js] WorldTimeAPI failed, trying alternative source
[2025-06-21T03:48:17.301Z] [lib/validate-data.js] Using TimeAPI date: 2025-06-21T03:48:17.2152559
[2025-06-21T03:48:17.303Z] [lib/validate-data.js] SRF data validation passed ✓
[2025-06-21T03:48:17.303Z] [lib/validate-data.js] Validating Treasury funding data...
[2025-06-21T03:48:17.303Z] [lib/validate-data.js] Found 282 Treasury funding data points
[2025-06-21T03:48:17.303Z] [lib/validate-data.js] Treasury funding data validation passed ✓
[2025-06-21T03:48:17.304Z] [lib/validate-data.js] All data validation passed ✓
[2025-06-21T03:48:17.306Z] lib/validate-data.js completed successfully
[2025-06-21T03:48:17.307Z] Dashboard update process completed successfully
