[2025-12-15T04:07:00.356Z] Starting Liquidity Dashboard update process
[2025-12-15T04:07:00.358Z] Running lib/data-backup.js...
[2025-12-15T04:07:00.387Z] [lib/data-backup.js] ERROR: node:internal/modules/cjs/loader:1031
  throw err;
  ^

Error: Cannot find module '/home/runner/work/liquiditydashboard/liquiditydashboard/web/lib/data-backup.js'
    at Function.Module._resolveFilename (node:internal/modules/cjs/loader:1028:15)
    at Function.Module._load (node:internal/modules/cjs/loader:873:27)
    at Function.executeUserEntryPoint [as runMain] (node:internal/modules/run_main:81:12)
    at node:internal/main/run_main_module:22:47 {
  code: 'MODULE_NOT_FOUND',
  requireStack: []
}
[2025-12-15T04:07:00.389Z] lib/data-backup.js failed with exit code 1
[2025-12-15T04:07:00.389Z] Running lib/data-backup.js clean...
[2025-12-15T04:07:00.417Z] [lib/data-backup.js clean] ERROR: node:internal/modules/cjs/loader:1031
  throw err;
  ^

Error: Cannot find module '/home/runner/work/liquiditydashboard/liquiditydashboard/web/lib/data-backup.js'
    at Function.Module._resolveFilename (node:internal/modules/cjs/loader:1028:15)
    at Function.Module._load (node:internal/modules/cjs/loader:873:27)
    at Function.executeUserEntryPoint [as runMain] (node:internal/modules/run_main:81:12)
    at node:internal/main/run_main_module:22:47 {
  code: 'MODULE_NOT_FOUND',
  requireStack: []
}
[2025-12-15T04:07:00.419Z] lib/data-backup.js clean failed with exit code 1
[2025-12-15T04:07:00.419Z] Running lib/import-historical-move-data.js...
[2025-12-15T04:07:00.446Z] [lib/import-historical-move-data.js] ERROR: node:internal/modules/cjs/loader:1031
  throw err;
  ^

Error: Cannot find module '/home/runner/work/liquiditydashboard/liquiditydashboard/web/lib/import-historical-move-data.js'
    at Function.Module._resolveFilename (node:internal/modules/cjs/loader:1028:15)
    at Function.Module._load (node:internal/modules/cjs/loader:873:27)
    at Function.executeUserEntryPoint [as runMain] (node:internal/modules/run_main:81:12)
    at node:internal/main/run_main_module:22:47 {
  code: 'MODULE_NOT_FOUND',
  requireStack: []
}
[2025-12-15T04:07:00.448Z] lib/import-historical-move-data.js failed with exit code 1
[2025-12-15T04:07:00.449Z] Running lib/fetch-move-data.js...
[2025-12-15T04:07:00.476Z] [lib/fetch-move-data.js] ERROR: node:internal/modules/cjs/loader:1031
  throw err;
  ^

Error: Cannot find module '/home/runner/work/liquiditydashboard/liquiditydashboard/web/lib/fetch-move-data.js'
    at Function.Module._resolveFilename (node:internal/modules/cjs/loader:1028:15)
    at Function.Module._load (node:internal/modules/cjs/loader:873:27)
    at Function.executeUserEntryPoint [as runMain] (node:internal/modules/run_main:81:12)
    at node:internal/main/run_main_module:22:47 {
  code: 'MODULE_NOT_FOUND',
  requireStack: []
}
[2025-12-15T04:07:00.478Z] lib/fetch-move-data.js failed with exit code 1
[2025-12-15T04:07:00.478Z] Running lib/fetch-srf-data.js...
[2025-12-15T04:07:00.507Z] [lib/fetch-srf-data.js] ERROR: node:internal/modules/cjs/loader:1031
  throw err;
  ^

Error: Cannot find module '/home/runner/work/liquiditydashboard/liquiditydashboard/web/lib/fetch-srf-data.js'
    at Function.Module._resolveFilename (node:internal/modules/cjs/loader:1028:15)
    at Function.Module._load (node:internal/modules/cjs/loader:873:27)
    at Function.executeUserEntryPoint [as runMain] (node:internal/modules/run_main:81:12)
    at node:internal/main/run_main_module:22:47 {
  code: 'MODULE_NOT_FOUND',
  requireStack: []
}
[2025-12-15T04:07:00.509Z] lib/fetch-srf-data.js failed with exit code 1
[2025-12-15T04:07:00.510Z] Running lib/fetch-bill-share-data.js...
[2025-12-15T04:07:00.537Z] [lib/fetch-bill-share-data.js] ERROR: node:internal/modules/cjs/loader:1031
  throw err;
  ^

Error: Cannot find module '/home/runner/work/liquiditydashboard/liquiditydashboard/web/lib/fetch-bill-share-data.js'
    at Function.Module._resolveFilename (node:internal/modules/cjs/loader:1028:15)
    at Function.Module._load (node:internal/modules/cjs/loader:873:27)
    at Function.executeUserEntryPoint [as runMain] (node:internal/modules/run_main:81:12)
    at node:internal/main/run_main_module:22:47 {
  code: 'MODULE_NOT_FOUND',
  requireStack: []
}
[2025-12-15T04:07:00.539Z] lib/fetch-bill-share-data.js failed with exit code 1
[2025-12-15T04:07:00.539Z] Running lib/cleanup-future-dates.js...
[2025-12-15T04:07:00.614Z] [lib/cleanup-future-dates.js] Starting data cleanup process...
[2025-12-15T04:07:00.698Z] [lib/cleanup-future-dates.js] WorldTimeAPI failed, trying alternative source
[2025-12-15T04:07:01.493Z] [lib/cleanup-future-dates.js] Using TimeAPI date: 2025-12-15T04:07:01.4097114
[2025-12-15T04:07:01.494Z] [lib/cleanup-future-dates.js] Using reference date: 2025-12-15

Processing MOVE index data (/home/runner/work/liquiditydashboard/liquiditydashboard/web/public/series/move.json)...
[2025-12-15T04:07:01.494Z] [lib/cleanup-future-dates.js] Loaded 111 MOVE index data points
[2025-12-15T04:07:01.494Z] [lib/cleanup-future-dates.js] No future-dated entries found in MOVE index data
[2025-12-15T04:07:01.494Z] [lib/cleanup-future-dates.js] Processing SRF data (/home/runner/work/liquiditydashboard/liquiditydashboard/web/public/series/srf.json)...
[2025-12-15T04:07:01.495Z] [lib/cleanup-future-dates.js] Loaded 1017 SRF data points
[2025-12-15T04:07:01.496Z] [lib/cleanup-future-dates.js] No future-dated entries found in SRF data
[2025-12-15T04:07:01.496Z] [lib/cleanup-future-dates.js] Processing Treasury bill share data (/home/runner/work/liquiditydashboard/liquiditydashboard/web/public/series/bill-share.json)...
[2025-12-15T04:07:01.496Z] [lib/cleanup-future-dates.js] Loaded 282 Treasury bill share data points
[2025-12-15T04:07:01.497Z] [lib/cleanup-future-dates.js] No future-dated entries found in Treasury bill share data
[2025-12-15T04:07:01.497Z] [lib/cleanup-future-dates.js] Cleanup complete! Removed 0 future-dated entries in total.
[2025-12-15T04:07:01.497Z] [lib/cleanup-future-dates.js] Data cleanup completed with no changes needed
[2025-12-15T04:07:01.500Z] lib/cleanup-future-dates.js completed successfully
[2025-12-15T04:07:01.500Z] Running lib/validate-data.js...
[2025-12-15T04:07:01.576Z] [lib/validate-data.js] Running data validation...
[2025-12-15T04:07:01.577Z] [lib/validate-data.js] Validating MOVE index data...
[2025-12-15T04:07:01.577Z] [lib/validate-data.js] Found 111 MOVE data points
[2025-12-15T04:07:01.638Z] [lib/validate-data.js] WorldTimeAPI failed, trying alternative source
[2025-12-15T04:07:02.250Z] [lib/validate-data.js] Using TimeAPI date: 2025-12-15T04:07:02.1560016
[2025-12-15T04:07:02.250Z] [lib/validate-data.js] Using reference date: 2025-12-15
[2025-12-15T04:07:02.250Z] [lib/validate-data.js] MOVE index data validation passed ✓
[2025-12-15T04:07:02.251Z] [lib/validate-data.js] Validating SRF data...
[2025-12-15T04:07:02.251Z] [lib/validate-data.js] Found 1017 SRF data points
[2025-12-15T04:07:02.369Z] [lib/validate-data.js] WorldTimeAPI failed, trying alternative source
[2025-12-15T04:07:02.981Z] [lib/validate-data.js] Using TimeAPI date: 2025-12-15T04:07:02.8924576
[2025-12-15T04:07:02.982Z] [lib/validate-data.js] SRF data validation passed ✓
[2025-12-15T04:07:02.983Z] [lib/validate-data.js] Validating Treasury funding data...
[2025-12-15T04:07:02.983Z] [lib/validate-data.js] Found 282 Treasury funding data points
[2025-12-15T04:07:02.983Z] [lib/validate-data.js] Treasury funding data validation passed ✓
[2025-12-15T04:07:02.983Z] [lib/validate-data.js] All data validation passed ✓
[2025-12-15T04:07:02.987Z] lib/validate-data.js completed successfully
[2025-12-15T04:07:02.987Z] Dashboard update process completed successfully
