[2026-06-12T07:57:12.004Z] Starting Liquidity Dashboard update process
[2026-06-12T07:57:12.006Z] Running lib/data-backup.js...
[2026-06-12T07:57:12.035Z] [lib/data-backup.js] ERROR: node:internal/modules/cjs/loader:1031
  throw err;
  ^

Error: Cannot find module '/home/runner/work/liquiditydashboard/liquiditydashboard/web/lib/data-backup.js'
    at Function.Module._resolveFilename (node:internal/modules/cjs/loader:1028:15)
    at Function.Module._load (node:internal/modules/cjs/loader:873:27)
    at Function.executeUserEntryPoint [as runMain] (node:internal/modules/run_main:81:12)
    at node:internal/main/run_main_module:22:47 {
  code: 'MODULE_NOT_FOUND',
  requireStack: []
}
[2026-06-12T07:57:12.037Z] lib/data-backup.js failed with exit code 1
[2026-06-12T07:57:12.038Z] Running lib/data-backup.js clean...
[2026-06-12T07:57:12.064Z] [lib/data-backup.js clean] ERROR: node:internal/modules/cjs/loader:1031
  throw err;
  ^

Error: Cannot find module '/home/runner/work/liquiditydashboard/liquiditydashboard/web/lib/data-backup.js'
    at Function.Module._resolveFilename (node:internal/modules/cjs/loader:1028:15)
    at Function.Module._load (node:internal/modules/cjs/loader:873:27)
    at Function.executeUserEntryPoint [as runMain] (node:internal/modules/run_main:81:12)
    at node:internal/main/run_main_module:22:47 {
  code: 'MODULE_NOT_FOUND',
  requireStack: []
}
[2026-06-12T07:57:12.066Z] lib/data-backup.js clean failed with exit code 1
[2026-06-12T07:57:12.066Z] Running lib/import-historical-move-data.js...
[2026-06-12T07:57:12.093Z] [lib/import-historical-move-data.js] ERROR: node:internal/modules/cjs/loader:1031
  throw err;
  ^

Error: Cannot find module '/home/runner/work/liquiditydashboard/liquiditydashboard/web/lib/import-historical-move-data.js'
    at Function.Module._resolveFilename (node:internal/modules/cjs/loader:1028:15)
    at Function.Module._load (node:internal/modules/cjs/loader:873:27)
    at Function.executeUserEntryPoint [as runMain] (node:internal/modules/run_main:81:12)
    at node:internal/main/run_main_module:22:47 {
  code: 'MODULE_NOT_FOUND',
  requireStack: []
}
[2026-06-12T07:57:12.095Z] lib/import-historical-move-data.js failed with exit code 1
[2026-06-12T07:57:12.095Z] Running lib/fetch-move-data.js...
[2026-06-12T07:57:12.122Z] [lib/fetch-move-data.js] ERROR: node:internal/modules/cjs/loader:1031
  throw err;
  ^

Error: Cannot find module '/home/runner/work/liquiditydashboard/liquiditydashboard/web/lib/fetch-move-data.js'
    at Function.Module._resolveFilename (node:internal/modules/cjs/loader:1028:15)
    at Function.Module._load (node:internal/modules/cjs/loader:873:27)
    at Function.executeUserEntryPoint [as runMain] (node:internal/modules/run_main:81:12)
    at node:internal/main/run_main_module:22:47 {
  code: 'MODULE_NOT_FOUND',
  requireStack: []
}
[2026-06-12T07:57:12.124Z] lib/fetch-move-data.js failed with exit code 1
[2026-06-12T07:57:12.124Z] Running lib/fetch-srf-data.js...
[2026-06-12T07:57:12.151Z] [lib/fetch-srf-data.js] ERROR: node:internal/modules/cjs/loader:1031
  throw err;
  ^

Error: Cannot find module '/home/runner/work/liquiditydashboard/liquiditydashboard/web/lib/fetch-srf-data.js'
    at Function.Module._resolveFilename (node:internal/modules/cjs/loader:1028:15)
    at Function.Module._load (node:internal/modules/cjs/loader:873:27)
    at Function.executeUserEntryPoint [as runMain] (node:internal/modules/run_main:81:12)
    at node:internal/main/run_main_module:22:47 {
  code: 'MODULE_NOT_FOUND',
  requireStack: []
}
[2026-06-12T07:57:12.153Z] lib/fetch-srf-data.js failed with exit code 1
[2026-06-12T07:57:12.153Z] Running lib/fetch-bill-share-data.js...
[2026-06-12T07:57:12.181Z] [lib/fetch-bill-share-data.js] ERROR: node:internal/modules/cjs/loader:1031
  throw err;
  ^

Error: Cannot find module '/home/runner/work/liquiditydashboard/liquiditydashboard/web/lib/fetch-bill-share-data.js'
    at Function.Module._resolveFilename (node:internal/modules/cjs/loader:1028:15)
    at Function.Module._load (node:internal/modules/cjs/loader:873:27)
    at Function.executeUserEntryPoint [as runMain] (node:internal/modules/run_main:81:12)
    at node:internal/main/run_main_module:22:47 {
  code: 'MODULE_NOT_FOUND',
  requireStack: []
}
[2026-06-12T07:57:12.182Z] lib/fetch-bill-share-data.js failed with exit code 1
[2026-06-12T07:57:12.183Z] Running lib/cleanup-future-dates.js...
[2026-06-12T07:57:12.262Z] [lib/cleanup-future-dates.js] Starting data cleanup process...
[2026-06-12T07:57:12.593Z] [lib/cleanup-future-dates.js] WorldTimeAPI failed, trying alternative source
[2026-06-12T07:57:13.180Z] [lib/cleanup-future-dates.js] Using TimeAPI date: 2026-06-12T07:57:15.4257617
[2026-06-12T07:57:13.180Z] [lib/cleanup-future-dates.js] Using reference date: 2026-6-12
[2026-06-12T07:57:13.180Z] [lib/cleanup-future-dates.js] Processing MOVE index data (/home/runner/work/liquiditydashboard/liquiditydashboard/web/public/series/move.json)...
[2026-06-12T07:57:13.180Z] [lib/cleanup-future-dates.js] Loaded 111 MOVE index data points
[2026-06-12T07:57:13.181Z] [lib/cleanup-future-dates.js] No future-dated entries found in MOVE index data
[2026-06-12T07:57:13.181Z] [lib/cleanup-future-dates.js] Processing SRF data (/home/runner/work/liquiditydashboard/liquiditydashboard/web/public/series/srf.json)...
[2026-06-12T07:57:13.181Z] [lib/cleanup-future-dates.js] Loaded 1017 SRF data points
[2026-06-12T07:57:13.182Z] [lib/cleanup-future-dates.js] No future-dated entries found in SRF data
[2026-06-12T07:57:13.182Z] [lib/cleanup-future-dates.js] Processing Treasury bill share data (/home/runner/work/liquiditydashboard/liquiditydashboard/web/public/series/bill-share.json)...
[2026-06-12T07:57:13.183Z] [lib/cleanup-future-dates.js] Loaded 282 Treasury bill share data points
[2026-06-12T07:57:13.183Z] [lib/cleanup-future-dates.js] No future-dated entries found in Treasury bill share data
[2026-06-12T07:57:13.183Z] [lib/cleanup-future-dates.js] Cleanup complete! Removed 0 future-dated entries in total.
[2026-06-12T07:57:13.183Z] [lib/cleanup-future-dates.js] Data cleanup completed with no changes needed
[2026-06-12T07:57:13.186Z] lib/cleanup-future-dates.js completed successfully
[2026-06-12T07:57:13.186Z] Running lib/validate-data.js...
[2026-06-12T07:57:13.264Z] [lib/validate-data.js] Running data validation...
[2026-06-12T07:57:13.265Z] [lib/validate-data.js] Validating MOVE index data...
[2026-06-12T07:57:13.265Z] [lib/validate-data.js] Found 111 MOVE data points
[2026-06-12T07:57:13.382Z] [lib/validate-data.js] WorldTimeAPI failed, trying alternative source
[2026-06-12T07:57:13.803Z] [lib/validate-data.js] Using TimeAPI date: 2026-06-12T07:57:16.0485873
[2026-06-12T07:57:13.803Z] [lib/validate-data.js] Using reference date: 2026-6-12
[2026-06-12T07:57:13.803Z] [lib/validate-data.js] MOVE index data validation passed ✓
[2026-06-12T07:57:13.804Z] [lib/validate-data.js] Validating SRF data...
[2026-06-12T07:57:13.804Z] [lib/validate-data.js] Found 1017 SRF data points
[2026-06-12T07:57:13.828Z] [lib/validate-data.js] WorldTimeAPI failed, trying alternative source
[2026-06-12T07:57:14.246Z] [lib/validate-data.js] Using TimeAPI date: 2026-06-12T07:57:16.4967911
[2026-06-12T07:57:14.248Z] [lib/validate-data.js] SRF data validation passed ✓
[2026-06-12T07:57:14.248Z] [lib/validate-data.js] Validating Treasury funding data...
[2026-06-12T07:57:14.248Z] [lib/validate-data.js] Found 282 Treasury funding data points
[2026-06-12T07:57:14.248Z] [lib/validate-data.js] Treasury funding data validation passed ✓
[2026-06-12T07:57:14.249Z] [lib/validate-data.js] All data validation passed ✓
[2026-06-12T07:57:14.251Z] lib/validate-data.js completed successfully
[2026-06-12T07:57:14.251Z] Dashboard update process completed successfully
