[2025-10-19T03:48:46.291Z] Starting Liquidity Dashboard update process
[2025-10-19T03:48:46.293Z] Running lib/data-backup.js...
[2025-10-19T03:48:46.322Z] [lib/data-backup.js] ERROR: node:internal/modules/cjs/loader:1031
  throw err;
  ^

Error: Cannot find module '/home/runner/work/liquiditydashboard/liquiditydashboard/web/lib/data-backup.js'
    at Function.Module._resolveFilename (node:internal/modules/cjs/loader:1028:15)
    at Function.Module._load (node:internal/modules/cjs/loader:873:27)
    at Function.executeUserEntryPoint [as runMain] (node:internal/modules/run_main:81:12)
    at node:internal/main/run_main_module:22:47 {
  code: 'MODULE_NOT_FOUND',
  requireStack: []
}
[2025-10-19T03:48:46.324Z] lib/data-backup.js failed with exit code 1
[2025-10-19T03:48:46.324Z] Running lib/data-backup.js clean...
[2025-10-19T03:48:46.352Z] [lib/data-backup.js clean] ERROR: node:internal/modules/cjs/loader:1031
  throw err;
  ^

Error: Cannot find module '/home/runner/work/liquiditydashboard/liquiditydashboard/web/lib/data-backup.js'
    at Function.Module._resolveFilename (node:internal/modules/cjs/loader:1028:15)
    at Function.Module._load (node:internal/modules/cjs/loader:873:27)
    at Function.executeUserEntryPoint [as runMain] (node:internal/modules/run_main:81:12)
    at node:internal/main/run_main_module:22:47 {
  code: 'MODULE_NOT_FOUND',
  requireStack: []
}
[2025-10-19T03:48:46.354Z] lib/data-backup.js clean failed with exit code 1
[2025-10-19T03:48:46.354Z] Running lib/import-historical-move-data.js...
[2025-10-19T03:48:46.382Z] [lib/import-historical-move-data.js] ERROR: node:internal/modules/cjs/loader:1031
  throw err;
  ^

Error: Cannot find module '/home/runner/work/liquiditydashboard/liquiditydashboard/web/lib/import-historical-move-data.js'
    at Function.Module._resolveFilename (node:internal/modules/cjs/loader:1028:15)
    at Function.Module._load (node:internal/modules/cjs/loader:873:27)
    at Function.executeUserEntryPoint [as runMain] (node:internal/modules/run_main:81:12)
    at node:internal/main/run_main_module:22:47 {
  code: 'MODULE_NOT_FOUND',
  requireStack: []
}
[2025-10-19T03:48:46.383Z] lib/import-historical-move-data.js failed with exit code 1
[2025-10-19T03:48:46.384Z] Running lib/fetch-move-data.js...
[2025-10-19T03:48:46.412Z] [lib/fetch-move-data.js] ERROR: node:internal/modules/cjs/loader:1031
  throw err;
  ^

Error: Cannot find module '/home/runner/work/liquiditydashboard/liquiditydashboard/web/lib/fetch-move-data.js'
    at Function.Module._resolveFilename (node:internal/modules/cjs/loader:1028:15)
    at Function.Module._load (node:internal/modules/cjs/loader:873:27)
    at Function.executeUserEntryPoint [as runMain] (node:internal/modules/run_main:81:12)
    at node:internal/main/run_main_module:22:47 {
  code: 'MODULE_NOT_FOUND',
  requireStack: []
}
[2025-10-19T03:48:46.414Z] lib/fetch-move-data.js failed with exit code 1
[2025-10-19T03:48:46.414Z] Running lib/fetch-srf-data.js...
[2025-10-19T03:48:46.443Z] [lib/fetch-srf-data.js] ERROR: node:internal/modules/cjs/loader:1031
  throw err;
  ^

Error: Cannot find module '/home/runner/work/liquiditydashboard/liquiditydashboard/web/lib/fetch-srf-data.js'
    at Function.Module._resolveFilename (node:internal/modules/cjs/loader:1028:15)
    at Function.Module._load (node:internal/modules/cjs/loader:873:27)
    at Function.executeUserEntryPoint [as runMain] (node:internal/modules/run_main:81:12)
    at node:internal/main/run_main_module:22:47 {
  code: 'MODULE_NOT_FOUND',
  requireStack: []
}
[2025-10-19T03:48:46.445Z] lib/fetch-srf-data.js failed with exit code 1
[2025-10-19T03:48:46.445Z] Running lib/fetch-bill-share-data.js...
[2025-10-19T03:48:46.473Z] [lib/fetch-bill-share-data.js] ERROR: node:internal/modules/cjs/loader:1031
  throw err;
  ^

Error: Cannot find module '/home/runner/work/liquiditydashboard/liquiditydashboard/web/lib/fetch-bill-share-data.js'
    at Function.Module._resolveFilename (node:internal/modules/cjs/loader:1028:15)
    at Function.Module._load (node:internal/modules/cjs/loader:873:27)
    at Function.executeUserEntryPoint [as runMain] (node:internal/modules/run_main:81:12)
    at node:internal/main/run_main_module:22:47 {
  code: 'MODULE_NOT_FOUND',
  requireStack: []
}
[2025-10-19T03:48:46.475Z] lib/fetch-bill-share-data.js failed with exit code 1
[2025-10-19T03:48:46.475Z] Running lib/cleanup-future-dates.js...
[2025-10-19T03:48:46.549Z] [lib/cleanup-future-dates.js] Starting data cleanup process...
[2025-10-19T03:48:46.835Z] [lib/cleanup-future-dates.js] WorldTimeAPI failed, trying alternative source
[2025-10-19T03:48:47.888Z] [lib/cleanup-future-dates.js] Using TimeAPI date: 2025-10-19T03:48:47.8141487
[2025-10-19T03:48:47.888Z] [lib/cleanup-future-dates.js] Using reference date: 2025-10-19
[2025-10-19T03:48:47.888Z] [lib/cleanup-future-dates.js] Processing MOVE index data (/home/runner/work/liquiditydashboard/liquiditydashboard/web/public/series/move.json)...
[2025-10-19T03:48:47.888Z] [lib/cleanup-future-dates.js] Loaded 111 MOVE index data points
[2025-10-19T03:48:47.889Z] [lib/cleanup-future-dates.js] No future-dated entries found in MOVE index data
[2025-10-19T03:48:47.889Z] [lib/cleanup-future-dates.js] Processing SRF data (/home/runner/work/liquiditydashboard/liquiditydashboard/web/public/series/srf.json)...
[2025-10-19T03:48:47.890Z] [lib/cleanup-future-dates.js] Loaded 1017 SRF data points
[2025-10-19T03:48:47.891Z] [lib/cleanup-future-dates.js] No future-dated entries found in SRF data
[2025-10-19T03:48:47.891Z] [lib/cleanup-future-dates.js] Processing Treasury bill share data (/home/runner/work/liquiditydashboard/liquiditydashboard/web/public/series/bill-share.json)...
[2025-10-19T03:48:47.892Z] [lib/cleanup-future-dates.js] Loaded 282 Treasury bill share data points
[2025-10-19T03:48:47.892Z] [lib/cleanup-future-dates.js] No future-dated entries found in Treasury bill share data
[2025-10-19T03:48:47.892Z] [lib/cleanup-future-dates.js] Cleanup complete! Removed 0 future-dated entries in total.
Data cleanup completed with no changes needed
[2025-10-19T03:48:47.896Z] lib/cleanup-future-dates.js completed successfully
[2025-10-19T03:48:47.896Z] Running lib/validate-data.js...
[2025-10-19T03:48:47.969Z] [lib/validate-data.js] Running data validation...
[2025-10-19T03:48:47.969Z] [lib/validate-data.js] Validating MOVE index data...
[2025-10-19T03:48:47.969Z] [lib/validate-data.js] Found 111 MOVE data points
[2025-10-19T03:48:48.109Z] [lib/validate-data.js] WorldTimeAPI failed, trying alternative source
[2025-10-19T03:48:48.809Z] [lib/validate-data.js] Using TimeAPI date: 2025-10-19T03:48:48.7358318
[2025-10-19T03:48:48.809Z] [lib/validate-data.js] Using reference date: 2025-10-19
[2025-10-19T03:48:48.810Z] [lib/validate-data.js] MOVE index data validation passed ✓
[2025-10-19T03:48:48.810Z] [lib/validate-data.js] Validating SRF data...
[2025-10-19T03:48:48.811Z] [lib/validate-data.js] Found 1017 SRF data points
[2025-10-19T03:48:48.890Z] [lib/validate-data.js] WorldTimeAPI failed, trying alternative source
[2025-10-19T03:48:49.286Z] [lib/validate-data.js] Using TimeAPI date: 2025-10-19T03:48:49.2148783
[2025-10-19T03:48:49.287Z] [lib/validate-data.js] SRF data validation passed ✓
[2025-10-19T03:48:49.287Z] [lib/validate-data.js] Validating Treasury funding data...
[2025-10-19T03:48:49.288Z] [lib/validate-data.js] Found 282 Treasury funding data points
[2025-10-19T03:48:49.288Z] [lib/validate-data.js] Treasury funding data validation passed ✓
[2025-10-19T03:48:49.288Z] [lib/validate-data.js] All data validation passed ✓
[2025-10-19T03:48:49.291Z] lib/validate-data.js completed successfully
[2025-10-19T03:48:49.291Z] Dashboard update process completed successfully
