[2025-09-15T03:41:22.421Z] Starting Liquidity Dashboard update process
[2025-09-15T03:41:22.423Z] Running lib/data-backup.js...
[2025-09-15T03:41:22.452Z] [lib/data-backup.js] ERROR: node:internal/modules/cjs/loader:1031
  throw err;
  ^

Error: Cannot find module '/home/runner/work/liquiditydashboard/liquiditydashboard/web/lib/data-backup.js'
    at Function.Module._resolveFilename (node:internal/modules/cjs/loader:1028:15)
    at Function.Module._load (node:internal/modules/cjs/loader:873:27)
    at Function.executeUserEntryPoint [as runMain] (node:internal/modules/run_main:81:12)
    at node:internal/main/run_main_module:22:47 {
  code: 'MODULE_NOT_FOUND',
  requireStack: []
}
[2025-09-15T03:41:22.455Z] lib/data-backup.js failed with exit code 1
[2025-09-15T03:41:22.455Z] Running lib/data-backup.js clean...
[2025-09-15T03:41:22.483Z] [lib/data-backup.js clean] ERROR: node:internal/modules/cjs/loader:1031
  throw err;
  ^

Error: Cannot find module '/home/runner/work/liquiditydashboard/liquiditydashboard/web/lib/data-backup.js'
    at Function.Module._resolveFilename (node:internal/modules/cjs/loader:1028:15)
    at Function.Module._load (node:internal/modules/cjs/loader:873:27)
    at Function.executeUserEntryPoint [as runMain] (node:internal/modules/run_main:81:12)
    at node:internal/main/run_main_module:22:47 {
  code: 'MODULE_NOT_FOUND',
  requireStack: []
}
[2025-09-15T03:41:22.485Z] lib/data-backup.js clean failed with exit code 1
[2025-09-15T03:41:22.485Z] Running lib/import-historical-move-data.js...
[2025-09-15T03:41:22.513Z] [lib/import-historical-move-data.js] ERROR: node:internal/modules/cjs/loader:1031
  throw err;
  ^

Error: Cannot find module '/home/runner/work/liquiditydashboard/liquiditydashboard/web/lib/import-historical-move-data.js'
    at Function.Module._resolveFilename (node:internal/modules/cjs/loader:1028:15)
    at Function.Module._load (node:internal/modules/cjs/loader:873:27)
    at Function.executeUserEntryPoint [as runMain] (node:internal/modules/run_main:81:12)
    at node:internal/main/run_main_module:22:47 {
  code: 'MODULE_NOT_FOUND',
  requireStack: []
}
[2025-09-15T03:41:22.515Z] lib/import-historical-move-data.js failed with exit code 1
[2025-09-15T03:41:22.515Z] Running lib/fetch-move-data.js...
[2025-09-15T03:41:22.543Z] [lib/fetch-move-data.js] ERROR: node:internal/modules/cjs/loader:1031
  throw err;
  ^

Error: Cannot find module '/home/runner/work/liquiditydashboard/liquiditydashboard/web/lib/fetch-move-data.js'
    at Function.Module._resolveFilename (node:internal/modules/cjs/loader:1028:15)
    at Function.Module._load (node:internal/modules/cjs/loader:873:27)
    at Function.executeUserEntryPoint [as runMain] (node:internal/modules/run_main:81:12)
    at node:internal/main/run_main_module:22:47 {
  code: 'MODULE_NOT_FOUND',
  requireStack: []
}
[2025-09-15T03:41:22.545Z] lib/fetch-move-data.js failed with exit code 1
[2025-09-15T03:41:22.545Z] Running lib/fetch-srf-data.js...
[2025-09-15T03:41:22.573Z] [lib/fetch-srf-data.js] ERROR: node:internal/modules/cjs/loader:1031
  throw err;
  ^

Error: Cannot find module '/home/runner/work/liquiditydashboard/liquiditydashboard/web/lib/fetch-srf-data.js'
    at Function.Module._resolveFilename (node:internal/modules/cjs/loader:1028:15)
    at Function.Module._load (node:internal/modules/cjs/loader:873:27)
    at Function.executeUserEntryPoint [as runMain] (node:internal/modules/run_main:81:12)
    at node:internal/main/run_main_module:22:47 {
  code: 'MODULE_NOT_FOUND',
  requireStack: []
}
[2025-09-15T03:41:22.575Z] lib/fetch-srf-data.js failed with exit code 1
[2025-09-15T03:41:22.576Z] Running lib/fetch-bill-share-data.js...
[2025-09-15T03:41:22.604Z] [lib/fetch-bill-share-data.js] ERROR: node:internal/modules/cjs/loader:1031
  throw err;
  ^

Error: Cannot find module '/home/runner/work/liquiditydashboard/liquiditydashboard/web/lib/fetch-bill-share-data.js'
    at Function.Module._resolveFilename (node:internal/modules/cjs/loader:1028:15)
    at Function.Module._load (node:internal/modules/cjs/loader:873:27)
    at Function.executeUserEntryPoint [as runMain] (node:internal/modules/run_main:81:12)
    at node:internal/main/run_main_module:22:47 {
  code: 'MODULE_NOT_FOUND',
  requireStack: []
}
[2025-09-15T03:41:22.606Z] lib/fetch-bill-share-data.js failed with exit code 1
[2025-09-15T03:41:22.607Z] Running lib/cleanup-future-dates.js...
[2025-09-15T03:41:22.683Z] [lib/cleanup-future-dates.js] Starting data cleanup process...
[2025-09-15T03:41:22.870Z] [lib/cleanup-future-dates.js] WorldTimeAPI failed, trying alternative source
[2025-09-15T03:41:23.455Z] [lib/cleanup-future-dates.js] Using TimeAPI date: 2025-09-15T03:41:23.3834727
[2025-09-15T03:41:23.455Z] [lib/cleanup-future-dates.js] Using reference date: 2025-9-15
[2025-09-15T03:41:23.455Z] [lib/cleanup-future-dates.js] Processing MOVE index data (/home/runner/work/liquiditydashboard/liquiditydashboard/web/public/series/move.json)...
[2025-09-15T03:41:23.455Z] [lib/cleanup-future-dates.js] Loaded 111 MOVE index data points
[2025-09-15T03:41:23.456Z] [lib/cleanup-future-dates.js] No future-dated entries found in MOVE index data
[2025-09-15T03:41:23.456Z] [lib/cleanup-future-dates.js] Processing SRF data (/home/runner/work/liquiditydashboard/liquiditydashboard/web/public/series/srf.json)...
[2025-09-15T03:41:23.457Z] [lib/cleanup-future-dates.js] Loaded 1017 SRF data points
[2025-09-15T03:41:23.458Z] [lib/cleanup-future-dates.js] No future-dated entries found in SRF data
[2025-09-15T03:41:23.458Z] [lib/cleanup-future-dates.js] Processing Treasury bill share data (/home/runner/work/liquiditydashboard/liquiditydashboard/web/public/series/bill-share.json)...
[2025-09-15T03:41:23.458Z] [lib/cleanup-future-dates.js] Loaded 282 Treasury bill share data points
[2025-09-15T03:41:23.459Z] [lib/cleanup-future-dates.js] No future-dated entries found in Treasury bill share data
[2025-09-15T03:41:23.459Z] [lib/cleanup-future-dates.js] Cleanup complete! Removed 0 future-dated entries in total.
Data cleanup completed with no changes needed
[2025-09-15T03:41:23.463Z] lib/cleanup-future-dates.js completed successfully
[2025-09-15T03:41:23.463Z] Running lib/validate-data.js...
[2025-09-15T03:41:23.549Z] [lib/validate-data.js] Running data validation...
[2025-09-15T03:41:23.550Z] [lib/validate-data.js] Validating MOVE index data...
[2025-09-15T03:41:23.550Z] [lib/validate-data.js] Found 111 MOVE data points
[2025-09-15T03:41:23.632Z] [lib/validate-data.js] WorldTimeAPI failed, trying alternative source
[2025-09-15T03:41:24.805Z] [lib/validate-data.js] Using TimeAPI date: 2025-09-15T03:41:24.7339027
[2025-09-15T03:41:24.805Z] [lib/validate-data.js] Using reference date: 2025-9-15
[2025-09-15T03:41:24.806Z] [lib/validate-data.js] MOVE index data validation passed ✓
[2025-09-15T03:41:24.806Z] [lib/validate-data.js] Validating SRF data...
[2025-09-15T03:41:24.807Z] [lib/validate-data.js] Found 1017 SRF data points
[2025-09-15T03:41:24.849Z] [lib/validate-data.js] WorldTimeAPI failed, trying alternative source
[2025-09-15T03:41:25.528Z] [lib/validate-data.js] Using TimeAPI date: 2025-09-15T03:41:25.4618289
[2025-09-15T03:41:25.530Z] [lib/validate-data.js] SRF data validation passed ✓
[2025-09-15T03:41:25.530Z] [lib/validate-data.js] Validating Treasury funding data...
[2025-09-15T03:41:25.530Z] [lib/validate-data.js] Found 282 Treasury funding data points
[2025-09-15T03:41:25.531Z] [lib/validate-data.js] Treasury funding data validation passed ✓
[2025-09-15T03:41:25.531Z] [lib/validate-data.js] All data validation passed ✓
[2025-09-15T03:41:25.534Z] lib/validate-data.js completed successfully
[2025-09-15T03:41:25.534Z] Dashboard update process completed successfully
