[2025-06-12T03:50:08.439Z] Starting Liquidity Dashboard update process
[2025-06-12T03:50:08.441Z] Running lib/data-backup.js...
[2025-06-12T03:50:08.470Z] [lib/data-backup.js] ERROR: node:internal/modules/cjs/loader:1031
  throw err;
  ^

Error: Cannot find module '/home/runner/work/liquiditydashboard/liquiditydashboard/web/lib/data-backup.js'
    at Function.Module._resolveFilename (node:internal/modules/cjs/loader:1028:15)
    at Function.Module._load (node:internal/modules/cjs/loader:873:27)
    at Function.executeUserEntryPoint [as runMain] (node:internal/modules/run_main:81:12)
    at node:internal/main/run_main_module:22:47 {
  code: 'MODULE_NOT_FOUND',
  requireStack: []
}
[2025-06-12T03:50:08.473Z] lib/data-backup.js failed with exit code 1
[2025-06-12T03:50:08.473Z] Running lib/data-backup.js clean...
[2025-06-12T03:50:08.502Z] [lib/data-backup.js clean] ERROR: node:internal/modules/cjs/loader:1031
  throw err;
  ^

Error: Cannot find module '/home/runner/work/liquiditydashboard/liquiditydashboard/web/lib/data-backup.js'
    at Function.Module._resolveFilename (node:internal/modules/cjs/loader:1028:15)
    at Function.Module._load (node:internal/modules/cjs/loader:873:27)
    at Function.executeUserEntryPoint [as runMain] (node:internal/modules/run_main:81:12)
    at node:internal/main/run_main_module:22:47 {
  code: 'MODULE_NOT_FOUND',
  requireStack: []
}
[2025-06-12T03:50:08.504Z] lib/data-backup.js clean failed with exit code 1
[2025-06-12T03:50:08.504Z] Running lib/import-historical-move-data.js...
[2025-06-12T03:50:08.532Z] [lib/import-historical-move-data.js] ERROR: node:internal/modules/cjs/loader:1031
  throw err;
  ^

Error: Cannot find module '/home/runner/work/liquiditydashboard/liquiditydashboard/web/lib/import-historical-move-data.js'
    at Function.Module._resolveFilename (node:internal/modules/cjs/loader:1028:15)
    at Function.Module._load (node:internal/modules/cjs/loader:873:27)
    at Function.executeUserEntryPoint [as runMain] (node:internal/modules/run_main:81:12)
    at node:internal/main/run_main_module:22:47 {
  code: 'MODULE_NOT_FOUND',
  requireStack: []
}
[2025-06-12T03:50:08.534Z] lib/import-historical-move-data.js failed with exit code 1
[2025-06-12T03:50:08.535Z] Running lib/fetch-move-data.js...
[2025-06-12T03:50:08.563Z] [lib/fetch-move-data.js] ERROR: node:internal/modules/cjs/loader:1031
  throw err;
  ^

Error: Cannot find module '/home/runner/work/liquiditydashboard/liquiditydashboard/web/lib/fetch-move-data.js'
    at Function.Module._resolveFilename (node:internal/modules/cjs/loader:1028:15)
    at Function.Module._load (node:internal/modules/cjs/loader:873:27)
    at Function.executeUserEntryPoint [as runMain] (node:internal/modules/run_main:81:12)
    at node:internal/main/run_main_module:22:47 {
  code: 'MODULE_NOT_FOUND',
  requireStack: []
}
[2025-06-12T03:50:08.566Z] lib/fetch-move-data.js failed with exit code 1
[2025-06-12T03:50:08.566Z] Running lib/fetch-srf-data.js...
[2025-06-12T03:50:08.595Z] [lib/fetch-srf-data.js] ERROR: node:internal/modules/cjs/loader:1031
  throw err;
  ^

Error: Cannot find module '/home/runner/work/liquiditydashboard/liquiditydashboard/web/lib/fetch-srf-data.js'
    at Function.Module._resolveFilename (node:internal/modules/cjs/loader:1028:15)
    at Function.Module._load (node:internal/modules/cjs/loader:873:27)
    at Function.executeUserEntryPoint [as runMain] (node:internal/modules/run_main:81:12)
    at node:internal/main/run_main_module:22:47 {
  code: 'MODULE_NOT_FOUND',
  requireStack: []
}
[2025-06-12T03:50:08.597Z] lib/fetch-srf-data.js failed with exit code 1
[2025-06-12T03:50:08.597Z] Running lib/fetch-bill-share-data.js...
[2025-06-12T03:50:08.632Z] [lib/fetch-bill-share-data.js] ERROR: node:internal/modules/cjs/loader:1031
  throw err;
  ^

Error: Cannot find module '/home/runner/work/liquiditydashboard/liquiditydashboard/web/lib/fetch-bill-share-data.js'
    at Function.Module._resolveFilename (node:internal/modules/cjs/loader:1028:15)
    at Function.Module._load (node:internal/modules/cjs/loader:873:27)
    at Function.executeUserEntryPoint [as runMain] (node:internal/modules/run_main:81:12)
    at node:internal/main/run_main_module:22:47 {
  code: 'MODULE_NOT_FOUND',
  requireStack: []
}
[2025-06-12T03:50:08.634Z] lib/fetch-bill-share-data.js failed with exit code 1
[2025-06-12T03:50:08.634Z] Running lib/cleanup-future-dates.js...
[2025-06-12T03:50:08.711Z] [lib/cleanup-future-dates.js] Starting data cleanup process...
[2025-06-12T03:50:09.229Z] [lib/cleanup-future-dates.js] Using WorldTimeAPI date: 2025-06-12T03:50:09.207639+00:00
[2025-06-12T03:50:09.229Z] [lib/cleanup-future-dates.js] Using reference date: 2025-6-12
[2025-06-12T03:50:09.229Z] [lib/cleanup-future-dates.js] Processing MOVE index data (/home/runner/work/liquiditydashboard/liquiditydashboard/web/public/series/move.json)...
[2025-06-12T03:50:09.230Z] [lib/cleanup-future-dates.js] Loaded 111 MOVE index data points
[2025-06-12T03:50:09.230Z] [lib/cleanup-future-dates.js] No future-dated entries found in MOVE index data
[2025-06-12T03:50:09.230Z] [lib/cleanup-future-dates.js] Processing SRF data (/home/runner/work/liquiditydashboard/liquiditydashboard/web/public/series/srf.json)...
[2025-06-12T03:50:09.231Z] [lib/cleanup-future-dates.js] Loaded 1017 SRF data points
[2025-06-12T03:50:09.232Z] [lib/cleanup-future-dates.js] No future-dated entries found in SRF data
[2025-06-12T03:50:09.232Z] [lib/cleanup-future-dates.js] Processing Treasury bill share data (/home/runner/work/liquiditydashboard/liquiditydashboard/web/public/series/bill-share.json)...
[2025-06-12T03:50:09.232Z] [lib/cleanup-future-dates.js] Loaded 282 Treasury bill share data points
[2025-06-12T03:50:09.232Z] [lib/cleanup-future-dates.js] No future-dated entries found in Treasury bill share data
[2025-06-12T03:50:09.233Z] [lib/cleanup-future-dates.js] Cleanup complete! Removed 0 future-dated entries in total.
Data cleanup completed with no changes needed
[2025-06-12T03:50:09.235Z] lib/cleanup-future-dates.js completed successfully
[2025-06-12T03:50:09.236Z] Running lib/validate-data.js...
[2025-06-12T03:50:09.309Z] [lib/validate-data.js] Running data validation...
[2025-06-12T03:50:09.309Z] [lib/validate-data.js] Validating MOVE index data...
[2025-06-12T03:50:09.310Z] [lib/validate-data.js] Found 111 MOVE data points
[2025-06-12T03:50:09.355Z] [lib/validate-data.js] WorldTimeAPI failed, trying alternative source
[2025-06-12T03:50:09.837Z] [lib/validate-data.js] Using TimeAPI date: 2025-06-12T03:50:09.7818163
[2025-06-12T03:50:09.838Z] [lib/validate-data.js] Using reference date: 2025-6-12
[2025-06-12T03:50:09.838Z] [lib/validate-data.js] MOVE index data validation passed ✓
[2025-06-12T03:50:09.838Z] [lib/validate-data.js] Validating SRF data...
[2025-06-12T03:50:09.839Z] [lib/validate-data.js] Found 1017 SRF data points
[2025-06-12T03:50:10.133Z] [lib/validate-data.js] Using WorldTimeAPI date: 2025-06-12T03:50:10.116740+00:00
[2025-06-12T03:50:10.135Z] [lib/validate-data.js] SRF data validation passed ✓
[2025-06-12T03:50:10.135Z] [lib/validate-data.js] Validating Treasury funding data...
[2025-06-12T03:50:10.135Z] [lib/validate-data.js] Found 282 Treasury funding data points
[2025-06-12T03:50:10.135Z] [lib/validate-data.js] Treasury funding data validation passed ✓
[2025-06-12T03:50:10.136Z] [lib/validate-data.js] All data validation passed ✓
[2025-06-12T03:50:10.139Z] lib/validate-data.js completed successfully
[2025-06-12T03:50:10.139Z] Dashboard update process completed successfully
