[2026-05-02T05:41:42.393Z] Starting Liquidity Dashboard update process
[2026-05-02T05:41:42.395Z] Running lib/data-backup.js...
[2026-05-02T05:41:42.426Z] [lib/data-backup.js] ERROR: node:internal/modules/cjs/loader:1031
  throw err;
  ^

Error: Cannot find module '/home/runner/work/liquiditydashboard/liquiditydashboard/web/lib/data-backup.js'
    at Function.Module._resolveFilename (node:internal/modules/cjs/loader:1028:15)
    at Function.Module._load (node:internal/modules/cjs/loader:873:27)
    at Function.executeUserEntryPoint [as runMain] (node:internal/modules/run_main:81:12)
    at node:internal/main/run_main_module:22:47 {
  code: 'MODULE_NOT_FOUND',
  requireStack: []
}
[2026-05-02T05:41:42.428Z] lib/data-backup.js failed with exit code 1
[2026-05-02T05:41:42.429Z] Running lib/data-backup.js clean...
[2026-05-02T05:41:42.459Z] [lib/data-backup.js clean] ERROR: node:internal/modules/cjs/loader:1031
  throw err;
  ^

Error: Cannot find module '/home/runner/work/liquiditydashboard/liquiditydashboard/web/lib/data-backup.js'
    at Function.Module._resolveFilename (node:internal/modules/cjs/loader:1028:15)
    at Function.Module._load (node:internal/modules/cjs/loader:873:27)
    at Function.executeUserEntryPoint [as runMain] (node:internal/modules/run_main:81:12)
    at node:internal/main/run_main_module:22:47 {
  code: 'MODULE_NOT_FOUND',
  requireStack: []
}
[2026-05-02T05:41:42.461Z] lib/data-backup.js clean failed with exit code 1
[2026-05-02T05:41:42.461Z] Running lib/import-historical-move-data.js...
[2026-05-02T05:41:42.491Z] [lib/import-historical-move-data.js] ERROR: node:internal/modules/cjs/loader:1031
  throw err;
  ^

Error: Cannot find module '/home/runner/work/liquiditydashboard/liquiditydashboard/web/lib/import-historical-move-data.js'
    at Function.Module._resolveFilename (node:internal/modules/cjs/loader:1028:15)
    at Function.Module._load (node:internal/modules/cjs/loader:873:27)
    at Function.executeUserEntryPoint [as runMain] (node:internal/modules/run_main:81:12)
    at node:internal/main/run_main_module:22:47 {
  code: 'MODULE_NOT_FOUND',
  requireStack: []
}
[2026-05-02T05:41:42.493Z] lib/import-historical-move-data.js failed with exit code 1
[2026-05-02T05:41:42.493Z] Running lib/fetch-move-data.js...
[2026-05-02T05:41:42.523Z] [lib/fetch-move-data.js] ERROR: node:internal/modules/cjs/loader:1031
  throw err;
  ^

Error: Cannot find module '/home/runner/work/liquiditydashboard/liquiditydashboard/web/lib/fetch-move-data.js'
    at Function.Module._resolveFilename (node:internal/modules/cjs/loader:1028:15)
    at Function.Module._load (node:internal/modules/cjs/loader:873:27)
    at Function.executeUserEntryPoint [as runMain] (node:internal/modules/run_main:81:12)
    at node:internal/main/run_main_module:22:47 {
  code: 'MODULE_NOT_FOUND',
  requireStack: []
}
[2026-05-02T05:41:42.525Z] lib/fetch-move-data.js failed with exit code 1
[2026-05-02T05:41:42.525Z] Running lib/fetch-srf-data.js...
[2026-05-02T05:41:42.562Z] [lib/fetch-srf-data.js] ERROR: node:internal/modules/cjs/loader:1031
  throw err;
  ^

Error: Cannot find module '/home/runner/work/liquiditydashboard/liquiditydashboard/web/lib/fetch-srf-data.js'
    at Function.Module._resolveFilename (node:internal/modules/cjs/loader:1028:15)
    at Function.Module._load (node:internal/modules/cjs/loader:873:27)
    at Function.executeUserEntryPoint [as runMain] (node:internal/modules/run_main:81:12)
    at node:internal/main/run_main_module:22:47 {
  code: 'MODULE_NOT_FOUND',
  requireStack: []
}
[2026-05-02T05:41:42.564Z] lib/fetch-srf-data.js failed with exit code 1
[2026-05-02T05:41:42.564Z] Running lib/fetch-bill-share-data.js...
[2026-05-02T05:41:42.596Z] [lib/fetch-bill-share-data.js] ERROR: node:internal/modules/cjs/loader:1031
  throw err;
  ^

Error: Cannot find module '/home/runner/work/liquiditydashboard/liquiditydashboard/web/lib/fetch-bill-share-data.js'
    at Function.Module._resolveFilename (node:internal/modules/cjs/loader:1028:15)
    at Function.Module._load (node:internal/modules/cjs/loader:873:27)
    at Function.executeUserEntryPoint [as runMain] (node:internal/modules/run_main:81:12)
    at node:internal/main/run_main_module:22:47 {
  code: 'MODULE_NOT_FOUND',
  requireStack: []
}
[2026-05-02T05:41:42.597Z] lib/fetch-bill-share-data.js failed with exit code 1
[2026-05-02T05:41:42.598Z] Running lib/cleanup-future-dates.js...
[2026-05-02T05:41:42.680Z] [lib/cleanup-future-dates.js] Starting data cleanup process...
[2026-05-02T05:41:42.786Z] [lib/cleanup-future-dates.js] WorldTimeAPI failed, trying alternative source
[2026-05-02T05:41:43.493Z] [lib/cleanup-future-dates.js] Using TimeAPI date: 2026-05-02T05:41:43.3653509
[2026-05-02T05:41:43.493Z] [lib/cleanup-future-dates.js] Using reference date: 2026-5-2

Processing MOVE index data (/home/runner/work/liquiditydashboard/liquiditydashboard/web/public/series/move.json)...
[2026-05-02T05:41:43.493Z] [lib/cleanup-future-dates.js] Loaded 111 MOVE index data points
[2026-05-02T05:41:43.494Z] [lib/cleanup-future-dates.js] No future-dated entries found in MOVE index data
[2026-05-02T05:41:43.494Z] [lib/cleanup-future-dates.js] Processing SRF data (/home/runner/work/liquiditydashboard/liquiditydashboard/web/public/series/srf.json)...
[2026-05-02T05:41:43.495Z] [lib/cleanup-future-dates.js] Loaded 1017 SRF data points
[2026-05-02T05:41:43.497Z] [lib/cleanup-future-dates.js] No future-dated entries found in SRF data
[2026-05-02T05:41:43.497Z] [lib/cleanup-future-dates.js] Processing Treasury bill share data (/home/runner/work/liquiditydashboard/liquiditydashboard/web/public/series/bill-share.json)...
[2026-05-02T05:41:43.497Z] [lib/cleanup-future-dates.js] Loaded 282 Treasury bill share data points
[2026-05-02T05:41:43.498Z] [lib/cleanup-future-dates.js] No future-dated entries found in Treasury bill share data
[2026-05-02T05:41:43.498Z] [lib/cleanup-future-dates.js] Cleanup complete! Removed 0 future-dated entries in total.
Data cleanup completed with no changes needed
[2026-05-02T05:41:43.501Z] lib/cleanup-future-dates.js completed successfully
[2026-05-02T05:41:43.501Z] Running lib/validate-data.js...
[2026-05-02T05:41:43.583Z] [lib/validate-data.js] Running data validation...
[2026-05-02T05:41:43.583Z] [lib/validate-data.js] Validating MOVE index data...
[2026-05-02T05:41:43.584Z] [lib/validate-data.js] Found 111 MOVE data points
[2026-05-02T05:41:43.657Z] [lib/validate-data.js] WorldTimeAPI failed, trying alternative source
[2026-05-02T05:41:44.400Z] [lib/validate-data.js] Using TimeAPI date: 2026-05-02T05:41:44.2685196
[2026-05-02T05:41:44.401Z] [lib/validate-data.js] Using reference date: 2026-5-2
[2026-05-02T05:41:44.401Z] [lib/validate-data.js] MOVE index data validation passed ✓
[2026-05-02T05:41:44.402Z] [lib/validate-data.js] Validating SRF data...
[2026-05-02T05:41:44.402Z] [lib/validate-data.js] Found 1017 SRF data points
[2026-05-02T05:41:44.475Z] [lib/validate-data.js] WorldTimeAPI failed, trying alternative source
[2026-05-02T05:41:45.171Z] [lib/validate-data.js] Using TimeAPI date: 2026-05-02T05:41:45.0502941
[2026-05-02T05:41:45.173Z] [lib/validate-data.js] SRF data validation passed ✓
[2026-05-02T05:41:45.173Z] [lib/validate-data.js] Validating Treasury funding data...
[2026-05-02T05:41:45.174Z] [lib/validate-data.js] Found 282 Treasury funding data points
[2026-05-02T05:41:45.174Z] [lib/validate-data.js] Treasury funding data validation passed ✓
[2026-05-02T05:41:45.174Z] [lib/validate-data.js] All data validation passed ✓
[2026-05-02T05:41:45.177Z] lib/validate-data.js completed successfully
[2026-05-02T05:41:45.177Z] Dashboard update process completed successfully
