[2026-04-15T05:29:43.149Z] Starting Liquidity Dashboard update process
[2026-04-15T05:29:43.150Z] Running lib/data-backup.js...
[2026-04-15T05:29:43.180Z] [lib/data-backup.js] ERROR: node:internal/modules/cjs/loader:1031
  throw err;
  ^

Error: Cannot find module '/home/runner/work/liquiditydashboard/liquiditydashboard/web/lib/data-backup.js'
    at Function.Module._resolveFilename (node:internal/modules/cjs/loader:1028:15)
    at Function.Module._load (node:internal/modules/cjs/loader:873:27)
    at Function.executeUserEntryPoint [as runMain] (node:internal/modules/run_main:81:12)
    at node:internal/main/run_main_module:22:47 {
  code: 'MODULE_NOT_FOUND',
  requireStack: []
}
[2026-04-15T05:29:43.182Z] lib/data-backup.js failed with exit code 1
[2026-04-15T05:29:43.183Z] Running lib/data-backup.js clean...
[2026-04-15T05:29:43.212Z] [lib/data-backup.js clean] ERROR: node:internal/modules/cjs/loader:1031
  throw err;
  ^

Error: Cannot find module '/home/runner/work/liquiditydashboard/liquiditydashboard/web/lib/data-backup.js'
    at Function.Module._resolveFilename (node:internal/modules/cjs/loader:1028:15)
    at Function.Module._load (node:internal/modules/cjs/loader:873:27)
    at Function.executeUserEntryPoint [as runMain] (node:internal/modules/run_main:81:12)
    at node:internal/main/run_main_module:22:47 {
  code: 'MODULE_NOT_FOUND',
  requireStack: []
}
[2026-04-15T05:29:43.214Z] lib/data-backup.js clean failed with exit code 1
[2026-04-15T05:29:43.214Z] Running lib/import-historical-move-data.js...
[2026-04-15T05:29:43.243Z] [lib/import-historical-move-data.js] ERROR: node:internal/modules/cjs/loader:1031
  throw err;
  ^

Error: Cannot find module '/home/runner/work/liquiditydashboard/liquiditydashboard/web/lib/import-historical-move-data.js'
    at Function.Module._resolveFilename (node:internal/modules/cjs/loader:1028:15)
    at Function.Module._load (node:internal/modules/cjs/loader:873:27)
    at Function.executeUserEntryPoint [as runMain] (node:internal/modules/run_main:81:12)
    at node:internal/main/run_main_module:22:47 {
  code: 'MODULE_NOT_FOUND',
  requireStack: []
}
[2026-04-15T05:29:43.244Z] lib/import-historical-move-data.js failed with exit code 1
[2026-04-15T05:29:43.245Z] Running lib/fetch-move-data.js...
[2026-04-15T05:29:43.272Z] [lib/fetch-move-data.js] ERROR: node:internal/modules/cjs/loader:1031
  throw err;
  ^

Error: Cannot find module '/home/runner/work/liquiditydashboard/liquiditydashboard/web/lib/fetch-move-data.js'
    at Function.Module._resolveFilename (node:internal/modules/cjs/loader:1028:15)
    at Function.Module._load (node:internal/modules/cjs/loader:873:27)
    at Function.executeUserEntryPoint [as runMain] (node:internal/modules/run_main:81:12)
    at node:internal/main/run_main_module:22:47 {
  code: 'MODULE_NOT_FOUND',
  requireStack: []
}
[2026-04-15T05:29:43.274Z] lib/fetch-move-data.js failed with exit code 1
[2026-04-15T05:29:43.274Z] Running lib/fetch-srf-data.js...
[2026-04-15T05:29:43.303Z] [lib/fetch-srf-data.js] ERROR: node:internal/modules/cjs/loader:1031
  throw err;
  ^

Error: Cannot find module '/home/runner/work/liquiditydashboard/liquiditydashboard/web/lib/fetch-srf-data.js'
    at Function.Module._resolveFilename (node:internal/modules/cjs/loader:1028:15)
    at Function.Module._load (node:internal/modules/cjs/loader:873:27)
    at Function.executeUserEntryPoint [as runMain] (node:internal/modules/run_main:81:12)
    at node:internal/main/run_main_module:22:47 {
  code: 'MODULE_NOT_FOUND',
  requireStack: []
}
[2026-04-15T05:29:43.305Z] lib/fetch-srf-data.js failed with exit code 1
[2026-04-15T05:29:43.305Z] Running lib/fetch-bill-share-data.js...
[2026-04-15T05:29:43.334Z] [lib/fetch-bill-share-data.js] ERROR: node:internal/modules/cjs/loader:1031
  throw err;
  ^

Error: Cannot find module '/home/runner/work/liquiditydashboard/liquiditydashboard/web/lib/fetch-bill-share-data.js'
    at Function.Module._resolveFilename (node:internal/modules/cjs/loader:1028:15)
    at Function.Module._load (node:internal/modules/cjs/loader:873:27)
    at Function.executeUserEntryPoint [as runMain] (node:internal/modules/run_main:81:12)
    at node:internal/main/run_main_module:22:47 {
  code: 'MODULE_NOT_FOUND',
  requireStack: []
}
[2026-04-15T05:29:43.336Z] lib/fetch-bill-share-data.js failed with exit code 1
[2026-04-15T05:29:43.336Z] Running lib/cleanup-future-dates.js...
[2026-04-15T05:29:43.411Z] [lib/cleanup-future-dates.js] Starting data cleanup process...
[2026-04-15T05:29:43.552Z] [lib/cleanup-future-dates.js] WorldTimeAPI failed, trying alternative source
[2026-04-15T05:29:44.255Z] [lib/cleanup-future-dates.js] Using TimeAPI date: 2026-04-15T05:29:44.2027264
[2026-04-15T05:29:44.255Z] [lib/cleanup-future-dates.js] Using reference date: 2026-4-15

Processing MOVE index data (/home/runner/work/liquiditydashboard/liquiditydashboard/web/public/series/move.json)...
[2026-04-15T05:29:44.255Z] [lib/cleanup-future-dates.js] Loaded 111 MOVE index data points
[2026-04-15T05:29:44.256Z] [lib/cleanup-future-dates.js] No future-dated entries found in MOVE index data
[2026-04-15T05:29:44.256Z] [lib/cleanup-future-dates.js] Processing SRF data (/home/runner/work/liquiditydashboard/liquiditydashboard/web/public/series/srf.json)...
[2026-04-15T05:29:44.256Z] [lib/cleanup-future-dates.js] Loaded 1017 SRF data points
[2026-04-15T05:29:44.258Z] [lib/cleanup-future-dates.js] No future-dated entries found in SRF data
[2026-04-15T05:29:44.258Z] [lib/cleanup-future-dates.js] Processing Treasury bill share data (/home/runner/work/liquiditydashboard/liquiditydashboard/web/public/series/bill-share.json)...
[2026-04-15T05:29:44.258Z] [lib/cleanup-future-dates.js] Loaded 282 Treasury bill share data points
[2026-04-15T05:29:44.258Z] [lib/cleanup-future-dates.js] No future-dated entries found in Treasury bill share data
[2026-04-15T05:29:44.258Z] [lib/cleanup-future-dates.js] Cleanup complete! Removed 0 future-dated entries in total.
[2026-04-15T05:29:44.259Z] [lib/cleanup-future-dates.js] Data cleanup completed with no changes needed
[2026-04-15T05:29:44.261Z] lib/cleanup-future-dates.js completed successfully
[2026-04-15T05:29:44.261Z] Running lib/validate-data.js...
[2026-04-15T05:29:44.335Z] [lib/validate-data.js] Running data validation...
[2026-04-15T05:29:44.336Z] [lib/validate-data.js] Validating MOVE index data...
[2026-04-15T05:29:44.336Z] [lib/validate-data.js] Found 111 MOVE data points
[2026-04-15T05:29:44.412Z] [lib/validate-data.js] WorldTimeAPI failed, trying alternative source
[2026-04-15T05:29:45.963Z] [lib/validate-data.js] Using TimeAPI date: 2026-04-15T05:29:45.9168408
[2026-04-15T05:29:45.964Z] [lib/validate-data.js] Using reference date: 2026-4-15
[2026-04-15T05:29:45.964Z] [lib/validate-data.js] MOVE index data validation passed ✓
[2026-04-15T05:29:45.964Z] [lib/validate-data.js] Validating SRF data...
[2026-04-15T05:29:45.965Z] [lib/validate-data.js] Found 1017 SRF data points
[2026-04-15T05:29:46.002Z] [lib/validate-data.js] WorldTimeAPI failed, trying alternative source
[2026-04-15T05:29:46.567Z] [lib/validate-data.js] Using TimeAPI date: 2026-04-15T05:29:46.5159267
[2026-04-15T05:29:46.568Z] [lib/validate-data.js] SRF data validation passed ✓
[2026-04-15T05:29:46.568Z] [lib/validate-data.js] Validating Treasury funding data...
[2026-04-15T05:29:46.569Z] [lib/validate-data.js] Found 282 Treasury funding data points
[2026-04-15T05:29:46.569Z] [lib/validate-data.js] Treasury funding data validation passed ✓
[2026-04-15T05:29:46.569Z] [lib/validate-data.js] All data validation passed ✓
[2026-04-15T05:29:46.571Z] lib/validate-data.js completed successfully
[2026-04-15T05:29:46.571Z] Dashboard update process completed successfully
