[2026-03-02T04:54:05.843Z] Starting Liquidity Dashboard update process
[2026-03-02T04:54:05.845Z] Running lib/data-backup.js...
[2026-03-02T04:54:05.877Z] [lib/data-backup.js] ERROR: node:internal/modules/cjs/loader:1031
  throw err;
  ^

Error: Cannot find module '/home/runner/work/liquiditydashboard/liquiditydashboard/web/lib/data-backup.js'
    at Function.Module._resolveFilename (node:internal/modules/cjs/loader:1028:15)
    at Function.Module._load (node:internal/modules/cjs/loader:873:27)
    at Function.executeUserEntryPoint [as runMain] (node:internal/modules/run_main:81:12)
    at node:internal/main/run_main_module:22:47 {
  code: 'MODULE_NOT_FOUND',
  requireStack: []
}
[2026-03-02T04:54:05.880Z] lib/data-backup.js failed with exit code 1
[2026-03-02T04:54:05.881Z] Running lib/data-backup.js clean...
[2026-03-02T04:54:05.911Z] [lib/data-backup.js clean] ERROR: node:internal/modules/cjs/loader:1031
  throw err;
  ^

Error: Cannot find module '/home/runner/work/liquiditydashboard/liquiditydashboard/web/lib/data-backup.js'
    at Function.Module._resolveFilename (node:internal/modules/cjs/loader:1028:15)
    at Function.Module._load (node:internal/modules/cjs/loader:873:27)
    at Function.executeUserEntryPoint [as runMain] (node:internal/modules/run_main:81:12)
    at node:internal/main/run_main_module:22:47 {
  code: 'MODULE_NOT_FOUND',
  requireStack: []
}
[2026-03-02T04:54:05.913Z] lib/data-backup.js clean failed with exit code 1
[2026-03-02T04:54:05.913Z] Running lib/import-historical-move-data.js...
[2026-03-02T04:54:05.942Z] [lib/import-historical-move-data.js] ERROR: node:internal/modules/cjs/loader:1031
  throw err;
  ^

Error: Cannot find module '/home/runner/work/liquiditydashboard/liquiditydashboard/web/lib/import-historical-move-data.js'
    at Function.Module._resolveFilename (node:internal/modules/cjs/loader:1028:15)
    at Function.Module._load (node:internal/modules/cjs/loader:873:27)
    at Function.executeUserEntryPoint [as runMain] (node:internal/modules/run_main:81:12)
    at node:internal/main/run_main_module:22:47 {
  code: 'MODULE_NOT_FOUND',
  requireStack: []
}
[2026-03-02T04:54:05.944Z] lib/import-historical-move-data.js failed with exit code 1
[2026-03-02T04:54:05.945Z] Running lib/fetch-move-data.js...
[2026-03-02T04:54:05.975Z] [lib/fetch-move-data.js] ERROR: node:internal/modules/cjs/loader:1031
  throw err;
  ^

Error: Cannot find module '/home/runner/work/liquiditydashboard/liquiditydashboard/web/lib/fetch-move-data.js'
    at Function.Module._resolveFilename (node:internal/modules/cjs/loader:1028:15)
    at Function.Module._load (node:internal/modules/cjs/loader:873:27)
    at Function.executeUserEntryPoint [as runMain] (node:internal/modules/run_main:81:12)
    at node:internal/main/run_main_module:22:47 {
  code: 'MODULE_NOT_FOUND',
  requireStack: []
}
[2026-03-02T04:54:05.977Z] lib/fetch-move-data.js failed with exit code 1
[2026-03-02T04:54:05.977Z] Running lib/fetch-srf-data.js...
[2026-03-02T04:54:06.007Z] [lib/fetch-srf-data.js] ERROR: node:internal/modules/cjs/loader:1031
  throw err;
  ^

Error: Cannot find module '/home/runner/work/liquiditydashboard/liquiditydashboard/web/lib/fetch-srf-data.js'
    at Function.Module._resolveFilename (node:internal/modules/cjs/loader:1028:15)
    at Function.Module._load (node:internal/modules/cjs/loader:873:27)
    at Function.executeUserEntryPoint [as runMain] (node:internal/modules/run_main:81:12)
    at node:internal/main/run_main_module:22:47 {
  code: 'MODULE_NOT_FOUND',
  requireStack: []
}
[2026-03-02T04:54:06.010Z] lib/fetch-srf-data.js failed with exit code 1
[2026-03-02T04:54:06.010Z] Running lib/fetch-bill-share-data.js...
[2026-03-02T04:54:06.041Z] [lib/fetch-bill-share-data.js] ERROR: node:internal/modules/cjs/loader:1031
  throw err;
  ^

Error: Cannot find module '/home/runner/work/liquiditydashboard/liquiditydashboard/web/lib/fetch-bill-share-data.js'
    at Function.Module._resolveFilename (node:internal/modules/cjs/loader:1028:15)
    at Function.Module._load (node:internal/modules/cjs/loader:873:27)
    at Function.executeUserEntryPoint [as runMain] (node:internal/modules/run_main:81:12)
    at node:internal/main/run_main_module:22:47 {
  code: 'MODULE_NOT_FOUND',
  requireStack: []
}
[2026-03-02T04:54:06.044Z] lib/fetch-bill-share-data.js failed with exit code 1
[2026-03-02T04:54:06.044Z] Running lib/cleanup-future-dates.js...
[2026-03-02T04:54:06.125Z] [lib/cleanup-future-dates.js] Starting data cleanup process...
[2026-03-02T04:54:06.222Z] [lib/cleanup-future-dates.js] WorldTimeAPI failed, trying alternative source
[2026-03-02T04:54:06.771Z] [lib/cleanup-future-dates.js] Using TimeAPI date: 2026-03-02T04:54:06.4360976
[2026-03-02T04:54:06.771Z] [lib/cleanup-future-dates.js] Using reference date: 2026-3-2
[2026-03-02T04:54:06.771Z] [lib/cleanup-future-dates.js] Processing MOVE index data (/home/runner/work/liquiditydashboard/liquiditydashboard/web/public/series/move.json)...
[2026-03-02T04:54:06.772Z] [lib/cleanup-future-dates.js] Loaded 111 MOVE index data points
[2026-03-02T04:54:06.772Z] [lib/cleanup-future-dates.js] No future-dated entries found in MOVE index data
[2026-03-02T04:54:06.772Z] [lib/cleanup-future-dates.js] Processing SRF data (/home/runner/work/liquiditydashboard/liquiditydashboard/web/public/series/srf.json)...
[2026-03-02T04:54:06.773Z] [lib/cleanup-future-dates.js] Loaded 1017 SRF data points
[2026-03-02T04:54:06.774Z] [lib/cleanup-future-dates.js] No future-dated entries found in SRF data
[2026-03-02T04:54:06.774Z] [lib/cleanup-future-dates.js] Processing Treasury bill share data (/home/runner/work/liquiditydashboard/liquiditydashboard/web/public/series/bill-share.json)...
[2026-03-02T04:54:06.774Z] [lib/cleanup-future-dates.js] Loaded 282 Treasury bill share data points
[2026-03-02T04:54:06.775Z] [lib/cleanup-future-dates.js] No future-dated entries found in Treasury bill share data
[2026-03-02T04:54:06.775Z] [lib/cleanup-future-dates.js] Cleanup complete! Removed 0 future-dated entries in total.
Data cleanup completed with no changes needed
[2026-03-02T04:54:06.778Z] lib/cleanup-future-dates.js completed successfully
[2026-03-02T04:54:06.778Z] Running lib/validate-data.js...
[2026-03-02T04:54:06.856Z] [lib/validate-data.js] Running data validation...
[2026-03-02T04:54:06.856Z] [lib/validate-data.js] Validating MOVE index data...
[2026-03-02T04:54:06.856Z] [lib/validate-data.js] Found 111 MOVE data points
[2026-03-02T04:54:06.959Z] [lib/validate-data.js] WorldTimeAPI failed, trying alternative source
[2026-03-02T04:54:07.531Z] [lib/validate-data.js] Using TimeAPI date: 2026-03-02T04:54:07.1965125
[2026-03-02T04:54:07.532Z] [lib/validate-data.js] Using reference date: 2026-3-2
[2026-03-02T04:54:07.532Z] [lib/validate-data.js] MOVE index data validation passed ✓
[2026-03-02T04:54:07.532Z] [lib/validate-data.js] Validating SRF data...
[2026-03-02T04:54:07.533Z] [lib/validate-data.js] Found 1017 SRF data points
[2026-03-02T04:54:07.591Z] [lib/validate-data.js] WorldTimeAPI failed, trying alternative source
[2026-03-02T04:54:08.110Z] [lib/validate-data.js] Using TimeAPI date: 2026-03-02T04:54:07.7779148
[2026-03-02T04:54:08.112Z] [lib/validate-data.js] SRF data validation passed ✓
[2026-03-02T04:54:08.112Z] [lib/validate-data.js] Validating Treasury funding data...
[2026-03-02T04:54:08.112Z] [lib/validate-data.js] Found 282 Treasury funding data points
[2026-03-02T04:54:08.113Z] [lib/validate-data.js] Treasury funding data validation passed ✓
[2026-03-02T04:54:08.113Z] [lib/validate-data.js] All data validation passed ✓
[2026-03-02T04:54:08.116Z] lib/validate-data.js completed successfully
[2026-03-02T04:54:08.116Z] Dashboard update process completed successfully
