[2026-04-22T05:31:05.343Z] Starting Liquidity Dashboard update process
[2026-04-22T05:31:05.344Z] Running lib/data-backup.js...
[2026-04-22T05:31:05.374Z] [lib/data-backup.js] ERROR: node:internal/modules/cjs/loader:1031
  throw err;
  ^

Error: Cannot find module '/home/runner/work/liquiditydashboard/liquiditydashboard/web/lib/data-backup.js'
    at Function.Module._resolveFilename (node:internal/modules/cjs/loader:1028:15)
    at Function.Module._load (node:internal/modules/cjs/loader:873:27)
    at Function.executeUserEntryPoint [as runMain] (node:internal/modules/run_main:81:12)
    at node:internal/main/run_main_module:22:47 {
  code: 'MODULE_NOT_FOUND',
  requireStack: []
}
[2026-04-22T05:31:05.376Z] lib/data-backup.js failed with exit code 1
[2026-04-22T05:31:05.376Z] Running lib/data-backup.js clean...
[2026-04-22T05:31:05.405Z] [lib/data-backup.js clean] ERROR: node:internal/modules/cjs/loader:1031
  throw err;
  ^

Error: Cannot find module '/home/runner/work/liquiditydashboard/liquiditydashboard/web/lib/data-backup.js'
    at Function.Module._resolveFilename (node:internal/modules/cjs/loader:1028:15)
    at Function.Module._load (node:internal/modules/cjs/loader:873:27)
    at Function.executeUserEntryPoint [as runMain] (node:internal/modules/run_main:81:12)
    at node:internal/main/run_main_module:22:47 {
  code: 'MODULE_NOT_FOUND',
  requireStack: []
}
[2026-04-22T05:31:05.406Z] lib/data-backup.js clean failed with exit code 1
[2026-04-22T05:31:05.406Z] Running lib/import-historical-move-data.js...
[2026-04-22T05:31:05.434Z] [lib/import-historical-move-data.js] ERROR: node:internal/modules/cjs/loader:1031
  throw err;
  ^

Error: Cannot find module '/home/runner/work/liquiditydashboard/liquiditydashboard/web/lib/import-historical-move-data.js'
    at Function.Module._resolveFilename (node:internal/modules/cjs/loader:1028:15)
    at Function.Module._load (node:internal/modules/cjs/loader:873:27)
    at Function.executeUserEntryPoint [as runMain] (node:internal/modules/run_main:81:12)
    at node:internal/main/run_main_module:22:47 {
  code: 'MODULE_NOT_FOUND',
  requireStack: []
}
[2026-04-22T05:31:05.435Z] lib/import-historical-move-data.js failed with exit code 1
[2026-04-22T05:31:05.436Z] Running lib/fetch-move-data.js...
[2026-04-22T05:31:05.463Z] [lib/fetch-move-data.js] ERROR: node:internal/modules/cjs/loader:1031
  throw err;
  ^

Error: Cannot find module '/home/runner/work/liquiditydashboard/liquiditydashboard/web/lib/fetch-move-data.js'
    at Function.Module._resolveFilename (node:internal/modules/cjs/loader:1028:15)
    at Function.Module._load (node:internal/modules/cjs/loader:873:27)
    at Function.executeUserEntryPoint [as runMain] (node:internal/modules/run_main:81:12)
    at node:internal/main/run_main_module:22:47 {
  code: 'MODULE_NOT_FOUND',
  requireStack: []
}
[2026-04-22T05:31:05.465Z] lib/fetch-move-data.js failed with exit code 1
[2026-04-22T05:31:05.465Z] Running lib/fetch-srf-data.js...
[2026-04-22T05:31:05.493Z] [lib/fetch-srf-data.js] ERROR: node:internal/modules/cjs/loader:1031
  throw err;
  ^

Error: Cannot find module '/home/runner/work/liquiditydashboard/liquiditydashboard/web/lib/fetch-srf-data.js'
    at Function.Module._resolveFilename (node:internal/modules/cjs/loader:1028:15)
    at Function.Module._load (node:internal/modules/cjs/loader:873:27)
    at Function.executeUserEntryPoint [as runMain] (node:internal/modules/run_main:81:12)
    at node:internal/main/run_main_module:22:47 {
  code: 'MODULE_NOT_FOUND',
  requireStack: []
}
[2026-04-22T05:31:05.495Z] lib/fetch-srf-data.js failed with exit code 1
[2026-04-22T05:31:05.496Z] Running lib/fetch-bill-share-data.js...
[2026-04-22T05:31:05.524Z] [lib/fetch-bill-share-data.js] ERROR: node:internal/modules/cjs/loader:1031
  throw err;
  ^

Error: Cannot find module '/home/runner/work/liquiditydashboard/liquiditydashboard/web/lib/fetch-bill-share-data.js'
    at Function.Module._resolveFilename (node:internal/modules/cjs/loader:1028:15)
    at Function.Module._load (node:internal/modules/cjs/loader:873:27)
    at Function.executeUserEntryPoint [as runMain] (node:internal/modules/run_main:81:12)
    at node:internal/main/run_main_module:22:47 {
  code: 'MODULE_NOT_FOUND',
  requireStack: []
}
[2026-04-22T05:31:05.526Z] lib/fetch-bill-share-data.js failed with exit code 1
[2026-04-22T05:31:05.526Z] Running lib/cleanup-future-dates.js...
[2026-04-22T05:31:05.608Z] [lib/cleanup-future-dates.js] Starting data cleanup process...
[2026-04-22T05:31:05.768Z] [lib/cleanup-future-dates.js] WorldTimeAPI failed, trying alternative source
[2026-04-22T05:31:06.451Z] [lib/cleanup-future-dates.js] Using TimeAPI date: 2026-04-22T05:31:06.3196379
[2026-04-22T05:31:06.452Z] [lib/cleanup-future-dates.js] Using reference date: 2026-4-22
[2026-04-22T05:31:06.452Z] [lib/cleanup-future-dates.js] Processing MOVE index data (/home/runner/work/liquiditydashboard/liquiditydashboard/web/public/series/move.json)...
[2026-04-22T05:31:06.452Z] [lib/cleanup-future-dates.js] Loaded 111 MOVE index data points
[2026-04-22T05:31:06.452Z] [lib/cleanup-future-dates.js] No future-dated entries found in MOVE index data
[2026-04-22T05:31:06.453Z] [lib/cleanup-future-dates.js] Processing SRF data (/home/runner/work/liquiditydashboard/liquiditydashboard/web/public/series/srf.json)...
[2026-04-22T05:31:06.453Z] [lib/cleanup-future-dates.js] Loaded 1017 SRF data points
[2026-04-22T05:31:06.454Z] [lib/cleanup-future-dates.js] No future-dated entries found in SRF data
[2026-04-22T05:31:06.454Z] [lib/cleanup-future-dates.js] Processing Treasury bill share data (/home/runner/work/liquiditydashboard/liquiditydashboard/web/public/series/bill-share.json)...
[2026-04-22T05:31:06.455Z] [lib/cleanup-future-dates.js] Loaded 282 Treasury bill share data points
[2026-04-22T05:31:06.455Z] [lib/cleanup-future-dates.js] No future-dated entries found in Treasury bill share data
[2026-04-22T05:31:06.455Z] [lib/cleanup-future-dates.js] Cleanup complete! Removed 0 future-dated entries in total.
Data cleanup completed with no changes needed
[2026-04-22T05:31:06.458Z] lib/cleanup-future-dates.js completed successfully
[2026-04-22T05:31:06.458Z] Running lib/validate-data.js...
[2026-04-22T05:31:06.532Z] [lib/validate-data.js] Running data validation...
[2026-04-22T05:31:06.532Z] [lib/validate-data.js] Validating MOVE index data...
[2026-04-22T05:31:06.533Z] [lib/validate-data.js] Found 111 MOVE data points
[2026-04-22T05:31:06.587Z] [lib/validate-data.js] WorldTimeAPI failed, trying alternative source
[2026-04-22T05:31:07.310Z] [lib/validate-data.js] Using TimeAPI date: 2026-04-22T05:31:07.175779
[2026-04-22T05:31:07.310Z] [lib/validate-data.js] Using reference date: 2026-4-22
[2026-04-22T05:31:07.311Z] [lib/validate-data.js] MOVE index data validation passed ✓
[2026-04-22T05:31:07.311Z] [lib/validate-data.js] Validating SRF data...
[2026-04-22T05:31:07.311Z] [lib/validate-data.js] Found 1017 SRF data points
[2026-04-22T05:31:07.417Z] [lib/validate-data.js] WorldTimeAPI failed, trying alternative source
[2026-04-22T05:31:08.133Z] [lib/validate-data.js] Using TimeAPI date: 2026-04-22T05:31:08.000261
[2026-04-22T05:31:08.134Z] [lib/validate-data.js] SRF data validation passed ✓
[2026-04-22T05:31:08.135Z] [lib/validate-data.js] Validating Treasury funding data...
[2026-04-22T05:31:08.135Z] [lib/validate-data.js] Found 282 Treasury funding data points
[2026-04-22T05:31:08.135Z] [lib/validate-data.js] Treasury funding data validation passed ✓
[2026-04-22T05:31:08.135Z] [lib/validate-data.js] All data validation passed ✓
[2026-04-22T05:31:08.138Z] lib/validate-data.js completed successfully
[2026-04-22T05:31:08.138Z] Dashboard update process completed successfully
