[2026-02-13T04:59:34.970Z] Starting Liquidity Dashboard update process
[2026-02-13T04:59:34.972Z] Running lib/data-backup.js...
[2026-02-13T04:59:35.001Z] [lib/data-backup.js] ERROR: node:internal/modules/cjs/loader:1031
  throw err;
  ^

Error: Cannot find module '/home/runner/work/liquiditydashboard/liquiditydashboard/web/lib/data-backup.js'
    at Function.Module._resolveFilename (node:internal/modules/cjs/loader:1028:15)
    at Function.Module._load (node:internal/modules/cjs/loader:873:27)
    at Function.executeUserEntryPoint [as runMain] (node:internal/modules/run_main:81:12)
    at node:internal/main/run_main_module:22:47 {
  code: 'MODULE_NOT_FOUND',
  requireStack: []
}
[2026-02-13T04:59:35.004Z] lib/data-backup.js failed with exit code 1
[2026-02-13T04:59:35.004Z] Running lib/data-backup.js clean...
[2026-02-13T04:59:35.033Z] [lib/data-backup.js clean] ERROR: node:internal/modules/cjs/loader:1031
  throw err;
  ^

Error: Cannot find module '/home/runner/work/liquiditydashboard/liquiditydashboard/web/lib/data-backup.js'
    at Function.Module._resolveFilename (node:internal/modules/cjs/loader:1028:15)
    at Function.Module._load (node:internal/modules/cjs/loader:873:27)
    at Function.executeUserEntryPoint [as runMain] (node:internal/modules/run_main:81:12)
    at node:internal/main/run_main_module:22:47 {
  code: 'MODULE_NOT_FOUND',
  requireStack: []
}
[2026-02-13T04:59:35.035Z] lib/data-backup.js clean failed with exit code 1
[2026-02-13T04:59:35.035Z] Running lib/import-historical-move-data.js...
[2026-02-13T04:59:35.063Z] [lib/import-historical-move-data.js] ERROR: node:internal/modules/cjs/loader:1031
  throw err;
  ^

Error: Cannot find module '/home/runner/work/liquiditydashboard/liquiditydashboard/web/lib/import-historical-move-data.js'
    at Function.Module._resolveFilename (node:internal/modules/cjs/loader:1028:15)
    at Function.Module._load (node:internal/modules/cjs/loader:873:27)
    at Function.executeUserEntryPoint [as runMain] (node:internal/modules/run_main:81:12)
    at node:internal/main/run_main_module:22:47 {
  code: 'MODULE_NOT_FOUND',
  requireStack: []
}
[2026-02-13T04:59:35.066Z] lib/import-historical-move-data.js failed with exit code 1
[2026-02-13T04:59:35.066Z] Running lib/fetch-move-data.js...
[2026-02-13T04:59:35.094Z] [lib/fetch-move-data.js] ERROR: node:internal/modules/cjs/loader:1031
  throw err;
  ^

Error: Cannot find module '/home/runner/work/liquiditydashboard/liquiditydashboard/web/lib/fetch-move-data.js'
    at Function.Module._resolveFilename (node:internal/modules/cjs/loader:1028:15)
    at Function.Module._load (node:internal/modules/cjs/loader:873:27)
    at Function.executeUserEntryPoint [as runMain] (node:internal/modules/run_main:81:12)
    at node:internal/main/run_main_module:22:47 {
  code: 'MODULE_NOT_FOUND',
  requireStack: []
}
[2026-02-13T04:59:35.096Z] lib/fetch-move-data.js failed with exit code 1
[2026-02-13T04:59:35.096Z] Running lib/fetch-srf-data.js...
[2026-02-13T04:59:35.125Z] [lib/fetch-srf-data.js] ERROR: node:internal/modules/cjs/loader:1031
  throw err;
  ^

Error: Cannot find module '/home/runner/work/liquiditydashboard/liquiditydashboard/web/lib/fetch-srf-data.js'
    at Function.Module._resolveFilename (node:internal/modules/cjs/loader:1028:15)
    at Function.Module._load (node:internal/modules/cjs/loader:873:27)
    at Function.executeUserEntryPoint [as runMain] (node:internal/modules/run_main:81:12)
    at node:internal/main/run_main_module:22:47 {
  code: 'MODULE_NOT_FOUND',
  requireStack: []
}
[2026-02-13T04:59:35.127Z] lib/fetch-srf-data.js failed with exit code 1
[2026-02-13T04:59:35.127Z] Running lib/fetch-bill-share-data.js...
[2026-02-13T04:59:35.156Z] [lib/fetch-bill-share-data.js] ERROR: node:internal/modules/cjs/loader:1031
  throw err;
  ^

Error: Cannot find module '/home/runner/work/liquiditydashboard/liquiditydashboard/web/lib/fetch-bill-share-data.js'
    at Function.Module._resolveFilename (node:internal/modules/cjs/loader:1028:15)
    at Function.Module._load (node:internal/modules/cjs/loader:873:27)
    at Function.executeUserEntryPoint [as runMain] (node:internal/modules/run_main:81:12)
    at node:internal/main/run_main_module:22:47 {
  code: 'MODULE_NOT_FOUND',
  requireStack: []
}
[2026-02-13T04:59:35.158Z] lib/fetch-bill-share-data.js failed with exit code 1
[2026-02-13T04:59:35.158Z] Running lib/cleanup-future-dates.js...
[2026-02-13T04:59:35.235Z] [lib/cleanup-future-dates.js] Starting data cleanup process...
[2026-02-13T04:59:35.334Z] [lib/cleanup-future-dates.js] WorldTimeAPI failed, trying alternative source
[2026-02-13T04:59:36.199Z] [lib/cleanup-future-dates.js] Using TimeAPI date: 2026-02-13T04:59:36.4186775
[2026-02-13T04:59:36.199Z] [lib/cleanup-future-dates.js] Using reference date: 2026-2-13
[2026-02-13T04:59:36.199Z] [lib/cleanup-future-dates.js] Processing MOVE index data (/home/runner/work/liquiditydashboard/liquiditydashboard/web/public/series/move.json)...
[2026-02-13T04:59:36.199Z] [lib/cleanup-future-dates.js] Loaded 111 MOVE index data points
[2026-02-13T04:59:36.200Z] [lib/cleanup-future-dates.js] No future-dated entries found in MOVE index data
[2026-02-13T04:59:36.200Z] [lib/cleanup-future-dates.js] Processing SRF data (/home/runner/work/liquiditydashboard/liquiditydashboard/web/public/series/srf.json)...
[2026-02-13T04:59:36.200Z] [lib/cleanup-future-dates.js] Loaded 1017 SRF data points
[2026-02-13T04:59:36.201Z] [lib/cleanup-future-dates.js] No future-dated entries found in SRF data
[2026-02-13T04:59:36.202Z] [lib/cleanup-future-dates.js] Processing Treasury bill share data (/home/runner/work/liquiditydashboard/liquiditydashboard/web/public/series/bill-share.json)...
[2026-02-13T04:59:36.202Z] [lib/cleanup-future-dates.js] Loaded 282 Treasury bill share data points
[2026-02-13T04:59:36.202Z] [lib/cleanup-future-dates.js] No future-dated entries found in Treasury bill share data
[2026-02-13T04:59:36.203Z] [lib/cleanup-future-dates.js] Cleanup complete! Removed 0 future-dated entries in total.
Data cleanup completed with no changes needed
[2026-02-13T04:59:36.206Z] lib/cleanup-future-dates.js completed successfully
[2026-02-13T04:59:36.206Z] Running lib/validate-data.js...
[2026-02-13T04:59:36.281Z] [lib/validate-data.js] Running data validation...
[2026-02-13T04:59:36.282Z] [lib/validate-data.js] Validating MOVE index data...
[2026-02-13T04:59:36.282Z] [lib/validate-data.js] Found 111 MOVE data points
[2026-02-13T04:59:36.378Z] [lib/validate-data.js] WorldTimeAPI failed, trying alternative source
[2026-02-13T04:59:37.095Z] [lib/validate-data.js] Using TimeAPI date: 2026-02-13T04:59:37.3142928
[2026-02-13T04:59:37.096Z] [lib/validate-data.js] Using reference date: 2026-2-13
[2026-02-13T04:59:37.097Z] [lib/validate-data.js] MOVE index data validation passed ✓
[2026-02-13T04:59:37.097Z] [lib/validate-data.js] Validating SRF data...
[2026-02-13T04:59:37.097Z] [lib/validate-data.js] Found 1017 SRF data points
[2026-02-13T04:59:37.210Z] [lib/validate-data.js] WorldTimeAPI failed, trying alternative source
[2026-02-13T04:59:37.922Z] [lib/validate-data.js] Using TimeAPI date: 2026-02-13T04:59:38.1460042
[2026-02-13T04:59:37.924Z] [lib/validate-data.js] SRF data validation passed ✓
[2026-02-13T04:59:37.924Z] [lib/validate-data.js] Validating Treasury funding data...
[2026-02-13T04:59:37.924Z] [lib/validate-data.js] Found 282 Treasury funding data points
[2026-02-13T04:59:37.924Z] [lib/validate-data.js] Treasury funding data validation passed ✓
[2026-02-13T04:59:37.924Z] [lib/validate-data.js] All data validation passed ✓
[2026-02-13T04:59:37.928Z] lib/validate-data.js completed successfully
[2026-02-13T04:59:37.928Z] Dashboard update process completed successfully
