[2025-10-03T03:31:09.566Z] Starting Liquidity Dashboard update process
[2025-10-03T03:31:09.568Z] Running lib/data-backup.js...
[2025-10-03T03:31:09.600Z] [lib/data-backup.js] ERROR: node:internal/modules/cjs/loader:1031
  throw err;
  ^

Error: Cannot find module '/home/runner/work/liquiditydashboard/liquiditydashboard/web/lib/data-backup.js'
    at Function.Module._resolveFilename (node:internal/modules/cjs/loader:1028:15)
    at Function.Module._load (node:internal/modules/cjs/loader:873:27)
    at Function.executeUserEntryPoint [as runMain] (node:internal/modules/run_main:81:12)
    at node:internal/main/run_main_module:22:47 {
  code: 'MODULE_NOT_FOUND',
  requireStack: []
}
[2025-10-03T03:31:09.603Z] lib/data-backup.js failed with exit code 1
[2025-10-03T03:31:09.604Z] Running lib/data-backup.js clean...
[2025-10-03T03:31:09.635Z] [lib/data-backup.js clean] ERROR: node:internal/modules/cjs/loader:1031
  throw err;
  ^

Error: Cannot find module '/home/runner/work/liquiditydashboard/liquiditydashboard/web/lib/data-backup.js'
    at Function.Module._resolveFilename (node:internal/modules/cjs/loader:1028:15)
    at Function.Module._load (node:internal/modules/cjs/loader:873:27)
    at Function.executeUserEntryPoint [as runMain] (node:internal/modules/run_main:81:12)
    at node:internal/main/run_main_module:22:47 {
  code: 'MODULE_NOT_FOUND',
  requireStack: []
}
[2025-10-03T03:31:09.638Z] lib/data-backup.js clean failed with exit code 1
[2025-10-03T03:31:09.638Z] Running lib/import-historical-move-data.js...
[2025-10-03T03:31:09.669Z] [lib/import-historical-move-data.js] ERROR: node:internal/modules/cjs/loader:1031
  throw err;
  ^

Error: Cannot find module '/home/runner/work/liquiditydashboard/liquiditydashboard/web/lib/import-historical-move-data.js'
    at Function.Module._resolveFilename (node:internal/modules/cjs/loader:1028:15)
    at Function.Module._load (node:internal/modules/cjs/loader:873:27)
    at Function.executeUserEntryPoint [as runMain] (node:internal/modules/run_main:81:12)
    at node:internal/main/run_main_module:22:47 {
  code: 'MODULE_NOT_FOUND',
  requireStack: []
}
[2025-10-03T03:31:09.672Z] lib/import-historical-move-data.js failed with exit code 1
[2025-10-03T03:31:09.672Z] Running lib/fetch-move-data.js...
[2025-10-03T03:31:09.703Z] [lib/fetch-move-data.js] ERROR: node:internal/modules/cjs/loader:1031
  throw err;
  ^

Error: Cannot find module '/home/runner/work/liquiditydashboard/liquiditydashboard/web/lib/fetch-move-data.js'
    at Function.Module._resolveFilename (node:internal/modules/cjs/loader:1028:15)
    at Function.Module._load (node:internal/modules/cjs/loader:873:27)
    at Function.executeUserEntryPoint [as runMain] (node:internal/modules/run_main:81:12)
    at node:internal/main/run_main_module:22:47 {
  code: 'MODULE_NOT_FOUND',
  requireStack: []
}
[2025-10-03T03:31:09.706Z] lib/fetch-move-data.js failed with exit code 1
[2025-10-03T03:31:09.706Z] Running lib/fetch-srf-data.js...
[2025-10-03T03:31:09.738Z] [lib/fetch-srf-data.js] ERROR: node:internal/modules/cjs/loader:1031
  throw err;
  ^

Error: Cannot find module '/home/runner/work/liquiditydashboard/liquiditydashboard/web/lib/fetch-srf-data.js'
    at Function.Module._resolveFilename (node:internal/modules/cjs/loader:1028:15)
    at Function.Module._load (node:internal/modules/cjs/loader:873:27)
    at Function.executeUserEntryPoint [as runMain] (node:internal/modules/run_main:81:12)
    at node:internal/main/run_main_module:22:47 {
  code: 'MODULE_NOT_FOUND',
  requireStack: []
}
[2025-10-03T03:31:09.741Z] lib/fetch-srf-data.js failed with exit code 1
[2025-10-03T03:31:09.741Z] Running lib/fetch-bill-share-data.js...
[2025-10-03T03:31:09.773Z] [lib/fetch-bill-share-data.js] ERROR: node:internal/modules/cjs/loader:1031
  throw err;
  ^

Error: Cannot find module '/home/runner/work/liquiditydashboard/liquiditydashboard/web/lib/fetch-bill-share-data.js'
    at Function.Module._resolveFilename (node:internal/modules/cjs/loader:1028:15)
    at Function.Module._load (node:internal/modules/cjs/loader:873:27)
    at Function.executeUserEntryPoint [as runMain] (node:internal/modules/run_main:81:12)
    at node:internal/main/run_main_module:22:47 {
  code: 'MODULE_NOT_FOUND',
  requireStack: []
}
[2025-10-03T03:31:09.776Z] lib/fetch-bill-share-data.js failed with exit code 1
[2025-10-03T03:31:09.776Z] Running lib/cleanup-future-dates.js...
[2025-10-03T03:31:09.861Z] [lib/cleanup-future-dates.js] Starting data cleanup process...
[2025-10-03T03:31:09.944Z] [lib/cleanup-future-dates.js] WorldTimeAPI failed, trying alternative source
[2025-10-03T03:31:10.382Z] [lib/cleanup-future-dates.js] Using TimeAPI date: 2025-10-03T03:31:10.3263942
[2025-10-03T03:31:10.382Z] [lib/cleanup-future-dates.js] Using reference date: 2025-10-3

Processing MOVE index data (/home/runner/work/liquiditydashboard/liquiditydashboard/web/public/series/move.json)...
[2025-10-03T03:31:10.383Z] [lib/cleanup-future-dates.js] Loaded 111 MOVE index data points
[2025-10-03T03:31:10.383Z] [lib/cleanup-future-dates.js] No future-dated entries found in MOVE index data
[2025-10-03T03:31:10.383Z] [lib/cleanup-future-dates.js] Processing SRF data (/home/runner/work/liquiditydashboard/liquiditydashboard/web/public/series/srf.json)...
[2025-10-03T03:31:10.384Z] [lib/cleanup-future-dates.js] Loaded 1017 SRF data points
[2025-10-03T03:31:10.386Z] [lib/cleanup-future-dates.js] No future-dated entries found in SRF data
[2025-10-03T03:31:10.386Z] [lib/cleanup-future-dates.js] Processing Treasury bill share data (/home/runner/work/liquiditydashboard/liquiditydashboard/web/public/series/bill-share.json)...
[2025-10-03T03:31:10.386Z] [lib/cleanup-future-dates.js] Loaded 282 Treasury bill share data points
[2025-10-03T03:31:10.387Z] [lib/cleanup-future-dates.js] No future-dated entries found in Treasury bill share data
[2025-10-03T03:31:10.387Z] [lib/cleanup-future-dates.js] Cleanup complete! Removed 0 future-dated entries in total.
[2025-10-03T03:31:10.387Z] [lib/cleanup-future-dates.js] Data cleanup completed with no changes needed
[2025-10-03T03:31:10.390Z] lib/cleanup-future-dates.js completed successfully
[2025-10-03T03:31:10.390Z] Running lib/validate-data.js...
[2025-10-03T03:31:10.473Z] [lib/validate-data.js] Running data validation...
[2025-10-03T03:31:10.474Z] [lib/validate-data.js] Validating MOVE index data...
[2025-10-03T03:31:10.474Z] [lib/validate-data.js] Found 111 MOVE data points
[2025-10-03T03:31:10.573Z] [lib/validate-data.js] WorldTimeAPI failed, trying alternative source
[2025-10-03T03:31:11.216Z] [lib/validate-data.js] Using TimeAPI date: 2025-10-03T03:31:11.1596376
[2025-10-03T03:31:11.216Z] [lib/validate-data.js] Using reference date: 2025-10-3
[2025-10-03T03:31:11.217Z] [lib/validate-data.js] MOVE index data validation passed ✓
[2025-10-03T03:31:11.217Z] [lib/validate-data.js] Validating SRF data...
[2025-10-03T03:31:11.217Z] [lib/validate-data.js] Found 1017 SRF data points
[2025-10-03T03:31:11.616Z] [lib/validate-data.js] Using WorldTimeAPI date: 2025-10-03T03:31:11.606455+00:00
[2025-10-03T03:31:11.618Z] [lib/validate-data.js] SRF data validation passed ✓
[2025-10-03T03:31:11.618Z] [lib/validate-data.js] Validating Treasury funding data...
[2025-10-03T03:31:11.619Z] [lib/validate-data.js] Found 282 Treasury funding data points
[2025-10-03T03:31:11.619Z] [lib/validate-data.js] Treasury funding data validation passed ✓
[2025-10-03T03:31:11.619Z] [lib/validate-data.js] All data validation passed ✓
[2025-10-03T03:31:11.622Z] lib/validate-data.js completed successfully
[2025-10-03T03:31:11.622Z] Dashboard update process completed successfully
