[2025-10-18T03:31:18.182Z] Starting Liquidity Dashboard update process
[2025-10-18T03:31:18.183Z] Running lib/data-backup.js...
[2025-10-18T03:31:18.212Z] [lib/data-backup.js] ERROR: node:internal/modules/cjs/loader:1031
  throw err;
  ^

Error: Cannot find module '/home/runner/work/liquiditydashboard/liquiditydashboard/web/lib/data-backup.js'
    at Function.Module._resolveFilename (node:internal/modules/cjs/loader:1028:15)
    at Function.Module._load (node:internal/modules/cjs/loader:873:27)
    at Function.executeUserEntryPoint [as runMain] (node:internal/modules/run_main:81:12)
    at node:internal/main/run_main_module:22:47 {
  code: 'MODULE_NOT_FOUND',
  requireStack: []
}
[2025-10-18T03:31:18.214Z] lib/data-backup.js failed with exit code 1
[2025-10-18T03:31:18.214Z] Running lib/data-backup.js clean...
[2025-10-18T03:31:18.242Z] [lib/data-backup.js clean] ERROR: node:internal/modules/cjs/loader:1031
  throw err;
  ^

Error: Cannot find module '/home/runner/work/liquiditydashboard/liquiditydashboard/web/lib/data-backup.js'
    at Function.Module._resolveFilename (node:internal/modules/cjs/loader:1028:15)
    at Function.Module._load (node:internal/modules/cjs/loader:873:27)
    at Function.executeUserEntryPoint [as runMain] (node:internal/modules/run_main:81:12)
    at node:internal/main/run_main_module:22:47 {
  code: 'MODULE_NOT_FOUND',
  requireStack: []
}
[2025-10-18T03:31:18.244Z] lib/data-backup.js clean failed with exit code 1
[2025-10-18T03:31:18.244Z] Running lib/import-historical-move-data.js...
[2025-10-18T03:31:18.272Z] [lib/import-historical-move-data.js] ERROR: node:internal/modules/cjs/loader:1031
  throw err;
  ^

Error: Cannot find module '/home/runner/work/liquiditydashboard/liquiditydashboard/web/lib/import-historical-move-data.js'
    at Function.Module._resolveFilename (node:internal/modules/cjs/loader:1028:15)
    at Function.Module._load (node:internal/modules/cjs/loader:873:27)
    at Function.executeUserEntryPoint [as runMain] (node:internal/modules/run_main:81:12)
    at node:internal/main/run_main_module:22:47 {
  code: 'MODULE_NOT_FOUND',
  requireStack: []
}
[2025-10-18T03:31:18.274Z] lib/import-historical-move-data.js failed with exit code 1
[2025-10-18T03:31:18.274Z] Running lib/fetch-move-data.js...
[2025-10-18T03:31:18.301Z] [lib/fetch-move-data.js] ERROR: node:internal/modules/cjs/loader:1031
  throw err;
  ^

Error: Cannot find module '/home/runner/work/liquiditydashboard/liquiditydashboard/web/lib/fetch-move-data.js'
    at Function.Module._resolveFilename (node:internal/modules/cjs/loader:1028:15)
    at Function.Module._load (node:internal/modules/cjs/loader:873:27)
    at Function.executeUserEntryPoint [as runMain] (node:internal/modules/run_main:81:12)
    at node:internal/main/run_main_module:22:47 {
  code: 'MODULE_NOT_FOUND',
  requireStack: []
}
[2025-10-18T03:31:18.303Z] lib/fetch-move-data.js failed with exit code 1
[2025-10-18T03:31:18.303Z] Running lib/fetch-srf-data.js...
[2025-10-18T03:31:18.331Z] [lib/fetch-srf-data.js] ERROR: node:internal/modules/cjs/loader:1031
  throw err;
  ^

Error: Cannot find module '/home/runner/work/liquiditydashboard/liquiditydashboard/web/lib/fetch-srf-data.js'
    at Function.Module._resolveFilename (node:internal/modules/cjs/loader:1028:15)
    at Function.Module._load (node:internal/modules/cjs/loader:873:27)
    at Function.executeUserEntryPoint [as runMain] (node:internal/modules/run_main:81:12)
    at node:internal/main/run_main_module:22:47 {
  code: 'MODULE_NOT_FOUND',
  requireStack: []
}
[2025-10-18T03:31:18.333Z] lib/fetch-srf-data.js failed with exit code 1
[2025-10-18T03:31:18.333Z] Running lib/fetch-bill-share-data.js...
[2025-10-18T03:31:18.361Z] [lib/fetch-bill-share-data.js] ERROR: node:internal/modules/cjs/loader:1031
  throw err;
  ^

Error: Cannot find module '/home/runner/work/liquiditydashboard/liquiditydashboard/web/lib/fetch-bill-share-data.js'
    at Function.Module._resolveFilename (node:internal/modules/cjs/loader:1028:15)
    at Function.Module._load (node:internal/modules/cjs/loader:873:27)
    at Function.executeUserEntryPoint [as runMain] (node:internal/modules/run_main:81:12)
    at node:internal/main/run_main_module:22:47 {
  code: 'MODULE_NOT_FOUND',
  requireStack: []
}
[2025-10-18T03:31:18.363Z] lib/fetch-bill-share-data.js failed with exit code 1
[2025-10-18T03:31:18.363Z] Running lib/cleanup-future-dates.js...
[2025-10-18T03:31:18.435Z] [lib/cleanup-future-dates.js] Starting data cleanup process...
[2025-10-18T03:31:18.648Z] [lib/cleanup-future-dates.js] WorldTimeAPI failed, trying alternative source
[2025-10-18T03:31:19.442Z] [lib/cleanup-future-dates.js] Using TimeAPI date: 2025-10-18T03:31:19.3602832
[2025-10-18T03:31:19.442Z] [lib/cleanup-future-dates.js] Using reference date: 2025-10-18
[2025-10-18T03:31:19.442Z] [lib/cleanup-future-dates.js] Processing MOVE index data (/home/runner/work/liquiditydashboard/liquiditydashboard/web/public/series/move.json)...
[2025-10-18T03:31:19.442Z] [lib/cleanup-future-dates.js] Loaded 111 MOVE index data points
[2025-10-18T03:31:19.443Z] [lib/cleanup-future-dates.js] No future-dated entries found in MOVE index data
[2025-10-18T03:31:19.443Z] [lib/cleanup-future-dates.js] Processing SRF data (/home/runner/work/liquiditydashboard/liquiditydashboard/web/public/series/srf.json)...
[2025-10-18T03:31:19.444Z] [lib/cleanup-future-dates.js] Loaded 1017 SRF data points
[2025-10-18T03:31:19.445Z] [lib/cleanup-future-dates.js] No future-dated entries found in SRF data
[2025-10-18T03:31:19.445Z] [lib/cleanup-future-dates.js] Processing Treasury bill share data (/home/runner/work/liquiditydashboard/liquiditydashboard/web/public/series/bill-share.json)...
[2025-10-18T03:31:19.446Z] [lib/cleanup-future-dates.js] Loaded 282 Treasury bill share data points
[2025-10-18T03:31:19.446Z] [lib/cleanup-future-dates.js] No future-dated entries found in Treasury bill share data
[2025-10-18T03:31:19.446Z] [lib/cleanup-future-dates.js] Cleanup complete! Removed 0 future-dated entries in total.
Data cleanup completed with no changes needed
[2025-10-18T03:31:19.450Z] lib/cleanup-future-dates.js completed successfully
[2025-10-18T03:31:19.450Z] Running lib/validate-data.js...
[2025-10-18T03:31:19.522Z] [lib/validate-data.js] Running data validation...
[2025-10-18T03:31:19.522Z] [lib/validate-data.js] Validating MOVE index data...
[2025-10-18T03:31:19.523Z] [lib/validate-data.js] Found 111 MOVE data points
[2025-10-18T03:31:19.581Z] [lib/validate-data.js] WorldTimeAPI failed, trying alternative source
[2025-10-18T03:31:20.205Z] [lib/validate-data.js] Using TimeAPI date: 2025-10-18T03:31:20.124354
[2025-10-18T03:31:20.205Z] [lib/validate-data.js] Using reference date: 2025-10-18
[2025-10-18T03:31:20.206Z] [lib/validate-data.js] MOVE index data validation passed ✓
[2025-10-18T03:31:20.206Z] [lib/validate-data.js] Validating SRF data...
[2025-10-18T03:31:20.206Z] [lib/validate-data.js] Found 1017 SRF data points
[2025-10-18T03:31:20.311Z] [lib/validate-data.js] WorldTimeAPI failed, trying alternative source
[2025-10-18T03:31:20.906Z] [lib/validate-data.js] Using TimeAPI date: 2025-10-18T03:31:20.8362442
[2025-10-18T03:31:20.907Z] [lib/validate-data.js] SRF data validation passed ✓
[2025-10-18T03:31:20.908Z] [lib/validate-data.js] Validating Treasury funding data...
[2025-10-18T03:31:20.908Z] [lib/validate-data.js] Found 282 Treasury funding data points
[2025-10-18T03:31:20.908Z] [lib/validate-data.js] Treasury funding data validation passed ✓
[2025-10-18T03:31:20.908Z] [lib/validate-data.js] All data validation passed ✓
[2025-10-18T03:31:20.911Z] lib/validate-data.js completed successfully
[2025-10-18T03:31:20.911Z] Dashboard update process completed successfully
