[2025-06-19T03:51:21.224Z] Starting Liquidity Dashboard update process
[2025-06-19T03:51:21.226Z] Running lib/data-backup.js...
[2025-06-19T03:51:21.256Z] [lib/data-backup.js] ERROR: node:internal/modules/cjs/loader:1031
  throw err;
  ^

Error: Cannot find module '/home/runner/work/liquiditydashboard/liquiditydashboard/web/lib/data-backup.js'
    at Function.Module._resolveFilename (node:internal/modules/cjs/loader:1028:15)
    at Function.Module._load (node:internal/modules/cjs/loader:873:27)
    at Function.executeUserEntryPoint [as runMain] (node:internal/modules/run_main:81:12)
    at node:internal/main/run_main_module:22:47 {
  code: 'MODULE_NOT_FOUND',
  requireStack: []
}
[2025-06-19T03:51:21.259Z] lib/data-backup.js failed with exit code 1
[2025-06-19T03:51:21.259Z] Running lib/data-backup.js clean...
[2025-06-19T03:51:21.288Z] [lib/data-backup.js clean] ERROR: node:internal/modules/cjs/loader:1031
  throw err;
  ^

Error: Cannot find module '/home/runner/work/liquiditydashboard/liquiditydashboard/web/lib/data-backup.js'
    at Function.Module._resolveFilename (node:internal/modules/cjs/loader:1028:15)
    at Function.Module._load (node:internal/modules/cjs/loader:873:27)
    at Function.executeUserEntryPoint [as runMain] (node:internal/modules/run_main:81:12)
    at node:internal/main/run_main_module:22:47 {
  code: 'MODULE_NOT_FOUND',
  requireStack: []
}
[2025-06-19T03:51:21.290Z] lib/data-backup.js clean failed with exit code 1
[2025-06-19T03:51:21.290Z] Running lib/import-historical-move-data.js...
[2025-06-19T03:51:21.320Z] [lib/import-historical-move-data.js] ERROR: node:internal/modules/cjs/loader:1031
  throw err;
  ^

Error: Cannot find module '/home/runner/work/liquiditydashboard/liquiditydashboard/web/lib/import-historical-move-data.js'
    at Function.Module._resolveFilename (node:internal/modules/cjs/loader:1028:15)
    at Function.Module._load (node:internal/modules/cjs/loader:873:27)
    at Function.executeUserEntryPoint [as runMain] (node:internal/modules/run_main:81:12)
    at node:internal/main/run_main_module:22:47 {
  code: 'MODULE_NOT_FOUND',
  requireStack: []
}
[2025-06-19T03:51:21.322Z] lib/import-historical-move-data.js failed with exit code 1
[2025-06-19T03:51:21.322Z] Running lib/fetch-move-data.js...
[2025-06-19T03:51:21.351Z] [lib/fetch-move-data.js] ERROR: node:internal/modules/cjs/loader:1031
  throw err;
  ^

Error: Cannot find module '/home/runner/work/liquiditydashboard/liquiditydashboard/web/lib/fetch-move-data.js'
    at Function.Module._resolveFilename (node:internal/modules/cjs/loader:1028:15)
    at Function.Module._load (node:internal/modules/cjs/loader:873:27)
    at Function.executeUserEntryPoint [as runMain] (node:internal/modules/run_main:81:12)
    at node:internal/main/run_main_module:22:47 {
  code: 'MODULE_NOT_FOUND',
  requireStack: []
}
[2025-06-19T03:51:21.354Z] lib/fetch-move-data.js failed with exit code 1
[2025-06-19T03:51:21.354Z] Running lib/fetch-srf-data.js...
[2025-06-19T03:51:21.388Z] [lib/fetch-srf-data.js] ERROR: node:internal/modules/cjs/loader:1031
  throw err;
  ^

Error: Cannot find module '/home/runner/work/liquiditydashboard/liquiditydashboard/web/lib/fetch-srf-data.js'
    at Function.Module._resolveFilename (node:internal/modules/cjs/loader:1028:15)
    at Function.Module._load (node:internal/modules/cjs/loader:873:27)
    at Function.executeUserEntryPoint [as runMain] (node:internal/modules/run_main:81:12)
    at node:internal/main/run_main_module:22:47 {
  code: 'MODULE_NOT_FOUND',
  requireStack: []
}
[2025-06-19T03:51:21.391Z] lib/fetch-srf-data.js failed with exit code 1
[2025-06-19T03:51:21.391Z] Running lib/fetch-bill-share-data.js...
[2025-06-19T03:51:21.421Z] [lib/fetch-bill-share-data.js] ERROR: node:internal/modules/cjs/loader:1031
  throw err;
  ^

Error: Cannot find module '/home/runner/work/liquiditydashboard/liquiditydashboard/web/lib/fetch-bill-share-data.js'
    at Function.Module._resolveFilename (node:internal/modules/cjs/loader:1028:15)
    at Function.Module._load (node:internal/modules/cjs/loader:873:27)
    at Function.executeUserEntryPoint [as runMain] (node:internal/modules/run_main:81:12)
    at node:internal/main/run_main_module:22:47 {
  code: 'MODULE_NOT_FOUND',
  requireStack: []
}
[2025-06-19T03:51:21.424Z] lib/fetch-bill-share-data.js failed with exit code 1
[2025-06-19T03:51:21.424Z] Running lib/cleanup-future-dates.js...
[2025-06-19T03:51:21.504Z] [lib/cleanup-future-dates.js] Starting data cleanup process...
[2025-06-19T03:51:21.710Z] [lib/cleanup-future-dates.js] WorldTimeAPI failed, trying alternative source
[2025-06-19T03:51:22.282Z] [lib/cleanup-future-dates.js] Using TimeAPI date: 2025-06-19T03:51:22.219983
[2025-06-19T03:51:22.282Z] [lib/cleanup-future-dates.js] Using reference date: 2025-6-19
[2025-06-19T03:51:22.282Z] [lib/cleanup-future-dates.js] Processing MOVE index data (/home/runner/work/liquiditydashboard/liquiditydashboard/web/public/series/move.json)...
[2025-06-19T03:51:22.283Z] [lib/cleanup-future-dates.js] Loaded 111 MOVE index data points
[2025-06-19T03:51:22.283Z] [lib/cleanup-future-dates.js] No future-dated entries found in MOVE index data
[2025-06-19T03:51:22.283Z] [lib/cleanup-future-dates.js] Processing SRF data (/home/runner/work/liquiditydashboard/liquiditydashboard/web/public/series/srf.json)...
[2025-06-19T03:51:22.284Z] [lib/cleanup-future-dates.js] Loaded 1017 SRF data points
[2025-06-19T03:51:22.285Z] [lib/cleanup-future-dates.js] No future-dated entries found in SRF data
[2025-06-19T03:51:22.285Z] [lib/cleanup-future-dates.js] Processing Treasury bill share data (/home/runner/work/liquiditydashboard/liquiditydashboard/web/public/series/bill-share.json)...
[2025-06-19T03:51:22.285Z] [lib/cleanup-future-dates.js] Loaded 282 Treasury bill share data points
[2025-06-19T03:51:22.286Z] [lib/cleanup-future-dates.js] No future-dated entries found in Treasury bill share data
[2025-06-19T03:51:22.286Z] [lib/cleanup-future-dates.js] Cleanup complete! Removed 0 future-dated entries in total.
Data cleanup completed with no changes needed
[2025-06-19T03:51:22.290Z] lib/cleanup-future-dates.js completed successfully
[2025-06-19T03:51:22.290Z] Running lib/validate-data.js...
[2025-06-19T03:51:22.366Z] [lib/validate-data.js] Running data validation...
[2025-06-19T03:51:22.367Z] [lib/validate-data.js] Validating MOVE index data...
[2025-06-19T03:51:22.367Z] [lib/validate-data.js] Found 111 MOVE data points
[2025-06-19T03:51:22.393Z] [lib/validate-data.js] WorldTimeAPI failed, trying alternative source
[2025-06-19T03:51:22.679Z] [lib/validate-data.js] Using TimeAPI date: 2025-06-19T03:51:22.6296115
[2025-06-19T03:51:22.679Z] [lib/validate-data.js] Using reference date: 2025-6-19
[2025-06-19T03:51:22.680Z] [lib/validate-data.js] MOVE index data validation passed ✓
[2025-06-19T03:51:22.680Z] [lib/validate-data.js] Validating SRF data...
[2025-06-19T03:51:22.680Z] [lib/validate-data.js] Found 1017 SRF data points
[2025-06-19T03:51:22.695Z] [lib/validate-data.js] WorldTimeAPI failed, trying alternative source
[2025-06-19T03:51:23.152Z] [lib/validate-data.js] Using TimeAPI date: 2025-06-19T03:51:23.1066448
[2025-06-19T03:51:23.154Z] [lib/validate-data.js] SRF data validation passed ✓
[2025-06-19T03:51:23.154Z] [lib/validate-data.js] Validating Treasury funding data...
[2025-06-19T03:51:23.154Z] [lib/validate-data.js] Found 282 Treasury funding data points
[2025-06-19T03:51:23.155Z] [lib/validate-data.js] Treasury funding data validation passed ✓
[2025-06-19T03:51:23.155Z] [lib/validate-data.js] All data validation passed ✓
[2025-06-19T03:51:23.158Z] lib/validate-data.js completed successfully
[2025-06-19T03:51:23.158Z] Dashboard update process completed successfully
