[2026-07-08T06:03:20.597Z] Starting Liquidity Dashboard update process
[2026-07-08T06:03:20.599Z] Running lib/data-backup.js...
[2026-07-08T06:03:20.628Z] [lib/data-backup.js] ERROR: node:internal/modules/cjs/loader:1031
  throw err;
  ^

Error: Cannot find module '/home/runner/work/liquiditydashboard/liquiditydashboard/web/lib/data-backup.js'
    at Function.Module._resolveFilename (node:internal/modules/cjs/loader:1028:15)
    at Function.Module._load (node:internal/modules/cjs/loader:873:27)
    at Function.executeUserEntryPoint [as runMain] (node:internal/modules/run_main:81:12)
    at node:internal/main/run_main_module:22:47 {
  code: 'MODULE_NOT_FOUND',
  requireStack: []
}
[2026-07-08T06:03:20.631Z] lib/data-backup.js failed with exit code 1
[2026-07-08T06:03:20.631Z] Running lib/data-backup.js clean...
[2026-07-08T06:03:20.660Z] [lib/data-backup.js clean] ERROR: node:internal/modules/cjs/loader:1031
  throw err;
  ^

Error: Cannot find module '/home/runner/work/liquiditydashboard/liquiditydashboard/web/lib/data-backup.js'
    at Function.Module._resolveFilename (node:internal/modules/cjs/loader:1028:15)
    at Function.Module._load (node:internal/modules/cjs/loader:873:27)
    at Function.executeUserEntryPoint [as runMain] (node:internal/modules/run_main:81:12)
    at node:internal/main/run_main_module:22:47 {
  code: 'MODULE_NOT_FOUND',
  requireStack: []
}
[2026-07-08T06:03:20.661Z] lib/data-backup.js clean failed with exit code 1
[2026-07-08T06:03:20.662Z] Running lib/import-historical-move-data.js...
[2026-07-08T06:03:20.690Z] [lib/import-historical-move-data.js] ERROR: node:internal/modules/cjs/loader:1031
  throw err;
  ^

Error: Cannot find module '/home/runner/work/liquiditydashboard/liquiditydashboard/web/lib/import-historical-move-data.js'
    at Function.Module._resolveFilename (node:internal/modules/cjs/loader:1028:15)
    at Function.Module._load (node:internal/modules/cjs/loader:873:27)
    at Function.executeUserEntryPoint [as runMain] (node:internal/modules/run_main:81:12)
    at node:internal/main/run_main_module:22:47 {
  code: 'MODULE_NOT_FOUND',
  requireStack: []
}
[2026-07-08T06:03:20.691Z] lib/import-historical-move-data.js failed with exit code 1
[2026-07-08T06:03:20.692Z] Running lib/fetch-move-data.js...
[2026-07-08T06:03:20.720Z] [lib/fetch-move-data.js] ERROR: node:internal/modules/cjs/loader:1031
  throw err;
  ^

Error: Cannot find module '/home/runner/work/liquiditydashboard/liquiditydashboard/web/lib/fetch-move-data.js'
    at Function.Module._resolveFilename (node:internal/modules/cjs/loader:1028:15)
    at Function.Module._load (node:internal/modules/cjs/loader:873:27)
    at Function.executeUserEntryPoint [as runMain] (node:internal/modules/run_main:81:12)
    at node:internal/main/run_main_module:22:47 {
  code: 'MODULE_NOT_FOUND',
  requireStack: []
}
[2026-07-08T06:03:20.722Z] lib/fetch-move-data.js failed with exit code 1
[2026-07-08T06:03:20.722Z] Running lib/fetch-srf-data.js...
[2026-07-08T06:03:20.750Z] [lib/fetch-srf-data.js] ERROR: node:internal/modules/cjs/loader:1031
  throw err;
  ^

Error: Cannot find module '/home/runner/work/liquiditydashboard/liquiditydashboard/web/lib/fetch-srf-data.js'
    at Function.Module._resolveFilename (node:internal/modules/cjs/loader:1028:15)
    at Function.Module._load (node:internal/modules/cjs/loader:873:27)
    at Function.executeUserEntryPoint [as runMain] (node:internal/modules/run_main:81:12)
    at node:internal/main/run_main_module:22:47 {
  code: 'MODULE_NOT_FOUND',
  requireStack: []
}
[2026-07-08T06:03:20.753Z] lib/fetch-srf-data.js failed with exit code 1
[2026-07-08T06:03:20.754Z] Running lib/fetch-bill-share-data.js...
[2026-07-08T06:03:20.783Z] [lib/fetch-bill-share-data.js] ERROR: node:internal/modules/cjs/loader:1031
  throw err;
  ^

Error: Cannot find module '/home/runner/work/liquiditydashboard/liquiditydashboard/web/lib/fetch-bill-share-data.js'
    at Function.Module._resolveFilename (node:internal/modules/cjs/loader:1028:15)
    at Function.Module._load (node:internal/modules/cjs/loader:873:27)
    at Function.executeUserEntryPoint [as runMain] (node:internal/modules/run_main:81:12)
    at node:internal/main/run_main_module:22:47 {
  code: 'MODULE_NOT_FOUND',
  requireStack: []
}
[2026-07-08T06:03:20.784Z] lib/fetch-bill-share-data.js failed with exit code 1
[2026-07-08T06:03:20.784Z] Running lib/cleanup-future-dates.js...
[2026-07-08T06:03:20.867Z] [lib/cleanup-future-dates.js] Starting data cleanup process...
[2026-07-08T06:03:21.115Z] [lib/cleanup-future-dates.js] WorldTimeAPI failed, trying alternative source
[2026-07-08T06:03:21.824Z] [lib/cleanup-future-dates.js] Using TimeAPI date: 2026-07-08T06:03:16.1072352
[2026-07-08T06:03:21.824Z] [lib/cleanup-future-dates.js] Using reference date: 2026-7-8
[2026-07-08T06:03:21.824Z] [lib/cleanup-future-dates.js] Processing MOVE index data (/home/runner/work/liquiditydashboard/liquiditydashboard/web/public/series/move.json)...
[2026-07-08T06:03:21.824Z] [lib/cleanup-future-dates.js] Loaded 111 MOVE index data points
[2026-07-08T06:03:21.825Z] [lib/cleanup-future-dates.js] No future-dated entries found in MOVE index data
[2026-07-08T06:03:21.825Z] [lib/cleanup-future-dates.js] Processing SRF data (/home/runner/work/liquiditydashboard/liquiditydashboard/web/public/series/srf.json)...
[2026-07-08T06:03:21.825Z] [lib/cleanup-future-dates.js] Loaded 1017 SRF data points
[2026-07-08T06:03:21.827Z] [lib/cleanup-future-dates.js] No future-dated entries found in SRF data
[2026-07-08T06:03:21.827Z] [lib/cleanup-future-dates.js] Processing Treasury bill share data (/home/runner/work/liquiditydashboard/liquiditydashboard/web/public/series/bill-share.json)...
[2026-07-08T06:03:21.827Z] [lib/cleanup-future-dates.js] Loaded 282 Treasury bill share data points
[2026-07-08T06:03:21.827Z] [lib/cleanup-future-dates.js] No future-dated entries found in Treasury bill share data
[2026-07-08T06:03:21.828Z] [lib/cleanup-future-dates.js] Cleanup complete! Removed 0 future-dated entries in total.
Data cleanup completed with no changes needed
[2026-07-08T06:03:21.830Z] lib/cleanup-future-dates.js completed successfully
[2026-07-08T06:03:21.831Z] Running lib/validate-data.js...
[2026-07-08T06:03:21.911Z] [lib/validate-data.js] Running data validation...
[2026-07-08T06:03:21.912Z] [lib/validate-data.js] Validating MOVE index data...
[2026-07-08T06:03:21.912Z] [lib/validate-data.js] Found 111 MOVE data points
[2026-07-08T06:03:22.037Z] [lib/validate-data.js] WorldTimeAPI failed, trying alternative source
[2026-07-08T06:03:22.760Z] [lib/validate-data.js] Using TimeAPI date: 2026-07-08T06:03:17.0454199
[2026-07-08T06:03:22.760Z] [lib/validate-data.js] Using reference date: 2026-7-8
[2026-07-08T06:03:22.761Z] [lib/validate-data.js] MOVE index data validation passed ✓
[2026-07-08T06:03:22.761Z] [lib/validate-data.js] Validating SRF data...
[2026-07-08T06:03:22.762Z] [lib/validate-data.js] Found 1017 SRF data points
[2026-07-08T06:03:22.833Z] [lib/validate-data.js] WorldTimeAPI failed, trying alternative source
[2026-07-08T06:03:23.536Z] [lib/validate-data.js] Using TimeAPI date: 2026-07-08T06:03:17.8230529
[2026-07-08T06:03:23.539Z] [lib/validate-data.js] SRF data validation passed ✓
[2026-07-08T06:03:23.539Z] [lib/validate-data.js] Validating Treasury funding data...
[2026-07-08T06:03:23.539Z] [lib/validate-data.js] Found 282 Treasury funding data points
[2026-07-08T06:03:23.539Z] [lib/validate-data.js] Treasury funding data validation passed ✓
[2026-07-08T06:03:23.540Z] [lib/validate-data.js] All data validation passed ✓
[2026-07-08T06:03:23.542Z] lib/validate-data.js completed successfully
[2026-07-08T06:03:23.542Z] Dashboard update process completed successfully
