[2026-05-22T06:53:40.909Z] Starting Liquidity Dashboard update process
[2026-05-22T06:53:40.910Z] Running lib/data-backup.js...
[2026-05-22T06:53:40.940Z] [lib/data-backup.js] ERROR: node:internal/modules/cjs/loader:1031
  throw err;
  ^

Error: Cannot find module '/home/runner/work/liquiditydashboard/liquiditydashboard/web/lib/data-backup.js'
    at Function.Module._resolveFilename (node:internal/modules/cjs/loader:1028:15)
    at Function.Module._load (node:internal/modules/cjs/loader:873:27)
    at Function.executeUserEntryPoint [as runMain] (node:internal/modules/run_main:81:12)
    at node:internal/main/run_main_module:22:47 {
  code: 'MODULE_NOT_FOUND',
  requireStack: []
}
[2026-05-22T06:53:40.942Z] lib/data-backup.js failed with exit code 1
[2026-05-22T06:53:40.942Z] Running lib/data-backup.js clean...
[2026-05-22T06:53:40.970Z] [lib/data-backup.js clean] ERROR: node:internal/modules/cjs/loader:1031
  throw err;
  ^

Error: Cannot find module '/home/runner/work/liquiditydashboard/liquiditydashboard/web/lib/data-backup.js'
    at Function.Module._resolveFilename (node:internal/modules/cjs/loader:1028:15)
    at Function.Module._load (node:internal/modules/cjs/loader:873:27)
    at Function.executeUserEntryPoint [as runMain] (node:internal/modules/run_main:81:12)
    at node:internal/main/run_main_module:22:47 {
  code: 'MODULE_NOT_FOUND',
  requireStack: []
}
[2026-05-22T06:53:40.971Z] lib/data-backup.js clean failed with exit code 1
[2026-05-22T06:53:40.971Z] Running lib/import-historical-move-data.js...
[2026-05-22T06:53:40.999Z] [lib/import-historical-move-data.js] ERROR: node:internal/modules/cjs/loader:1031
  throw err;
  ^

Error: Cannot find module '/home/runner/work/liquiditydashboard/liquiditydashboard/web/lib/import-historical-move-data.js'
    at Function.Module._resolveFilename (node:internal/modules/cjs/loader:1028:15)
    at Function.Module._load (node:internal/modules/cjs/loader:873:27)
    at Function.executeUserEntryPoint [as runMain] (node:internal/modules/run_main:81:12)
    at node:internal/main/run_main_module:22:47 {
  code: 'MODULE_NOT_FOUND',
  requireStack: []
}
[2026-05-22T06:53:41.000Z] lib/import-historical-move-data.js failed with exit code 1
[2026-05-22T06:53:41.000Z] Running lib/fetch-move-data.js...
[2026-05-22T06:53:41.028Z] [lib/fetch-move-data.js] ERROR: node:internal/modules/cjs/loader:1031
  throw err;
  ^

Error: Cannot find module '/home/runner/work/liquiditydashboard/liquiditydashboard/web/lib/fetch-move-data.js'
    at Function.Module._resolveFilename (node:internal/modules/cjs/loader:1028:15)
    at Function.Module._load (node:internal/modules/cjs/loader:873:27)
    at Function.executeUserEntryPoint [as runMain] (node:internal/modules/run_main:81:12)
    at node:internal/main/run_main_module:22:47 {
  code: 'MODULE_NOT_FOUND',
  requireStack: []
}
[2026-05-22T06:53:41.029Z] lib/fetch-move-data.js failed with exit code 1
[2026-05-22T06:53:41.030Z] Running lib/fetch-srf-data.js...
[2026-05-22T06:53:41.057Z] [lib/fetch-srf-data.js] ERROR: node:internal/modules/cjs/loader:1031
  throw err;
  ^

Error: Cannot find module '/home/runner/work/liquiditydashboard/liquiditydashboard/web/lib/fetch-srf-data.js'
    at Function.Module._resolveFilename (node:internal/modules/cjs/loader:1028:15)
    at Function.Module._load (node:internal/modules/cjs/loader:873:27)
    at Function.executeUserEntryPoint [as runMain] (node:internal/modules/run_main:81:12)
    at node:internal/main/run_main_module:22:47 {
  code: 'MODULE_NOT_FOUND',
  requireStack: []
}
[2026-05-22T06:53:41.059Z] lib/fetch-srf-data.js failed with exit code 1
[2026-05-22T06:53:41.059Z] Running lib/fetch-bill-share-data.js...
[2026-05-22T06:53:41.088Z] [lib/fetch-bill-share-data.js] ERROR: node:internal/modules/cjs/loader:1031
  throw err;
  ^

Error: Cannot find module '/home/runner/work/liquiditydashboard/liquiditydashboard/web/lib/fetch-bill-share-data.js'
    at Function.Module._resolveFilename (node:internal/modules/cjs/loader:1028:15)
    at Function.Module._load (node:internal/modules/cjs/loader:873:27)
    at Function.executeUserEntryPoint [as runMain] (node:internal/modules/run_main:81:12)
    at node:internal/main/run_main_module:22:47 {
  code: 'MODULE_NOT_FOUND',
  requireStack: []
}
[2026-05-22T06:53:41.089Z] lib/fetch-bill-share-data.js failed with exit code 1
[2026-05-22T06:53:41.089Z] Running lib/cleanup-future-dates.js...
[2026-05-22T06:53:41.184Z] [lib/cleanup-future-dates.js] Starting data cleanup process...
[2026-05-22T06:53:41.468Z] [lib/cleanup-future-dates.js] WorldTimeAPI failed, trying alternative source
[2026-05-22T06:53:42.071Z] [lib/cleanup-future-dates.js] Using TimeAPI date: 2026-05-22T06:53:41.1409793
[2026-05-22T06:53:42.071Z] [lib/cleanup-future-dates.js] Using reference date: 2026-5-22

Processing MOVE index data (/home/runner/work/liquiditydashboard/liquiditydashboard/web/public/series/move.json)...
[2026-05-22T06:53:42.071Z] [lib/cleanup-future-dates.js] Loaded 111 MOVE index data points
[2026-05-22T06:53:42.072Z] [lib/cleanup-future-dates.js] No future-dated entries found in MOVE index data
[2026-05-22T06:53:42.072Z] [lib/cleanup-future-dates.js] Processing SRF data (/home/runner/work/liquiditydashboard/liquiditydashboard/web/public/series/srf.json)...
[2026-05-22T06:53:42.072Z] [lib/cleanup-future-dates.js] Loaded 1017 SRF data points
[2026-05-22T06:53:42.073Z] [lib/cleanup-future-dates.js] No future-dated entries found in SRF data
[2026-05-22T06:53:42.074Z] [lib/cleanup-future-dates.js] Processing Treasury bill share data (/home/runner/work/liquiditydashboard/liquiditydashboard/web/public/series/bill-share.json)...
[2026-05-22T06:53:42.074Z] [lib/cleanup-future-dates.js] Loaded 282 Treasury bill share data points
[2026-05-22T06:53:42.074Z] [lib/cleanup-future-dates.js] No future-dated entries found in Treasury bill share data
[2026-05-22T06:53:42.074Z] [lib/cleanup-future-dates.js] Cleanup complete! Removed 0 future-dated entries in total.
[2026-05-22T06:53:42.075Z] [lib/cleanup-future-dates.js] Data cleanup completed with no changes needed
[2026-05-22T06:53:42.077Z] lib/cleanup-future-dates.js completed successfully
[2026-05-22T06:53:42.077Z] Running lib/validate-data.js...
[2026-05-22T06:53:42.156Z] [lib/validate-data.js] Running data validation...
[2026-05-22T06:53:42.157Z] [lib/validate-data.js] Validating MOVE index data...
[2026-05-22T06:53:42.157Z] [lib/validate-data.js] Found 111 MOVE data points
[2026-05-22T06:53:42.243Z] [lib/validate-data.js] WorldTimeAPI failed, trying alternative source
[2026-05-22T06:53:42.698Z] [lib/validate-data.js] Using TimeAPI date: 2026-05-22T06:53:41.7622438
[2026-05-22T06:53:42.698Z] [lib/validate-data.js] Using reference date: 2026-5-22
[2026-05-22T06:53:42.699Z] [lib/validate-data.js] MOVE index data validation passed ✓
[2026-05-22T06:53:42.699Z] [lib/validate-data.js] Validating SRF data...
[2026-05-22T06:53:42.700Z] [lib/validate-data.js] Found 1017 SRF data points
[2026-05-22T06:53:42.758Z] [lib/validate-data.js] WorldTimeAPI failed, trying alternative source
[2026-05-22T06:53:43.362Z] [lib/validate-data.js] Using TimeAPI date: 2026-05-22T06:53:42.4341925
[2026-05-22T06:53:43.365Z] [lib/validate-data.js] SRF data validation passed ✓
[2026-05-22T06:53:43.365Z] [lib/validate-data.js] Validating Treasury funding data...
[2026-05-22T06:53:43.365Z] [lib/validate-data.js] Found 282 Treasury funding data points
[2026-05-22T06:53:43.365Z] [lib/validate-data.js] Treasury funding data validation passed ✓
[2026-05-22T06:53:43.365Z] [lib/validate-data.js] All data validation passed ✓
[2026-05-22T06:53:43.368Z] lib/validate-data.js completed successfully
[2026-05-22T06:53:43.368Z] Dashboard update process completed successfully
