[2025-12-18T03:58:14.817Z] Starting Liquidity Dashboard update process
[2025-12-18T03:58:14.819Z] Running lib/data-backup.js...
[2025-12-18T03:58:14.848Z] [lib/data-backup.js] ERROR: node:internal/modules/cjs/loader:1031
  throw err;
  ^

Error: Cannot find module '/home/runner/work/liquiditydashboard/liquiditydashboard/web/lib/data-backup.js'
    at Function.Module._resolveFilename (node:internal/modules/cjs/loader:1028:15)
    at Function.Module._load (node:internal/modules/cjs/loader:873:27)
    at Function.executeUserEntryPoint [as runMain] (node:internal/modules/run_main:81:12)
    at node:internal/main/run_main_module:22:47 {
  code: 'MODULE_NOT_FOUND',
  requireStack: []
}
[2025-12-18T03:58:14.851Z] lib/data-backup.js failed with exit code 1
[2025-12-18T03:58:14.851Z] Running lib/data-backup.js clean...
[2025-12-18T03:58:14.879Z] [lib/data-backup.js clean] ERROR: node:internal/modules/cjs/loader:1031
  throw err;
  ^

Error: Cannot find module '/home/runner/work/liquiditydashboard/liquiditydashboard/web/lib/data-backup.js'
    at Function.Module._resolveFilename (node:internal/modules/cjs/loader:1028:15)
    at Function.Module._load (node:internal/modules/cjs/loader:873:27)
    at Function.executeUserEntryPoint [as runMain] (node:internal/modules/run_main:81:12)
    at node:internal/main/run_main_module:22:47 {
  code: 'MODULE_NOT_FOUND',
  requireStack: []
}
[2025-12-18T03:58:14.881Z] lib/data-backup.js clean failed with exit code 1
[2025-12-18T03:58:14.882Z] Running lib/import-historical-move-data.js...
[2025-12-18T03:58:14.910Z] [lib/import-historical-move-data.js] ERROR: node:internal/modules/cjs/loader:1031
  throw err;
  ^

Error: Cannot find module '/home/runner/work/liquiditydashboard/liquiditydashboard/web/lib/import-historical-move-data.js'
    at Function.Module._resolveFilename (node:internal/modules/cjs/loader:1028:15)
    at Function.Module._load (node:internal/modules/cjs/loader:873:27)
    at Function.executeUserEntryPoint [as runMain] (node:internal/modules/run_main:81:12)
    at node:internal/main/run_main_module:22:47 {
  code: 'MODULE_NOT_FOUND',
  requireStack: []
}
[2025-12-18T03:58:14.912Z] lib/import-historical-move-data.js failed with exit code 1
[2025-12-18T03:58:14.912Z] Running lib/fetch-move-data.js...
[2025-12-18T03:58:14.940Z] [lib/fetch-move-data.js] ERROR: node:internal/modules/cjs/loader:1031
  throw err;
  ^

Error: Cannot find module '/home/runner/work/liquiditydashboard/liquiditydashboard/web/lib/fetch-move-data.js'
    at Function.Module._resolveFilename (node:internal/modules/cjs/loader:1028:15)
    at Function.Module._load (node:internal/modules/cjs/loader:873:27)
    at Function.executeUserEntryPoint [as runMain] (node:internal/modules/run_main:81:12)
    at node:internal/main/run_main_module:22:47 {
  code: 'MODULE_NOT_FOUND',
  requireStack: []
}
[2025-12-18T03:58:14.942Z] lib/fetch-move-data.js failed with exit code 1
[2025-12-18T03:58:14.942Z] Running lib/fetch-srf-data.js...
[2025-12-18T03:58:14.971Z] [lib/fetch-srf-data.js] ERROR: node:internal/modules/cjs/loader:1031
  throw err;
  ^

Error: Cannot find module '/home/runner/work/liquiditydashboard/liquiditydashboard/web/lib/fetch-srf-data.js'
    at Function.Module._resolveFilename (node:internal/modules/cjs/loader:1028:15)
    at Function.Module._load (node:internal/modules/cjs/loader:873:27)
    at Function.executeUserEntryPoint [as runMain] (node:internal/modules/run_main:81:12)
    at node:internal/main/run_main_module:22:47 {
  code: 'MODULE_NOT_FOUND',
  requireStack: []
}
[2025-12-18T03:58:14.973Z] lib/fetch-srf-data.js failed with exit code 1
[2025-12-18T03:58:14.973Z] Running lib/fetch-bill-share-data.js...
[2025-12-18T03:58:15.002Z] [lib/fetch-bill-share-data.js] ERROR: node:internal/modules/cjs/loader:1031
  throw err;
  ^

Error: Cannot find module '/home/runner/work/liquiditydashboard/liquiditydashboard/web/lib/fetch-bill-share-data.js'
    at Function.Module._resolveFilename (node:internal/modules/cjs/loader:1028:15)
    at Function.Module._load (node:internal/modules/cjs/loader:873:27)
    at Function.executeUserEntryPoint [as runMain] (node:internal/modules/run_main:81:12)
    at node:internal/main/run_main_module:22:47 {
  code: 'MODULE_NOT_FOUND',
  requireStack: []
}
[2025-12-18T03:58:15.004Z] lib/fetch-bill-share-data.js failed with exit code 1
[2025-12-18T03:58:15.004Z] Running lib/cleanup-future-dates.js...
[2025-12-18T03:58:15.081Z] [lib/cleanup-future-dates.js] Starting data cleanup process...
[2025-12-18T03:58:15.338Z] [lib/cleanup-future-dates.js] Using WorldTimeAPI date: 2025-12-18T03:58:15.321721+00:00
[2025-12-18T03:58:15.338Z] [lib/cleanup-future-dates.js] Using reference date: 2025-12-18
[2025-12-18T03:58:15.338Z] [lib/cleanup-future-dates.js] Processing MOVE index data (/home/runner/work/liquiditydashboard/liquiditydashboard/web/public/series/move.json)...
[2025-12-18T03:58:15.338Z] [lib/cleanup-future-dates.js] Loaded 111 MOVE index data points
[2025-12-18T03:58:15.339Z] [lib/cleanup-future-dates.js] No future-dated entries found in MOVE index data
[2025-12-18T03:58:15.339Z] [lib/cleanup-future-dates.js] Processing SRF data (/home/runner/work/liquiditydashboard/liquiditydashboard/web/public/series/srf.json)...
[2025-12-18T03:58:15.339Z] [lib/cleanup-future-dates.js] Loaded 1017 SRF data points
[2025-12-18T03:58:15.340Z] [lib/cleanup-future-dates.js] No future-dated entries found in SRF data
[2025-12-18T03:58:15.341Z] [lib/cleanup-future-dates.js] Processing Treasury bill share data (/home/runner/work/liquiditydashboard/liquiditydashboard/web/public/series/bill-share.json)...
[2025-12-18T03:58:15.341Z] [lib/cleanup-future-dates.js] Loaded 282 Treasury bill share data points
[2025-12-18T03:58:15.341Z] [lib/cleanup-future-dates.js] No future-dated entries found in Treasury bill share data
[2025-12-18T03:58:15.341Z] [lib/cleanup-future-dates.js] Cleanup complete! Removed 0 future-dated entries in total.
Data cleanup completed with no changes needed
[2025-12-18T03:58:15.344Z] lib/cleanup-future-dates.js completed successfully
[2025-12-18T03:58:15.344Z] Running lib/validate-data.js...
[2025-12-18T03:58:15.420Z] [lib/validate-data.js] Running data validation...
[2025-12-18T03:58:15.421Z] [lib/validate-data.js] Validating MOVE index data...
[2025-12-18T03:58:15.421Z] [lib/validate-data.js] Found 111 MOVE data points
[2025-12-18T03:58:15.655Z] [lib/validate-data.js] Using WorldTimeAPI date: 2025-12-18T03:58:15.635554+00:00
[2025-12-18T03:58:15.655Z] [lib/validate-data.js] Using reference date: 2025-12-18
[2025-12-18T03:58:15.656Z] [lib/validate-data.js] MOVE index data validation passed ✓
[2025-12-18T03:58:15.656Z] [lib/validate-data.js] Validating SRF data...
[2025-12-18T03:58:15.657Z] [lib/validate-data.js] Found 1017 SRF data points
[2025-12-18T03:58:15.873Z] [lib/validate-data.js] Using WorldTimeAPI date: 2025-12-18T03:58:15.861532+00:00
[2025-12-18T03:58:15.874Z] [lib/validate-data.js] SRF data validation passed ✓
[2025-12-18T03:58:15.874Z] [lib/validate-data.js] Validating Treasury funding data...
[2025-12-18T03:58:15.875Z] [lib/validate-data.js] Found 282 Treasury funding data points
[2025-12-18T03:58:15.875Z] [lib/validate-data.js] Treasury funding data validation passed ✓
[2025-12-18T03:58:15.875Z] [lib/validate-data.js] All data validation passed ✓
[2025-12-18T03:58:15.878Z] lib/validate-data.js completed successfully
[2025-12-18T03:58:15.878Z] Dashboard update process completed successfully
