[2025-10-21T03:40:08.176Z] Starting Liquidity Dashboard update process
[2025-10-21T03:40:08.178Z] Running lib/data-backup.js...
[2025-10-21T03:40:08.208Z] [lib/data-backup.js] ERROR: node:internal/modules/cjs/loader:1031
  throw err;
  ^

Error: Cannot find module '/home/runner/work/liquiditydashboard/liquiditydashboard/web/lib/data-backup.js'
    at Function.Module._resolveFilename (node:internal/modules/cjs/loader:1028:15)
    at Function.Module._load (node:internal/modules/cjs/loader:873:27)
    at Function.executeUserEntryPoint [as runMain] (node:internal/modules/run_main:81:12)
    at node:internal/main/run_main_module:22:47 {
  code: 'MODULE_NOT_FOUND',
  requireStack: []
}
[2025-10-21T03:40:08.210Z] lib/data-backup.js failed with exit code 1
[2025-10-21T03:40:08.210Z] Running lib/data-backup.js clean...
[2025-10-21T03:40:08.239Z] [lib/data-backup.js clean] ERROR: node:internal/modules/cjs/loader:1031
  throw err;
  ^

Error: Cannot find module '/home/runner/work/liquiditydashboard/liquiditydashboard/web/lib/data-backup.js'
    at Function.Module._resolveFilename (node:internal/modules/cjs/loader:1028:15)
    at Function.Module._load (node:internal/modules/cjs/loader:873:27)
    at Function.executeUserEntryPoint [as runMain] (node:internal/modules/run_main:81:12)
    at node:internal/main/run_main_module:22:47 {
  code: 'MODULE_NOT_FOUND',
  requireStack: []
}
[2025-10-21T03:40:08.241Z] lib/data-backup.js clean failed with exit code 1
[2025-10-21T03:40:08.241Z] Running lib/import-historical-move-data.js...
[2025-10-21T03:40:08.269Z] [lib/import-historical-move-data.js] ERROR: node:internal/modules/cjs/loader:1031
  throw err;
  ^

Error: Cannot find module '/home/runner/work/liquiditydashboard/liquiditydashboard/web/lib/import-historical-move-data.js'
    at Function.Module._resolveFilename (node:internal/modules/cjs/loader:1028:15)
    at Function.Module._load (node:internal/modules/cjs/loader:873:27)
    at Function.executeUserEntryPoint [as runMain] (node:internal/modules/run_main:81:12)
    at node:internal/main/run_main_module:22:47 {
  code: 'MODULE_NOT_FOUND',
  requireStack: []
}
[2025-10-21T03:40:08.271Z] lib/import-historical-move-data.js failed with exit code 1
[2025-10-21T03:40:08.271Z] Running lib/fetch-move-data.js...
[2025-10-21T03:40:08.300Z] [lib/fetch-move-data.js] ERROR: node:internal/modules/cjs/loader:1031
  throw err;
  ^

Error: Cannot find module '/home/runner/work/liquiditydashboard/liquiditydashboard/web/lib/fetch-move-data.js'
    at Function.Module._resolveFilename (node:internal/modules/cjs/loader:1028:15)
    at Function.Module._load (node:internal/modules/cjs/loader:873:27)
    at Function.executeUserEntryPoint [as runMain] (node:internal/modules/run_main:81:12)
    at node:internal/main/run_main_module:22:47 {
  code: 'MODULE_NOT_FOUND',
  requireStack: []
}
[2025-10-21T03:40:08.302Z] lib/fetch-move-data.js failed with exit code 1
[2025-10-21T03:40:08.302Z] Running lib/fetch-srf-data.js...
[2025-10-21T03:40:08.330Z] [lib/fetch-srf-data.js] ERROR: node:internal/modules/cjs/loader:1031
  throw err;
  ^

Error: Cannot find module '/home/runner/work/liquiditydashboard/liquiditydashboard/web/lib/fetch-srf-data.js'
    at Function.Module._resolveFilename (node:internal/modules/cjs/loader:1028:15)
    at Function.Module._load (node:internal/modules/cjs/loader:873:27)
    at Function.executeUserEntryPoint [as runMain] (node:internal/modules/run_main:81:12)
    at node:internal/main/run_main_module:22:47 {
  code: 'MODULE_NOT_FOUND',
  requireStack: []
}
[2025-10-21T03:40:08.333Z] lib/fetch-srf-data.js failed with exit code 1
[2025-10-21T03:40:08.333Z] Running lib/fetch-bill-share-data.js...
[2025-10-21T03:40:08.361Z] [lib/fetch-bill-share-data.js] ERROR: node:internal/modules/cjs/loader:1031
  throw err;
  ^

Error: Cannot find module '/home/runner/work/liquiditydashboard/liquiditydashboard/web/lib/fetch-bill-share-data.js'
    at Function.Module._resolveFilename (node:internal/modules/cjs/loader:1028:15)
    at Function.Module._load (node:internal/modules/cjs/loader:873:27)
    at Function.executeUserEntryPoint [as runMain] (node:internal/modules/run_main:81:12)
    at node:internal/main/run_main_module:22:47 {
  code: 'MODULE_NOT_FOUND',
  requireStack: []
}
[2025-10-21T03:40:08.363Z] lib/fetch-bill-share-data.js failed with exit code 1
[2025-10-21T03:40:08.364Z] Running lib/cleanup-future-dates.js...
[2025-10-21T03:40:08.439Z] [lib/cleanup-future-dates.js] Starting data cleanup process...
[2025-10-21T03:40:08.602Z] [lib/cleanup-future-dates.js] WorldTimeAPI failed, trying alternative source
[2025-10-21T03:40:09.552Z] [lib/cleanup-future-dates.js] Using TimeAPI date: 2025-10-21T03:40:09.498738
[2025-10-21T03:40:09.553Z] [lib/cleanup-future-dates.js] Using reference date: 2025-10-21

Processing MOVE index data (/home/runner/work/liquiditydashboard/liquiditydashboard/web/public/series/move.json)...
[2025-10-21T03:40:09.553Z] [lib/cleanup-future-dates.js] Loaded 111 MOVE index data points
[2025-10-21T03:40:09.553Z] [lib/cleanup-future-dates.js] No future-dated entries found in MOVE index data
[2025-10-21T03:40:09.554Z] [lib/cleanup-future-dates.js] Processing SRF data (/home/runner/work/liquiditydashboard/liquiditydashboard/web/public/series/srf.json)...
[2025-10-21T03:40:09.555Z] [lib/cleanup-future-dates.js] Loaded 1017 SRF data points
[2025-10-21T03:40:09.556Z] [lib/cleanup-future-dates.js] No future-dated entries found in SRF data
[2025-10-21T03:40:09.556Z] [lib/cleanup-future-dates.js] Processing Treasury bill share data (/home/runner/work/liquiditydashboard/liquiditydashboard/web/public/series/bill-share.json)...
[2025-10-21T03:40:09.556Z] [lib/cleanup-future-dates.js] Loaded 282 Treasury bill share data points
[2025-10-21T03:40:09.556Z] [lib/cleanup-future-dates.js] No future-dated entries found in Treasury bill share data
[2025-10-21T03:40:09.557Z] [lib/cleanup-future-dates.js] Cleanup complete! Removed 0 future-dated entries in total.
[2025-10-21T03:40:09.557Z] [lib/cleanup-future-dates.js] Data cleanup completed with no changes needed
[2025-10-21T03:40:09.560Z] lib/cleanup-future-dates.js completed successfully
[2025-10-21T03:40:09.560Z] Running lib/validate-data.js...
[2025-10-21T03:40:09.633Z] [lib/validate-data.js] Running data validation...
[2025-10-21T03:40:09.634Z] [lib/validate-data.js] Validating MOVE index data...
[2025-10-21T03:40:09.634Z] [lib/validate-data.js] Found 111 MOVE data points
[2025-10-21T03:40:09.734Z] [lib/validate-data.js] WorldTimeAPI failed, trying alternative source
[2025-10-21T03:40:10.115Z] [lib/validate-data.js] Using TimeAPI date: 2025-10-21T03:40:10.0627088
[2025-10-21T03:40:10.115Z] [lib/validate-data.js] Using reference date: 2025-10-21
[2025-10-21T03:40:10.116Z] [lib/validate-data.js] MOVE index data validation passed ✓
[2025-10-21T03:40:10.116Z] [lib/validate-data.js] Validating SRF data...
[2025-10-21T03:40:10.116Z] [lib/validate-data.js] Found 1017 SRF data points
[2025-10-21T03:40:10.330Z] [lib/validate-data.js] Using WorldTimeAPI date: 2025-10-21T03:40:10.319499+00:00
[2025-10-21T03:40:10.332Z] [lib/validate-data.js] SRF data validation passed ✓
[2025-10-21T03:40:10.332Z] [lib/validate-data.js] Validating Treasury funding data...
[2025-10-21T03:40:10.332Z] [lib/validate-data.js] Found 282 Treasury funding data points
[2025-10-21T03:40:10.333Z] [lib/validate-data.js] Treasury funding data validation passed ✓
[2025-10-21T03:40:10.333Z] [lib/validate-data.js] All data validation passed ✓
[2025-10-21T03:40:10.336Z] lib/validate-data.js completed successfully
[2025-10-21T03:40:10.336Z] Dashboard update process completed successfully
