[2025-08-27T03:37:27.164Z] Starting Liquidity Dashboard update process
[2025-08-27T03:37:27.165Z] Running lib/data-backup.js...
[2025-08-27T03:37:27.194Z] [lib/data-backup.js] ERROR: node:internal/modules/cjs/loader:1031
  throw err;
  ^

Error: Cannot find module '/home/runner/work/liquiditydashboard/liquiditydashboard/web/lib/data-backup.js'
    at Function.Module._resolveFilename (node:internal/modules/cjs/loader:1028:15)
    at Function.Module._load (node:internal/modules/cjs/loader:873:27)
    at Function.executeUserEntryPoint [as runMain] (node:internal/modules/run_main:81:12)
    at node:internal/main/run_main_module:22:47 {
  code: 'MODULE_NOT_FOUND',
  requireStack: []
}
[2025-08-27T03:37:27.197Z] lib/data-backup.js failed with exit code 1
[2025-08-27T03:37:27.197Z] Running lib/data-backup.js clean...
[2025-08-27T03:37:27.226Z] [lib/data-backup.js clean] ERROR: node:internal/modules/cjs/loader:1031
  throw err;
  ^

Error: Cannot find module '/home/runner/work/liquiditydashboard/liquiditydashboard/web/lib/data-backup.js'
    at Function.Module._resolveFilename (node:internal/modules/cjs/loader:1028:15)
    at Function.Module._load (node:internal/modules/cjs/loader:873:27)
    at Function.executeUserEntryPoint [as runMain] (node:internal/modules/run_main:81:12)
    at node:internal/main/run_main_module:22:47 {
  code: 'MODULE_NOT_FOUND',
  requireStack: []
}
[2025-08-27T03:37:27.228Z] lib/data-backup.js clean failed with exit code 1
[2025-08-27T03:37:27.228Z] Running lib/import-historical-move-data.js...
[2025-08-27T03:37:27.256Z] [lib/import-historical-move-data.js] ERROR: node:internal/modules/cjs/loader:1031
  throw err;
  ^

Error: Cannot find module '/home/runner/work/liquiditydashboard/liquiditydashboard/web/lib/import-historical-move-data.js'
    at Function.Module._resolveFilename (node:internal/modules/cjs/loader:1028:15)
    at Function.Module._load (node:internal/modules/cjs/loader:873:27)
    at Function.executeUserEntryPoint [as runMain] (node:internal/modules/run_main:81:12)
    at node:internal/main/run_main_module:22:47 {
  code: 'MODULE_NOT_FOUND',
  requireStack: []
}
[2025-08-27T03:37:27.258Z] lib/import-historical-move-data.js failed with exit code 1
[2025-08-27T03:37:27.259Z] Running lib/fetch-move-data.js...
[2025-08-27T03:37:27.287Z] [lib/fetch-move-data.js] ERROR: node:internal/modules/cjs/loader:1031
  throw err;
  ^

Error: Cannot find module '/home/runner/work/liquiditydashboard/liquiditydashboard/web/lib/fetch-move-data.js'
    at Function.Module._resolveFilename (node:internal/modules/cjs/loader:1028:15)
    at Function.Module._load (node:internal/modules/cjs/loader:873:27)
    at Function.executeUserEntryPoint [as runMain] (node:internal/modules/run_main:81:12)
    at node:internal/main/run_main_module:22:47 {
  code: 'MODULE_NOT_FOUND',
  requireStack: []
}
[2025-08-27T03:37:27.289Z] lib/fetch-move-data.js failed with exit code 1
[2025-08-27T03:37:27.289Z] Running lib/fetch-srf-data.js...
[2025-08-27T03:37:27.318Z] [lib/fetch-srf-data.js] ERROR: node:internal/modules/cjs/loader:1031
  throw err;
  ^

Error: Cannot find module '/home/runner/work/liquiditydashboard/liquiditydashboard/web/lib/fetch-srf-data.js'
    at Function.Module._resolveFilename (node:internal/modules/cjs/loader:1028:15)
    at Function.Module._load (node:internal/modules/cjs/loader:873:27)
    at Function.executeUserEntryPoint [as runMain] (node:internal/modules/run_main:81:12)
    at node:internal/main/run_main_module:22:47 {
  code: 'MODULE_NOT_FOUND',
  requireStack: []
}
[2025-08-27T03:37:27.320Z] lib/fetch-srf-data.js failed with exit code 1
[2025-08-27T03:37:27.320Z] Running lib/fetch-bill-share-data.js...
[2025-08-27T03:37:27.349Z] [lib/fetch-bill-share-data.js] ERROR: node:internal/modules/cjs/loader:1031
  throw err;
  ^

Error: Cannot find module '/home/runner/work/liquiditydashboard/liquiditydashboard/web/lib/fetch-bill-share-data.js'
    at Function.Module._resolveFilename (node:internal/modules/cjs/loader:1028:15)
    at Function.Module._load (node:internal/modules/cjs/loader:873:27)
    at Function.executeUserEntryPoint [as runMain] (node:internal/modules/run_main:81:12)
    at node:internal/main/run_main_module:22:47 {
  code: 'MODULE_NOT_FOUND',
  requireStack: []
}
[2025-08-27T03:37:27.350Z] lib/fetch-bill-share-data.js failed with exit code 1
[2025-08-27T03:37:27.351Z] Running lib/cleanup-future-dates.js...
[2025-08-27T03:37:27.424Z] [lib/cleanup-future-dates.js] Starting data cleanup process...
[2025-08-27T03:37:28.004Z] [lib/cleanup-future-dates.js] Using WorldTimeAPI date: 2025-08-27T03:37:27.991009+00:00
[2025-08-27T03:37:28.004Z] [lib/cleanup-future-dates.js] Using reference date: 2025-8-27

Processing MOVE index data (/home/runner/work/liquiditydashboard/liquiditydashboard/web/public/series/move.json)...
[2025-08-27T03:37:28.004Z] [lib/cleanup-future-dates.js] Loaded 111 MOVE index data points
[2025-08-27T03:37:28.005Z] [lib/cleanup-future-dates.js] No future-dated entries found in MOVE index data

Processing SRF data (/home/runner/work/liquiditydashboard/liquiditydashboard/web/public/series/srf.json)...
[2025-08-27T03:37:28.005Z] [lib/cleanup-future-dates.js] Loaded 1017 SRF data points
[2025-08-27T03:37:28.006Z] [lib/cleanup-future-dates.js] No future-dated entries found in SRF data
[2025-08-27T03:37:28.006Z] [lib/cleanup-future-dates.js] Processing Treasury bill share data (/home/runner/work/liquiditydashboard/liquiditydashboard/web/public/series/bill-share.json)...
[2025-08-27T03:37:28.007Z] [lib/cleanup-future-dates.js] Loaded 282 Treasury bill share data points
[2025-08-27T03:37:28.007Z] [lib/cleanup-future-dates.js] No future-dated entries found in Treasury bill share data
[2025-08-27T03:37:28.007Z] [lib/cleanup-future-dates.js] Cleanup complete! Removed 0 future-dated entries in total.
Data cleanup completed with no changes needed
[2025-08-27T03:37:28.010Z] lib/cleanup-future-dates.js completed successfully
[2025-08-27T03:37:28.010Z] Running lib/validate-data.js...
[2025-08-27T03:37:28.083Z] [lib/validate-data.js] Running data validation...
[2025-08-27T03:37:28.084Z] [lib/validate-data.js] Validating MOVE index data...
[2025-08-27T03:37:28.084Z] [lib/validate-data.js] Found 111 MOVE data points
[2025-08-27T03:37:28.236Z] [lib/validate-data.js] WorldTimeAPI failed, trying alternative source
[2025-08-27T03:37:28.872Z] [lib/validate-data.js] Using TimeAPI date: 2025-08-27T03:37:28.7886806
[2025-08-27T03:37:28.872Z] [lib/validate-data.js] Using reference date: 2025-8-27
[2025-08-27T03:37:28.873Z] [lib/validate-data.js] MOVE index data validation passed ✓
[2025-08-27T03:37:28.873Z] [lib/validate-data.js] Validating SRF data...
[2025-08-27T03:37:28.873Z] [lib/validate-data.js] Found 1017 SRF data points
[2025-08-27T03:37:28.966Z] [lib/validate-data.js] WorldTimeAPI failed, trying alternative source
[2025-08-27T03:37:29.613Z] [lib/validate-data.js] Using TimeAPI date: 2025-08-27T03:37:29.5356715
[2025-08-27T03:37:29.616Z] [lib/validate-data.js] SRF data validation passed ✓
[2025-08-27T03:37:29.616Z] [lib/validate-data.js] Validating Treasury funding data...
[2025-08-27T03:37:29.617Z] [lib/validate-data.js] Found 282 Treasury funding data points
[2025-08-27T03:37:29.617Z] [lib/validate-data.js] Treasury funding data validation passed ✓
All data validation passed ✓
[2025-08-27T03:37:29.620Z] lib/validate-data.js completed successfully
[2025-08-27T03:37:29.620Z] Dashboard update process completed successfully
