[2026-01-25T04:17:47.882Z] Starting Liquidity Dashboard update process
[2026-01-25T04:17:47.883Z] Running lib/data-backup.js...
[2026-01-25T04:17:47.914Z] [lib/data-backup.js] ERROR: node:internal/modules/cjs/loader:1031
  throw err;
  ^

Error: Cannot find module '/home/runner/work/liquiditydashboard/liquiditydashboard/web/lib/data-backup.js'
    at Function.Module._resolveFilename (node:internal/modules/cjs/loader:1028:15)
    at Function.Module._load (node:internal/modules/cjs/loader:873:27)
    at Function.executeUserEntryPoint [as runMain] (node:internal/modules/run_main:81:12)
    at node:internal/main/run_main_module:22:47 {
  code: 'MODULE_NOT_FOUND',
  requireStack: []
}
[2026-01-25T04:17:47.916Z] lib/data-backup.js failed with exit code 1
[2026-01-25T04:17:47.917Z] Running lib/data-backup.js clean...
[2026-01-25T04:17:47.945Z] [lib/data-backup.js clean] ERROR: node:internal/modules/cjs/loader:1031
  throw err;
  ^

Error: Cannot find module '/home/runner/work/liquiditydashboard/liquiditydashboard/web/lib/data-backup.js'
    at Function.Module._resolveFilename (node:internal/modules/cjs/loader:1028:15)
    at Function.Module._load (node:internal/modules/cjs/loader:873:27)
    at Function.executeUserEntryPoint [as runMain] (node:internal/modules/run_main:81:12)
    at node:internal/main/run_main_module:22:47 {
  code: 'MODULE_NOT_FOUND',
  requireStack: []
}
[2026-01-25T04:17:47.947Z] lib/data-backup.js clean failed with exit code 1
[2026-01-25T04:17:47.947Z] Running lib/import-historical-move-data.js...
[2026-01-25T04:17:47.977Z] [lib/import-historical-move-data.js] ERROR: node:internal/modules/cjs/loader:1031
  throw err;
  ^

Error: Cannot find module '/home/runner/work/liquiditydashboard/liquiditydashboard/web/lib/import-historical-move-data.js'
    at Function.Module._resolveFilename (node:internal/modules/cjs/loader:1028:15)
    at Function.Module._load (node:internal/modules/cjs/loader:873:27)
    at Function.executeUserEntryPoint [as runMain] (node:internal/modules/run_main:81:12)
    at node:internal/main/run_main_module:22:47 {
  code: 'MODULE_NOT_FOUND',
  requireStack: []
}
[2026-01-25T04:17:47.979Z] lib/import-historical-move-data.js failed with exit code 1
[2026-01-25T04:17:47.979Z] Running lib/fetch-move-data.js...
[2026-01-25T04:17:48.008Z] [lib/fetch-move-data.js] ERROR: node:internal/modules/cjs/loader:1031
  throw err;
  ^

Error: Cannot find module '/home/runner/work/liquiditydashboard/liquiditydashboard/web/lib/fetch-move-data.js'
    at Function.Module._resolveFilename (node:internal/modules/cjs/loader:1028:15)
    at Function.Module._load (node:internal/modules/cjs/loader:873:27)
    at Function.executeUserEntryPoint [as runMain] (node:internal/modules/run_main:81:12)
    at node:internal/main/run_main_module:22:47 {
  code: 'MODULE_NOT_FOUND',
  requireStack: []
}
[2026-01-25T04:17:48.010Z] lib/fetch-move-data.js failed with exit code 1
[2026-01-25T04:17:48.010Z] Running lib/fetch-srf-data.js...
[2026-01-25T04:17:48.040Z] [lib/fetch-srf-data.js] ERROR: node:internal/modules/cjs/loader:1031
  throw err;
  ^

Error: Cannot find module '/home/runner/work/liquiditydashboard/liquiditydashboard/web/lib/fetch-srf-data.js'
    at Function.Module._resolveFilename (node:internal/modules/cjs/loader:1028:15)
    at Function.Module._load (node:internal/modules/cjs/loader:873:27)
    at Function.executeUserEntryPoint [as runMain] (node:internal/modules/run_main:81:12)
    at node:internal/main/run_main_module:22:47 {
  code: 'MODULE_NOT_FOUND',
  requireStack: []
}
[2026-01-25T04:17:48.042Z] lib/fetch-srf-data.js failed with exit code 1
[2026-01-25T04:17:48.042Z] Running lib/fetch-bill-share-data.js...
[2026-01-25T04:17:48.072Z] [lib/fetch-bill-share-data.js] ERROR: node:internal/modules/cjs/loader:1031
  throw err;
  ^

Error: Cannot find module '/home/runner/work/liquiditydashboard/liquiditydashboard/web/lib/fetch-bill-share-data.js'
    at Function.Module._resolveFilename (node:internal/modules/cjs/loader:1028:15)
    at Function.Module._load (node:internal/modules/cjs/loader:873:27)
    at Function.executeUserEntryPoint [as runMain] (node:internal/modules/run_main:81:12)
    at node:internal/main/run_main_module:22:47 {
  code: 'MODULE_NOT_FOUND',
  requireStack: []
}
[2026-01-25T04:17:48.074Z] lib/fetch-bill-share-data.js failed with exit code 1
[2026-01-25T04:17:48.075Z] Running lib/cleanup-future-dates.js...
[2026-01-25T04:17:48.154Z] [lib/cleanup-future-dates.js] Starting data cleanup process...
[2026-01-25T04:17:48.211Z] [lib/cleanup-future-dates.js] WorldTimeAPI failed, trying alternative source
[2026-01-25T04:17:48.666Z] [lib/cleanup-future-dates.js] TimeAPI failed, falling back to config date
[2026-01-25T04:17:48.666Z] [lib/cleanup-future-dates.js] Using reference date: 2025-5-18
[2026-01-25T04:17:48.667Z] [lib/cleanup-future-dates.js] Processing MOVE index data (/home/runner/work/liquiditydashboard/liquiditydashboard/web/public/series/move.json)...
[2026-01-25T04:17:48.667Z] [lib/cleanup-future-dates.js] Loaded 111 MOVE index data points
[2026-01-25T04:17:48.667Z] [lib/cleanup-future-dates.js] No future-dated entries found in MOVE index data
[2026-01-25T04:17:48.667Z] [lib/cleanup-future-dates.js] Processing SRF data (/home/runner/work/liquiditydashboard/liquiditydashboard/web/public/series/srf.json)...
[2026-01-25T04:17:48.668Z] [lib/cleanup-future-dates.js] Loaded 1017 SRF data points
[2026-01-25T04:17:48.669Z] [lib/cleanup-future-dates.js] No future-dated entries found in SRF data
[2026-01-25T04:17:48.669Z] [lib/cleanup-future-dates.js] Processing Treasury bill share data (/home/runner/work/liquiditydashboard/liquiditydashboard/web/public/series/bill-share.json)...
[2026-01-25T04:17:48.669Z] [lib/cleanup-future-dates.js] Loaded 282 Treasury bill share data points
[2026-01-25T04:17:48.670Z] [lib/cleanup-future-dates.js] No future-dated entries found in Treasury bill share data
[2026-01-25T04:17:48.670Z] [lib/cleanup-future-dates.js] Cleanup complete! Removed 0 future-dated entries in total.
Data cleanup completed with no changes needed
[2026-01-25T04:17:48.673Z] lib/cleanup-future-dates.js completed successfully
[2026-01-25T04:17:48.673Z] Running lib/validate-data.js...
[2026-01-25T04:17:48.749Z] [lib/validate-data.js] Running data validation...
[2026-01-25T04:17:48.750Z] [lib/validate-data.js] Validating MOVE index data...
[2026-01-25T04:17:48.750Z] [lib/validate-data.js] Found 111 MOVE data points
[2026-01-25T04:17:48.790Z] [lib/validate-data.js] WorldTimeAPI failed, trying alternative source
[2026-01-25T04:18:02.356Z] [lib/validate-data.js] TimeAPI failed, falling back to config date
[2026-01-25T04:18:02.357Z] [lib/validate-data.js] Using reference date: 2025-5-18
[2026-01-25T04:18:02.357Z] [lib/validate-data.js] MOVE index data validation passed ✓
[2026-01-25T04:18:02.357Z] [lib/validate-data.js] Validating SRF data...
[2026-01-25T04:18:02.358Z] [lib/validate-data.js] Found 1017 SRF data points
[2026-01-25T04:18:02.420Z] [lib/validate-data.js] WorldTimeAPI failed, trying alternative source
[2026-01-25T04:18:16.078Z] [lib/validate-data.js] TimeAPI failed, falling back to config date
[2026-01-25T04:18:16.079Z] [lib/validate-data.js] SRF data validation passed ✓
[2026-01-25T04:18:16.080Z] [lib/validate-data.js] Validating Treasury funding data...
[2026-01-25T04:18:16.080Z] [lib/validate-data.js] Found 282 Treasury funding data points
[2026-01-25T04:18:16.080Z] [lib/validate-data.js] Treasury funding data validation passed ✓
[2026-01-25T04:18:16.080Z] [lib/validate-data.js] All data validation passed ✓
[2026-01-25T04:18:16.083Z] lib/validate-data.js completed successfully
[2026-01-25T04:18:16.083Z] Dashboard update process completed successfully
