[2025-08-11T04:08:13.700Z] Starting Liquidity Dashboard update process
[2025-08-11T04:08:13.701Z] Running lib/data-backup.js...
[2025-08-11T04:08:13.730Z] [lib/data-backup.js] ERROR: node:internal/modules/cjs/loader:1031
  throw err;
  ^

Error: Cannot find module '/home/runner/work/liquiditydashboard/liquiditydashboard/web/lib/data-backup.js'
    at Function.Module._resolveFilename (node:internal/modules/cjs/loader:1028:15)
    at Function.Module._load (node:internal/modules/cjs/loader:873:27)
    at Function.executeUserEntryPoint [as runMain] (node:internal/modules/run_main:81:12)
    at node:internal/main/run_main_module:22:47 {
  code: 'MODULE_NOT_FOUND',
  requireStack: []
}
[2025-08-11T04:08:13.732Z] lib/data-backup.js failed with exit code 1
[2025-08-11T04:08:13.733Z] Running lib/data-backup.js clean...
[2025-08-11T04:08:13.760Z] [lib/data-backup.js clean] ERROR: node:internal/modules/cjs/loader:1031
  throw err;
  ^

Error: Cannot find module '/home/runner/work/liquiditydashboard/liquiditydashboard/web/lib/data-backup.js'
    at Function.Module._resolveFilename (node:internal/modules/cjs/loader:1028:15)
    at Function.Module._load (node:internal/modules/cjs/loader:873:27)
    at Function.executeUserEntryPoint [as runMain] (node:internal/modules/run_main:81:12)
    at node:internal/main/run_main_module:22:47 {
  code: 'MODULE_NOT_FOUND',
  requireStack: []
}
[2025-08-11T04:08:13.762Z] lib/data-backup.js clean failed with exit code 1
[2025-08-11T04:08:13.762Z] Running lib/import-historical-move-data.js...
[2025-08-11T04:08:13.790Z] [lib/import-historical-move-data.js] ERROR: node:internal/modules/cjs/loader:1031
  throw err;
  ^

Error: Cannot find module '/home/runner/work/liquiditydashboard/liquiditydashboard/web/lib/import-historical-move-data.js'
    at Function.Module._resolveFilename (node:internal/modules/cjs/loader:1028:15)
    at Function.Module._load (node:internal/modules/cjs/loader:873:27)
    at Function.executeUserEntryPoint [as runMain] (node:internal/modules/run_main:81:12)
    at node:internal/main/run_main_module:22:47 {
  code: 'MODULE_NOT_FOUND',
  requireStack: []
}
[2025-08-11T04:08:13.791Z] lib/import-historical-move-data.js failed with exit code 1
[2025-08-11T04:08:13.792Z] Running lib/fetch-move-data.js...
[2025-08-11T04:08:13.820Z] [lib/fetch-move-data.js] ERROR: node:internal/modules/cjs/loader:1031
  throw err;
  ^

Error: Cannot find module '/home/runner/work/liquiditydashboard/liquiditydashboard/web/lib/fetch-move-data.js'
    at Function.Module._resolveFilename (node:internal/modules/cjs/loader:1028:15)
    at Function.Module._load (node:internal/modules/cjs/loader:873:27)
    at Function.executeUserEntryPoint [as runMain] (node:internal/modules/run_main:81:12)
    at node:internal/main/run_main_module:22:47 {
  code: 'MODULE_NOT_FOUND',
  requireStack: []
}
[2025-08-11T04:08:13.822Z] lib/fetch-move-data.js failed with exit code 1
[2025-08-11T04:08:13.822Z] Running lib/fetch-srf-data.js...
[2025-08-11T04:08:13.854Z] [lib/fetch-srf-data.js] ERROR: node:internal/modules/cjs/loader:1031
  throw err;
  ^

Error: Cannot find module '/home/runner/work/liquiditydashboard/liquiditydashboard/web/lib/fetch-srf-data.js'
    at Function.Module._resolveFilename (node:internal/modules/cjs/loader:1028:15)
    at Function.Module._load (node:internal/modules/cjs/loader:873:27)
    at Function.executeUserEntryPoint [as runMain] (node:internal/modules/run_main:81:12)
    at node:internal/main/run_main_module:22:47 {
  code: 'MODULE_NOT_FOUND',
  requireStack: []
}
[2025-08-11T04:08:13.856Z] lib/fetch-srf-data.js failed with exit code 1
[2025-08-11T04:08:13.856Z] Running lib/fetch-bill-share-data.js...
[2025-08-11T04:08:13.884Z] [lib/fetch-bill-share-data.js] ERROR: node:internal/modules/cjs/loader:1031
  throw err;
  ^

Error: Cannot find module '/home/runner/work/liquiditydashboard/liquiditydashboard/web/lib/fetch-bill-share-data.js'
    at Function.Module._resolveFilename (node:internal/modules/cjs/loader:1028:15)
    at Function.Module._load (node:internal/modules/cjs/loader:873:27)
    at Function.executeUserEntryPoint [as runMain] (node:internal/modules/run_main:81:12)
    at node:internal/main/run_main_module:22:47 {
  code: 'MODULE_NOT_FOUND',
  requireStack: []
}
[2025-08-11T04:08:13.886Z] lib/fetch-bill-share-data.js failed with exit code 1
[2025-08-11T04:08:13.886Z] Running lib/cleanup-future-dates.js...
[2025-08-11T04:08:13.959Z] [lib/cleanup-future-dates.js] Starting data cleanup process...
[2025-08-11T04:08:14.854Z] [lib/cleanup-future-dates.js] Using WorldTimeAPI date: 2025-08-11T04:08:14.756632+00:00
[2025-08-11T04:08:14.854Z] [lib/cleanup-future-dates.js] Using reference date: 2025-8-11
[2025-08-11T04:08:14.854Z] [lib/cleanup-future-dates.js] Processing MOVE index data (/home/runner/work/liquiditydashboard/liquiditydashboard/web/public/series/move.json)...
[2025-08-11T04:08:14.855Z] [lib/cleanup-future-dates.js] Loaded 111 MOVE index data points
No future-dated entries found in MOVE index data

Processing SRF data (/home/runner/work/liquiditydashboard/liquiditydashboard/web/public/series/srf.json)...
[2025-08-11T04:08:14.856Z] [lib/cleanup-future-dates.js] Loaded 1017 SRF data points
[2025-08-11T04:08:14.858Z] [lib/cleanup-future-dates.js] No future-dated entries found in SRF data
[2025-08-11T04:08:14.858Z] [lib/cleanup-future-dates.js] Processing Treasury bill share data (/home/runner/work/liquiditydashboard/liquiditydashboard/web/public/series/bill-share.json)...
[2025-08-11T04:08:14.858Z] [lib/cleanup-future-dates.js] Loaded 282 Treasury bill share data points
[2025-08-11T04:08:14.859Z] [lib/cleanup-future-dates.js] No future-dated entries found in Treasury bill share data

Cleanup complete! Removed 0 future-dated entries in total.
Data cleanup completed with no changes needed
[2025-08-11T04:08:14.862Z] lib/cleanup-future-dates.js completed successfully
[2025-08-11T04:08:14.863Z] Running lib/validate-data.js...
[2025-08-11T04:08:14.943Z] [lib/validate-data.js] Running data validation...
[2025-08-11T04:08:14.943Z] [lib/validate-data.js] Validating MOVE index data...
[2025-08-11T04:08:14.944Z] [lib/validate-data.js] Found 111 MOVE data points
[2025-08-11T04:08:15.001Z] [lib/validate-data.js] WorldTimeAPI failed, trying alternative source
[2025-08-11T04:08:15.522Z] [lib/validate-data.js] Using TimeAPI date: 2025-08-11T04:08:15.4748312
[2025-08-11T04:08:15.522Z] [lib/validate-data.js] Using reference date: 2025-8-11
[2025-08-11T04:08:15.523Z] [lib/validate-data.js] MOVE index data validation passed ✓
[2025-08-11T04:08:15.523Z] [lib/validate-data.js] Validating SRF data...
[2025-08-11T04:08:15.523Z] [lib/validate-data.js] Found 1017 SRF data points
[2025-08-11T04:08:18.270Z] [lib/validate-data.js] Using WorldTimeAPI date: 2025-08-11T04:08:18.091761+00:00
[2025-08-11T04:08:18.272Z] [lib/validate-data.js] SRF data validation passed ✓
[2025-08-11T04:08:18.272Z] [lib/validate-data.js] Validating Treasury funding data...
[2025-08-11T04:08:18.272Z] [lib/validate-data.js] Found 282 Treasury funding data points
[2025-08-11T04:08:18.272Z] [lib/validate-data.js] Treasury funding data validation passed ✓
[2025-08-11T04:08:18.272Z] [lib/validate-data.js] All data validation passed ✓
[2025-08-11T04:08:18.276Z] lib/validate-data.js completed successfully
[2025-08-11T04:08:18.276Z] Dashboard update process completed successfully
