[2025-08-29T03:36:45.866Z] Starting Liquidity Dashboard update process
[2025-08-29T03:36:45.868Z] Running lib/data-backup.js...
[2025-08-29T03:36:45.897Z] [lib/data-backup.js] ERROR: node:internal/modules/cjs/loader:1031
  throw err;
  ^

Error: Cannot find module '/home/runner/work/liquiditydashboard/liquiditydashboard/web/lib/data-backup.js'
    at Function.Module._resolveFilename (node:internal/modules/cjs/loader:1028:15)
    at Function.Module._load (node:internal/modules/cjs/loader:873:27)
    at Function.executeUserEntryPoint [as runMain] (node:internal/modules/run_main:81:12)
    at node:internal/main/run_main_module:22:47 {
  code: 'MODULE_NOT_FOUND',
  requireStack: []
}
[2025-08-29T03:36:45.899Z] lib/data-backup.js failed with exit code 1
[2025-08-29T03:36:45.900Z] Running lib/data-backup.js clean...
[2025-08-29T03:36:45.928Z] [lib/data-backup.js clean] ERROR: node:internal/modules/cjs/loader:1031
  throw err;
  ^

Error: Cannot find module '/home/runner/work/liquiditydashboard/liquiditydashboard/web/lib/data-backup.js'
    at Function.Module._resolveFilename (node:internal/modules/cjs/loader:1028:15)
    at Function.Module._load (node:internal/modules/cjs/loader:873:27)
    at Function.executeUserEntryPoint [as runMain] (node:internal/modules/run_main:81:12)
    at node:internal/main/run_main_module:22:47 {
  code: 'MODULE_NOT_FOUND',
  requireStack: []
}
[2025-08-29T03:36:45.930Z] lib/data-backup.js clean failed with exit code 1
[2025-08-29T03:36:45.930Z] Running lib/import-historical-move-data.js...
[2025-08-29T03:36:45.957Z] [lib/import-historical-move-data.js] ERROR: node:internal/modules/cjs/loader:1031
  throw err;
  ^

Error: Cannot find module '/home/runner/work/liquiditydashboard/liquiditydashboard/web/lib/import-historical-move-data.js'
    at Function.Module._resolveFilename (node:internal/modules/cjs/loader:1028:15)
    at Function.Module._load (node:internal/modules/cjs/loader:873:27)
    at Function.executeUserEntryPoint [as runMain] (node:internal/modules/run_main:81:12)
    at node:internal/main/run_main_module:22:47 {
  code: 'MODULE_NOT_FOUND',
  requireStack: []
}
[2025-08-29T03:36:45.959Z] lib/import-historical-move-data.js failed with exit code 1
[2025-08-29T03:36:45.959Z] Running lib/fetch-move-data.js...
[2025-08-29T03:36:45.987Z] [lib/fetch-move-data.js] ERROR: node:internal/modules/cjs/loader:1031
  throw err;
  ^

Error: Cannot find module '/home/runner/work/liquiditydashboard/liquiditydashboard/web/lib/fetch-move-data.js'
    at Function.Module._resolveFilename (node:internal/modules/cjs/loader:1028:15)
    at Function.Module._load (node:internal/modules/cjs/loader:873:27)
    at Function.executeUserEntryPoint [as runMain] (node:internal/modules/run_main:81:12)
    at node:internal/main/run_main_module:22:47 {
  code: 'MODULE_NOT_FOUND',
  requireStack: []
}
[2025-08-29T03:36:45.989Z] lib/fetch-move-data.js failed with exit code 1
[2025-08-29T03:36:45.989Z] Running lib/fetch-srf-data.js...
[2025-08-29T03:36:46.018Z] [lib/fetch-srf-data.js] ERROR: node:internal/modules/cjs/loader:1031
  throw err;
  ^

Error: Cannot find module '/home/runner/work/liquiditydashboard/liquiditydashboard/web/lib/fetch-srf-data.js'
    at Function.Module._resolveFilename (node:internal/modules/cjs/loader:1028:15)
    at Function.Module._load (node:internal/modules/cjs/loader:873:27)
    at Function.executeUserEntryPoint [as runMain] (node:internal/modules/run_main:81:12)
    at node:internal/main/run_main_module:22:47 {
  code: 'MODULE_NOT_FOUND',
  requireStack: []
}
[2025-08-29T03:36:46.021Z] lib/fetch-srf-data.js failed with exit code 1
[2025-08-29T03:36:46.021Z] Running lib/fetch-bill-share-data.js...
[2025-08-29T03:36:46.049Z] [lib/fetch-bill-share-data.js] ERROR: node:internal/modules/cjs/loader:1031
  throw err;
  ^

Error: Cannot find module '/home/runner/work/liquiditydashboard/liquiditydashboard/web/lib/fetch-bill-share-data.js'
    at Function.Module._resolveFilename (node:internal/modules/cjs/loader:1028:15)
    at Function.Module._load (node:internal/modules/cjs/loader:873:27)
    at Function.executeUserEntryPoint [as runMain] (node:internal/modules/run_main:81:12)
    at node:internal/main/run_main_module:22:47 {
  code: 'MODULE_NOT_FOUND',
  requireStack: []
}
[2025-08-29T03:36:46.051Z] lib/fetch-bill-share-data.js failed with exit code 1
[2025-08-29T03:36:46.051Z] Running lib/cleanup-future-dates.js...
[2025-08-29T03:36:46.127Z] [lib/cleanup-future-dates.js] Starting data cleanup process...
[2025-08-29T03:36:47.140Z] [lib/cleanup-future-dates.js] Using WorldTimeAPI date: 2025-08-29T03:36:46.961804+00:00
[2025-08-29T03:36:47.140Z] [lib/cleanup-future-dates.js] Using reference date: 2025-8-29

Processing MOVE index data (/home/runner/work/liquiditydashboard/liquiditydashboard/web/public/series/move.json)...
[2025-08-29T03:36:47.140Z] [lib/cleanup-future-dates.js] Loaded 111 MOVE index data points
[2025-08-29T03:36:47.141Z] [lib/cleanup-future-dates.js] No future-dated entries found in MOVE index data
[2025-08-29T03:36:47.141Z] [lib/cleanup-future-dates.js] Processing SRF data (/home/runner/work/liquiditydashboard/liquiditydashboard/web/public/series/srf.json)...
[2025-08-29T03:36:47.141Z] [lib/cleanup-future-dates.js] Loaded 1017 SRF data points
[2025-08-29T03:36:47.142Z] [lib/cleanup-future-dates.js] No future-dated entries found in SRF data
[2025-08-29T03:36:47.142Z] [lib/cleanup-future-dates.js] Processing Treasury bill share data (/home/runner/work/liquiditydashboard/liquiditydashboard/web/public/series/bill-share.json)...
[2025-08-29T03:36:47.143Z] [lib/cleanup-future-dates.js] Loaded 282 Treasury bill share data points
[2025-08-29T03:36:47.143Z] [lib/cleanup-future-dates.js] No future-dated entries found in Treasury bill share data
[2025-08-29T03:36:47.143Z] [lib/cleanup-future-dates.js] Cleanup complete! Removed 0 future-dated entries in total.
Data cleanup completed with no changes needed
[2025-08-29T03:36:47.146Z] lib/cleanup-future-dates.js completed successfully
[2025-08-29T03:36:47.147Z] Running lib/validate-data.js...
[2025-08-29T03:36:47.221Z] [lib/validate-data.js] Running data validation...
[2025-08-29T03:36:47.222Z] [lib/validate-data.js] Validating MOVE index data...
[2025-08-29T03:36:47.222Z] [lib/validate-data.js] Found 111 MOVE data points
[2025-08-29T03:36:47.478Z] [lib/validate-data.js] Using WorldTimeAPI date: 2025-08-29T03:36:47.461802+00:00
[2025-08-29T03:36:47.478Z] [lib/validate-data.js] Using reference date: 2025-8-29
[2025-08-29T03:36:47.479Z] [lib/validate-data.js] MOVE index data validation passed ✓
[2025-08-29T03:36:47.479Z] [lib/validate-data.js] Validating SRF data...
[2025-08-29T03:36:47.480Z] [lib/validate-data.js] Found 1017 SRF data points
[2025-08-29T03:36:47.749Z] [lib/validate-data.js] Using WorldTimeAPI date: 2025-08-29T03:36:47.737787+00:00
[2025-08-29T03:36:47.750Z] [lib/validate-data.js] SRF data validation passed ✓
[2025-08-29T03:36:47.750Z] [lib/validate-data.js] Validating Treasury funding data...
[2025-08-29T03:36:47.751Z] [lib/validate-data.js] Found 282 Treasury funding data points
[2025-08-29T03:36:47.751Z] [lib/validate-data.js] Treasury funding data validation passed ✓
[2025-08-29T03:36:47.751Z] [lib/validate-data.js] All data validation passed ✓
[2025-08-29T03:36:47.754Z] lib/validate-data.js completed successfully
[2025-08-29T03:36:47.754Z] Dashboard update process completed successfully
