[2026-01-18T04:09:47.459Z] Starting Liquidity Dashboard update process
[2026-01-18T04:09:47.460Z] Running lib/data-backup.js...
[2026-01-18T04:09:47.488Z] [lib/data-backup.js] ERROR: node:internal/modules/cjs/loader:1031
  throw err;
  ^

Error: Cannot find module '/home/runner/work/liquiditydashboard/liquiditydashboard/web/lib/data-backup.js'
    at Function.Module._resolveFilename (node:internal/modules/cjs/loader:1028:15)
    at Function.Module._load (node:internal/modules/cjs/loader:873:27)
    at Function.executeUserEntryPoint [as runMain] (node:internal/modules/run_main:81:12)
    at node:internal/main/run_main_module:22:47 {
  code: 'MODULE_NOT_FOUND',
  requireStack: []
}
[2026-01-18T04:09:47.490Z] lib/data-backup.js failed with exit code 1
[2026-01-18T04:09:47.490Z] Running lib/data-backup.js clean...
[2026-01-18T04:09:47.517Z] [lib/data-backup.js clean] ERROR: node:internal/modules/cjs/loader:1031
  throw err;
  ^

Error: Cannot find module '/home/runner/work/liquiditydashboard/liquiditydashboard/web/lib/data-backup.js'
    at Function.Module._resolveFilename (node:internal/modules/cjs/loader:1028:15)
    at Function.Module._load (node:internal/modules/cjs/loader:873:27)
    at Function.executeUserEntryPoint [as runMain] (node:internal/modules/run_main:81:12)
    at node:internal/main/run_main_module:22:47 {
  code: 'MODULE_NOT_FOUND',
  requireStack: []
}
[2026-01-18T04:09:47.518Z] lib/data-backup.js clean failed with exit code 1
[2026-01-18T04:09:47.518Z] Running lib/import-historical-move-data.js...
[2026-01-18T04:09:47.545Z] [lib/import-historical-move-data.js] ERROR: node:internal/modules/cjs/loader:1031
  throw err;
  ^

Error: Cannot find module '/home/runner/work/liquiditydashboard/liquiditydashboard/web/lib/import-historical-move-data.js'
    at Function.Module._resolveFilename (node:internal/modules/cjs/loader:1028:15)
    at Function.Module._load (node:internal/modules/cjs/loader:873:27)
    at Function.executeUserEntryPoint [as runMain] (node:internal/modules/run_main:81:12)
    at node:internal/main/run_main_module:22:47 {
  code: 'MODULE_NOT_FOUND',
  requireStack: []
}
[2026-01-18T04:09:47.547Z] lib/import-historical-move-data.js failed with exit code 1
[2026-01-18T04:09:47.547Z] Running lib/fetch-move-data.js...
[2026-01-18T04:09:47.573Z] [lib/fetch-move-data.js] ERROR: node:internal/modules/cjs/loader:1031
  throw err;
  ^

Error: Cannot find module '/home/runner/work/liquiditydashboard/liquiditydashboard/web/lib/fetch-move-data.js'
    at Function.Module._resolveFilename (node:internal/modules/cjs/loader:1028:15)
    at Function.Module._load (node:internal/modules/cjs/loader:873:27)
    at Function.executeUserEntryPoint [as runMain] (node:internal/modules/run_main:81:12)
    at node:internal/main/run_main_module:22:47 {
  code: 'MODULE_NOT_FOUND',
  requireStack: []
}
[2026-01-18T04:09:47.575Z] lib/fetch-move-data.js failed with exit code 1
[2026-01-18T04:09:47.575Z] Running lib/fetch-srf-data.js...
[2026-01-18T04:09:47.601Z] [lib/fetch-srf-data.js] ERROR: node:internal/modules/cjs/loader:1031
  throw err;
  ^

Error: Cannot find module '/home/runner/work/liquiditydashboard/liquiditydashboard/web/lib/fetch-srf-data.js'
    at Function.Module._resolveFilename (node:internal/modules/cjs/loader:1028:15)
    at Function.Module._load (node:internal/modules/cjs/loader:873:27)
    at Function.executeUserEntryPoint [as runMain] (node:internal/modules/run_main:81:12)
    at node:internal/main/run_main_module:22:47 {
  code: 'MODULE_NOT_FOUND',
  requireStack: []
}
[2026-01-18T04:09:47.603Z] lib/fetch-srf-data.js failed with exit code 1
[2026-01-18T04:09:47.603Z] Running lib/fetch-bill-share-data.js...
[2026-01-18T04:09:47.640Z] [lib/fetch-bill-share-data.js] ERROR: node:internal/modules/cjs/loader:1031
  throw err;
  ^

Error: Cannot find module '/home/runner/work/liquiditydashboard/liquiditydashboard/web/lib/fetch-bill-share-data.js'
    at Function.Module._resolveFilename (node:internal/modules/cjs/loader:1028:15)
    at Function.Module._load (node:internal/modules/cjs/loader:873:27)
    at Function.executeUserEntryPoint [as runMain] (node:internal/modules/run_main:81:12)
    at node:internal/main/run_main_module:22:47 {
  code: 'MODULE_NOT_FOUND',
  requireStack: []
}
[2026-01-18T04:09:47.642Z] lib/fetch-bill-share-data.js failed with exit code 1
[2026-01-18T04:09:47.642Z] Running lib/cleanup-future-dates.js...
[2026-01-18T04:09:47.713Z] [lib/cleanup-future-dates.js] Starting data cleanup process...
[2026-01-18T04:09:48.048Z] [lib/cleanup-future-dates.js] WorldTimeAPI failed, trying alternative source
[2026-01-18T04:10:43.868Z] [lib/cleanup-future-dates.js] TimeAPI failed, falling back to config date
[2026-01-18T04:10:43.868Z] [lib/cleanup-future-dates.js] Using reference date: 2025-5-18

Processing MOVE index data (/home/runner/work/liquiditydashboard/liquiditydashboard/web/public/series/move.json)...
[2026-01-18T04:10:43.868Z] [lib/cleanup-future-dates.js] Loaded 111 MOVE index data points
[2026-01-18T04:10:43.868Z] [lib/cleanup-future-dates.js] No future-dated entries found in MOVE index data
[2026-01-18T04:10:43.869Z] [lib/cleanup-future-dates.js] Processing SRF data (/home/runner/work/liquiditydashboard/liquiditydashboard/web/public/series/srf.json)...
[2026-01-18T04:10:43.869Z] [lib/cleanup-future-dates.js] Loaded 1017 SRF data points
[2026-01-18T04:10:43.870Z] [lib/cleanup-future-dates.js] No future-dated entries found in SRF data
[2026-01-18T04:10:43.870Z] [lib/cleanup-future-dates.js] Processing Treasury bill share data (/home/runner/work/liquiditydashboard/liquiditydashboard/web/public/series/bill-share.json)...
[2026-01-18T04:10:43.871Z] [lib/cleanup-future-dates.js] Loaded 282 Treasury bill share data points
[2026-01-18T04:10:43.871Z] [lib/cleanup-future-dates.js] No future-dated entries found in Treasury bill share data
[2026-01-18T04:10:43.871Z] [lib/cleanup-future-dates.js] Cleanup complete! Removed 0 future-dated entries in total.
[2026-01-18T04:10:43.871Z] [lib/cleanup-future-dates.js] Data cleanup completed with no changes needed
[2026-01-18T04:10:43.874Z] lib/cleanup-future-dates.js completed successfully
[2026-01-18T04:10:43.874Z] Running lib/validate-data.js...
[2026-01-18T04:10:43.945Z] [lib/validate-data.js] Running data validation...
[2026-01-18T04:10:43.945Z] [lib/validate-data.js] Validating MOVE index data...
[2026-01-18T04:10:43.946Z] [lib/validate-data.js] Found 111 MOVE data points
[2026-01-18T04:10:44.226Z] [lib/validate-data.js] WorldTimeAPI failed, trying alternative source
[2026-01-18T04:10:44.480Z] [lib/validate-data.js] TimeAPI failed, falling back to config date
[2026-01-18T04:10:44.480Z] [lib/validate-data.js] Using reference date: 2025-5-18
[2026-01-18T04:10:44.480Z] [lib/validate-data.js] MOVE index data validation passed ✓
[2026-01-18T04:10:44.481Z] [lib/validate-data.js] Validating SRF data...
[2026-01-18T04:10:44.481Z] [lib/validate-data.js] Found 1017 SRF data points
[2026-01-18T04:10:44.855Z] [lib/validate-data.js] Using WorldTimeAPI date: 2026-01-18T04:10:44.836960+00:00
[2026-01-18T04:10:44.857Z] [lib/validate-data.js] SRF data validation passed ✓
[2026-01-18T04:10:44.857Z] [lib/validate-data.js] Validating Treasury funding data...
[2026-01-18T04:10:44.857Z] [lib/validate-data.js] Found 282 Treasury funding data points
[2026-01-18T04:10:44.857Z] [lib/validate-data.js] Treasury funding data validation passed ✓
[2026-01-18T04:10:44.857Z] [lib/validate-data.js] All data validation passed ✓
[2026-01-18T04:10:44.860Z] lib/validate-data.js completed successfully
[2026-01-18T04:10:44.860Z] Dashboard update process completed successfully
