[2025-08-16T03:49:01.586Z] Starting Liquidity Dashboard update process
[2025-08-16T03:49:01.587Z] Running lib/data-backup.js...
[2025-08-16T03:49:01.618Z] [lib/data-backup.js] ERROR: node:internal/modules/cjs/loader:1031
  throw err;
  ^

Error: Cannot find module '/home/runner/work/liquiditydashboard/liquiditydashboard/web/lib/data-backup.js'
    at Function.Module._resolveFilename (node:internal/modules/cjs/loader:1028:15)
    at Function.Module._load (node:internal/modules/cjs/loader:873:27)
    at Function.executeUserEntryPoint [as runMain] (node:internal/modules/run_main:81:12)
    at node:internal/main/run_main_module:22:47 {
  code: 'MODULE_NOT_FOUND',
  requireStack: []
}
[2025-08-16T03:49:01.621Z] lib/data-backup.js failed with exit code 1
[2025-08-16T03:49:01.621Z] Running lib/data-backup.js clean...
[2025-08-16T03:49:01.650Z] [lib/data-backup.js clean] ERROR: node:internal/modules/cjs/loader:1031
  throw err;
  ^

Error: Cannot find module '/home/runner/work/liquiditydashboard/liquiditydashboard/web/lib/data-backup.js'
    at Function.Module._resolveFilename (node:internal/modules/cjs/loader:1028:15)
    at Function.Module._load (node:internal/modules/cjs/loader:873:27)
    at Function.executeUserEntryPoint [as runMain] (node:internal/modules/run_main:81:12)
    at node:internal/main/run_main_module:22:47 {
  code: 'MODULE_NOT_FOUND',
  requireStack: []
}
[2025-08-16T03:49:01.652Z] lib/data-backup.js clean failed with exit code 1
[2025-08-16T03:49:01.652Z] Running lib/import-historical-move-data.js...
[2025-08-16T03:49:01.681Z] [lib/import-historical-move-data.js] ERROR: node:internal/modules/cjs/loader:1031
  throw err;
  ^

Error: Cannot find module '/home/runner/work/liquiditydashboard/liquiditydashboard/web/lib/import-historical-move-data.js'
    at Function.Module._resolveFilename (node:internal/modules/cjs/loader:1028:15)
    at Function.Module._load (node:internal/modules/cjs/loader:873:27)
    at Function.executeUserEntryPoint [as runMain] (node:internal/modules/run_main:81:12)
    at node:internal/main/run_main_module:22:47 {
  code: 'MODULE_NOT_FOUND',
  requireStack: []
}
[2025-08-16T03:49:01.683Z] lib/import-historical-move-data.js failed with exit code 1
[2025-08-16T03:49:01.683Z] Running lib/fetch-move-data.js...
[2025-08-16T03:49:01.712Z] [lib/fetch-move-data.js] ERROR: node:internal/modules/cjs/loader:1031
  throw err;
  ^

Error: Cannot find module '/home/runner/work/liquiditydashboard/liquiditydashboard/web/lib/fetch-move-data.js'
    at Function.Module._resolveFilename (node:internal/modules/cjs/loader:1028:15)
    at Function.Module._load (node:internal/modules/cjs/loader:873:27)
    at Function.executeUserEntryPoint [as runMain] (node:internal/modules/run_main:81:12)
    at node:internal/main/run_main_module:22:47 {
  code: 'MODULE_NOT_FOUND',
  requireStack: []
}
[2025-08-16T03:49:01.714Z] lib/fetch-move-data.js failed with exit code 1
[2025-08-16T03:49:01.714Z] Running lib/fetch-srf-data.js...
[2025-08-16T03:49:01.743Z] [lib/fetch-srf-data.js] ERROR: node:internal/modules/cjs/loader:1031
  throw err;
  ^

Error: Cannot find module '/home/runner/work/liquiditydashboard/liquiditydashboard/web/lib/fetch-srf-data.js'
    at Function.Module._resolveFilename (node:internal/modules/cjs/loader:1028:15)
    at Function.Module._load (node:internal/modules/cjs/loader:873:27)
    at Function.executeUserEntryPoint [as runMain] (node:internal/modules/run_main:81:12)
    at node:internal/main/run_main_module:22:47 {
  code: 'MODULE_NOT_FOUND',
  requireStack: []
}
[2025-08-16T03:49:01.745Z] lib/fetch-srf-data.js failed with exit code 1
[2025-08-16T03:49:01.745Z] Running lib/fetch-bill-share-data.js...
[2025-08-16T03:49:01.774Z] [lib/fetch-bill-share-data.js] ERROR: node:internal/modules/cjs/loader:1031
  throw err;
  ^

Error: Cannot find module '/home/runner/work/liquiditydashboard/liquiditydashboard/web/lib/fetch-bill-share-data.js'
    at Function.Module._resolveFilename (node:internal/modules/cjs/loader:1028:15)
    at Function.Module._load (node:internal/modules/cjs/loader:873:27)
    at Function.executeUserEntryPoint [as runMain] (node:internal/modules/run_main:81:12)
    at node:internal/main/run_main_module:22:47 {
  code: 'MODULE_NOT_FOUND',
  requireStack: []
}
[2025-08-16T03:49:01.776Z] lib/fetch-bill-share-data.js failed with exit code 1
[2025-08-16T03:49:01.777Z] Running lib/cleanup-future-dates.js...
[2025-08-16T03:49:01.851Z] [lib/cleanup-future-dates.js] Starting data cleanup process...
[2025-08-16T03:49:02.080Z] [lib/cleanup-future-dates.js] WorldTimeAPI failed, trying alternative source
[2025-08-16T03:49:03.458Z] [lib/cleanup-future-dates.js] Using TimeAPI date: 2025-08-16T03:49:03.3825923
[2025-08-16T03:49:03.458Z] [lib/cleanup-future-dates.js] Using reference date: 2025-8-16
[2025-08-16T03:49:03.458Z] [lib/cleanup-future-dates.js] Processing MOVE index data (/home/runner/work/liquiditydashboard/liquiditydashboard/web/public/series/move.json)...
[2025-08-16T03:49:03.459Z] [lib/cleanup-future-dates.js] Loaded 111 MOVE index data points
[2025-08-16T03:49:03.459Z] [lib/cleanup-future-dates.js] No future-dated entries found in MOVE index data
[2025-08-16T03:49:03.459Z] [lib/cleanup-future-dates.js] Processing SRF data (/home/runner/work/liquiditydashboard/liquiditydashboard/web/public/series/srf.json)...
[2025-08-16T03:49:03.460Z] [lib/cleanup-future-dates.js] Loaded 1017 SRF data points
[2025-08-16T03:49:03.461Z] [lib/cleanup-future-dates.js] No future-dated entries found in SRF data
[2025-08-16T03:49:03.461Z] [lib/cleanup-future-dates.js] Processing Treasury bill share data (/home/runner/work/liquiditydashboard/liquiditydashboard/web/public/series/bill-share.json)...
[2025-08-16T03:49:03.461Z] [lib/cleanup-future-dates.js] Loaded 282 Treasury bill share data points
[2025-08-16T03:49:03.462Z] [lib/cleanup-future-dates.js] No future-dated entries found in Treasury bill share data
[2025-08-16T03:49:03.462Z] [lib/cleanup-future-dates.js] Cleanup complete! Removed 0 future-dated entries in total.
Data cleanup completed with no changes needed
[2025-08-16T03:49:03.465Z] lib/cleanup-future-dates.js completed successfully
[2025-08-16T03:49:03.465Z] Running lib/validate-data.js...
[2025-08-16T03:49:03.540Z] [lib/validate-data.js] Running data validation...
[2025-08-16T03:49:03.540Z] [lib/validate-data.js] Validating MOVE index data...
[2025-08-16T03:49:03.541Z] [lib/validate-data.js] Found 111 MOVE data points
[2025-08-16T03:49:03.581Z] [lib/validate-data.js] WorldTimeAPI failed, trying alternative source
[2025-08-16T03:49:04.875Z] [lib/validate-data.js] Using TimeAPI date: 2025-08-16T03:49:04.8000301
[2025-08-16T03:49:04.875Z] [lib/validate-data.js] Using reference date: 2025-8-16
[2025-08-16T03:49:04.876Z] [lib/validate-data.js] MOVE index data validation passed ✓
[2025-08-16T03:49:04.876Z] [lib/validate-data.js] Validating SRF data...
[2025-08-16T03:49:04.877Z] [lib/validate-data.js] Found 1017 SRF data points
[2025-08-16T03:49:04.940Z] [lib/validate-data.js] WorldTimeAPI failed, trying alternative source
[2025-08-16T03:49:05.619Z] [lib/validate-data.js] Using TimeAPI date: 2025-08-16T03:49:05.5491936
[2025-08-16T03:49:05.622Z] [lib/validate-data.js] SRF data validation passed ✓
[2025-08-16T03:49:05.622Z] [lib/validate-data.js] Validating Treasury funding data...
[2025-08-16T03:49:05.622Z] [lib/validate-data.js] Found 282 Treasury funding data points
[2025-08-16T03:49:05.623Z] [lib/validate-data.js] Treasury funding data validation passed ✓
[2025-08-16T03:49:05.623Z] [lib/validate-data.js] All data validation passed ✓
[2025-08-16T03:49:05.626Z] lib/validate-data.js completed successfully
[2025-08-16T03:49:05.626Z] Dashboard update process completed successfully
