[2026-01-24T04:01:35.141Z] Starting Liquidity Dashboard update process
[2026-01-24T04:01:35.143Z] Running lib/data-backup.js...
[2026-01-24T04:01:35.171Z] [lib/data-backup.js] ERROR: node:internal/modules/cjs/loader:1031
  throw err;
  ^

Error: Cannot find module '/home/runner/work/liquiditydashboard/liquiditydashboard/web/lib/data-backup.js'
    at Function.Module._resolveFilename (node:internal/modules/cjs/loader:1028:15)
    at Function.Module._load (node:internal/modules/cjs/loader:873:27)
    at Function.executeUserEntryPoint [as runMain] (node:internal/modules/run_main:81:12)
    at node:internal/main/run_main_module:22:47 {
  code: 'MODULE_NOT_FOUND',
  requireStack: []
}
[2026-01-24T04:01:35.173Z] lib/data-backup.js failed with exit code 1
[2026-01-24T04:01:35.174Z] Running lib/data-backup.js clean...
[2026-01-24T04:01:35.201Z] [lib/data-backup.js clean] ERROR: node:internal/modules/cjs/loader:1031
  throw err;
  ^

Error: Cannot find module '/home/runner/work/liquiditydashboard/liquiditydashboard/web/lib/data-backup.js'
    at Function.Module._resolveFilename (node:internal/modules/cjs/loader:1028:15)
    at Function.Module._load (node:internal/modules/cjs/loader:873:27)
    at Function.executeUserEntryPoint [as runMain] (node:internal/modules/run_main:81:12)
    at node:internal/main/run_main_module:22:47 {
  code: 'MODULE_NOT_FOUND',
  requireStack: []
}
[2026-01-24T04:01:35.203Z] lib/data-backup.js clean failed with exit code 1
[2026-01-24T04:01:35.203Z] Running lib/import-historical-move-data.js...
[2026-01-24T04:01:35.231Z] [lib/import-historical-move-data.js] ERROR: node:internal/modules/cjs/loader:1031
  throw err;
  ^

Error: Cannot find module '/home/runner/work/liquiditydashboard/liquiditydashboard/web/lib/import-historical-move-data.js'
    at Function.Module._resolveFilename (node:internal/modules/cjs/loader:1028:15)
    at Function.Module._load (node:internal/modules/cjs/loader:873:27)
    at Function.executeUserEntryPoint [as runMain] (node:internal/modules/run_main:81:12)
    at node:internal/main/run_main_module:22:47 {
  code: 'MODULE_NOT_FOUND',
  requireStack: []
}
[2026-01-24T04:01:35.233Z] lib/import-historical-move-data.js failed with exit code 1
[2026-01-24T04:01:35.233Z] Running lib/fetch-move-data.js...
[2026-01-24T04:01:35.261Z] [lib/fetch-move-data.js] ERROR: node:internal/modules/cjs/loader:1031
  throw err;
  ^

Error: Cannot find module '/home/runner/work/liquiditydashboard/liquiditydashboard/web/lib/fetch-move-data.js'
    at Function.Module._resolveFilename (node:internal/modules/cjs/loader:1028:15)
    at Function.Module._load (node:internal/modules/cjs/loader:873:27)
    at Function.executeUserEntryPoint [as runMain] (node:internal/modules/run_main:81:12)
    at node:internal/main/run_main_module:22:47 {
  code: 'MODULE_NOT_FOUND',
  requireStack: []
}
[2026-01-24T04:01:35.263Z] lib/fetch-move-data.js failed with exit code 1
[2026-01-24T04:01:35.263Z] Running lib/fetch-srf-data.js...
[2026-01-24T04:01:35.291Z] [lib/fetch-srf-data.js] ERROR: node:internal/modules/cjs/loader:1031
  throw err;
  ^

Error: Cannot find module '/home/runner/work/liquiditydashboard/liquiditydashboard/web/lib/fetch-srf-data.js'
    at Function.Module._resolveFilename (node:internal/modules/cjs/loader:1028:15)
    at Function.Module._load (node:internal/modules/cjs/loader:873:27)
    at Function.executeUserEntryPoint [as runMain] (node:internal/modules/run_main:81:12)
    at node:internal/main/run_main_module:22:47 {
  code: 'MODULE_NOT_FOUND',
  requireStack: []
}
[2026-01-24T04:01:35.293Z] lib/fetch-srf-data.js failed with exit code 1
[2026-01-24T04:01:35.293Z] Running lib/fetch-bill-share-data.js...
[2026-01-24T04:01:35.321Z] [lib/fetch-bill-share-data.js] ERROR: node:internal/modules/cjs/loader:1031
  throw err;
  ^

Error: Cannot find module '/home/runner/work/liquiditydashboard/liquiditydashboard/web/lib/fetch-bill-share-data.js'
    at Function.Module._resolveFilename (node:internal/modules/cjs/loader:1028:15)
    at Function.Module._load (node:internal/modules/cjs/loader:873:27)
    at Function.executeUserEntryPoint [as runMain] (node:internal/modules/run_main:81:12)
    at node:internal/main/run_main_module:22:47 {
  code: 'MODULE_NOT_FOUND',
  requireStack: []
}
[2026-01-24T04:01:35.323Z] lib/fetch-bill-share-data.js failed with exit code 1
[2026-01-24T04:01:35.323Z] Running lib/cleanup-future-dates.js...
[2026-01-24T04:01:35.401Z] [lib/cleanup-future-dates.js] Starting data cleanup process...
[2026-01-24T04:01:35.718Z] [lib/cleanup-future-dates.js] WorldTimeAPI failed, trying alternative source
[2026-01-24T04:01:44.130Z] [lib/cleanup-future-dates.js] TimeAPI failed, falling back to config date
[2026-01-24T04:01:44.130Z] [lib/cleanup-future-dates.js] Using reference date: 2025-5-18
[2026-01-24T04:01:44.130Z] [lib/cleanup-future-dates.js] Processing MOVE index data (/home/runner/work/liquiditydashboard/liquiditydashboard/web/public/series/move.json)...
[2026-01-24T04:01:44.131Z] [lib/cleanup-future-dates.js] Loaded 111 MOVE index data points
[2026-01-24T04:01:44.131Z] [lib/cleanup-future-dates.js] No future-dated entries found in MOVE index data
[2026-01-24T04:01:44.131Z] [lib/cleanup-future-dates.js] Processing SRF data (/home/runner/work/liquiditydashboard/liquiditydashboard/web/public/series/srf.json)...
[2026-01-24T04:01:44.132Z] [lib/cleanup-future-dates.js] Loaded 1017 SRF data points
[2026-01-24T04:01:44.133Z] [lib/cleanup-future-dates.js] No future-dated entries found in SRF data
[2026-01-24T04:01:44.133Z] [lib/cleanup-future-dates.js] Processing Treasury bill share data (/home/runner/work/liquiditydashboard/liquiditydashboard/web/public/series/bill-share.json)...
[2026-01-24T04:01:44.133Z] [lib/cleanup-future-dates.js] Loaded 282 Treasury bill share data points
[2026-01-24T04:01:44.134Z] [lib/cleanup-future-dates.js] No future-dated entries found in Treasury bill share data
[2026-01-24T04:01:44.134Z] [lib/cleanup-future-dates.js] Cleanup complete! Removed 0 future-dated entries in total.
Data cleanup completed with no changes needed
[2026-01-24T04:01:44.137Z] lib/cleanup-future-dates.js completed successfully
[2026-01-24T04:01:44.137Z] Running lib/validate-data.js...
[2026-01-24T04:01:44.210Z] [lib/validate-data.js] Running data validation...
[2026-01-24T04:01:44.211Z] [lib/validate-data.js] Validating MOVE index data...
[2026-01-24T04:01:44.211Z] [lib/validate-data.js] Found 111 MOVE data points
[2026-01-24T04:01:44.276Z] [lib/validate-data.js] WorldTimeAPI failed, trying alternative source
[2026-01-24T04:01:44.795Z] [lib/validate-data.js] TimeAPI failed, falling back to config date
[2026-01-24T04:01:44.796Z] [lib/validate-data.js] Using reference date: 2025-5-18
[2026-01-24T04:01:44.796Z] [lib/validate-data.js] MOVE index data validation passed ✓
[2026-01-24T04:01:44.796Z] [lib/validate-data.js] Validating SRF data...
[2026-01-24T04:01:44.797Z] [lib/validate-data.js] Found 1017 SRF data points
[2026-01-24T04:01:45.000Z] [lib/validate-data.js] Using WorldTimeAPI date: 2026-01-24T04:01:44.985294+00:00
[2026-01-24T04:01:45.002Z] [lib/validate-data.js] SRF data validation passed ✓
[2026-01-24T04:01:45.002Z] [lib/validate-data.js] Validating Treasury funding data...
[2026-01-24T04:01:45.002Z] [lib/validate-data.js] Found 282 Treasury funding data points
[2026-01-24T04:01:45.002Z] [lib/validate-data.js] Treasury funding data validation passed ✓
[2026-01-24T04:01:45.003Z] [lib/validate-data.js] All data validation passed ✓
[2026-01-24T04:01:45.006Z] lib/validate-data.js completed successfully
[2026-01-24T04:01:45.006Z] Dashboard update process completed successfully
