[2025-10-04T03:28:31.990Z] Starting Liquidity Dashboard update process
[2025-10-04T03:28:31.992Z] Running lib/data-backup.js...
[2025-10-04T03:28:32.023Z] [lib/data-backup.js] ERROR: node:internal/modules/cjs/loader:1031
  throw err;
  ^

Error: Cannot find module '/home/runner/work/liquiditydashboard/liquiditydashboard/web/lib/data-backup.js'
    at Function.Module._resolveFilename (node:internal/modules/cjs/loader:1028:15)
    at Function.Module._load (node:internal/modules/cjs/loader:873:27)
    at Function.executeUserEntryPoint [as runMain] (node:internal/modules/run_main:81:12)
    at node:internal/main/run_main_module:22:47 {
  code: 'MODULE_NOT_FOUND',
  requireStack: []
}
[2025-10-04T03:28:32.026Z] lib/data-backup.js failed with exit code 1
[2025-10-04T03:28:32.026Z] Running lib/data-backup.js clean...
[2025-10-04T03:28:32.055Z] [lib/data-backup.js clean] ERROR: node:internal/modules/cjs/loader:1031
  throw err;
  ^

Error: Cannot find module '/home/runner/work/liquiditydashboard/liquiditydashboard/web/lib/data-backup.js'
    at Function.Module._resolveFilename (node:internal/modules/cjs/loader:1028:15)
    at Function.Module._load (node:internal/modules/cjs/loader:873:27)
    at Function.executeUserEntryPoint [as runMain] (node:internal/modules/run_main:81:12)
    at node:internal/main/run_main_module:22:47 {
  code: 'MODULE_NOT_FOUND',
  requireStack: []
}
[2025-10-04T03:28:32.057Z] lib/data-backup.js clean failed with exit code 1
[2025-10-04T03:28:32.058Z] Running lib/import-historical-move-data.js...
[2025-10-04T03:28:32.086Z] [lib/import-historical-move-data.js] ERROR: node:internal/modules/cjs/loader:1031
  throw err;
  ^

Error: Cannot find module '/home/runner/work/liquiditydashboard/liquiditydashboard/web/lib/import-historical-move-data.js'
    at Function.Module._resolveFilename (node:internal/modules/cjs/loader:1028:15)
    at Function.Module._load (node:internal/modules/cjs/loader:873:27)
    at Function.executeUserEntryPoint [as runMain] (node:internal/modules/run_main:81:12)
    at node:internal/main/run_main_module:22:47 {
  code: 'MODULE_NOT_FOUND',
  requireStack: []
}
[2025-10-04T03:28:32.089Z] lib/import-historical-move-data.js failed with exit code 1
[2025-10-04T03:28:32.089Z] Running lib/fetch-move-data.js...
[2025-10-04T03:28:32.118Z] [lib/fetch-move-data.js] ERROR: node:internal/modules/cjs/loader:1031
  throw err;
  ^

Error: Cannot find module '/home/runner/work/liquiditydashboard/liquiditydashboard/web/lib/fetch-move-data.js'
    at Function.Module._resolveFilename (node:internal/modules/cjs/loader:1028:15)
    at Function.Module._load (node:internal/modules/cjs/loader:873:27)
    at Function.executeUserEntryPoint [as runMain] (node:internal/modules/run_main:81:12)
    at node:internal/main/run_main_module:22:47 {
  code: 'MODULE_NOT_FOUND',
  requireStack: []
}
[2025-10-04T03:28:32.120Z] lib/fetch-move-data.js failed with exit code 1
[2025-10-04T03:28:32.120Z] Running lib/fetch-srf-data.js...
[2025-10-04T03:28:32.149Z] [lib/fetch-srf-data.js] ERROR: node:internal/modules/cjs/loader:1031
  throw err;
  ^

Error: Cannot find module '/home/runner/work/liquiditydashboard/liquiditydashboard/web/lib/fetch-srf-data.js'
    at Function.Module._resolveFilename (node:internal/modules/cjs/loader:1028:15)
    at Function.Module._load (node:internal/modules/cjs/loader:873:27)
    at Function.executeUserEntryPoint [as runMain] (node:internal/modules/run_main:81:12)
    at node:internal/main/run_main_module:22:47 {
  code: 'MODULE_NOT_FOUND',
  requireStack: []
}
[2025-10-04T03:28:32.152Z] lib/fetch-srf-data.js failed with exit code 1
[2025-10-04T03:28:32.152Z] Running lib/fetch-bill-share-data.js...
[2025-10-04T03:28:32.182Z] [lib/fetch-bill-share-data.js] ERROR: node:internal/modules/cjs/loader:1031
  throw err;
  ^

Error: Cannot find module '/home/runner/work/liquiditydashboard/liquiditydashboard/web/lib/fetch-bill-share-data.js'
    at Function.Module._resolveFilename (node:internal/modules/cjs/loader:1028:15)
    at Function.Module._load (node:internal/modules/cjs/loader:873:27)
    at Function.executeUserEntryPoint [as runMain] (node:internal/modules/run_main:81:12)
    at node:internal/main/run_main_module:22:47 {
  code: 'MODULE_NOT_FOUND',
  requireStack: []
}
[2025-10-04T03:28:32.184Z] lib/fetch-bill-share-data.js failed with exit code 1
[2025-10-04T03:28:32.184Z] Running lib/cleanup-future-dates.js...
[2025-10-04T03:28:32.261Z] [lib/cleanup-future-dates.js] Starting data cleanup process...
[2025-10-04T03:28:32.455Z] [lib/cleanup-future-dates.js] WorldTimeAPI failed, trying alternative source
[2025-10-04T03:28:33.568Z] [lib/cleanup-future-dates.js] Using TimeAPI date: 2025-10-04T03:28:33.4814925
[2025-10-04T03:28:33.568Z] [lib/cleanup-future-dates.js] Using reference date: 2025-10-4
[2025-10-04T03:28:33.568Z] [lib/cleanup-future-dates.js] Processing MOVE index data (/home/runner/work/liquiditydashboard/liquiditydashboard/web/public/series/move.json)...
[2025-10-04T03:28:33.568Z] [lib/cleanup-future-dates.js] Loaded 111 MOVE index data points
[2025-10-04T03:28:33.569Z] [lib/cleanup-future-dates.js] No future-dated entries found in MOVE index data
[2025-10-04T03:28:33.569Z] [lib/cleanup-future-dates.js] Processing SRF data (/home/runner/work/liquiditydashboard/liquiditydashboard/web/public/series/srf.json)...
[2025-10-04T03:28:33.570Z] [lib/cleanup-future-dates.js] Loaded 1017 SRF data points
[2025-10-04T03:28:33.571Z] [lib/cleanup-future-dates.js] No future-dated entries found in SRF data
[2025-10-04T03:28:33.571Z] [lib/cleanup-future-dates.js] Processing Treasury bill share data (/home/runner/work/liquiditydashboard/liquiditydashboard/web/public/series/bill-share.json)...
[2025-10-04T03:28:33.572Z] [lib/cleanup-future-dates.js] Loaded 282 Treasury bill share data points
[2025-10-04T03:28:33.572Z] [lib/cleanup-future-dates.js] No future-dated entries found in Treasury bill share data
[2025-10-04T03:28:33.572Z] [lib/cleanup-future-dates.js] Cleanup complete! Removed 0 future-dated entries in total.
Data cleanup completed with no changes needed
[2025-10-04T03:28:33.576Z] lib/cleanup-future-dates.js completed successfully
[2025-10-04T03:28:33.576Z] Running lib/validate-data.js...
[2025-10-04T03:28:33.651Z] [lib/validate-data.js] Running data validation...
[2025-10-04T03:28:33.652Z] [lib/validate-data.js] Validating MOVE index data...
[2025-10-04T03:28:33.652Z] [lib/validate-data.js] Found 111 MOVE data points
[2025-10-04T03:28:33.705Z] [lib/validate-data.js] WorldTimeAPI failed, trying alternative source
[2025-10-04T03:28:34.349Z] [lib/validate-data.js] Using TimeAPI date: 2025-10-04T03:28:34.2625786
[2025-10-04T03:28:34.349Z] [lib/validate-data.js] Using reference date: 2025-10-4
[2025-10-04T03:28:34.350Z] [lib/validate-data.js] MOVE index data validation passed ✓
[2025-10-04T03:28:34.351Z] [lib/validate-data.js] Validating SRF data...
[2025-10-04T03:28:34.351Z] [lib/validate-data.js] Found 1017 SRF data points
[2025-10-04T03:28:34.428Z] [lib/validate-data.js] WorldTimeAPI failed, trying alternative source
[2025-10-04T03:28:35.050Z] [lib/validate-data.js] Using TimeAPI date: 2025-10-04T03:28:34.9710883
[2025-10-04T03:28:35.052Z] [lib/validate-data.js] SRF data validation passed ✓
[2025-10-04T03:28:35.052Z] [lib/validate-data.js] Validating Treasury funding data...
[2025-10-04T03:28:35.052Z] [lib/validate-data.js] Found 282 Treasury funding data points
[2025-10-04T03:28:35.052Z] [lib/validate-data.js] Treasury funding data validation passed ✓
[2025-10-04T03:28:35.052Z] [lib/validate-data.js] All data validation passed ✓
[2025-10-04T03:28:35.055Z] lib/validate-data.js completed successfully
[2025-10-04T03:28:35.056Z] Dashboard update process completed successfully
