[2025-10-30T03:44:58.673Z] Starting Liquidity Dashboard update process
[2025-10-30T03:44:58.675Z] Running lib/data-backup.js...
[2025-10-30T03:44:58.705Z] [lib/data-backup.js] ERROR: node:internal/modules/cjs/loader:1031
  throw err;
  ^

Error: Cannot find module '/home/runner/work/liquiditydashboard/liquiditydashboard/web/lib/data-backup.js'
    at Function.Module._resolveFilename (node:internal/modules/cjs/loader:1028:15)
    at Function.Module._load (node:internal/modules/cjs/loader:873:27)
    at Function.executeUserEntryPoint [as runMain] (node:internal/modules/run_main:81:12)
    at node:internal/main/run_main_module:22:47 {
  code: 'MODULE_NOT_FOUND',
  requireStack: []
}
[2025-10-30T03:44:58.708Z] lib/data-backup.js failed with exit code 1
[2025-10-30T03:44:58.708Z] Running lib/data-backup.js clean...
[2025-10-30T03:44:58.736Z] [lib/data-backup.js clean] ERROR: node:internal/modules/cjs/loader:1031
  throw err;
  ^

Error: Cannot find module '/home/runner/work/liquiditydashboard/liquiditydashboard/web/lib/data-backup.js'
    at Function.Module._resolveFilename (node:internal/modules/cjs/loader:1028:15)
    at Function.Module._load (node:internal/modules/cjs/loader:873:27)
    at Function.executeUserEntryPoint [as runMain] (node:internal/modules/run_main:81:12)
    at node:internal/main/run_main_module:22:47 {
  code: 'MODULE_NOT_FOUND',
  requireStack: []
}
[2025-10-30T03:44:58.739Z] lib/data-backup.js clean failed with exit code 1
[2025-10-30T03:44:58.739Z] Running lib/import-historical-move-data.js...
[2025-10-30T03:44:58.767Z] [lib/import-historical-move-data.js] ERROR: node:internal/modules/cjs/loader:1031
  throw err;
  ^

Error: Cannot find module '/home/runner/work/liquiditydashboard/liquiditydashboard/web/lib/import-historical-move-data.js'
    at Function.Module._resolveFilename (node:internal/modules/cjs/loader:1028:15)
    at Function.Module._load (node:internal/modules/cjs/loader:873:27)
    at Function.executeUserEntryPoint [as runMain] (node:internal/modules/run_main:81:12)
    at node:internal/main/run_main_module:22:47 {
  code: 'MODULE_NOT_FOUND',
  requireStack: []
}
[2025-10-30T03:44:58.769Z] lib/import-historical-move-data.js failed with exit code 1
[2025-10-30T03:44:58.769Z] Running lib/fetch-move-data.js...
[2025-10-30T03:44:58.797Z] [lib/fetch-move-data.js] ERROR: node:internal/modules/cjs/loader:1031
  throw err;
  ^

Error: Cannot find module '/home/runner/work/liquiditydashboard/liquiditydashboard/web/lib/fetch-move-data.js'
    at Function.Module._resolveFilename (node:internal/modules/cjs/loader:1028:15)
    at Function.Module._load (node:internal/modules/cjs/loader:873:27)
    at Function.executeUserEntryPoint [as runMain] (node:internal/modules/run_main:81:12)
    at node:internal/main/run_main_module:22:47 {
  code: 'MODULE_NOT_FOUND',
  requireStack: []
}
[2025-10-30T03:44:58.800Z] lib/fetch-move-data.js failed with exit code 1
[2025-10-30T03:44:58.800Z] Running lib/fetch-srf-data.js...
[2025-10-30T03:44:58.829Z] [lib/fetch-srf-data.js] ERROR: node:internal/modules/cjs/loader:1031
  throw err;
  ^

Error: Cannot find module '/home/runner/work/liquiditydashboard/liquiditydashboard/web/lib/fetch-srf-data.js'
    at Function.Module._resolveFilename (node:internal/modules/cjs/loader:1028:15)
    at Function.Module._load (node:internal/modules/cjs/loader:873:27)
    at Function.executeUserEntryPoint [as runMain] (node:internal/modules/run_main:81:12)
    at node:internal/main/run_main_module:22:47 {
  code: 'MODULE_NOT_FOUND',
  requireStack: []
}
[2025-10-30T03:44:58.831Z] lib/fetch-srf-data.js failed with exit code 1
[2025-10-30T03:44:58.831Z] Running lib/fetch-bill-share-data.js...
[2025-10-30T03:44:58.860Z] [lib/fetch-bill-share-data.js] ERROR: node:internal/modules/cjs/loader:1031
  throw err;
  ^

Error: Cannot find module '/home/runner/work/liquiditydashboard/liquiditydashboard/web/lib/fetch-bill-share-data.js'
    at Function.Module._resolveFilename (node:internal/modules/cjs/loader:1028:15)
    at Function.Module._load (node:internal/modules/cjs/loader:873:27)
    at Function.executeUserEntryPoint [as runMain] (node:internal/modules/run_main:81:12)
    at node:internal/main/run_main_module:22:47 {
  code: 'MODULE_NOT_FOUND',
  requireStack: []
}
[2025-10-30T03:44:58.862Z] lib/fetch-bill-share-data.js failed with exit code 1
[2025-10-30T03:44:58.863Z] Running lib/cleanup-future-dates.js...
[2025-10-30T03:44:58.940Z] [lib/cleanup-future-dates.js] Starting data cleanup process...
[2025-10-30T03:44:59.278Z] [lib/cleanup-future-dates.js] Using WorldTimeAPI date: 2025-10-30T03:44:59.270077+00:00
[2025-10-30T03:44:59.279Z] [lib/cleanup-future-dates.js] Using reference date: 2025-10-30
[2025-10-30T03:44:59.279Z] [lib/cleanup-future-dates.js] Processing MOVE index data (/home/runner/work/liquiditydashboard/liquiditydashboard/web/public/series/move.json)...
[2025-10-30T03:44:59.279Z] [lib/cleanup-future-dates.js] Loaded 111 MOVE index data points
[2025-10-30T03:44:59.279Z] [lib/cleanup-future-dates.js] No future-dated entries found in MOVE index data
[2025-10-30T03:44:59.280Z] [lib/cleanup-future-dates.js] Processing SRF data (/home/runner/work/liquiditydashboard/liquiditydashboard/web/public/series/srf.json)...
[2025-10-30T03:44:59.280Z] [lib/cleanup-future-dates.js] Loaded 1017 SRF data points
[2025-10-30T03:44:59.281Z] [lib/cleanup-future-dates.js] No future-dated entries found in SRF data
[2025-10-30T03:44:59.281Z] [lib/cleanup-future-dates.js] Processing Treasury bill share data (/home/runner/work/liquiditydashboard/liquiditydashboard/web/public/series/bill-share.json)...
[2025-10-30T03:44:59.282Z] [lib/cleanup-future-dates.js] Loaded 282 Treasury bill share data points
[2025-10-30T03:44:59.282Z] [lib/cleanup-future-dates.js] No future-dated entries found in Treasury bill share data
[2025-10-30T03:44:59.282Z] [lib/cleanup-future-dates.js] Cleanup complete! Removed 0 future-dated entries in total.
Data cleanup completed with no changes needed
[2025-10-30T03:44:59.285Z] lib/cleanup-future-dates.js completed successfully
[2025-10-30T03:44:59.285Z] Running lib/validate-data.js...
[2025-10-30T03:44:59.368Z] [lib/validate-data.js] Running data validation...
[2025-10-30T03:44:59.369Z] [lib/validate-data.js] Validating MOVE index data...
[2025-10-30T03:44:59.369Z] [lib/validate-data.js] Found 111 MOVE data points
[2025-10-30T03:44:59.621Z] [lib/validate-data.js] Using WorldTimeAPI date: 2025-10-30T03:44:59.592669+00:00
[2025-10-30T03:44:59.621Z] [lib/validate-data.js] Using reference date: 2025-10-30
[2025-10-30T03:44:59.622Z] [lib/validate-data.js] MOVE index data validation passed ✓
[2025-10-30T03:44:59.622Z] [lib/validate-data.js] Validating SRF data...
[2025-10-30T03:44:59.623Z] [lib/validate-data.js] Found 1017 SRF data points
[2025-10-30T03:44:59.695Z] [lib/validate-data.js] WorldTimeAPI failed, trying alternative source
[2025-10-30T03:45:00.179Z] [lib/validate-data.js] Using TimeAPI date: 2025-10-30T03:45:00.140825
[2025-10-30T03:45:00.181Z] [lib/validate-data.js] SRF data validation passed ✓
[2025-10-30T03:45:00.181Z] [lib/validate-data.js] Validating Treasury funding data...
[2025-10-30T03:45:00.181Z] [lib/validate-data.js] Found 282 Treasury funding data points
[2025-10-30T03:45:00.182Z] [lib/validate-data.js] Treasury funding data validation passed ✓
[2025-10-30T03:45:00.182Z] [lib/validate-data.js] All data validation passed ✓
[2025-10-30T03:45:00.185Z] lib/validate-data.js completed successfully
[2025-10-30T03:45:00.185Z] Dashboard update process completed successfully
