[2025-07-03T03:56:16.868Z] Starting Liquidity Dashboard update process
[2025-07-03T03:56:16.870Z] Running lib/data-backup.js...
[2025-07-03T03:56:16.898Z] [lib/data-backup.js] ERROR: node:internal/modules/cjs/loader:1031
  throw err;
  ^

Error: Cannot find module '/home/runner/work/liquiditydashboard/liquiditydashboard/web/lib/data-backup.js'
    at Function.Module._resolveFilename (node:internal/modules/cjs/loader:1028:15)
    at Function.Module._load (node:internal/modules/cjs/loader:873:27)
    at Function.executeUserEntryPoint [as runMain] (node:internal/modules/run_main:81:12)
    at node:internal/main/run_main_module:22:47 {
  code: 'MODULE_NOT_FOUND',
  requireStack: []
}
[2025-07-03T03:56:16.901Z] lib/data-backup.js failed with exit code 1
[2025-07-03T03:56:16.901Z] Running lib/data-backup.js clean...
[2025-07-03T03:56:16.929Z] [lib/data-backup.js clean] ERROR: node:internal/modules/cjs/loader:1031
  throw err;
  ^

Error: Cannot find module '/home/runner/work/liquiditydashboard/liquiditydashboard/web/lib/data-backup.js'
    at Function.Module._resolveFilename (node:internal/modules/cjs/loader:1028:15)
    at Function.Module._load (node:internal/modules/cjs/loader:873:27)
    at Function.executeUserEntryPoint [as runMain] (node:internal/modules/run_main:81:12)
    at node:internal/main/run_main_module:22:47 {
  code: 'MODULE_NOT_FOUND',
  requireStack: []
}
[2025-07-03T03:56:16.931Z] lib/data-backup.js clean failed with exit code 1
[2025-07-03T03:56:16.931Z] Running lib/import-historical-move-data.js...
[2025-07-03T03:56:16.959Z] [lib/import-historical-move-data.js] ERROR: node:internal/modules/cjs/loader:1031
  throw err;
  ^

Error: Cannot find module '/home/runner/work/liquiditydashboard/liquiditydashboard/web/lib/import-historical-move-data.js'
    at Function.Module._resolveFilename (node:internal/modules/cjs/loader:1028:15)
    at Function.Module._load (node:internal/modules/cjs/loader:873:27)
    at Function.executeUserEntryPoint [as runMain] (node:internal/modules/run_main:81:12)
    at node:internal/main/run_main_module:22:47 {
  code: 'MODULE_NOT_FOUND',
  requireStack: []
}
[2025-07-03T03:56:16.961Z] lib/import-historical-move-data.js failed with exit code 1
[2025-07-03T03:56:16.961Z] Running lib/fetch-move-data.js...
[2025-07-03T03:56:16.988Z] [lib/fetch-move-data.js] ERROR: node:internal/modules/cjs/loader:1031
  throw err;
  ^

Error: Cannot find module '/home/runner/work/liquiditydashboard/liquiditydashboard/web/lib/fetch-move-data.js'
    at Function.Module._resolveFilename (node:internal/modules/cjs/loader:1028:15)
    at Function.Module._load (node:internal/modules/cjs/loader:873:27)
    at Function.executeUserEntryPoint [as runMain] (node:internal/modules/run_main:81:12)
    at node:internal/main/run_main_module:22:47 {
  code: 'MODULE_NOT_FOUND',
  requireStack: []
}
[2025-07-03T03:56:16.990Z] lib/fetch-move-data.js failed with exit code 1
[2025-07-03T03:56:16.990Z] Running lib/fetch-srf-data.js...
[2025-07-03T03:56:17.018Z] [lib/fetch-srf-data.js] ERROR: node:internal/modules/cjs/loader:1031
  throw err;
  ^

Error: Cannot find module '/home/runner/work/liquiditydashboard/liquiditydashboard/web/lib/fetch-srf-data.js'
    at Function.Module._resolveFilename (node:internal/modules/cjs/loader:1028:15)
    at Function.Module._load (node:internal/modules/cjs/loader:873:27)
    at Function.executeUserEntryPoint [as runMain] (node:internal/modules/run_main:81:12)
    at node:internal/main/run_main_module:22:47 {
  code: 'MODULE_NOT_FOUND',
  requireStack: []
}
[2025-07-03T03:56:17.020Z] lib/fetch-srf-data.js failed with exit code 1
[2025-07-03T03:56:17.020Z] Running lib/fetch-bill-share-data.js...
[2025-07-03T03:56:17.048Z] [lib/fetch-bill-share-data.js] ERROR: node:internal/modules/cjs/loader:1031
  throw err;
  ^

Error: Cannot find module '/home/runner/work/liquiditydashboard/liquiditydashboard/web/lib/fetch-bill-share-data.js'
    at Function.Module._resolveFilename (node:internal/modules/cjs/loader:1028:15)
    at Function.Module._load (node:internal/modules/cjs/loader:873:27)
    at Function.executeUserEntryPoint [as runMain] (node:internal/modules/run_main:81:12)
    at node:internal/main/run_main_module:22:47 {
  code: 'MODULE_NOT_FOUND',
  requireStack: []
}
[2025-07-03T03:56:17.050Z] lib/fetch-bill-share-data.js failed with exit code 1
[2025-07-03T03:56:17.050Z] Running lib/cleanup-future-dates.js...
[2025-07-03T03:56:17.122Z] [lib/cleanup-future-dates.js] Starting data cleanup process...
[2025-07-03T03:56:17.188Z] [lib/cleanup-future-dates.js] WorldTimeAPI failed, trying alternative source
[2025-07-03T03:56:17.803Z] [lib/cleanup-future-dates.js] Using TimeAPI date: 2025-07-03T03:56:17.7383101
[2025-07-03T03:56:17.803Z] [lib/cleanup-future-dates.js] Using reference date: 2025-7-3
[2025-07-03T03:56:17.804Z] [lib/cleanup-future-dates.js] Processing MOVE index data (/home/runner/work/liquiditydashboard/liquiditydashboard/web/public/series/move.json)...
[2025-07-03T03:56:17.804Z] [lib/cleanup-future-dates.js] Loaded 111 MOVE index data points
[2025-07-03T03:56:17.804Z] [lib/cleanup-future-dates.js] No future-dated entries found in MOVE index data
[2025-07-03T03:56:17.804Z] [lib/cleanup-future-dates.js] Processing SRF data (/home/runner/work/liquiditydashboard/liquiditydashboard/web/public/series/srf.json)...
[2025-07-03T03:56:17.805Z] [lib/cleanup-future-dates.js] Loaded 1017 SRF data points
[2025-07-03T03:56:17.806Z] [lib/cleanup-future-dates.js] No future-dated entries found in SRF data
[2025-07-03T03:56:17.806Z] [lib/cleanup-future-dates.js] Processing Treasury bill share data (/home/runner/work/liquiditydashboard/liquiditydashboard/web/public/series/bill-share.json)...
[2025-07-03T03:56:17.806Z] [lib/cleanup-future-dates.js] Loaded 282 Treasury bill share data points
[2025-07-03T03:56:17.807Z] [lib/cleanup-future-dates.js] No future-dated entries found in Treasury bill share data
[2025-07-03T03:56:17.807Z] [lib/cleanup-future-dates.js] Cleanup complete! Removed 0 future-dated entries in total.
Data cleanup completed with no changes needed
[2025-07-03T03:56:17.810Z] lib/cleanup-future-dates.js completed successfully
[2025-07-03T03:56:17.810Z] Running lib/validate-data.js...
[2025-07-03T03:56:17.881Z] [lib/validate-data.js] Running data validation...
[2025-07-03T03:56:17.882Z] [lib/validate-data.js] Validating MOVE index data...
[2025-07-03T03:56:17.882Z] [lib/validate-data.js] Found 111 MOVE data points
[2025-07-03T03:56:18.091Z] [lib/validate-data.js] Using WorldTimeAPI date: 2025-07-03T03:56:18.073049+00:00
[2025-07-03T03:56:18.091Z] [lib/validate-data.js] Using reference date: 2025-7-3
[2025-07-03T03:56:18.092Z] [lib/validate-data.js] MOVE index data validation passed ✓
[2025-07-03T03:56:18.092Z] [lib/validate-data.js] Validating SRF data...
[2025-07-03T03:56:18.092Z] [lib/validate-data.js] Found 1017 SRF data points
[2025-07-03T03:56:18.103Z] [lib/validate-data.js] WorldTimeAPI failed, trying alternative source
[2025-07-03T03:56:18.581Z] [lib/validate-data.js] Using TimeAPI date: 2025-07-03T03:56:18.5187831
[2025-07-03T03:56:18.582Z] [lib/validate-data.js] SRF data validation passed ✓
[2025-07-03T03:56:18.582Z] [lib/validate-data.js] Validating Treasury funding data...
[2025-07-03T03:56:18.583Z] [lib/validate-data.js] Found 282 Treasury funding data points
[2025-07-03T03:56:18.583Z] [lib/validate-data.js] Treasury funding data validation passed ✓
[2025-07-03T03:56:18.583Z] [lib/validate-data.js] All data validation passed ✓
[2025-07-03T03:56:18.586Z] lib/validate-data.js completed successfully
[2025-07-03T03:56:18.586Z] Dashboard update process completed successfully
