[2025-12-29T04:13:59.984Z] Starting Liquidity Dashboard update process
[2025-12-29T04:13:59.986Z] Running lib/data-backup.js...
[2025-12-29T04:14:00.015Z] [lib/data-backup.js] ERROR: node:internal/modules/cjs/loader:1031
  throw err;
  ^

Error: Cannot find module '/home/runner/work/liquiditydashboard/liquiditydashboard/web/lib/data-backup.js'
    at Function.Module._resolveFilename (node:internal/modules/cjs/loader:1028:15)
    at Function.Module._load (node:internal/modules/cjs/loader:873:27)
    at Function.executeUserEntryPoint [as runMain] (node:internal/modules/run_main:81:12)
    at node:internal/main/run_main_module:22:47 {
  code: 'MODULE_NOT_FOUND',
  requireStack: []
}
[2025-12-29T04:14:00.018Z] lib/data-backup.js failed with exit code 1
[2025-12-29T04:14:00.019Z] Running lib/data-backup.js clean...
[2025-12-29T04:14:00.046Z] [lib/data-backup.js clean] ERROR: node:internal/modules/cjs/loader:1031
  throw err;
  ^

Error: Cannot find module '/home/runner/work/liquiditydashboard/liquiditydashboard/web/lib/data-backup.js'
    at Function.Module._resolveFilename (node:internal/modules/cjs/loader:1028:15)
    at Function.Module._load (node:internal/modules/cjs/loader:873:27)
    at Function.executeUserEntryPoint [as runMain] (node:internal/modules/run_main:81:12)
    at node:internal/main/run_main_module:22:47 {
  code: 'MODULE_NOT_FOUND',
  requireStack: []
}
[2025-12-29T04:14:00.048Z] lib/data-backup.js clean failed with exit code 1
[2025-12-29T04:14:00.049Z] Running lib/import-historical-move-data.js...
[2025-12-29T04:14:00.077Z] [lib/import-historical-move-data.js] ERROR: node:internal/modules/cjs/loader:1031
  throw err;
  ^

Error: Cannot find module '/home/runner/work/liquiditydashboard/liquiditydashboard/web/lib/import-historical-move-data.js'
    at Function.Module._resolveFilename (node:internal/modules/cjs/loader:1028:15)
    at Function.Module._load (node:internal/modules/cjs/loader:873:27)
    at Function.executeUserEntryPoint [as runMain] (node:internal/modules/run_main:81:12)
    at node:internal/main/run_main_module:22:47 {
  code: 'MODULE_NOT_FOUND',
  requireStack: []
}
[2025-12-29T04:14:00.079Z] lib/import-historical-move-data.js failed with exit code 1
[2025-12-29T04:14:00.079Z] Running lib/fetch-move-data.js...
[2025-12-29T04:14:00.107Z] [lib/fetch-move-data.js] ERROR: node:internal/modules/cjs/loader:1031
  throw err;
  ^

Error: Cannot find module '/home/runner/work/liquiditydashboard/liquiditydashboard/web/lib/fetch-move-data.js'
    at Function.Module._resolveFilename (node:internal/modules/cjs/loader:1028:15)
    at Function.Module._load (node:internal/modules/cjs/loader:873:27)
    at Function.executeUserEntryPoint [as runMain] (node:internal/modules/run_main:81:12)
    at node:internal/main/run_main_module:22:47 {
  code: 'MODULE_NOT_FOUND',
  requireStack: []
}
[2025-12-29T04:14:00.109Z] lib/fetch-move-data.js failed with exit code 1
[2025-12-29T04:14:00.109Z] Running lib/fetch-srf-data.js...
[2025-12-29T04:14:00.137Z] [lib/fetch-srf-data.js] ERROR: node:internal/modules/cjs/loader:1031
  throw err;
  ^

Error: Cannot find module '/home/runner/work/liquiditydashboard/liquiditydashboard/web/lib/fetch-srf-data.js'
    at Function.Module._resolveFilename (node:internal/modules/cjs/loader:1028:15)
    at Function.Module._load (node:internal/modules/cjs/loader:873:27)
    at Function.executeUserEntryPoint [as runMain] (node:internal/modules/run_main:81:12)
    at node:internal/main/run_main_module:22:47 {
  code: 'MODULE_NOT_FOUND',
  requireStack: []
}
[2025-12-29T04:14:00.139Z] lib/fetch-srf-data.js failed with exit code 1
[2025-12-29T04:14:00.139Z] Running lib/fetch-bill-share-data.js...
[2025-12-29T04:14:00.168Z] [lib/fetch-bill-share-data.js] ERROR: node:internal/modules/cjs/loader:1031
  throw err;
  ^

Error: Cannot find module '/home/runner/work/liquiditydashboard/liquiditydashboard/web/lib/fetch-bill-share-data.js'
    at Function.Module._resolveFilename (node:internal/modules/cjs/loader:1028:15)
    at Function.Module._load (node:internal/modules/cjs/loader:873:27)
    at Function.executeUserEntryPoint [as runMain] (node:internal/modules/run_main:81:12)
    at node:internal/main/run_main_module:22:47 {
  code: 'MODULE_NOT_FOUND',
  requireStack: []
}
[2025-12-29T04:14:00.170Z] lib/fetch-bill-share-data.js failed with exit code 1
[2025-12-29T04:14:00.170Z] Running lib/cleanup-future-dates.js...
[2025-12-29T04:14:00.246Z] [lib/cleanup-future-dates.js] Starting data cleanup process...
[2025-12-29T04:14:00.529Z] [lib/cleanup-future-dates.js] WorldTimeAPI failed, trying alternative source
[2025-12-29T04:14:12.204Z] [lib/cleanup-future-dates.js] Using TimeAPI date: 2025-12-29T04:14:12.1294617
[2025-12-29T04:14:12.204Z] [lib/cleanup-future-dates.js] Using reference date: 2025-12-29

Processing MOVE index data (/home/runner/work/liquiditydashboard/liquiditydashboard/web/public/series/move.json)...
[2025-12-29T04:14:12.204Z] [lib/cleanup-future-dates.js] Loaded 111 MOVE index data points
[2025-12-29T04:14:12.205Z] [lib/cleanup-future-dates.js] No future-dated entries found in MOVE index data
[2025-12-29T04:14:12.205Z] [lib/cleanup-future-dates.js] Processing SRF data (/home/runner/work/liquiditydashboard/liquiditydashboard/web/public/series/srf.json)...
[2025-12-29T04:14:12.205Z] [lib/cleanup-future-dates.js] Loaded 1017 SRF data points
[2025-12-29T04:14:12.207Z] [lib/cleanup-future-dates.js] No future-dated entries found in SRF data
[2025-12-29T04:14:12.207Z] [lib/cleanup-future-dates.js] Processing Treasury bill share data (/home/runner/work/liquiditydashboard/liquiditydashboard/web/public/series/bill-share.json)...
[2025-12-29T04:14:12.207Z] [lib/cleanup-future-dates.js] Loaded 282 Treasury bill share data points
[2025-12-29T04:14:12.207Z] [lib/cleanup-future-dates.js] No future-dated entries found in Treasury bill share data
[2025-12-29T04:14:12.208Z] [lib/cleanup-future-dates.js] Cleanup complete! Removed 0 future-dated entries in total.
[2025-12-29T04:14:12.208Z] [lib/cleanup-future-dates.js] Data cleanup completed with no changes needed
[2025-12-29T04:14:12.211Z] lib/cleanup-future-dates.js completed successfully
[2025-12-29T04:14:12.211Z] Running lib/validate-data.js...
[2025-12-29T04:14:12.287Z] [lib/validate-data.js] Running data validation...
[2025-12-29T04:14:12.287Z] [lib/validate-data.js] Validating MOVE index data...
[2025-12-29T04:14:12.287Z] [lib/validate-data.js] Found 111 MOVE data points
[2025-12-29T04:14:12.371Z] [lib/validate-data.js] WorldTimeAPI failed, trying alternative source
[2025-12-29T04:14:23.999Z] [lib/validate-data.js] Using TimeAPI date: 2025-12-29T04:14:23.9221319
[2025-12-29T04:14:23.999Z] [lib/validate-data.js] Using reference date: 2025-12-29
[2025-12-29T04:14:24.000Z] [lib/validate-data.js] MOVE index data validation passed ✓
[2025-12-29T04:14:24.000Z] [lib/validate-data.js] Validating SRF data...
[2025-12-29T04:14:24.001Z] [lib/validate-data.js] Found 1017 SRF data points
[2025-12-29T04:14:24.148Z] [lib/validate-data.js] WorldTimeAPI failed, trying alternative source
[2025-12-29T04:14:28.845Z] [lib/validate-data.js] Using TimeAPI date: 2025-12-29T04:14:28.7668368
[2025-12-29T04:14:28.846Z] [lib/validate-data.js] SRF data validation passed ✓
[2025-12-29T04:14:28.846Z] [lib/validate-data.js] Validating Treasury funding data...
[2025-12-29T04:14:28.847Z] [lib/validate-data.js] Found 282 Treasury funding data points
[2025-12-29T04:14:28.847Z] [lib/validate-data.js] Treasury funding data validation passed ✓
[2025-12-29T04:14:28.848Z] [lib/validate-data.js] All data validation passed ✓
[2025-12-29T04:14:28.850Z] lib/validate-data.js completed successfully
[2025-12-29T04:14:28.851Z] Dashboard update process completed successfully
