[2025-11-15T03:41:34.429Z] Starting Liquidity Dashboard update process
[2025-11-15T03:41:34.431Z] Running lib/data-backup.js...
[2025-11-15T03:41:34.460Z] [lib/data-backup.js] ERROR: node:internal/modules/cjs/loader:1031
  throw err;
  ^

Error: Cannot find module '/home/runner/work/liquiditydashboard/liquiditydashboard/web/lib/data-backup.js'
    at Function.Module._resolveFilename (node:internal/modules/cjs/loader:1028:15)
    at Function.Module._load (node:internal/modules/cjs/loader:873:27)
    at Function.executeUserEntryPoint [as runMain] (node:internal/modules/run_main:81:12)
    at node:internal/main/run_main_module:22:47 {
  code: 'MODULE_NOT_FOUND',
  requireStack: []
}
[2025-11-15T03:41:34.463Z] lib/data-backup.js failed with exit code 1
[2025-11-15T03:41:34.463Z] Running lib/data-backup.js clean...
[2025-11-15T03:41:34.492Z] [lib/data-backup.js clean] ERROR: node:internal/modules/cjs/loader:1031
  throw err;
  ^

Error: Cannot find module '/home/runner/work/liquiditydashboard/liquiditydashboard/web/lib/data-backup.js'
    at Function.Module._resolveFilename (node:internal/modules/cjs/loader:1028:15)
    at Function.Module._load (node:internal/modules/cjs/loader:873:27)
    at Function.executeUserEntryPoint [as runMain] (node:internal/modules/run_main:81:12)
    at node:internal/main/run_main_module:22:47 {
  code: 'MODULE_NOT_FOUND',
  requireStack: []
}
[2025-11-15T03:41:34.494Z] lib/data-backup.js clean failed with exit code 1
[2025-11-15T03:41:34.495Z] Running lib/import-historical-move-data.js...
[2025-11-15T03:41:34.523Z] [lib/import-historical-move-data.js] ERROR: node:internal/modules/cjs/loader:1031
  throw err;
  ^

Error: Cannot find module '/home/runner/work/liquiditydashboard/liquiditydashboard/web/lib/import-historical-move-data.js'
    at Function.Module._resolveFilename (node:internal/modules/cjs/loader:1028:15)
    at Function.Module._load (node:internal/modules/cjs/loader:873:27)
    at Function.executeUserEntryPoint [as runMain] (node:internal/modules/run_main:81:12)
    at node:internal/main/run_main_module:22:47 {
  code: 'MODULE_NOT_FOUND',
  requireStack: []
}
[2025-11-15T03:41:34.525Z] lib/import-historical-move-data.js failed with exit code 1
[2025-11-15T03:41:34.525Z] Running lib/fetch-move-data.js...
[2025-11-15T03:41:34.553Z] [lib/fetch-move-data.js] ERROR: node:internal/modules/cjs/loader:1031
  throw err;
  ^

Error: Cannot find module '/home/runner/work/liquiditydashboard/liquiditydashboard/web/lib/fetch-move-data.js'
    at Function.Module._resolveFilename (node:internal/modules/cjs/loader:1028:15)
    at Function.Module._load (node:internal/modules/cjs/loader:873:27)
    at Function.executeUserEntryPoint [as runMain] (node:internal/modules/run_main:81:12)
    at node:internal/main/run_main_module:22:47 {
  code: 'MODULE_NOT_FOUND',
  requireStack: []
}
[2025-11-15T03:41:34.555Z] lib/fetch-move-data.js failed with exit code 1
[2025-11-15T03:41:34.556Z] Running lib/fetch-srf-data.js...
[2025-11-15T03:41:34.589Z] [lib/fetch-srf-data.js] ERROR: node:internal/modules/cjs/loader:1031
  throw err;
  ^

Error: Cannot find module '/home/runner/work/liquiditydashboard/liquiditydashboard/web/lib/fetch-srf-data.js'
    at Function.Module._resolveFilename (node:internal/modules/cjs/loader:1028:15)
    at Function.Module._load (node:internal/modules/cjs/loader:873:27)
    at Function.executeUserEntryPoint [as runMain] (node:internal/modules/run_main:81:12)
    at node:internal/main/run_main_module:22:47 {
  code: 'MODULE_NOT_FOUND',
  requireStack: []
}
[2025-11-15T03:41:34.593Z] lib/fetch-srf-data.js failed with exit code 1
[2025-11-15T03:41:34.593Z] Running lib/fetch-bill-share-data.js...
[2025-11-15T03:41:34.622Z] [lib/fetch-bill-share-data.js] ERROR: node:internal/modules/cjs/loader:1031
  throw err;
  ^

Error: Cannot find module '/home/runner/work/liquiditydashboard/liquiditydashboard/web/lib/fetch-bill-share-data.js'
    at Function.Module._resolveFilename (node:internal/modules/cjs/loader:1028:15)
    at Function.Module._load (node:internal/modules/cjs/loader:873:27)
    at Function.executeUserEntryPoint [as runMain] (node:internal/modules/run_main:81:12)
    at node:internal/main/run_main_module:22:47 {
  code: 'MODULE_NOT_FOUND',
  requireStack: []
}
[2025-11-15T03:41:34.624Z] lib/fetch-bill-share-data.js failed with exit code 1
[2025-11-15T03:41:34.625Z] Running lib/cleanup-future-dates.js...
[2025-11-15T03:41:34.703Z] [lib/cleanup-future-dates.js] Starting data cleanup process...
[2025-11-15T03:41:34.923Z] [lib/cleanup-future-dates.js] WorldTimeAPI failed, trying alternative source
[2025-11-15T03:41:35.441Z] [lib/cleanup-future-dates.js] Using TimeAPI date: 2025-11-15T03:41:35.3846917
[2025-11-15T03:41:35.441Z] [lib/cleanup-future-dates.js] Using reference date: 2025-11-15
[2025-11-15T03:41:35.442Z] [lib/cleanup-future-dates.js] Processing MOVE index data (/home/runner/work/liquiditydashboard/liquiditydashboard/web/public/series/move.json)...
[2025-11-15T03:41:35.442Z] [lib/cleanup-future-dates.js] Loaded 111 MOVE index data points
[2025-11-15T03:41:35.442Z] [lib/cleanup-future-dates.js] No future-dated entries found in MOVE index data
[2025-11-15T03:41:35.442Z] [lib/cleanup-future-dates.js] Processing SRF data (/home/runner/work/liquiditydashboard/liquiditydashboard/web/public/series/srf.json)...
[2025-11-15T03:41:35.443Z] [lib/cleanup-future-dates.js] Loaded 1017 SRF data points
[2025-11-15T03:41:35.444Z] [lib/cleanup-future-dates.js] No future-dated entries found in SRF data
[2025-11-15T03:41:35.444Z] [lib/cleanup-future-dates.js] Processing Treasury bill share data (/home/runner/work/liquiditydashboard/liquiditydashboard/web/public/series/bill-share.json)...
[2025-11-15T03:41:35.445Z] [lib/cleanup-future-dates.js] Loaded 282 Treasury bill share data points
[2025-11-15T03:41:35.445Z] [lib/cleanup-future-dates.js] No future-dated entries found in Treasury bill share data
[2025-11-15T03:41:35.445Z] [lib/cleanup-future-dates.js] Cleanup complete! Removed 0 future-dated entries in total.
Data cleanup completed with no changes needed
[2025-11-15T03:41:35.448Z] lib/cleanup-future-dates.js completed successfully
[2025-11-15T03:41:35.449Z] Running lib/validate-data.js...
[2025-11-15T03:41:35.524Z] [lib/validate-data.js] Running data validation...
[2025-11-15T03:41:35.525Z] [lib/validate-data.js] Validating MOVE index data...
[2025-11-15T03:41:35.525Z] [lib/validate-data.js] Found 111 MOVE data points
[2025-11-15T03:41:35.558Z] [lib/validate-data.js] WorldTimeAPI failed, trying alternative source
[2025-11-15T03:41:36.062Z] [lib/validate-data.js] Using TimeAPI date: 2025-11-15T03:41:36.0062903
[2025-11-15T03:41:36.063Z] [lib/validate-data.js] Using reference date: 2025-11-15
[2025-11-15T03:41:36.063Z] [lib/validate-data.js] MOVE index data validation passed ✓
[2025-11-15T03:41:36.064Z] [lib/validate-data.js] Validating SRF data...
[2025-11-15T03:41:36.064Z] [lib/validate-data.js] Found 1017 SRF data points
[2025-11-15T03:41:36.155Z] [lib/validate-data.js] Using WorldTimeAPI date: 2025-11-15T03:41:36.144582+00:00
[2025-11-15T03:41:36.157Z] [lib/validate-data.js] SRF data validation passed ✓
[2025-11-15T03:41:36.157Z] [lib/validate-data.js] Validating Treasury funding data...
[2025-11-15T03:41:36.158Z] [lib/validate-data.js] Found 282 Treasury funding data points
[2025-11-15T03:41:36.158Z] [lib/validate-data.js] Treasury funding data validation passed ✓
[2025-11-15T03:41:36.158Z] [lib/validate-data.js] All data validation passed ✓
[2025-11-15T03:41:36.161Z] lib/validate-data.js completed successfully
[2025-11-15T03:41:36.161Z] Dashboard update process completed successfully
