[2026-03-09T04:58:50.657Z] Starting Liquidity Dashboard update process
[2026-03-09T04:58:50.658Z] Running lib/data-backup.js...
[2026-03-09T04:58:50.686Z] [lib/data-backup.js] ERROR: node:internal/modules/cjs/loader:1031
  throw err;
  ^

Error: Cannot find module '/home/runner/work/liquiditydashboard/liquiditydashboard/web/lib/data-backup.js'
    at Function.Module._resolveFilename (node:internal/modules/cjs/loader:1028:15)
    at Function.Module._load (node:internal/modules/cjs/loader:873:27)
    at Function.executeUserEntryPoint [as runMain] (node:internal/modules/run_main:81:12)
    at node:internal/main/run_main_module:22:47 {
  code: 'MODULE_NOT_FOUND',
  requireStack: []
}
[2026-03-09T04:58:50.688Z] lib/data-backup.js failed with exit code 1
[2026-03-09T04:58:50.689Z] Running lib/data-backup.js clean...
[2026-03-09T04:58:50.715Z] [lib/data-backup.js clean] ERROR: node:internal/modules/cjs/loader:1031
  throw err;
  ^

Error: Cannot find module '/home/runner/work/liquiditydashboard/liquiditydashboard/web/lib/data-backup.js'
    at Function.Module._resolveFilename (node:internal/modules/cjs/loader:1028:15)
    at Function.Module._load (node:internal/modules/cjs/loader:873:27)
    at Function.executeUserEntryPoint [as runMain] (node:internal/modules/run_main:81:12)
    at node:internal/main/run_main_module:22:47 {
  code: 'MODULE_NOT_FOUND',
  requireStack: []
}
[2026-03-09T04:58:50.716Z] lib/data-backup.js clean failed with exit code 1
[2026-03-09T04:58:50.717Z] Running lib/import-historical-move-data.js...
[2026-03-09T04:58:50.744Z] [lib/import-historical-move-data.js] ERROR: node:internal/modules/cjs/loader:1031
  throw err;
  ^

Error: Cannot find module '/home/runner/work/liquiditydashboard/liquiditydashboard/web/lib/import-historical-move-data.js'
    at Function.Module._resolveFilename (node:internal/modules/cjs/loader:1028:15)
    at Function.Module._load (node:internal/modules/cjs/loader:873:27)
    at Function.executeUserEntryPoint [as runMain] (node:internal/modules/run_main:81:12)
    at node:internal/main/run_main_module:22:47 {
  code: 'MODULE_NOT_FOUND',
  requireStack: []
}
[2026-03-09T04:58:50.746Z] lib/import-historical-move-data.js failed with exit code 1
[2026-03-09T04:58:50.746Z] Running lib/fetch-move-data.js...
[2026-03-09T04:58:50.773Z] [lib/fetch-move-data.js] ERROR: node:internal/modules/cjs/loader:1031
  throw err;
  ^

Error: Cannot find module '/home/runner/work/liquiditydashboard/liquiditydashboard/web/lib/fetch-move-data.js'
    at Function.Module._resolveFilename (node:internal/modules/cjs/loader:1028:15)
    at Function.Module._load (node:internal/modules/cjs/loader:873:27)
    at Function.executeUserEntryPoint [as runMain] (node:internal/modules/run_main:81:12)
    at node:internal/main/run_main_module:22:47 {
  code: 'MODULE_NOT_FOUND',
  requireStack: []
}
[2026-03-09T04:58:50.775Z] lib/fetch-move-data.js failed with exit code 1
[2026-03-09T04:58:50.775Z] Running lib/fetch-srf-data.js...
[2026-03-09T04:58:50.802Z] [lib/fetch-srf-data.js] ERROR: node:internal/modules/cjs/loader:1031
  throw err;
  ^

Error: Cannot find module '/home/runner/work/liquiditydashboard/liquiditydashboard/web/lib/fetch-srf-data.js'
    at Function.Module._resolveFilename (node:internal/modules/cjs/loader:1028:15)
    at Function.Module._load (node:internal/modules/cjs/loader:873:27)
    at Function.executeUserEntryPoint [as runMain] (node:internal/modules/run_main:81:12)
    at node:internal/main/run_main_module:22:47 {
  code: 'MODULE_NOT_FOUND',
  requireStack: []
}
[2026-03-09T04:58:50.803Z] lib/fetch-srf-data.js failed with exit code 1
[2026-03-09T04:58:50.803Z] Running lib/fetch-bill-share-data.js...
[2026-03-09T04:58:50.835Z] [lib/fetch-bill-share-data.js] ERROR: node:internal/modules/cjs/loader:1031
  throw err;
  ^

Error: Cannot find module '/home/runner/work/liquiditydashboard/liquiditydashboard/web/lib/fetch-bill-share-data.js'
    at Function.Module._resolveFilename (node:internal/modules/cjs/loader:1028:15)
    at Function.Module._load (node:internal/modules/cjs/loader:873:27)
    at Function.executeUserEntryPoint [as runMain] (node:internal/modules/run_main:81:12)
    at node:internal/main/run_main_module:22:47 {
  code: 'MODULE_NOT_FOUND',
  requireStack: []
}
[2026-03-09T04:58:50.836Z] lib/fetch-bill-share-data.js failed with exit code 1
[2026-03-09T04:58:50.837Z] Running lib/cleanup-future-dates.js...
[2026-03-09T04:58:50.908Z] [lib/cleanup-future-dates.js] Starting data cleanup process...
[2026-03-09T04:58:51.201Z] [lib/cleanup-future-dates.js] WorldTimeAPI failed, trying alternative source
[2026-03-09T04:58:51.902Z] [lib/cleanup-future-dates.js] Using TimeAPI date: 2026-03-09T04:58:51.6102064
[2026-03-09T04:58:51.902Z] [lib/cleanup-future-dates.js] Using reference date: 2026-3-9

Processing MOVE index data (/home/runner/work/liquiditydashboard/liquiditydashboard/web/public/series/move.json)...
[2026-03-09T04:58:51.902Z] [lib/cleanup-future-dates.js] Loaded 111 MOVE index data points
[2026-03-09T04:58:51.903Z] [lib/cleanup-future-dates.js] No future-dated entries found in MOVE index data
[2026-03-09T04:58:51.903Z] [lib/cleanup-future-dates.js] Processing SRF data (/home/runner/work/liquiditydashboard/liquiditydashboard/web/public/series/srf.json)...
[2026-03-09T04:58:51.903Z] [lib/cleanup-future-dates.js] Loaded 1017 SRF data points
[2026-03-09T04:58:51.905Z] [lib/cleanup-future-dates.js] No future-dated entries found in SRF data
[2026-03-09T04:58:51.905Z] [lib/cleanup-future-dates.js] Processing Treasury bill share data (/home/runner/work/liquiditydashboard/liquiditydashboard/web/public/series/bill-share.json)...
[2026-03-09T04:58:51.905Z] [lib/cleanup-future-dates.js] Loaded 282 Treasury bill share data points
[2026-03-09T04:58:51.905Z] [lib/cleanup-future-dates.js] No future-dated entries found in Treasury bill share data
[2026-03-09T04:58:51.905Z] [lib/cleanup-future-dates.js] Cleanup complete! Removed 0 future-dated entries in total.
[2026-03-09T04:58:51.906Z] [lib/cleanup-future-dates.js] Data cleanup completed with no changes needed
[2026-03-09T04:58:51.908Z] lib/cleanup-future-dates.js completed successfully
[2026-03-09T04:58:51.908Z] Running lib/validate-data.js...
[2026-03-09T04:58:51.989Z] [lib/validate-data.js] Running data validation...
[2026-03-09T04:58:51.990Z] [lib/validate-data.js] Validating MOVE index data...
[2026-03-09T04:58:51.990Z] [lib/validate-data.js] Found 111 MOVE data points
[2026-03-09T04:58:52.058Z] [lib/validate-data.js] WorldTimeAPI failed, trying alternative source
[2026-03-09T04:58:52.616Z] [lib/validate-data.js] Using TimeAPI date: 2026-03-09T04:58:52.3286345
[2026-03-09T04:58:52.616Z] [lib/validate-data.js] Using reference date: 2026-3-9
[2026-03-09T04:58:52.616Z] [lib/validate-data.js] MOVE index data validation passed ✓
[2026-03-09T04:58:52.617Z] [lib/validate-data.js] Validating SRF data...
[2026-03-09T04:58:52.617Z] [lib/validate-data.js] Found 1017 SRF data points
[2026-03-09T04:58:52.700Z] [lib/validate-data.js] WorldTimeAPI failed, trying alternative source
[2026-03-09T04:58:53.387Z] [lib/validate-data.js] Using TimeAPI date: 2026-03-09T04:58:53.10575
[2026-03-09T04:58:53.389Z] [lib/validate-data.js] SRF data validation passed ✓
[2026-03-09T04:58:53.389Z] [lib/validate-data.js] Validating Treasury funding data...
[2026-03-09T04:58:53.390Z] [lib/validate-data.js] Found 282 Treasury funding data points
[2026-03-09T04:58:53.390Z] [lib/validate-data.js] Treasury funding data validation passed ✓
[2026-03-09T04:58:53.390Z] [lib/validate-data.js] All data validation passed ✓
[2026-03-09T04:58:53.393Z] lib/validate-data.js completed successfully
[2026-03-09T04:58:53.393Z] Dashboard update process completed successfully
