[2025-07-11T04:00:59.339Z] Starting Liquidity Dashboard update process
[2025-07-11T04:00:59.340Z] Running lib/data-backup.js...
[2025-07-11T04:00:59.369Z] [lib/data-backup.js] ERROR: node:internal/modules/cjs/loader:1031
  throw err;
  ^

Error: Cannot find module '/home/runner/work/liquiditydashboard/liquiditydashboard/web/lib/data-backup.js'
    at Function.Module._resolveFilename (node:internal/modules/cjs/loader:1028:15)
    at Function.Module._load (node:internal/modules/cjs/loader:873:27)
    at Function.executeUserEntryPoint [as runMain] (node:internal/modules/run_main:81:12)
    at node:internal/main/run_main_module:22:47 {
  code: 'MODULE_NOT_FOUND',
  requireStack: []
}
[2025-07-11T04:00:59.372Z] lib/data-backup.js failed with exit code 1
[2025-07-11T04:00:59.372Z] Running lib/data-backup.js clean...
[2025-07-11T04:00:59.400Z] [lib/data-backup.js clean] ERROR: node:internal/modules/cjs/loader:1031
  throw err;
  ^

Error: Cannot find module '/home/runner/work/liquiditydashboard/liquiditydashboard/web/lib/data-backup.js'
    at Function.Module._resolveFilename (node:internal/modules/cjs/loader:1028:15)
    at Function.Module._load (node:internal/modules/cjs/loader:873:27)
    at Function.executeUserEntryPoint [as runMain] (node:internal/modules/run_main:81:12)
    at node:internal/main/run_main_module:22:47 {
  code: 'MODULE_NOT_FOUND',
  requireStack: []
}
[2025-07-11T04:00:59.402Z] lib/data-backup.js clean failed with exit code 1
[2025-07-11T04:00:59.402Z] Running lib/import-historical-move-data.js...
[2025-07-11T04:00:59.430Z] [lib/import-historical-move-data.js] ERROR: node:internal/modules/cjs/loader:1031
  throw err;
  ^

Error: Cannot find module '/home/runner/work/liquiditydashboard/liquiditydashboard/web/lib/import-historical-move-data.js'
    at Function.Module._resolveFilename (node:internal/modules/cjs/loader:1028:15)
    at Function.Module._load (node:internal/modules/cjs/loader:873:27)
    at Function.executeUserEntryPoint [as runMain] (node:internal/modules/run_main:81:12)
    at node:internal/main/run_main_module:22:47 {
  code: 'MODULE_NOT_FOUND',
  requireStack: []
}
[2025-07-11T04:00:59.432Z] lib/import-historical-move-data.js failed with exit code 1
[2025-07-11T04:00:59.432Z] Running lib/fetch-move-data.js...
[2025-07-11T04:00:59.460Z] [lib/fetch-move-data.js] ERROR: node:internal/modules/cjs/loader:1031
  throw err;
  ^

Error: Cannot find module '/home/runner/work/liquiditydashboard/liquiditydashboard/web/lib/fetch-move-data.js'
    at Function.Module._resolveFilename (node:internal/modules/cjs/loader:1028:15)
    at Function.Module._load (node:internal/modules/cjs/loader:873:27)
    at Function.executeUserEntryPoint [as runMain] (node:internal/modules/run_main:81:12)
    at node:internal/main/run_main_module:22:47 {
  code: 'MODULE_NOT_FOUND',
  requireStack: []
}
[2025-07-11T04:00:59.463Z] lib/fetch-move-data.js failed with exit code 1
[2025-07-11T04:00:59.463Z] Running lib/fetch-srf-data.js...
[2025-07-11T04:00:59.492Z] [lib/fetch-srf-data.js] ERROR: node:internal/modules/cjs/loader:1031
  throw err;
  ^

Error: Cannot find module '/home/runner/work/liquiditydashboard/liquiditydashboard/web/lib/fetch-srf-data.js'
    at Function.Module._resolveFilename (node:internal/modules/cjs/loader:1028:15)
    at Function.Module._load (node:internal/modules/cjs/loader:873:27)
    at Function.executeUserEntryPoint [as runMain] (node:internal/modules/run_main:81:12)
    at node:internal/main/run_main_module:22:47 {
  code: 'MODULE_NOT_FOUND',
  requireStack: []
}
[2025-07-11T04:00:59.494Z] lib/fetch-srf-data.js failed with exit code 1
[2025-07-11T04:00:59.494Z] Running lib/fetch-bill-share-data.js...
[2025-07-11T04:00:59.523Z] [lib/fetch-bill-share-data.js] ERROR: node:internal/modules/cjs/loader:1031
  throw err;
  ^

Error: Cannot find module '/home/runner/work/liquiditydashboard/liquiditydashboard/web/lib/fetch-bill-share-data.js'
    at Function.Module._resolveFilename (node:internal/modules/cjs/loader:1028:15)
    at Function.Module._load (node:internal/modules/cjs/loader:873:27)
    at Function.executeUserEntryPoint [as runMain] (node:internal/modules/run_main:81:12)
    at node:internal/main/run_main_module:22:47 {
  code: 'MODULE_NOT_FOUND',
  requireStack: []
}
[2025-07-11T04:00:59.525Z] lib/fetch-bill-share-data.js failed with exit code 1
[2025-07-11T04:00:59.525Z] Running lib/cleanup-future-dates.js...
[2025-07-11T04:00:59.599Z] [lib/cleanup-future-dates.js] Starting data cleanup process...
[2025-07-11T04:00:59.738Z] [lib/cleanup-future-dates.js] WorldTimeAPI failed, trying alternative source
[2025-07-11T04:01:00.477Z] [lib/cleanup-future-dates.js] Using TimeAPI date: 2025-07-11T04:01:00.3944894
[2025-07-11T04:01:00.477Z] [lib/cleanup-future-dates.js] Using reference date: 2025-7-11
[2025-07-11T04:01:00.477Z] [lib/cleanup-future-dates.js] Processing MOVE index data (/home/runner/work/liquiditydashboard/liquiditydashboard/web/public/series/move.json)...
[2025-07-11T04:01:00.478Z] [lib/cleanup-future-dates.js] Loaded 111 MOVE index data points
[2025-07-11T04:01:00.478Z] [lib/cleanup-future-dates.js] No future-dated entries found in MOVE index data
[2025-07-11T04:01:00.478Z] [lib/cleanup-future-dates.js] Processing SRF data (/home/runner/work/liquiditydashboard/liquiditydashboard/web/public/series/srf.json)...
[2025-07-11T04:01:00.479Z] [lib/cleanup-future-dates.js] Loaded 1017 SRF data points
[2025-07-11T04:01:00.480Z] [lib/cleanup-future-dates.js] No future-dated entries found in SRF data
[2025-07-11T04:01:00.480Z] [lib/cleanup-future-dates.js] Processing Treasury bill share data (/home/runner/work/liquiditydashboard/liquiditydashboard/web/public/series/bill-share.json)...
[2025-07-11T04:01:00.480Z] [lib/cleanup-future-dates.js] Loaded 282 Treasury bill share data points
[2025-07-11T04:01:00.481Z] [lib/cleanup-future-dates.js] No future-dated entries found in Treasury bill share data
[2025-07-11T04:01:00.481Z] [lib/cleanup-future-dates.js] Cleanup complete! Removed 0 future-dated entries in total.
Data cleanup completed with no changes needed
[2025-07-11T04:01:00.484Z] lib/cleanup-future-dates.js completed successfully
[2025-07-11T04:01:00.484Z] Running lib/validate-data.js...
[2025-07-11T04:01:00.557Z] [lib/validate-data.js] Running data validation...
[2025-07-11T04:01:00.558Z] [lib/validate-data.js] Validating MOVE index data...
[2025-07-11T04:01:00.558Z] [lib/validate-data.js] Found 111 MOVE data points
[2025-07-11T04:01:00.587Z] [lib/validate-data.js] WorldTimeAPI failed, trying alternative source
[2025-07-11T04:01:01.259Z] [lib/validate-data.js] Using TimeAPI date: 2025-07-11T04:01:01.1770485
[2025-07-11T04:01:01.260Z] [lib/validate-data.js] Using reference date: 2025-7-11
[2025-07-11T04:01:01.260Z] [lib/validate-data.js] MOVE index data validation passed ✓
[2025-07-11T04:01:01.260Z] [lib/validate-data.js] Validating SRF data...
[2025-07-11T04:01:01.261Z] [lib/validate-data.js] Found 1017 SRF data points
[2025-07-11T04:01:01.281Z] [lib/validate-data.js] WorldTimeAPI failed, trying alternative source
[2025-07-11T04:01:02.002Z] [lib/validate-data.js] Using TimeAPI date: 2025-07-11T04:01:01.9244057
[2025-07-11T04:01:02.004Z] [lib/validate-data.js] SRF data validation passed ✓
[2025-07-11T04:01:02.004Z] [lib/validate-data.js] Validating Treasury funding data...
[2025-07-11T04:01:02.004Z] [lib/validate-data.js] Found 282 Treasury funding data points
[2025-07-11T04:01:02.004Z] [lib/validate-data.js] Treasury funding data validation passed ✓
[2025-07-11T04:01:02.004Z] [lib/validate-data.js] All data validation passed ✓
[2025-07-11T04:01:02.007Z] lib/validate-data.js completed successfully
[2025-07-11T04:01:02.007Z] Dashboard update process completed successfully
