[2025-07-07T03:57:36.639Z] Starting Liquidity Dashboard update process
[2025-07-07T03:57:36.640Z] Running lib/data-backup.js...
[2025-07-07T03:57:36.669Z] [lib/data-backup.js] ERROR: node:internal/modules/cjs/loader:1031
  throw err;
  ^

Error: Cannot find module '/home/runner/work/liquiditydashboard/liquiditydashboard/web/lib/data-backup.js'
    at Function.Module._resolveFilename (node:internal/modules/cjs/loader:1028:15)
    at Function.Module._load (node:internal/modules/cjs/loader:873:27)
    at Function.executeUserEntryPoint [as runMain] (node:internal/modules/run_main:81:12)
    at node:internal/main/run_main_module:22:47 {
  code: 'MODULE_NOT_FOUND',
  requireStack: []
}
[2025-07-07T03:57:36.672Z] lib/data-backup.js failed with exit code 1
[2025-07-07T03:57:36.672Z] Running lib/data-backup.js clean...
[2025-07-07T03:57:36.700Z] [lib/data-backup.js clean] ERROR: node:internal/modules/cjs/loader:1031
  throw err;
  ^

Error: Cannot find module '/home/runner/work/liquiditydashboard/liquiditydashboard/web/lib/data-backup.js'
    at Function.Module._resolveFilename (node:internal/modules/cjs/loader:1028:15)
    at Function.Module._load (node:internal/modules/cjs/loader:873:27)
    at Function.executeUserEntryPoint [as runMain] (node:internal/modules/run_main:81:12)
    at node:internal/main/run_main_module:22:47 {
  code: 'MODULE_NOT_FOUND',
  requireStack: []
}
[2025-07-07T03:57:36.702Z] lib/data-backup.js clean failed with exit code 1
[2025-07-07T03:57:36.703Z] Running lib/import-historical-move-data.js...
[2025-07-07T03:57:36.731Z] [lib/import-historical-move-data.js] ERROR: node:internal/modules/cjs/loader:1031
  throw err;
  ^

Error: Cannot find module '/home/runner/work/liquiditydashboard/liquiditydashboard/web/lib/import-historical-move-data.js'
    at Function.Module._resolveFilename (node:internal/modules/cjs/loader:1028:15)
    at Function.Module._load (node:internal/modules/cjs/loader:873:27)
    at Function.executeUserEntryPoint [as runMain] (node:internal/modules/run_main:81:12)
    at node:internal/main/run_main_module:22:47 {
  code: 'MODULE_NOT_FOUND',
  requireStack: []
}
[2025-07-07T03:57:36.733Z] lib/import-historical-move-data.js failed with exit code 1
[2025-07-07T03:57:36.733Z] Running lib/fetch-move-data.js...
[2025-07-07T03:57:36.762Z] [lib/fetch-move-data.js] ERROR: node:internal/modules/cjs/loader:1031
  throw err;
  ^

Error: Cannot find module '/home/runner/work/liquiditydashboard/liquiditydashboard/web/lib/fetch-move-data.js'
    at Function.Module._resolveFilename (node:internal/modules/cjs/loader:1028:15)
    at Function.Module._load (node:internal/modules/cjs/loader:873:27)
    at Function.executeUserEntryPoint [as runMain] (node:internal/modules/run_main:81:12)
    at node:internal/main/run_main_module:22:47 {
  code: 'MODULE_NOT_FOUND',
  requireStack: []
}
[2025-07-07T03:57:36.764Z] lib/fetch-move-data.js failed with exit code 1
[2025-07-07T03:57:36.764Z] Running lib/fetch-srf-data.js...
[2025-07-07T03:57:36.793Z] [lib/fetch-srf-data.js] ERROR: node:internal/modules/cjs/loader:1031
  throw err;
  ^

Error: Cannot find module '/home/runner/work/liquiditydashboard/liquiditydashboard/web/lib/fetch-srf-data.js'
    at Function.Module._resolveFilename (node:internal/modules/cjs/loader:1028:15)
    at Function.Module._load (node:internal/modules/cjs/loader:873:27)
    at Function.executeUserEntryPoint [as runMain] (node:internal/modules/run_main:81:12)
    at node:internal/main/run_main_module:22:47 {
  code: 'MODULE_NOT_FOUND',
  requireStack: []
}
[2025-07-07T03:57:36.796Z] lib/fetch-srf-data.js failed with exit code 1
[2025-07-07T03:57:36.796Z] Running lib/fetch-bill-share-data.js...
[2025-07-07T03:57:36.825Z] [lib/fetch-bill-share-data.js] ERROR: node:internal/modules/cjs/loader:1031
  throw err;
  ^

Error: Cannot find module '/home/runner/work/liquiditydashboard/liquiditydashboard/web/lib/fetch-bill-share-data.js'
    at Function.Module._resolveFilename (node:internal/modules/cjs/loader:1028:15)
    at Function.Module._load (node:internal/modules/cjs/loader:873:27)
    at Function.executeUserEntryPoint [as runMain] (node:internal/modules/run_main:81:12)
    at node:internal/main/run_main_module:22:47 {
  code: 'MODULE_NOT_FOUND',
  requireStack: []
}
[2025-07-07T03:57:36.827Z] lib/fetch-bill-share-data.js failed with exit code 1
[2025-07-07T03:57:36.827Z] Running lib/cleanup-future-dates.js...
[2025-07-07T03:57:36.901Z] [lib/cleanup-future-dates.js] Starting data cleanup process...
[2025-07-07T03:57:37.152Z] [lib/cleanup-future-dates.js] Using WorldTimeAPI date: 2025-07-07T03:57:37.136449+00:00
[2025-07-07T03:57:37.153Z] [lib/cleanup-future-dates.js] Using reference date: 2025-7-7
[2025-07-07T03:57:37.153Z] [lib/cleanup-future-dates.js] Processing MOVE index data (/home/runner/work/liquiditydashboard/liquiditydashboard/web/public/series/move.json)...
[2025-07-07T03:57:37.153Z] [lib/cleanup-future-dates.js] Loaded 111 MOVE index data points
[2025-07-07T03:57:37.153Z] [lib/cleanup-future-dates.js] No future-dated entries found in MOVE index data
[2025-07-07T03:57:37.154Z] [lib/cleanup-future-dates.js] Processing SRF data (/home/runner/work/liquiditydashboard/liquiditydashboard/web/public/series/srf.json)...
[2025-07-07T03:57:37.154Z] [lib/cleanup-future-dates.js] Loaded 1017 SRF data points
[2025-07-07T03:57:37.155Z] [lib/cleanup-future-dates.js] No future-dated entries found in SRF data
[2025-07-07T03:57:37.155Z] [lib/cleanup-future-dates.js] Processing Treasury bill share data (/home/runner/work/liquiditydashboard/liquiditydashboard/web/public/series/bill-share.json)...
[2025-07-07T03:57:37.155Z] [lib/cleanup-future-dates.js] Loaded 282 Treasury bill share data points
[2025-07-07T03:57:37.156Z] [lib/cleanup-future-dates.js] No future-dated entries found in Treasury bill share data
[2025-07-07T03:57:37.156Z] [lib/cleanup-future-dates.js] Cleanup complete! Removed 0 future-dated entries in total.
Data cleanup completed with no changes needed
[2025-07-07T03:57:37.159Z] lib/cleanup-future-dates.js completed successfully
[2025-07-07T03:57:37.159Z] Running lib/validate-data.js...
[2025-07-07T03:57:37.233Z] [lib/validate-data.js] Running data validation...
[2025-07-07T03:57:37.234Z] [lib/validate-data.js] Validating MOVE index data...
[2025-07-07T03:57:37.234Z] [lib/validate-data.js] Found 111 MOVE data points
[2025-07-07T03:57:37.253Z] [lib/validate-data.js] WorldTimeAPI failed, trying alternative source
[2025-07-07T03:57:37.858Z] [lib/validate-data.js] Using TimeAPI date: 2025-07-07T03:57:37.8018302
[2025-07-07T03:57:37.858Z] [lib/validate-data.js] Using reference date: 2025-7-7
[2025-07-07T03:57:37.859Z] [lib/validate-data.js] MOVE index data validation passed ✓
[2025-07-07T03:57:37.859Z] [lib/validate-data.js] Validating SRF data...
[2025-07-07T03:57:37.860Z] [lib/validate-data.js] Found 1017 SRF data points
[2025-07-07T03:57:38.067Z] [lib/validate-data.js] Using WorldTimeAPI date: 2025-07-07T03:57:38.056037+00:00
[2025-07-07T03:57:38.068Z] [lib/validate-data.js] SRF data validation passed ✓
[2025-07-07T03:57:38.068Z] [lib/validate-data.js] Validating Treasury funding data...
[2025-07-07T03:57:38.069Z] [lib/validate-data.js] Found 282 Treasury funding data points
[2025-07-07T03:57:38.069Z] [lib/validate-data.js] Treasury funding data validation passed ✓
[2025-07-07T03:57:38.069Z] [lib/validate-data.js] All data validation passed ✓
[2025-07-07T03:57:38.072Z] lib/validate-data.js completed successfully
[2025-07-07T03:57:38.073Z] Dashboard update process completed successfully
