[2026-06-01T08:40:26.680Z] Starting Liquidity Dashboard update process
[2026-06-01T08:40:26.682Z] Running lib/data-backup.js...
[2026-06-01T08:40:26.714Z] [lib/data-backup.js] ERROR: node:internal/modules/cjs/loader:1031
  throw err;
  ^

Error: Cannot find module '/home/runner/work/liquiditydashboard/liquiditydashboard/web/lib/data-backup.js'
    at Function.Module._resolveFilename (node:internal/modules/cjs/loader:1028:15)
    at Function.Module._load (node:internal/modules/cjs/loader:873:27)
    at Function.executeUserEntryPoint [as runMain] (node:internal/modules/run_main:81:12)
    at node:internal/main/run_main_module:22:47 {
  code: 'MODULE_NOT_FOUND',
  requireStack: []
}
[2026-06-01T08:40:26.717Z] lib/data-backup.js failed with exit code 1
[2026-06-01T08:40:26.717Z] Running lib/data-backup.js clean...
[2026-06-01T08:40:26.748Z] [lib/data-backup.js clean] ERROR: node:internal/modules/cjs/loader:1031
  throw err;
  ^

Error: Cannot find module '/home/runner/work/liquiditydashboard/liquiditydashboard/web/lib/data-backup.js'
    at Function.Module._resolveFilename (node:internal/modules/cjs/loader:1028:15)
    at Function.Module._load (node:internal/modules/cjs/loader:873:27)
    at Function.executeUserEntryPoint [as runMain] (node:internal/modules/run_main:81:12)
    at node:internal/main/run_main_module:22:47 {
  code: 'MODULE_NOT_FOUND',
  requireStack: []
}
[2026-06-01T08:40:26.750Z] lib/data-backup.js clean failed with exit code 1
[2026-06-01T08:40:26.750Z] Running lib/import-historical-move-data.js...
[2026-06-01T08:40:26.781Z] [lib/import-historical-move-data.js] ERROR: node:internal/modules/cjs/loader:1031
  throw err;
  ^

Error: Cannot find module '/home/runner/work/liquiditydashboard/liquiditydashboard/web/lib/import-historical-move-data.js'
    at Function.Module._resolveFilename (node:internal/modules/cjs/loader:1028:15)
    at Function.Module._load (node:internal/modules/cjs/loader:873:27)
    at Function.executeUserEntryPoint [as runMain] (node:internal/modules/run_main:81:12)
    at node:internal/main/run_main_module:22:47 {
  code: 'MODULE_NOT_FOUND',
  requireStack: []
}
[2026-06-01T08:40:26.782Z] lib/import-historical-move-data.js failed with exit code 1
[2026-06-01T08:40:26.783Z] Running lib/fetch-move-data.js...
[2026-06-01T08:40:26.813Z] [lib/fetch-move-data.js] ERROR: node:internal/modules/cjs/loader:1031
  throw err;
  ^

Error: Cannot find module '/home/runner/work/liquiditydashboard/liquiditydashboard/web/lib/fetch-move-data.js'
    at Function.Module._resolveFilename (node:internal/modules/cjs/loader:1028:15)
    at Function.Module._load (node:internal/modules/cjs/loader:873:27)
    at Function.executeUserEntryPoint [as runMain] (node:internal/modules/run_main:81:12)
    at node:internal/main/run_main_module:22:47 {
  code: 'MODULE_NOT_FOUND',
  requireStack: []
}
[2026-06-01T08:40:26.814Z] lib/fetch-move-data.js failed with exit code 1
[2026-06-01T08:40:26.815Z] Running lib/fetch-srf-data.js...
[2026-06-01T08:40:26.849Z] [lib/fetch-srf-data.js] ERROR: node:internal/modules/cjs/loader:1031
  throw err;
  ^

Error: Cannot find module '/home/runner/work/liquiditydashboard/liquiditydashboard/web/lib/fetch-srf-data.js'
    at Function.Module._resolveFilename (node:internal/modules/cjs/loader:1028:15)
    at Function.Module._load (node:internal/modules/cjs/loader:873:27)
    at Function.executeUserEntryPoint [as runMain] (node:internal/modules/run_main:81:12)
    at node:internal/main/run_main_module:22:47 {
  code: 'MODULE_NOT_FOUND',
  requireStack: []
}
[2026-06-01T08:40:26.851Z] lib/fetch-srf-data.js failed with exit code 1
[2026-06-01T08:40:26.851Z] Running lib/fetch-bill-share-data.js...
[2026-06-01T08:40:26.881Z] [lib/fetch-bill-share-data.js] ERROR: node:internal/modules/cjs/loader:1031
  throw err;
  ^

Error: Cannot find module '/home/runner/work/liquiditydashboard/liquiditydashboard/web/lib/fetch-bill-share-data.js'
    at Function.Module._resolveFilename (node:internal/modules/cjs/loader:1028:15)
    at Function.Module._load (node:internal/modules/cjs/loader:873:27)
    at Function.executeUserEntryPoint [as runMain] (node:internal/modules/run_main:81:12)
    at node:internal/main/run_main_module:22:47 {
  code: 'MODULE_NOT_FOUND',
  requireStack: []
}
[2026-06-01T08:40:26.883Z] lib/fetch-bill-share-data.js failed with exit code 1
[2026-06-01T08:40:26.883Z] Running lib/cleanup-future-dates.js...
[2026-06-01T08:40:26.968Z] [lib/cleanup-future-dates.js] Starting data cleanup process...
[2026-06-01T08:40:27.164Z] [lib/cleanup-future-dates.js] WorldTimeAPI failed, trying alternative source
[2026-06-01T08:40:27.617Z] [lib/cleanup-future-dates.js] Using TimeAPI date: 2026-06-01T08:40:30.6476294
[2026-06-01T08:40:27.617Z] [lib/cleanup-future-dates.js] Using reference date: 2026-6-1
[2026-06-01T08:40:27.617Z] [lib/cleanup-future-dates.js] Processing MOVE index data (/home/runner/work/liquiditydashboard/liquiditydashboard/web/public/series/move.json)...
[2026-06-01T08:40:27.617Z] [lib/cleanup-future-dates.js] Loaded 111 MOVE index data points
[2026-06-01T08:40:27.618Z] [lib/cleanup-future-dates.js] No future-dated entries found in MOVE index data
[2026-06-01T08:40:27.618Z] [lib/cleanup-future-dates.js] Processing SRF data (/home/runner/work/liquiditydashboard/liquiditydashboard/web/public/series/srf.json)...
[2026-06-01T08:40:27.618Z] [lib/cleanup-future-dates.js] Loaded 1017 SRF data points
[2026-06-01T08:40:27.619Z] [lib/cleanup-future-dates.js] No future-dated entries found in SRF data
[2026-06-01T08:40:27.619Z] [lib/cleanup-future-dates.js] Processing Treasury bill share data (/home/runner/work/liquiditydashboard/liquiditydashboard/web/public/series/bill-share.json)...
[2026-06-01T08:40:27.619Z] [lib/cleanup-future-dates.js] Loaded 282 Treasury bill share data points
[2026-06-01T08:40:27.620Z] [lib/cleanup-future-dates.js] No future-dated entries found in Treasury bill share data
[2026-06-01T08:40:27.620Z] [lib/cleanup-future-dates.js] Cleanup complete! Removed 0 future-dated entries in total.
Data cleanup completed with no changes needed
[2026-06-01T08:40:27.623Z] lib/cleanup-future-dates.js completed successfully
[2026-06-01T08:40:27.623Z] Running lib/validate-data.js...
[2026-06-01T08:40:27.705Z] [lib/validate-data.js] Running data validation...
[2026-06-01T08:40:27.705Z] [lib/validate-data.js] Validating MOVE index data...
[2026-06-01T08:40:27.706Z] [lib/validate-data.js] Found 111 MOVE data points
[2026-06-01T08:40:27.841Z] [lib/validate-data.js] WorldTimeAPI failed, trying alternative source
[2026-06-01T08:40:28.281Z] [lib/validate-data.js] Using TimeAPI date: 2026-06-01T08:40:31.3124058
[2026-06-01T08:40:28.281Z] [lib/validate-data.js] Using reference date: 2026-6-1
[2026-06-01T08:40:28.281Z] [lib/validate-data.js] MOVE index data validation passed ✓
[2026-06-01T08:40:28.282Z] [lib/validate-data.js] Validating SRF data...
[2026-06-01T08:40:28.282Z] [lib/validate-data.js] Found 1017 SRF data points
[2026-06-01T08:40:28.363Z] [lib/validate-data.js] WorldTimeAPI failed, trying alternative source
[2026-06-01T08:40:28.775Z] [lib/validate-data.js] Using TimeAPI date: 2026-06-01T08:40:31.8170841
[2026-06-01T08:40:28.777Z] [lib/validate-data.js] SRF data validation passed ✓
[2026-06-01T08:40:28.778Z] [lib/validate-data.js] Validating Treasury funding data...
[2026-06-01T08:40:28.778Z] [lib/validate-data.js] Found 282 Treasury funding data points
[2026-06-01T08:40:28.778Z] [lib/validate-data.js] Treasury funding data validation passed ✓
[2026-06-01T08:40:28.778Z] [lib/validate-data.js] All data validation passed ✓
[2026-06-01T08:40:28.781Z] lib/validate-data.js completed successfully
[2026-06-01T08:40:28.781Z] Dashboard update process completed successfully
