[2025-06-27T03:52:12.271Z] Starting Liquidity Dashboard update process
[2025-06-27T03:52:12.273Z] Running lib/data-backup.js...
[2025-06-27T03:52:12.302Z] [lib/data-backup.js] ERROR: node:internal/modules/cjs/loader:1031
  throw err;
  ^

Error: Cannot find module '/home/runner/work/liquiditydashboard/liquiditydashboard/web/lib/data-backup.js'
    at Function.Module._resolveFilename (node:internal/modules/cjs/loader:1028:15)
    at Function.Module._load (node:internal/modules/cjs/loader:873:27)
    at Function.executeUserEntryPoint [as runMain] (node:internal/modules/run_main:81:12)
    at node:internal/main/run_main_module:22:47 {
  code: 'MODULE_NOT_FOUND',
  requireStack: []
}
[2025-06-27T03:52:12.305Z] lib/data-backup.js failed with exit code 1
[2025-06-27T03:52:12.305Z] Running lib/data-backup.js clean...
[2025-06-27T03:52:12.333Z] [lib/data-backup.js clean] ERROR: node:internal/modules/cjs/loader:1031
  throw err;
  ^

Error: Cannot find module '/home/runner/work/liquiditydashboard/liquiditydashboard/web/lib/data-backup.js'
    at Function.Module._resolveFilename (node:internal/modules/cjs/loader:1028:15)
    at Function.Module._load (node:internal/modules/cjs/loader:873:27)
    at Function.executeUserEntryPoint [as runMain] (node:internal/modules/run_main:81:12)
    at node:internal/main/run_main_module:22:47 {
  code: 'MODULE_NOT_FOUND',
  requireStack: []
}
[2025-06-27T03:52:12.335Z] lib/data-backup.js clean failed with exit code 1
[2025-06-27T03:52:12.336Z] Running lib/import-historical-move-data.js...
[2025-06-27T03:52:12.363Z] [lib/import-historical-move-data.js] ERROR: node:internal/modules/cjs/loader:1031
  throw err;
  ^

Error: Cannot find module '/home/runner/work/liquiditydashboard/liquiditydashboard/web/lib/import-historical-move-data.js'
    at Function.Module._resolveFilename (node:internal/modules/cjs/loader:1028:15)
    at Function.Module._load (node:internal/modules/cjs/loader:873:27)
    at Function.executeUserEntryPoint [as runMain] (node:internal/modules/run_main:81:12)
    at node:internal/main/run_main_module:22:47 {
  code: 'MODULE_NOT_FOUND',
  requireStack: []
}
[2025-06-27T03:52:12.365Z] lib/import-historical-move-data.js failed with exit code 1
[2025-06-27T03:52:12.365Z] Running lib/fetch-move-data.js...
[2025-06-27T03:52:12.392Z] [lib/fetch-move-data.js] ERROR: node:internal/modules/cjs/loader:1031
  throw err;
  ^

Error: Cannot find module '/home/runner/work/liquiditydashboard/liquiditydashboard/web/lib/fetch-move-data.js'
    at Function.Module._resolveFilename (node:internal/modules/cjs/loader:1028:15)
    at Function.Module._load (node:internal/modules/cjs/loader:873:27)
    at Function.executeUserEntryPoint [as runMain] (node:internal/modules/run_main:81:12)
    at node:internal/main/run_main_module:22:47 {
  code: 'MODULE_NOT_FOUND',
  requireStack: []
}
[2025-06-27T03:52:12.395Z] lib/fetch-move-data.js failed with exit code 1
[2025-06-27T03:52:12.395Z] Running lib/fetch-srf-data.js...
[2025-06-27T03:52:12.422Z] [lib/fetch-srf-data.js] ERROR: node:internal/modules/cjs/loader:1031
  throw err;
  ^

Error: Cannot find module '/home/runner/work/liquiditydashboard/liquiditydashboard/web/lib/fetch-srf-data.js'
    at Function.Module._resolveFilename (node:internal/modules/cjs/loader:1028:15)
    at Function.Module._load (node:internal/modules/cjs/loader:873:27)
    at Function.executeUserEntryPoint [as runMain] (node:internal/modules/run_main:81:12)
    at node:internal/main/run_main_module:22:47 {
  code: 'MODULE_NOT_FOUND',
  requireStack: []
}
[2025-06-27T03:52:12.425Z] lib/fetch-srf-data.js failed with exit code 1
[2025-06-27T03:52:12.425Z] Running lib/fetch-bill-share-data.js...
[2025-06-27T03:52:12.453Z] [lib/fetch-bill-share-data.js] ERROR: node:internal/modules/cjs/loader:1031
  throw err;
  ^

Error: Cannot find module '/home/runner/work/liquiditydashboard/liquiditydashboard/web/lib/fetch-bill-share-data.js'
    at Function.Module._resolveFilename (node:internal/modules/cjs/loader:1028:15)
    at Function.Module._load (node:internal/modules/cjs/loader:873:27)
    at Function.executeUserEntryPoint [as runMain] (node:internal/modules/run_main:81:12)
    at node:internal/main/run_main_module:22:47 {
  code: 'MODULE_NOT_FOUND',
  requireStack: []
}
[2025-06-27T03:52:12.455Z] lib/fetch-bill-share-data.js failed with exit code 1
[2025-06-27T03:52:12.455Z] Running lib/cleanup-future-dates.js...
[2025-06-27T03:52:12.528Z] [lib/cleanup-future-dates.js] Starting data cleanup process...
[2025-06-27T03:52:12.711Z] [lib/cleanup-future-dates.js] WorldTimeAPI failed, trying alternative source
[2025-06-27T03:52:13.113Z] [lib/cleanup-future-dates.js] Using TimeAPI date: 2025-06-27T03:52:13.0482222
[2025-06-27T03:52:13.114Z] [lib/cleanup-future-dates.js] Using reference date: 2025-6-27
[2025-06-27T03:52:13.114Z] [lib/cleanup-future-dates.js] Processing MOVE index data (/home/runner/work/liquiditydashboard/liquiditydashboard/web/public/series/move.json)...
[2025-06-27T03:52:13.114Z] [lib/cleanup-future-dates.js] Loaded 111 MOVE index data points
[2025-06-27T03:52:13.114Z] [lib/cleanup-future-dates.js] No future-dated entries found in MOVE index data
[2025-06-27T03:52:13.115Z] [lib/cleanup-future-dates.js] Processing SRF data (/home/runner/work/liquiditydashboard/liquiditydashboard/web/public/series/srf.json)...
[2025-06-27T03:52:13.115Z] [lib/cleanup-future-dates.js] Loaded 1017 SRF data points
[2025-06-27T03:52:13.116Z] [lib/cleanup-future-dates.js] No future-dated entries found in SRF data
[2025-06-27T03:52:13.116Z] [lib/cleanup-future-dates.js] Processing Treasury bill share data (/home/runner/work/liquiditydashboard/liquiditydashboard/web/public/series/bill-share.json)...
[2025-06-27T03:52:13.116Z] [lib/cleanup-future-dates.js] Loaded 282 Treasury bill share data points
[2025-06-27T03:52:13.117Z] [lib/cleanup-future-dates.js] No future-dated entries found in Treasury bill share data
[2025-06-27T03:52:13.117Z] [lib/cleanup-future-dates.js] Cleanup complete! Removed 0 future-dated entries in total.
Data cleanup completed with no changes needed
[2025-06-27T03:52:13.120Z] lib/cleanup-future-dates.js completed successfully
[2025-06-27T03:52:13.120Z] Running lib/validate-data.js...
[2025-06-27T03:52:13.194Z] [lib/validate-data.js] Running data validation...
[2025-06-27T03:52:13.194Z] [lib/validate-data.js] Validating MOVE index data...
[2025-06-27T03:52:13.195Z] [lib/validate-data.js] Found 111 MOVE data points
[2025-06-27T03:52:13.393Z] [lib/validate-data.js] Using WorldTimeAPI date: 2025-06-27T03:52:13.375349+00:00
[2025-06-27T03:52:13.394Z] [lib/validate-data.js] Using reference date: 2025-6-27
[2025-06-27T03:52:13.394Z] [lib/validate-data.js] MOVE index data validation passed ✓
[2025-06-27T03:52:13.394Z] [lib/validate-data.js] Validating SRF data...
[2025-06-27T03:52:13.395Z] [lib/validate-data.js] Found 1017 SRF data points
[2025-06-27T03:52:13.933Z] [lib/validate-data.js] Using WorldTimeAPI date: 2025-06-27T03:52:13.842802+00:00
[2025-06-27T03:52:13.935Z] [lib/validate-data.js] SRF data validation passed ✓
[2025-06-27T03:52:13.935Z] [lib/validate-data.js] Validating Treasury funding data...
[2025-06-27T03:52:13.936Z] [lib/validate-data.js] Found 282 Treasury funding data points
[2025-06-27T03:52:13.936Z] [lib/validate-data.js] Treasury funding data validation passed ✓
[2025-06-27T03:52:13.936Z] [lib/validate-data.js] All data validation passed ✓
[2025-06-27T03:52:13.939Z] lib/validate-data.js completed successfully
[2025-06-27T03:52:13.939Z] Dashboard update process completed successfully
