[2026-05-18T07:01:21.168Z] Starting Liquidity Dashboard update process
[2026-05-18T07:01:21.170Z] Running lib/data-backup.js...
[2026-05-18T07:01:21.200Z] [lib/data-backup.js] ERROR: node:internal/modules/cjs/loader:1031
  throw err;
  ^

Error: Cannot find module '/home/runner/work/liquiditydashboard/liquiditydashboard/web/lib/data-backup.js'
    at Function.Module._resolveFilename (node:internal/modules/cjs/loader:1028:15)
    at Function.Module._load (node:internal/modules/cjs/loader:873:27)
    at Function.executeUserEntryPoint [as runMain] (node:internal/modules/run_main:81:12)
    at node:internal/main/run_main_module:22:47 {
  code: 'MODULE_NOT_FOUND',
  requireStack: []
}
[2026-05-18T07:01:21.202Z] lib/data-backup.js failed with exit code 1
[2026-05-18T07:01:21.203Z] Running lib/data-backup.js clean...
[2026-05-18T07:01:21.232Z] [lib/data-backup.js clean] ERROR: node:internal/modules/cjs/loader:1031
  throw err;
  ^

Error: Cannot find module '/home/runner/work/liquiditydashboard/liquiditydashboard/web/lib/data-backup.js'
    at Function.Module._resolveFilename (node:internal/modules/cjs/loader:1028:15)
    at Function.Module._load (node:internal/modules/cjs/loader:873:27)
    at Function.executeUserEntryPoint [as runMain] (node:internal/modules/run_main:81:12)
    at node:internal/main/run_main_module:22:47 {
  code: 'MODULE_NOT_FOUND',
  requireStack: []
}
[2026-05-18T07:01:21.233Z] lib/data-backup.js clean failed with exit code 1
[2026-05-18T07:01:21.233Z] Running lib/import-historical-move-data.js...
[2026-05-18T07:01:21.262Z] [lib/import-historical-move-data.js] ERROR: node:internal/modules/cjs/loader:1031
  throw err;
  ^

Error: Cannot find module '/home/runner/work/liquiditydashboard/liquiditydashboard/web/lib/import-historical-move-data.js'
    at Function.Module._resolveFilename (node:internal/modules/cjs/loader:1028:15)
    at Function.Module._load (node:internal/modules/cjs/loader:873:27)
    at Function.executeUserEntryPoint [as runMain] (node:internal/modules/run_main:81:12)
    at node:internal/main/run_main_module:22:47 {
  code: 'MODULE_NOT_FOUND',
  requireStack: []
}
[2026-05-18T07:01:21.264Z] lib/import-historical-move-data.js failed with exit code 1
[2026-05-18T07:01:21.264Z] Running lib/fetch-move-data.js...
[2026-05-18T07:01:21.294Z] [lib/fetch-move-data.js] ERROR: node:internal/modules/cjs/loader:1031
  throw err;
  ^

Error: Cannot find module '/home/runner/work/liquiditydashboard/liquiditydashboard/web/lib/fetch-move-data.js'
    at Function.Module._resolveFilename (node:internal/modules/cjs/loader:1028:15)
    at Function.Module._load (node:internal/modules/cjs/loader:873:27)
    at Function.executeUserEntryPoint [as runMain] (node:internal/modules/run_main:81:12)
    at node:internal/main/run_main_module:22:47 {
  code: 'MODULE_NOT_FOUND',
  requireStack: []
}
[2026-05-18T07:01:21.295Z] lib/fetch-move-data.js failed with exit code 1
[2026-05-18T07:01:21.295Z] Running lib/fetch-srf-data.js...
[2026-05-18T07:01:21.325Z] [lib/fetch-srf-data.js] ERROR: node:internal/modules/cjs/loader:1031
  throw err;
  ^

Error: Cannot find module '/home/runner/work/liquiditydashboard/liquiditydashboard/web/lib/fetch-srf-data.js'
    at Function.Module._resolveFilename (node:internal/modules/cjs/loader:1028:15)
    at Function.Module._load (node:internal/modules/cjs/loader:873:27)
    at Function.executeUserEntryPoint [as runMain] (node:internal/modules/run_main:81:12)
    at node:internal/main/run_main_module:22:47 {
  code: 'MODULE_NOT_FOUND',
  requireStack: []
}
[2026-05-18T07:01:21.327Z] lib/fetch-srf-data.js failed with exit code 1
[2026-05-18T07:01:21.327Z] Running lib/fetch-bill-share-data.js...
[2026-05-18T07:01:21.357Z] [lib/fetch-bill-share-data.js] ERROR: node:internal/modules/cjs/loader:1031
  throw err;
  ^

Error: Cannot find module '/home/runner/work/liquiditydashboard/liquiditydashboard/web/lib/fetch-bill-share-data.js'
    at Function.Module._resolveFilename (node:internal/modules/cjs/loader:1028:15)
    at Function.Module._load (node:internal/modules/cjs/loader:873:27)
    at Function.executeUserEntryPoint [as runMain] (node:internal/modules/run_main:81:12)
    at node:internal/main/run_main_module:22:47 {
  code: 'MODULE_NOT_FOUND',
  requireStack: []
}
[2026-05-18T07:01:21.359Z] lib/fetch-bill-share-data.js failed with exit code 1
[2026-05-18T07:01:21.359Z] Running lib/cleanup-future-dates.js...
[2026-05-18T07:01:21.444Z] [lib/cleanup-future-dates.js] Starting data cleanup process...
[2026-05-18T07:01:21.575Z] [lib/cleanup-future-dates.js] WorldTimeAPI failed, trying alternative source
[2026-05-18T07:01:22.290Z] [lib/cleanup-future-dates.js] Using TimeAPI date: 2026-05-18T07:01:21.5328977
[2026-05-18T07:01:22.290Z] [lib/cleanup-future-dates.js] Using reference date: 2026-5-18
[2026-05-18T07:01:22.290Z] [lib/cleanup-future-dates.js] Processing MOVE index data (/home/runner/work/liquiditydashboard/liquiditydashboard/web/public/series/move.json)...
[2026-05-18T07:01:22.290Z] [lib/cleanup-future-dates.js] Loaded 111 MOVE index data points
[2026-05-18T07:01:22.291Z] [lib/cleanup-future-dates.js] No future-dated entries found in MOVE index data
[2026-05-18T07:01:22.291Z] [lib/cleanup-future-dates.js] Processing SRF data (/home/runner/work/liquiditydashboard/liquiditydashboard/web/public/series/srf.json)...
[2026-05-18T07:01:22.291Z] [lib/cleanup-future-dates.js] Loaded 1017 SRF data points
[2026-05-18T07:01:22.292Z] [lib/cleanup-future-dates.js] No future-dated entries found in SRF data
[2026-05-18T07:01:22.293Z] [lib/cleanup-future-dates.js] Processing Treasury bill share data (/home/runner/work/liquiditydashboard/liquiditydashboard/web/public/series/bill-share.json)...
[2026-05-18T07:01:22.293Z] [lib/cleanup-future-dates.js] Loaded 282 Treasury bill share data points
[2026-05-18T07:01:22.293Z] [lib/cleanup-future-dates.js] No future-dated entries found in Treasury bill share data
[2026-05-18T07:01:22.294Z] [lib/cleanup-future-dates.js] Cleanup complete! Removed 0 future-dated entries in total.
Data cleanup completed with no changes needed
[2026-05-18T07:01:22.296Z] lib/cleanup-future-dates.js completed successfully
[2026-05-18T07:01:22.296Z] Running lib/validate-data.js...
[2026-05-18T07:01:22.380Z] [lib/validate-data.js] Running data validation...
[2026-05-18T07:01:22.381Z] [lib/validate-data.js] Validating MOVE index data...
[2026-05-18T07:01:22.381Z] [lib/validate-data.js] Found 111 MOVE data points
[2026-05-18T07:01:22.523Z] [lib/validate-data.js] WorldTimeAPI failed, trying alternative source
[2026-05-18T07:01:23.234Z] [lib/validate-data.js] Using TimeAPI date: 2026-05-18T07:01:22.4802454
[2026-05-18T07:01:23.234Z] [lib/validate-data.js] Using reference date: 2026-5-18
[2026-05-18T07:01:23.235Z] [lib/validate-data.js] MOVE index data validation passed ✓
[2026-05-18T07:01:23.235Z] [lib/validate-data.js] Validating SRF data...
[2026-05-18T07:01:23.236Z] [lib/validate-data.js] Found 1017 SRF data points
[2026-05-18T07:01:23.354Z] [lib/validate-data.js] WorldTimeAPI failed, trying alternative source
[2026-05-18T07:01:24.058Z] [lib/validate-data.js] Using TimeAPI date: 2026-05-18T07:01:23.304811
[2026-05-18T07:01:24.060Z] [lib/validate-data.js] SRF data validation passed ✓
[2026-05-18T07:01:24.061Z] [lib/validate-data.js] Validating Treasury funding data...
[2026-05-18T07:01:24.061Z] [lib/validate-data.js] Found 282 Treasury funding data points
[2026-05-18T07:01:24.061Z] [lib/validate-data.js] Treasury funding data validation passed ✓
[2026-05-18T07:01:24.061Z] [lib/validate-data.js] All data validation passed ✓
[2026-05-18T07:01:24.064Z] lib/validate-data.js completed successfully
[2026-05-18T07:01:24.064Z] Dashboard update process completed successfully
