[2025-08-04T04:19:29.401Z] Starting Liquidity Dashboard update process
[2025-08-04T04:19:29.403Z] Running lib/data-backup.js...
[2025-08-04T04:19:29.432Z] [lib/data-backup.js] ERROR: node:internal/modules/cjs/loader:1031
  throw err;
  ^

Error: Cannot find module '/home/runner/work/liquiditydashboard/liquiditydashboard/web/lib/data-backup.js'
    at Function.Module._resolveFilename (node:internal/modules/cjs/loader:1028:15)
    at Function.Module._load (node:internal/modules/cjs/loader:873:27)
    at Function.executeUserEntryPoint [as runMain] (node:internal/modules/run_main:81:12)
    at node:internal/main/run_main_module:22:47 {
  code: 'MODULE_NOT_FOUND',
  requireStack: []
}
[2025-08-04T04:19:29.434Z] lib/data-backup.js failed with exit code 1
[2025-08-04T04:19:29.435Z] Running lib/data-backup.js clean...
[2025-08-04T04:19:29.463Z] [lib/data-backup.js clean] ERROR: node:internal/modules/cjs/loader:1031
  throw err;
  ^

Error: Cannot find module '/home/runner/work/liquiditydashboard/liquiditydashboard/web/lib/data-backup.js'
    at Function.Module._resolveFilename (node:internal/modules/cjs/loader:1028:15)
    at Function.Module._load (node:internal/modules/cjs/loader:873:27)
    at Function.executeUserEntryPoint [as runMain] (node:internal/modules/run_main:81:12)
    at node:internal/main/run_main_module:22:47 {
  code: 'MODULE_NOT_FOUND',
  requireStack: []
}
[2025-08-04T04:19:29.465Z] lib/data-backup.js clean failed with exit code 1
[2025-08-04T04:19:29.465Z] Running lib/import-historical-move-data.js...
[2025-08-04T04:19:29.493Z] [lib/import-historical-move-data.js] ERROR: node:internal/modules/cjs/loader:1031
  throw err;
  ^

Error: Cannot find module '/home/runner/work/liquiditydashboard/liquiditydashboard/web/lib/import-historical-move-data.js'
    at Function.Module._resolveFilename (node:internal/modules/cjs/loader:1028:15)
    at Function.Module._load (node:internal/modules/cjs/loader:873:27)
    at Function.executeUserEntryPoint [as runMain] (node:internal/modules/run_main:81:12)
    at node:internal/main/run_main_module:22:47 {
  code: 'MODULE_NOT_FOUND',
  requireStack: []
}
[2025-08-04T04:19:29.495Z] lib/import-historical-move-data.js failed with exit code 1
[2025-08-04T04:19:29.495Z] Running lib/fetch-move-data.js...
[2025-08-04T04:19:29.523Z] [lib/fetch-move-data.js] ERROR: node:internal/modules/cjs/loader:1031
  throw err;
  ^

Error: Cannot find module '/home/runner/work/liquiditydashboard/liquiditydashboard/web/lib/fetch-move-data.js'
    at Function.Module._resolveFilename (node:internal/modules/cjs/loader:1028:15)
    at Function.Module._load (node:internal/modules/cjs/loader:873:27)
    at Function.executeUserEntryPoint [as runMain] (node:internal/modules/run_main:81:12)
    at node:internal/main/run_main_module:22:47 {
  code: 'MODULE_NOT_FOUND',
  requireStack: []
}
[2025-08-04T04:19:29.525Z] lib/fetch-move-data.js failed with exit code 1
[2025-08-04T04:19:29.525Z] Running lib/fetch-srf-data.js...
[2025-08-04T04:19:29.554Z] [lib/fetch-srf-data.js] ERROR: node:internal/modules/cjs/loader:1031
  throw err;
  ^

Error: Cannot find module '/home/runner/work/liquiditydashboard/liquiditydashboard/web/lib/fetch-srf-data.js'
    at Function.Module._resolveFilename (node:internal/modules/cjs/loader:1028:15)
    at Function.Module._load (node:internal/modules/cjs/loader:873:27)
    at Function.executeUserEntryPoint [as runMain] (node:internal/modules/run_main:81:12)
    at node:internal/main/run_main_module:22:47 {
  code: 'MODULE_NOT_FOUND',
  requireStack: []
}
[2025-08-04T04:19:29.556Z] lib/fetch-srf-data.js failed with exit code 1
[2025-08-04T04:19:29.556Z] Running lib/fetch-bill-share-data.js...
[2025-08-04T04:19:29.584Z] [lib/fetch-bill-share-data.js] ERROR: node:internal/modules/cjs/loader:1031
  throw err;
  ^

Error: Cannot find module '/home/runner/work/liquiditydashboard/liquiditydashboard/web/lib/fetch-bill-share-data.js'
    at Function.Module._resolveFilename (node:internal/modules/cjs/loader:1028:15)
    at Function.Module._load (node:internal/modules/cjs/loader:873:27)
    at Function.executeUserEntryPoint [as runMain] (node:internal/modules/run_main:81:12)
    at node:internal/main/run_main_module:22:47 {
  code: 'MODULE_NOT_FOUND',
  requireStack: []
}
[2025-08-04T04:19:29.585Z] lib/fetch-bill-share-data.js failed with exit code 1
[2025-08-04T04:19:29.586Z] Running lib/cleanup-future-dates.js...
[2025-08-04T04:19:29.659Z] [lib/cleanup-future-dates.js] Starting data cleanup process...
[2025-08-04T04:19:29.733Z] [lib/cleanup-future-dates.js] WorldTimeAPI failed, trying alternative source
[2025-08-04T04:19:30.471Z] [lib/cleanup-future-dates.js] Using TimeAPI date: 2025-08-04T04:19:30.3872395
[2025-08-04T04:19:30.471Z] [lib/cleanup-future-dates.js] Using reference date: 2025-8-4
[2025-08-04T04:19:30.471Z] [lib/cleanup-future-dates.js] Processing MOVE index data (/home/runner/work/liquiditydashboard/liquiditydashboard/web/public/series/move.json)...
[2025-08-04T04:19:30.471Z] [lib/cleanup-future-dates.js] Loaded 111 MOVE index data points
[2025-08-04T04:19:30.472Z] [lib/cleanup-future-dates.js] No future-dated entries found in MOVE index data
[2025-08-04T04:19:30.472Z] [lib/cleanup-future-dates.js] Processing SRF data (/home/runner/work/liquiditydashboard/liquiditydashboard/web/public/series/srf.json)...
[2025-08-04T04:19:30.472Z] [lib/cleanup-future-dates.js] Loaded 1017 SRF data points
[2025-08-04T04:19:30.474Z] [lib/cleanup-future-dates.js] No future-dated entries found in SRF data
[2025-08-04T04:19:30.474Z] [lib/cleanup-future-dates.js] Processing Treasury bill share data (/home/runner/work/liquiditydashboard/liquiditydashboard/web/public/series/bill-share.json)...
[2025-08-04T04:19:30.474Z] [lib/cleanup-future-dates.js] Loaded 282 Treasury bill share data points
[2025-08-04T04:19:30.475Z] [lib/cleanup-future-dates.js] No future-dated entries found in Treasury bill share data
[2025-08-04T04:19:30.475Z] [lib/cleanup-future-dates.js] Cleanup complete! Removed 0 future-dated entries in total.
[2025-08-04T04:19:30.475Z] [lib/cleanup-future-dates.js] Data cleanup completed with no changes needed
[2025-08-04T04:19:30.479Z] lib/cleanup-future-dates.js completed successfully
[2025-08-04T04:19:30.479Z] Running lib/validate-data.js...
[2025-08-04T04:19:30.554Z] [lib/validate-data.js] Running data validation...
[2025-08-04T04:19:30.555Z] [lib/validate-data.js] Validating MOVE index data...
[2025-08-04T04:19:30.555Z] [lib/validate-data.js] Found 111 MOVE data points
[2025-08-04T04:19:30.670Z] [lib/validate-data.js] WorldTimeAPI failed, trying alternative source
[2025-08-04T04:19:31.151Z] [lib/validate-data.js] Using TimeAPI date: 2025-08-04T04:19:31.0675964
[2025-08-04T04:19:31.151Z] [lib/validate-data.js] Using reference date: 2025-8-4
[2025-08-04T04:19:31.152Z] [lib/validate-data.js] MOVE index data validation passed ✓
[2025-08-04T04:19:31.152Z] [lib/validate-data.js] Validating SRF data...
[2025-08-04T04:19:31.153Z] [lib/validate-data.js] Found 1017 SRF data points
[2025-08-04T04:19:31.202Z] [lib/validate-data.js] WorldTimeAPI failed, trying alternative source
[2025-08-04T04:19:31.666Z] [lib/validate-data.js] Using TimeAPI date: 2025-08-04T04:19:31.587601
[2025-08-04T04:19:31.670Z] [lib/validate-data.js] SRF data validation passed ✓
Validating Treasury funding data...
Found 282 Treasury funding data points
Treasury funding data validation passed ✓
All data validation passed ✓
[2025-08-04T04:19:31.673Z] lib/validate-data.js completed successfully
[2025-08-04T04:19:31.674Z] Dashboard update process completed successfully
