[2026-03-22T04:58:37.067Z] Starting Liquidity Dashboard update process
[2026-03-22T04:58:37.069Z] Running lib/data-backup.js...
[2026-03-22T04:58:37.099Z] [lib/data-backup.js] ERROR: node:internal/modules/cjs/loader:1031
  throw err;
  ^

Error: Cannot find module '/home/runner/work/liquiditydashboard/liquiditydashboard/web/lib/data-backup.js'
    at Function.Module._resolveFilename (node:internal/modules/cjs/loader:1028:15)
    at Function.Module._load (node:internal/modules/cjs/loader:873:27)
    at Function.executeUserEntryPoint [as runMain] (node:internal/modules/run_main:81:12)
    at node:internal/main/run_main_module:22:47 {
  code: 'MODULE_NOT_FOUND',
  requireStack: []
}
[2026-03-22T04:58:37.102Z] lib/data-backup.js failed with exit code 1
[2026-03-22T04:58:37.102Z] Running lib/data-backup.js clean...
[2026-03-22T04:58:37.131Z] [lib/data-backup.js clean] ERROR: node:internal/modules/cjs/loader:1031
  throw err;
  ^

Error: Cannot find module '/home/runner/work/liquiditydashboard/liquiditydashboard/web/lib/data-backup.js'
    at Function.Module._resolveFilename (node:internal/modules/cjs/loader:1028:15)
    at Function.Module._load (node:internal/modules/cjs/loader:873:27)
    at Function.executeUserEntryPoint [as runMain] (node:internal/modules/run_main:81:12)
    at node:internal/main/run_main_module:22:47 {
  code: 'MODULE_NOT_FOUND',
  requireStack: []
}
[2026-03-22T04:58:37.133Z] lib/data-backup.js clean failed with exit code 1
[2026-03-22T04:58:37.133Z] Running lib/import-historical-move-data.js...
[2026-03-22T04:58:37.162Z] [lib/import-historical-move-data.js] ERROR: node:internal/modules/cjs/loader:1031
  throw err;
  ^

Error: Cannot find module '/home/runner/work/liquiditydashboard/liquiditydashboard/web/lib/import-historical-move-data.js'
    at Function.Module._resolveFilename (node:internal/modules/cjs/loader:1028:15)
    at Function.Module._load (node:internal/modules/cjs/loader:873:27)
    at Function.executeUserEntryPoint [as runMain] (node:internal/modules/run_main:81:12)
    at node:internal/main/run_main_module:22:47 {
  code: 'MODULE_NOT_FOUND',
  requireStack: []
}
[2026-03-22T04:58:37.164Z] lib/import-historical-move-data.js failed with exit code 1
[2026-03-22T04:58:37.164Z] Running lib/fetch-move-data.js...
[2026-03-22T04:58:37.192Z] [lib/fetch-move-data.js] ERROR: node:internal/modules/cjs/loader:1031
  throw err;
  ^

Error: Cannot find module '/home/runner/work/liquiditydashboard/liquiditydashboard/web/lib/fetch-move-data.js'
    at Function.Module._resolveFilename (node:internal/modules/cjs/loader:1028:15)
    at Function.Module._load (node:internal/modules/cjs/loader:873:27)
    at Function.executeUserEntryPoint [as runMain] (node:internal/modules/run_main:81:12)
    at node:internal/main/run_main_module:22:47 {
  code: 'MODULE_NOT_FOUND',
  requireStack: []
}
[2026-03-22T04:58:37.194Z] lib/fetch-move-data.js failed with exit code 1
[2026-03-22T04:58:37.194Z] Running lib/fetch-srf-data.js...
[2026-03-22T04:58:37.223Z] [lib/fetch-srf-data.js] ERROR: node:internal/modules/cjs/loader:1031
  throw err;
  ^

Error: Cannot find module '/home/runner/work/liquiditydashboard/liquiditydashboard/web/lib/fetch-srf-data.js'
    at Function.Module._resolveFilename (node:internal/modules/cjs/loader:1028:15)
    at Function.Module._load (node:internal/modules/cjs/loader:873:27)
    at Function.executeUserEntryPoint [as runMain] (node:internal/modules/run_main:81:12)
    at node:internal/main/run_main_module:22:47 {
  code: 'MODULE_NOT_FOUND',
  requireStack: []
}
[2026-03-22T04:58:37.225Z] lib/fetch-srf-data.js failed with exit code 1
[2026-03-22T04:58:37.226Z] Running lib/fetch-bill-share-data.js...
[2026-03-22T04:58:37.254Z] [lib/fetch-bill-share-data.js] ERROR: node:internal/modules/cjs/loader:1031
  throw err;
  ^

Error: Cannot find module '/home/runner/work/liquiditydashboard/liquiditydashboard/web/lib/fetch-bill-share-data.js'
    at Function.Module._resolveFilename (node:internal/modules/cjs/loader:1028:15)
    at Function.Module._load (node:internal/modules/cjs/loader:873:27)
    at Function.executeUserEntryPoint [as runMain] (node:internal/modules/run_main:81:12)
    at node:internal/main/run_main_module:22:47 {
  code: 'MODULE_NOT_FOUND',
  requireStack: []
}
[2026-03-22T04:58:37.256Z] lib/fetch-bill-share-data.js failed with exit code 1
[2026-03-22T04:58:37.257Z] Running lib/cleanup-future-dates.js...
[2026-03-22T04:58:37.338Z] [lib/cleanup-future-dates.js] Starting data cleanup process...
[2026-03-22T04:58:37.502Z] [lib/cleanup-future-dates.js] Using WorldTimeAPI date: 2026-03-22T04:58:37.491160+00:00
[2026-03-22T04:58:37.503Z] [lib/cleanup-future-dates.js] Using reference date: 2026-3-22
[2026-03-22T04:58:37.503Z] [lib/cleanup-future-dates.js] Processing MOVE index data (/home/runner/work/liquiditydashboard/liquiditydashboard/web/public/series/move.json)...
[2026-03-22T04:58:37.503Z] [lib/cleanup-future-dates.js] Loaded 111 MOVE index data points
[2026-03-22T04:58:37.503Z] [lib/cleanup-future-dates.js] No future-dated entries found in MOVE index data
[2026-03-22T04:58:37.504Z] [lib/cleanup-future-dates.js] Processing SRF data (/home/runner/work/liquiditydashboard/liquiditydashboard/web/public/series/srf.json)...
[2026-03-22T04:58:37.504Z] [lib/cleanup-future-dates.js] Loaded 1017 SRF data points
[2026-03-22T04:58:37.505Z] [lib/cleanup-future-dates.js] No future-dated entries found in SRF data
[2026-03-22T04:58:37.506Z] [lib/cleanup-future-dates.js] Processing Treasury bill share data (/home/runner/work/liquiditydashboard/liquiditydashboard/web/public/series/bill-share.json)...
[2026-03-22T04:58:37.506Z] [lib/cleanup-future-dates.js] Loaded 282 Treasury bill share data points
[2026-03-22T04:58:37.506Z] [lib/cleanup-future-dates.js] No future-dated entries found in Treasury bill share data
[2026-03-22T04:58:37.506Z] [lib/cleanup-future-dates.js] Cleanup complete! Removed 0 future-dated entries in total.
Data cleanup completed with no changes needed
[2026-03-22T04:58:37.509Z] lib/cleanup-future-dates.js completed successfully
[2026-03-22T04:58:37.509Z] Running lib/validate-data.js...
[2026-03-22T04:58:37.588Z] [lib/validate-data.js] Running data validation...
[2026-03-22T04:58:37.589Z] [lib/validate-data.js] Validating MOVE index data...
[2026-03-22T04:58:37.589Z] [lib/validate-data.js] Found 111 MOVE data points
[2026-03-22T04:58:37.679Z] [lib/validate-data.js] WorldTimeAPI failed, trying alternative source
[2026-03-22T04:58:38.415Z] [lib/validate-data.js] Using TimeAPI date: 2026-03-22T04:58:38.1912296
[2026-03-22T04:58:38.415Z] [lib/validate-data.js] Using reference date: 2026-3-22
[2026-03-22T04:58:38.416Z] [lib/validate-data.js] MOVE index data validation passed ✓
[2026-03-22T04:58:38.416Z] [lib/validate-data.js] Validating SRF data...
[2026-03-22T04:58:38.417Z] [lib/validate-data.js] Found 1017 SRF data points
[2026-03-22T04:58:38.460Z] [lib/validate-data.js] WorldTimeAPI failed, trying alternative source
[2026-03-22T04:58:38.912Z] [lib/validate-data.js] Using TimeAPI date: 2026-03-22T04:58:38.6925976
[2026-03-22T04:58:38.913Z] [lib/validate-data.js] SRF data validation passed ✓
[2026-03-22T04:58:38.913Z] [lib/validate-data.js] Validating Treasury funding data...
[2026-03-22T04:58:38.914Z] [lib/validate-data.js] Found 282 Treasury funding data points
[2026-03-22T04:58:38.914Z] [lib/validate-data.js] Treasury funding data validation passed ✓
[2026-03-22T04:58:38.914Z] [lib/validate-data.js] All data validation passed ✓
[2026-03-22T04:58:38.918Z] lib/validate-data.js completed successfully
[2026-03-22T04:58:38.918Z] Dashboard update process completed successfully
