[2025-12-19T03:59:36.192Z] Starting Liquidity Dashboard update process
[2025-12-19T03:59:36.194Z] Running lib/data-backup.js...
[2025-12-19T03:59:36.223Z] [lib/data-backup.js] ERROR: node:internal/modules/cjs/loader:1031
  throw err;
  ^

Error: Cannot find module '/home/runner/work/liquiditydashboard/liquiditydashboard/web/lib/data-backup.js'
    at Function.Module._resolveFilename (node:internal/modules/cjs/loader:1028:15)
    at Function.Module._load (node:internal/modules/cjs/loader:873:27)
    at Function.executeUserEntryPoint [as runMain] (node:internal/modules/run_main:81:12)
    at node:internal/main/run_main_module:22:47 {
  code: 'MODULE_NOT_FOUND',
  requireStack: []
}
[2025-12-19T03:59:36.225Z] lib/data-backup.js failed with exit code 1
[2025-12-19T03:59:36.226Z] Running lib/data-backup.js clean...
[2025-12-19T03:59:36.254Z] [lib/data-backup.js clean] ERROR: node:internal/modules/cjs/loader:1031
  throw err;
  ^

Error: Cannot find module '/home/runner/work/liquiditydashboard/liquiditydashboard/web/lib/data-backup.js'
    at Function.Module._resolveFilename (node:internal/modules/cjs/loader:1028:15)
    at Function.Module._load (node:internal/modules/cjs/loader:873:27)
    at Function.executeUserEntryPoint [as runMain] (node:internal/modules/run_main:81:12)
    at node:internal/main/run_main_module:22:47 {
  code: 'MODULE_NOT_FOUND',
  requireStack: []
}
[2025-12-19T03:59:36.256Z] lib/data-backup.js clean failed with exit code 1
[2025-12-19T03:59:36.256Z] Running lib/import-historical-move-data.js...
[2025-12-19T03:59:36.284Z] [lib/import-historical-move-data.js] ERROR: node:internal/modules/cjs/loader:1031
  throw err;
  ^

Error: Cannot find module '/home/runner/work/liquiditydashboard/liquiditydashboard/web/lib/import-historical-move-data.js'
    at Function.Module._resolveFilename (node:internal/modules/cjs/loader:1028:15)
    at Function.Module._load (node:internal/modules/cjs/loader:873:27)
    at Function.executeUserEntryPoint [as runMain] (node:internal/modules/run_main:81:12)
    at node:internal/main/run_main_module:22:47 {
  code: 'MODULE_NOT_FOUND',
  requireStack: []
}
[2025-12-19T03:59:36.286Z] lib/import-historical-move-data.js failed with exit code 1
[2025-12-19T03:59:36.286Z] Running lib/fetch-move-data.js...
[2025-12-19T03:59:36.315Z] [lib/fetch-move-data.js] ERROR: node:internal/modules/cjs/loader:1031
  throw err;
  ^

Error: Cannot find module '/home/runner/work/liquiditydashboard/liquiditydashboard/web/lib/fetch-move-data.js'
    at Function.Module._resolveFilename (node:internal/modules/cjs/loader:1028:15)
    at Function.Module._load (node:internal/modules/cjs/loader:873:27)
    at Function.executeUserEntryPoint [as runMain] (node:internal/modules/run_main:81:12)
    at node:internal/main/run_main_module:22:47 {
  code: 'MODULE_NOT_FOUND',
  requireStack: []
}
[2025-12-19T03:59:36.317Z] lib/fetch-move-data.js failed with exit code 1
[2025-12-19T03:59:36.317Z] Running lib/fetch-srf-data.js...
[2025-12-19T03:59:36.345Z] [lib/fetch-srf-data.js] ERROR: node:internal/modules/cjs/loader:1031
  throw err;
  ^

Error: Cannot find module '/home/runner/work/liquiditydashboard/liquiditydashboard/web/lib/fetch-srf-data.js'
    at Function.Module._resolveFilename (node:internal/modules/cjs/loader:1028:15)
    at Function.Module._load (node:internal/modules/cjs/loader:873:27)
    at Function.executeUserEntryPoint [as runMain] (node:internal/modules/run_main:81:12)
    at node:internal/main/run_main_module:22:47 {
  code: 'MODULE_NOT_FOUND',
  requireStack: []
}
[2025-12-19T03:59:36.347Z] lib/fetch-srf-data.js failed with exit code 1
[2025-12-19T03:59:36.347Z] Running lib/fetch-bill-share-data.js...
[2025-12-19T03:59:36.375Z] [lib/fetch-bill-share-data.js] ERROR: node:internal/modules/cjs/loader:1031
  throw err;
  ^

Error: Cannot find module '/home/runner/work/liquiditydashboard/liquiditydashboard/web/lib/fetch-bill-share-data.js'
    at Function.Module._resolveFilename (node:internal/modules/cjs/loader:1028:15)
    at Function.Module._load (node:internal/modules/cjs/loader:873:27)
    at Function.executeUserEntryPoint [as runMain] (node:internal/modules/run_main:81:12)
    at node:internal/main/run_main_module:22:47 {
  code: 'MODULE_NOT_FOUND',
  requireStack: []
}
[2025-12-19T03:59:36.377Z] lib/fetch-bill-share-data.js failed with exit code 1
[2025-12-19T03:59:36.378Z] Running lib/cleanup-future-dates.js...
[2025-12-19T03:59:36.453Z] [lib/cleanup-future-dates.js] Starting data cleanup process...
[2025-12-19T03:59:36.683Z] [lib/cleanup-future-dates.js] WorldTimeAPI failed, trying alternative source
[2025-12-19T03:59:37.194Z] [lib/cleanup-future-dates.js] Using TimeAPI date: 2025-12-19T03:59:37.1342006
[2025-12-19T03:59:37.194Z] [lib/cleanup-future-dates.js] Using reference date: 2025-12-19
[2025-12-19T03:59:37.195Z] [lib/cleanup-future-dates.js] Processing MOVE index data (/home/runner/work/liquiditydashboard/liquiditydashboard/web/public/series/move.json)...
[2025-12-19T03:59:37.195Z] [lib/cleanup-future-dates.js] Loaded 111 MOVE index data points
[2025-12-19T03:59:37.195Z] [lib/cleanup-future-dates.js] No future-dated entries found in MOVE index data
[2025-12-19T03:59:37.195Z] [lib/cleanup-future-dates.js] Processing SRF data (/home/runner/work/liquiditydashboard/liquiditydashboard/web/public/series/srf.json)...
[2025-12-19T03:59:37.196Z] [lib/cleanup-future-dates.js] Loaded 1017 SRF data points
[2025-12-19T03:59:37.197Z] [lib/cleanup-future-dates.js] No future-dated entries found in SRF data
[2025-12-19T03:59:37.197Z] [lib/cleanup-future-dates.js] Processing Treasury bill share data (/home/runner/work/liquiditydashboard/liquiditydashboard/web/public/series/bill-share.json)...
[2025-12-19T03:59:37.198Z] [lib/cleanup-future-dates.js] Loaded 282 Treasury bill share data points
[2025-12-19T03:59:37.198Z] [lib/cleanup-future-dates.js] No future-dated entries found in Treasury bill share data
[2025-12-19T03:59:37.198Z] [lib/cleanup-future-dates.js] Cleanup complete! Removed 0 future-dated entries in total.
Data cleanup completed with no changes needed
[2025-12-19T03:59:37.201Z] lib/cleanup-future-dates.js completed successfully
[2025-12-19T03:59:37.201Z] Running lib/validate-data.js...
[2025-12-19T03:59:37.276Z] [lib/validate-data.js] Running data validation...
[2025-12-19T03:59:37.276Z] [lib/validate-data.js] Validating MOVE index data...
[2025-12-19T03:59:37.277Z] [lib/validate-data.js] Found 111 MOVE data points
[2025-12-19T03:59:37.508Z] [lib/validate-data.js] Using WorldTimeAPI date: 2025-12-19T03:59:37.491845+00:00
[2025-12-19T03:59:37.508Z] [lib/validate-data.js] Using reference date: 2025-12-19
[2025-12-19T03:59:37.508Z] [lib/validate-data.js] MOVE index data validation passed ✓
[2025-12-19T03:59:37.509Z] [lib/validate-data.js] Validating SRF data...
[2025-12-19T03:59:37.509Z] [lib/validate-data.js] Found 1017 SRF data points
[2025-12-19T03:59:37.768Z] [lib/validate-data.js] Using WorldTimeAPI date: 2025-12-19T03:59:37.758743+00:00
[2025-12-19T03:59:37.769Z] [lib/validate-data.js] SRF data validation passed ✓
[2025-12-19T03:59:37.769Z] [lib/validate-data.js] Validating Treasury funding data...
[2025-12-19T03:59:37.770Z] [lib/validate-data.js] Found 282 Treasury funding data points
[2025-12-19T03:59:37.770Z] [lib/validate-data.js] Treasury funding data validation passed ✓
[2025-12-19T03:59:37.770Z] [lib/validate-data.js] All data validation passed ✓
[2025-12-19T03:59:37.774Z] lib/validate-data.js completed successfully
[2025-12-19T03:59:37.774Z] Dashboard update process completed successfully
