[2026-05-23T06:16:08.415Z] Starting Liquidity Dashboard update process
[2026-05-23T06:16:08.417Z] Running lib/data-backup.js...
[2026-05-23T06:16:08.449Z] [lib/data-backup.js] ERROR: node:internal/modules/cjs/loader:1031
  throw err;
  ^

Error: Cannot find module '/home/runner/work/liquiditydashboard/liquiditydashboard/web/lib/data-backup.js'
    at Function.Module._resolveFilename (node:internal/modules/cjs/loader:1028:15)
    at Function.Module._load (node:internal/modules/cjs/loader:873:27)
    at Function.executeUserEntryPoint [as runMain] (node:internal/modules/run_main:81:12)
    at node:internal/main/run_main_module:22:47 {
  code: 'MODULE_NOT_FOUND',
  requireStack: []
}
[2026-05-23T06:16:08.451Z] lib/data-backup.js failed with exit code 1
[2026-05-23T06:16:08.452Z] Running lib/data-backup.js clean...
[2026-05-23T06:16:08.480Z] [lib/data-backup.js clean] ERROR: node:internal/modules/cjs/loader:1031
  throw err;
  ^

Error: Cannot find module '/home/runner/work/liquiditydashboard/liquiditydashboard/web/lib/data-backup.js'
    at Function.Module._resolveFilename (node:internal/modules/cjs/loader:1028:15)
    at Function.Module._load (node:internal/modules/cjs/loader:873:27)
    at Function.executeUserEntryPoint [as runMain] (node:internal/modules/run_main:81:12)
    at node:internal/main/run_main_module:22:47 {
  code: 'MODULE_NOT_FOUND',
  requireStack: []
}
[2026-05-23T06:16:08.481Z] lib/data-backup.js clean failed with exit code 1
[2026-05-23T06:16:08.481Z] Running lib/import-historical-move-data.js...
[2026-05-23T06:16:08.509Z] [lib/import-historical-move-data.js] ERROR: node:internal/modules/cjs/loader:1031
  throw err;
  ^

Error: Cannot find module '/home/runner/work/liquiditydashboard/liquiditydashboard/web/lib/import-historical-move-data.js'
    at Function.Module._resolveFilename (node:internal/modules/cjs/loader:1028:15)
    at Function.Module._load (node:internal/modules/cjs/loader:873:27)
    at Function.executeUserEntryPoint [as runMain] (node:internal/modules/run_main:81:12)
    at node:internal/main/run_main_module:22:47 {
  code: 'MODULE_NOT_FOUND',
  requireStack: []
}
[2026-05-23T06:16:08.511Z] lib/import-historical-move-data.js failed with exit code 1
[2026-05-23T06:16:08.511Z] Running lib/fetch-move-data.js...
[2026-05-23T06:16:08.539Z] [lib/fetch-move-data.js] ERROR: node:internal/modules/cjs/loader:1031
  throw err;
  ^

Error: Cannot find module '/home/runner/work/liquiditydashboard/liquiditydashboard/web/lib/fetch-move-data.js'
    at Function.Module._resolveFilename (node:internal/modules/cjs/loader:1028:15)
    at Function.Module._load (node:internal/modules/cjs/loader:873:27)
    at Function.executeUserEntryPoint [as runMain] (node:internal/modules/run_main:81:12)
    at node:internal/main/run_main_module:22:47 {
  code: 'MODULE_NOT_FOUND',
  requireStack: []
}
[2026-05-23T06:16:08.541Z] lib/fetch-move-data.js failed with exit code 1
[2026-05-23T06:16:08.541Z] Running lib/fetch-srf-data.js...
[2026-05-23T06:16:08.570Z] [lib/fetch-srf-data.js] ERROR: node:internal/modules/cjs/loader:1031
  throw err;
  ^

Error: Cannot find module '/home/runner/work/liquiditydashboard/liquiditydashboard/web/lib/fetch-srf-data.js'
    at Function.Module._resolveFilename (node:internal/modules/cjs/loader:1028:15)
    at Function.Module._load (node:internal/modules/cjs/loader:873:27)
    at Function.executeUserEntryPoint [as runMain] (node:internal/modules/run_main:81:12)
    at node:internal/main/run_main_module:22:47 {
  code: 'MODULE_NOT_FOUND',
  requireStack: []
}
[2026-05-23T06:16:08.572Z] lib/fetch-srf-data.js failed with exit code 1
[2026-05-23T06:16:08.572Z] Running lib/fetch-bill-share-data.js...
[2026-05-23T06:16:08.600Z] [lib/fetch-bill-share-data.js] ERROR: node:internal/modules/cjs/loader:1031
  throw err;
  ^

Error: Cannot find module '/home/runner/work/liquiditydashboard/liquiditydashboard/web/lib/fetch-bill-share-data.js'
    at Function.Module._resolveFilename (node:internal/modules/cjs/loader:1028:15)
    at Function.Module._load (node:internal/modules/cjs/loader:873:27)
    at Function.executeUserEntryPoint [as runMain] (node:internal/modules/run_main:81:12)
    at node:internal/main/run_main_module:22:47 {
  code: 'MODULE_NOT_FOUND',
  requireStack: []
}
[2026-05-23T06:16:08.602Z] lib/fetch-bill-share-data.js failed with exit code 1
[2026-05-23T06:16:08.602Z] Running lib/cleanup-future-dates.js...
[2026-05-23T06:16:08.688Z] [lib/cleanup-future-dates.js] Starting data cleanup process...
[2026-05-23T06:16:08.771Z] [lib/cleanup-future-dates.js] WorldTimeAPI failed, trying alternative source
[2026-05-23T06:16:09.224Z] [lib/cleanup-future-dates.js] Using TimeAPI date: 2026-05-23T06:16:08.2258839
[2026-05-23T06:16:09.224Z] [lib/cleanup-future-dates.js] Using reference date: 2026-5-23
[2026-05-23T06:16:09.224Z] [lib/cleanup-future-dates.js] Processing MOVE index data (/home/runner/work/liquiditydashboard/liquiditydashboard/web/public/series/move.json)...
[2026-05-23T06:16:09.224Z] [lib/cleanup-future-dates.js] Loaded 111 MOVE index data points
[2026-05-23T06:16:09.225Z] [lib/cleanup-future-dates.js] No future-dated entries found in MOVE index data
[2026-05-23T06:16:09.225Z] [lib/cleanup-future-dates.js] Processing SRF data (/home/runner/work/liquiditydashboard/liquiditydashboard/web/public/series/srf.json)...
[2026-05-23T06:16:09.225Z] [lib/cleanup-future-dates.js] Loaded 1017 SRF data points
[2026-05-23T06:16:09.226Z] [lib/cleanup-future-dates.js] No future-dated entries found in SRF data
[2026-05-23T06:16:09.227Z] [lib/cleanup-future-dates.js] Processing Treasury bill share data (/home/runner/work/liquiditydashboard/liquiditydashboard/web/public/series/bill-share.json)...
[2026-05-23T06:16:09.227Z] [lib/cleanup-future-dates.js] Loaded 282 Treasury bill share data points
[2026-05-23T06:16:09.227Z] [lib/cleanup-future-dates.js] No future-dated entries found in Treasury bill share data
[2026-05-23T06:16:09.228Z] [lib/cleanup-future-dates.js] Cleanup complete! Removed 0 future-dated entries in total.
Data cleanup completed with no changes needed
[2026-05-23T06:16:09.230Z] lib/cleanup-future-dates.js completed successfully
[2026-05-23T06:16:09.231Z] Running lib/validate-data.js...
[2026-05-23T06:16:09.311Z] [lib/validate-data.js] Running data validation...
[2026-05-23T06:16:09.311Z] [lib/validate-data.js] Validating MOVE index data...
[2026-05-23T06:16:09.312Z] [lib/validate-data.js] Found 111 MOVE data points
[2026-05-23T06:16:09.394Z] [lib/validate-data.js] WorldTimeAPI failed, trying alternative source
[2026-05-23T06:16:09.816Z] [lib/validate-data.js] Using TimeAPI date: 2026-05-23T06:16:08.8183865
[2026-05-23T06:16:09.817Z] [lib/validate-data.js] Using reference date: 2026-5-23
[2026-05-23T06:16:09.817Z] [lib/validate-data.js] MOVE index data validation passed ✓
[2026-05-23T06:16:09.818Z] [lib/validate-data.js] Validating SRF data...
[2026-05-23T06:16:09.818Z] [lib/validate-data.js] Found 1017 SRF data points
[2026-05-23T06:16:09.931Z] [lib/validate-data.js] WorldTimeAPI failed, trying alternative source
[2026-05-23T06:16:10.377Z] [lib/validate-data.js] Using TimeAPI date: 2026-05-23T06:16:09.383587
[2026-05-23T06:16:10.379Z] [lib/validate-data.js] SRF data validation passed ✓
[2026-05-23T06:16:10.379Z] [lib/validate-data.js] Validating Treasury funding data...
[2026-05-23T06:16:10.380Z] [lib/validate-data.js] Found 282 Treasury funding data points
[2026-05-23T06:16:10.380Z] [lib/validate-data.js] Treasury funding data validation passed ✓
[2026-05-23T06:16:10.380Z] [lib/validate-data.js] All data validation passed ✓
[2026-05-23T06:16:10.383Z] lib/validate-data.js completed successfully
[2026-05-23T06:16:10.383Z] Dashboard update process completed successfully
