[2025-12-16T04:00:11.923Z] Starting Liquidity Dashboard update process
[2025-12-16T04:00:11.924Z] Running lib/data-backup.js...
[2025-12-16T04:00:11.958Z] [lib/data-backup.js] ERROR: node:internal/modules/cjs/loader:1031
  throw err;
  ^

Error: Cannot find module '/home/runner/work/liquiditydashboard/liquiditydashboard/web/lib/data-backup.js'
    at Function.Module._resolveFilename (node:internal/modules/cjs/loader:1028:15)
    at Function.Module._load (node:internal/modules/cjs/loader:873:27)
    at Function.executeUserEntryPoint [as runMain] (node:internal/modules/run_main:81:12)
    at node:internal/main/run_main_module:22:47 {
  code: 'MODULE_NOT_FOUND',
  requireStack: []
}
[2025-12-16T04:00:11.961Z] lib/data-backup.js failed with exit code 1
[2025-12-16T04:00:11.961Z] Running lib/data-backup.js clean...
[2025-12-16T04:00:11.991Z] [lib/data-backup.js clean] ERROR: node:internal/modules/cjs/loader:1031
  throw err;
  ^

Error: Cannot find module '/home/runner/work/liquiditydashboard/liquiditydashboard/web/lib/data-backup.js'
    at Function.Module._resolveFilename (node:internal/modules/cjs/loader:1028:15)
    at Function.Module._load (node:internal/modules/cjs/loader:873:27)
    at Function.executeUserEntryPoint [as runMain] (node:internal/modules/run_main:81:12)
    at node:internal/main/run_main_module:22:47 {
  code: 'MODULE_NOT_FOUND',
  requireStack: []
}
[2025-12-16T04:00:11.992Z] lib/data-backup.js clean failed with exit code 1
[2025-12-16T04:00:11.993Z] Running lib/import-historical-move-data.js...
[2025-12-16T04:00:12.020Z] [lib/import-historical-move-data.js] ERROR: node:internal/modules/cjs/loader:1031
  throw err;
  ^

Error: Cannot find module '/home/runner/work/liquiditydashboard/liquiditydashboard/web/lib/import-historical-move-data.js'
    at Function.Module._resolveFilename (node:internal/modules/cjs/loader:1028:15)
    at Function.Module._load (node:internal/modules/cjs/loader:873:27)
    at Function.executeUserEntryPoint [as runMain] (node:internal/modules/run_main:81:12)
    at node:internal/main/run_main_module:22:47 {
  code: 'MODULE_NOT_FOUND',
  requireStack: []
}
[2025-12-16T04:00:12.023Z] lib/import-historical-move-data.js failed with exit code 1
[2025-12-16T04:00:12.023Z] Running lib/fetch-move-data.js...
[2025-12-16T04:00:12.052Z] [lib/fetch-move-data.js] ERROR: node:internal/modules/cjs/loader:1031
  throw err;
  ^

Error: Cannot find module '/home/runner/work/liquiditydashboard/liquiditydashboard/web/lib/fetch-move-data.js'
    at Function.Module._resolveFilename (node:internal/modules/cjs/loader:1028:15)
    at Function.Module._load (node:internal/modules/cjs/loader:873:27)
    at Function.executeUserEntryPoint [as runMain] (node:internal/modules/run_main:81:12)
    at node:internal/main/run_main_module:22:47 {
  code: 'MODULE_NOT_FOUND',
  requireStack: []
}
[2025-12-16T04:00:12.054Z] lib/fetch-move-data.js failed with exit code 1
[2025-12-16T04:00:12.055Z] Running lib/fetch-srf-data.js...
[2025-12-16T04:00:12.085Z] [lib/fetch-srf-data.js] ERROR: node:internal/modules/cjs/loader:1031
  throw err;
  ^

Error: Cannot find module '/home/runner/work/liquiditydashboard/liquiditydashboard/web/lib/fetch-srf-data.js'
    at Function.Module._resolveFilename (node:internal/modules/cjs/loader:1028:15)
    at Function.Module._load (node:internal/modules/cjs/loader:873:27)
    at Function.executeUserEntryPoint [as runMain] (node:internal/modules/run_main:81:12)
    at node:internal/main/run_main_module:22:47 {
  code: 'MODULE_NOT_FOUND',
  requireStack: []
}
[2025-12-16T04:00:12.088Z] lib/fetch-srf-data.js failed with exit code 1
[2025-12-16T04:00:12.089Z] Running lib/fetch-bill-share-data.js...
[2025-12-16T04:00:12.121Z] [lib/fetch-bill-share-data.js] ERROR: node:internal/modules/cjs/loader:1031
  throw err;
  ^

Error: Cannot find module '/home/runner/work/liquiditydashboard/liquiditydashboard/web/lib/fetch-bill-share-data.js'
    at Function.Module._resolveFilename (node:internal/modules/cjs/loader:1028:15)
    at Function.Module._load (node:internal/modules/cjs/loader:873:27)
    at Function.executeUserEntryPoint [as runMain] (node:internal/modules/run_main:81:12)
    at node:internal/main/run_main_module:22:47 {
  code: 'MODULE_NOT_FOUND',
  requireStack: []
}
[2025-12-16T04:00:12.123Z] lib/fetch-bill-share-data.js failed with exit code 1
[2025-12-16T04:00:12.123Z] Running lib/cleanup-future-dates.js...
[2025-12-16T04:00:12.210Z] [lib/cleanup-future-dates.js] Starting data cleanup process...
[2025-12-16T04:00:12.537Z] [lib/cleanup-future-dates.js] WorldTimeAPI failed, trying alternative source
[2025-12-16T04:00:14.044Z] [lib/cleanup-future-dates.js] Using TimeAPI date: 2025-12-16T04:00:13.985075
[2025-12-16T04:00:14.044Z] [lib/cleanup-future-dates.js] Using reference date: 2025-12-16

Processing MOVE index data (/home/runner/work/liquiditydashboard/liquiditydashboard/web/public/series/move.json)...
[2025-12-16T04:00:14.045Z] [lib/cleanup-future-dates.js] Loaded 111 MOVE index data points
[2025-12-16T04:00:14.045Z] [lib/cleanup-future-dates.js] No future-dated entries found in MOVE index data

Processing SRF data (/home/runner/work/liquiditydashboard/liquiditydashboard/web/public/series/srf.json)...
[2025-12-16T04:00:14.046Z] [lib/cleanup-future-dates.js] Loaded 1017 SRF data points
[2025-12-16T04:00:14.047Z] [lib/cleanup-future-dates.js] No future-dated entries found in SRF data
[2025-12-16T04:00:14.047Z] [lib/cleanup-future-dates.js] Processing Treasury bill share data (/home/runner/work/liquiditydashboard/liquiditydashboard/web/public/series/bill-share.json)...
[2025-12-16T04:00:14.047Z] [lib/cleanup-future-dates.js] Loaded 282 Treasury bill share data points
[2025-12-16T04:00:14.048Z] [lib/cleanup-future-dates.js] No future-dated entries found in Treasury bill share data
[2025-12-16T04:00:14.048Z] [lib/cleanup-future-dates.js] Cleanup complete! Removed 0 future-dated entries in total.
[2025-12-16T04:00:14.048Z] [lib/cleanup-future-dates.js] Data cleanup completed with no changes needed
[2025-12-16T04:00:14.051Z] lib/cleanup-future-dates.js completed successfully
[2025-12-16T04:00:14.051Z] Running lib/validate-data.js...
[2025-12-16T04:00:14.127Z] [lib/validate-data.js] Running data validation...
[2025-12-16T04:00:14.127Z] [lib/validate-data.js] Validating MOVE index data...
[2025-12-16T04:00:14.128Z] [lib/validate-data.js] Found 111 MOVE data points
[2025-12-16T04:00:14.164Z] [lib/validate-data.js] WorldTimeAPI failed, trying alternative source
[2025-12-16T04:00:16.291Z] [lib/validate-data.js] Using TimeAPI date: 2025-12-16T04:00:16.2316819
[2025-12-16T04:00:16.292Z] [lib/validate-data.js] Using reference date: 2025-12-16
[2025-12-16T04:00:16.292Z] [lib/validate-data.js] MOVE index data validation passed ✓
[2025-12-16T04:00:16.292Z] [lib/validate-data.js] Validating SRF data...
[2025-12-16T04:00:16.293Z] [lib/validate-data.js] Found 1017 SRF data points
[2025-12-16T04:00:16.627Z] [lib/validate-data.js] Using WorldTimeAPI date: 2025-12-16T04:00:16.612907+00:00
[2025-12-16T04:00:16.629Z] [lib/validate-data.js] SRF data validation passed ✓
[2025-12-16T04:00:16.629Z] [lib/validate-data.js] Validating Treasury funding data...
[2025-12-16T04:00:16.629Z] [lib/validate-data.js] Found 282 Treasury funding data points
[2025-12-16T04:00:16.629Z] [lib/validate-data.js] Treasury funding data validation passed ✓
[2025-12-16T04:00:16.629Z] [lib/validate-data.js] All data validation passed ✓
[2025-12-16T04:00:16.633Z] lib/validate-data.js completed successfully
[2025-12-16T04:00:16.633Z] Dashboard update process completed successfully
