[2026-06-30T06:59:40.791Z] Starting Liquidity Dashboard update process
[2026-06-30T06:59:40.793Z] Running lib/data-backup.js...
[2026-06-30T06:59:40.822Z] [lib/data-backup.js] ERROR: node:internal/modules/cjs/loader:1031
  throw err;
  ^

Error: Cannot find module '/home/runner/work/liquiditydashboard/liquiditydashboard/web/lib/data-backup.js'
    at Function.Module._resolveFilename (node:internal/modules/cjs/loader:1028:15)
    at Function.Module._load (node:internal/modules/cjs/loader:873:27)
    at Function.executeUserEntryPoint [as runMain] (node:internal/modules/run_main:81:12)
    at node:internal/main/run_main_module:22:47 {
  code: 'MODULE_NOT_FOUND',
  requireStack: []
}
[2026-06-30T06:59:40.824Z] lib/data-backup.js failed with exit code 1
[2026-06-30T06:59:40.825Z] Running lib/data-backup.js clean...
[2026-06-30T06:59:40.852Z] [lib/data-backup.js clean] ERROR: node:internal/modules/cjs/loader:1031
  throw err;
  ^

Error: Cannot find module '/home/runner/work/liquiditydashboard/liquiditydashboard/web/lib/data-backup.js'
    at Function.Module._resolveFilename (node:internal/modules/cjs/loader:1028:15)
    at Function.Module._load (node:internal/modules/cjs/loader:873:27)
    at Function.executeUserEntryPoint [as runMain] (node:internal/modules/run_main:81:12)
    at node:internal/main/run_main_module:22:47 {
  code: 'MODULE_NOT_FOUND',
  requireStack: []
}
[2026-06-30T06:59:40.854Z] lib/data-backup.js clean failed with exit code 1
[2026-06-30T06:59:40.854Z] Running lib/import-historical-move-data.js...
[2026-06-30T06:59:40.882Z] [lib/import-historical-move-data.js] ERROR: node:internal/modules/cjs/loader:1031
  throw err;
  ^

Error: Cannot find module '/home/runner/work/liquiditydashboard/liquiditydashboard/web/lib/import-historical-move-data.js'
    at Function.Module._resolveFilename (node:internal/modules/cjs/loader:1028:15)
    at Function.Module._load (node:internal/modules/cjs/loader:873:27)
    at Function.executeUserEntryPoint [as runMain] (node:internal/modules/run_main:81:12)
    at node:internal/main/run_main_module:22:47 {
  code: 'MODULE_NOT_FOUND',
  requireStack: []
}
[2026-06-30T06:59:40.883Z] lib/import-historical-move-data.js failed with exit code 1
[2026-06-30T06:59:40.883Z] Running lib/fetch-move-data.js...
[2026-06-30T06:59:40.911Z] [lib/fetch-move-data.js] ERROR: node:internal/modules/cjs/loader:1031
  throw err;
  ^

Error: Cannot find module '/home/runner/work/liquiditydashboard/liquiditydashboard/web/lib/fetch-move-data.js'
    at Function.Module._resolveFilename (node:internal/modules/cjs/loader:1028:15)
    at Function.Module._load (node:internal/modules/cjs/loader:873:27)
    at Function.executeUserEntryPoint [as runMain] (node:internal/modules/run_main:81:12)
    at node:internal/main/run_main_module:22:47 {
  code: 'MODULE_NOT_FOUND',
  requireStack: []
}
[2026-06-30T06:59:40.913Z] lib/fetch-move-data.js failed with exit code 1
[2026-06-30T06:59:40.913Z] Running lib/fetch-srf-data.js...
[2026-06-30T06:59:40.944Z] [lib/fetch-srf-data.js] ERROR: node:internal/modules/cjs/loader:1031
  throw err;
  ^

Error: Cannot find module '/home/runner/work/liquiditydashboard/liquiditydashboard/web/lib/fetch-srf-data.js'
    at Function.Module._resolveFilename (node:internal/modules/cjs/loader:1028:15)
    at Function.Module._load (node:internal/modules/cjs/loader:873:27)
    at Function.executeUserEntryPoint [as runMain] (node:internal/modules/run_main:81:12)
    at node:internal/main/run_main_module:22:47 {
  code: 'MODULE_NOT_FOUND',
  requireStack: []
}
[2026-06-30T06:59:40.946Z] lib/fetch-srf-data.js failed with exit code 1
[2026-06-30T06:59:40.946Z] Running lib/fetch-bill-share-data.js...
[2026-06-30T06:59:40.975Z] [lib/fetch-bill-share-data.js] ERROR: node:internal/modules/cjs/loader:1031
  throw err;
  ^

Error: Cannot find module '/home/runner/work/liquiditydashboard/liquiditydashboard/web/lib/fetch-bill-share-data.js'
    at Function.Module._resolveFilename (node:internal/modules/cjs/loader:1028:15)
    at Function.Module._load (node:internal/modules/cjs/loader:873:27)
    at Function.executeUserEntryPoint [as runMain] (node:internal/modules/run_main:81:12)
    at node:internal/main/run_main_module:22:47 {
  code: 'MODULE_NOT_FOUND',
  requireStack: []
}
[2026-06-30T06:59:40.977Z] lib/fetch-bill-share-data.js failed with exit code 1
[2026-06-30T06:59:40.977Z] Running lib/cleanup-future-dates.js...
[2026-06-30T06:59:41.056Z] [lib/cleanup-future-dates.js] Starting data cleanup process...
[2026-06-30T06:59:41.306Z] [lib/cleanup-future-dates.js] WorldTimeAPI failed, trying alternative source
[2026-06-30T06:59:41.734Z] [lib/cleanup-future-dates.js] Using TimeAPI date: 2026-06-30T06:59:32.0072394
[2026-06-30T06:59:41.734Z] [lib/cleanup-future-dates.js] Using reference date: 2026-6-30

Processing MOVE index data (/home/runner/work/liquiditydashboard/liquiditydashboard/web/public/series/move.json)...
[2026-06-30T06:59:41.735Z] [lib/cleanup-future-dates.js] Loaded 111 MOVE index data points
[2026-06-30T06:59:41.735Z] [lib/cleanup-future-dates.js] No future-dated entries found in MOVE index data
[2026-06-30T06:59:41.735Z] [lib/cleanup-future-dates.js] Processing SRF data (/home/runner/work/liquiditydashboard/liquiditydashboard/web/public/series/srf.json)...
[2026-06-30T06:59:41.736Z] [lib/cleanup-future-dates.js] Loaded 1017 SRF data points
[2026-06-30T06:59:41.737Z] [lib/cleanup-future-dates.js] No future-dated entries found in SRF data
[2026-06-30T06:59:41.737Z] [lib/cleanup-future-dates.js] Processing Treasury bill share data (/home/runner/work/liquiditydashboard/liquiditydashboard/web/public/series/bill-share.json)...
[2026-06-30T06:59:41.737Z] [lib/cleanup-future-dates.js] Loaded 282 Treasury bill share data points
[2026-06-30T06:59:41.737Z] [lib/cleanup-future-dates.js] No future-dated entries found in Treasury bill share data
[2026-06-30T06:59:41.738Z] [lib/cleanup-future-dates.js] Cleanup complete! Removed 0 future-dated entries in total.
[2026-06-30T06:59:41.738Z] [lib/cleanup-future-dates.js] Data cleanup completed with no changes needed
[2026-06-30T06:59:41.740Z] lib/cleanup-future-dates.js completed successfully
[2026-06-30T06:59:41.740Z] Running lib/validate-data.js...
[2026-06-30T06:59:41.820Z] [lib/validate-data.js] Running data validation...
[2026-06-30T06:59:41.821Z] [lib/validate-data.js] Validating MOVE index data...
[2026-06-30T06:59:41.821Z] [lib/validate-data.js] Found 111 MOVE data points
[2026-06-30T06:59:41.923Z] [lib/validate-data.js] WorldTimeAPI failed, trying alternative source
[2026-06-30T06:59:42.343Z] [lib/validate-data.js] Using TimeAPI date: 2026-06-30T06:59:32.6161106
[2026-06-30T06:59:42.344Z] [lib/validate-data.js] Using reference date: 2026-6-30
[2026-06-30T06:59:42.344Z] [lib/validate-data.js] MOVE index data validation passed ✓
[2026-06-30T06:59:42.344Z] [lib/validate-data.js] Validating SRF data...
[2026-06-30T06:59:42.345Z] [lib/validate-data.js] Found 1017 SRF data points
[2026-06-30T06:59:42.398Z] [lib/validate-data.js] WorldTimeAPI failed, trying alternative source
[2026-06-30T06:59:42.972Z] [lib/validate-data.js] Using TimeAPI date: 2026-06-30T06:59:33.2494731
[2026-06-30T06:59:42.974Z] [lib/validate-data.js] SRF data validation passed ✓
[2026-06-30T06:59:42.975Z] [lib/validate-data.js] Validating Treasury funding data...
[2026-06-30T06:59:42.975Z] [lib/validate-data.js] Found 282 Treasury funding data points
[2026-06-30T06:59:42.975Z] [lib/validate-data.js] Treasury funding data validation passed ✓
[2026-06-30T06:59:42.975Z] [lib/validate-data.js] All data validation passed ✓
[2026-06-30T06:59:42.978Z] lib/validate-data.js completed successfully
[2026-06-30T06:59:42.978Z] Dashboard update process completed successfully
