[2026-04-23T05:35:46.183Z] Starting Liquidity Dashboard update process
[2026-04-23T05:35:46.184Z] Running lib/data-backup.js...
[2026-04-23T05:35:46.215Z] [lib/data-backup.js] ERROR: node:internal/modules/cjs/loader:1031
  throw err;
  ^

Error: Cannot find module '/home/runner/work/liquiditydashboard/liquiditydashboard/web/lib/data-backup.js'
    at Function.Module._resolveFilename (node:internal/modules/cjs/loader:1028:15)
    at Function.Module._load (node:internal/modules/cjs/loader:873:27)
    at Function.executeUserEntryPoint [as runMain] (node:internal/modules/run_main:81:12)
    at node:internal/main/run_main_module:22:47 {
  code: 'MODULE_NOT_FOUND',
  requireStack: []
}
[2026-04-23T05:35:46.217Z] lib/data-backup.js failed with exit code 1
[2026-04-23T05:35:46.218Z] Running lib/data-backup.js clean...
[2026-04-23T05:35:46.247Z] [lib/data-backup.js clean] ERROR: node:internal/modules/cjs/loader:1031
  throw err;
  ^

Error: Cannot find module '/home/runner/work/liquiditydashboard/liquiditydashboard/web/lib/data-backup.js'
    at Function.Module._resolveFilename (node:internal/modules/cjs/loader:1028:15)
    at Function.Module._load (node:internal/modules/cjs/loader:873:27)
    at Function.executeUserEntryPoint [as runMain] (node:internal/modules/run_main:81:12)
    at node:internal/main/run_main_module:22:47 {
  code: 'MODULE_NOT_FOUND',
  requireStack: []
}
[2026-04-23T05:35:46.249Z] lib/data-backup.js clean failed with exit code 1
[2026-04-23T05:35:46.249Z] Running lib/import-historical-move-data.js...
[2026-04-23T05:35:46.278Z] [lib/import-historical-move-data.js] ERROR: node:internal/modules/cjs/loader:1031
  throw err;
  ^

Error: Cannot find module '/home/runner/work/liquiditydashboard/liquiditydashboard/web/lib/import-historical-move-data.js'
    at Function.Module._resolveFilename (node:internal/modules/cjs/loader:1028:15)
    at Function.Module._load (node:internal/modules/cjs/loader:873:27)
    at Function.executeUserEntryPoint [as runMain] (node:internal/modules/run_main:81:12)
    at node:internal/main/run_main_module:22:47 {
  code: 'MODULE_NOT_FOUND',
  requireStack: []
}
[2026-04-23T05:35:46.279Z] lib/import-historical-move-data.js failed with exit code 1
[2026-04-23T05:35:46.280Z] Running lib/fetch-move-data.js...
[2026-04-23T05:35:46.307Z] [lib/fetch-move-data.js] ERROR: node:internal/modules/cjs/loader:1031
  throw err;
  ^

Error: Cannot find module '/home/runner/work/liquiditydashboard/liquiditydashboard/web/lib/fetch-move-data.js'
    at Function.Module._resolveFilename (node:internal/modules/cjs/loader:1028:15)
    at Function.Module._load (node:internal/modules/cjs/loader:873:27)
    at Function.executeUserEntryPoint [as runMain] (node:internal/modules/run_main:81:12)
    at node:internal/main/run_main_module:22:47 {
  code: 'MODULE_NOT_FOUND',
  requireStack: []
}
[2026-04-23T05:35:46.309Z] lib/fetch-move-data.js failed with exit code 1
[2026-04-23T05:35:46.309Z] Running lib/fetch-srf-data.js...
[2026-04-23T05:35:46.338Z] [lib/fetch-srf-data.js] ERROR: node:internal/modules/cjs/loader:1031
  throw err;
  ^

Error: Cannot find module '/home/runner/work/liquiditydashboard/liquiditydashboard/web/lib/fetch-srf-data.js'
    at Function.Module._resolveFilename (node:internal/modules/cjs/loader:1028:15)
    at Function.Module._load (node:internal/modules/cjs/loader:873:27)
    at Function.executeUserEntryPoint [as runMain] (node:internal/modules/run_main:81:12)
    at node:internal/main/run_main_module:22:47 {
  code: 'MODULE_NOT_FOUND',
  requireStack: []
}
[2026-04-23T05:35:46.340Z] lib/fetch-srf-data.js failed with exit code 1
[2026-04-23T05:35:46.341Z] Running lib/fetch-bill-share-data.js...
[2026-04-23T05:35:46.370Z] [lib/fetch-bill-share-data.js] ERROR: node:internal/modules/cjs/loader:1031
  throw err;
  ^

Error: Cannot find module '/home/runner/work/liquiditydashboard/liquiditydashboard/web/lib/fetch-bill-share-data.js'
    at Function.Module._resolveFilename (node:internal/modules/cjs/loader:1028:15)
    at Function.Module._load (node:internal/modules/cjs/loader:873:27)
    at Function.executeUserEntryPoint [as runMain] (node:internal/modules/run_main:81:12)
    at node:internal/main/run_main_module:22:47 {
  code: 'MODULE_NOT_FOUND',
  requireStack: []
}
[2026-04-23T05:35:46.373Z] lib/fetch-bill-share-data.js failed with exit code 1
[2026-04-23T05:35:46.373Z] Running lib/cleanup-future-dates.js...
[2026-04-23T05:35:46.452Z] [lib/cleanup-future-dates.js] Starting data cleanup process...
[2026-04-23T05:35:46.501Z] [lib/cleanup-future-dates.js] WorldTimeAPI failed, trying alternative source
[2026-04-23T05:35:46.932Z] [lib/cleanup-future-dates.js] Using TimeAPI date: 2026-04-23T05:35:46.8257427
[2026-04-23T05:35:46.932Z] [lib/cleanup-future-dates.js] Using reference date: 2026-4-23
[2026-04-23T05:35:46.932Z] [lib/cleanup-future-dates.js] Processing MOVE index data (/home/runner/work/liquiditydashboard/liquiditydashboard/web/public/series/move.json)...
[2026-04-23T05:35:46.932Z] [lib/cleanup-future-dates.js] Loaded 111 MOVE index data points
[2026-04-23T05:35:46.933Z] [lib/cleanup-future-dates.js] No future-dated entries found in MOVE index data
[2026-04-23T05:35:46.933Z] [lib/cleanup-future-dates.js] Processing SRF data (/home/runner/work/liquiditydashboard/liquiditydashboard/web/public/series/srf.json)...
[2026-04-23T05:35:46.933Z] [lib/cleanup-future-dates.js] Loaded 1017 SRF data points
[2026-04-23T05:35:46.935Z] [lib/cleanup-future-dates.js] No future-dated entries found in SRF data
[2026-04-23T05:35:46.935Z] [lib/cleanup-future-dates.js] Processing Treasury bill share data (/home/runner/work/liquiditydashboard/liquiditydashboard/web/public/series/bill-share.json)...
[2026-04-23T05:35:46.935Z] [lib/cleanup-future-dates.js] Loaded 282 Treasury bill share data points
[2026-04-23T05:35:46.935Z] [lib/cleanup-future-dates.js] No future-dated entries found in Treasury bill share data
[2026-04-23T05:35:46.936Z] [lib/cleanup-future-dates.js] Cleanup complete! Removed 0 future-dated entries in total.
Data cleanup completed with no changes needed
[2026-04-23T05:35:46.939Z] lib/cleanup-future-dates.js completed successfully
[2026-04-23T05:35:46.939Z] Running lib/validate-data.js...
[2026-04-23T05:35:47.016Z] [lib/validate-data.js] Running data validation...
[2026-04-23T05:35:47.016Z] [lib/validate-data.js] Validating MOVE index data...
[2026-04-23T05:35:47.017Z] [lib/validate-data.js] Found 111 MOVE data points
[2026-04-23T05:35:47.101Z] [lib/validate-data.js] WorldTimeAPI failed, trying alternative source
[2026-04-23T05:35:47.697Z] [lib/validate-data.js] Using TimeAPI date: 2026-04-23T05:35:47.590079
[2026-04-23T05:35:47.697Z] [lib/validate-data.js] Using reference date: 2026-4-23
[2026-04-23T05:35:47.698Z] [lib/validate-data.js] MOVE index data validation passed ✓
[2026-04-23T05:35:47.698Z] [lib/validate-data.js] Validating SRF data...
[2026-04-23T05:35:47.698Z] [lib/validate-data.js] Found 1017 SRF data points
[2026-04-23T05:35:47.736Z] [lib/validate-data.js] WorldTimeAPI failed, trying alternative source
[2026-04-23T05:35:48.155Z] [lib/validate-data.js] Using TimeAPI date: 2026-04-23T05:35:48.0540376
[2026-04-23T05:35:48.157Z] [lib/validate-data.js] SRF data validation passed ✓
[2026-04-23T05:35:48.157Z] [lib/validate-data.js] Validating Treasury funding data...
[2026-04-23T05:35:48.157Z] [lib/validate-data.js] Found 282 Treasury funding data points
[2026-04-23T05:35:48.157Z] [lib/validate-data.js] Treasury funding data validation passed ✓
[2026-04-23T05:35:48.158Z] [lib/validate-data.js] All data validation passed ✓
[2026-04-23T05:35:48.161Z] lib/validate-data.js completed successfully
[2026-04-23T05:35:48.161Z] Dashboard update process completed successfully
