[2026-03-27T05:13:56.303Z] Starting Liquidity Dashboard update process
[2026-03-27T05:13:56.305Z] Running lib/data-backup.js...
[2026-03-27T05:13:56.335Z] [lib/data-backup.js] ERROR: node:internal/modules/cjs/loader:1031
  throw err;
  ^

Error: Cannot find module '/home/runner/work/liquiditydashboard/liquiditydashboard/web/lib/data-backup.js'
    at Function.Module._resolveFilename (node:internal/modules/cjs/loader:1028:15)
    at Function.Module._load (node:internal/modules/cjs/loader:873:27)
    at Function.executeUserEntryPoint [as runMain] (node:internal/modules/run_main:81:12)
    at node:internal/main/run_main_module:22:47 {
  code: 'MODULE_NOT_FOUND',
  requireStack: []
}
[2026-03-27T05:13:56.338Z] lib/data-backup.js failed with exit code 1
[2026-03-27T05:13:56.338Z] Running lib/data-backup.js clean...
[2026-03-27T05:13:56.367Z] [lib/data-backup.js clean] ERROR: node:internal/modules/cjs/loader:1031
  throw err;
  ^

Error: Cannot find module '/home/runner/work/liquiditydashboard/liquiditydashboard/web/lib/data-backup.js'
    at Function.Module._resolveFilename (node:internal/modules/cjs/loader:1028:15)
    at Function.Module._load (node:internal/modules/cjs/loader:873:27)
    at Function.executeUserEntryPoint [as runMain] (node:internal/modules/run_main:81:12)
    at node:internal/main/run_main_module:22:47 {
  code: 'MODULE_NOT_FOUND',
  requireStack: []
}
[2026-03-27T05:13:56.369Z] lib/data-backup.js clean failed with exit code 1
[2026-03-27T05:13:56.369Z] Running lib/import-historical-move-data.js...
[2026-03-27T05:13:56.398Z] [lib/import-historical-move-data.js] ERROR: node:internal/modules/cjs/loader:1031
  throw err;
  ^

Error: Cannot find module '/home/runner/work/liquiditydashboard/liquiditydashboard/web/lib/import-historical-move-data.js'
    at Function.Module._resolveFilename (node:internal/modules/cjs/loader:1028:15)
    at Function.Module._load (node:internal/modules/cjs/loader:873:27)
    at Function.executeUserEntryPoint [as runMain] (node:internal/modules/run_main:81:12)
    at node:internal/main/run_main_module:22:47 {
  code: 'MODULE_NOT_FOUND',
  requireStack: []
}
[2026-03-27T05:13:56.399Z] lib/import-historical-move-data.js failed with exit code 1
[2026-03-27T05:13:56.399Z] Running lib/fetch-move-data.js...
[2026-03-27T05:13:56.428Z] [lib/fetch-move-data.js] ERROR: node:internal/modules/cjs/loader:1031
  throw err;
  ^

Error: Cannot find module '/home/runner/work/liquiditydashboard/liquiditydashboard/web/lib/fetch-move-data.js'
    at Function.Module._resolveFilename (node:internal/modules/cjs/loader:1028:15)
    at Function.Module._load (node:internal/modules/cjs/loader:873:27)
    at Function.executeUserEntryPoint [as runMain] (node:internal/modules/run_main:81:12)
    at node:internal/main/run_main_module:22:47 {
  code: 'MODULE_NOT_FOUND',
  requireStack: []
}
[2026-03-27T05:13:56.430Z] lib/fetch-move-data.js failed with exit code 1
[2026-03-27T05:13:56.430Z] Running lib/fetch-srf-data.js...
[2026-03-27T05:13:56.465Z] [lib/fetch-srf-data.js] ERROR: node:internal/modules/cjs/loader:1031
  throw err;
  ^

Error: Cannot find module '/home/runner/work/liquiditydashboard/liquiditydashboard/web/lib/fetch-srf-data.js'
    at Function.Module._resolveFilename (node:internal/modules/cjs/loader:1028:15)
    at Function.Module._load (node:internal/modules/cjs/loader:873:27)
    at Function.executeUserEntryPoint [as runMain] (node:internal/modules/run_main:81:12)
    at node:internal/main/run_main_module:22:47 {
  code: 'MODULE_NOT_FOUND',
  requireStack: []
}
[2026-03-27T05:13:56.468Z] lib/fetch-srf-data.js failed with exit code 1
[2026-03-27T05:13:56.468Z] Running lib/fetch-bill-share-data.js...
[2026-03-27T05:13:56.497Z] [lib/fetch-bill-share-data.js] ERROR: node:internal/modules/cjs/loader:1031
  throw err;
  ^

Error: Cannot find module '/home/runner/work/liquiditydashboard/liquiditydashboard/web/lib/fetch-bill-share-data.js'
    at Function.Module._resolveFilename (node:internal/modules/cjs/loader:1028:15)
    at Function.Module._load (node:internal/modules/cjs/loader:873:27)
    at Function.executeUserEntryPoint [as runMain] (node:internal/modules/run_main:81:12)
    at node:internal/main/run_main_module:22:47 {
  code: 'MODULE_NOT_FOUND',
  requireStack: []
}
[2026-03-27T05:13:56.500Z] lib/fetch-bill-share-data.js failed with exit code 1
[2026-03-27T05:13:56.500Z] Running lib/cleanup-future-dates.js...
[2026-03-27T05:13:56.583Z] [lib/cleanup-future-dates.js] Starting data cleanup process...
[2026-03-27T05:13:56.840Z] [lib/cleanup-future-dates.js] WorldTimeAPI failed, trying alternative source
[2026-03-27T05:13:57.538Z] [lib/cleanup-future-dates.js] Using TimeAPI date: 2026-03-27T05:13:57.3212022
[2026-03-27T05:13:57.539Z] [lib/cleanup-future-dates.js] Using reference date: 2026-3-27
[2026-03-27T05:13:57.539Z] [lib/cleanup-future-dates.js] Processing MOVE index data (/home/runner/work/liquiditydashboard/liquiditydashboard/web/public/series/move.json)...
[2026-03-27T05:13:57.539Z] [lib/cleanup-future-dates.js] Loaded 111 MOVE index data points
[2026-03-27T05:13:57.540Z] [lib/cleanup-future-dates.js] No future-dated entries found in MOVE index data
[2026-03-27T05:13:57.540Z] [lib/cleanup-future-dates.js] Processing SRF data (/home/runner/work/liquiditydashboard/liquiditydashboard/web/public/series/srf.json)...
[2026-03-27T05:13:57.540Z] [lib/cleanup-future-dates.js] Loaded 1017 SRF data points
[2026-03-27T05:13:57.542Z] [lib/cleanup-future-dates.js] No future-dated entries found in SRF data
[2026-03-27T05:13:57.542Z] [lib/cleanup-future-dates.js] Processing Treasury bill share data (/home/runner/work/liquiditydashboard/liquiditydashboard/web/public/series/bill-share.json)...
[2026-03-27T05:13:57.543Z] [lib/cleanup-future-dates.js] Loaded 282 Treasury bill share data points
[2026-03-27T05:13:57.543Z] [lib/cleanup-future-dates.js] No future-dated entries found in Treasury bill share data
[2026-03-27T05:13:57.543Z] [lib/cleanup-future-dates.js] Cleanup complete! Removed 0 future-dated entries in total.
Data cleanup completed with no changes needed
[2026-03-27T05:13:57.547Z] lib/cleanup-future-dates.js completed successfully
[2026-03-27T05:13:57.547Z] Running lib/validate-data.js...
[2026-03-27T05:13:57.624Z] [lib/validate-data.js] Running data validation...
[2026-03-27T05:13:57.624Z] [lib/validate-data.js] Validating MOVE index data...
[2026-03-27T05:13:57.625Z] [lib/validate-data.js] Found 111 MOVE data points
[2026-03-27T05:13:57.741Z] [lib/validate-data.js] WorldTimeAPI failed, trying alternative source
[2026-03-27T05:13:58.561Z] [lib/validate-data.js] Using TimeAPI date: 2026-03-27T05:13:58.3410541
[2026-03-27T05:13:58.561Z] [lib/validate-data.js] Using reference date: 2026-3-27
[2026-03-27T05:13:58.562Z] [lib/validate-data.js] MOVE index data validation passed ✓
[2026-03-27T05:13:58.562Z] [lib/validate-data.js] Validating SRF data...
[2026-03-27T05:13:58.562Z] [lib/validate-data.js] Found 1017 SRF data points
[2026-03-27T05:13:58.656Z] [lib/validate-data.js] WorldTimeAPI failed, trying alternative source
[2026-03-27T05:13:59.204Z] [lib/validate-data.js] Using TimeAPI date: 2026-03-27T05:13:58.9923582
[2026-03-27T05:13:59.206Z] [lib/validate-data.js] SRF data validation passed ✓
[2026-03-27T05:13:59.206Z] [lib/validate-data.js] Validating Treasury funding data...
[2026-03-27T05:13:59.207Z] [lib/validate-data.js] Found 282 Treasury funding data points
[2026-03-27T05:13:59.207Z] [lib/validate-data.js] Treasury funding data validation passed ✓
[2026-03-27T05:13:59.207Z] [lib/validate-data.js] All data validation passed ✓
[2026-03-27T05:13:59.210Z] lib/validate-data.js completed successfully
[2026-03-27T05:13:59.210Z] Dashboard update process completed successfully
