[2025-09-29T03:39:16.310Z] Starting Liquidity Dashboard update process
[2025-09-29T03:39:16.311Z] Running lib/data-backup.js...
[2025-09-29T03:39:16.341Z] [lib/data-backup.js] ERROR: node:internal/modules/cjs/loader:1031
  throw err;
  ^

Error: Cannot find module '/home/runner/work/liquiditydashboard/liquiditydashboard/web/lib/data-backup.js'
    at Function.Module._resolveFilename (node:internal/modules/cjs/loader:1028:15)
    at Function.Module._load (node:internal/modules/cjs/loader:873:27)
    at Function.executeUserEntryPoint [as runMain] (node:internal/modules/run_main:81:12)
    at node:internal/main/run_main_module:22:47 {
  code: 'MODULE_NOT_FOUND',
  requireStack: []
}
[2025-09-29T03:39:16.344Z] lib/data-backup.js failed with exit code 1
[2025-09-29T03:39:16.344Z] Running lib/data-backup.js clean...
[2025-09-29T03:39:16.373Z] [lib/data-backup.js clean] ERROR: node:internal/modules/cjs/loader:1031
  throw err;
  ^

Error: Cannot find module '/home/runner/work/liquiditydashboard/liquiditydashboard/web/lib/data-backup.js'
    at Function.Module._resolveFilename (node:internal/modules/cjs/loader:1028:15)
    at Function.Module._load (node:internal/modules/cjs/loader:873:27)
    at Function.executeUserEntryPoint [as runMain] (node:internal/modules/run_main:81:12)
    at node:internal/main/run_main_module:22:47 {
  code: 'MODULE_NOT_FOUND',
  requireStack: []
}
[2025-09-29T03:39:16.375Z] lib/data-backup.js clean failed with exit code 1
[2025-09-29T03:39:16.375Z] Running lib/import-historical-move-data.js...
[2025-09-29T03:39:16.404Z] [lib/import-historical-move-data.js] ERROR: node:internal/modules/cjs/loader:1031
  throw err;
  ^

Error: Cannot find module '/home/runner/work/liquiditydashboard/liquiditydashboard/web/lib/import-historical-move-data.js'
    at Function.Module._resolveFilename (node:internal/modules/cjs/loader:1028:15)
    at Function.Module._load (node:internal/modules/cjs/loader:873:27)
    at Function.executeUserEntryPoint [as runMain] (node:internal/modules/run_main:81:12)
    at node:internal/main/run_main_module:22:47 {
  code: 'MODULE_NOT_FOUND',
  requireStack: []
}
[2025-09-29T03:39:16.406Z] lib/import-historical-move-data.js failed with exit code 1
[2025-09-29T03:39:16.406Z] Running lib/fetch-move-data.js...
[2025-09-29T03:39:16.435Z] [lib/fetch-move-data.js] ERROR: node:internal/modules/cjs/loader:1031
  throw err;
  ^

Error: Cannot find module '/home/runner/work/liquiditydashboard/liquiditydashboard/web/lib/fetch-move-data.js'
    at Function.Module._resolveFilename (node:internal/modules/cjs/loader:1028:15)
    at Function.Module._load (node:internal/modules/cjs/loader:873:27)
    at Function.executeUserEntryPoint [as runMain] (node:internal/modules/run_main:81:12)
    at node:internal/main/run_main_module:22:47 {
  code: 'MODULE_NOT_FOUND',
  requireStack: []
}
[2025-09-29T03:39:16.438Z] lib/fetch-move-data.js failed with exit code 1
[2025-09-29T03:39:16.438Z] Running lib/fetch-srf-data.js...
[2025-09-29T03:39:16.475Z] [lib/fetch-srf-data.js] ERROR: node:internal/modules/cjs/loader:1031
  throw err;
  ^

Error: Cannot find module '/home/runner/work/liquiditydashboard/liquiditydashboard/web/lib/fetch-srf-data.js'
    at Function.Module._resolveFilename (node:internal/modules/cjs/loader:1028:15)
    at Function.Module._load (node:internal/modules/cjs/loader:873:27)
    at Function.executeUserEntryPoint [as runMain] (node:internal/modules/run_main:81:12)
    at node:internal/main/run_main_module:22:47 {
  code: 'MODULE_NOT_FOUND',
  requireStack: []
}
[2025-09-29T03:39:16.478Z] lib/fetch-srf-data.js failed with exit code 1
[2025-09-29T03:39:16.478Z] Running lib/fetch-bill-share-data.js...
[2025-09-29T03:39:16.508Z] [lib/fetch-bill-share-data.js] ERROR: node:internal/modules/cjs/loader:1031
  throw err;
  ^

Error: Cannot find module '/home/runner/work/liquiditydashboard/liquiditydashboard/web/lib/fetch-bill-share-data.js'
    at Function.Module._resolveFilename (node:internal/modules/cjs/loader:1028:15)
    at Function.Module._load (node:internal/modules/cjs/loader:873:27)
    at Function.executeUserEntryPoint [as runMain] (node:internal/modules/run_main:81:12)
    at node:internal/main/run_main_module:22:47 {
  code: 'MODULE_NOT_FOUND',
  requireStack: []
}
[2025-09-29T03:39:16.510Z] lib/fetch-bill-share-data.js failed with exit code 1
[2025-09-29T03:39:16.511Z] Running lib/cleanup-future-dates.js...
[2025-09-29T03:39:16.589Z] [lib/cleanup-future-dates.js] Starting data cleanup process...
[2025-09-29T03:39:16.947Z] [lib/cleanup-future-dates.js] Using WorldTimeAPI date: 2025-09-29T03:39:16.917304+00:00
[2025-09-29T03:39:16.947Z] [lib/cleanup-future-dates.js] Using reference date: 2025-9-29
[2025-09-29T03:39:16.947Z] [lib/cleanup-future-dates.js] Processing MOVE index data (/home/runner/work/liquiditydashboard/liquiditydashboard/web/public/series/move.json)...
[2025-09-29T03:39:16.947Z] [lib/cleanup-future-dates.js] Loaded 111 MOVE index data points
[2025-09-29T03:39:16.948Z] [lib/cleanup-future-dates.js] No future-dated entries found in MOVE index data
[2025-09-29T03:39:16.948Z] [lib/cleanup-future-dates.js] Processing SRF data (/home/runner/work/liquiditydashboard/liquiditydashboard/web/public/series/srf.json)...
[2025-09-29T03:39:16.948Z] [lib/cleanup-future-dates.js] Loaded 1017 SRF data points
[2025-09-29T03:39:16.950Z] [lib/cleanup-future-dates.js] No future-dated entries found in SRF data
[2025-09-29T03:39:16.950Z] [lib/cleanup-future-dates.js] Processing Treasury bill share data (/home/runner/work/liquiditydashboard/liquiditydashboard/web/public/series/bill-share.json)...
[2025-09-29T03:39:16.951Z] [lib/cleanup-future-dates.js] Loaded 282 Treasury bill share data points
[2025-09-29T03:39:16.951Z] [lib/cleanup-future-dates.js] No future-dated entries found in Treasury bill share data
[2025-09-29T03:39:16.951Z] [lib/cleanup-future-dates.js] Cleanup complete! Removed 0 future-dated entries in total.
Data cleanup completed with no changes needed
[2025-09-29T03:39:16.954Z] lib/cleanup-future-dates.js completed successfully
[2025-09-29T03:39:16.954Z] Running lib/validate-data.js...
[2025-09-29T03:39:17.038Z] [lib/validate-data.js] Running data validation...
[2025-09-29T03:39:17.039Z] [lib/validate-data.js] Validating MOVE index data...
[2025-09-29T03:39:17.039Z] [lib/validate-data.js] Found 111 MOVE data points
[2025-09-29T03:39:17.211Z] [lib/validate-data.js] WorldTimeAPI failed, trying alternative source
[2025-09-29T03:39:18.340Z] [lib/validate-data.js] Using TimeAPI date: 2025-09-29T03:39:18.2631249
[2025-09-29T03:39:18.340Z] [lib/validate-data.js] Using reference date: 2025-9-29
[2025-09-29T03:39:18.341Z] [lib/validate-data.js] MOVE index data validation passed ✓
[2025-09-29T03:39:18.341Z] [lib/validate-data.js] Validating SRF data...
[2025-09-29T03:39:18.341Z] [lib/validate-data.js] Found 1017 SRF data points
[2025-09-29T03:39:18.482Z] [lib/validate-data.js] WorldTimeAPI failed, trying alternative source
[2025-09-29T03:39:19.177Z] [lib/validate-data.js] Using TimeAPI date: 2025-09-29T03:39:19.1066442
[2025-09-29T03:39:19.179Z] [lib/validate-data.js] SRF data validation passed ✓
[2025-09-29T03:39:19.179Z] [lib/validate-data.js] Validating Treasury funding data...
[2025-09-29T03:39:19.179Z] [lib/validate-data.js] Found 282 Treasury funding data points
[2025-09-29T03:39:19.180Z] [lib/validate-data.js] Treasury funding data validation passed ✓
[2025-09-29T03:39:19.180Z] [lib/validate-data.js] All data validation passed ✓
[2025-09-29T03:39:19.183Z] lib/validate-data.js completed successfully
[2025-09-29T03:39:19.183Z] Dashboard update process completed successfully
