[2025-06-08T03:55:29.840Z] Starting Liquidity Dashboard update process
[2025-06-08T03:55:29.842Z] Running lib/data-backup.js...
[2025-06-08T03:55:29.871Z] [lib/data-backup.js] ERROR: node:internal/modules/cjs/loader:1031
  throw err;
  ^

Error: Cannot find module '/home/runner/work/liquiditydashboard/liquiditydashboard/web/lib/data-backup.js'
    at Function.Module._resolveFilename (node:internal/modules/cjs/loader:1028:15)
    at Function.Module._load (node:internal/modules/cjs/loader:873:27)
    at Function.executeUserEntryPoint [as runMain] (node:internal/modules/run_main:81:12)
    at node:internal/main/run_main_module:22:47 {
  code: 'MODULE_NOT_FOUND',
  requireStack: []
}
[2025-06-08T03:55:29.874Z] lib/data-backup.js failed with exit code 1
[2025-06-08T03:55:29.874Z] Running lib/data-backup.js clean...
[2025-06-08T03:55:29.902Z] [lib/data-backup.js clean] ERROR: node:internal/modules/cjs/loader:1031
  throw err;
  ^

Error: Cannot find module '/home/runner/work/liquiditydashboard/liquiditydashboard/web/lib/data-backup.js'
    at Function.Module._resolveFilename (node:internal/modules/cjs/loader:1028:15)
    at Function.Module._load (node:internal/modules/cjs/loader:873:27)
    at Function.executeUserEntryPoint [as runMain] (node:internal/modules/run_main:81:12)
    at node:internal/main/run_main_module:22:47 {
  code: 'MODULE_NOT_FOUND',
  requireStack: []
}
[2025-06-08T03:55:29.904Z] lib/data-backup.js clean failed with exit code 1
[2025-06-08T03:55:29.904Z] Running lib/import-historical-move-data.js...
[2025-06-08T03:55:29.933Z] [lib/import-historical-move-data.js] ERROR: node:internal/modules/cjs/loader:1031
  throw err;
  ^

Error: Cannot find module '/home/runner/work/liquiditydashboard/liquiditydashboard/web/lib/import-historical-move-data.js'
    at Function.Module._resolveFilename (node:internal/modules/cjs/loader:1028:15)
    at Function.Module._load (node:internal/modules/cjs/loader:873:27)
    at Function.executeUserEntryPoint [as runMain] (node:internal/modules/run_main:81:12)
    at node:internal/main/run_main_module:22:47 {
  code: 'MODULE_NOT_FOUND',
  requireStack: []
}
[2025-06-08T03:55:29.935Z] lib/import-historical-move-data.js failed with exit code 1
[2025-06-08T03:55:29.935Z] Running lib/fetch-move-data.js...
[2025-06-08T03:55:29.963Z] [lib/fetch-move-data.js] ERROR: node:internal/modules/cjs/loader:1031
  throw err;
  ^

Error: Cannot find module '/home/runner/work/liquiditydashboard/liquiditydashboard/web/lib/fetch-move-data.js'
    at Function.Module._resolveFilename (node:internal/modules/cjs/loader:1028:15)
    at Function.Module._load (node:internal/modules/cjs/loader:873:27)
    at Function.executeUserEntryPoint [as runMain] (node:internal/modules/run_main:81:12)
    at node:internal/main/run_main_module:22:47 {
  code: 'MODULE_NOT_FOUND',
  requireStack: []
}
[2025-06-08T03:55:29.965Z] lib/fetch-move-data.js failed with exit code 1
[2025-06-08T03:55:29.965Z] Running lib/fetch-srf-data.js...
[2025-06-08T03:55:29.994Z] [lib/fetch-srf-data.js] ERROR: node:internal/modules/cjs/loader:1031
  throw err;
  ^

Error: Cannot find module '/home/runner/work/liquiditydashboard/liquiditydashboard/web/lib/fetch-srf-data.js'
    at Function.Module._resolveFilename (node:internal/modules/cjs/loader:1028:15)
    at Function.Module._load (node:internal/modules/cjs/loader:873:27)
    at Function.executeUserEntryPoint [as runMain] (node:internal/modules/run_main:81:12)
    at node:internal/main/run_main_module:22:47 {
  code: 'MODULE_NOT_FOUND',
  requireStack: []
}
[2025-06-08T03:55:29.996Z] lib/fetch-srf-data.js failed with exit code 1
[2025-06-08T03:55:29.996Z] Running lib/fetch-bill-share-data.js...
[2025-06-08T03:55:30.025Z] [lib/fetch-bill-share-data.js] ERROR: node:internal/modules/cjs/loader:1031
  throw err;
  ^

Error: Cannot find module '/home/runner/work/liquiditydashboard/liquiditydashboard/web/lib/fetch-bill-share-data.js'
    at Function.Module._resolveFilename (node:internal/modules/cjs/loader:1028:15)
    at Function.Module._load (node:internal/modules/cjs/loader:873:27)
    at Function.executeUserEntryPoint [as runMain] (node:internal/modules/run_main:81:12)
    at node:internal/main/run_main_module:22:47 {
  code: 'MODULE_NOT_FOUND',
  requireStack: []
}
[2025-06-08T03:55:30.027Z] lib/fetch-bill-share-data.js failed with exit code 1
[2025-06-08T03:55:30.027Z] Running lib/cleanup-future-dates.js...
[2025-06-08T03:55:30.102Z] [lib/cleanup-future-dates.js] Starting data cleanup process...
[2025-06-08T03:55:31.581Z] [lib/cleanup-future-dates.js] Using WorldTimeAPI date: 2025-06-08T03:55:31.000761+00:00
[2025-06-08T03:55:31.581Z] [lib/cleanup-future-dates.js] Using reference date: 2025-6-8
[2025-06-08T03:55:31.581Z] [lib/cleanup-future-dates.js] Processing MOVE index data (/home/runner/work/liquiditydashboard/liquiditydashboard/web/public/series/move.json)...
[2025-06-08T03:55:31.582Z] [lib/cleanup-future-dates.js] Loaded 111 MOVE index data points
[2025-06-08T03:55:31.582Z] [lib/cleanup-future-dates.js] No future-dated entries found in MOVE index data
[2025-06-08T03:55:31.582Z] [lib/cleanup-future-dates.js] Processing SRF data (/home/runner/work/liquiditydashboard/liquiditydashboard/web/public/series/srf.json)...
[2025-06-08T03:55:31.583Z] [lib/cleanup-future-dates.js] Loaded 1017 SRF data points
[2025-06-08T03:55:31.584Z] [lib/cleanup-future-dates.js] No future-dated entries found in SRF data
[2025-06-08T03:55:31.584Z] [lib/cleanup-future-dates.js] Processing Treasury bill share data (/home/runner/work/liquiditydashboard/liquiditydashboard/web/public/series/bill-share.json)...
[2025-06-08T03:55:31.584Z] [lib/cleanup-future-dates.js] Loaded 282 Treasury bill share data points
[2025-06-08T03:55:31.585Z] [lib/cleanup-future-dates.js] No future-dated entries found in Treasury bill share data
[2025-06-08T03:55:31.585Z] [lib/cleanup-future-dates.js] Cleanup complete! Removed 0 future-dated entries in total.
Data cleanup completed with no changes needed
[2025-06-08T03:55:31.588Z] lib/cleanup-future-dates.js completed successfully
[2025-06-08T03:55:31.588Z] Running lib/validate-data.js...
[2025-06-08T03:55:31.661Z] [lib/validate-data.js] Running data validation...
[2025-06-08T03:55:31.662Z] [lib/validate-data.js] Validating MOVE index data...
[2025-06-08T03:55:31.662Z] [lib/validate-data.js] Found 111 MOVE data points
[2025-06-08T03:55:31.824Z] [lib/validate-data.js] Using WorldTimeAPI date: 2025-06-08T03:55:31.798188+00:00
[2025-06-08T03:55:31.824Z] [lib/validate-data.js] Using reference date: 2025-6-8
[2025-06-08T03:55:31.825Z] [lib/validate-data.js] MOVE index data validation passed ✓
[2025-06-08T03:55:31.825Z] [lib/validate-data.js] Validating SRF data...
[2025-06-08T03:55:31.826Z] [lib/validate-data.js] Found 1017 SRF data points
[2025-06-08T03:55:32.025Z] [lib/validate-data.js] Using WorldTimeAPI date: 2025-06-08T03:55:32.008060+00:00
[2025-06-08T03:55:32.027Z] [lib/validate-data.js] SRF data validation passed ✓
[2025-06-08T03:55:32.027Z] [lib/validate-data.js] Validating Treasury funding data...
[2025-06-08T03:55:32.028Z] [lib/validate-data.js] Found 282 Treasury funding data points
[2025-06-08T03:55:32.028Z] [lib/validate-data.js] Treasury funding data validation passed ✓
[2025-06-08T03:55:32.028Z] [lib/validate-data.js] All data validation passed ✓
[2025-06-08T03:55:32.031Z] lib/validate-data.js completed successfully
[2025-06-08T03:55:32.031Z] Dashboard update process completed successfully
