[2026-06-11T08:09:17.148Z] Starting Liquidity Dashboard update process
[2026-06-11T08:09:17.149Z] Running lib/data-backup.js...
[2026-06-11T08:09:17.180Z] [lib/data-backup.js] ERROR: node:internal/modules/cjs/loader:1031
  throw err;
  ^

Error: Cannot find module '/home/runner/work/liquiditydashboard/liquiditydashboard/web/lib/data-backup.js'
    at Function.Module._resolveFilename (node:internal/modules/cjs/loader:1028:15)
    at Function.Module._load (node:internal/modules/cjs/loader:873:27)
    at Function.executeUserEntryPoint [as runMain] (node:internal/modules/run_main:81:12)
    at node:internal/main/run_main_module:22:47 {
  code: 'MODULE_NOT_FOUND',
  requireStack: []
}
[2026-06-11T08:09:17.182Z] lib/data-backup.js failed with exit code 1
[2026-06-11T08:09:17.183Z] Running lib/data-backup.js clean...
[2026-06-11T08:09:17.213Z] [lib/data-backup.js clean] ERROR: node:internal/modules/cjs/loader:1031
  throw err;
  ^

Error: Cannot find module '/home/runner/work/liquiditydashboard/liquiditydashboard/web/lib/data-backup.js'
    at Function.Module._resolveFilename (node:internal/modules/cjs/loader:1028:15)
    at Function.Module._load (node:internal/modules/cjs/loader:873:27)
    at Function.executeUserEntryPoint [as runMain] (node:internal/modules/run_main:81:12)
    at node:internal/main/run_main_module:22:47 {
  code: 'MODULE_NOT_FOUND',
  requireStack: []
}
[2026-06-11T08:09:17.214Z] lib/data-backup.js clean failed with exit code 1
[2026-06-11T08:09:17.215Z] Running lib/import-historical-move-data.js...
[2026-06-11T08:09:17.244Z] [lib/import-historical-move-data.js] ERROR: node:internal/modules/cjs/loader:1031
  throw err;
  ^

Error: Cannot find module '/home/runner/work/liquiditydashboard/liquiditydashboard/web/lib/import-historical-move-data.js'
    at Function.Module._resolveFilename (node:internal/modules/cjs/loader:1028:15)
    at Function.Module._load (node:internal/modules/cjs/loader:873:27)
    at Function.executeUserEntryPoint [as runMain] (node:internal/modules/run_main:81:12)
    at node:internal/main/run_main_module:22:47 {
  code: 'MODULE_NOT_FOUND',
  requireStack: []
}
[2026-06-11T08:09:17.246Z] lib/import-historical-move-data.js failed with exit code 1
[2026-06-11T08:09:17.246Z] Running lib/fetch-move-data.js...
[2026-06-11T08:09:17.276Z] [lib/fetch-move-data.js] ERROR: node:internal/modules/cjs/loader:1031
  throw err;
  ^

Error: Cannot find module '/home/runner/work/liquiditydashboard/liquiditydashboard/web/lib/fetch-move-data.js'
    at Function.Module._resolveFilename (node:internal/modules/cjs/loader:1028:15)
    at Function.Module._load (node:internal/modules/cjs/loader:873:27)
    at Function.executeUserEntryPoint [as runMain] (node:internal/modules/run_main:81:12)
    at node:internal/main/run_main_module:22:47 {
  code: 'MODULE_NOT_FOUND',
  requireStack: []
}
[2026-06-11T08:09:17.278Z] lib/fetch-move-data.js failed with exit code 1
[2026-06-11T08:09:17.278Z] Running lib/fetch-srf-data.js...
[2026-06-11T08:09:17.307Z] [lib/fetch-srf-data.js] ERROR: node:internal/modules/cjs/loader:1031
  throw err;
  ^

Error: Cannot find module '/home/runner/work/liquiditydashboard/liquiditydashboard/web/lib/fetch-srf-data.js'
    at Function.Module._resolveFilename (node:internal/modules/cjs/loader:1028:15)
    at Function.Module._load (node:internal/modules/cjs/loader:873:27)
    at Function.executeUserEntryPoint [as runMain] (node:internal/modules/run_main:81:12)
    at node:internal/main/run_main_module:22:47 {
  code: 'MODULE_NOT_FOUND',
  requireStack: []
}
[2026-06-11T08:09:17.309Z] lib/fetch-srf-data.js failed with exit code 1
[2026-06-11T08:09:17.309Z] Running lib/fetch-bill-share-data.js...
[2026-06-11T08:09:17.338Z] [lib/fetch-bill-share-data.js] ERROR: node:internal/modules/cjs/loader:1031
  throw err;
  ^

Error: Cannot find module '/home/runner/work/liquiditydashboard/liquiditydashboard/web/lib/fetch-bill-share-data.js'
    at Function.Module._resolveFilename (node:internal/modules/cjs/loader:1028:15)
    at Function.Module._load (node:internal/modules/cjs/loader:873:27)
    at Function.executeUserEntryPoint [as runMain] (node:internal/modules/run_main:81:12)
    at node:internal/main/run_main_module:22:47 {
  code: 'MODULE_NOT_FOUND',
  requireStack: []
}
[2026-06-11T08:09:17.341Z] lib/fetch-bill-share-data.js failed with exit code 1
[2026-06-11T08:09:17.341Z] Running lib/cleanup-future-dates.js...
[2026-06-11T08:09:17.425Z] [lib/cleanup-future-dates.js] Starting data cleanup process...
[2026-06-11T08:09:17.517Z] [lib/cleanup-future-dates.js] WorldTimeAPI failed, trying alternative source
[2026-06-11T08:09:17.969Z] [lib/cleanup-future-dates.js] Using TimeAPI date: 2026-06-11T08:09:21.630584
[2026-06-11T08:09:17.969Z] [lib/cleanup-future-dates.js] Using reference date: 2026-6-11

Processing MOVE index data (/home/runner/work/liquiditydashboard/liquiditydashboard/web/public/series/move.json)...
[2026-06-11T08:09:17.970Z] [lib/cleanup-future-dates.js] Loaded 111 MOVE index data points
[2026-06-11T08:09:17.970Z] [lib/cleanup-future-dates.js] No future-dated entries found in MOVE index data
[2026-06-11T08:09:17.970Z] [lib/cleanup-future-dates.js] Processing SRF data (/home/runner/work/liquiditydashboard/liquiditydashboard/web/public/series/srf.json)...
[2026-06-11T08:09:17.971Z] [lib/cleanup-future-dates.js] Loaded 1017 SRF data points
[2026-06-11T08:09:17.971Z] [lib/cleanup-future-dates.js] No future-dated entries found in SRF data
[2026-06-11T08:09:17.972Z] [lib/cleanup-future-dates.js] Processing Treasury bill share data (/home/runner/work/liquiditydashboard/liquiditydashboard/web/public/series/bill-share.json)...
[2026-06-11T08:09:17.972Z] [lib/cleanup-future-dates.js] Loaded 282 Treasury bill share data points
[2026-06-11T08:09:17.972Z] [lib/cleanup-future-dates.js] No future-dated entries found in Treasury bill share data
[2026-06-11T08:09:17.972Z] [lib/cleanup-future-dates.js] Cleanup complete! Removed 0 future-dated entries in total.
[2026-06-11T08:09:17.973Z] [lib/cleanup-future-dates.js] Data cleanup completed with no changes needed
[2026-06-11T08:09:17.975Z] lib/cleanup-future-dates.js completed successfully
[2026-06-11T08:09:17.975Z] Running lib/validate-data.js...
[2026-06-11T08:09:18.059Z] [lib/validate-data.js] Running data validation...
[2026-06-11T08:09:18.059Z] [lib/validate-data.js] Validating MOVE index data...
[2026-06-11T08:09:18.060Z] [lib/validate-data.js] Found 111 MOVE data points
[2026-06-11T08:09:18.164Z] [lib/validate-data.js] WorldTimeAPI failed, trying alternative source
[2026-06-11T08:09:18.615Z] [lib/validate-data.js] Using TimeAPI date: 2026-06-11T08:09:22.2762763
[2026-06-11T08:09:18.615Z] [lib/validate-data.js] Using reference date: 2026-6-11
[2026-06-11T08:09:18.616Z] [lib/validate-data.js] MOVE index data validation passed ✓
[2026-06-11T08:09:18.616Z] [lib/validate-data.js] Validating SRF data...
[2026-06-11T08:09:18.616Z] [lib/validate-data.js] Found 1017 SRF data points
[2026-06-11T08:09:18.691Z] [lib/validate-data.js] WorldTimeAPI failed, trying alternative source
[2026-06-11T08:09:19.129Z] [lib/validate-data.js] Using TimeAPI date: 2026-06-11T08:09:22.7954169
[2026-06-11T08:09:19.132Z] [lib/validate-data.js] SRF data validation passed ✓
[2026-06-11T08:09:19.132Z] [lib/validate-data.js] Validating Treasury funding data...
[2026-06-11T08:09:19.132Z] [lib/validate-data.js] Found 282 Treasury funding data points
[2026-06-11T08:09:19.133Z] [lib/validate-data.js] Treasury funding data validation passed ✓
[2026-06-11T08:09:19.133Z] [lib/validate-data.js] All data validation passed ✓
[2026-06-11T08:09:19.136Z] lib/validate-data.js completed successfully
[2026-06-11T08:09:19.136Z] Dashboard update process completed successfully
