[2026-01-08T04:05:01.426Z] Starting Liquidity Dashboard update process
[2026-01-08T04:05:01.428Z] Running lib/data-backup.js...
[2026-01-08T04:05:01.459Z] [lib/data-backup.js] ERROR: node:internal/modules/cjs/loader:1031
  throw err;
  ^

Error: Cannot find module '/home/runner/work/liquiditydashboard/liquiditydashboard/web/lib/data-backup.js'
    at Function.Module._resolveFilename (node:internal/modules/cjs/loader:1028:15)
    at Function.Module._load (node:internal/modules/cjs/loader:873:27)
    at Function.executeUserEntryPoint [as runMain] (node:internal/modules/run_main:81:12)
    at node:internal/main/run_main_module:22:47 {
  code: 'MODULE_NOT_FOUND',
  requireStack: []
}
[2026-01-08T04:05:01.461Z] lib/data-backup.js failed with exit code 1
[2026-01-08T04:05:01.462Z] Running lib/data-backup.js clean...
[2026-01-08T04:05:01.491Z] [lib/data-backup.js clean] ERROR: node:internal/modules/cjs/loader:1031
  throw err;
  ^

Error: Cannot find module '/home/runner/work/liquiditydashboard/liquiditydashboard/web/lib/data-backup.js'
    at Function.Module._resolveFilename (node:internal/modules/cjs/loader:1028:15)
    at Function.Module._load (node:internal/modules/cjs/loader:873:27)
    at Function.executeUserEntryPoint [as runMain] (node:internal/modules/run_main:81:12)
    at node:internal/main/run_main_module:22:47 {
  code: 'MODULE_NOT_FOUND',
  requireStack: []
}
[2026-01-08T04:05:01.493Z] lib/data-backup.js clean failed with exit code 1
[2026-01-08T04:05:01.493Z] Running lib/import-historical-move-data.js...
[2026-01-08T04:05:01.521Z] [lib/import-historical-move-data.js] ERROR: node:internal/modules/cjs/loader:1031
  throw err;
  ^

Error: Cannot find module '/home/runner/work/liquiditydashboard/liquiditydashboard/web/lib/import-historical-move-data.js'
    at Function.Module._resolveFilename (node:internal/modules/cjs/loader:1028:15)
    at Function.Module._load (node:internal/modules/cjs/loader:873:27)
    at Function.executeUserEntryPoint [as runMain] (node:internal/modules/run_main:81:12)
    at node:internal/main/run_main_module:22:47 {
  code: 'MODULE_NOT_FOUND',
  requireStack: []
}
[2026-01-08T04:05:01.524Z] lib/import-historical-move-data.js failed with exit code 1
[2026-01-08T04:05:01.524Z] Running lib/fetch-move-data.js...
[2026-01-08T04:05:01.552Z] [lib/fetch-move-data.js] ERROR: node:internal/modules/cjs/loader:1031
  throw err;
  ^

Error: Cannot find module '/home/runner/work/liquiditydashboard/liquiditydashboard/web/lib/fetch-move-data.js'
    at Function.Module._resolveFilename (node:internal/modules/cjs/loader:1028:15)
    at Function.Module._load (node:internal/modules/cjs/loader:873:27)
    at Function.executeUserEntryPoint [as runMain] (node:internal/modules/run_main:81:12)
    at node:internal/main/run_main_module:22:47 {
  code: 'MODULE_NOT_FOUND',
  requireStack: []
}
[2026-01-08T04:05:01.554Z] lib/fetch-move-data.js failed with exit code 1
[2026-01-08T04:05:01.554Z] Running lib/fetch-srf-data.js...
[2026-01-08T04:05:01.590Z] [lib/fetch-srf-data.js] ERROR: node:internal/modules/cjs/loader:1031
  throw err;
  ^

Error: Cannot find module '/home/runner/work/liquiditydashboard/liquiditydashboard/web/lib/fetch-srf-data.js'
    at Function.Module._resolveFilename (node:internal/modules/cjs/loader:1028:15)
    at Function.Module._load (node:internal/modules/cjs/loader:873:27)
    at Function.executeUserEntryPoint [as runMain] (node:internal/modules/run_main:81:12)
    at node:internal/main/run_main_module:22:47 {
  code: 'MODULE_NOT_FOUND',
  requireStack: []
}
[2026-01-08T04:05:01.592Z] lib/fetch-srf-data.js failed with exit code 1
[2026-01-08T04:05:01.592Z] Running lib/fetch-bill-share-data.js...
[2026-01-08T04:05:01.622Z] [lib/fetch-bill-share-data.js] ERROR: node:internal/modules/cjs/loader:1031
  throw err;
  ^

Error: Cannot find module '/home/runner/work/liquiditydashboard/liquiditydashboard/web/lib/fetch-bill-share-data.js'
    at Function.Module._resolveFilename (node:internal/modules/cjs/loader:1028:15)
    at Function.Module._load (node:internal/modules/cjs/loader:873:27)
    at Function.executeUserEntryPoint [as runMain] (node:internal/modules/run_main:81:12)
    at node:internal/main/run_main_module:22:47 {
  code: 'MODULE_NOT_FOUND',
  requireStack: []
}
[2026-01-08T04:05:01.625Z] lib/fetch-bill-share-data.js failed with exit code 1
[2026-01-08T04:05:01.625Z] Running lib/cleanup-future-dates.js...
[2026-01-08T04:05:01.705Z] [lib/cleanup-future-dates.js] Starting data cleanup process...
[2026-01-08T04:05:01.992Z] [lib/cleanup-future-dates.js] Using WorldTimeAPI date: 2026-01-08T04:05:01.971553+00:00
[2026-01-08T04:05:01.992Z] [lib/cleanup-future-dates.js] Using reference date: 2026-1-8
[2026-01-08T04:05:01.992Z] [lib/cleanup-future-dates.js] Processing MOVE index data (/home/runner/work/liquiditydashboard/liquiditydashboard/web/public/series/move.json)...
[2026-01-08T04:05:01.992Z] [lib/cleanup-future-dates.js] Loaded 111 MOVE index data points
[2026-01-08T04:05:01.993Z] [lib/cleanup-future-dates.js] No future-dated entries found in MOVE index data

Processing SRF data (/home/runner/work/liquiditydashboard/liquiditydashboard/web/public/series/srf.json)...
[2026-01-08T04:05:01.993Z] [lib/cleanup-future-dates.js] Loaded 1017 SRF data points
[2026-01-08T04:05:01.994Z] [lib/cleanup-future-dates.js] No future-dated entries found in SRF data
[2026-01-08T04:05:01.995Z] [lib/cleanup-future-dates.js] Processing Treasury bill share data (/home/runner/work/liquiditydashboard/liquiditydashboard/web/public/series/bill-share.json)...
[2026-01-08T04:05:01.995Z] [lib/cleanup-future-dates.js] Loaded 282 Treasury bill share data points
[2026-01-08T04:05:01.995Z] [lib/cleanup-future-dates.js] No future-dated entries found in Treasury bill share data
[2026-01-08T04:05:01.996Z] [lib/cleanup-future-dates.js] Cleanup complete! Removed 0 future-dated entries in total.
Data cleanup completed with no changes needed
[2026-01-08T04:05:01.999Z] lib/cleanup-future-dates.js completed successfully
[2026-01-08T04:05:01.999Z] Running lib/validate-data.js...
[2026-01-08T04:05:02.077Z] [lib/validate-data.js] Running data validation...
[2026-01-08T04:05:02.078Z] [lib/validate-data.js] Validating MOVE index data...
[2026-01-08T04:05:02.078Z] [lib/validate-data.js] Found 111 MOVE data points
[2026-01-08T04:05:02.187Z] [lib/validate-data.js] Using WorldTimeAPI date: 2026-01-08T04:05:02.171121+00:00
[2026-01-08T04:05:02.187Z] [lib/validate-data.js] Using reference date: 2026-1-8
[2026-01-08T04:05:02.188Z] [lib/validate-data.js] MOVE index data validation passed ✓
[2026-01-08T04:05:02.188Z] [lib/validate-data.js] Validating SRF data...
[2026-01-08T04:05:02.189Z] [lib/validate-data.js] Found 1017 SRF data points
[2026-01-08T04:05:02.261Z] [lib/validate-data.js] WorldTimeAPI failed, trying alternative source
[2026-01-08T04:05:02.770Z] [lib/validate-data.js] TimeAPI failed, falling back to config date
[2026-01-08T04:05:02.772Z] [lib/validate-data.js] SRF data validation passed ✓
[2026-01-08T04:05:02.772Z] [lib/validate-data.js] Validating Treasury funding data...
[2026-01-08T04:05:02.772Z] [lib/validate-data.js] Found 282 Treasury funding data points
[2026-01-08T04:05:02.772Z] [lib/validate-data.js] Treasury funding data validation passed ✓
[2026-01-08T04:05:02.772Z] [lib/validate-data.js] All data validation passed ✓
[2026-01-08T04:05:02.777Z] lib/validate-data.js completed successfully
[2026-01-08T04:05:02.777Z] Dashboard update process completed successfully
