[2025-08-14T03:54:25.797Z] Starting Liquidity Dashboard update process
[2025-08-14T03:54:25.799Z] Running lib/data-backup.js...
[2025-08-14T03:54:25.829Z] [lib/data-backup.js] ERROR: node:internal/modules/cjs/loader:1031
  throw err;
  ^

Error: Cannot find module '/home/runner/work/liquiditydashboard/liquiditydashboard/web/lib/data-backup.js'
    at Function.Module._resolveFilename (node:internal/modules/cjs/loader:1028:15)
    at Function.Module._load (node:internal/modules/cjs/loader:873:27)
    at Function.executeUserEntryPoint [as runMain] (node:internal/modules/run_main:81:12)
    at node:internal/main/run_main_module:22:47 {
  code: 'MODULE_NOT_FOUND',
  requireStack: []
}
[2025-08-14T03:54:25.832Z] lib/data-backup.js failed with exit code 1
[2025-08-14T03:54:25.832Z] Running lib/data-backup.js clean...
[2025-08-14T03:54:25.861Z] [lib/data-backup.js clean] ERROR: node:internal/modules/cjs/loader:1031
  throw err;
  ^

Error: Cannot find module '/home/runner/work/liquiditydashboard/liquiditydashboard/web/lib/data-backup.js'
    at Function.Module._resolveFilename (node:internal/modules/cjs/loader:1028:15)
    at Function.Module._load (node:internal/modules/cjs/loader:873:27)
    at Function.executeUserEntryPoint [as runMain] (node:internal/modules/run_main:81:12)
    at node:internal/main/run_main_module:22:47 {
  code: 'MODULE_NOT_FOUND',
  requireStack: []
}
[2025-08-14T03:54:25.863Z] lib/data-backup.js clean failed with exit code 1
[2025-08-14T03:54:25.863Z] Running lib/import-historical-move-data.js...
[2025-08-14T03:54:25.892Z] [lib/import-historical-move-data.js] ERROR: node:internal/modules/cjs/loader:1031
  throw err;
  ^

Error: Cannot find module '/home/runner/work/liquiditydashboard/liquiditydashboard/web/lib/import-historical-move-data.js'
    at Function.Module._resolveFilename (node:internal/modules/cjs/loader:1028:15)
    at Function.Module._load (node:internal/modules/cjs/loader:873:27)
    at Function.executeUserEntryPoint [as runMain] (node:internal/modules/run_main:81:12)
    at node:internal/main/run_main_module:22:47 {
  code: 'MODULE_NOT_FOUND',
  requireStack: []
}
[2025-08-14T03:54:25.894Z] lib/import-historical-move-data.js failed with exit code 1
[2025-08-14T03:54:25.894Z] Running lib/fetch-move-data.js...
[2025-08-14T03:54:25.923Z] [lib/fetch-move-data.js] ERROR: node:internal/modules/cjs/loader:1031
  throw err;
  ^

Error: Cannot find module '/home/runner/work/liquiditydashboard/liquiditydashboard/web/lib/fetch-move-data.js'
    at Function.Module._resolveFilename (node:internal/modules/cjs/loader:1028:15)
    at Function.Module._load (node:internal/modules/cjs/loader:873:27)
    at Function.executeUserEntryPoint [as runMain] (node:internal/modules/run_main:81:12)
    at node:internal/main/run_main_module:22:47 {
  code: 'MODULE_NOT_FOUND',
  requireStack: []
}
[2025-08-14T03:54:25.925Z] lib/fetch-move-data.js failed with exit code 1
[2025-08-14T03:54:25.926Z] Running lib/fetch-srf-data.js...
[2025-08-14T03:54:25.954Z] [lib/fetch-srf-data.js] ERROR: node:internal/modules/cjs/loader:1031
  throw err;
  ^

Error: Cannot find module '/home/runner/work/liquiditydashboard/liquiditydashboard/web/lib/fetch-srf-data.js'
    at Function.Module._resolveFilename (node:internal/modules/cjs/loader:1028:15)
    at Function.Module._load (node:internal/modules/cjs/loader:873:27)
    at Function.executeUserEntryPoint [as runMain] (node:internal/modules/run_main:81:12)
    at node:internal/main/run_main_module:22:47 {
  code: 'MODULE_NOT_FOUND',
  requireStack: []
}
[2025-08-14T03:54:25.956Z] lib/fetch-srf-data.js failed with exit code 1
[2025-08-14T03:54:25.956Z] Running lib/fetch-bill-share-data.js...
[2025-08-14T03:54:25.985Z] [lib/fetch-bill-share-data.js] ERROR: node:internal/modules/cjs/loader:1031
  throw err;
  ^

Error: Cannot find module '/home/runner/work/liquiditydashboard/liquiditydashboard/web/lib/fetch-bill-share-data.js'
    at Function.Module._resolveFilename (node:internal/modules/cjs/loader:1028:15)
    at Function.Module._load (node:internal/modules/cjs/loader:873:27)
    at Function.executeUserEntryPoint [as runMain] (node:internal/modules/run_main:81:12)
    at node:internal/main/run_main_module:22:47 {
  code: 'MODULE_NOT_FOUND',
  requireStack: []
}
[2025-08-14T03:54:25.987Z] lib/fetch-bill-share-data.js failed with exit code 1
[2025-08-14T03:54:25.987Z] Running lib/cleanup-future-dates.js...
[2025-08-14T03:54:26.062Z] [lib/cleanup-future-dates.js] Starting data cleanup process...
[2025-08-14T03:54:26.158Z] [lib/cleanup-future-dates.js] WorldTimeAPI failed, trying alternative source
[2025-08-14T03:54:27.484Z] [lib/cleanup-future-dates.js] Using TimeAPI date: 2025-08-14T03:54:27.4011568
[2025-08-14T03:54:27.484Z] [lib/cleanup-future-dates.js] Using reference date: 2025-8-14
[2025-08-14T03:54:27.484Z] [lib/cleanup-future-dates.js] Processing MOVE index data (/home/runner/work/liquiditydashboard/liquiditydashboard/web/public/series/move.json)...
[2025-08-14T03:54:27.484Z] [lib/cleanup-future-dates.js] Loaded 111 MOVE index data points
[2025-08-14T03:54:27.484Z] [lib/cleanup-future-dates.js] No future-dated entries found in MOVE index data
[2025-08-14T03:54:27.485Z] [lib/cleanup-future-dates.js] Processing SRF data (/home/runner/work/liquiditydashboard/liquiditydashboard/web/public/series/srf.json)...
[2025-08-14T03:54:27.485Z] [lib/cleanup-future-dates.js] Loaded 1017 SRF data points
[2025-08-14T03:54:27.486Z] [lib/cleanup-future-dates.js] No future-dated entries found in SRF data
[2025-08-14T03:54:27.486Z] [lib/cleanup-future-dates.js] Processing Treasury bill share data (/home/runner/work/liquiditydashboard/liquiditydashboard/web/public/series/bill-share.json)...
[2025-08-14T03:54:27.487Z] [lib/cleanup-future-dates.js] Loaded 282 Treasury bill share data points
[2025-08-14T03:54:27.487Z] [lib/cleanup-future-dates.js] No future-dated entries found in Treasury bill share data
[2025-08-14T03:54:27.487Z] [lib/cleanup-future-dates.js] Cleanup complete! Removed 0 future-dated entries in total.
Data cleanup completed with no changes needed
[2025-08-14T03:54:27.490Z] lib/cleanup-future-dates.js completed successfully
[2025-08-14T03:54:27.490Z] Running lib/validate-data.js...
[2025-08-14T03:54:27.562Z] [lib/validate-data.js] Running data validation...
[2025-08-14T03:54:27.563Z] [lib/validate-data.js] Validating MOVE index data...
[2025-08-14T03:54:27.563Z] [lib/validate-data.js] Found 111 MOVE data points
[2025-08-14T03:54:27.600Z] [lib/validate-data.js] WorldTimeAPI failed, trying alternative source
[2025-08-14T03:54:28.345Z] [lib/validate-data.js] Using TimeAPI date: 2025-08-14T03:54:28.2621662
[2025-08-14T03:54:28.345Z] [lib/validate-data.js] Using reference date: 2025-8-14
[2025-08-14T03:54:28.346Z] [lib/validate-data.js] MOVE index data validation passed ✓
[2025-08-14T03:54:28.346Z] [lib/validate-data.js] Validating SRF data...
[2025-08-14T03:54:28.346Z] [lib/validate-data.js] Found 1017 SRF data points
[2025-08-14T03:54:28.437Z] [lib/validate-data.js] WorldTimeAPI failed, trying alternative source
[2025-08-14T03:54:29.166Z] [lib/validate-data.js] Using TimeAPI date: 2025-08-14T03:54:29.0875679
[2025-08-14T03:54:29.167Z] [lib/validate-data.js] SRF data validation passed ✓
[2025-08-14T03:54:29.168Z] [lib/validate-data.js] Validating Treasury funding data...
[2025-08-14T03:54:29.168Z] [lib/validate-data.js] Found 282 Treasury funding data points
[2025-08-14T03:54:29.168Z] [lib/validate-data.js] Treasury funding data validation passed ✓
[2025-08-14T03:54:29.168Z] [lib/validate-data.js] All data validation passed ✓
[2025-08-14T03:54:29.171Z] lib/validate-data.js completed successfully
[2025-08-14T03:54:29.171Z] Dashboard update process completed successfully
