[2026-03-13T04:50:42.730Z] Starting Liquidity Dashboard update process
[2026-03-13T04:50:42.731Z] Running lib/data-backup.js...
[2026-03-13T04:50:42.760Z] [lib/data-backup.js] ERROR: node:internal/modules/cjs/loader:1031
  throw err;
  ^

Error: Cannot find module '/home/runner/work/liquiditydashboard/liquiditydashboard/web/lib/data-backup.js'
    at Function.Module._resolveFilename (node:internal/modules/cjs/loader:1028:15)
    at Function.Module._load (node:internal/modules/cjs/loader:873:27)
    at Function.executeUserEntryPoint [as runMain] (node:internal/modules/run_main:81:12)
    at node:internal/main/run_main_module:22:47 {
  code: 'MODULE_NOT_FOUND',
  requireStack: []
}
[2026-03-13T04:50:42.762Z] lib/data-backup.js failed with exit code 1
[2026-03-13T04:50:42.762Z] Running lib/data-backup.js clean...
[2026-03-13T04:50:42.790Z] [lib/data-backup.js clean] ERROR: node:internal/modules/cjs/loader:1031
  throw err;
  ^

Error: Cannot find module '/home/runner/work/liquiditydashboard/liquiditydashboard/web/lib/data-backup.js'
    at Function.Module._resolveFilename (node:internal/modules/cjs/loader:1028:15)
    at Function.Module._load (node:internal/modules/cjs/loader:873:27)
    at Function.executeUserEntryPoint [as runMain] (node:internal/modules/run_main:81:12)
    at node:internal/main/run_main_module:22:47 {
  code: 'MODULE_NOT_FOUND',
  requireStack: []
}
[2026-03-13T04:50:42.792Z] lib/data-backup.js clean failed with exit code 1
[2026-03-13T04:50:42.792Z] Running lib/import-historical-move-data.js...
[2026-03-13T04:50:42.819Z] [lib/import-historical-move-data.js] ERROR: node:internal/modules/cjs/loader:1031
  throw err;
  ^

Error: Cannot find module '/home/runner/work/liquiditydashboard/liquiditydashboard/web/lib/import-historical-move-data.js'
    at Function.Module._resolveFilename (node:internal/modules/cjs/loader:1028:15)
    at Function.Module._load (node:internal/modules/cjs/loader:873:27)
    at Function.executeUserEntryPoint [as runMain] (node:internal/modules/run_main:81:12)
    at node:internal/main/run_main_module:22:47 {
  code: 'MODULE_NOT_FOUND',
  requireStack: []
}
[2026-03-13T04:50:42.821Z] lib/import-historical-move-data.js failed with exit code 1
[2026-03-13T04:50:42.821Z] Running lib/fetch-move-data.js...
[2026-03-13T04:50:42.849Z] [lib/fetch-move-data.js] ERROR: node:internal/modules/cjs/loader:1031
  throw err;
  ^

Error: Cannot find module '/home/runner/work/liquiditydashboard/liquiditydashboard/web/lib/fetch-move-data.js'
    at Function.Module._resolveFilename (node:internal/modules/cjs/loader:1028:15)
    at Function.Module._load (node:internal/modules/cjs/loader:873:27)
    at Function.executeUserEntryPoint [as runMain] (node:internal/modules/run_main:81:12)
    at node:internal/main/run_main_module:22:47 {
  code: 'MODULE_NOT_FOUND',
  requireStack: []
}
[2026-03-13T04:50:42.851Z] lib/fetch-move-data.js failed with exit code 1
[2026-03-13T04:50:42.851Z] Running lib/fetch-srf-data.js...
[2026-03-13T04:50:42.878Z] [lib/fetch-srf-data.js] ERROR: node:internal/modules/cjs/loader:1031
  throw err;
  ^

Error: Cannot find module '/home/runner/work/liquiditydashboard/liquiditydashboard/web/lib/fetch-srf-data.js'
    at Function.Module._resolveFilename (node:internal/modules/cjs/loader:1028:15)
    at Function.Module._load (node:internal/modules/cjs/loader:873:27)
    at Function.executeUserEntryPoint [as runMain] (node:internal/modules/run_main:81:12)
    at node:internal/main/run_main_module:22:47 {
  code: 'MODULE_NOT_FOUND',
  requireStack: []
}
[2026-03-13T04:50:42.880Z] lib/fetch-srf-data.js failed with exit code 1
[2026-03-13T04:50:42.880Z] Running lib/fetch-bill-share-data.js...
[2026-03-13T04:50:42.909Z] [lib/fetch-bill-share-data.js] ERROR: node:internal/modules/cjs/loader:1031
  throw err;
  ^

Error: Cannot find module '/home/runner/work/liquiditydashboard/liquiditydashboard/web/lib/fetch-bill-share-data.js'
    at Function.Module._resolveFilename (node:internal/modules/cjs/loader:1028:15)
    at Function.Module._load (node:internal/modules/cjs/loader:873:27)
    at Function.executeUserEntryPoint [as runMain] (node:internal/modules/run_main:81:12)
    at node:internal/main/run_main_module:22:47 {
  code: 'MODULE_NOT_FOUND',
  requireStack: []
}
[2026-03-13T04:50:42.911Z] lib/fetch-bill-share-data.js failed with exit code 1
[2026-03-13T04:50:42.911Z] Running lib/cleanup-future-dates.js...
[2026-03-13T04:50:42.985Z] [lib/cleanup-future-dates.js] Starting data cleanup process...
[2026-03-13T04:50:43.162Z] [lib/cleanup-future-dates.js] WorldTimeAPI failed, trying alternative source
[2026-03-13T04:50:43.907Z] [lib/cleanup-future-dates.js] Using TimeAPI date: 2026-03-13T04:50:43.6193543
[2026-03-13T04:50:43.907Z] [lib/cleanup-future-dates.js] Using reference date: 2026-3-13

Processing MOVE index data (/home/runner/work/liquiditydashboard/liquiditydashboard/web/public/series/move.json)...
[2026-03-13T04:50:43.908Z] [lib/cleanup-future-dates.js] Loaded 111 MOVE index data points
[2026-03-13T04:50:43.908Z] [lib/cleanup-future-dates.js] No future-dated entries found in MOVE index data
[2026-03-13T04:50:43.908Z] [lib/cleanup-future-dates.js] Processing SRF data (/home/runner/work/liquiditydashboard/liquiditydashboard/web/public/series/srf.json)...
[2026-03-13T04:50:43.909Z] [lib/cleanup-future-dates.js] Loaded 1017 SRF data points
[2026-03-13T04:50:43.910Z] [lib/cleanup-future-dates.js] No future-dated entries found in SRF data
[2026-03-13T04:50:43.910Z] [lib/cleanup-future-dates.js] Processing Treasury bill share data (/home/runner/work/liquiditydashboard/liquiditydashboard/web/public/series/bill-share.json)...
[2026-03-13T04:50:43.910Z] [lib/cleanup-future-dates.js] Loaded 282 Treasury bill share data points
[2026-03-13T04:50:43.911Z] [lib/cleanup-future-dates.js] No future-dated entries found in Treasury bill share data
[2026-03-13T04:50:43.911Z] [lib/cleanup-future-dates.js] Cleanup complete! Removed 0 future-dated entries in total.
[2026-03-13T04:50:43.911Z] [lib/cleanup-future-dates.js] Data cleanup completed with no changes needed
[2026-03-13T04:50:43.913Z] lib/cleanup-future-dates.js completed successfully
[2026-03-13T04:50:43.913Z] Running lib/validate-data.js...
[2026-03-13T04:50:43.984Z] [lib/validate-data.js] Running data validation...
[2026-03-13T04:50:43.985Z] [lib/validate-data.js] Validating MOVE index data...
[2026-03-13T04:50:43.985Z] [lib/validate-data.js] Found 111 MOVE data points
[2026-03-13T04:50:44.081Z] [lib/validate-data.js] WorldTimeAPI failed, trying alternative source
[2026-03-13T04:50:44.708Z] [lib/validate-data.js] Using TimeAPI date: 2026-03-13T04:50:44.419041
[2026-03-13T04:50:44.708Z] [lib/validate-data.js] Using reference date: 2026-3-13
[2026-03-13T04:50:44.709Z] [lib/validate-data.js] MOVE index data validation passed ✓
[2026-03-13T04:50:44.709Z] [lib/validate-data.js] Validating SRF data...
[2026-03-13T04:50:44.709Z] [lib/validate-data.js] Found 1017 SRF data points
[2026-03-13T04:50:44.847Z] [lib/validate-data.js] WorldTimeAPI failed, trying alternative source
[2026-03-13T04:50:45.451Z] [lib/validate-data.js] Using TimeAPI date: 2026-03-13T04:50:45.1691703
[2026-03-13T04:50:45.453Z] [lib/validate-data.js] SRF data validation passed ✓
[2026-03-13T04:50:45.453Z] [lib/validate-data.js] Validating Treasury funding data...
[2026-03-13T04:50:45.454Z] [lib/validate-data.js] Found 282 Treasury funding data points
[2026-03-13T04:50:45.454Z] [lib/validate-data.js] Treasury funding data validation passed ✓
[2026-03-13T04:50:45.454Z] [lib/validate-data.js] All data validation passed ✓
[2026-03-13T04:50:45.456Z] lib/validate-data.js completed successfully
[2026-03-13T04:50:45.456Z] Dashboard update process completed successfully
