[2026-03-12T04:53:19.520Z] Starting Liquidity Dashboard update process
[2026-03-12T04:53:19.522Z] Running lib/data-backup.js...
[2026-03-12T04:53:19.559Z] [lib/data-backup.js] ERROR: node:internal/modules/cjs/loader:1031
  throw err;
  ^

Error: Cannot find module '/home/runner/work/liquiditydashboard/liquiditydashboard/web/lib/data-backup.js'
    at Function.Module._resolveFilename (node:internal/modules/cjs/loader:1028:15)
    at Function.Module._load (node:internal/modules/cjs/loader:873:27)
    at Function.executeUserEntryPoint [as runMain] (node:internal/modules/run_main:81:12)
    at node:internal/main/run_main_module:22:47 {
  code: 'MODULE_NOT_FOUND',
  requireStack: []
}
[2026-03-12T04:53:19.562Z] lib/data-backup.js failed with exit code 1
[2026-03-12T04:53:19.562Z] Running lib/data-backup.js clean...
[2026-03-12T04:53:19.596Z] [lib/data-backup.js clean] ERROR: node:internal/modules/cjs/loader:1031
  throw err;
  ^

Error: Cannot find module '/home/runner/work/liquiditydashboard/liquiditydashboard/web/lib/data-backup.js'
    at Function.Module._resolveFilename (node:internal/modules/cjs/loader:1028:15)
    at Function.Module._load (node:internal/modules/cjs/loader:873:27)
    at Function.executeUserEntryPoint [as runMain] (node:internal/modules/run_main:81:12)
    at node:internal/main/run_main_module:22:47 {
  code: 'MODULE_NOT_FOUND',
  requireStack: []
}
[2026-03-12T04:53:19.599Z] lib/data-backup.js clean failed with exit code 1
[2026-03-12T04:53:19.599Z] Running lib/import-historical-move-data.js...
[2026-03-12T04:53:19.630Z] [lib/import-historical-move-data.js] ERROR: node:internal/modules/cjs/loader:1031
  throw err;
  ^

Error: Cannot find module '/home/runner/work/liquiditydashboard/liquiditydashboard/web/lib/import-historical-move-data.js'
    at Function.Module._resolveFilename (node:internal/modules/cjs/loader:1028:15)
    at Function.Module._load (node:internal/modules/cjs/loader:873:27)
    at Function.executeUserEntryPoint [as runMain] (node:internal/modules/run_main:81:12)
    at node:internal/main/run_main_module:22:47 {
  code: 'MODULE_NOT_FOUND',
  requireStack: []
}
[2026-03-12T04:53:19.633Z] lib/import-historical-move-data.js failed with exit code 1
[2026-03-12T04:53:19.633Z] Running lib/fetch-move-data.js...
[2026-03-12T04:53:19.679Z] [lib/fetch-move-data.js] ERROR: node:internal/modules/cjs/loader:1031
  throw err;
  ^

Error: Cannot find module '/home/runner/work/liquiditydashboard/liquiditydashboard/web/lib/fetch-move-data.js'
    at Function.Module._resolveFilename (node:internal/modules/cjs/loader:1028:15)
    at Function.Module._load (node:internal/modules/cjs/loader:873:27)
    at Function.executeUserEntryPoint [as runMain] (node:internal/modules/run_main:81:12)
    at node:internal/main/run_main_module:22:47 {
  code: 'MODULE_NOT_FOUND',
  requireStack: []
}
[2026-03-12T04:53:19.682Z] lib/fetch-move-data.js failed with exit code 1
[2026-03-12T04:53:19.682Z] Running lib/fetch-srf-data.js...
[2026-03-12T04:53:19.715Z] [lib/fetch-srf-data.js] ERROR: node:internal/modules/cjs/loader:1031
  throw err;
  ^

Error: Cannot find module '/home/runner/work/liquiditydashboard/liquiditydashboard/web/lib/fetch-srf-data.js'
    at Function.Module._resolveFilename (node:internal/modules/cjs/loader:1028:15)
    at Function.Module._load (node:internal/modules/cjs/loader:873:27)
    at Function.executeUserEntryPoint [as runMain] (node:internal/modules/run_main:81:12)
    at node:internal/main/run_main_module:22:47 {
  code: 'MODULE_NOT_FOUND',
  requireStack: []
}
[2026-03-12T04:53:19.717Z] lib/fetch-srf-data.js failed with exit code 1
[2026-03-12T04:53:19.718Z] Running lib/fetch-bill-share-data.js...
[2026-03-12T04:53:19.749Z] [lib/fetch-bill-share-data.js] ERROR: node:internal/modules/cjs/loader:1031
  throw err;
  ^

Error: Cannot find module '/home/runner/work/liquiditydashboard/liquiditydashboard/web/lib/fetch-bill-share-data.js'
    at Function.Module._resolveFilename (node:internal/modules/cjs/loader:1028:15)
    at Function.Module._load (node:internal/modules/cjs/loader:873:27)
    at Function.executeUserEntryPoint [as runMain] (node:internal/modules/run_main:81:12)
    at node:internal/main/run_main_module:22:47 {
  code: 'MODULE_NOT_FOUND',
  requireStack: []
}
[2026-03-12T04:53:19.751Z] lib/fetch-bill-share-data.js failed with exit code 1
[2026-03-12T04:53:19.752Z] Running lib/cleanup-future-dates.js...
[2026-03-12T04:53:19.835Z] [lib/cleanup-future-dates.js] Starting data cleanup process...
[2026-03-12T04:53:20.021Z] [lib/cleanup-future-dates.js] WorldTimeAPI failed, trying alternative source
[2026-03-12T04:53:20.541Z] [lib/cleanup-future-dates.js] Using TimeAPI date: 2026-03-12T04:53:20.259061
[2026-03-12T04:53:20.542Z] [lib/cleanup-future-dates.js] Using reference date: 2026-3-12
[2026-03-12T04:53:20.542Z] [lib/cleanup-future-dates.js] Processing MOVE index data (/home/runner/work/liquiditydashboard/liquiditydashboard/web/public/series/move.json)...
[2026-03-12T04:53:20.542Z] [lib/cleanup-future-dates.js] Loaded 111 MOVE index data points
[2026-03-12T04:53:20.542Z] [lib/cleanup-future-dates.js] No future-dated entries found in MOVE index data
[2026-03-12T04:53:20.543Z] [lib/cleanup-future-dates.js] Processing SRF data (/home/runner/work/liquiditydashboard/liquiditydashboard/web/public/series/srf.json)...
[2026-03-12T04:53:20.543Z] [lib/cleanup-future-dates.js] Loaded 1017 SRF data points
[2026-03-12T04:53:20.544Z] [lib/cleanup-future-dates.js] No future-dated entries found in SRF data
[2026-03-12T04:53:20.544Z] [lib/cleanup-future-dates.js] Processing Treasury bill share data (/home/runner/work/liquiditydashboard/liquiditydashboard/web/public/series/bill-share.json)...
[2026-03-12T04:53:20.545Z] [lib/cleanup-future-dates.js] Loaded 282 Treasury bill share data points
[2026-03-12T04:53:20.545Z] [lib/cleanup-future-dates.js] No future-dated entries found in Treasury bill share data
[2026-03-12T04:53:20.545Z] [lib/cleanup-future-dates.js] Cleanup complete! Removed 0 future-dated entries in total.
Data cleanup completed with no changes needed
[2026-03-12T04:53:20.549Z] lib/cleanup-future-dates.js completed successfully
[2026-03-12T04:53:20.549Z] Running lib/validate-data.js...
[2026-03-12T04:53:20.631Z] [lib/validate-data.js] Running data validation...
[2026-03-12T04:53:20.632Z] [lib/validate-data.js] Validating MOVE index data...
[2026-03-12T04:53:20.632Z] [lib/validate-data.js] Found 111 MOVE data points
[2026-03-12T04:53:20.706Z] [lib/validate-data.js] WorldTimeAPI failed, trying alternative source
[2026-03-12T04:53:21.202Z] [lib/validate-data.js] Using TimeAPI date: 2026-03-12T04:53:20.922392
[2026-03-12T04:53:21.202Z] [lib/validate-data.js] Using reference date: 2026-3-12
[2026-03-12T04:53:21.203Z] [lib/validate-data.js] MOVE index data validation passed ✓
[2026-03-12T04:53:21.203Z] [lib/validate-data.js] Validating SRF data...
[2026-03-12T04:53:21.204Z] [lib/validate-data.js] Found 1017 SRF data points
[2026-03-12T04:53:21.248Z] [lib/validate-data.js] WorldTimeAPI failed, trying alternative source
[2026-03-12T04:53:21.722Z] [lib/validate-data.js] Using TimeAPI date: 2026-03-12T04:53:21.444611
[2026-03-12T04:53:21.724Z] [lib/validate-data.js] SRF data validation passed ✓
[2026-03-12T04:53:21.724Z] [lib/validate-data.js] Validating Treasury funding data...
[2026-03-12T04:53:21.724Z] [lib/validate-data.js] Found 282 Treasury funding data points
[2026-03-12T04:53:21.725Z] [lib/validate-data.js] Treasury funding data validation passed ✓
[2026-03-12T04:53:21.725Z] [lib/validate-data.js] All data validation passed ✓
[2026-03-12T04:53:21.728Z] lib/validate-data.js completed successfully
[2026-03-12T04:53:21.729Z] Dashboard update process completed successfully
