[2025-09-30T03:33:54.046Z] Starting Liquidity Dashboard update process
[2025-09-30T03:33:54.047Z] Running lib/data-backup.js...
[2025-09-30T03:33:54.078Z] [lib/data-backup.js] ERROR: node:internal/modules/cjs/loader:1031
  throw err;
  ^

Error: Cannot find module '/home/runner/work/liquiditydashboard/liquiditydashboard/web/lib/data-backup.js'
    at Function.Module._resolveFilename (node:internal/modules/cjs/loader:1028:15)
    at Function.Module._load (node:internal/modules/cjs/loader:873:27)
    at Function.executeUserEntryPoint [as runMain] (node:internal/modules/run_main:81:12)
    at node:internal/main/run_main_module:22:47 {
  code: 'MODULE_NOT_FOUND',
  requireStack: []
}
[2025-09-30T03:33:54.081Z] lib/data-backup.js failed with exit code 1
[2025-09-30T03:33:54.081Z] Running lib/data-backup.js clean...
[2025-09-30T03:33:54.111Z] [lib/data-backup.js clean] ERROR: node:internal/modules/cjs/loader:1031
  throw err;
  ^

Error: Cannot find module '/home/runner/work/liquiditydashboard/liquiditydashboard/web/lib/data-backup.js'
    at Function.Module._resolveFilename (node:internal/modules/cjs/loader:1028:15)
    at Function.Module._load (node:internal/modules/cjs/loader:873:27)
    at Function.executeUserEntryPoint [as runMain] (node:internal/modules/run_main:81:12)
    at node:internal/main/run_main_module:22:47 {
  code: 'MODULE_NOT_FOUND',
  requireStack: []
}
[2025-09-30T03:33:54.113Z] lib/data-backup.js clean failed with exit code 1
[2025-09-30T03:33:54.113Z] Running lib/import-historical-move-data.js...
[2025-09-30T03:33:54.144Z] [lib/import-historical-move-data.js] ERROR: node:internal/modules/cjs/loader:1031
  throw err;
  ^

Error: Cannot find module '/home/runner/work/liquiditydashboard/liquiditydashboard/web/lib/import-historical-move-data.js'
    at Function.Module._resolveFilename (node:internal/modules/cjs/loader:1028:15)
    at Function.Module._load (node:internal/modules/cjs/loader:873:27)
    at Function.executeUserEntryPoint [as runMain] (node:internal/modules/run_main:81:12)
    at node:internal/main/run_main_module:22:47 {
  code: 'MODULE_NOT_FOUND',
  requireStack: []
}
[2025-09-30T03:33:54.146Z] lib/import-historical-move-data.js failed with exit code 1
[2025-09-30T03:33:54.146Z] Running lib/fetch-move-data.js...
[2025-09-30T03:33:54.175Z] [lib/fetch-move-data.js] ERROR: node:internal/modules/cjs/loader:1031
  throw err;
  ^

Error: Cannot find module '/home/runner/work/liquiditydashboard/liquiditydashboard/web/lib/fetch-move-data.js'
    at Function.Module._resolveFilename (node:internal/modules/cjs/loader:1028:15)
    at Function.Module._load (node:internal/modules/cjs/loader:873:27)
    at Function.executeUserEntryPoint [as runMain] (node:internal/modules/run_main:81:12)
    at node:internal/main/run_main_module:22:47 {
  code: 'MODULE_NOT_FOUND',
  requireStack: []
}
[2025-09-30T03:33:54.177Z] lib/fetch-move-data.js failed with exit code 1
[2025-09-30T03:33:54.178Z] Running lib/fetch-srf-data.js...
[2025-09-30T03:33:54.207Z] [lib/fetch-srf-data.js] ERROR: node:internal/modules/cjs/loader:1031
  throw err;
  ^

Error: Cannot find module '/home/runner/work/liquiditydashboard/liquiditydashboard/web/lib/fetch-srf-data.js'
    at Function.Module._resolveFilename (node:internal/modules/cjs/loader:1028:15)
    at Function.Module._load (node:internal/modules/cjs/loader:873:27)
    at Function.executeUserEntryPoint [as runMain] (node:internal/modules/run_main:81:12)
    at node:internal/main/run_main_module:22:47 {
  code: 'MODULE_NOT_FOUND',
  requireStack: []
}
[2025-09-30T03:33:54.209Z] lib/fetch-srf-data.js failed with exit code 1
[2025-09-30T03:33:54.209Z] Running lib/fetch-bill-share-data.js...
[2025-09-30T03:33:54.238Z] [lib/fetch-bill-share-data.js] ERROR: node:internal/modules/cjs/loader:1031
  throw err;
  ^

Error: Cannot find module '/home/runner/work/liquiditydashboard/liquiditydashboard/web/lib/fetch-bill-share-data.js'
    at Function.Module._resolveFilename (node:internal/modules/cjs/loader:1028:15)
    at Function.Module._load (node:internal/modules/cjs/loader:873:27)
    at Function.executeUserEntryPoint [as runMain] (node:internal/modules/run_main:81:12)
    at node:internal/main/run_main_module:22:47 {
  code: 'MODULE_NOT_FOUND',
  requireStack: []
}
[2025-09-30T03:33:54.240Z] lib/fetch-bill-share-data.js failed with exit code 1
[2025-09-30T03:33:54.241Z] Running lib/cleanup-future-dates.js...
[2025-09-30T03:33:54.319Z] [lib/cleanup-future-dates.js] Starting data cleanup process...
[2025-09-30T03:33:54.784Z] [lib/cleanup-future-dates.js] Using WorldTimeAPI date: 2025-09-30T03:33:54.756416+00:00
[2025-09-30T03:33:54.784Z] [lib/cleanup-future-dates.js] Using reference date: 2025-9-30
[2025-09-30T03:33:54.785Z] [lib/cleanup-future-dates.js] Processing MOVE index data (/home/runner/work/liquiditydashboard/liquiditydashboard/web/public/series/move.json)...
[2025-09-30T03:33:54.785Z] [lib/cleanup-future-dates.js] Loaded 111 MOVE index data points
[2025-09-30T03:33:54.785Z] [lib/cleanup-future-dates.js] No future-dated entries found in MOVE index data
[2025-09-30T03:33:54.785Z] [lib/cleanup-future-dates.js] Processing SRF data (/home/runner/work/liquiditydashboard/liquiditydashboard/web/public/series/srf.json)...
[2025-09-30T03:33:54.786Z] [lib/cleanup-future-dates.js] Loaded 1017 SRF data points
[2025-09-30T03:33:54.787Z] [lib/cleanup-future-dates.js] No future-dated entries found in SRF data
[2025-09-30T03:33:54.787Z] [lib/cleanup-future-dates.js] Processing Treasury bill share data (/home/runner/work/liquiditydashboard/liquiditydashboard/web/public/series/bill-share.json)...
[2025-09-30T03:33:54.787Z] [lib/cleanup-future-dates.js] Loaded 282 Treasury bill share data points
[2025-09-30T03:33:54.788Z] [lib/cleanup-future-dates.js] No future-dated entries found in Treasury bill share data
[2025-09-30T03:33:54.788Z] [lib/cleanup-future-dates.js] Cleanup complete! Removed 0 future-dated entries in total.
Data cleanup completed with no changes needed
[2025-09-30T03:33:54.791Z] lib/cleanup-future-dates.js completed successfully
[2025-09-30T03:33:54.791Z] Running lib/validate-data.js...
[2025-09-30T03:33:54.867Z] [lib/validate-data.js] Running data validation...
[2025-09-30T03:33:54.868Z] [lib/validate-data.js] Validating MOVE index data...
[2025-09-30T03:33:54.868Z] [lib/validate-data.js] Found 111 MOVE data points
[2025-09-30T03:33:55.166Z] [lib/validate-data.js] Using WorldTimeAPI date: 2025-09-30T03:33:55.137079+00:00
[2025-09-30T03:33:55.166Z] [lib/validate-data.js] Using reference date: 2025-9-30
[2025-09-30T03:33:55.167Z] [lib/validate-data.js] MOVE index data validation passed ✓
[2025-09-30T03:33:55.167Z] [lib/validate-data.js] Validating SRF data...
[2025-09-30T03:33:55.168Z] [lib/validate-data.js] Found 1017 SRF data points
[2025-09-30T03:33:55.698Z] [lib/validate-data.js] Using WorldTimeAPI date: 2025-09-30T03:33:55.672390+00:00
[2025-09-30T03:33:55.699Z] [lib/validate-data.js] SRF data validation passed ✓
[2025-09-30T03:33:55.700Z] [lib/validate-data.js] Validating Treasury funding data...
[2025-09-30T03:33:55.700Z] [lib/validate-data.js] Found 282 Treasury funding data points
[2025-09-30T03:33:55.700Z] [lib/validate-data.js] Treasury funding data validation passed ✓
[2025-09-30T03:33:55.700Z] [lib/validate-data.js] All data validation passed ✓
[2025-09-30T03:33:55.704Z] lib/validate-data.js completed successfully
[2025-09-30T03:33:55.704Z] Dashboard update process completed successfully
