[2025-06-06T03:49:41.489Z] Starting Liquidity Dashboard update process
[2025-06-06T03:49:41.491Z] Running lib/data-backup.js...
[2025-06-06T03:49:41.522Z] [lib/data-backup.js] ERROR: node:internal/modules/cjs/loader:1031
  throw err;
  ^

Error: Cannot find module '/home/runner/work/liquiditydashboard/liquiditydashboard/web/lib/data-backup.js'
    at Function.Module._resolveFilename (node:internal/modules/cjs/loader:1028:15)
    at Function.Module._load (node:internal/modules/cjs/loader:873:27)
    at Function.executeUserEntryPoint [as runMain] (node:internal/modules/run_main:81:12)
    at node:internal/main/run_main_module:22:47 {
  code: 'MODULE_NOT_FOUND',
  requireStack: []
}
[2025-06-06T03:49:41.525Z] lib/data-backup.js failed with exit code 1
[2025-06-06T03:49:41.525Z] Running lib/data-backup.js clean...
[2025-06-06T03:49:41.555Z] [lib/data-backup.js clean] ERROR: node:internal/modules/cjs/loader:1031
  throw err;
  ^

Error: Cannot find module '/home/runner/work/liquiditydashboard/liquiditydashboard/web/lib/data-backup.js'
    at Function.Module._resolveFilename (node:internal/modules/cjs/loader:1028:15)
    at Function.Module._load (node:internal/modules/cjs/loader:873:27)
    at Function.executeUserEntryPoint [as runMain] (node:internal/modules/run_main:81:12)
    at node:internal/main/run_main_module:22:47 {
  code: 'MODULE_NOT_FOUND',
  requireStack: []
}
[2025-06-06T03:49:41.557Z] lib/data-backup.js clean failed with exit code 1
[2025-06-06T03:49:41.557Z] Running lib/import-historical-move-data.js...
[2025-06-06T03:49:41.586Z] [lib/import-historical-move-data.js] ERROR: node:internal/modules/cjs/loader:1031
  throw err;
  ^

Error: Cannot find module '/home/runner/work/liquiditydashboard/liquiditydashboard/web/lib/import-historical-move-data.js'
    at Function.Module._resolveFilename (node:internal/modules/cjs/loader:1028:15)
    at Function.Module._load (node:internal/modules/cjs/loader:873:27)
    at Function.executeUserEntryPoint [as runMain] (node:internal/modules/run_main:81:12)
    at node:internal/main/run_main_module:22:47 {
  code: 'MODULE_NOT_FOUND',
  requireStack: []
}
[2025-06-06T03:49:41.588Z] lib/import-historical-move-data.js failed with exit code 1
[2025-06-06T03:49:41.588Z] Running lib/fetch-move-data.js...
[2025-06-06T03:49:41.618Z] [lib/fetch-move-data.js] ERROR: node:internal/modules/cjs/loader:1031
  throw err;
  ^

Error: Cannot find module '/home/runner/work/liquiditydashboard/liquiditydashboard/web/lib/fetch-move-data.js'
    at Function.Module._resolveFilename (node:internal/modules/cjs/loader:1028:15)
    at Function.Module._load (node:internal/modules/cjs/loader:873:27)
    at Function.executeUserEntryPoint [as runMain] (node:internal/modules/run_main:81:12)
    at node:internal/main/run_main_module:22:47 {
  code: 'MODULE_NOT_FOUND',
  requireStack: []
}
[2025-06-06T03:49:41.620Z] lib/fetch-move-data.js failed with exit code 1
[2025-06-06T03:49:41.620Z] Running lib/fetch-srf-data.js...
[2025-06-06T03:49:41.649Z] [lib/fetch-srf-data.js] ERROR: node:internal/modules/cjs/loader:1031
  throw err;
  ^

Error: Cannot find module '/home/runner/work/liquiditydashboard/liquiditydashboard/web/lib/fetch-srf-data.js'
    at Function.Module._resolveFilename (node:internal/modules/cjs/loader:1028:15)
    at Function.Module._load (node:internal/modules/cjs/loader:873:27)
    at Function.executeUserEntryPoint [as runMain] (node:internal/modules/run_main:81:12)
    at node:internal/main/run_main_module:22:47 {
  code: 'MODULE_NOT_FOUND',
  requireStack: []
}
[2025-06-06T03:49:41.651Z] lib/fetch-srf-data.js failed with exit code 1
[2025-06-06T03:49:41.652Z] Running lib/fetch-bill-share-data.js...
[2025-06-06T03:49:41.682Z] [lib/fetch-bill-share-data.js] ERROR: node:internal/modules/cjs/loader:1031
  throw err;
  ^

Error: Cannot find module '/home/runner/work/liquiditydashboard/liquiditydashboard/web/lib/fetch-bill-share-data.js'
    at Function.Module._resolveFilename (node:internal/modules/cjs/loader:1028:15)
    at Function.Module._load (node:internal/modules/cjs/loader:873:27)
    at Function.executeUserEntryPoint [as runMain] (node:internal/modules/run_main:81:12)
    at node:internal/main/run_main_module:22:47 {
  code: 'MODULE_NOT_FOUND',
  requireStack: []
}
[2025-06-06T03:49:41.684Z] lib/fetch-bill-share-data.js failed with exit code 1
[2025-06-06T03:49:41.684Z] Running lib/cleanup-future-dates.js...
[2025-06-06T03:49:41.762Z] [lib/cleanup-future-dates.js] Starting data cleanup process...
[2025-06-06T03:49:41.906Z] [lib/cleanup-future-dates.js] WorldTimeAPI failed, trying alternative source
[2025-06-06T03:49:42.647Z] [lib/cleanup-future-dates.js] Using TimeAPI date: 2025-06-06T03:49:42.5647485
[2025-06-06T03:49:42.647Z] [lib/cleanup-future-dates.js] Using reference date: 2025-6-6
[2025-06-06T03:49:42.647Z] [lib/cleanup-future-dates.js] Processing MOVE index data (/home/runner/work/liquiditydashboard/liquiditydashboard/web/public/series/move.json)...
[2025-06-06T03:49:42.647Z] [lib/cleanup-future-dates.js] Loaded 111 MOVE index data points
[2025-06-06T03:49:42.648Z] [lib/cleanup-future-dates.js] No future-dated entries found in MOVE index data
[2025-06-06T03:49:42.648Z] [lib/cleanup-future-dates.js] Processing SRF data (/home/runner/work/liquiditydashboard/liquiditydashboard/web/public/series/srf.json)...
[2025-06-06T03:49:42.649Z] [lib/cleanup-future-dates.js] Loaded 1017 SRF data points
[2025-06-06T03:49:42.650Z] [lib/cleanup-future-dates.js] No future-dated entries found in SRF data
[2025-06-06T03:49:42.650Z] [lib/cleanup-future-dates.js] Processing Treasury bill share data (/home/runner/work/liquiditydashboard/liquiditydashboard/web/public/series/bill-share.json)...
[2025-06-06T03:49:42.650Z] [lib/cleanup-future-dates.js] Loaded 282 Treasury bill share data points
[2025-06-06T03:49:42.651Z] [lib/cleanup-future-dates.js] No future-dated entries found in Treasury bill share data
[2025-06-06T03:49:42.651Z] [lib/cleanup-future-dates.js] Cleanup complete! Removed 0 future-dated entries in total.
Data cleanup completed with no changes needed
[2025-06-06T03:49:42.654Z] lib/cleanup-future-dates.js completed successfully
[2025-06-06T03:49:42.654Z] Running lib/validate-data.js...
[2025-06-06T03:49:42.729Z] [lib/validate-data.js] Running data validation...
[2025-06-06T03:49:42.729Z] [lib/validate-data.js] Validating MOVE index data...
[2025-06-06T03:49:42.730Z] [lib/validate-data.js] Found 111 MOVE data points
[2025-06-06T03:49:42.759Z] [lib/validate-data.js] WorldTimeAPI failed, trying alternative source
[2025-06-06T03:49:43.408Z] [lib/validate-data.js] Using TimeAPI date: 2025-06-06T03:49:43.3259682
[2025-06-06T03:49:43.408Z] [lib/validate-data.js] Using reference date: 2025-6-6
[2025-06-06T03:49:43.409Z] [lib/validate-data.js] MOVE index data validation passed ✓
[2025-06-06T03:49:43.409Z] [lib/validate-data.js] Validating SRF data...
[2025-06-06T03:49:43.410Z] [lib/validate-data.js] Found 1017 SRF data points
[2025-06-06T03:49:43.430Z] [lib/validate-data.js] WorldTimeAPI failed, trying alternative source
[2025-06-06T03:49:44.156Z] [lib/validate-data.js] Using TimeAPI date: 2025-06-06T03:49:44.0787124
[2025-06-06T03:49:44.158Z] [lib/validate-data.js] SRF data validation passed ✓
[2025-06-06T03:49:44.158Z] [lib/validate-data.js] Validating Treasury funding data...
[2025-06-06T03:49:44.158Z] [lib/validate-data.js] Found 282 Treasury funding data points
[2025-06-06T03:49:44.158Z] [lib/validate-data.js] Treasury funding data validation passed ✓
[2025-06-06T03:49:44.159Z] [lib/validate-data.js] All data validation passed ✓
[2025-06-06T03:49:44.162Z] lib/validate-data.js completed successfully
[2025-06-06T03:49:44.162Z] Dashboard update process completed successfully
