[2025-10-14T03:36:00.328Z] Starting Liquidity Dashboard update process
[2025-10-14T03:36:00.330Z] Running lib/data-backup.js...
[2025-10-14T03:36:00.359Z] [lib/data-backup.js] ERROR: node:internal/modules/cjs/loader:1031
  throw err;
  ^

Error: Cannot find module '/home/runner/work/liquiditydashboard/liquiditydashboard/web/lib/data-backup.js'
    at Function.Module._resolveFilename (node:internal/modules/cjs/loader:1028:15)
    at Function.Module._load (node:internal/modules/cjs/loader:873:27)
    at Function.executeUserEntryPoint [as runMain] (node:internal/modules/run_main:81:12)
    at node:internal/main/run_main_module:22:47 {
  code: 'MODULE_NOT_FOUND',
  requireStack: []
}
[2025-10-14T03:36:00.361Z] lib/data-backup.js failed with exit code 1
[2025-10-14T03:36:00.362Z] Running lib/data-backup.js clean...
[2025-10-14T03:36:00.390Z] [lib/data-backup.js clean] ERROR: node:internal/modules/cjs/loader:1031
  throw err;
  ^

Error: Cannot find module '/home/runner/work/liquiditydashboard/liquiditydashboard/web/lib/data-backup.js'
    at Function.Module._resolveFilename (node:internal/modules/cjs/loader:1028:15)
    at Function.Module._load (node:internal/modules/cjs/loader:873:27)
    at Function.executeUserEntryPoint [as runMain] (node:internal/modules/run_main:81:12)
    at node:internal/main/run_main_module:22:47 {
  code: 'MODULE_NOT_FOUND',
  requireStack: []
}
[2025-10-14T03:36:00.392Z] lib/data-backup.js clean failed with exit code 1
[2025-10-14T03:36:00.392Z] Running lib/import-historical-move-data.js...
[2025-10-14T03:36:00.419Z] [lib/import-historical-move-data.js] ERROR: node:internal/modules/cjs/loader:1031
  throw err;
  ^

Error: Cannot find module '/home/runner/work/liquiditydashboard/liquiditydashboard/web/lib/import-historical-move-data.js'
    at Function.Module._resolveFilename (node:internal/modules/cjs/loader:1028:15)
    at Function.Module._load (node:internal/modules/cjs/loader:873:27)
    at Function.executeUserEntryPoint [as runMain] (node:internal/modules/run_main:81:12)
    at node:internal/main/run_main_module:22:47 {
  code: 'MODULE_NOT_FOUND',
  requireStack: []
}
[2025-10-14T03:36:00.421Z] lib/import-historical-move-data.js failed with exit code 1
[2025-10-14T03:36:00.421Z] Running lib/fetch-move-data.js...
[2025-10-14T03:36:00.449Z] [lib/fetch-move-data.js] ERROR: node:internal/modules/cjs/loader:1031
  throw err;
  ^

Error: Cannot find module '/home/runner/work/liquiditydashboard/liquiditydashboard/web/lib/fetch-move-data.js'
    at Function.Module._resolveFilename (node:internal/modules/cjs/loader:1028:15)
    at Function.Module._load (node:internal/modules/cjs/loader:873:27)
    at Function.executeUserEntryPoint [as runMain] (node:internal/modules/run_main:81:12)
    at node:internal/main/run_main_module:22:47 {
  code: 'MODULE_NOT_FOUND',
  requireStack: []
}
[2025-10-14T03:36:00.451Z] lib/fetch-move-data.js failed with exit code 1
[2025-10-14T03:36:00.451Z] Running lib/fetch-srf-data.js...
[2025-10-14T03:36:00.479Z] [lib/fetch-srf-data.js] ERROR: node:internal/modules/cjs/loader:1031
  throw err;
  ^

Error: Cannot find module '/home/runner/work/liquiditydashboard/liquiditydashboard/web/lib/fetch-srf-data.js'
    at Function.Module._resolveFilename (node:internal/modules/cjs/loader:1028:15)
    at Function.Module._load (node:internal/modules/cjs/loader:873:27)
    at Function.executeUserEntryPoint [as runMain] (node:internal/modules/run_main:81:12)
    at node:internal/main/run_main_module:22:47 {
  code: 'MODULE_NOT_FOUND',
  requireStack: []
}
[2025-10-14T03:36:00.481Z] lib/fetch-srf-data.js failed with exit code 1
[2025-10-14T03:36:00.481Z] Running lib/fetch-bill-share-data.js...
[2025-10-14T03:36:00.510Z] [lib/fetch-bill-share-data.js] ERROR: node:internal/modules/cjs/loader:1031
  throw err;
  ^

Error: Cannot find module '/home/runner/work/liquiditydashboard/liquiditydashboard/web/lib/fetch-bill-share-data.js'
    at Function.Module._resolveFilename (node:internal/modules/cjs/loader:1028:15)
    at Function.Module._load (node:internal/modules/cjs/loader:873:27)
    at Function.executeUserEntryPoint [as runMain] (node:internal/modules/run_main:81:12)
    at node:internal/main/run_main_module:22:47 {
  code: 'MODULE_NOT_FOUND',
  requireStack: []
}
[2025-10-14T03:36:00.512Z] lib/fetch-bill-share-data.js failed with exit code 1
[2025-10-14T03:36:00.512Z] Running lib/cleanup-future-dates.js...
[2025-10-14T03:36:00.588Z] [lib/cleanup-future-dates.js] Starting data cleanup process...
[2025-10-14T03:36:00.868Z] [lib/cleanup-future-dates.js] WorldTimeAPI failed, trying alternative source
[2025-10-14T03:36:01.639Z] [lib/cleanup-future-dates.js] Using TimeAPI date: 2025-10-14T03:36:01.5734724
[2025-10-14T03:36:01.640Z] [lib/cleanup-future-dates.js] Using reference date: 2025-10-14
[2025-10-14T03:36:01.640Z] [lib/cleanup-future-dates.js] Processing MOVE index data (/home/runner/work/liquiditydashboard/liquiditydashboard/web/public/series/move.json)...
[2025-10-14T03:36:01.640Z] [lib/cleanup-future-dates.js] Loaded 111 MOVE index data points
[2025-10-14T03:36:01.640Z] [lib/cleanup-future-dates.js] No future-dated entries found in MOVE index data
[2025-10-14T03:36:01.641Z] [lib/cleanup-future-dates.js] Processing SRF data (/home/runner/work/liquiditydashboard/liquiditydashboard/web/public/series/srf.json)...
[2025-10-14T03:36:01.642Z] [lib/cleanup-future-dates.js] Loaded 1017 SRF data points
[2025-10-14T03:36:01.643Z] [lib/cleanup-future-dates.js] No future-dated entries found in SRF data
[2025-10-14T03:36:01.643Z] [lib/cleanup-future-dates.js] Processing Treasury bill share data (/home/runner/work/liquiditydashboard/liquiditydashboard/web/public/series/bill-share.json)...
[2025-10-14T03:36:01.643Z] [lib/cleanup-future-dates.js] Loaded 282 Treasury bill share data points
[2025-10-14T03:36:01.644Z] [lib/cleanup-future-dates.js] No future-dated entries found in Treasury bill share data
[2025-10-14T03:36:01.644Z] [lib/cleanup-future-dates.js] Cleanup complete! Removed 0 future-dated entries in total.
Data cleanup completed with no changes needed
[2025-10-14T03:36:01.647Z] lib/cleanup-future-dates.js completed successfully
[2025-10-14T03:36:01.647Z] Running lib/validate-data.js...
[2025-10-14T03:36:01.720Z] [lib/validate-data.js] Running data validation...
[2025-10-14T03:36:01.721Z] [lib/validate-data.js] Validating MOVE index data...
[2025-10-14T03:36:01.721Z] [lib/validate-data.js] Found 111 MOVE data points
[2025-10-14T03:36:01.819Z] [lib/validate-data.js] WorldTimeAPI failed, trying alternative source
[2025-10-14T03:36:02.556Z] [lib/validate-data.js] Using TimeAPI date: 2025-10-14T03:36:02.4841216
[2025-10-14T03:36:02.556Z] [lib/validate-data.js] Using reference date: 2025-10-14
[2025-10-14T03:36:02.557Z] [lib/validate-data.js] MOVE index data validation passed ✓
[2025-10-14T03:36:02.557Z] [lib/validate-data.js] Validating SRF data...
[2025-10-14T03:36:02.557Z] [lib/validate-data.js] Found 1017 SRF data points
[2025-10-14T03:36:02.590Z] [lib/validate-data.js] WorldTimeAPI failed, trying alternative source
[2025-10-14T03:36:03.212Z] [lib/validate-data.js] Using TimeAPI date: 2025-10-14T03:36:03.1462499
[2025-10-14T03:36:03.213Z] [lib/validate-data.js] SRF data validation passed ✓
[2025-10-14T03:36:03.214Z] [lib/validate-data.js] Validating Treasury funding data...
[2025-10-14T03:36:03.214Z] [lib/validate-data.js] Found 282 Treasury funding data points
[2025-10-14T03:36:03.214Z] [lib/validate-data.js] Treasury funding data validation passed ✓
[2025-10-14T03:36:03.214Z] [lib/validate-data.js] All data validation passed ✓
[2025-10-14T03:36:03.217Z] lib/validate-data.js completed successfully
[2025-10-14T03:36:03.217Z] Dashboard update process completed successfully
