[2025-12-20T03:51:33.383Z] Starting Liquidity Dashboard update process
[2025-12-20T03:51:33.384Z] Running lib/data-backup.js...
[2025-12-20T03:51:33.413Z] [lib/data-backup.js] ERROR: node:internal/modules/cjs/loader:1031
  throw err;
  ^

Error: Cannot find module '/home/runner/work/liquiditydashboard/liquiditydashboard/web/lib/data-backup.js'
    at Function.Module._resolveFilename (node:internal/modules/cjs/loader:1028:15)
    at Function.Module._load (node:internal/modules/cjs/loader:873:27)
    at Function.executeUserEntryPoint [as runMain] (node:internal/modules/run_main:81:12)
    at node:internal/main/run_main_module:22:47 {
  code: 'MODULE_NOT_FOUND',
  requireStack: []
}
[2025-12-20T03:51:33.416Z] lib/data-backup.js failed with exit code 1
[2025-12-20T03:51:33.416Z] Running lib/data-backup.js clean...
[2025-12-20T03:51:33.444Z] [lib/data-backup.js clean] ERROR: node:internal/modules/cjs/loader:1031
  throw err;
  ^

Error: Cannot find module '/home/runner/work/liquiditydashboard/liquiditydashboard/web/lib/data-backup.js'
    at Function.Module._resolveFilename (node:internal/modules/cjs/loader:1028:15)
    at Function.Module._load (node:internal/modules/cjs/loader:873:27)
    at Function.executeUserEntryPoint [as runMain] (node:internal/modules/run_main:81:12)
    at node:internal/main/run_main_module:22:47 {
  code: 'MODULE_NOT_FOUND',
  requireStack: []
}
[2025-12-20T03:51:33.446Z] lib/data-backup.js clean failed with exit code 1
[2025-12-20T03:51:33.446Z] Running lib/import-historical-move-data.js...
[2025-12-20T03:51:33.473Z] [lib/import-historical-move-data.js] ERROR: node:internal/modules/cjs/loader:1031
  throw err;
  ^

Error: Cannot find module '/home/runner/work/liquiditydashboard/liquiditydashboard/web/lib/import-historical-move-data.js'
    at Function.Module._resolveFilename (node:internal/modules/cjs/loader:1028:15)
    at Function.Module._load (node:internal/modules/cjs/loader:873:27)
    at Function.executeUserEntryPoint [as runMain] (node:internal/modules/run_main:81:12)
    at node:internal/main/run_main_module:22:47 {
  code: 'MODULE_NOT_FOUND',
  requireStack: []
}
[2025-12-20T03:51:33.476Z] lib/import-historical-move-data.js failed with exit code 1
[2025-12-20T03:51:33.476Z] Running lib/fetch-move-data.js...
[2025-12-20T03:51:33.504Z] [lib/fetch-move-data.js] ERROR: node:internal/modules/cjs/loader:1031
  throw err;
  ^

Error: Cannot find module '/home/runner/work/liquiditydashboard/liquiditydashboard/web/lib/fetch-move-data.js'
    at Function.Module._resolveFilename (node:internal/modules/cjs/loader:1028:15)
    at Function.Module._load (node:internal/modules/cjs/loader:873:27)
    at Function.executeUserEntryPoint [as runMain] (node:internal/modules/run_main:81:12)
    at node:internal/main/run_main_module:22:47 {
  code: 'MODULE_NOT_FOUND',
  requireStack: []
}
[2025-12-20T03:51:33.506Z] lib/fetch-move-data.js failed with exit code 1
[2025-12-20T03:51:33.506Z] Running lib/fetch-srf-data.js...
[2025-12-20T03:51:33.535Z] [lib/fetch-srf-data.js] ERROR: node:internal/modules/cjs/loader:1031
  throw err;
  ^

Error: Cannot find module '/home/runner/work/liquiditydashboard/liquiditydashboard/web/lib/fetch-srf-data.js'
    at Function.Module._resolveFilename (node:internal/modules/cjs/loader:1028:15)
    at Function.Module._load (node:internal/modules/cjs/loader:873:27)
    at Function.executeUserEntryPoint [as runMain] (node:internal/modules/run_main:81:12)
    at node:internal/main/run_main_module:22:47 {
  code: 'MODULE_NOT_FOUND',
  requireStack: []
}
[2025-12-20T03:51:33.538Z] lib/fetch-srf-data.js failed with exit code 1
[2025-12-20T03:51:33.538Z] Running lib/fetch-bill-share-data.js...
[2025-12-20T03:51:33.567Z] [lib/fetch-bill-share-data.js] ERROR: node:internal/modules/cjs/loader:1031
  throw err;
  ^

Error: Cannot find module '/home/runner/work/liquiditydashboard/liquiditydashboard/web/lib/fetch-bill-share-data.js'
    at Function.Module._resolveFilename (node:internal/modules/cjs/loader:1028:15)
    at Function.Module._load (node:internal/modules/cjs/loader:873:27)
    at Function.executeUserEntryPoint [as runMain] (node:internal/modules/run_main:81:12)
    at node:internal/main/run_main_module:22:47 {
  code: 'MODULE_NOT_FOUND',
  requireStack: []
}
[2025-12-20T03:51:33.569Z] lib/fetch-bill-share-data.js failed with exit code 1
[2025-12-20T03:51:33.569Z] Running lib/cleanup-future-dates.js...
[2025-12-20T03:51:33.651Z] [lib/cleanup-future-dates.js] Starting data cleanup process...
[2025-12-20T03:51:33.829Z] [lib/cleanup-future-dates.js] WorldTimeAPI failed, trying alternative source
[2025-12-20T03:51:34.607Z] [lib/cleanup-future-dates.js] Using TimeAPI date: 2025-12-20T03:51:34.5409688
[2025-12-20T03:51:34.607Z] [lib/cleanup-future-dates.js] Using reference date: 2025-12-20

Processing MOVE index data (/home/runner/work/liquiditydashboard/liquiditydashboard/web/public/series/move.json)...
[2025-12-20T03:51:34.607Z] [lib/cleanup-future-dates.js] Loaded 111 MOVE index data points
[2025-12-20T03:51:34.608Z] [lib/cleanup-future-dates.js] No future-dated entries found in MOVE index data
[2025-12-20T03:51:34.608Z] [lib/cleanup-future-dates.js] Processing SRF data (/home/runner/work/liquiditydashboard/liquiditydashboard/web/public/series/srf.json)...
[2025-12-20T03:51:34.608Z] [lib/cleanup-future-dates.js] Loaded 1017 SRF data points
[2025-12-20T03:51:34.609Z] [lib/cleanup-future-dates.js] No future-dated entries found in SRF data
[2025-12-20T03:51:34.610Z] [lib/cleanup-future-dates.js] Processing Treasury bill share data (/home/runner/work/liquiditydashboard/liquiditydashboard/web/public/series/bill-share.json)...
[2025-12-20T03:51:34.610Z] [lib/cleanup-future-dates.js] Loaded 282 Treasury bill share data points
[2025-12-20T03:51:34.611Z] [lib/cleanup-future-dates.js] No future-dated entries found in Treasury bill share data

Cleanup complete! Removed 0 future-dated entries in total.
[2025-12-20T03:51:34.611Z] [lib/cleanup-future-dates.js] Data cleanup completed with no changes needed
[2025-12-20T03:51:34.614Z] lib/cleanup-future-dates.js completed successfully
[2025-12-20T03:51:34.614Z] Running lib/validate-data.js...
[2025-12-20T03:51:34.688Z] [lib/validate-data.js] Running data validation...
[2025-12-20T03:51:34.689Z] [lib/validate-data.js] Validating MOVE index data...
[2025-12-20T03:51:34.689Z] [lib/validate-data.js] Found 111 MOVE data points
[2025-12-20T03:51:34.775Z] [lib/validate-data.js] WorldTimeAPI failed, trying alternative source
[2025-12-20T03:51:35.686Z] [lib/validate-data.js] Using TimeAPI date: 2025-12-20T03:51:35.6178979
[2025-12-20T03:51:35.686Z] [lib/validate-data.js] Using reference date: 2025-12-20
[2025-12-20T03:51:35.687Z] [lib/validate-data.js] MOVE index data validation passed ✓
[2025-12-20T03:51:35.687Z] [lib/validate-data.js] Validating SRF data...
[2025-12-20T03:51:35.688Z] [lib/validate-data.js] Found 1017 SRF data points
[2025-12-20T03:51:35.822Z] [lib/validate-data.js] WorldTimeAPI failed, trying alternative source
[2025-12-20T03:51:36.880Z] [lib/validate-data.js] Using TimeAPI date: 2025-12-20T03:51:36.8205235
[2025-12-20T03:51:36.882Z] [lib/validate-data.js] SRF data validation passed ✓
[2025-12-20T03:51:36.882Z] [lib/validate-data.js] Validating Treasury funding data...
[2025-12-20T03:51:36.882Z] [lib/validate-data.js] Found 282 Treasury funding data points
[2025-12-20T03:51:36.882Z] [lib/validate-data.js] Treasury funding data validation passed ✓
[2025-12-20T03:51:36.882Z] [lib/validate-data.js] All data validation passed ✓
[2025-12-20T03:51:36.885Z] lib/validate-data.js completed successfully
[2025-12-20T03:51:36.886Z] Dashboard update process completed successfully
