[2026-06-26T06:59:09.850Z] Starting Liquidity Dashboard update process
[2026-06-26T06:59:09.852Z] Running lib/data-backup.js...
[2026-06-26T06:59:09.887Z] [lib/data-backup.js] ERROR: node:internal/modules/cjs/loader:1031
  throw err;
  ^

Error: Cannot find module '/home/runner/work/liquiditydashboard/liquiditydashboard/web/lib/data-backup.js'
    at Function.Module._resolveFilename (node:internal/modules/cjs/loader:1028:15)
    at Function.Module._load (node:internal/modules/cjs/loader:873:27)
    at Function.executeUserEntryPoint [as runMain] (node:internal/modules/run_main:81:12)
    at node:internal/main/run_main_module:22:47 {
  code: 'MODULE_NOT_FOUND',
  requireStack: []
}
[2026-06-26T06:59:09.890Z] lib/data-backup.js failed with exit code 1
[2026-06-26T06:59:09.890Z] Running lib/data-backup.js clean...
[2026-06-26T06:59:09.920Z] [lib/data-backup.js clean] ERROR: node:internal/modules/cjs/loader:1031
  throw err;
  ^

Error: Cannot find module '/home/runner/work/liquiditydashboard/liquiditydashboard/web/lib/data-backup.js'
    at Function.Module._resolveFilename (node:internal/modules/cjs/loader:1028:15)
    at Function.Module._load (node:internal/modules/cjs/loader:873:27)
    at Function.executeUserEntryPoint [as runMain] (node:internal/modules/run_main:81:12)
    at node:internal/main/run_main_module:22:47 {
  code: 'MODULE_NOT_FOUND',
  requireStack: []
}
[2026-06-26T06:59:09.922Z] lib/data-backup.js clean failed with exit code 1
[2026-06-26T06:59:09.922Z] Running lib/import-historical-move-data.js...
[2026-06-26T06:59:09.952Z] [lib/import-historical-move-data.js] ERROR: node:internal/modules/cjs/loader:1031
  throw err;
  ^

Error: Cannot find module '/home/runner/work/liquiditydashboard/liquiditydashboard/web/lib/import-historical-move-data.js'
    at Function.Module._resolveFilename (node:internal/modules/cjs/loader:1028:15)
    at Function.Module._load (node:internal/modules/cjs/loader:873:27)
    at Function.executeUserEntryPoint [as runMain] (node:internal/modules/run_main:81:12)
    at node:internal/main/run_main_module:22:47 {
  code: 'MODULE_NOT_FOUND',
  requireStack: []
}
[2026-06-26T06:59:09.953Z] lib/import-historical-move-data.js failed with exit code 1
[2026-06-26T06:59:09.954Z] Running lib/fetch-move-data.js...
[2026-06-26T06:59:09.984Z] [lib/fetch-move-data.js] ERROR: node:internal/modules/cjs/loader:1031
  throw err;
  ^

Error: Cannot find module '/home/runner/work/liquiditydashboard/liquiditydashboard/web/lib/fetch-move-data.js'
    at Function.Module._resolveFilename (node:internal/modules/cjs/loader:1028:15)
    at Function.Module._load (node:internal/modules/cjs/loader:873:27)
    at Function.executeUserEntryPoint [as runMain] (node:internal/modules/run_main:81:12)
    at node:internal/main/run_main_module:22:47 {
  code: 'MODULE_NOT_FOUND',
  requireStack: []
}
[2026-06-26T06:59:09.985Z] lib/fetch-move-data.js failed with exit code 1
[2026-06-26T06:59:09.986Z] Running lib/fetch-srf-data.js...
[2026-06-26T06:59:10.018Z] [lib/fetch-srf-data.js] ERROR: node:internal/modules/cjs/loader:1031
  throw err;
  ^

Error: Cannot find module '/home/runner/work/liquiditydashboard/liquiditydashboard/web/lib/fetch-srf-data.js'
    at Function.Module._resolveFilename (node:internal/modules/cjs/loader:1028:15)
    at Function.Module._load (node:internal/modules/cjs/loader:873:27)
    at Function.executeUserEntryPoint [as runMain] (node:internal/modules/run_main:81:12)
    at node:internal/main/run_main_module:22:47 {
  code: 'MODULE_NOT_FOUND',
  requireStack: []
}
[2026-06-26T06:59:10.020Z] lib/fetch-srf-data.js failed with exit code 1
[2026-06-26T06:59:10.020Z] Running lib/fetch-bill-share-data.js...
[2026-06-26T06:59:10.051Z] [lib/fetch-bill-share-data.js] ERROR: node:internal/modules/cjs/loader:1031
  throw err;
  ^

Error: Cannot find module '/home/runner/work/liquiditydashboard/liquiditydashboard/web/lib/fetch-bill-share-data.js'
    at Function.Module._resolveFilename (node:internal/modules/cjs/loader:1028:15)
    at Function.Module._load (node:internal/modules/cjs/loader:873:27)
    at Function.executeUserEntryPoint [as runMain] (node:internal/modules/run_main:81:12)
    at node:internal/main/run_main_module:22:47 {
  code: 'MODULE_NOT_FOUND',
  requireStack: []
}
[2026-06-26T06:59:10.055Z] lib/fetch-bill-share-data.js failed with exit code 1
[2026-06-26T06:59:10.055Z] Running lib/cleanup-future-dates.js...
[2026-06-26T06:59:10.148Z] [lib/cleanup-future-dates.js] Starting data cleanup process...
[2026-06-26T06:59:10.342Z] [lib/cleanup-future-dates.js] WorldTimeAPI failed, trying alternative source
[2026-06-26T06:59:10.766Z] [lib/cleanup-future-dates.js] Using TimeAPI date: 2026-06-26T06:59:12.3697764
[2026-06-26T06:59:10.766Z] [lib/cleanup-future-dates.js] Using reference date: 2026-6-26

Processing MOVE index data (/home/runner/work/liquiditydashboard/liquiditydashboard/web/public/series/move.json)...
[2026-06-26T06:59:10.766Z] [lib/cleanup-future-dates.js] Loaded 111 MOVE index data points
[2026-06-26T06:59:10.767Z] [lib/cleanup-future-dates.js] No future-dated entries found in MOVE index data
[2026-06-26T06:59:10.767Z] [lib/cleanup-future-dates.js] Processing SRF data (/home/runner/work/liquiditydashboard/liquiditydashboard/web/public/series/srf.json)...
[2026-06-26T06:59:10.767Z] [lib/cleanup-future-dates.js] Loaded 1017 SRF data points
[2026-06-26T06:59:10.768Z] [lib/cleanup-future-dates.js] No future-dated entries found in SRF data
[2026-06-26T06:59:10.769Z] [lib/cleanup-future-dates.js] Processing Treasury bill share data (/home/runner/work/liquiditydashboard/liquiditydashboard/web/public/series/bill-share.json)...
[2026-06-26T06:59:10.769Z] [lib/cleanup-future-dates.js] Loaded 282 Treasury bill share data points
[2026-06-26T06:59:10.769Z] [lib/cleanup-future-dates.js] No future-dated entries found in Treasury bill share data
[2026-06-26T06:59:10.769Z] [lib/cleanup-future-dates.js] Cleanup complete! Removed 0 future-dated entries in total.
[2026-06-26T06:59:10.770Z] [lib/cleanup-future-dates.js] Data cleanup completed with no changes needed
[2026-06-26T06:59:10.772Z] lib/cleanup-future-dates.js completed successfully
[2026-06-26T06:59:10.773Z] Running lib/validate-data.js...
[2026-06-26T06:59:10.855Z] [lib/validate-data.js] Running data validation...
[2026-06-26T06:59:10.856Z] [lib/validate-data.js] Validating MOVE index data...
[2026-06-26T06:59:10.856Z] [lib/validate-data.js] Found 111 MOVE data points
[2026-06-26T06:59:10.925Z] [lib/validate-data.js] WorldTimeAPI failed, trying alternative source
[2026-06-26T06:59:11.262Z] [lib/validate-data.js] Using TimeAPI date: 2026-06-26T06:59:12.8653126
[2026-06-26T06:59:11.263Z] [lib/validate-data.js] Using reference date: 2026-6-26
[2026-06-26T06:59:11.263Z] [lib/validate-data.js] MOVE index data validation passed ✓
[2026-06-26T06:59:11.263Z] [lib/validate-data.js] Validating SRF data...
[2026-06-26T06:59:11.264Z] [lib/validate-data.js] Found 1017 SRF data points
[2026-06-26T06:59:11.344Z] [lib/validate-data.js] WorldTimeAPI failed, trying alternative source
[2026-06-26T06:59:11.750Z] [lib/validate-data.js] Using TimeAPI date: 2026-06-26T06:59:13.3573501
[2026-06-26T06:59:11.752Z] [lib/validate-data.js] SRF data validation passed ✓
[2026-06-26T06:59:11.752Z] [lib/validate-data.js] Validating Treasury funding data...
[2026-06-26T06:59:11.753Z] [lib/validate-data.js] Found 282 Treasury funding data points
[2026-06-26T06:59:11.753Z] [lib/validate-data.js] Treasury funding data validation passed ✓
[2026-06-26T06:59:11.753Z] [lib/validate-data.js] All data validation passed ✓
[2026-06-26T06:59:11.756Z] lib/validate-data.js completed successfully
[2026-06-26T06:59:11.756Z] Dashboard update process completed successfully
