[2025-09-18T03:33:10.590Z] Starting Liquidity Dashboard update process
[2025-09-18T03:33:10.591Z] Running lib/data-backup.js...
[2025-09-18T03:33:10.625Z] [lib/data-backup.js] ERROR: node:internal/modules/cjs/loader:1031
  throw err;
  ^

Error: Cannot find module '/home/runner/work/liquiditydashboard/liquiditydashboard/web/lib/data-backup.js'
    at Function.Module._resolveFilename (node:internal/modules/cjs/loader:1028:15)
    at Function.Module._load (node:internal/modules/cjs/loader:873:27)
    at Function.executeUserEntryPoint [as runMain] (node:internal/modules/run_main:81:12)
    at node:internal/main/run_main_module:22:47 {
  code: 'MODULE_NOT_FOUND',
  requireStack: []
}
[2025-09-18T03:33:10.628Z] lib/data-backup.js failed with exit code 1
[2025-09-18T03:33:10.628Z] Running lib/data-backup.js clean...
[2025-09-18T03:33:10.658Z] [lib/data-backup.js clean] ERROR: node:internal/modules/cjs/loader:1031
  throw err;
  ^

Error: Cannot find module '/home/runner/work/liquiditydashboard/liquiditydashboard/web/lib/data-backup.js'
    at Function.Module._resolveFilename (node:internal/modules/cjs/loader:1028:15)
    at Function.Module._load (node:internal/modules/cjs/loader:873:27)
    at Function.executeUserEntryPoint [as runMain] (node:internal/modules/run_main:81:12)
    at node:internal/main/run_main_module:22:47 {
  code: 'MODULE_NOT_FOUND',
  requireStack: []
}
[2025-09-18T03:33:10.660Z] lib/data-backup.js clean failed with exit code 1
[2025-09-18T03:33:10.660Z] Running lib/import-historical-move-data.js...
[2025-09-18T03:33:10.691Z] [lib/import-historical-move-data.js] ERROR: node:internal/modules/cjs/loader:1031
  throw err;
  ^

Error: Cannot find module '/home/runner/work/liquiditydashboard/liquiditydashboard/web/lib/import-historical-move-data.js'
    at Function.Module._resolveFilename (node:internal/modules/cjs/loader:1028:15)
    at Function.Module._load (node:internal/modules/cjs/loader:873:27)
    at Function.executeUserEntryPoint [as runMain] (node:internal/modules/run_main:81:12)
    at node:internal/main/run_main_module:22:47 {
  code: 'MODULE_NOT_FOUND',
  requireStack: []
}
[2025-09-18T03:33:10.692Z] lib/import-historical-move-data.js failed with exit code 1
[2025-09-18T03:33:10.693Z] Running lib/fetch-move-data.js...
[2025-09-18T03:33:10.723Z] [lib/fetch-move-data.js] ERROR: node:internal/modules/cjs/loader:1031
  throw err;
  ^

Error: Cannot find module '/home/runner/work/liquiditydashboard/liquiditydashboard/web/lib/fetch-move-data.js'
    at Function.Module._resolveFilename (node:internal/modules/cjs/loader:1028:15)
    at Function.Module._load (node:internal/modules/cjs/loader:873:27)
    at Function.executeUserEntryPoint [as runMain] (node:internal/modules/run_main:81:12)
    at node:internal/main/run_main_module:22:47 {
  code: 'MODULE_NOT_FOUND',
  requireStack: []
}
[2025-09-18T03:33:10.726Z] lib/fetch-move-data.js failed with exit code 1
[2025-09-18T03:33:10.726Z] Running lib/fetch-srf-data.js...
[2025-09-18T03:33:10.754Z] [lib/fetch-srf-data.js] ERROR: node:internal/modules/cjs/loader:1031
  throw err;
  ^

Error: Cannot find module '/home/runner/work/liquiditydashboard/liquiditydashboard/web/lib/fetch-srf-data.js'
    at Function.Module._resolveFilename (node:internal/modules/cjs/loader:1028:15)
    at Function.Module._load (node:internal/modules/cjs/loader:873:27)
    at Function.executeUserEntryPoint [as runMain] (node:internal/modules/run_main:81:12)
    at node:internal/main/run_main_module:22:47 {
  code: 'MODULE_NOT_FOUND',
  requireStack: []
}
[2025-09-18T03:33:10.757Z] lib/fetch-srf-data.js failed with exit code 1
[2025-09-18T03:33:10.757Z] Running lib/fetch-bill-share-data.js...
[2025-09-18T03:33:10.785Z] [lib/fetch-bill-share-data.js] ERROR: node:internal/modules/cjs/loader:1031
  throw err;
  ^

Error: Cannot find module '/home/runner/work/liquiditydashboard/liquiditydashboard/web/lib/fetch-bill-share-data.js'
    at Function.Module._resolveFilename (node:internal/modules/cjs/loader:1028:15)
    at Function.Module._load (node:internal/modules/cjs/loader:873:27)
    at Function.executeUserEntryPoint [as runMain] (node:internal/modules/run_main:81:12)
    at node:internal/main/run_main_module:22:47 {
  code: 'MODULE_NOT_FOUND',
  requireStack: []
}
[2025-09-18T03:33:10.788Z] lib/fetch-bill-share-data.js failed with exit code 1
[2025-09-18T03:33:10.788Z] Running lib/cleanup-future-dates.js...
[2025-09-18T03:33:10.863Z] [lib/cleanup-future-dates.js] Starting data cleanup process...
[2025-09-18T03:33:11.252Z] [lib/cleanup-future-dates.js] Using WorldTimeAPI date: 2025-09-18T03:33:11.239803+00:00
[2025-09-18T03:33:11.252Z] [lib/cleanup-future-dates.js] Using reference date: 2025-9-18
[2025-09-18T03:33:11.252Z] [lib/cleanup-future-dates.js] Processing MOVE index data (/home/runner/work/liquiditydashboard/liquiditydashboard/web/public/series/move.json)...
[2025-09-18T03:33:11.253Z] [lib/cleanup-future-dates.js] Loaded 111 MOVE index data points
[2025-09-18T03:33:11.253Z] [lib/cleanup-future-dates.js] No future-dated entries found in MOVE index data
[2025-09-18T03:33:11.253Z] [lib/cleanup-future-dates.js] Processing SRF data (/home/runner/work/liquiditydashboard/liquiditydashboard/web/public/series/srf.json)...
[2025-09-18T03:33:11.254Z] [lib/cleanup-future-dates.js] Loaded 1017 SRF data points
[2025-09-18T03:33:11.255Z] [lib/cleanup-future-dates.js] No future-dated entries found in SRF data
[2025-09-18T03:33:11.256Z] [lib/cleanup-future-dates.js] Processing Treasury bill share data (/home/runner/work/liquiditydashboard/liquiditydashboard/web/public/series/bill-share.json)...
[2025-09-18T03:33:11.256Z] [lib/cleanup-future-dates.js] Loaded 282 Treasury bill share data points
[2025-09-18T03:33:11.256Z] [lib/cleanup-future-dates.js] No future-dated entries found in Treasury bill share data
[2025-09-18T03:33:11.256Z] [lib/cleanup-future-dates.js] Cleanup complete! Removed 0 future-dated entries in total.
Data cleanup completed with no changes needed
[2025-09-18T03:33:11.259Z] lib/cleanup-future-dates.js completed successfully
[2025-09-18T03:33:11.259Z] Running lib/validate-data.js...
[2025-09-18T03:33:11.332Z] [lib/validate-data.js] Running data validation...
[2025-09-18T03:33:11.333Z] [lib/validate-data.js] Validating MOVE index data...
[2025-09-18T03:33:11.333Z] [lib/validate-data.js] Found 111 MOVE data points
[2025-09-18T03:33:11.437Z] [lib/validate-data.js] WorldTimeAPI failed, trying alternative source
[2025-09-18T03:33:12.688Z] [lib/validate-data.js] Using TimeAPI date: 2025-09-18T03:33:12.6141294
[2025-09-18T03:33:12.689Z] [lib/validate-data.js] Using reference date: 2025-9-18
[2025-09-18T03:33:12.689Z] [lib/validate-data.js] MOVE index data validation passed ✓
[2025-09-18T03:33:12.689Z] [lib/validate-data.js] Validating SRF data...
[2025-09-18T03:33:12.690Z] [lib/validate-data.js] Found 1017 SRF data points
[2025-09-18T03:33:12.749Z] [lib/validate-data.js] WorldTimeAPI failed, trying alternative source
[2025-09-18T03:33:13.999Z] [lib/validate-data.js] Using TimeAPI date: 2025-09-18T03:33:13.9315469
[2025-09-18T03:33:14.001Z] [lib/validate-data.js] SRF data validation passed ✓
[2025-09-18T03:33:14.001Z] [lib/validate-data.js] Validating Treasury funding data...
[2025-09-18T03:33:14.001Z] [lib/validate-data.js] Found 282 Treasury funding data points
[2025-09-18T03:33:14.001Z] [lib/validate-data.js] Treasury funding data validation passed ✓
[2025-09-18T03:33:14.001Z] [lib/validate-data.js] All data validation passed ✓
[2025-09-18T03:33:14.004Z] lib/validate-data.js completed successfully
[2025-09-18T03:33:14.004Z] Dashboard update process completed successfully
