[2026-07-05T06:46:38.717Z] Starting Liquidity Dashboard update process
[2026-07-05T06:46:38.719Z] Running lib/data-backup.js...
[2026-07-05T06:46:38.748Z] [lib/data-backup.js] ERROR: node:internal/modules/cjs/loader:1031
  throw err;
  ^

Error: Cannot find module '/home/runner/work/liquiditydashboard/liquiditydashboard/web/lib/data-backup.js'
    at Function.Module._resolveFilename (node:internal/modules/cjs/loader:1028:15)
    at Function.Module._load (node:internal/modules/cjs/loader:873:27)
    at Function.executeUserEntryPoint [as runMain] (node:internal/modules/run_main:81:12)
    at node:internal/main/run_main_module:22:47 {
  code: 'MODULE_NOT_FOUND',
  requireStack: []
}
[2026-07-05T06:46:38.750Z] lib/data-backup.js failed with exit code 1
[2026-07-05T06:46:38.751Z] Running lib/data-backup.js clean...
[2026-07-05T06:46:38.778Z] [lib/data-backup.js clean] ERROR: node:internal/modules/cjs/loader:1031
  throw err;
  ^

Error: Cannot find module '/home/runner/work/liquiditydashboard/liquiditydashboard/web/lib/data-backup.js'
    at Function.Module._resolveFilename (node:internal/modules/cjs/loader:1028:15)
    at Function.Module._load (node:internal/modules/cjs/loader:873:27)
    at Function.executeUserEntryPoint [as runMain] (node:internal/modules/run_main:81:12)
    at node:internal/main/run_main_module:22:47 {
  code: 'MODULE_NOT_FOUND',
  requireStack: []
}
[2026-07-05T06:46:38.780Z] lib/data-backup.js clean failed with exit code 1
[2026-07-05T06:46:38.780Z] Running lib/import-historical-move-data.js...
[2026-07-05T06:46:38.807Z] [lib/import-historical-move-data.js] ERROR: node:internal/modules/cjs/loader:1031
  throw err;
  ^

Error: Cannot find module '/home/runner/work/liquiditydashboard/liquiditydashboard/web/lib/import-historical-move-data.js'
    at Function.Module._resolveFilename (node:internal/modules/cjs/loader:1028:15)
    at Function.Module._load (node:internal/modules/cjs/loader:873:27)
    at Function.executeUserEntryPoint [as runMain] (node:internal/modules/run_main:81:12)
    at node:internal/main/run_main_module:22:47 {
  code: 'MODULE_NOT_FOUND',
  requireStack: []
}
[2026-07-05T06:46:38.809Z] lib/import-historical-move-data.js failed with exit code 1
[2026-07-05T06:46:38.809Z] Running lib/fetch-move-data.js...
[2026-07-05T06:46:38.836Z] [lib/fetch-move-data.js] ERROR: node:internal/modules/cjs/loader:1031
  throw err;
  ^

Error: Cannot find module '/home/runner/work/liquiditydashboard/liquiditydashboard/web/lib/fetch-move-data.js'
    at Function.Module._resolveFilename (node:internal/modules/cjs/loader:1028:15)
    at Function.Module._load (node:internal/modules/cjs/loader:873:27)
    at Function.executeUserEntryPoint [as runMain] (node:internal/modules/run_main:81:12)
    at node:internal/main/run_main_module:22:47 {
  code: 'MODULE_NOT_FOUND',
  requireStack: []
}
[2026-07-05T06:46:38.838Z] lib/fetch-move-data.js failed with exit code 1
[2026-07-05T06:46:38.838Z] Running lib/fetch-srf-data.js...
[2026-07-05T06:46:38.866Z] [lib/fetch-srf-data.js] ERROR: node:internal/modules/cjs/loader:1031
  throw err;
  ^

Error: Cannot find module '/home/runner/work/liquiditydashboard/liquiditydashboard/web/lib/fetch-srf-data.js'
    at Function.Module._resolveFilename (node:internal/modules/cjs/loader:1028:15)
    at Function.Module._load (node:internal/modules/cjs/loader:873:27)
    at Function.executeUserEntryPoint [as runMain] (node:internal/modules/run_main:81:12)
    at node:internal/main/run_main_module:22:47 {
  code: 'MODULE_NOT_FOUND',
  requireStack: []
}
[2026-07-05T06:46:38.869Z] lib/fetch-srf-data.js failed with exit code 1
[2026-07-05T06:46:38.869Z] Running lib/fetch-bill-share-data.js...
[2026-07-05T06:46:38.898Z] [lib/fetch-bill-share-data.js] ERROR: node:internal/modules/cjs/loader:1031
  throw err;
  ^

Error: Cannot find module '/home/runner/work/liquiditydashboard/liquiditydashboard/web/lib/fetch-bill-share-data.js'
    at Function.Module._resolveFilename (node:internal/modules/cjs/loader:1028:15)
    at Function.Module._load (node:internal/modules/cjs/loader:873:27)
    at Function.executeUserEntryPoint [as runMain] (node:internal/modules/run_main:81:12)
    at node:internal/main/run_main_module:22:47 {
  code: 'MODULE_NOT_FOUND',
  requireStack: []
}
[2026-07-05T06:46:38.900Z] lib/fetch-bill-share-data.js failed with exit code 1
[2026-07-05T06:46:38.900Z] Running lib/cleanup-future-dates.js...
[2026-07-05T06:46:38.980Z] [lib/cleanup-future-dates.js] Starting data cleanup process...
[2026-07-05T06:46:39.096Z] [lib/cleanup-future-dates.js] WorldTimeAPI failed, trying alternative source
[2026-07-05T06:46:39.518Z] [lib/cleanup-future-dates.js] Using TimeAPI date: 2026-07-05T06:46:31.5667093
[2026-07-05T06:46:39.518Z] [lib/cleanup-future-dates.js] Using reference date: 2026-7-5
[2026-07-05T06:46:39.518Z] [lib/cleanup-future-dates.js] Processing MOVE index data (/home/runner/work/liquiditydashboard/liquiditydashboard/web/public/series/move.json)...
[2026-07-05T06:46:39.518Z] [lib/cleanup-future-dates.js] Loaded 111 MOVE index data points
[2026-07-05T06:46:39.518Z] [lib/cleanup-future-dates.js] No future-dated entries found in MOVE index data
[2026-07-05T06:46:39.519Z] [lib/cleanup-future-dates.js] Processing SRF data (/home/runner/work/liquiditydashboard/liquiditydashboard/web/public/series/srf.json)...
[2026-07-05T06:46:39.519Z] [lib/cleanup-future-dates.js] Loaded 1017 SRF data points
[2026-07-05T06:46:39.520Z] [lib/cleanup-future-dates.js] No future-dated entries found in SRF data
[2026-07-05T06:46:39.520Z] [lib/cleanup-future-dates.js] Processing Treasury bill share data (/home/runner/work/liquiditydashboard/liquiditydashboard/web/public/series/bill-share.json)...
[2026-07-05T06:46:39.521Z] [lib/cleanup-future-dates.js] Loaded 282 Treasury bill share data points
[2026-07-05T06:46:39.521Z] [lib/cleanup-future-dates.js] No future-dated entries found in Treasury bill share data
[2026-07-05T06:46:39.521Z] [lib/cleanup-future-dates.js] Cleanup complete! Removed 0 future-dated entries in total.
Data cleanup completed with no changes needed
[2026-07-05T06:46:39.524Z] lib/cleanup-future-dates.js completed successfully
[2026-07-05T06:46:39.524Z] Running lib/validate-data.js...
[2026-07-05T06:46:39.603Z] [lib/validate-data.js] Running data validation...
[2026-07-05T06:46:39.604Z] [lib/validate-data.js] Validating MOVE index data...
[2026-07-05T06:46:39.604Z] [lib/validate-data.js] Found 111 MOVE data points
[2026-07-05T06:46:39.715Z] [lib/validate-data.js] WorldTimeAPI failed, trying alternative source
[2026-07-05T06:46:40.136Z] [lib/validate-data.js] Using TimeAPI date: 2026-07-05T06:46:32.186271
[2026-07-05T06:46:40.137Z] [lib/validate-data.js] Using reference date: 2026-7-5
[2026-07-05T06:46:40.137Z] [lib/validate-data.js] MOVE index data validation passed ✓
[2026-07-05T06:46:40.138Z] [lib/validate-data.js] Validating SRF data...
[2026-07-05T06:46:40.138Z] [lib/validate-data.js] Found 1017 SRF data points
[2026-07-05T06:46:40.155Z] [lib/validate-data.js] WorldTimeAPI failed, trying alternative source
[2026-07-05T06:46:40.579Z] [lib/validate-data.js] Using TimeAPI date: 2026-07-05T06:46:32.6319427
[2026-07-05T06:46:40.581Z] [lib/validate-data.js] SRF data validation passed ✓
[2026-07-05T06:46:40.581Z] [lib/validate-data.js] Validating Treasury funding data...
[2026-07-05T06:46:40.582Z] [lib/validate-data.js] Found 282 Treasury funding data points
[2026-07-05T06:46:40.582Z] [lib/validate-data.js] Treasury funding data validation passed ✓
[2026-07-05T06:46:40.582Z] [lib/validate-data.js] All data validation passed ✓
[2026-07-05T06:46:40.585Z] lib/validate-data.js completed successfully
[2026-07-05T06:46:40.585Z] Dashboard update process completed successfully
