[2026-03-18T05:03:05.277Z] Starting Liquidity Dashboard update process
[2026-03-18T05:03:05.279Z] Running lib/data-backup.js...
[2026-03-18T05:03:05.310Z] [lib/data-backup.js] ERROR: node:internal/modules/cjs/loader:1031
  throw err;
  ^

Error: Cannot find module '/home/runner/work/liquiditydashboard/liquiditydashboard/web/lib/data-backup.js'
    at Function.Module._resolveFilename (node:internal/modules/cjs/loader:1028:15)
    at Function.Module._load (node:internal/modules/cjs/loader:873:27)
    at Function.executeUserEntryPoint [as runMain] (node:internal/modules/run_main:81:12)
    at node:internal/main/run_main_module:22:47 {
  code: 'MODULE_NOT_FOUND',
  requireStack: []
}
[2026-03-18T05:03:05.312Z] lib/data-backup.js failed with exit code 1
[2026-03-18T05:03:05.313Z] Running lib/data-backup.js clean...
[2026-03-18T05:03:05.342Z] [lib/data-backup.js clean] ERROR: node:internal/modules/cjs/loader:1031
  throw err;
  ^

Error: Cannot find module '/home/runner/work/liquiditydashboard/liquiditydashboard/web/lib/data-backup.js'
    at Function.Module._resolveFilename (node:internal/modules/cjs/loader:1028:15)
    at Function.Module._load (node:internal/modules/cjs/loader:873:27)
    at Function.executeUserEntryPoint [as runMain] (node:internal/modules/run_main:81:12)
    at node:internal/main/run_main_module:22:47 {
  code: 'MODULE_NOT_FOUND',
  requireStack: []
}
[2026-03-18T05:03:05.343Z] lib/data-backup.js clean failed with exit code 1
[2026-03-18T05:03:05.344Z] Running lib/import-historical-move-data.js...
[2026-03-18T05:03:05.372Z] [lib/import-historical-move-data.js] ERROR: node:internal/modules/cjs/loader:1031
  throw err;
  ^

Error: Cannot find module '/home/runner/work/liquiditydashboard/liquiditydashboard/web/lib/import-historical-move-data.js'
    at Function.Module._resolveFilename (node:internal/modules/cjs/loader:1028:15)
    at Function.Module._load (node:internal/modules/cjs/loader:873:27)
    at Function.executeUserEntryPoint [as runMain] (node:internal/modules/run_main:81:12)
    at node:internal/main/run_main_module:22:47 {
  code: 'MODULE_NOT_FOUND',
  requireStack: []
}
[2026-03-18T05:03:05.374Z] lib/import-historical-move-data.js failed with exit code 1
[2026-03-18T05:03:05.375Z] Running lib/fetch-move-data.js...
[2026-03-18T05:03:05.403Z] [lib/fetch-move-data.js] ERROR: node:internal/modules/cjs/loader:1031
  throw err;
  ^

Error: Cannot find module '/home/runner/work/liquiditydashboard/liquiditydashboard/web/lib/fetch-move-data.js'
    at Function.Module._resolveFilename (node:internal/modules/cjs/loader:1028:15)
    at Function.Module._load (node:internal/modules/cjs/loader:873:27)
    at Function.executeUserEntryPoint [as runMain] (node:internal/modules/run_main:81:12)
    at node:internal/main/run_main_module:22:47 {
  code: 'MODULE_NOT_FOUND',
  requireStack: []
}
[2026-03-18T05:03:05.406Z] lib/fetch-move-data.js failed with exit code 1
[2026-03-18T05:03:05.406Z] Running lib/fetch-srf-data.js...
[2026-03-18T05:03:05.435Z] [lib/fetch-srf-data.js] ERROR: node:internal/modules/cjs/loader:1031
  throw err;
  ^

Error: Cannot find module '/home/runner/work/liquiditydashboard/liquiditydashboard/web/lib/fetch-srf-data.js'
    at Function.Module._resolveFilename (node:internal/modules/cjs/loader:1028:15)
    at Function.Module._load (node:internal/modules/cjs/loader:873:27)
    at Function.executeUserEntryPoint [as runMain] (node:internal/modules/run_main:81:12)
    at node:internal/main/run_main_module:22:47 {
  code: 'MODULE_NOT_FOUND',
  requireStack: []
}
[2026-03-18T05:03:05.437Z] lib/fetch-srf-data.js failed with exit code 1
[2026-03-18T05:03:05.437Z] Running lib/fetch-bill-share-data.js...
[2026-03-18T05:03:05.467Z] [lib/fetch-bill-share-data.js] ERROR: node:internal/modules/cjs/loader:1031
  throw err;
  ^

Error: Cannot find module '/home/runner/work/liquiditydashboard/liquiditydashboard/web/lib/fetch-bill-share-data.js'
    at Function.Module._resolveFilename (node:internal/modules/cjs/loader:1028:15)
    at Function.Module._load (node:internal/modules/cjs/loader:873:27)
    at Function.executeUserEntryPoint [as runMain] (node:internal/modules/run_main:81:12)
    at node:internal/main/run_main_module:22:47 {
  code: 'MODULE_NOT_FOUND',
  requireStack: []
}
[2026-03-18T05:03:05.469Z] lib/fetch-bill-share-data.js failed with exit code 1
[2026-03-18T05:03:05.469Z] Running lib/cleanup-future-dates.js...
[2026-03-18T05:03:05.553Z] [lib/cleanup-future-dates.js] Starting data cleanup process...
[2026-03-18T05:03:05.714Z] [lib/cleanup-future-dates.js] WorldTimeAPI failed, trying alternative source
[2026-03-18T05:03:06.162Z] [lib/cleanup-future-dates.js] Using TimeAPI date: 2026-03-18T05:03:05.884731
[2026-03-18T05:03:06.162Z] [lib/cleanup-future-dates.js] Using reference date: 2026-3-18

Processing MOVE index data (/home/runner/work/liquiditydashboard/liquiditydashboard/web/public/series/move.json)...
[2026-03-18T05:03:06.162Z] [lib/cleanup-future-dates.js] Loaded 111 MOVE index data points
[2026-03-18T05:03:06.163Z] [lib/cleanup-future-dates.js] No future-dated entries found in MOVE index data
[2026-03-18T05:03:06.163Z] [lib/cleanup-future-dates.js] Processing SRF data (/home/runner/work/liquiditydashboard/liquiditydashboard/web/public/series/srf.json)...
[2026-03-18T05:03:06.163Z] [lib/cleanup-future-dates.js] Loaded 1017 SRF data points
[2026-03-18T05:03:06.165Z] [lib/cleanup-future-dates.js] No future-dated entries found in SRF data
[2026-03-18T05:03:06.165Z] [lib/cleanup-future-dates.js] Processing Treasury bill share data (/home/runner/work/liquiditydashboard/liquiditydashboard/web/public/series/bill-share.json)...
[2026-03-18T05:03:06.165Z] [lib/cleanup-future-dates.js] Loaded 282 Treasury bill share data points
[2026-03-18T05:03:06.166Z] [lib/cleanup-future-dates.js] No future-dated entries found in Treasury bill share data
[2026-03-18T05:03:06.166Z] [lib/cleanup-future-dates.js] Cleanup complete! Removed 0 future-dated entries in total.
Data cleanup completed with no changes needed
[2026-03-18T05:03:06.169Z] lib/cleanup-future-dates.js completed successfully
[2026-03-18T05:03:06.169Z] Running lib/validate-data.js...
[2026-03-18T05:03:06.261Z] [lib/validate-data.js] Running data validation...
[2026-03-18T05:03:06.262Z] [lib/validate-data.js] Validating MOVE index data...
[2026-03-18T05:03:06.262Z] [lib/validate-data.js] Found 111 MOVE data points
[2026-03-18T05:03:06.348Z] [lib/validate-data.js] WorldTimeAPI failed, trying alternative source
[2026-03-18T05:03:06.766Z] [lib/validate-data.js] Using TimeAPI date: 2026-03-18T05:03:06.4885903
[2026-03-18T05:03:06.767Z] [lib/validate-data.js] Using reference date: 2026-3-18
[2026-03-18T05:03:06.767Z] [lib/validate-data.js] MOVE index data validation passed ✓
[2026-03-18T05:03:06.767Z] [lib/validate-data.js] Validating SRF data...
[2026-03-18T05:03:06.768Z] [lib/validate-data.js] Found 1017 SRF data points
[2026-03-18T05:03:06.873Z] [lib/validate-data.js] WorldTimeAPI failed, trying alternative source
[2026-03-18T05:03:07.281Z] [lib/validate-data.js] Using TimeAPI date: 2026-03-18T05:03:07.0086027
[2026-03-18T05:03:07.283Z] [lib/validate-data.js] SRF data validation passed ✓
[2026-03-18T05:03:07.283Z] [lib/validate-data.js] Validating Treasury funding data...
[2026-03-18T05:03:07.283Z] [lib/validate-data.js] Found 282 Treasury funding data points
[2026-03-18T05:03:07.283Z] [lib/validate-data.js] Treasury funding data validation passed ✓
[2026-03-18T05:03:07.283Z] [lib/validate-data.js] All data validation passed ✓
[2026-03-18T05:03:07.287Z] lib/validate-data.js completed successfully
[2026-03-18T05:03:07.287Z] Dashboard update process completed successfully
