[2026-01-28T04:10:12.559Z] Starting Liquidity Dashboard update process
[2026-01-28T04:10:12.560Z] Running lib/data-backup.js...
[2026-01-28T04:10:12.590Z] [lib/data-backup.js] ERROR: node:internal/modules/cjs/loader:1031
  throw err;
  ^

Error: Cannot find module '/home/runner/work/liquiditydashboard/liquiditydashboard/web/lib/data-backup.js'
    at Function.Module._resolveFilename (node:internal/modules/cjs/loader:1028:15)
    at Function.Module._load (node:internal/modules/cjs/loader:873:27)
    at Function.executeUserEntryPoint [as runMain] (node:internal/modules/run_main:81:12)
    at node:internal/main/run_main_module:22:47 {
  code: 'MODULE_NOT_FOUND',
  requireStack: []
}
[2026-01-28T04:10:12.592Z] lib/data-backup.js failed with exit code 1
[2026-01-28T04:10:12.593Z] Running lib/data-backup.js clean...
[2026-01-28T04:10:12.621Z] [lib/data-backup.js clean] ERROR: node:internal/modules/cjs/loader:1031
  throw err;
  ^

Error: Cannot find module '/home/runner/work/liquiditydashboard/liquiditydashboard/web/lib/data-backup.js'
    at Function.Module._resolveFilename (node:internal/modules/cjs/loader:1028:15)
    at Function.Module._load (node:internal/modules/cjs/loader:873:27)
    at Function.executeUserEntryPoint [as runMain] (node:internal/modules/run_main:81:12)
    at node:internal/main/run_main_module:22:47 {
  code: 'MODULE_NOT_FOUND',
  requireStack: []
}
[2026-01-28T04:10:12.623Z] lib/data-backup.js clean failed with exit code 1
[2026-01-28T04:10:12.623Z] Running lib/import-historical-move-data.js...
[2026-01-28T04:10:12.651Z] [lib/import-historical-move-data.js] ERROR: node:internal/modules/cjs/loader:1031
  throw err;
  ^

Error: Cannot find module '/home/runner/work/liquiditydashboard/liquiditydashboard/web/lib/import-historical-move-data.js'
    at Function.Module._resolveFilename (node:internal/modules/cjs/loader:1028:15)
    at Function.Module._load (node:internal/modules/cjs/loader:873:27)
    at Function.executeUserEntryPoint [as runMain] (node:internal/modules/run_main:81:12)
    at node:internal/main/run_main_module:22:47 {
  code: 'MODULE_NOT_FOUND',
  requireStack: []
}
[2026-01-28T04:10:12.653Z] lib/import-historical-move-data.js failed with exit code 1
[2026-01-28T04:10:12.654Z] Running lib/fetch-move-data.js...
[2026-01-28T04:10:12.682Z] [lib/fetch-move-data.js] ERROR: node:internal/modules/cjs/loader:1031
  throw err;
  ^

Error: Cannot find module '/home/runner/work/liquiditydashboard/liquiditydashboard/web/lib/fetch-move-data.js'
    at Function.Module._resolveFilename (node:internal/modules/cjs/loader:1028:15)
    at Function.Module._load (node:internal/modules/cjs/loader:873:27)
    at Function.executeUserEntryPoint [as runMain] (node:internal/modules/run_main:81:12)
    at node:internal/main/run_main_module:22:47 {
  code: 'MODULE_NOT_FOUND',
  requireStack: []
}
[2026-01-28T04:10:12.684Z] lib/fetch-move-data.js failed with exit code 1
[2026-01-28T04:10:12.684Z] Running lib/fetch-srf-data.js...
[2026-01-28T04:10:12.712Z] [lib/fetch-srf-data.js] ERROR: node:internal/modules/cjs/loader:1031
  throw err;
  ^

Error: Cannot find module '/home/runner/work/liquiditydashboard/liquiditydashboard/web/lib/fetch-srf-data.js'
    at Function.Module._resolveFilename (node:internal/modules/cjs/loader:1028:15)
    at Function.Module._load (node:internal/modules/cjs/loader:873:27)
    at Function.executeUserEntryPoint [as runMain] (node:internal/modules/run_main:81:12)
    at node:internal/main/run_main_module:22:47 {
  code: 'MODULE_NOT_FOUND',
  requireStack: []
}
[2026-01-28T04:10:12.715Z] lib/fetch-srf-data.js failed with exit code 1
[2026-01-28T04:10:12.715Z] Running lib/fetch-bill-share-data.js...
[2026-01-28T04:10:12.743Z] [lib/fetch-bill-share-data.js] ERROR: node:internal/modules/cjs/loader:1031
  throw err;
  ^

Error: Cannot find module '/home/runner/work/liquiditydashboard/liquiditydashboard/web/lib/fetch-bill-share-data.js'
    at Function.Module._resolveFilename (node:internal/modules/cjs/loader:1028:15)
    at Function.Module._load (node:internal/modules/cjs/loader:873:27)
    at Function.executeUserEntryPoint [as runMain] (node:internal/modules/run_main:81:12)
    at node:internal/main/run_main_module:22:47 {
  code: 'MODULE_NOT_FOUND',
  requireStack: []
}
[2026-01-28T04:10:12.745Z] lib/fetch-bill-share-data.js failed with exit code 1
[2026-01-28T04:10:12.745Z] Running lib/cleanup-future-dates.js...
[2026-01-28T04:10:12.823Z] [lib/cleanup-future-dates.js] Starting data cleanup process...
[2026-01-28T04:10:13.219Z] [lib/cleanup-future-dates.js] Using WorldTimeAPI date: 2026-01-28T04:10:13.203835+00:00
[2026-01-28T04:10:13.219Z] [lib/cleanup-future-dates.js] Using reference date: 2026-1-28
[2026-01-28T04:10:13.219Z] [lib/cleanup-future-dates.js] Processing MOVE index data (/home/runner/work/liquiditydashboard/liquiditydashboard/web/public/series/move.json)...
[2026-01-28T04:10:13.219Z] [lib/cleanup-future-dates.js] Loaded 111 MOVE index data points
[2026-01-28T04:10:13.220Z] [lib/cleanup-future-dates.js] No future-dated entries found in MOVE index data
[2026-01-28T04:10:13.220Z] [lib/cleanup-future-dates.js] Processing SRF data (/home/runner/work/liquiditydashboard/liquiditydashboard/web/public/series/srf.json)...
[2026-01-28T04:10:13.220Z] [lib/cleanup-future-dates.js] Loaded 1017 SRF data points
[2026-01-28T04:10:13.221Z] [lib/cleanup-future-dates.js] No future-dated entries found in SRF data
[2026-01-28T04:10:13.222Z] [lib/cleanup-future-dates.js] Processing Treasury bill share data (/home/runner/work/liquiditydashboard/liquiditydashboard/web/public/series/bill-share.json)...
[2026-01-28T04:10:13.222Z] [lib/cleanup-future-dates.js] Loaded 282 Treasury bill share data points
[2026-01-28T04:10:13.222Z] [lib/cleanup-future-dates.js] No future-dated entries found in Treasury bill share data
[2026-01-28T04:10:13.223Z] [lib/cleanup-future-dates.js] Cleanup complete! Removed 0 future-dated entries in total.
Data cleanup completed with no changes needed
[2026-01-28T04:10:13.226Z] lib/cleanup-future-dates.js completed successfully
[2026-01-28T04:10:13.226Z] Running lib/validate-data.js...
[2026-01-28T04:10:13.303Z] [lib/validate-data.js] Running data validation...
[2026-01-28T04:10:13.304Z] [lib/validate-data.js] Validating MOVE index data...
[2026-01-28T04:10:13.304Z] [lib/validate-data.js] Found 111 MOVE data points
[2026-01-28T04:10:13.405Z] [lib/validate-data.js] WorldTimeAPI failed, trying alternative source
[2026-01-28T04:10:32.337Z] [lib/validate-data.js] TimeAPI failed, falling back to config date
[2026-01-28T04:10:32.337Z] [lib/validate-data.js] Using reference date: 2025-5-18
[2026-01-28T04:10:32.338Z] [lib/validate-data.js] MOVE index data validation passed ✓
[2026-01-28T04:10:32.338Z] [lib/validate-data.js] Validating SRF data...
[2026-01-28T04:10:32.339Z] [lib/validate-data.js] Found 1017 SRF data points
[2026-01-28T04:10:32.595Z] [lib/validate-data.js] Using WorldTimeAPI date: 2026-01-28T04:10:32.582312+00:00
[2026-01-28T04:10:32.597Z] [lib/validate-data.js] SRF data validation passed ✓
[2026-01-28T04:10:32.597Z] [lib/validate-data.js] Validating Treasury funding data...
[2026-01-28T04:10:32.597Z] [lib/validate-data.js] Found 282 Treasury funding data points
[2026-01-28T04:10:32.597Z] [lib/validate-data.js] Treasury funding data validation passed ✓
[2026-01-28T04:10:32.597Z] [lib/validate-data.js] All data validation passed ✓
[2026-01-28T04:10:32.600Z] lib/validate-data.js completed successfully
[2026-01-28T04:10:32.601Z] Dashboard update process completed successfully
