[2026-05-20T06:53:06.670Z] Starting Liquidity Dashboard update process
[2026-05-20T06:53:06.671Z] Running lib/data-backup.js...
[2026-05-20T06:53:06.700Z] [lib/data-backup.js] ERROR: node:internal/modules/cjs/loader:1031
  throw err;
  ^

Error: Cannot find module '/home/runner/work/liquiditydashboard/liquiditydashboard/web/lib/data-backup.js'
    at Function.Module._resolveFilename (node:internal/modules/cjs/loader:1028:15)
    at Function.Module._load (node:internal/modules/cjs/loader:873:27)
    at Function.executeUserEntryPoint [as runMain] (node:internal/modules/run_main:81:12)
    at node:internal/main/run_main_module:22:47 {
  code: 'MODULE_NOT_FOUND',
  requireStack: []
}
[2026-05-20T06:53:06.702Z] lib/data-backup.js failed with exit code 1
[2026-05-20T06:53:06.702Z] Running lib/data-backup.js clean...
[2026-05-20T06:53:06.730Z] [lib/data-backup.js clean] ERROR: node:internal/modules/cjs/loader:1031
  throw err;
  ^

Error: Cannot find module '/home/runner/work/liquiditydashboard/liquiditydashboard/web/lib/data-backup.js'
    at Function.Module._resolveFilename (node:internal/modules/cjs/loader:1028:15)
    at Function.Module._load (node:internal/modules/cjs/loader:873:27)
    at Function.executeUserEntryPoint [as runMain] (node:internal/modules/run_main:81:12)
    at node:internal/main/run_main_module:22:47 {
  code: 'MODULE_NOT_FOUND',
  requireStack: []
}
[2026-05-20T06:53:06.732Z] lib/data-backup.js clean failed with exit code 1
[2026-05-20T06:53:06.732Z] Running lib/import-historical-move-data.js...
[2026-05-20T06:53:06.759Z] [lib/import-historical-move-data.js] ERROR: node:internal/modules/cjs/loader:1031
  throw err;
  ^

Error: Cannot find module '/home/runner/work/liquiditydashboard/liquiditydashboard/web/lib/import-historical-move-data.js'
    at Function.Module._resolveFilename (node:internal/modules/cjs/loader:1028:15)
    at Function.Module._load (node:internal/modules/cjs/loader:873:27)
    at Function.executeUserEntryPoint [as runMain] (node:internal/modules/run_main:81:12)
    at node:internal/main/run_main_module:22:47 {
  code: 'MODULE_NOT_FOUND',
  requireStack: []
}
[2026-05-20T06:53:06.761Z] lib/import-historical-move-data.js failed with exit code 1
[2026-05-20T06:53:06.761Z] Running lib/fetch-move-data.js...
[2026-05-20T06:53:06.789Z] [lib/fetch-move-data.js] ERROR: node:internal/modules/cjs/loader:1031
  throw err;
  ^

Error: Cannot find module '/home/runner/work/liquiditydashboard/liquiditydashboard/web/lib/fetch-move-data.js'
    at Function.Module._resolveFilename (node:internal/modules/cjs/loader:1028:15)
    at Function.Module._load (node:internal/modules/cjs/loader:873:27)
    at Function.executeUserEntryPoint [as runMain] (node:internal/modules/run_main:81:12)
    at node:internal/main/run_main_module:22:47 {
  code: 'MODULE_NOT_FOUND',
  requireStack: []
}
[2026-05-20T06:53:06.790Z] lib/fetch-move-data.js failed with exit code 1
[2026-05-20T06:53:06.790Z] Running lib/fetch-srf-data.js...
[2026-05-20T06:53:06.818Z] [lib/fetch-srf-data.js] ERROR: node:internal/modules/cjs/loader:1031
  throw err;
  ^

Error: Cannot find module '/home/runner/work/liquiditydashboard/liquiditydashboard/web/lib/fetch-srf-data.js'
    at Function.Module._resolveFilename (node:internal/modules/cjs/loader:1028:15)
    at Function.Module._load (node:internal/modules/cjs/loader:873:27)
    at Function.executeUserEntryPoint [as runMain] (node:internal/modules/run_main:81:12)
    at node:internal/main/run_main_module:22:47 {
  code: 'MODULE_NOT_FOUND',
  requireStack: []
}
[2026-05-20T06:53:06.820Z] lib/fetch-srf-data.js failed with exit code 1
[2026-05-20T06:53:06.820Z] Running lib/fetch-bill-share-data.js...
[2026-05-20T06:53:06.848Z] [lib/fetch-bill-share-data.js] ERROR: node:internal/modules/cjs/loader:1031
  throw err;
  ^

Error: Cannot find module '/home/runner/work/liquiditydashboard/liquiditydashboard/web/lib/fetch-bill-share-data.js'
    at Function.Module._resolveFilename (node:internal/modules/cjs/loader:1028:15)
    at Function.Module._load (node:internal/modules/cjs/loader:873:27)
    at Function.executeUserEntryPoint [as runMain] (node:internal/modules/run_main:81:12)
    at node:internal/main/run_main_module:22:47 {
  code: 'MODULE_NOT_FOUND',
  requireStack: []
}
[2026-05-20T06:53:06.849Z] lib/fetch-bill-share-data.js failed with exit code 1
[2026-05-20T06:53:06.849Z] Running lib/cleanup-future-dates.js...
[2026-05-20T06:53:06.930Z] [lib/cleanup-future-dates.js] Starting data cleanup process...
[2026-05-20T06:53:07.097Z] [lib/cleanup-future-dates.js] WorldTimeAPI failed, trying alternative source
[2026-05-20T06:53:08.409Z] [lib/cleanup-future-dates.js] Using TimeAPI date: 2026-05-20T06:53:07.6016828
[2026-05-20T06:53:08.409Z] [lib/cleanup-future-dates.js] Using reference date: 2026-5-20
[2026-05-20T06:53:08.409Z] [lib/cleanup-future-dates.js] Processing MOVE index data (/home/runner/work/liquiditydashboard/liquiditydashboard/web/public/series/move.json)...
[2026-05-20T06:53:08.409Z] [lib/cleanup-future-dates.js] Loaded 111 MOVE index data points
[2026-05-20T06:53:08.410Z] [lib/cleanup-future-dates.js] No future-dated entries found in MOVE index data
[2026-05-20T06:53:08.410Z] [lib/cleanup-future-dates.js] Processing SRF data (/home/runner/work/liquiditydashboard/liquiditydashboard/web/public/series/srf.json)...
[2026-05-20T06:53:08.410Z] [lib/cleanup-future-dates.js] Loaded 1017 SRF data points
[2026-05-20T06:53:08.411Z] [lib/cleanup-future-dates.js] No future-dated entries found in SRF data
[2026-05-20T06:53:08.412Z] [lib/cleanup-future-dates.js] Processing Treasury bill share data (/home/runner/work/liquiditydashboard/liquiditydashboard/web/public/series/bill-share.json)...
[2026-05-20T06:53:08.412Z] [lib/cleanup-future-dates.js] Loaded 282 Treasury bill share data points
[2026-05-20T06:53:08.412Z] [lib/cleanup-future-dates.js] No future-dated entries found in Treasury bill share data
[2026-05-20T06:53:08.412Z] [lib/cleanup-future-dates.js] Cleanup complete! Removed 0 future-dated entries in total.
Data cleanup completed with no changes needed
[2026-05-20T06:53:08.415Z] lib/cleanup-future-dates.js completed successfully
[2026-05-20T06:53:08.415Z] Running lib/validate-data.js...
[2026-05-20T06:53:08.494Z] [lib/validate-data.js] Running data validation...
[2026-05-20T06:53:08.495Z] [lib/validate-data.js] Validating MOVE index data...
[2026-05-20T06:53:08.495Z] [lib/validate-data.js] Found 111 MOVE data points
[2026-05-20T06:53:08.549Z] [lib/validate-data.js] WorldTimeAPI failed, trying alternative source
[2026-05-20T06:53:09.252Z] [lib/validate-data.js] Using TimeAPI date: 2026-05-20T06:53:08.450778
[2026-05-20T06:53:09.252Z] [lib/validate-data.js] Using reference date: 2026-5-20
[2026-05-20T06:53:09.253Z] [lib/validate-data.js] MOVE index data validation passed ✓
[2026-05-20T06:53:09.253Z] [lib/validate-data.js] Validating SRF data...
[2026-05-20T06:53:09.254Z] [lib/validate-data.js] Found 1017 SRF data points
[2026-05-20T06:53:09.362Z] [lib/validate-data.js] WorldTimeAPI failed, trying alternative source
[2026-05-20T06:53:10.092Z] [lib/validate-data.js] Using TimeAPI date: 2026-05-20T06:53:09.2894747
[2026-05-20T06:53:10.095Z] [lib/validate-data.js] SRF data validation passed ✓
[2026-05-20T06:53:10.095Z] [lib/validate-data.js] Validating Treasury funding data...
[2026-05-20T06:53:10.095Z] [lib/validate-data.js] Found 282 Treasury funding data points
[2026-05-20T06:53:10.095Z] [lib/validate-data.js] Treasury funding data validation passed ✓
[2026-05-20T06:53:10.095Z] [lib/validate-data.js] All data validation passed ✓
[2026-05-20T06:53:10.098Z] lib/validate-data.js completed successfully
[2026-05-20T06:53:10.098Z] Dashboard update process completed successfully
