[2026-02-20T04:53:09.675Z] Starting Liquidity Dashboard update process
[2026-02-20T04:53:09.676Z] Running lib/data-backup.js...
[2026-02-20T04:53:09.713Z] [lib/data-backup.js] ERROR: node:internal/modules/cjs/loader:1031
  throw err;
  ^

Error: Cannot find module '/home/runner/work/liquiditydashboard/liquiditydashboard/web/lib/data-backup.js'
    at Function.Module._resolveFilename (node:internal/modules/cjs/loader:1028:15)
    at Function.Module._load (node:internal/modules/cjs/loader:873:27)
    at Function.executeUserEntryPoint [as runMain] (node:internal/modules/run_main:81:12)
    at node:internal/main/run_main_module:22:47 {
  code: 'MODULE_NOT_FOUND',
  requireStack: []
}
[2026-02-20T04:53:09.716Z] lib/data-backup.js failed with exit code 1
[2026-02-20T04:53:09.716Z] Running lib/data-backup.js clean...
[2026-02-20T04:53:09.744Z] [lib/data-backup.js clean] ERROR: node:internal/modules/cjs/loader:1031
  throw err;
  ^

Error: Cannot find module '/home/runner/work/liquiditydashboard/liquiditydashboard/web/lib/data-backup.js'
    at Function.Module._resolveFilename (node:internal/modules/cjs/loader:1028:15)
    at Function.Module._load (node:internal/modules/cjs/loader:873:27)
    at Function.executeUserEntryPoint [as runMain] (node:internal/modules/run_main:81:12)
    at node:internal/main/run_main_module:22:47 {
  code: 'MODULE_NOT_FOUND',
  requireStack: []
}
[2026-02-20T04:53:09.746Z] lib/data-backup.js clean failed with exit code 1
[2026-02-20T04:53:09.747Z] Running lib/import-historical-move-data.js...
[2026-02-20T04:53:09.775Z] [lib/import-historical-move-data.js] ERROR: node:internal/modules/cjs/loader:1031
  throw err;
  ^

Error: Cannot find module '/home/runner/work/liquiditydashboard/liquiditydashboard/web/lib/import-historical-move-data.js'
    at Function.Module._resolveFilename (node:internal/modules/cjs/loader:1028:15)
    at Function.Module._load (node:internal/modules/cjs/loader:873:27)
    at Function.executeUserEntryPoint [as runMain] (node:internal/modules/run_main:81:12)
    at node:internal/main/run_main_module:22:47 {
  code: 'MODULE_NOT_FOUND',
  requireStack: []
}
[2026-02-20T04:53:09.777Z] lib/import-historical-move-data.js failed with exit code 1
[2026-02-20T04:53:09.777Z] Running lib/fetch-move-data.js...
[2026-02-20T04:53:09.805Z] [lib/fetch-move-data.js] ERROR: node:internal/modules/cjs/loader:1031
  throw err;
  ^

Error: Cannot find module '/home/runner/work/liquiditydashboard/liquiditydashboard/web/lib/fetch-move-data.js'
    at Function.Module._resolveFilename (node:internal/modules/cjs/loader:1028:15)
    at Function.Module._load (node:internal/modules/cjs/loader:873:27)
    at Function.executeUserEntryPoint [as runMain] (node:internal/modules/run_main:81:12)
    at node:internal/main/run_main_module:22:47 {
  code: 'MODULE_NOT_FOUND',
  requireStack: []
}
[2026-02-20T04:53:09.807Z] lib/fetch-move-data.js failed with exit code 1
[2026-02-20T04:53:09.807Z] Running lib/fetch-srf-data.js...
[2026-02-20T04:53:09.847Z] [lib/fetch-srf-data.js] ERROR: node:internal/modules/cjs/loader:1031
  throw err;
  ^

Error: Cannot find module '/home/runner/work/liquiditydashboard/liquiditydashboard/web/lib/fetch-srf-data.js'
    at Function.Module._resolveFilename (node:internal/modules/cjs/loader:1028:15)
    at Function.Module._load (node:internal/modules/cjs/loader:873:27)
    at Function.executeUserEntryPoint [as runMain] (node:internal/modules/run_main:81:12)
    at node:internal/main/run_main_module:22:47 {
  code: 'MODULE_NOT_FOUND',
  requireStack: []
}
[2026-02-20T04:53:09.849Z] lib/fetch-srf-data.js failed with exit code 1
[2026-02-20T04:53:09.850Z] Running lib/fetch-bill-share-data.js...
[2026-02-20T04:53:09.878Z] [lib/fetch-bill-share-data.js] ERROR: node:internal/modules/cjs/loader:1031
  throw err;
  ^

Error: Cannot find module '/home/runner/work/liquiditydashboard/liquiditydashboard/web/lib/fetch-bill-share-data.js'
    at Function.Module._resolveFilename (node:internal/modules/cjs/loader:1028:15)
    at Function.Module._load (node:internal/modules/cjs/loader:873:27)
    at Function.executeUserEntryPoint [as runMain] (node:internal/modules/run_main:81:12)
    at node:internal/main/run_main_module:22:47 {
  code: 'MODULE_NOT_FOUND',
  requireStack: []
}
[2026-02-20T04:53:09.880Z] lib/fetch-bill-share-data.js failed with exit code 1
[2026-02-20T04:53:09.880Z] Running lib/cleanup-future-dates.js...
[2026-02-20T04:53:09.956Z] [lib/cleanup-future-dates.js] Starting data cleanup process...
[2026-02-20T04:53:10.078Z] [lib/cleanup-future-dates.js] WorldTimeAPI failed, trying alternative source
[2026-02-20T04:53:10.718Z] [lib/cleanup-future-dates.js] Using TimeAPI date: 2026-02-20T04:53:10.8980506
[2026-02-20T04:53:10.718Z] [lib/cleanup-future-dates.js] Using reference date: 2026-2-20
[2026-02-20T04:53:10.718Z] [lib/cleanup-future-dates.js] Processing MOVE index data (/home/runner/work/liquiditydashboard/liquiditydashboard/web/public/series/move.json)...
[2026-02-20T04:53:10.718Z] [lib/cleanup-future-dates.js] Loaded 111 MOVE index data points
[2026-02-20T04:53:10.719Z] [lib/cleanup-future-dates.js] No future-dated entries found in MOVE index data
[2026-02-20T04:53:10.719Z] [lib/cleanup-future-dates.js] Processing SRF data (/home/runner/work/liquiditydashboard/liquiditydashboard/web/public/series/srf.json)...
[2026-02-20T04:53:10.719Z] [lib/cleanup-future-dates.js] Loaded 1017 SRF data points
[2026-02-20T04:53:10.721Z] [lib/cleanup-future-dates.js] No future-dated entries found in SRF data
[2026-02-20T04:53:10.721Z] [lib/cleanup-future-dates.js] Processing Treasury bill share data (/home/runner/work/liquiditydashboard/liquiditydashboard/web/public/series/bill-share.json)...
[2026-02-20T04:53:10.721Z] [lib/cleanup-future-dates.js] Loaded 282 Treasury bill share data points
[2026-02-20T04:53:10.721Z] [lib/cleanup-future-dates.js] No future-dated entries found in Treasury bill share data
[2026-02-20T04:53:10.722Z] [lib/cleanup-future-dates.js] Cleanup complete! Removed 0 future-dated entries in total.
Data cleanup completed with no changes needed
[2026-02-20T04:53:10.725Z] lib/cleanup-future-dates.js completed successfully
[2026-02-20T04:53:10.725Z] Running lib/validate-data.js...
[2026-02-20T04:53:10.801Z] [lib/validate-data.js] Running data validation...
[2026-02-20T04:53:10.801Z] [lib/validate-data.js] Validating MOVE index data...
[2026-02-20T04:53:10.802Z] [lib/validate-data.js] Found 111 MOVE data points
[2026-02-20T04:53:10.822Z] [lib/validate-data.js] WorldTimeAPI failed, trying alternative source
[2026-02-20T04:53:11.320Z] [lib/validate-data.js] Using TimeAPI date: 2026-02-20T04:53:11.5014313
[2026-02-20T04:53:11.320Z] [lib/validate-data.js] Using reference date: 2026-2-20
[2026-02-20T04:53:11.321Z] [lib/validate-data.js] MOVE index data validation passed ✓
[2026-02-20T04:53:11.321Z] [lib/validate-data.js] Validating SRF data...
[2026-02-20T04:53:11.322Z] [lib/validate-data.js] Found 1017 SRF data points
[2026-02-20T04:53:11.421Z] [lib/validate-data.js] WorldTimeAPI failed, trying alternative source
[2026-02-20T04:53:11.915Z] [lib/validate-data.js] Using TimeAPI date: 2026-02-20T04:53:12.1005246
[2026-02-20T04:53:11.916Z] [lib/validate-data.js] SRF data validation passed ✓
[2026-02-20T04:53:11.916Z] [lib/validate-data.js] Validating Treasury funding data...
[2026-02-20T04:53:11.917Z] [lib/validate-data.js] Found 282 Treasury funding data points
[2026-02-20T04:53:11.917Z] [lib/validate-data.js] Treasury funding data validation passed ✓
[2026-02-20T04:53:11.917Z] [lib/validate-data.js] All data validation passed ✓
[2026-02-20T04:53:11.920Z] lib/validate-data.js completed successfully
[2026-02-20T04:53:11.920Z] Dashboard update process completed successfully
