[2025-06-01T04:01:43.159Z] Starting Liquidity Dashboard update process
[2025-06-01T04:01:43.160Z] Running lib/data-backup.js...
[2025-06-01T04:01:43.189Z] [lib/data-backup.js] ERROR: node:internal/modules/cjs/loader:1031
  throw err;
  ^

Error: Cannot find module '/home/runner/work/liquiditydashboard/liquiditydashboard/web/lib/data-backup.js'
    at Function.Module._resolveFilename (node:internal/modules/cjs/loader:1028:15)
    at Function.Module._load (node:internal/modules/cjs/loader:873:27)
    at Function.executeUserEntryPoint [as runMain] (node:internal/modules/run_main:81:12)
    at node:internal/main/run_main_module:22:47 {
  code: 'MODULE_NOT_FOUND',
  requireStack: []
}
[2025-06-01T04:01:43.192Z] lib/data-backup.js failed with exit code 1
[2025-06-01T04:01:43.192Z] Running lib/data-backup.js clean...
[2025-06-01T04:01:43.220Z] [lib/data-backup.js clean] ERROR: node:internal/modules/cjs/loader:1031
  throw err;
  ^

Error: Cannot find module '/home/runner/work/liquiditydashboard/liquiditydashboard/web/lib/data-backup.js'
    at Function.Module._resolveFilename (node:internal/modules/cjs/loader:1028:15)
    at Function.Module._load (node:internal/modules/cjs/loader:873:27)
    at Function.executeUserEntryPoint [as runMain] (node:internal/modules/run_main:81:12)
    at node:internal/main/run_main_module:22:47 {
  code: 'MODULE_NOT_FOUND',
  requireStack: []
}
[2025-06-01T04:01:43.222Z] lib/data-backup.js clean failed with exit code 1
[2025-06-01T04:01:43.222Z] Running lib/import-historical-move-data.js...
[2025-06-01T04:01:43.249Z] [lib/import-historical-move-data.js] ERROR: node:internal/modules/cjs/loader:1031
  throw err;
  ^

Error: Cannot find module '/home/runner/work/liquiditydashboard/liquiditydashboard/web/lib/import-historical-move-data.js'
    at Function.Module._resolveFilename (node:internal/modules/cjs/loader:1028:15)
    at Function.Module._load (node:internal/modules/cjs/loader:873:27)
    at Function.executeUserEntryPoint [as runMain] (node:internal/modules/run_main:81:12)
    at node:internal/main/run_main_module:22:47 {
  code: 'MODULE_NOT_FOUND',
  requireStack: []
}
[2025-06-01T04:01:43.251Z] lib/import-historical-move-data.js failed with exit code 1
[2025-06-01T04:01:43.252Z] Running lib/fetch-move-data.js...
[2025-06-01T04:01:43.280Z] [lib/fetch-move-data.js] ERROR: node:internal/modules/cjs/loader:1031
  throw err;
  ^

Error: Cannot find module '/home/runner/work/liquiditydashboard/liquiditydashboard/web/lib/fetch-move-data.js'
    at Function.Module._resolveFilename (node:internal/modules/cjs/loader:1028:15)
    at Function.Module._load (node:internal/modules/cjs/loader:873:27)
    at Function.executeUserEntryPoint [as runMain] (node:internal/modules/run_main:81:12)
    at node:internal/main/run_main_module:22:47 {
  code: 'MODULE_NOT_FOUND',
  requireStack: []
}
[2025-06-01T04:01:43.282Z] lib/fetch-move-data.js failed with exit code 1
[2025-06-01T04:01:43.282Z] Running lib/fetch-srf-data.js...
[2025-06-01T04:01:43.310Z] [lib/fetch-srf-data.js] ERROR: node:internal/modules/cjs/loader:1031
  throw err;
  ^

Error: Cannot find module '/home/runner/work/liquiditydashboard/liquiditydashboard/web/lib/fetch-srf-data.js'
    at Function.Module._resolveFilename (node:internal/modules/cjs/loader:1028:15)
    at Function.Module._load (node:internal/modules/cjs/loader:873:27)
    at Function.executeUserEntryPoint [as runMain] (node:internal/modules/run_main:81:12)
    at node:internal/main/run_main_module:22:47 {
  code: 'MODULE_NOT_FOUND',
  requireStack: []
}
[2025-06-01T04:01:43.312Z] lib/fetch-srf-data.js failed with exit code 1
[2025-06-01T04:01:43.312Z] Running lib/fetch-bill-share-data.js...
[2025-06-01T04:01:43.340Z] [lib/fetch-bill-share-data.js] ERROR: node:internal/modules/cjs/loader:1031
  throw err;
  ^

Error: Cannot find module '/home/runner/work/liquiditydashboard/liquiditydashboard/web/lib/fetch-bill-share-data.js'
    at Function.Module._resolveFilename (node:internal/modules/cjs/loader:1028:15)
    at Function.Module._load (node:internal/modules/cjs/loader:873:27)
    at Function.executeUserEntryPoint [as runMain] (node:internal/modules/run_main:81:12)
    at node:internal/main/run_main_module:22:47 {
  code: 'MODULE_NOT_FOUND',
  requireStack: []
}
[2025-06-01T04:01:43.342Z] lib/fetch-bill-share-data.js failed with exit code 1
[2025-06-01T04:01:43.342Z] Running lib/cleanup-future-dates.js...
[2025-06-01T04:01:43.414Z] [lib/cleanup-future-dates.js] Starting data cleanup process...
[2025-06-01T04:01:43.458Z] [lib/cleanup-future-dates.js] WorldTimeAPI failed, trying alternative source
[2025-06-01T04:01:44.826Z] [lib/cleanup-future-dates.js] Using TimeAPI date: 2025-06-01T04:01:44.7439344
[2025-06-01T04:01:44.826Z] [lib/cleanup-future-dates.js] Using reference date: 2025-6-1
[2025-06-01T04:01:44.826Z] [lib/cleanup-future-dates.js] Processing MOVE index data (/home/runner/work/liquiditydashboard/liquiditydashboard/web/public/series/move.json)...
[2025-06-01T04:01:44.826Z] [lib/cleanup-future-dates.js] Loaded 111 MOVE index data points
[2025-06-01T04:01:44.827Z] [lib/cleanup-future-dates.js] No future-dated entries found in MOVE index data
[2025-06-01T04:01:44.827Z] [lib/cleanup-future-dates.js] Processing SRF data (/home/runner/work/liquiditydashboard/liquiditydashboard/web/public/series/srf.json)...
[2025-06-01T04:01:44.827Z] [lib/cleanup-future-dates.js] Loaded 1017 SRF data points
[2025-06-01T04:01:44.828Z] [lib/cleanup-future-dates.js] No future-dated entries found in SRF data
[2025-06-01T04:01:44.829Z] [lib/cleanup-future-dates.js] Processing Treasury bill share data (/home/runner/work/liquiditydashboard/liquiditydashboard/web/public/series/bill-share.json)...
[2025-06-01T04:01:44.829Z] [lib/cleanup-future-dates.js] Loaded 282 Treasury bill share data points
[2025-06-01T04:01:44.829Z] [lib/cleanup-future-dates.js] No future-dated entries found in Treasury bill share data
[2025-06-01T04:01:44.829Z] [lib/cleanup-future-dates.js] Cleanup complete! Removed 0 future-dated entries in total.
[2025-06-01T04:01:44.830Z] [lib/cleanup-future-dates.js] Data cleanup completed with no changes needed
[2025-06-01T04:01:44.832Z] lib/cleanup-future-dates.js completed successfully
[2025-06-01T04:01:44.833Z] Running lib/validate-data.js...
[2025-06-01T04:01:44.905Z] [lib/validate-data.js] Running data validation...
[2025-06-01T04:01:44.905Z] [lib/validate-data.js] Validating MOVE index data...
[2025-06-01T04:01:44.905Z] [lib/validate-data.js] Found 111 MOVE data points
[2025-06-01T04:01:44.935Z] [lib/validate-data.js] WorldTimeAPI failed, trying alternative source
[2025-06-01T04:01:45.675Z] [lib/validate-data.js] Using TimeAPI date: 2025-06-01T04:01:45.5927834
[2025-06-01T04:01:45.675Z] [lib/validate-data.js] Using reference date: 2025-6-1
[2025-06-01T04:01:45.676Z] [lib/validate-data.js] MOVE index data validation passed ✓
[2025-06-01T04:01:45.676Z] [lib/validate-data.js] Validating SRF data...
[2025-06-01T04:01:45.676Z] [lib/validate-data.js] Found 1017 SRF data points
[2025-06-01T04:01:45.698Z] [lib/validate-data.js] WorldTimeAPI failed, trying alternative source
[2025-06-01T04:01:46.422Z] [lib/validate-data.js] Using TimeAPI date: 2025-06-01T04:01:46.3447108
[2025-06-01T04:01:46.423Z] [lib/validate-data.js] SRF data validation passed ✓
[2025-06-01T04:01:46.424Z] [lib/validate-data.js] Validating Treasury funding data...
[2025-06-01T04:01:46.424Z] [lib/validate-data.js] Found 282 Treasury funding data points
[2025-06-01T04:01:46.424Z] [lib/validate-data.js] Treasury funding data validation passed ✓
All data validation passed ✓
[2025-06-01T04:01:46.427Z] lib/validate-data.js completed successfully
[2025-06-01T04:01:46.427Z] Dashboard update process completed successfully
