[2025-07-29T04:11:33.912Z] Starting Liquidity Dashboard update process
[2025-07-29T04:11:33.914Z] Running lib/data-backup.js...
[2025-07-29T04:11:33.944Z] [lib/data-backup.js] ERROR: node:internal/modules/cjs/loader:1031
  throw err;
  ^

Error: Cannot find module '/home/runner/work/liquiditydashboard/liquiditydashboard/web/lib/data-backup.js'
    at Function.Module._resolveFilename (node:internal/modules/cjs/loader:1028:15)
    at Function.Module._load (node:internal/modules/cjs/loader:873:27)
    at Function.executeUserEntryPoint [as runMain] (node:internal/modules/run_main:81:12)
    at node:internal/main/run_main_module:22:47 {
  code: 'MODULE_NOT_FOUND',
  requireStack: []
}
[2025-07-29T04:11:33.946Z] lib/data-backup.js failed with exit code 1
[2025-07-29T04:11:33.947Z] Running lib/data-backup.js clean...
[2025-07-29T04:11:33.975Z] [lib/data-backup.js clean] ERROR: node:internal/modules/cjs/loader:1031
  throw err;
  ^

Error: Cannot find module '/home/runner/work/liquiditydashboard/liquiditydashboard/web/lib/data-backup.js'
    at Function.Module._resolveFilename (node:internal/modules/cjs/loader:1028:15)
    at Function.Module._load (node:internal/modules/cjs/loader:873:27)
    at Function.executeUserEntryPoint [as runMain] (node:internal/modules/run_main:81:12)
    at node:internal/main/run_main_module:22:47 {
  code: 'MODULE_NOT_FOUND',
  requireStack: []
}
[2025-07-29T04:11:33.977Z] lib/data-backup.js clean failed with exit code 1
[2025-07-29T04:11:33.977Z] Running lib/import-historical-move-data.js...
[2025-07-29T04:11:34.004Z] [lib/import-historical-move-data.js] ERROR: node:internal/modules/cjs/loader:1031
  throw err;
  ^

Error: Cannot find module '/home/runner/work/liquiditydashboard/liquiditydashboard/web/lib/import-historical-move-data.js'
    at Function.Module._resolveFilename (node:internal/modules/cjs/loader:1028:15)
    at Function.Module._load (node:internal/modules/cjs/loader:873:27)
    at Function.executeUserEntryPoint [as runMain] (node:internal/modules/run_main:81:12)
    at node:internal/main/run_main_module:22:47 {
  code: 'MODULE_NOT_FOUND',
  requireStack: []
}
[2025-07-29T04:11:34.006Z] lib/import-historical-move-data.js failed with exit code 1
[2025-07-29T04:11:34.007Z] Running lib/fetch-move-data.js...
[2025-07-29T04:11:34.034Z] [lib/fetch-move-data.js] ERROR: node:internal/modules/cjs/loader:1031
  throw err;
  ^

Error: Cannot find module '/home/runner/work/liquiditydashboard/liquiditydashboard/web/lib/fetch-move-data.js'
    at Function.Module._resolveFilename (node:internal/modules/cjs/loader:1028:15)
    at Function.Module._load (node:internal/modules/cjs/loader:873:27)
    at Function.executeUserEntryPoint [as runMain] (node:internal/modules/run_main:81:12)
    at node:internal/main/run_main_module:22:47 {
  code: 'MODULE_NOT_FOUND',
  requireStack: []
}
[2025-07-29T04:11:34.037Z] lib/fetch-move-data.js failed with exit code 1
[2025-07-29T04:11:34.037Z] Running lib/fetch-srf-data.js...
[2025-07-29T04:11:34.064Z] [lib/fetch-srf-data.js] ERROR: node:internal/modules/cjs/loader:1031
  throw err;
  ^

Error: Cannot find module '/home/runner/work/liquiditydashboard/liquiditydashboard/web/lib/fetch-srf-data.js'
    at Function.Module._resolveFilename (node:internal/modules/cjs/loader:1028:15)
    at Function.Module._load (node:internal/modules/cjs/loader:873:27)
    at Function.executeUserEntryPoint [as runMain] (node:internal/modules/run_main:81:12)
    at node:internal/main/run_main_module:22:47 {
  code: 'MODULE_NOT_FOUND',
  requireStack: []
}
[2025-07-29T04:11:34.067Z] lib/fetch-srf-data.js failed with exit code 1
[2025-07-29T04:11:34.067Z] Running lib/fetch-bill-share-data.js...
[2025-07-29T04:11:34.095Z] [lib/fetch-bill-share-data.js] ERROR: node:internal/modules/cjs/loader:1031
  throw err;
  ^

Error: Cannot find module '/home/runner/work/liquiditydashboard/liquiditydashboard/web/lib/fetch-bill-share-data.js'
    at Function.Module._resolveFilename (node:internal/modules/cjs/loader:1028:15)
    at Function.Module._load (node:internal/modules/cjs/loader:873:27)
    at Function.executeUserEntryPoint [as runMain] (node:internal/modules/run_main:81:12)
    at node:internal/main/run_main_module:22:47 {
  code: 'MODULE_NOT_FOUND',
  requireStack: []
}
[2025-07-29T04:11:34.098Z] lib/fetch-bill-share-data.js failed with exit code 1
[2025-07-29T04:11:34.098Z] Running lib/cleanup-future-dates.js...
[2025-07-29T04:11:34.171Z] [lib/cleanup-future-dates.js] Starting data cleanup process...
[2025-07-29T04:11:34.405Z] [lib/cleanup-future-dates.js] WorldTimeAPI failed, trying alternative source
[2025-07-29T04:11:35.057Z] [lib/cleanup-future-dates.js] Using TimeAPI date: 2025-07-29T04:11:34.973894
[2025-07-29T04:11:35.057Z] [lib/cleanup-future-dates.js] Using reference date: 2025-7-29
[2025-07-29T04:11:35.057Z] [lib/cleanup-future-dates.js] Processing MOVE index data (/home/runner/work/liquiditydashboard/liquiditydashboard/web/public/series/move.json)...
[2025-07-29T04:11:35.058Z] [lib/cleanup-future-dates.js] Loaded 111 MOVE index data points
[2025-07-29T04:11:35.058Z] [lib/cleanup-future-dates.js] No future-dated entries found in MOVE index data
[2025-07-29T04:11:35.058Z] [lib/cleanup-future-dates.js] Processing SRF data (/home/runner/work/liquiditydashboard/liquiditydashboard/web/public/series/srf.json)...
[2025-07-29T04:11:35.059Z] [lib/cleanup-future-dates.js] Loaded 1017 SRF data points
[2025-07-29T04:11:35.060Z] [lib/cleanup-future-dates.js] No future-dated entries found in SRF data
[2025-07-29T04:11:35.060Z] [lib/cleanup-future-dates.js] Processing Treasury bill share data (/home/runner/work/liquiditydashboard/liquiditydashboard/web/public/series/bill-share.json)...
[2025-07-29T04:11:35.060Z] [lib/cleanup-future-dates.js] Loaded 282 Treasury bill share data points
[2025-07-29T04:11:35.061Z] [lib/cleanup-future-dates.js] No future-dated entries found in Treasury bill share data
[2025-07-29T04:11:35.061Z] [lib/cleanup-future-dates.js] Cleanup complete! Removed 0 future-dated entries in total.
Data cleanup completed with no changes needed
[2025-07-29T04:11:35.064Z] lib/cleanup-future-dates.js completed successfully
[2025-07-29T04:11:35.064Z] Running lib/validate-data.js...
[2025-07-29T04:11:35.136Z] [lib/validate-data.js] Running data validation...
[2025-07-29T04:11:35.137Z] [lib/validate-data.js] Validating MOVE index data...
[2025-07-29T04:11:35.137Z] [lib/validate-data.js] Found 111 MOVE data points
[2025-07-29T04:11:35.231Z] [lib/validate-data.js] WorldTimeAPI failed, trying alternative source
[2025-07-29T04:11:35.888Z] [lib/validate-data.js] Using TimeAPI date: 2025-07-29T04:11:35.8038746
[2025-07-29T04:11:35.888Z] [lib/validate-data.js] Using reference date: 2025-7-29
[2025-07-29T04:11:35.889Z] [lib/validate-data.js] MOVE index data validation passed ✓
[2025-07-29T04:11:35.889Z] [lib/validate-data.js] Validating SRF data...
[2025-07-29T04:11:35.889Z] [lib/validate-data.js] Found 1017 SRF data points
[2025-07-29T04:11:35.978Z] [lib/validate-data.js] WorldTimeAPI failed, trying alternative source
[2025-07-29T04:11:36.630Z] [lib/validate-data.js] Using TimeAPI date: 2025-07-29T04:11:36.5529449
[2025-07-29T04:11:36.632Z] [lib/validate-data.js] SRF data validation passed ✓
[2025-07-29T04:11:36.632Z] [lib/validate-data.js] Validating Treasury funding data...
[2025-07-29T04:11:36.632Z] [lib/validate-data.js] Found 282 Treasury funding data points
[2025-07-29T04:11:36.632Z] [lib/validate-data.js] Treasury funding data validation passed ✓
All data validation passed ✓
[2025-07-29T04:11:36.636Z] lib/validate-data.js completed successfully
[2025-07-29T04:11:36.636Z] Dashboard update process completed successfully
