[2026-02-17T04:58:45.098Z] Starting Liquidity Dashboard update process
[2026-02-17T04:58:45.100Z] Running lib/data-backup.js...
[2026-02-17T04:58:45.129Z] [lib/data-backup.js] ERROR: node:internal/modules/cjs/loader:1031
  throw err;
  ^

Error: Cannot find module '/home/runner/work/liquiditydashboard/liquiditydashboard/web/lib/data-backup.js'
    at Function.Module._resolveFilename (node:internal/modules/cjs/loader:1028:15)
    at Function.Module._load (node:internal/modules/cjs/loader:873:27)
    at Function.executeUserEntryPoint [as runMain] (node:internal/modules/run_main:81:12)
    at node:internal/main/run_main_module:22:47 {
  code: 'MODULE_NOT_FOUND',
  requireStack: []
}
[2026-02-17T04:58:45.132Z] lib/data-backup.js failed with exit code 1
[2026-02-17T04:58:45.132Z] Running lib/data-backup.js clean...
[2026-02-17T04:58:45.161Z] [lib/data-backup.js clean] ERROR: node:internal/modules/cjs/loader:1031
  throw err;
  ^

Error: Cannot find module '/home/runner/work/liquiditydashboard/liquiditydashboard/web/lib/data-backup.js'
    at Function.Module._resolveFilename (node:internal/modules/cjs/loader:1028:15)
    at Function.Module._load (node:internal/modules/cjs/loader:873:27)
    at Function.executeUserEntryPoint [as runMain] (node:internal/modules/run_main:81:12)
    at node:internal/main/run_main_module:22:47 {
  code: 'MODULE_NOT_FOUND',
  requireStack: []
}
[2026-02-17T04:58:45.162Z] lib/data-backup.js clean failed with exit code 1
[2026-02-17T04:58:45.163Z] Running lib/import-historical-move-data.js...
[2026-02-17T04:58:45.191Z] [lib/import-historical-move-data.js] ERROR: node:internal/modules/cjs/loader:1031
  throw err;
  ^

Error: Cannot find module '/home/runner/work/liquiditydashboard/liquiditydashboard/web/lib/import-historical-move-data.js'
    at Function.Module._resolveFilename (node:internal/modules/cjs/loader:1028:15)
    at Function.Module._load (node:internal/modules/cjs/loader:873:27)
    at Function.executeUserEntryPoint [as runMain] (node:internal/modules/run_main:81:12)
    at node:internal/main/run_main_module:22:47 {
  code: 'MODULE_NOT_FOUND',
  requireStack: []
}
[2026-02-17T04:58:45.193Z] lib/import-historical-move-data.js failed with exit code 1
[2026-02-17T04:58:45.193Z] Running lib/fetch-move-data.js...
[2026-02-17T04:58:45.221Z] [lib/fetch-move-data.js] ERROR: node:internal/modules/cjs/loader:1031
  throw err;
  ^

Error: Cannot find module '/home/runner/work/liquiditydashboard/liquiditydashboard/web/lib/fetch-move-data.js'
    at Function.Module._resolveFilename (node:internal/modules/cjs/loader:1028:15)
    at Function.Module._load (node:internal/modules/cjs/loader:873:27)
    at Function.executeUserEntryPoint [as runMain] (node:internal/modules/run_main:81:12)
    at node:internal/main/run_main_module:22:47 {
  code: 'MODULE_NOT_FOUND',
  requireStack: []
}
[2026-02-17T04:58:45.223Z] lib/fetch-move-data.js failed with exit code 1
[2026-02-17T04:58:45.223Z] Running lib/fetch-srf-data.js...
[2026-02-17T04:58:45.261Z] [lib/fetch-srf-data.js] ERROR: node:internal/modules/cjs/loader:1031
  throw err;
  ^

Error: Cannot find module '/home/runner/work/liquiditydashboard/liquiditydashboard/web/lib/fetch-srf-data.js'
    at Function.Module._resolveFilename (node:internal/modules/cjs/loader:1028:15)
    at Function.Module._load (node:internal/modules/cjs/loader:873:27)
    at Function.executeUserEntryPoint [as runMain] (node:internal/modules/run_main:81:12)
    at node:internal/main/run_main_module:22:47 {
  code: 'MODULE_NOT_FOUND',
  requireStack: []
}
[2026-02-17T04:58:45.263Z] lib/fetch-srf-data.js failed with exit code 1
[2026-02-17T04:58:45.263Z] Running lib/fetch-bill-share-data.js...
[2026-02-17T04:58:45.292Z] [lib/fetch-bill-share-data.js] ERROR: node:internal/modules/cjs/loader:1031
  throw err;
  ^

Error: Cannot find module '/home/runner/work/liquiditydashboard/liquiditydashboard/web/lib/fetch-bill-share-data.js'
    at Function.Module._resolveFilename (node:internal/modules/cjs/loader:1028:15)
    at Function.Module._load (node:internal/modules/cjs/loader:873:27)
    at Function.executeUserEntryPoint [as runMain] (node:internal/modules/run_main:81:12)
    at node:internal/main/run_main_module:22:47 {
  code: 'MODULE_NOT_FOUND',
  requireStack: []
}
[2026-02-17T04:58:45.294Z] lib/fetch-bill-share-data.js failed with exit code 1
[2026-02-17T04:58:45.294Z] Running lib/cleanup-future-dates.js...
[2026-02-17T04:58:45.372Z] [lib/cleanup-future-dates.js] Starting data cleanup process...
[2026-02-17T04:58:45.606Z] [lib/cleanup-future-dates.js] WorldTimeAPI failed, trying alternative source
[2026-02-17T04:58:46.305Z] [lib/cleanup-future-dates.js] Using TimeAPI date: 2026-02-17T04:58:46.4535261
[2026-02-17T04:58:46.305Z] [lib/cleanup-future-dates.js] Using reference date: 2026-2-17

Processing MOVE index data (/home/runner/work/liquiditydashboard/liquiditydashboard/web/public/series/move.json)...
[2026-02-17T04:58:46.305Z] [lib/cleanup-future-dates.js] Loaded 111 MOVE index data points
[2026-02-17T04:58:46.305Z] [lib/cleanup-future-dates.js] No future-dated entries found in MOVE index data
[2026-02-17T04:58:46.306Z] [lib/cleanup-future-dates.js] Processing SRF data (/home/runner/work/liquiditydashboard/liquiditydashboard/web/public/series/srf.json)...
[2026-02-17T04:58:46.306Z] [lib/cleanup-future-dates.js] Loaded 1017 SRF data points
[2026-02-17T04:58:46.307Z] [lib/cleanup-future-dates.js] No future-dated entries found in SRF data
[2026-02-17T04:58:46.308Z] [lib/cleanup-future-dates.js] Processing Treasury bill share data (/home/runner/work/liquiditydashboard/liquiditydashboard/web/public/series/bill-share.json)...
[2026-02-17T04:58:46.308Z] [lib/cleanup-future-dates.js] Loaded 282 Treasury bill share data points
[2026-02-17T04:58:46.308Z] [lib/cleanup-future-dates.js] No future-dated entries found in Treasury bill share data
[2026-02-17T04:58:46.308Z] [lib/cleanup-future-dates.js] Cleanup complete! Removed 0 future-dated entries in total.
[2026-02-17T04:58:46.309Z] [lib/cleanup-future-dates.js] Data cleanup completed with no changes needed
[2026-02-17T04:58:46.312Z] lib/cleanup-future-dates.js completed successfully
[2026-02-17T04:58:46.312Z] Running lib/validate-data.js...
[2026-02-17T04:58:46.388Z] [lib/validate-data.js] Running data validation...
[2026-02-17T04:58:46.388Z] [lib/validate-data.js] Validating MOVE index data...
[2026-02-17T04:58:46.389Z] [lib/validate-data.js] Found 111 MOVE data points
[2026-02-17T04:58:46.437Z] [lib/validate-data.js] WorldTimeAPI failed, trying alternative source
[2026-02-17T04:58:47.154Z] [lib/validate-data.js] Using TimeAPI date: 2026-02-17T04:58:47.298653
[2026-02-17T04:58:47.154Z] [lib/validate-data.js] Using reference date: 2026-2-17
[2026-02-17T04:58:47.155Z] [lib/validate-data.js] MOVE index data validation passed ✓
[2026-02-17T04:58:47.155Z] [lib/validate-data.js] Validating SRF data...
[2026-02-17T04:58:47.155Z] [lib/validate-data.js] Found 1017 SRF data points
[2026-02-17T04:58:47.228Z] [lib/validate-data.js] WorldTimeAPI failed, trying alternative source
[2026-02-17T04:58:48.066Z] [lib/validate-data.js] Using TimeAPI date: 2026-02-17T04:58:48.2213817
[2026-02-17T04:58:48.068Z] [lib/validate-data.js] SRF data validation passed ✓
[2026-02-17T04:58:48.068Z] [lib/validate-data.js] Validating Treasury funding data...
[2026-02-17T04:58:48.068Z] [lib/validate-data.js] Found 282 Treasury funding data points
[2026-02-17T04:58:48.069Z] [lib/validate-data.js] Treasury funding data validation passed ✓
[2026-02-17T04:58:48.069Z] [lib/validate-data.js] All data validation passed ✓
[2026-02-17T04:58:48.072Z] lib/validate-data.js completed successfully
[2026-02-17T04:58:48.072Z] Dashboard update process completed successfully
