[2026-06-08T08:17:26.088Z] Starting Liquidity Dashboard update process
[2026-06-08T08:17:26.090Z] Running lib/data-backup.js...
[2026-06-08T08:17:26.119Z] [lib/data-backup.js] ERROR: node:internal/modules/cjs/loader:1031
  throw err;
  ^

Error: Cannot find module '/home/runner/work/liquiditydashboard/liquiditydashboard/web/lib/data-backup.js'
    at Function.Module._resolveFilename (node:internal/modules/cjs/loader:1028:15)
    at Function.Module._load (node:internal/modules/cjs/loader:873:27)
    at Function.executeUserEntryPoint [as runMain] (node:internal/modules/run_main:81:12)
    at node:internal/main/run_main_module:22:47 {
  code: 'MODULE_NOT_FOUND',
  requireStack: []
}
[2026-06-08T08:17:26.122Z] lib/data-backup.js failed with exit code 1
[2026-06-08T08:17:26.122Z] Running lib/data-backup.js clean...
[2026-06-08T08:17:26.151Z] [lib/data-backup.js clean] ERROR: node:internal/modules/cjs/loader:1031
  throw err;
  ^

Error: Cannot find module '/home/runner/work/liquiditydashboard/liquiditydashboard/web/lib/data-backup.js'
    at Function.Module._resolveFilename (node:internal/modules/cjs/loader:1028:15)
    at Function.Module._load (node:internal/modules/cjs/loader:873:27)
    at Function.executeUserEntryPoint [as runMain] (node:internal/modules/run_main:81:12)
    at node:internal/main/run_main_module:22:47 {
  code: 'MODULE_NOT_FOUND',
  requireStack: []
}
[2026-06-08T08:17:26.152Z] lib/data-backup.js clean failed with exit code 1
[2026-06-08T08:17:26.152Z] Running lib/import-historical-move-data.js...
[2026-06-08T08:17:26.180Z] [lib/import-historical-move-data.js] ERROR: node:internal/modules/cjs/loader:1031
  throw err;
  ^

Error: Cannot find module '/home/runner/work/liquiditydashboard/liquiditydashboard/web/lib/import-historical-move-data.js'
    at Function.Module._resolveFilename (node:internal/modules/cjs/loader:1028:15)
    at Function.Module._load (node:internal/modules/cjs/loader:873:27)
    at Function.executeUserEntryPoint [as runMain] (node:internal/modules/run_main:81:12)
    at node:internal/main/run_main_module:22:47 {
  code: 'MODULE_NOT_FOUND',
  requireStack: []
}
[2026-06-08T08:17:26.182Z] lib/import-historical-move-data.js failed with exit code 1
[2026-06-08T08:17:26.182Z] Running lib/fetch-move-data.js...
[2026-06-08T08:17:26.210Z] [lib/fetch-move-data.js] ERROR: node:internal/modules/cjs/loader:1031
  throw err;
  ^

Error: Cannot find module '/home/runner/work/liquiditydashboard/liquiditydashboard/web/lib/fetch-move-data.js'
    at Function.Module._resolveFilename (node:internal/modules/cjs/loader:1028:15)
    at Function.Module._load (node:internal/modules/cjs/loader:873:27)
    at Function.executeUserEntryPoint [as runMain] (node:internal/modules/run_main:81:12)
    at node:internal/main/run_main_module:22:47 {
  code: 'MODULE_NOT_FOUND',
  requireStack: []
}
[2026-06-08T08:17:26.211Z] lib/fetch-move-data.js failed with exit code 1
[2026-06-08T08:17:26.212Z] Running lib/fetch-srf-data.js...
[2026-06-08T08:17:26.244Z] [lib/fetch-srf-data.js] ERROR: node:internal/modules/cjs/loader:1031
  throw err;
  ^

Error: Cannot find module '/home/runner/work/liquiditydashboard/liquiditydashboard/web/lib/fetch-srf-data.js'
    at Function.Module._resolveFilename (node:internal/modules/cjs/loader:1028:15)
    at Function.Module._load (node:internal/modules/cjs/loader:873:27)
    at Function.executeUserEntryPoint [as runMain] (node:internal/modules/run_main:81:12)
    at node:internal/main/run_main_module:22:47 {
  code: 'MODULE_NOT_FOUND',
  requireStack: []
}
[2026-06-08T08:17:26.247Z] lib/fetch-srf-data.js failed with exit code 1
[2026-06-08T08:17:26.247Z] Running lib/fetch-bill-share-data.js...
[2026-06-08T08:17:26.276Z] [lib/fetch-bill-share-data.js] ERROR: node:internal/modules/cjs/loader:1031
  throw err;
  ^

Error: Cannot find module '/home/runner/work/liquiditydashboard/liquiditydashboard/web/lib/fetch-bill-share-data.js'
    at Function.Module._resolveFilename (node:internal/modules/cjs/loader:1028:15)
    at Function.Module._load (node:internal/modules/cjs/loader:873:27)
    at Function.executeUserEntryPoint [as runMain] (node:internal/modules/run_main:81:12)
    at node:internal/main/run_main_module:22:47 {
  code: 'MODULE_NOT_FOUND',
  requireStack: []
}
[2026-06-08T08:17:26.277Z] lib/fetch-bill-share-data.js failed with exit code 1
[2026-06-08T08:17:26.278Z] Running lib/cleanup-future-dates.js...
[2026-06-08T08:17:26.361Z] [lib/cleanup-future-dates.js] Starting data cleanup process...
[2026-06-08T08:17:26.446Z] [lib/cleanup-future-dates.js] WorldTimeAPI failed, trying alternative source
[2026-06-08T08:17:27.141Z] [lib/cleanup-future-dates.js] Using TimeAPI date: 2026-06-08T08:17:27.7324473
[2026-06-08T08:17:27.141Z] [lib/cleanup-future-dates.js] Using reference date: 2026-6-8
[2026-06-08T08:17:27.142Z] [lib/cleanup-future-dates.js] Processing MOVE index data (/home/runner/work/liquiditydashboard/liquiditydashboard/web/public/series/move.json)...
[2026-06-08T08:17:27.142Z] [lib/cleanup-future-dates.js] Loaded 111 MOVE index data points
[2026-06-08T08:17:27.142Z] [lib/cleanup-future-dates.js] No future-dated entries found in MOVE index data
[2026-06-08T08:17:27.143Z] [lib/cleanup-future-dates.js] Processing SRF data (/home/runner/work/liquiditydashboard/liquiditydashboard/web/public/series/srf.json)...
[2026-06-08T08:17:27.143Z] [lib/cleanup-future-dates.js] Loaded 1017 SRF data points
[2026-06-08T08:17:27.144Z] [lib/cleanup-future-dates.js] No future-dated entries found in SRF data
[2026-06-08T08:17:27.144Z] [lib/cleanup-future-dates.js] Processing Treasury bill share data (/home/runner/work/liquiditydashboard/liquiditydashboard/web/public/series/bill-share.json)...
[2026-06-08T08:17:27.144Z] [lib/cleanup-future-dates.js] Loaded 282 Treasury bill share data points
[2026-06-08T08:17:27.145Z] [lib/cleanup-future-dates.js] No future-dated entries found in Treasury bill share data
[2026-06-08T08:17:27.145Z] [lib/cleanup-future-dates.js] Cleanup complete! Removed 0 future-dated entries in total.
[2026-06-08T08:17:27.145Z] [lib/cleanup-future-dates.js] Data cleanup completed with no changes needed
[2026-06-08T08:17:27.148Z] lib/cleanup-future-dates.js completed successfully
[2026-06-08T08:17:27.148Z] Running lib/validate-data.js...
[2026-06-08T08:17:27.228Z] [lib/validate-data.js] Running data validation...
[2026-06-08T08:17:27.229Z] [lib/validate-data.js] Validating MOVE index data...
[2026-06-08T08:17:27.229Z] [lib/validate-data.js] Found 111 MOVE data points
[2026-06-08T08:17:27.354Z] [lib/validate-data.js] WorldTimeAPI failed, trying alternative source
[2026-06-08T08:17:28.042Z] [lib/validate-data.js] Using TimeAPI date: 2026-06-08T08:17:28.6323431
[2026-06-08T08:17:28.042Z] [lib/validate-data.js] Using reference date: 2026-6-8
[2026-06-08T08:17:28.043Z] [lib/validate-data.js] MOVE index data validation passed ✓
[2026-06-08T08:17:28.043Z] [lib/validate-data.js] Validating SRF data...
[2026-06-08T08:17:28.043Z] [lib/validate-data.js] Found 1017 SRF data points
[2026-06-08T08:17:28.134Z] [lib/validate-data.js] WorldTimeAPI failed, trying alternative source
[2026-06-08T08:17:28.828Z] [lib/validate-data.js] Using TimeAPI date: 2026-06-08T08:17:29.4185243
[2026-06-08T08:17:28.830Z] [lib/validate-data.js] SRF data validation passed ✓
[2026-06-08T08:17:28.830Z] [lib/validate-data.js] Validating Treasury funding data...
[2026-06-08T08:17:28.831Z] [lib/validate-data.js] Found 282 Treasury funding data points
[2026-06-08T08:17:28.831Z] [lib/validate-data.js] Treasury funding data validation passed ✓
[2026-06-08T08:17:28.831Z] [lib/validate-data.js] All data validation passed ✓
[2026-06-08T08:17:28.834Z] lib/validate-data.js completed successfully
[2026-06-08T08:17:28.834Z] Dashboard update process completed successfully
