[2026-01-12T04:14:37.875Z] Starting Liquidity Dashboard update process
[2026-01-12T04:14:37.877Z] Running lib/data-backup.js...
[2026-01-12T04:14:37.906Z] [lib/data-backup.js] ERROR: node:internal/modules/cjs/loader:1031
  throw err;
  ^

Error: Cannot find module '/home/runner/work/liquiditydashboard/liquiditydashboard/web/lib/data-backup.js'
    at Function.Module._resolveFilename (node:internal/modules/cjs/loader:1028:15)
    at Function.Module._load (node:internal/modules/cjs/loader:873:27)
    at Function.executeUserEntryPoint [as runMain] (node:internal/modules/run_main:81:12)
    at node:internal/main/run_main_module:22:47 {
  code: 'MODULE_NOT_FOUND',
  requireStack: []
}
[2026-01-12T04:14:37.909Z] lib/data-backup.js failed with exit code 1
[2026-01-12T04:14:37.909Z] Running lib/data-backup.js clean...
[2026-01-12T04:14:37.937Z] [lib/data-backup.js clean] ERROR: node:internal/modules/cjs/loader:1031
  throw err;
  ^

Error: Cannot find module '/home/runner/work/liquiditydashboard/liquiditydashboard/web/lib/data-backup.js'
    at Function.Module._resolveFilename (node:internal/modules/cjs/loader:1028:15)
    at Function.Module._load (node:internal/modules/cjs/loader:873:27)
    at Function.executeUserEntryPoint [as runMain] (node:internal/modules/run_main:81:12)
    at node:internal/main/run_main_module:22:47 {
  code: 'MODULE_NOT_FOUND',
  requireStack: []
}
[2026-01-12T04:14:37.939Z] lib/data-backup.js clean failed with exit code 1
[2026-01-12T04:14:37.939Z] Running lib/import-historical-move-data.js...
[2026-01-12T04:14:37.967Z] [lib/import-historical-move-data.js] ERROR: node:internal/modules/cjs/loader:1031
  throw err;
  ^

Error: Cannot find module '/home/runner/work/liquiditydashboard/liquiditydashboard/web/lib/import-historical-move-data.js'
    at Function.Module._resolveFilename (node:internal/modules/cjs/loader:1028:15)
    at Function.Module._load (node:internal/modules/cjs/loader:873:27)
    at Function.executeUserEntryPoint [as runMain] (node:internal/modules/run_main:81:12)
    at node:internal/main/run_main_module:22:47 {
  code: 'MODULE_NOT_FOUND',
  requireStack: []
}
[2026-01-12T04:14:37.969Z] lib/import-historical-move-data.js failed with exit code 1
[2026-01-12T04:14:37.969Z] Running lib/fetch-move-data.js...
[2026-01-12T04:14:37.997Z] [lib/fetch-move-data.js] ERROR: node:internal/modules/cjs/loader:1031
  throw err;
  ^

Error: Cannot find module '/home/runner/work/liquiditydashboard/liquiditydashboard/web/lib/fetch-move-data.js'
    at Function.Module._resolveFilename (node:internal/modules/cjs/loader:1028:15)
    at Function.Module._load (node:internal/modules/cjs/loader:873:27)
    at Function.executeUserEntryPoint [as runMain] (node:internal/modules/run_main:81:12)
    at node:internal/main/run_main_module:22:47 {
  code: 'MODULE_NOT_FOUND',
  requireStack: []
}
[2026-01-12T04:14:37.999Z] lib/fetch-move-data.js failed with exit code 1
[2026-01-12T04:14:37.999Z] Running lib/fetch-srf-data.js...
[2026-01-12T04:14:38.027Z] [lib/fetch-srf-data.js] ERROR: node:internal/modules/cjs/loader:1031
  throw err;
  ^

Error: Cannot find module '/home/runner/work/liquiditydashboard/liquiditydashboard/web/lib/fetch-srf-data.js'
    at Function.Module._resolveFilename (node:internal/modules/cjs/loader:1028:15)
    at Function.Module._load (node:internal/modules/cjs/loader:873:27)
    at Function.executeUserEntryPoint [as runMain] (node:internal/modules/run_main:81:12)
    at node:internal/main/run_main_module:22:47 {
  code: 'MODULE_NOT_FOUND',
  requireStack: []
}
[2026-01-12T04:14:38.029Z] lib/fetch-srf-data.js failed with exit code 1
[2026-01-12T04:14:38.030Z] Running lib/fetch-bill-share-data.js...
[2026-01-12T04:14:38.058Z] [lib/fetch-bill-share-data.js] ERROR: node:internal/modules/cjs/loader:1031
  throw err;
  ^

Error: Cannot find module '/home/runner/work/liquiditydashboard/liquiditydashboard/web/lib/fetch-bill-share-data.js'
    at Function.Module._resolveFilename (node:internal/modules/cjs/loader:1028:15)
    at Function.Module._load (node:internal/modules/cjs/loader:873:27)
    at Function.executeUserEntryPoint [as runMain] (node:internal/modules/run_main:81:12)
    at node:internal/main/run_main_module:22:47 {
  code: 'MODULE_NOT_FOUND',
  requireStack: []
}
[2026-01-12T04:14:38.060Z] lib/fetch-bill-share-data.js failed with exit code 1
[2026-01-12T04:14:38.061Z] Running lib/cleanup-future-dates.js...
[2026-01-12T04:14:38.138Z] [lib/cleanup-future-dates.js] Starting data cleanup process...
[2026-01-12T04:14:38.348Z] [lib/cleanup-future-dates.js] WorldTimeAPI failed, trying alternative source
[2026-01-12T04:15:00.826Z] [lib/cleanup-future-dates.js] TimeAPI failed, falling back to config date
[2026-01-12T04:15:00.826Z] [lib/cleanup-future-dates.js] Using reference date: 2025-5-18
[2026-01-12T04:15:00.826Z] [lib/cleanup-future-dates.js] Processing MOVE index data (/home/runner/work/liquiditydashboard/liquiditydashboard/web/public/series/move.json)...
[2026-01-12T04:15:00.826Z] [lib/cleanup-future-dates.js] Loaded 111 MOVE index data points
[2026-01-12T04:15:00.827Z] [lib/cleanup-future-dates.js] No future-dated entries found in MOVE index data
[2026-01-12T04:15:00.827Z] [lib/cleanup-future-dates.js] Processing SRF data (/home/runner/work/liquiditydashboard/liquiditydashboard/web/public/series/srf.json)...
[2026-01-12T04:15:00.827Z] [lib/cleanup-future-dates.js] Loaded 1017 SRF data points
[2026-01-12T04:15:00.829Z] [lib/cleanup-future-dates.js] No future-dated entries found in SRF data
[2026-01-12T04:15:00.829Z] [lib/cleanup-future-dates.js] Processing Treasury bill share data (/home/runner/work/liquiditydashboard/liquiditydashboard/web/public/series/bill-share.json)...
[2026-01-12T04:15:00.829Z] [lib/cleanup-future-dates.js] Loaded 282 Treasury bill share data points
[2026-01-12T04:15:00.830Z] [lib/cleanup-future-dates.js] No future-dated entries found in Treasury bill share data
[2026-01-12T04:15:00.830Z] [lib/cleanup-future-dates.js] Cleanup complete! Removed 0 future-dated entries in total.
Data cleanup completed with no changes needed
[2026-01-12T04:15:00.833Z] lib/cleanup-future-dates.js completed successfully
[2026-01-12T04:15:00.833Z] Running lib/validate-data.js...
[2026-01-12T04:15:00.909Z] [lib/validate-data.js] Running data validation...
[2026-01-12T04:15:00.910Z] [lib/validate-data.js] Validating MOVE index data...
[2026-01-12T04:15:00.910Z] [lib/validate-data.js] Found 111 MOVE data points
[2026-01-12T04:15:01.042Z] [lib/validate-data.js] WorldTimeAPI failed, trying alternative source
[2026-01-12T04:15:01.680Z] [lib/validate-data.js] TimeAPI failed, falling back to config date
[2026-01-12T04:15:01.680Z] [lib/validate-data.js] Using reference date: 2025-5-18
[2026-01-12T04:15:01.681Z] [lib/validate-data.js] MOVE index data validation passed ✓
[2026-01-12T04:15:01.681Z] [lib/validate-data.js] Validating SRF data...
[2026-01-12T04:15:01.681Z] [lib/validate-data.js] Found 1017 SRF data points
[2026-01-12T04:15:01.781Z] [lib/validate-data.js] WorldTimeAPI failed, trying alternative source
[2026-01-12T04:15:11.244Z] [lib/validate-data.js] TimeAPI failed, falling back to config date
[2026-01-12T04:15:11.246Z] [lib/validate-data.js] SRF data validation passed ✓
[2026-01-12T04:15:11.246Z] [lib/validate-data.js] Validating Treasury funding data...
[2026-01-12T04:15:11.247Z] [lib/validate-data.js] Found 282 Treasury funding data points
[2026-01-12T04:15:11.247Z] [lib/validate-data.js] Treasury funding data validation passed ✓
[2026-01-12T04:15:11.247Z] [lib/validate-data.js] All data validation passed ✓
[2026-01-12T04:15:11.250Z] lib/validate-data.js completed successfully
[2026-01-12T04:15:11.250Z] Dashboard update process completed successfully
