[2026-04-05T05:19:00.923Z] Starting Liquidity Dashboard update process
[2026-04-05T05:19:00.925Z] Running lib/data-backup.js...
[2026-04-05T05:19:00.954Z] [lib/data-backup.js] ERROR: node:internal/modules/cjs/loader:1031
  throw err;
  ^

Error: Cannot find module '/home/runner/work/liquiditydashboard/liquiditydashboard/web/lib/data-backup.js'
    at Function.Module._resolveFilename (node:internal/modules/cjs/loader:1028:15)
    at Function.Module._load (node:internal/modules/cjs/loader:873:27)
    at Function.executeUserEntryPoint [as runMain] (node:internal/modules/run_main:81:12)
    at node:internal/main/run_main_module:22:47 {
  code: 'MODULE_NOT_FOUND',
  requireStack: []
}
[2026-04-05T05:19:00.957Z] lib/data-backup.js failed with exit code 1
[2026-04-05T05:19:00.957Z] Running lib/data-backup.js clean...
[2026-04-05T05:19:00.986Z] [lib/data-backup.js clean] ERROR: node:internal/modules/cjs/loader:1031
  throw err;
  ^

Error: Cannot find module '/home/runner/work/liquiditydashboard/liquiditydashboard/web/lib/data-backup.js'
    at Function.Module._resolveFilename (node:internal/modules/cjs/loader:1028:15)
    at Function.Module._load (node:internal/modules/cjs/loader:873:27)
    at Function.executeUserEntryPoint [as runMain] (node:internal/modules/run_main:81:12)
    at node:internal/main/run_main_module:22:47 {
  code: 'MODULE_NOT_FOUND',
  requireStack: []
}
[2026-04-05T05:19:00.987Z] lib/data-backup.js clean failed with exit code 1
[2026-04-05T05:19:00.988Z] Running lib/import-historical-move-data.js...
[2026-04-05T05:19:01.016Z] [lib/import-historical-move-data.js] ERROR: node:internal/modules/cjs/loader:1031
  throw err;
  ^

Error: Cannot find module '/home/runner/work/liquiditydashboard/liquiditydashboard/web/lib/import-historical-move-data.js'
    at Function.Module._resolveFilename (node:internal/modules/cjs/loader:1028:15)
    at Function.Module._load (node:internal/modules/cjs/loader:873:27)
    at Function.executeUserEntryPoint [as runMain] (node:internal/modules/run_main:81:12)
    at node:internal/main/run_main_module:22:47 {
  code: 'MODULE_NOT_FOUND',
  requireStack: []
}
[2026-04-05T05:19:01.018Z] lib/import-historical-move-data.js failed with exit code 1
[2026-04-05T05:19:01.018Z] Running lib/fetch-move-data.js...
[2026-04-05T05:19:01.047Z] [lib/fetch-move-data.js] ERROR: node:internal/modules/cjs/loader:1031
  throw err;
  ^

Error: Cannot find module '/home/runner/work/liquiditydashboard/liquiditydashboard/web/lib/fetch-move-data.js'
    at Function.Module._resolveFilename (node:internal/modules/cjs/loader:1028:15)
    at Function.Module._load (node:internal/modules/cjs/loader:873:27)
    at Function.executeUserEntryPoint [as runMain] (node:internal/modules/run_main:81:12)
    at node:internal/main/run_main_module:22:47 {
  code: 'MODULE_NOT_FOUND',
  requireStack: []
}
[2026-04-05T05:19:01.048Z] lib/fetch-move-data.js failed with exit code 1
[2026-04-05T05:19:01.048Z] Running lib/fetch-srf-data.js...
[2026-04-05T05:19:01.082Z] [lib/fetch-srf-data.js] ERROR: node:internal/modules/cjs/loader:1031
  throw err;
  ^

Error: Cannot find module '/home/runner/work/liquiditydashboard/liquiditydashboard/web/lib/fetch-srf-data.js'
    at Function.Module._resolveFilename (node:internal/modules/cjs/loader:1028:15)
    at Function.Module._load (node:internal/modules/cjs/loader:873:27)
    at Function.executeUserEntryPoint [as runMain] (node:internal/modules/run_main:81:12)
    at node:internal/main/run_main_module:22:47 {
  code: 'MODULE_NOT_FOUND',
  requireStack: []
}
[2026-04-05T05:19:01.084Z] lib/fetch-srf-data.js failed with exit code 1
[2026-04-05T05:19:01.084Z] Running lib/fetch-bill-share-data.js...
[2026-04-05T05:19:01.114Z] [lib/fetch-bill-share-data.js] ERROR: node:internal/modules/cjs/loader:1031
  throw err;
  ^

Error: Cannot find module '/home/runner/work/liquiditydashboard/liquiditydashboard/web/lib/fetch-bill-share-data.js'
    at Function.Module._resolveFilename (node:internal/modules/cjs/loader:1028:15)
    at Function.Module._load (node:internal/modules/cjs/loader:873:27)
    at Function.executeUserEntryPoint [as runMain] (node:internal/modules/run_main:81:12)
    at node:internal/main/run_main_module:22:47 {
  code: 'MODULE_NOT_FOUND',
  requireStack: []
}
[2026-04-05T05:19:01.116Z] lib/fetch-bill-share-data.js failed with exit code 1
[2026-04-05T05:19:01.116Z] Running lib/cleanup-future-dates.js...
[2026-04-05T05:19:01.194Z] [lib/cleanup-future-dates.js] Starting data cleanup process...
[2026-04-05T05:19:01.275Z] [lib/cleanup-future-dates.js] WorldTimeAPI failed, trying alternative source
[2026-04-05T05:19:02.098Z] [lib/cleanup-future-dates.js] Using TimeAPI date: 2026-04-05T05:19:01.9569576
[2026-04-05T05:19:02.098Z] [lib/cleanup-future-dates.js] Using reference date: 2026-4-5

Processing MOVE index data (/home/runner/work/liquiditydashboard/liquiditydashboard/web/public/series/move.json)...
[2026-04-05T05:19:02.099Z] [lib/cleanup-future-dates.js] Loaded 111 MOVE index data points
[2026-04-05T05:19:02.099Z] [lib/cleanup-future-dates.js] No future-dated entries found in MOVE index data
[2026-04-05T05:19:02.099Z] [lib/cleanup-future-dates.js] Processing SRF data (/home/runner/work/liquiditydashboard/liquiditydashboard/web/public/series/srf.json)...
[2026-04-05T05:19:02.100Z] [lib/cleanup-future-dates.js] Loaded 1017 SRF data points
[2026-04-05T05:19:02.101Z] [lib/cleanup-future-dates.js] No future-dated entries found in SRF data
[2026-04-05T05:19:02.101Z] [lib/cleanup-future-dates.js] Processing Treasury bill share data (/home/runner/work/liquiditydashboard/liquiditydashboard/web/public/series/bill-share.json)...
[2026-04-05T05:19:02.101Z] [lib/cleanup-future-dates.js] Loaded 282 Treasury bill share data points
[2026-04-05T05:19:02.102Z] [lib/cleanup-future-dates.js] No future-dated entries found in Treasury bill share data
[2026-04-05T05:19:02.102Z] [lib/cleanup-future-dates.js] Cleanup complete! Removed 0 future-dated entries in total.
[2026-04-05T05:19:02.102Z] [lib/cleanup-future-dates.js] Data cleanup completed with no changes needed
[2026-04-05T05:19:02.105Z] lib/cleanup-future-dates.js completed successfully
[2026-04-05T05:19:02.105Z] Running lib/validate-data.js...
[2026-04-05T05:19:02.179Z] [lib/validate-data.js] Running data validation...
[2026-04-05T05:19:02.179Z] [lib/validate-data.js] Validating MOVE index data...
[2026-04-05T05:19:02.180Z] [lib/validate-data.js] Found 111 MOVE data points
[2026-04-05T05:19:02.288Z] [lib/validate-data.js] WorldTimeAPI failed, trying alternative source
[2026-04-05T05:19:02.969Z] [lib/validate-data.js] Using TimeAPI date: 2026-04-05T05:19:02.837299
[2026-04-05T05:19:02.969Z] [lib/validate-data.js] Using reference date: 2026-4-5
[2026-04-05T05:19:02.969Z] [lib/validate-data.js] MOVE index data validation passed ✓
[2026-04-05T05:19:02.970Z] [lib/validate-data.js] Validating SRF data...
[2026-04-05T05:19:02.970Z] [lib/validate-data.js] Found 1017 SRF data points
[2026-04-05T05:19:03.036Z] [lib/validate-data.js] WorldTimeAPI failed, trying alternative source
[2026-04-05T05:19:03.722Z] [lib/validate-data.js] Using TimeAPI date: 2026-04-05T05:19:03.5893526
[2026-04-05T05:19:03.723Z] [lib/validate-data.js] SRF data validation passed ✓
[2026-04-05T05:19:03.723Z] [lib/validate-data.js] Validating Treasury funding data...
[2026-04-05T05:19:03.724Z] [lib/validate-data.js] Found 282 Treasury funding data points
[2026-04-05T05:19:03.724Z] [lib/validate-data.js] Treasury funding data validation passed ✓
[2026-04-05T05:19:03.724Z] [lib/validate-data.js] All data validation passed ✓
[2026-04-05T05:19:03.727Z] lib/validate-data.js completed successfully
[2026-04-05T05:19:03.727Z] Dashboard update process completed successfully
