[2026-07-10T06:50:52.881Z] Starting Liquidity Dashboard update process
[2026-07-10T06:50:52.883Z] Running lib/data-backup.js...
[2026-07-10T06:50:52.915Z] [lib/data-backup.js] ERROR: node:internal/modules/cjs/loader:1031
  throw err;
  ^

Error: Cannot find module '/home/runner/work/liquiditydashboard/liquiditydashboard/web/lib/data-backup.js'
    at Function.Module._resolveFilename (node:internal/modules/cjs/loader:1028:15)
    at Function.Module._load (node:internal/modules/cjs/loader:873:27)
    at Function.executeUserEntryPoint [as runMain] (node:internal/modules/run_main:81:12)
    at node:internal/main/run_main_module:22:47 {
  code: 'MODULE_NOT_FOUND',
  requireStack: []
}
[2026-07-10T06:50:52.917Z] lib/data-backup.js failed with exit code 1
[2026-07-10T06:50:52.918Z] Running lib/data-backup.js clean...
[2026-07-10T06:50:52.949Z] [lib/data-backup.js clean] ERROR: node:internal/modules/cjs/loader:1031
  throw err;
  ^

Error: Cannot find module '/home/runner/work/liquiditydashboard/liquiditydashboard/web/lib/data-backup.js'
    at Function.Module._resolveFilename (node:internal/modules/cjs/loader:1028:15)
    at Function.Module._load (node:internal/modules/cjs/loader:873:27)
    at Function.executeUserEntryPoint [as runMain] (node:internal/modules/run_main:81:12)
    at node:internal/main/run_main_module:22:47 {
  code: 'MODULE_NOT_FOUND',
  requireStack: []
}
[2026-07-10T06:50:52.951Z] lib/data-backup.js clean failed with exit code 1
[2026-07-10T06:50:52.951Z] Running lib/import-historical-move-data.js...
[2026-07-10T06:50:52.982Z] [lib/import-historical-move-data.js] ERROR: node:internal/modules/cjs/loader:1031
  throw err;
  ^

Error: Cannot find module '/home/runner/work/liquiditydashboard/liquiditydashboard/web/lib/import-historical-move-data.js'
    at Function.Module._resolveFilename (node:internal/modules/cjs/loader:1028:15)
    at Function.Module._load (node:internal/modules/cjs/loader:873:27)
    at Function.executeUserEntryPoint [as runMain] (node:internal/modules/run_main:81:12)
    at node:internal/main/run_main_module:22:47 {
  code: 'MODULE_NOT_FOUND',
  requireStack: []
}
[2026-07-10T06:50:52.984Z] lib/import-historical-move-data.js failed with exit code 1
[2026-07-10T06:50:52.985Z] Running lib/fetch-move-data.js...
[2026-07-10T06:50:53.015Z] [lib/fetch-move-data.js] ERROR: node:internal/modules/cjs/loader:1031
  throw err;
  ^

Error: Cannot find module '/home/runner/work/liquiditydashboard/liquiditydashboard/web/lib/fetch-move-data.js'
    at Function.Module._resolveFilename (node:internal/modules/cjs/loader:1028:15)
    at Function.Module._load (node:internal/modules/cjs/loader:873:27)
    at Function.executeUserEntryPoint [as runMain] (node:internal/modules/run_main:81:12)
    at node:internal/main/run_main_module:22:47 {
  code: 'MODULE_NOT_FOUND',
  requireStack: []
}
[2026-07-10T06:50:53.017Z] lib/fetch-move-data.js failed with exit code 1
[2026-07-10T06:50:53.017Z] Running lib/fetch-srf-data.js...
[2026-07-10T06:50:53.047Z] [lib/fetch-srf-data.js] ERROR: node:internal/modules/cjs/loader:1031
  throw err;
  ^

Error: Cannot find module '/home/runner/work/liquiditydashboard/liquiditydashboard/web/lib/fetch-srf-data.js'
    at Function.Module._resolveFilename (node:internal/modules/cjs/loader:1028:15)
    at Function.Module._load (node:internal/modules/cjs/loader:873:27)
    at Function.executeUserEntryPoint [as runMain] (node:internal/modules/run_main:81:12)
    at node:internal/main/run_main_module:22:47 {
  code: 'MODULE_NOT_FOUND',
  requireStack: []
}
[2026-07-10T06:50:53.050Z] lib/fetch-srf-data.js failed with exit code 1
[2026-07-10T06:50:53.050Z] Running lib/fetch-bill-share-data.js...
[2026-07-10T06:50:53.080Z] [lib/fetch-bill-share-data.js] ERROR: node:internal/modules/cjs/loader:1031
  throw err;
  ^

Error: Cannot find module '/home/runner/work/liquiditydashboard/liquiditydashboard/web/lib/fetch-bill-share-data.js'
    at Function.Module._resolveFilename (node:internal/modules/cjs/loader:1028:15)
    at Function.Module._load (node:internal/modules/cjs/loader:873:27)
    at Function.executeUserEntryPoint [as runMain] (node:internal/modules/run_main:81:12)
    at node:internal/main/run_main_module:22:47 {
  code: 'MODULE_NOT_FOUND',
  requireStack: []
}
[2026-07-10T06:50:53.082Z] lib/fetch-bill-share-data.js failed with exit code 1
[2026-07-10T06:50:53.082Z] Running lib/cleanup-future-dates.js...
[2026-07-10T06:50:53.177Z] [lib/cleanup-future-dates.js] Starting data cleanup process...
[2026-07-10T06:50:53.292Z] [lib/cleanup-future-dates.js] WorldTimeAPI failed, trying alternative source
[2026-07-10T06:50:54.159Z] [lib/cleanup-future-dates.js] Using TimeAPI date: 2026-07-10T06:49:35.3131854
[2026-07-10T06:50:54.159Z] [lib/cleanup-future-dates.js] Using reference date: 2026-7-10

Processing MOVE index data (/home/runner/work/liquiditydashboard/liquiditydashboard/web/public/series/move.json)...
[2026-07-10T06:50:54.159Z] [lib/cleanup-future-dates.js] Loaded 111 MOVE index data points
[2026-07-10T06:50:54.160Z] [lib/cleanup-future-dates.js] No future-dated entries found in MOVE index data
[2026-07-10T06:50:54.160Z] [lib/cleanup-future-dates.js] Processing SRF data (/home/runner/work/liquiditydashboard/liquiditydashboard/web/public/series/srf.json)...
[2026-07-10T06:50:54.160Z] [lib/cleanup-future-dates.js] Loaded 1017 SRF data points
[2026-07-10T06:50:54.161Z] [lib/cleanup-future-dates.js] No future-dated entries found in SRF data
[2026-07-10T06:50:54.162Z] [lib/cleanup-future-dates.js] Processing Treasury bill share data (/home/runner/work/liquiditydashboard/liquiditydashboard/web/public/series/bill-share.json)...
[2026-07-10T06:50:54.162Z] [lib/cleanup-future-dates.js] Loaded 282 Treasury bill share data points
[2026-07-10T06:50:54.162Z] [lib/cleanup-future-dates.js] No future-dated entries found in Treasury bill share data
[2026-07-10T06:50:54.162Z] [lib/cleanup-future-dates.js] Cleanup complete! Removed 0 future-dated entries in total.
[2026-07-10T06:50:54.163Z] [lib/cleanup-future-dates.js] Data cleanup completed with no changes needed
[2026-07-10T06:50:54.165Z] lib/cleanup-future-dates.js completed successfully
[2026-07-10T06:50:54.166Z] Running lib/validate-data.js...
[2026-07-10T06:50:54.255Z] [lib/validate-data.js] Running data validation...
[2026-07-10T06:50:54.255Z] [lib/validate-data.js] Validating MOVE index data...
[2026-07-10T06:50:54.256Z] [lib/validate-data.js] Found 111 MOVE data points
[2026-07-10T06:50:54.385Z] [lib/validate-data.js] WorldTimeAPI failed, trying alternative source
[2026-07-10T06:50:55.129Z] [lib/validate-data.js] Using TimeAPI date: 2026-07-10T06:49:36.28253
[2026-07-10T06:50:55.130Z] [lib/validate-data.js] Using reference date: 2026-7-10
[2026-07-10T06:50:55.130Z] [lib/validate-data.js] MOVE index data validation passed ✓
[2026-07-10T06:50:55.131Z] [lib/validate-data.js] Validating SRF data...
[2026-07-10T06:50:55.131Z] [lib/validate-data.js] Found 1017 SRF data points
[2026-07-10T06:50:55.216Z] [lib/validate-data.js] WorldTimeAPI failed, trying alternative source
[2026-07-10T06:50:55.920Z] [lib/validate-data.js] Using TimeAPI date: 2026-07-10T06:49:37.076968
[2026-07-10T06:50:55.923Z] [lib/validate-data.js] SRF data validation passed ✓
[2026-07-10T06:50:55.923Z] [lib/validate-data.js] Validating Treasury funding data...
[2026-07-10T06:50:55.923Z] [lib/validate-data.js] Found 282 Treasury funding data points
[2026-07-10T06:50:55.923Z] [lib/validate-data.js] Treasury funding data validation passed ✓
[2026-07-10T06:50:55.924Z] [lib/validate-data.js] All data validation passed ✓
[2026-07-10T06:50:55.927Z] lib/validate-data.js completed successfully
[2026-07-10T06:50:55.927Z] Dashboard update process completed successfully
