[2026-03-07T04:26:04.435Z] Starting Liquidity Dashboard update process
[2026-03-07T04:26:04.436Z] Running lib/data-backup.js...
[2026-03-07T04:26:04.468Z] [lib/data-backup.js] ERROR: node:internal/modules/cjs/loader:1031
  throw err;
  ^

Error: Cannot find module '/home/runner/work/liquiditydashboard/liquiditydashboard/web/lib/data-backup.js'
    at Function.Module._resolveFilename (node:internal/modules/cjs/loader:1028:15)
    at Function.Module._load (node:internal/modules/cjs/loader:873:27)
    at Function.executeUserEntryPoint [as runMain] (node:internal/modules/run_main:81:12)
    at node:internal/main/run_main_module:22:47 {
  code: 'MODULE_NOT_FOUND',
  requireStack: []
}
[2026-03-07T04:26:04.471Z] lib/data-backup.js failed with exit code 1
[2026-03-07T04:26:04.471Z] Running lib/data-backup.js clean...
[2026-03-07T04:26:04.501Z] [lib/data-backup.js clean] ERROR: node:internal/modules/cjs/loader:1031
  throw err;
  ^

Error: Cannot find module '/home/runner/work/liquiditydashboard/liquiditydashboard/web/lib/data-backup.js'
    at Function.Module._resolveFilename (node:internal/modules/cjs/loader:1028:15)
    at Function.Module._load (node:internal/modules/cjs/loader:873:27)
    at Function.executeUserEntryPoint [as runMain] (node:internal/modules/run_main:81:12)
    at node:internal/main/run_main_module:22:47 {
  code: 'MODULE_NOT_FOUND',
  requireStack: []
}
[2026-03-07T04:26:04.502Z] lib/data-backup.js clean failed with exit code 1
[2026-03-07T04:26:04.503Z] Running lib/import-historical-move-data.js...
[2026-03-07T04:26:04.531Z] [lib/import-historical-move-data.js] ERROR: node:internal/modules/cjs/loader:1031
  throw err;
  ^

Error: Cannot find module '/home/runner/work/liquiditydashboard/liquiditydashboard/web/lib/import-historical-move-data.js'
    at Function.Module._resolveFilename (node:internal/modules/cjs/loader:1028:15)
    at Function.Module._load (node:internal/modules/cjs/loader:873:27)
    at Function.executeUserEntryPoint [as runMain] (node:internal/modules/run_main:81:12)
    at node:internal/main/run_main_module:22:47 {
  code: 'MODULE_NOT_FOUND',
  requireStack: []
}
[2026-03-07T04:26:04.533Z] lib/import-historical-move-data.js failed with exit code 1
[2026-03-07T04:26:04.534Z] Running lib/fetch-move-data.js...
[2026-03-07T04:26:04.563Z] [lib/fetch-move-data.js] ERROR: node:internal/modules/cjs/loader:1031
  throw err;
  ^

Error: Cannot find module '/home/runner/work/liquiditydashboard/liquiditydashboard/web/lib/fetch-move-data.js'
    at Function.Module._resolveFilename (node:internal/modules/cjs/loader:1028:15)
    at Function.Module._load (node:internal/modules/cjs/loader:873:27)
    at Function.executeUserEntryPoint [as runMain] (node:internal/modules/run_main:81:12)
    at node:internal/main/run_main_module:22:47 {
  code: 'MODULE_NOT_FOUND',
  requireStack: []
}
[2026-03-07T04:26:04.566Z] lib/fetch-move-data.js failed with exit code 1
[2026-03-07T04:26:04.566Z] Running lib/fetch-srf-data.js...
[2026-03-07T04:26:04.601Z] [lib/fetch-srf-data.js] ERROR: node:internal/modules/cjs/loader:1031
  throw err;
  ^

Error: Cannot find module '/home/runner/work/liquiditydashboard/liquiditydashboard/web/lib/fetch-srf-data.js'
    at Function.Module._resolveFilename (node:internal/modules/cjs/loader:1028:15)
    at Function.Module._load (node:internal/modules/cjs/loader:873:27)
    at Function.executeUserEntryPoint [as runMain] (node:internal/modules/run_main:81:12)
    at node:internal/main/run_main_module:22:47 {
  code: 'MODULE_NOT_FOUND',
  requireStack: []
}
[2026-03-07T04:26:04.603Z] lib/fetch-srf-data.js failed with exit code 1
[2026-03-07T04:26:04.603Z] Running lib/fetch-bill-share-data.js...
[2026-03-07T04:26:04.633Z] [lib/fetch-bill-share-data.js] ERROR: node:internal/modules/cjs/loader:1031
  throw err;
  ^

Error: Cannot find module '/home/runner/work/liquiditydashboard/liquiditydashboard/web/lib/fetch-bill-share-data.js'
    at Function.Module._resolveFilename (node:internal/modules/cjs/loader:1028:15)
    at Function.Module._load (node:internal/modules/cjs/loader:873:27)
    at Function.executeUserEntryPoint [as runMain] (node:internal/modules/run_main:81:12)
    at node:internal/main/run_main_module:22:47 {
  code: 'MODULE_NOT_FOUND',
  requireStack: []
}
[2026-03-07T04:26:04.635Z] lib/fetch-bill-share-data.js failed with exit code 1
[2026-03-07T04:26:04.635Z] Running lib/cleanup-future-dates.js...
[2026-03-07T04:26:04.715Z] [lib/cleanup-future-dates.js] Starting data cleanup process...
[2026-03-07T04:26:04.971Z] [lib/cleanup-future-dates.js] WorldTimeAPI failed, trying alternative source
[2026-03-07T04:26:05.421Z] [lib/cleanup-future-dates.js] Using TimeAPI date: 2026-03-07T04:26:05.1633051
[2026-03-07T04:26:05.421Z] [lib/cleanup-future-dates.js] Using reference date: 2026-3-7

Processing MOVE index data (/home/runner/work/liquiditydashboard/liquiditydashboard/web/public/series/move.json)...
[2026-03-07T04:26:05.422Z] [lib/cleanup-future-dates.js] Loaded 111 MOVE index data points
[2026-03-07T04:26:05.422Z] [lib/cleanup-future-dates.js] No future-dated entries found in MOVE index data
[2026-03-07T04:26:05.422Z] [lib/cleanup-future-dates.js] Processing SRF data (/home/runner/work/liquiditydashboard/liquiditydashboard/web/public/series/srf.json)...
[2026-03-07T04:26:05.423Z] [lib/cleanup-future-dates.js] Loaded 1017 SRF data points
[2026-03-07T04:26:05.424Z] [lib/cleanup-future-dates.js] No future-dated entries found in SRF data
[2026-03-07T04:26:05.424Z] [lib/cleanup-future-dates.js] Processing Treasury bill share data (/home/runner/work/liquiditydashboard/liquiditydashboard/web/public/series/bill-share.json)...
[2026-03-07T04:26:05.425Z] [lib/cleanup-future-dates.js] Loaded 282 Treasury bill share data points
[2026-03-07T04:26:05.425Z] [lib/cleanup-future-dates.js] No future-dated entries found in Treasury bill share data
[2026-03-07T04:26:05.425Z] [lib/cleanup-future-dates.js] Cleanup complete! Removed 0 future-dated entries in total.
[2026-03-07T04:26:05.425Z] [lib/cleanup-future-dates.js] Data cleanup completed with no changes needed
[2026-03-07T04:26:05.429Z] lib/cleanup-future-dates.js completed successfully
[2026-03-07T04:26:05.429Z] Running lib/validate-data.js...
[2026-03-07T04:26:05.506Z] [lib/validate-data.js] Running data validation...
[2026-03-07T04:26:05.507Z] [lib/validate-data.js] Validating MOVE index data...
[2026-03-07T04:26:05.507Z] [lib/validate-data.js] Found 111 MOVE data points
[2026-03-07T04:26:05.567Z] [lib/validate-data.js] WorldTimeAPI failed, trying alternative source
[2026-03-07T04:26:06.535Z] [lib/validate-data.js] Using TimeAPI date: 2026-03-07T04:26:06.2765849
[2026-03-07T04:26:06.535Z] [lib/validate-data.js] Using reference date: 2026-3-7
[2026-03-07T04:26:06.536Z] [lib/validate-data.js] MOVE index data validation passed ✓
[2026-03-07T04:26:06.536Z] [lib/validate-data.js] Validating SRF data...
[2026-03-07T04:26:06.536Z] [lib/validate-data.js] Found 1017 SRF data points
[2026-03-07T04:26:06.580Z] [lib/validate-data.js] WorldTimeAPI failed, trying alternative source
[2026-03-07T04:26:07.114Z] [lib/validate-data.js] Using TimeAPI date: 2026-03-07T04:26:06.8610393
[2026-03-07T04:26:07.116Z] [lib/validate-data.js] SRF data validation passed ✓
[2026-03-07T04:26:07.116Z] [lib/validate-data.js] Validating Treasury funding data...
[2026-03-07T04:26:07.116Z] [lib/validate-data.js] Found 282 Treasury funding data points
[2026-03-07T04:26:07.116Z] [lib/validate-data.js] Treasury funding data validation passed ✓
[2026-03-07T04:26:07.117Z] [lib/validate-data.js] All data validation passed ✓
[2026-03-07T04:26:07.120Z] lib/validate-data.js completed successfully
[2026-03-07T04:26:07.120Z] Dashboard update process completed successfully
