[2025-09-27T03:30:45.912Z] Starting Liquidity Dashboard update process
[2025-09-27T03:30:45.914Z] Running lib/data-backup.js...
[2025-09-27T03:30:45.945Z] [lib/data-backup.js] ERROR: node:internal/modules/cjs/loader:1031
  throw err;
  ^

Error: Cannot find module '/home/runner/work/liquiditydashboard/liquiditydashboard/web/lib/data-backup.js'
    at Function.Module._resolveFilename (node:internal/modules/cjs/loader:1028:15)
    at Function.Module._load (node:internal/modules/cjs/loader:873:27)
    at Function.executeUserEntryPoint [as runMain] (node:internal/modules/run_main:81:12)
    at node:internal/main/run_main_module:22:47 {
  code: 'MODULE_NOT_FOUND',
  requireStack: []
}
[2025-09-27T03:30:45.947Z] lib/data-backup.js failed with exit code 1
[2025-09-27T03:30:45.948Z] Running lib/data-backup.js clean...
[2025-09-27T03:30:45.977Z] [lib/data-backup.js clean] ERROR: node:internal/modules/cjs/loader:1031
  throw err;
  ^

Error: Cannot find module '/home/runner/work/liquiditydashboard/liquiditydashboard/web/lib/data-backup.js'
    at Function.Module._resolveFilename (node:internal/modules/cjs/loader:1028:15)
    at Function.Module._load (node:internal/modules/cjs/loader:873:27)
    at Function.executeUserEntryPoint [as runMain] (node:internal/modules/run_main:81:12)
    at node:internal/main/run_main_module:22:47 {
  code: 'MODULE_NOT_FOUND',
  requireStack: []
}
[2025-09-27T03:30:45.979Z] lib/data-backup.js clean failed with exit code 1
[2025-09-27T03:30:45.979Z] Running lib/import-historical-move-data.js...
[2025-09-27T03:30:46.009Z] [lib/import-historical-move-data.js] ERROR: node:internal/modules/cjs/loader:1031
  throw err;
  ^

Error: Cannot find module '/home/runner/work/liquiditydashboard/liquiditydashboard/web/lib/import-historical-move-data.js'
    at Function.Module._resolveFilename (node:internal/modules/cjs/loader:1028:15)
    at Function.Module._load (node:internal/modules/cjs/loader:873:27)
    at Function.executeUserEntryPoint [as runMain] (node:internal/modules/run_main:81:12)
    at node:internal/main/run_main_module:22:47 {
  code: 'MODULE_NOT_FOUND',
  requireStack: []
}
[2025-09-27T03:30:46.011Z] lib/import-historical-move-data.js failed with exit code 1
[2025-09-27T03:30:46.011Z] Running lib/fetch-move-data.js...
[2025-09-27T03:30:46.040Z] [lib/fetch-move-data.js] ERROR: node:internal/modules/cjs/loader:1031
  throw err;
  ^

Error: Cannot find module '/home/runner/work/liquiditydashboard/liquiditydashboard/web/lib/fetch-move-data.js'
    at Function.Module._resolveFilename (node:internal/modules/cjs/loader:1028:15)
    at Function.Module._load (node:internal/modules/cjs/loader:873:27)
    at Function.executeUserEntryPoint [as runMain] (node:internal/modules/run_main:81:12)
    at node:internal/main/run_main_module:22:47 {
  code: 'MODULE_NOT_FOUND',
  requireStack: []
}
[2025-09-27T03:30:46.043Z] lib/fetch-move-data.js failed with exit code 1
[2025-09-27T03:30:46.043Z] Running lib/fetch-srf-data.js...
[2025-09-27T03:30:46.072Z] [lib/fetch-srf-data.js] ERROR: node:internal/modules/cjs/loader:1031
  throw err;
  ^

Error: Cannot find module '/home/runner/work/liquiditydashboard/liquiditydashboard/web/lib/fetch-srf-data.js'
    at Function.Module._resolveFilename (node:internal/modules/cjs/loader:1028:15)
    at Function.Module._load (node:internal/modules/cjs/loader:873:27)
    at Function.executeUserEntryPoint [as runMain] (node:internal/modules/run_main:81:12)
    at node:internal/main/run_main_module:22:47 {
  code: 'MODULE_NOT_FOUND',
  requireStack: []
}
[2025-09-27T03:30:46.075Z] lib/fetch-srf-data.js failed with exit code 1
[2025-09-27T03:30:46.075Z] Running lib/fetch-bill-share-data.js...
[2025-09-27T03:30:46.105Z] [lib/fetch-bill-share-data.js] ERROR: node:internal/modules/cjs/loader:1031
  throw err;
  ^

Error: Cannot find module '/home/runner/work/liquiditydashboard/liquiditydashboard/web/lib/fetch-bill-share-data.js'
    at Function.Module._resolveFilename (node:internal/modules/cjs/loader:1028:15)
    at Function.Module._load (node:internal/modules/cjs/loader:873:27)
    at Function.executeUserEntryPoint [as runMain] (node:internal/modules/run_main:81:12)
    at node:internal/main/run_main_module:22:47 {
  code: 'MODULE_NOT_FOUND',
  requireStack: []
}
[2025-09-27T03:30:46.107Z] lib/fetch-bill-share-data.js failed with exit code 1
[2025-09-27T03:30:46.107Z] Running lib/cleanup-future-dates.js...
[2025-09-27T03:30:46.185Z] [lib/cleanup-future-dates.js] Starting data cleanup process...
[2025-09-27T03:30:46.405Z] [lib/cleanup-future-dates.js] Using WorldTimeAPI date: 2025-09-27T03:30:46.391423+00:00
[2025-09-27T03:30:46.406Z] [lib/cleanup-future-dates.js] Using reference date: 2025-9-27
[2025-09-27T03:30:46.406Z] [lib/cleanup-future-dates.js] Processing MOVE index data (/home/runner/work/liquiditydashboard/liquiditydashboard/web/public/series/move.json)...
[2025-09-27T03:30:46.406Z] [lib/cleanup-future-dates.js] Loaded 111 MOVE index data points
[2025-09-27T03:30:46.407Z] [lib/cleanup-future-dates.js] No future-dated entries found in MOVE index data

Processing SRF data (/home/runner/work/liquiditydashboard/liquiditydashboard/web/public/series/srf.json)...
[2025-09-27T03:30:46.407Z] [lib/cleanup-future-dates.js] Loaded 1017 SRF data points
[2025-09-27T03:30:46.409Z] [lib/cleanup-future-dates.js] No future-dated entries found in SRF data
[2025-09-27T03:30:46.409Z] [lib/cleanup-future-dates.js] Processing Treasury bill share data (/home/runner/work/liquiditydashboard/liquiditydashboard/web/public/series/bill-share.json)...
[2025-09-27T03:30:46.410Z] [lib/cleanup-future-dates.js] Loaded 282 Treasury bill share data points
[2025-09-27T03:30:46.410Z] [lib/cleanup-future-dates.js] No future-dated entries found in Treasury bill share data
[2025-09-27T03:30:46.410Z] [lib/cleanup-future-dates.js] Cleanup complete! Removed 0 future-dated entries in total.
Data cleanup completed with no changes needed
[2025-09-27T03:30:46.413Z] lib/cleanup-future-dates.js completed successfully
[2025-09-27T03:30:46.414Z] Running lib/validate-data.js...
[2025-09-27T03:30:46.490Z] [lib/validate-data.js] Running data validation...
[2025-09-27T03:30:46.491Z] [lib/validate-data.js] Validating MOVE index data...
[2025-09-27T03:30:46.491Z] [lib/validate-data.js] Found 111 MOVE data points
[2025-09-27T03:30:46.796Z] [lib/validate-data.js] Using WorldTimeAPI date: 2025-09-27T03:30:46.781472+00:00
[2025-09-27T03:30:46.796Z] [lib/validate-data.js] Using reference date: 2025-9-27
[2025-09-27T03:30:46.796Z] [lib/validate-data.js] MOVE index data validation passed ✓
[2025-09-27T03:30:46.797Z] [lib/validate-data.js] Validating SRF data...
[2025-09-27T03:30:46.797Z] [lib/validate-data.js] Found 1017 SRF data points
[2025-09-27T03:30:46.852Z] [lib/validate-data.js] WorldTimeAPI failed, trying alternative source
[2025-09-27T03:30:47.443Z] [lib/validate-data.js] Using TimeAPI date: 2025-09-27T03:30:47.3920616
[2025-09-27T03:30:47.445Z] [lib/validate-data.js] SRF data validation passed ✓
[2025-09-27T03:30:47.445Z] [lib/validate-data.js] Validating Treasury funding data...
[2025-09-27T03:30:47.445Z] [lib/validate-data.js] Found 282 Treasury funding data points
[2025-09-27T03:30:47.445Z] [lib/validate-data.js] Treasury funding data validation passed ✓
[2025-09-27T03:30:47.446Z] [lib/validate-data.js] All data validation passed ✓
[2025-09-27T03:30:47.449Z] lib/validate-data.js completed successfully
[2025-09-27T03:30:47.449Z] Dashboard update process completed successfully
