[2025-09-20T03:30:50.473Z] Starting Liquidity Dashboard update process
[2025-09-20T03:30:50.475Z] Running lib/data-backup.js...
[2025-09-20T03:30:50.504Z] [lib/data-backup.js] ERROR: node:internal/modules/cjs/loader:1031
  throw err;
  ^

Error: Cannot find module '/home/runner/work/liquiditydashboard/liquiditydashboard/web/lib/data-backup.js'
    at Function.Module._resolveFilename (node:internal/modules/cjs/loader:1028:15)
    at Function.Module._load (node:internal/modules/cjs/loader:873:27)
    at Function.executeUserEntryPoint [as runMain] (node:internal/modules/run_main:81:12)
    at node:internal/main/run_main_module:22:47 {
  code: 'MODULE_NOT_FOUND',
  requireStack: []
}
[2025-09-20T03:30:50.506Z] lib/data-backup.js failed with exit code 1
[2025-09-20T03:30:50.506Z] Running lib/data-backup.js clean...
[2025-09-20T03:30:50.534Z] [lib/data-backup.js clean] ERROR: node:internal/modules/cjs/loader:1031
  throw err;
  ^

Error: Cannot find module '/home/runner/work/liquiditydashboard/liquiditydashboard/web/lib/data-backup.js'
    at Function.Module._resolveFilename (node:internal/modules/cjs/loader:1028:15)
    at Function.Module._load (node:internal/modules/cjs/loader:873:27)
    at Function.executeUserEntryPoint [as runMain] (node:internal/modules/run_main:81:12)
    at node:internal/main/run_main_module:22:47 {
  code: 'MODULE_NOT_FOUND',
  requireStack: []
}
[2025-09-20T03:30:50.536Z] lib/data-backup.js clean failed with exit code 1
[2025-09-20T03:30:50.536Z] Running lib/import-historical-move-data.js...
[2025-09-20T03:30:50.564Z] [lib/import-historical-move-data.js] ERROR: node:internal/modules/cjs/loader:1031
  throw err;
  ^

Error: Cannot find module '/home/runner/work/liquiditydashboard/liquiditydashboard/web/lib/import-historical-move-data.js'
    at Function.Module._resolveFilename (node:internal/modules/cjs/loader:1028:15)
    at Function.Module._load (node:internal/modules/cjs/loader:873:27)
    at Function.executeUserEntryPoint [as runMain] (node:internal/modules/run_main:81:12)
    at node:internal/main/run_main_module:22:47 {
  code: 'MODULE_NOT_FOUND',
  requireStack: []
}
[2025-09-20T03:30:50.566Z] lib/import-historical-move-data.js failed with exit code 1
[2025-09-20T03:30:50.566Z] Running lib/fetch-move-data.js...
[2025-09-20T03:30:50.594Z] [lib/fetch-move-data.js] ERROR: node:internal/modules/cjs/loader:1031
  throw err;
  ^

Error: Cannot find module '/home/runner/work/liquiditydashboard/liquiditydashboard/web/lib/fetch-move-data.js'
    at Function.Module._resolveFilename (node:internal/modules/cjs/loader:1028:15)
    at Function.Module._load (node:internal/modules/cjs/loader:873:27)
    at Function.executeUserEntryPoint [as runMain] (node:internal/modules/run_main:81:12)
    at node:internal/main/run_main_module:22:47 {
  code: 'MODULE_NOT_FOUND',
  requireStack: []
}
[2025-09-20T03:30:50.596Z] lib/fetch-move-data.js failed with exit code 1
[2025-09-20T03:30:50.596Z] Running lib/fetch-srf-data.js...
[2025-09-20T03:30:50.623Z] [lib/fetch-srf-data.js] ERROR: node:internal/modules/cjs/loader:1031
  throw err;
  ^

Error: Cannot find module '/home/runner/work/liquiditydashboard/liquiditydashboard/web/lib/fetch-srf-data.js'
    at Function.Module._resolveFilename (node:internal/modules/cjs/loader:1028:15)
    at Function.Module._load (node:internal/modules/cjs/loader:873:27)
    at Function.executeUserEntryPoint [as runMain] (node:internal/modules/run_main:81:12)
    at node:internal/main/run_main_module:22:47 {
  code: 'MODULE_NOT_FOUND',
  requireStack: []
}
[2025-09-20T03:30:50.625Z] lib/fetch-srf-data.js failed with exit code 1
[2025-09-20T03:30:50.626Z] Running lib/fetch-bill-share-data.js...
[2025-09-20T03:30:50.653Z] [lib/fetch-bill-share-data.js] ERROR: node:internal/modules/cjs/loader:1031
  throw err;
  ^

Error: Cannot find module '/home/runner/work/liquiditydashboard/liquiditydashboard/web/lib/fetch-bill-share-data.js'
    at Function.Module._resolveFilename (node:internal/modules/cjs/loader:1028:15)
    at Function.Module._load (node:internal/modules/cjs/loader:873:27)
    at Function.executeUserEntryPoint [as runMain] (node:internal/modules/run_main:81:12)
    at node:internal/main/run_main_module:22:47 {
  code: 'MODULE_NOT_FOUND',
  requireStack: []
}
[2025-09-20T03:30:50.655Z] lib/fetch-bill-share-data.js failed with exit code 1
[2025-09-20T03:30:50.655Z] Running lib/cleanup-future-dates.js...
[2025-09-20T03:30:50.729Z] [lib/cleanup-future-dates.js] Starting data cleanup process...
[2025-09-20T03:30:51.001Z] [lib/cleanup-future-dates.js] WorldTimeAPI failed, trying alternative source
[2025-09-20T03:30:51.453Z] [lib/cleanup-future-dates.js] Using TimeAPI date: 2025-09-20T03:30:51.398052
[2025-09-20T03:30:51.453Z] [lib/cleanup-future-dates.js] Using reference date: 2025-9-20

Processing MOVE index data (/home/runner/work/liquiditydashboard/liquiditydashboard/web/public/series/move.json)...
[2025-09-20T03:30:51.453Z] [lib/cleanup-future-dates.js] Loaded 111 MOVE index data points
[2025-09-20T03:30:51.454Z] [lib/cleanup-future-dates.js] No future-dated entries found in MOVE index data
[2025-09-20T03:30:51.454Z] [lib/cleanup-future-dates.js] Processing SRF data (/home/runner/work/liquiditydashboard/liquiditydashboard/web/public/series/srf.json)...
[2025-09-20T03:30:51.455Z] [lib/cleanup-future-dates.js] Loaded 1017 SRF data points
[2025-09-20T03:30:51.456Z] [lib/cleanup-future-dates.js] No future-dated entries found in SRF data
[2025-09-20T03:30:51.456Z] [lib/cleanup-future-dates.js] Processing Treasury bill share data (/home/runner/work/liquiditydashboard/liquiditydashboard/web/public/series/bill-share.json)...
[2025-09-20T03:30:51.456Z] [lib/cleanup-future-dates.js] Loaded 282 Treasury bill share data points
[2025-09-20T03:30:51.457Z] [lib/cleanup-future-dates.js] No future-dated entries found in Treasury bill share data
[2025-09-20T03:30:51.457Z] [lib/cleanup-future-dates.js] Cleanup complete! Removed 0 future-dated entries in total.
[2025-09-20T03:30:51.457Z] [lib/cleanup-future-dates.js] Data cleanup completed with no changes needed
[2025-09-20T03:30:51.460Z] lib/cleanup-future-dates.js completed successfully
[2025-09-20T03:30:51.460Z] Running lib/validate-data.js...
[2025-09-20T03:30:51.533Z] [lib/validate-data.js] Running data validation...
[2025-09-20T03:30:51.533Z] [lib/validate-data.js] Validating MOVE index data...
[2025-09-20T03:30:51.533Z] [lib/validate-data.js] Found 111 MOVE data points
[2025-09-20T03:30:51.619Z] [lib/validate-data.js] WorldTimeAPI failed, trying alternative source
[2025-09-20T03:30:51.939Z] [lib/validate-data.js] Using TimeAPI date: 2025-09-20T03:30:51.8842602
[2025-09-20T03:30:51.939Z] [lib/validate-data.js] Using reference date: 2025-9-20
[2025-09-20T03:30:51.940Z] [lib/validate-data.js] MOVE index data validation passed ✓
[2025-09-20T03:30:51.940Z] [lib/validate-data.js] Validating SRF data...
[2025-09-20T03:30:51.940Z] [lib/validate-data.js] Found 1017 SRF data points
[2025-09-20T03:30:52.034Z] [lib/validate-data.js] WorldTimeAPI failed, trying alternative source
[2025-09-20T03:30:52.495Z] [lib/validate-data.js] Using TimeAPI date: 2025-09-20T03:30:52.4405499
[2025-09-20T03:30:52.497Z] [lib/validate-data.js] SRF data validation passed ✓
[2025-09-20T03:30:52.497Z] [lib/validate-data.js] Validating Treasury funding data...
[2025-09-20T03:30:52.497Z] [lib/validate-data.js] Found 282 Treasury funding data points
[2025-09-20T03:30:52.497Z] [lib/validate-data.js] Treasury funding data validation passed ✓
[2025-09-20T03:30:52.497Z] [lib/validate-data.js] All data validation passed ✓
[2025-09-20T03:30:52.500Z] lib/validate-data.js completed successfully
[2025-09-20T03:30:52.500Z] Dashboard update process completed successfully
