[2026-02-14T04:47:00.044Z] Starting Liquidity Dashboard update process
[2026-02-14T04:47:00.045Z] Running lib/data-backup.js...
[2026-02-14T04:47:00.076Z] [lib/data-backup.js] ERROR: node:internal/modules/cjs/loader:1031
  throw err;
  ^

Error: Cannot find module '/home/runner/work/liquiditydashboard/liquiditydashboard/web/lib/data-backup.js'
    at Function.Module._resolveFilename (node:internal/modules/cjs/loader:1028:15)
    at Function.Module._load (node:internal/modules/cjs/loader:873:27)
    at Function.executeUserEntryPoint [as runMain] (node:internal/modules/run_main:81:12)
    at node:internal/main/run_main_module:22:47 {
  code: 'MODULE_NOT_FOUND',
  requireStack: []
}
[2026-02-14T04:47:00.078Z] lib/data-backup.js failed with exit code 1
[2026-02-14T04:47:00.079Z] Running lib/data-backup.js clean...
[2026-02-14T04:47:00.108Z] [lib/data-backup.js clean] ERROR: node:internal/modules/cjs/loader:1031
  throw err;
  ^

Error: Cannot find module '/home/runner/work/liquiditydashboard/liquiditydashboard/web/lib/data-backup.js'
    at Function.Module._resolveFilename (node:internal/modules/cjs/loader:1028:15)
    at Function.Module._load (node:internal/modules/cjs/loader:873:27)
    at Function.executeUserEntryPoint [as runMain] (node:internal/modules/run_main:81:12)
    at node:internal/main/run_main_module:22:47 {
  code: 'MODULE_NOT_FOUND',
  requireStack: []
}
[2026-02-14T04:47:00.110Z] lib/data-backup.js clean failed with exit code 1
[2026-02-14T04:47:00.110Z] Running lib/import-historical-move-data.js...
[2026-02-14T04:47:00.139Z] [lib/import-historical-move-data.js] ERROR: node:internal/modules/cjs/loader:1031
  throw err;
  ^

Error: Cannot find module '/home/runner/work/liquiditydashboard/liquiditydashboard/web/lib/import-historical-move-data.js'
    at Function.Module._resolveFilename (node:internal/modules/cjs/loader:1028:15)
    at Function.Module._load (node:internal/modules/cjs/loader:873:27)
    at Function.executeUserEntryPoint [as runMain] (node:internal/modules/run_main:81:12)
    at node:internal/main/run_main_module:22:47 {
  code: 'MODULE_NOT_FOUND',
  requireStack: []
}
[2026-02-14T04:47:00.141Z] lib/import-historical-move-data.js failed with exit code 1
[2026-02-14T04:47:00.141Z] Running lib/fetch-move-data.js...
[2026-02-14T04:47:00.170Z] [lib/fetch-move-data.js] ERROR: node:internal/modules/cjs/loader:1031
  throw err;
  ^

Error: Cannot find module '/home/runner/work/liquiditydashboard/liquiditydashboard/web/lib/fetch-move-data.js'
    at Function.Module._resolveFilename (node:internal/modules/cjs/loader:1028:15)
    at Function.Module._load (node:internal/modules/cjs/loader:873:27)
    at Function.executeUserEntryPoint [as runMain] (node:internal/modules/run_main:81:12)
    at node:internal/main/run_main_module:22:47 {
  code: 'MODULE_NOT_FOUND',
  requireStack: []
}
[2026-02-14T04:47:00.172Z] lib/fetch-move-data.js failed with exit code 1
[2026-02-14T04:47:00.172Z] Running lib/fetch-srf-data.js...
[2026-02-14T04:47:00.202Z] [lib/fetch-srf-data.js] ERROR: node:internal/modules/cjs/loader:1031
  throw err;
  ^

Error: Cannot find module '/home/runner/work/liquiditydashboard/liquiditydashboard/web/lib/fetch-srf-data.js'
    at Function.Module._resolveFilename (node:internal/modules/cjs/loader:1028:15)
    at Function.Module._load (node:internal/modules/cjs/loader:873:27)
    at Function.executeUserEntryPoint [as runMain] (node:internal/modules/run_main:81:12)
    at node:internal/main/run_main_module:22:47 {
  code: 'MODULE_NOT_FOUND',
  requireStack: []
}
[2026-02-14T04:47:00.205Z] lib/fetch-srf-data.js failed with exit code 1
[2026-02-14T04:47:00.206Z] Running lib/fetch-bill-share-data.js...
[2026-02-14T04:47:00.235Z] [lib/fetch-bill-share-data.js] ERROR: node:internal/modules/cjs/loader:1031
  throw err;
  ^

Error: Cannot find module '/home/runner/work/liquiditydashboard/liquiditydashboard/web/lib/fetch-bill-share-data.js'
    at Function.Module._resolveFilename (node:internal/modules/cjs/loader:1028:15)
    at Function.Module._load (node:internal/modules/cjs/loader:873:27)
    at Function.executeUserEntryPoint [as runMain] (node:internal/modules/run_main:81:12)
    at node:internal/main/run_main_module:22:47 {
  code: 'MODULE_NOT_FOUND',
  requireStack: []
}
[2026-02-14T04:47:00.237Z] lib/fetch-bill-share-data.js failed with exit code 1
[2026-02-14T04:47:00.237Z] Running lib/cleanup-future-dates.js...
[2026-02-14T04:47:00.316Z] [lib/cleanup-future-dates.js] Starting data cleanup process...
[2026-02-14T04:47:01.182Z] [lib/cleanup-future-dates.js] Using WorldTimeAPI date: 2026-02-14T04:47:01.086621+00:00
[2026-02-14T04:47:01.182Z] [lib/cleanup-future-dates.js] Using reference date: 2026-2-14
[2026-02-14T04:47:01.182Z] [lib/cleanup-future-dates.js] Processing MOVE index data (/home/runner/work/liquiditydashboard/liquiditydashboard/web/public/series/move.json)...
[2026-02-14T04:47:01.182Z] [lib/cleanup-future-dates.js] Loaded 111 MOVE index data points
[2026-02-14T04:47:01.183Z] [lib/cleanup-future-dates.js] No future-dated entries found in MOVE index data
[2026-02-14T04:47:01.183Z] [lib/cleanup-future-dates.js] Processing SRF data (/home/runner/work/liquiditydashboard/liquiditydashboard/web/public/series/srf.json)...
[2026-02-14T04:47:01.183Z] [lib/cleanup-future-dates.js] Loaded 1017 SRF data points
[2026-02-14T04:47:01.184Z] [lib/cleanup-future-dates.js] No future-dated entries found in SRF data
[2026-02-14T04:47:01.185Z] [lib/cleanup-future-dates.js] Processing Treasury bill share data (/home/runner/work/liquiditydashboard/liquiditydashboard/web/public/series/bill-share.json)...
[2026-02-14T04:47:01.185Z] [lib/cleanup-future-dates.js] Loaded 282 Treasury bill share data points
[2026-02-14T04:47:01.185Z] [lib/cleanup-future-dates.js] No future-dated entries found in Treasury bill share data
[2026-02-14T04:47:01.185Z] [lib/cleanup-future-dates.js] Cleanup complete! Removed 0 future-dated entries in total.
Data cleanup completed with no changes needed
[2026-02-14T04:47:01.189Z] lib/cleanup-future-dates.js completed successfully
[2026-02-14T04:47:01.189Z] Running lib/validate-data.js...
[2026-02-14T04:47:01.266Z] [lib/validate-data.js] Running data validation...
[2026-02-14T04:47:01.266Z] [lib/validate-data.js] Validating MOVE index data...
[2026-02-14T04:47:01.267Z] [lib/validate-data.js] Found 111 MOVE data points
[2026-02-14T04:47:01.823Z] [lib/validate-data.js] Using WorldTimeAPI date: 2026-02-14T04:47:01.806085+00:00
[2026-02-14T04:47:01.824Z] [lib/validate-data.js] Using reference date: 2026-2-14
[2026-02-14T04:47:01.824Z] [lib/validate-data.js] MOVE index data validation passed ✓
[2026-02-14T04:47:01.824Z] [lib/validate-data.js] Validating SRF data...
[2026-02-14T04:47:01.825Z] [lib/validate-data.js] Found 1017 SRF data points
[2026-02-14T04:47:01.880Z] [lib/validate-data.js] WorldTimeAPI failed, trying alternative source
[2026-02-14T04:47:02.378Z] [lib/validate-data.js] Using TimeAPI date: 2026-02-14T04:47:02.5401436
[2026-02-14T04:47:02.380Z] [lib/validate-data.js] SRF data validation passed ✓
[2026-02-14T04:47:02.380Z] [lib/validate-data.js] Validating Treasury funding data...
[2026-02-14T04:47:02.380Z] [lib/validate-data.js] Found 282 Treasury funding data points
[2026-02-14T04:47:02.380Z] [lib/validate-data.js] Treasury funding data validation passed ✓
[2026-02-14T04:47:02.380Z] [lib/validate-data.js] All data validation passed ✓
[2026-02-14T04:47:02.384Z] lib/validate-data.js completed successfully
[2026-02-14T04:47:02.384Z] Dashboard update process completed successfully
