[2026-03-19T05:00:25.530Z] Starting Liquidity Dashboard update process
[2026-03-19T05:00:25.532Z] Running lib/data-backup.js...
[2026-03-19T05:00:25.561Z] [lib/data-backup.js] ERROR: node:internal/modules/cjs/loader:1031
  throw err;
  ^

Error: Cannot find module '/home/runner/work/liquiditydashboard/liquiditydashboard/web/lib/data-backup.js'
    at Function.Module._resolveFilename (node:internal/modules/cjs/loader:1028:15)
    at Function.Module._load (node:internal/modules/cjs/loader:873:27)
    at Function.executeUserEntryPoint [as runMain] (node:internal/modules/run_main:81:12)
    at node:internal/main/run_main_module:22:47 {
  code: 'MODULE_NOT_FOUND',
  requireStack: []
}
[2026-03-19T05:00:25.563Z] lib/data-backup.js failed with exit code 1
[2026-03-19T05:00:25.564Z] Running lib/data-backup.js clean...
[2026-03-19T05:00:25.591Z] [lib/data-backup.js clean] ERROR: node:internal/modules/cjs/loader:1031
  throw err;
  ^

Error: Cannot find module '/home/runner/work/liquiditydashboard/liquiditydashboard/web/lib/data-backup.js'
    at Function.Module._resolveFilename (node:internal/modules/cjs/loader:1028:15)
    at Function.Module._load (node:internal/modules/cjs/loader:873:27)
    at Function.executeUserEntryPoint [as runMain] (node:internal/modules/run_main:81:12)
    at node:internal/main/run_main_module:22:47 {
  code: 'MODULE_NOT_FOUND',
  requireStack: []
}
[2026-03-19T05:00:25.593Z] lib/data-backup.js clean failed with exit code 1
[2026-03-19T05:00:25.593Z] Running lib/import-historical-move-data.js...
[2026-03-19T05:00:25.620Z] [lib/import-historical-move-data.js] ERROR: node:internal/modules/cjs/loader:1031
  throw err;
  ^

Error: Cannot find module '/home/runner/work/liquiditydashboard/liquiditydashboard/web/lib/import-historical-move-data.js'
    at Function.Module._resolveFilename (node:internal/modules/cjs/loader:1028:15)
    at Function.Module._load (node:internal/modules/cjs/loader:873:27)
    at Function.executeUserEntryPoint [as runMain] (node:internal/modules/run_main:81:12)
    at node:internal/main/run_main_module:22:47 {
  code: 'MODULE_NOT_FOUND',
  requireStack: []
}
[2026-03-19T05:00:25.622Z] lib/import-historical-move-data.js failed with exit code 1
[2026-03-19T05:00:25.622Z] Running lib/fetch-move-data.js...
[2026-03-19T05:00:25.650Z] [lib/fetch-move-data.js] ERROR: node:internal/modules/cjs/loader:1031
  throw err;
  ^

Error: Cannot find module '/home/runner/work/liquiditydashboard/liquiditydashboard/web/lib/fetch-move-data.js'
    at Function.Module._resolveFilename (node:internal/modules/cjs/loader:1028:15)
    at Function.Module._load (node:internal/modules/cjs/loader:873:27)
    at Function.executeUserEntryPoint [as runMain] (node:internal/modules/run_main:81:12)
    at node:internal/main/run_main_module:22:47 {
  code: 'MODULE_NOT_FOUND',
  requireStack: []
}
[2026-03-19T05:00:25.652Z] lib/fetch-move-data.js failed with exit code 1
[2026-03-19T05:00:25.652Z] Running lib/fetch-srf-data.js...
[2026-03-19T05:00:25.679Z] [lib/fetch-srf-data.js] ERROR: node:internal/modules/cjs/loader:1031
  throw err;
  ^

Error: Cannot find module '/home/runner/work/liquiditydashboard/liquiditydashboard/web/lib/fetch-srf-data.js'
    at Function.Module._resolveFilename (node:internal/modules/cjs/loader:1028:15)
    at Function.Module._load (node:internal/modules/cjs/loader:873:27)
    at Function.executeUserEntryPoint [as runMain] (node:internal/modules/run_main:81:12)
    at node:internal/main/run_main_module:22:47 {
  code: 'MODULE_NOT_FOUND',
  requireStack: []
}
[2026-03-19T05:00:25.682Z] lib/fetch-srf-data.js failed with exit code 1
[2026-03-19T05:00:25.682Z] Running lib/fetch-bill-share-data.js...
[2026-03-19T05:00:25.711Z] [lib/fetch-bill-share-data.js] ERROR: node:internal/modules/cjs/loader:1031
  throw err;
  ^

Error: Cannot find module '/home/runner/work/liquiditydashboard/liquiditydashboard/web/lib/fetch-bill-share-data.js'
    at Function.Module._resolveFilename (node:internal/modules/cjs/loader:1028:15)
    at Function.Module._load (node:internal/modules/cjs/loader:873:27)
    at Function.executeUserEntryPoint [as runMain] (node:internal/modules/run_main:81:12)
    at node:internal/main/run_main_module:22:47 {
  code: 'MODULE_NOT_FOUND',
  requireStack: []
}
[2026-03-19T05:00:25.712Z] lib/fetch-bill-share-data.js failed with exit code 1
[2026-03-19T05:00:25.712Z] Running lib/cleanup-future-dates.js...
[2026-03-19T05:00:25.787Z] [lib/cleanup-future-dates.js] Starting data cleanup process...
[2026-03-19T05:00:26.152Z] [lib/cleanup-future-dates.js] WorldTimeAPI failed, trying alternative source
[2026-03-19T05:00:26.774Z] [lib/cleanup-future-dates.js] Using TimeAPI date: 2026-03-19T05:00:26.5008048
[2026-03-19T05:00:26.774Z] [lib/cleanup-future-dates.js] Using reference date: 2026-3-19

Processing MOVE index data (/home/runner/work/liquiditydashboard/liquiditydashboard/web/public/series/move.json)...
[2026-03-19T05:00:26.775Z] [lib/cleanup-future-dates.js] Loaded 111 MOVE index data points
[2026-03-19T05:00:26.775Z] [lib/cleanup-future-dates.js] No future-dated entries found in MOVE index data
[2026-03-19T05:00:26.775Z] [lib/cleanup-future-dates.js] Processing SRF data (/home/runner/work/liquiditydashboard/liquiditydashboard/web/public/series/srf.json)...
[2026-03-19T05:00:26.776Z] [lib/cleanup-future-dates.js] Loaded 1017 SRF data points
[2026-03-19T05:00:26.777Z] [lib/cleanup-future-dates.js] No future-dated entries found in SRF data
[2026-03-19T05:00:26.777Z] [lib/cleanup-future-dates.js] Processing Treasury bill share data (/home/runner/work/liquiditydashboard/liquiditydashboard/web/public/series/bill-share.json)...
[2026-03-19T05:00:26.777Z] [lib/cleanup-future-dates.js] Loaded 282 Treasury bill share data points
[2026-03-19T05:00:26.778Z] [lib/cleanup-future-dates.js] No future-dated entries found in Treasury bill share data
[2026-03-19T05:00:26.778Z] [lib/cleanup-future-dates.js] Cleanup complete! Removed 0 future-dated entries in total.
[2026-03-19T05:00:26.778Z] [lib/cleanup-future-dates.js] Data cleanup completed with no changes needed
[2026-03-19T05:00:26.781Z] lib/cleanup-future-dates.js completed successfully
[2026-03-19T05:00:26.781Z] Running lib/validate-data.js...
[2026-03-19T05:00:26.851Z] [lib/validate-data.js] Running data validation...
[2026-03-19T05:00:26.851Z] [lib/validate-data.js] Validating MOVE index data...
[2026-03-19T05:00:26.852Z] [lib/validate-data.js] Found 111 MOVE data points
[2026-03-19T05:00:26.920Z] [lib/validate-data.js] WorldTimeAPI failed, trying alternative source
[2026-03-19T05:00:27.415Z] [lib/validate-data.js] Using TimeAPI date: 2026-03-19T05:00:27.1414993
[2026-03-19T05:00:27.415Z] [lib/validate-data.js] Using reference date: 2026-3-19
[2026-03-19T05:00:27.416Z] [lib/validate-data.js] MOVE index data validation passed ✓
[2026-03-19T05:00:27.416Z] [lib/validate-data.js] Validating SRF data...
[2026-03-19T05:00:27.416Z] [lib/validate-data.js] Found 1017 SRF data points
[2026-03-19T05:00:27.492Z] [lib/validate-data.js] WorldTimeAPI failed, trying alternative source
[2026-03-19T05:00:27.960Z] [lib/validate-data.js] Using TimeAPI date: 2026-03-19T05:00:27.6908887
[2026-03-19T05:00:27.962Z] [lib/validate-data.js] SRF data validation passed ✓
[2026-03-19T05:00:27.962Z] [lib/validate-data.js] Validating Treasury funding data...
[2026-03-19T05:00:27.962Z] [lib/validate-data.js] Found 282 Treasury funding data points
[2026-03-19T05:00:27.962Z] [lib/validate-data.js] Treasury funding data validation passed ✓
All data validation passed ✓
[2026-03-19T05:00:27.965Z] lib/validate-data.js completed successfully
[2026-03-19T05:00:27.965Z] Dashboard update process completed successfully
