[2025-06-14T03:46:28.541Z] Starting Liquidity Dashboard update process
[2025-06-14T03:46:28.543Z] Running lib/data-backup.js...
[2025-06-14T03:46:28.572Z] [lib/data-backup.js] ERROR: node:internal/modules/cjs/loader:1031
  throw err;
  ^

Error: Cannot find module '/home/runner/work/liquiditydashboard/liquiditydashboard/web/lib/data-backup.js'
    at Function.Module._resolveFilename (node:internal/modules/cjs/loader:1028:15)
    at Function.Module._load (node:internal/modules/cjs/loader:873:27)
    at Function.executeUserEntryPoint [as runMain] (node:internal/modules/run_main:81:12)
    at node:internal/main/run_main_module:22:47 {
  code: 'MODULE_NOT_FOUND',
  requireStack: []
}
[2025-06-14T03:46:28.574Z] lib/data-backup.js failed with exit code 1
[2025-06-14T03:46:28.574Z] Running lib/data-backup.js clean...
[2025-06-14T03:46:28.602Z] [lib/data-backup.js clean] ERROR: node:internal/modules/cjs/loader:1031
  throw err;
  ^

Error: Cannot find module '/home/runner/work/liquiditydashboard/liquiditydashboard/web/lib/data-backup.js'
    at Function.Module._resolveFilename (node:internal/modules/cjs/loader:1028:15)
    at Function.Module._load (node:internal/modules/cjs/loader:873:27)
    at Function.executeUserEntryPoint [as runMain] (node:internal/modules/run_main:81:12)
    at node:internal/main/run_main_module:22:47 {
  code: 'MODULE_NOT_FOUND',
  requireStack: []
}
[2025-06-14T03:46:28.604Z] lib/data-backup.js clean failed with exit code 1
[2025-06-14T03:46:28.604Z] Running lib/import-historical-move-data.js...
[2025-06-14T03:46:28.631Z] [lib/import-historical-move-data.js] ERROR: node:internal/modules/cjs/loader:1031
  throw err;
  ^

Error: Cannot find module '/home/runner/work/liquiditydashboard/liquiditydashboard/web/lib/import-historical-move-data.js'
    at Function.Module._resolveFilename (node:internal/modules/cjs/loader:1028:15)
    at Function.Module._load (node:internal/modules/cjs/loader:873:27)
    at Function.executeUserEntryPoint [as runMain] (node:internal/modules/run_main:81:12)
    at node:internal/main/run_main_module:22:47 {
  code: 'MODULE_NOT_FOUND',
  requireStack: []
}
[2025-06-14T03:46:28.633Z] lib/import-historical-move-data.js failed with exit code 1
[2025-06-14T03:46:28.633Z] Running lib/fetch-move-data.js...
[2025-06-14T03:46:28.660Z] [lib/fetch-move-data.js] ERROR: node:internal/modules/cjs/loader:1031
  throw err;
  ^

Error: Cannot find module '/home/runner/work/liquiditydashboard/liquiditydashboard/web/lib/fetch-move-data.js'
    at Function.Module._resolveFilename (node:internal/modules/cjs/loader:1028:15)
    at Function.Module._load (node:internal/modules/cjs/loader:873:27)
    at Function.executeUserEntryPoint [as runMain] (node:internal/modules/run_main:81:12)
    at node:internal/main/run_main_module:22:47 {
  code: 'MODULE_NOT_FOUND',
  requireStack: []
}
[2025-06-14T03:46:28.662Z] lib/fetch-move-data.js failed with exit code 1
[2025-06-14T03:46:28.663Z] Running lib/fetch-srf-data.js...
[2025-06-14T03:46:28.697Z] [lib/fetch-srf-data.js] ERROR: node:internal/modules/cjs/loader:1031
  throw err;
  ^

Error: Cannot find module '/home/runner/work/liquiditydashboard/liquiditydashboard/web/lib/fetch-srf-data.js'
    at Function.Module._resolveFilename (node:internal/modules/cjs/loader:1028:15)
    at Function.Module._load (node:internal/modules/cjs/loader:873:27)
    at Function.executeUserEntryPoint [as runMain] (node:internal/modules/run_main:81:12)
    at node:internal/main/run_main_module:22:47 {
  code: 'MODULE_NOT_FOUND',
  requireStack: []
}
[2025-06-14T03:46:28.699Z] lib/fetch-srf-data.js failed with exit code 1
[2025-06-14T03:46:28.699Z] Running lib/fetch-bill-share-data.js...
[2025-06-14T03:46:28.727Z] [lib/fetch-bill-share-data.js] ERROR: node:internal/modules/cjs/loader:1031
  throw err;
  ^

Error: Cannot find module '/home/runner/work/liquiditydashboard/liquiditydashboard/web/lib/fetch-bill-share-data.js'
    at Function.Module._resolveFilename (node:internal/modules/cjs/loader:1028:15)
    at Function.Module._load (node:internal/modules/cjs/loader:873:27)
    at Function.executeUserEntryPoint [as runMain] (node:internal/modules/run_main:81:12)
    at node:internal/main/run_main_module:22:47 {
  code: 'MODULE_NOT_FOUND',
  requireStack: []
}
[2025-06-14T03:46:28.729Z] lib/fetch-bill-share-data.js failed with exit code 1
[2025-06-14T03:46:28.729Z] Running lib/cleanup-future-dates.js...
[2025-06-14T03:46:28.811Z] [lib/cleanup-future-dates.js] Starting data cleanup process...
[2025-06-14T03:46:29.007Z] [lib/cleanup-future-dates.js] WorldTimeAPI failed, trying alternative source
[2025-06-14T03:46:29.472Z] [lib/cleanup-future-dates.js] Using TimeAPI date: 2025-06-14T03:46:29.4284007
[2025-06-14T03:46:29.473Z] [lib/cleanup-future-dates.js] Using reference date: 2025-6-14
[2025-06-14T03:46:29.473Z] [lib/cleanup-future-dates.js] Processing MOVE index data (/home/runner/work/liquiditydashboard/liquiditydashboard/web/public/series/move.json)...
[2025-06-14T03:46:29.473Z] [lib/cleanup-future-dates.js] Loaded 111 MOVE index data points
[2025-06-14T03:46:29.473Z] [lib/cleanup-future-dates.js] No future-dated entries found in MOVE index data
[2025-06-14T03:46:29.474Z] [lib/cleanup-future-dates.js] Processing SRF data (/home/runner/work/liquiditydashboard/liquiditydashboard/web/public/series/srf.json)...
[2025-06-14T03:46:29.474Z] [lib/cleanup-future-dates.js] Loaded 1017 SRF data points
[2025-06-14T03:46:29.475Z] [lib/cleanup-future-dates.js] No future-dated entries found in SRF data
[2025-06-14T03:46:29.475Z] [lib/cleanup-future-dates.js] Processing Treasury bill share data (/home/runner/work/liquiditydashboard/liquiditydashboard/web/public/series/bill-share.json)...
[2025-06-14T03:46:29.476Z] [lib/cleanup-future-dates.js] Loaded 282 Treasury bill share data points
[2025-06-14T03:46:29.476Z] [lib/cleanup-future-dates.js] No future-dated entries found in Treasury bill share data
[2025-06-14T03:46:29.476Z] [lib/cleanup-future-dates.js] Cleanup complete! Removed 0 future-dated entries in total.
[2025-06-14T03:46:29.476Z] [lib/cleanup-future-dates.js] Data cleanup completed with no changes needed
[2025-06-14T03:46:29.479Z] lib/cleanup-future-dates.js completed successfully
[2025-06-14T03:46:29.479Z] Running lib/validate-data.js...
[2025-06-14T03:46:29.550Z] [lib/validate-data.js] Running data validation...
[2025-06-14T03:46:29.551Z] [lib/validate-data.js] Validating MOVE index data...
[2025-06-14T03:46:29.551Z] [lib/validate-data.js] Found 111 MOVE data points
[2025-06-14T03:46:29.567Z] [lib/validate-data.js] WorldTimeAPI failed, trying alternative source
[2025-06-14T03:46:30.000Z] [lib/validate-data.js] Using TimeAPI date: 2025-06-14T03:46:29.951841
[2025-06-14T03:46:30.001Z] [lib/validate-data.js] Using reference date: 2025-6-14
[2025-06-14T03:46:30.001Z] [lib/validate-data.js] MOVE index data validation passed ✓
[2025-06-14T03:46:30.001Z] [lib/validate-data.js] Validating SRF data...
[2025-06-14T03:46:30.002Z] [lib/validate-data.js] Found 1017 SRF data points
[2025-06-14T03:46:30.008Z] [lib/validate-data.js] WorldTimeAPI failed, trying alternative source
[2025-06-14T03:46:30.351Z] [lib/validate-data.js] Using TimeAPI date: 2025-06-14T03:46:30.3118244
[2025-06-14T03:46:30.353Z] [lib/validate-data.js] SRF data validation passed ✓
[2025-06-14T03:46:30.353Z] [lib/validate-data.js] Validating Treasury funding data...
[2025-06-14T03:46:30.353Z] [lib/validate-data.js] Found 282 Treasury funding data points
[2025-06-14T03:46:30.353Z] [lib/validate-data.js] Treasury funding data validation passed ✓
[2025-06-14T03:46:30.353Z] [lib/validate-data.js] All data validation passed ✓
[2025-06-14T03:46:30.356Z] lib/validate-data.js completed successfully
[2025-06-14T03:46:30.356Z] Dashboard update process completed successfully
