[2026-01-22T04:13:12.896Z] Starting Liquidity Dashboard update process
[2026-01-22T04:13:12.898Z] Running lib/data-backup.js...
[2026-01-22T04:13:12.927Z] [lib/data-backup.js] ERROR: node:internal/modules/cjs/loader:1031
  throw err;
  ^

Error: Cannot find module '/home/runner/work/liquiditydashboard/liquiditydashboard/web/lib/data-backup.js'
    at Function.Module._resolveFilename (node:internal/modules/cjs/loader:1028:15)
    at Function.Module._load (node:internal/modules/cjs/loader:873:27)
    at Function.executeUserEntryPoint [as runMain] (node:internal/modules/run_main:81:12)
    at node:internal/main/run_main_module:22:47 {
  code: 'MODULE_NOT_FOUND',
  requireStack: []
}
[2026-01-22T04:13:12.929Z] lib/data-backup.js failed with exit code 1
[2026-01-22T04:13:12.930Z] Running lib/data-backup.js clean...
[2026-01-22T04:13:12.957Z] [lib/data-backup.js clean] ERROR: node:internal/modules/cjs/loader:1031
  throw err;
  ^

Error: Cannot find module '/home/runner/work/liquiditydashboard/liquiditydashboard/web/lib/data-backup.js'
    at Function.Module._resolveFilename (node:internal/modules/cjs/loader:1028:15)
    at Function.Module._load (node:internal/modules/cjs/loader:873:27)
    at Function.executeUserEntryPoint [as runMain] (node:internal/modules/run_main:81:12)
    at node:internal/main/run_main_module:22:47 {
  code: 'MODULE_NOT_FOUND',
  requireStack: []
}
[2026-01-22T04:13:12.959Z] lib/data-backup.js clean failed with exit code 1
[2026-01-22T04:13:12.959Z] Running lib/import-historical-move-data.js...
[2026-01-22T04:13:12.987Z] [lib/import-historical-move-data.js] ERROR: node:internal/modules/cjs/loader:1031
  throw err;
  ^

Error: Cannot find module '/home/runner/work/liquiditydashboard/liquiditydashboard/web/lib/import-historical-move-data.js'
    at Function.Module._resolveFilename (node:internal/modules/cjs/loader:1028:15)
    at Function.Module._load (node:internal/modules/cjs/loader:873:27)
    at Function.executeUserEntryPoint [as runMain] (node:internal/modules/run_main:81:12)
    at node:internal/main/run_main_module:22:47 {
  code: 'MODULE_NOT_FOUND',
  requireStack: []
}
[2026-01-22T04:13:12.989Z] lib/import-historical-move-data.js failed with exit code 1
[2026-01-22T04:13:12.989Z] Running lib/fetch-move-data.js...
[2026-01-22T04:13:13.017Z] [lib/fetch-move-data.js] ERROR: node:internal/modules/cjs/loader:1031
  throw err;
  ^

Error: Cannot find module '/home/runner/work/liquiditydashboard/liquiditydashboard/web/lib/fetch-move-data.js'
    at Function.Module._resolveFilename (node:internal/modules/cjs/loader:1028:15)
    at Function.Module._load (node:internal/modules/cjs/loader:873:27)
    at Function.executeUserEntryPoint [as runMain] (node:internal/modules/run_main:81:12)
    at node:internal/main/run_main_module:22:47 {
  code: 'MODULE_NOT_FOUND',
  requireStack: []
}
[2026-01-22T04:13:13.019Z] lib/fetch-move-data.js failed with exit code 1
[2026-01-22T04:13:13.019Z] Running lib/fetch-srf-data.js...
[2026-01-22T04:13:13.047Z] [lib/fetch-srf-data.js] ERROR: node:internal/modules/cjs/loader:1031
  throw err;
  ^

Error: Cannot find module '/home/runner/work/liquiditydashboard/liquiditydashboard/web/lib/fetch-srf-data.js'
    at Function.Module._resolveFilename (node:internal/modules/cjs/loader:1028:15)
    at Function.Module._load (node:internal/modules/cjs/loader:873:27)
    at Function.executeUserEntryPoint [as runMain] (node:internal/modules/run_main:81:12)
    at node:internal/main/run_main_module:22:47 {
  code: 'MODULE_NOT_FOUND',
  requireStack: []
}
[2026-01-22T04:13:13.049Z] lib/fetch-srf-data.js failed with exit code 1
[2026-01-22T04:13:13.049Z] Running lib/fetch-bill-share-data.js...
[2026-01-22T04:13:13.077Z] [lib/fetch-bill-share-data.js] ERROR: node:internal/modules/cjs/loader:1031
  throw err;
  ^

Error: Cannot find module '/home/runner/work/liquiditydashboard/liquiditydashboard/web/lib/fetch-bill-share-data.js'
    at Function.Module._resolveFilename (node:internal/modules/cjs/loader:1028:15)
    at Function.Module._load (node:internal/modules/cjs/loader:873:27)
    at Function.executeUserEntryPoint [as runMain] (node:internal/modules/run_main:81:12)
    at node:internal/main/run_main_module:22:47 {
  code: 'MODULE_NOT_FOUND',
  requireStack: []
}
[2026-01-22T04:13:13.079Z] lib/fetch-bill-share-data.js failed with exit code 1
[2026-01-22T04:13:13.079Z] Running lib/cleanup-future-dates.js...
[2026-01-22T04:13:13.155Z] [lib/cleanup-future-dates.js] Starting data cleanup process...
[2026-01-22T04:13:13.438Z] [lib/cleanup-future-dates.js] WorldTimeAPI failed, trying alternative source
[2026-01-22T04:13:13.939Z] [lib/cleanup-future-dates.js] TimeAPI failed, falling back to config date
[2026-01-22T04:13:13.939Z] [lib/cleanup-future-dates.js] Using reference date: 2025-5-18
[2026-01-22T04:13:13.939Z] [lib/cleanup-future-dates.js] Processing MOVE index data (/home/runner/work/liquiditydashboard/liquiditydashboard/web/public/series/move.json)...
[2026-01-22T04:13:13.939Z] [lib/cleanup-future-dates.js] Loaded 111 MOVE index data points
[2026-01-22T04:13:13.940Z] [lib/cleanup-future-dates.js] No future-dated entries found in MOVE index data
[2026-01-22T04:13:13.940Z] [lib/cleanup-future-dates.js] Processing SRF data (/home/runner/work/liquiditydashboard/liquiditydashboard/web/public/series/srf.json)...
[2026-01-22T04:13:13.940Z] [lib/cleanup-future-dates.js] Loaded 1017 SRF data points
[2026-01-22T04:13:13.941Z] [lib/cleanup-future-dates.js] No future-dated entries found in SRF data
[2026-01-22T04:13:13.941Z] [lib/cleanup-future-dates.js] Processing Treasury bill share data (/home/runner/work/liquiditydashboard/liquiditydashboard/web/public/series/bill-share.json)...
[2026-01-22T04:13:13.942Z] [lib/cleanup-future-dates.js] Loaded 282 Treasury bill share data points
[2026-01-22T04:13:13.942Z] [lib/cleanup-future-dates.js] No future-dated entries found in Treasury bill share data
[2026-01-22T04:13:13.942Z] [lib/cleanup-future-dates.js] Cleanup complete! Removed 0 future-dated entries in total.
Data cleanup completed with no changes needed
[2026-01-22T04:13:13.945Z] lib/cleanup-future-dates.js completed successfully
[2026-01-22T04:13:13.945Z] Running lib/validate-data.js...
[2026-01-22T04:13:14.019Z] [lib/validate-data.js] Running data validation...
[2026-01-22T04:13:14.019Z] [lib/validate-data.js] Validating MOVE index data...
[2026-01-22T04:13:14.020Z] [lib/validate-data.js] Found 111 MOVE data points
[2026-01-22T04:13:14.117Z] [lib/validate-data.js] WorldTimeAPI failed, trying alternative source
[2026-01-22T04:13:32.065Z] [lib/validate-data.js] TimeAPI failed, falling back to config date
[2026-01-22T04:13:32.065Z] [lib/validate-data.js] Using reference date: 2025-5-18
[2026-01-22T04:13:32.066Z] [lib/validate-data.js] MOVE index data validation passed ✓
[2026-01-22T04:13:32.066Z] [lib/validate-data.js] Validating SRF data...
[2026-01-22T04:13:32.067Z] [lib/validate-data.js] Found 1017 SRF data points
[2026-01-22T04:13:32.190Z] [lib/validate-data.js] WorldTimeAPI failed, trying alternative source
[2026-01-22T04:13:40.820Z] [lib/validate-data.js] TimeAPI failed, falling back to config date
[2026-01-22T04:13:40.822Z] [lib/validate-data.js] SRF data validation passed ✓
[2026-01-22T04:13:40.822Z] [lib/validate-data.js] Validating Treasury funding data...
[2026-01-22T04:13:40.822Z] [lib/validate-data.js] Found 282 Treasury funding data points
[2026-01-22T04:13:40.822Z] [lib/validate-data.js] Treasury funding data validation passed ✓
[2026-01-22T04:13:40.822Z] [lib/validate-data.js] All data validation passed ✓
[2026-01-22T04:13:40.825Z] lib/validate-data.js completed successfully
[2026-01-22T04:13:40.825Z] Dashboard update process completed successfully
