[2025-08-30T03:32:25.716Z] Starting Liquidity Dashboard update process
[2025-08-30T03:32:25.717Z] Running lib/data-backup.js...
[2025-08-30T03:32:25.747Z] [lib/data-backup.js] ERROR: node:internal/modules/cjs/loader:1031
  throw err;
  ^

Error: Cannot find module '/home/runner/work/liquiditydashboard/liquiditydashboard/web/lib/data-backup.js'
    at Function.Module._resolveFilename (node:internal/modules/cjs/loader:1028:15)
    at Function.Module._load (node:internal/modules/cjs/loader:873:27)
    at Function.executeUserEntryPoint [as runMain] (node:internal/modules/run_main:81:12)
    at node:internal/main/run_main_module:22:47 {
  code: 'MODULE_NOT_FOUND',
  requireStack: []
}
[2025-08-30T03:32:25.750Z] lib/data-backup.js failed with exit code 1
[2025-08-30T03:32:25.750Z] Running lib/data-backup.js clean...
[2025-08-30T03:32:25.778Z] [lib/data-backup.js clean] ERROR: node:internal/modules/cjs/loader:1031
  throw err;
  ^

Error: Cannot find module '/home/runner/work/liquiditydashboard/liquiditydashboard/web/lib/data-backup.js'
    at Function.Module._resolveFilename (node:internal/modules/cjs/loader:1028:15)
    at Function.Module._load (node:internal/modules/cjs/loader:873:27)
    at Function.executeUserEntryPoint [as runMain] (node:internal/modules/run_main:81:12)
    at node:internal/main/run_main_module:22:47 {
  code: 'MODULE_NOT_FOUND',
  requireStack: []
}
[2025-08-30T03:32:25.780Z] lib/data-backup.js clean failed with exit code 1
[2025-08-30T03:32:25.781Z] Running lib/import-historical-move-data.js...
[2025-08-30T03:32:25.808Z] [lib/import-historical-move-data.js] ERROR: node:internal/modules/cjs/loader:1031
  throw err;
  ^

Error: Cannot find module '/home/runner/work/liquiditydashboard/liquiditydashboard/web/lib/import-historical-move-data.js'
    at Function.Module._resolveFilename (node:internal/modules/cjs/loader:1028:15)
    at Function.Module._load (node:internal/modules/cjs/loader:873:27)
    at Function.executeUserEntryPoint [as runMain] (node:internal/modules/run_main:81:12)
    at node:internal/main/run_main_module:22:47 {
  code: 'MODULE_NOT_FOUND',
  requireStack: []
}
[2025-08-30T03:32:25.810Z] lib/import-historical-move-data.js failed with exit code 1
[2025-08-30T03:32:25.811Z] Running lib/fetch-move-data.js...
[2025-08-30T03:32:25.838Z] [lib/fetch-move-data.js] ERROR: node:internal/modules/cjs/loader:1031
  throw err;
  ^

Error: Cannot find module '/home/runner/work/liquiditydashboard/liquiditydashboard/web/lib/fetch-move-data.js'
    at Function.Module._resolveFilename (node:internal/modules/cjs/loader:1028:15)
    at Function.Module._load (node:internal/modules/cjs/loader:873:27)
    at Function.executeUserEntryPoint [as runMain] (node:internal/modules/run_main:81:12)
    at node:internal/main/run_main_module:22:47 {
  code: 'MODULE_NOT_FOUND',
  requireStack: []
}
[2025-08-30T03:32:25.840Z] lib/fetch-move-data.js failed with exit code 1
[2025-08-30T03:32:25.840Z] Running lib/fetch-srf-data.js...
[2025-08-30T03:32:25.868Z] [lib/fetch-srf-data.js] ERROR: node:internal/modules/cjs/loader:1031
  throw err;
  ^

Error: Cannot find module '/home/runner/work/liquiditydashboard/liquiditydashboard/web/lib/fetch-srf-data.js'
    at Function.Module._resolveFilename (node:internal/modules/cjs/loader:1028:15)
    at Function.Module._load (node:internal/modules/cjs/loader:873:27)
    at Function.executeUserEntryPoint [as runMain] (node:internal/modules/run_main:81:12)
    at node:internal/main/run_main_module:22:47 {
  code: 'MODULE_NOT_FOUND',
  requireStack: []
}
[2025-08-30T03:32:25.871Z] lib/fetch-srf-data.js failed with exit code 1
[2025-08-30T03:32:25.871Z] Running lib/fetch-bill-share-data.js...
[2025-08-30T03:32:25.900Z] [lib/fetch-bill-share-data.js] ERROR: node:internal/modules/cjs/loader:1031
  throw err;
  ^

Error: Cannot find module '/home/runner/work/liquiditydashboard/liquiditydashboard/web/lib/fetch-bill-share-data.js'
    at Function.Module._resolveFilename (node:internal/modules/cjs/loader:1028:15)
    at Function.Module._load (node:internal/modules/cjs/loader:873:27)
    at Function.executeUserEntryPoint [as runMain] (node:internal/modules/run_main:81:12)
    at node:internal/main/run_main_module:22:47 {
  code: 'MODULE_NOT_FOUND',
  requireStack: []
}
[2025-08-30T03:32:25.902Z] lib/fetch-bill-share-data.js failed with exit code 1
[2025-08-30T03:32:25.902Z] Running lib/cleanup-future-dates.js...
[2025-08-30T03:32:25.976Z] [lib/cleanup-future-dates.js] Starting data cleanup process...
[2025-08-30T03:32:26.168Z] [lib/cleanup-future-dates.js] WorldTimeAPI failed, trying alternative source
[2025-08-30T03:32:26.919Z] [lib/cleanup-future-dates.js] Using TimeAPI date: 2025-08-30T03:32:26.8333486
[2025-08-30T03:32:26.920Z] [lib/cleanup-future-dates.js] Using reference date: 2025-8-30
[2025-08-30T03:32:26.920Z] [lib/cleanup-future-dates.js] Processing MOVE index data (/home/runner/work/liquiditydashboard/liquiditydashboard/web/public/series/move.json)...
[2025-08-30T03:32:26.920Z] [lib/cleanup-future-dates.js] Loaded 111 MOVE index data points
[2025-08-30T03:32:26.920Z] [lib/cleanup-future-dates.js] No future-dated entries found in MOVE index data
[2025-08-30T03:32:26.921Z] [lib/cleanup-future-dates.js] Processing SRF data (/home/runner/work/liquiditydashboard/liquiditydashboard/web/public/series/srf.json)...
[2025-08-30T03:32:26.922Z] [lib/cleanup-future-dates.js] Loaded 1017 SRF data points
[2025-08-30T03:32:26.924Z] [lib/cleanup-future-dates.js] No future-dated entries found in SRF data
[2025-08-30T03:32:26.924Z] [lib/cleanup-future-dates.js] Processing Treasury bill share data (/home/runner/work/liquiditydashboard/liquiditydashboard/web/public/series/bill-share.json)...
[2025-08-30T03:32:26.924Z] [lib/cleanup-future-dates.js] Loaded 282 Treasury bill share data points
[2025-08-30T03:32:26.925Z] [lib/cleanup-future-dates.js] No future-dated entries found in Treasury bill share data
[2025-08-30T03:32:26.925Z] [lib/cleanup-future-dates.js] Cleanup complete! Removed 0 future-dated entries in total.
[2025-08-30T03:32:26.925Z] [lib/cleanup-future-dates.js] Data cleanup completed with no changes needed
[2025-08-30T03:32:26.928Z] lib/cleanup-future-dates.js completed successfully
[2025-08-30T03:32:26.928Z] Running lib/validate-data.js...
[2025-08-30T03:32:27.003Z] [lib/validate-data.js] Running data validation...
[2025-08-30T03:32:27.004Z] [lib/validate-data.js] Validating MOVE index data...
[2025-08-30T03:32:27.004Z] [lib/validate-data.js] Found 111 MOVE data points
[2025-08-30T03:32:27.143Z] [lib/validate-data.js] WorldTimeAPI failed, trying alternative source
[2025-08-30T03:32:27.905Z] [lib/validate-data.js] Using TimeAPI date: 2025-08-30T03:32:27.8146146
[2025-08-30T03:32:27.905Z] [lib/validate-data.js] Using reference date: 2025-8-30
[2025-08-30T03:32:27.906Z] [lib/validate-data.js] MOVE index data validation passed ✓
[2025-08-30T03:32:27.906Z] [lib/validate-data.js] Validating SRF data...
[2025-08-30T03:32:27.907Z] [lib/validate-data.js] Found 1017 SRF data points
[2025-08-30T03:32:27.967Z] [lib/validate-data.js] WorldTimeAPI failed, trying alternative source
[2025-08-30T03:32:28.898Z] [lib/validate-data.js] Using TimeAPI date: 2025-08-30T03:32:28.8197185
[2025-08-30T03:32:28.899Z] [lib/validate-data.js] SRF data validation passed ✓
[2025-08-30T03:32:28.900Z] [lib/validate-data.js] Validating Treasury funding data...
[2025-08-30T03:32:28.900Z] [lib/validate-data.js] Found 282 Treasury funding data points
[2025-08-30T03:32:28.900Z] [lib/validate-data.js] Treasury funding data validation passed ✓
[2025-08-30T03:32:28.900Z] [lib/validate-data.js] All data validation passed ✓
[2025-08-30T03:32:28.903Z] lib/validate-data.js completed successfully
[2025-08-30T03:32:28.903Z] Dashboard update process completed successfully
