[2025-08-01T04:18:12.475Z] Starting Liquidity Dashboard update process
[2025-08-01T04:18:12.476Z] Running lib/data-backup.js...
[2025-08-01T04:18:12.505Z] [lib/data-backup.js] ERROR: node:internal/modules/cjs/loader:1031
  throw err;
  ^

Error: Cannot find module '/home/runner/work/liquiditydashboard/liquiditydashboard/web/lib/data-backup.js'
    at Function.Module._resolveFilename (node:internal/modules/cjs/loader:1028:15)
    at Function.Module._load (node:internal/modules/cjs/loader:873:27)
    at Function.executeUserEntryPoint [as runMain] (node:internal/modules/run_main:81:12)
    at node:internal/main/run_main_module:22:47 {
  code: 'MODULE_NOT_FOUND',
  requireStack: []
}
[2025-08-01T04:18:12.508Z] lib/data-backup.js failed with exit code 1
[2025-08-01T04:18:12.508Z] Running lib/data-backup.js clean...
[2025-08-01T04:18:12.536Z] [lib/data-backup.js clean] ERROR: node:internal/modules/cjs/loader:1031
  throw err;
  ^

Error: Cannot find module '/home/runner/work/liquiditydashboard/liquiditydashboard/web/lib/data-backup.js'
    at Function.Module._resolveFilename (node:internal/modules/cjs/loader:1028:15)
    at Function.Module._load (node:internal/modules/cjs/loader:873:27)
    at Function.executeUserEntryPoint [as runMain] (node:internal/modules/run_main:81:12)
    at node:internal/main/run_main_module:22:47 {
  code: 'MODULE_NOT_FOUND',
  requireStack: []
}
[2025-08-01T04:18:12.538Z] lib/data-backup.js clean failed with exit code 1
[2025-08-01T04:18:12.538Z] Running lib/import-historical-move-data.js...
[2025-08-01T04:18:12.566Z] [lib/import-historical-move-data.js] ERROR: node:internal/modules/cjs/loader:1031
  throw err;
  ^

Error: Cannot find module '/home/runner/work/liquiditydashboard/liquiditydashboard/web/lib/import-historical-move-data.js'
    at Function.Module._resolveFilename (node:internal/modules/cjs/loader:1028:15)
    at Function.Module._load (node:internal/modules/cjs/loader:873:27)
    at Function.executeUserEntryPoint [as runMain] (node:internal/modules/run_main:81:12)
    at node:internal/main/run_main_module:22:47 {
  code: 'MODULE_NOT_FOUND',
  requireStack: []
}
[2025-08-01T04:18:12.568Z] lib/import-historical-move-data.js failed with exit code 1
[2025-08-01T04:18:12.568Z] Running lib/fetch-move-data.js...
[2025-08-01T04:18:12.596Z] [lib/fetch-move-data.js] ERROR: node:internal/modules/cjs/loader:1031
  throw err;
  ^

Error: Cannot find module '/home/runner/work/liquiditydashboard/liquiditydashboard/web/lib/fetch-move-data.js'
    at Function.Module._resolveFilename (node:internal/modules/cjs/loader:1028:15)
    at Function.Module._load (node:internal/modules/cjs/loader:873:27)
    at Function.executeUserEntryPoint [as runMain] (node:internal/modules/run_main:81:12)
    at node:internal/main/run_main_module:22:47 {
  code: 'MODULE_NOT_FOUND',
  requireStack: []
}
[2025-08-01T04:18:12.598Z] lib/fetch-move-data.js failed with exit code 1
[2025-08-01T04:18:12.598Z] Running lib/fetch-srf-data.js...
[2025-08-01T04:18:12.625Z] [lib/fetch-srf-data.js] ERROR: node:internal/modules/cjs/loader:1031
  throw err;
  ^

Error: Cannot find module '/home/runner/work/liquiditydashboard/liquiditydashboard/web/lib/fetch-srf-data.js'
    at Function.Module._resolveFilename (node:internal/modules/cjs/loader:1028:15)
    at Function.Module._load (node:internal/modules/cjs/loader:873:27)
    at Function.executeUserEntryPoint [as runMain] (node:internal/modules/run_main:81:12)
    at node:internal/main/run_main_module:22:47 {
  code: 'MODULE_NOT_FOUND',
  requireStack: []
}
[2025-08-01T04:18:12.627Z] lib/fetch-srf-data.js failed with exit code 1
[2025-08-01T04:18:12.627Z] Running lib/fetch-bill-share-data.js...
[2025-08-01T04:18:12.655Z] [lib/fetch-bill-share-data.js] ERROR: node:internal/modules/cjs/loader:1031
  throw err;
  ^

Error: Cannot find module '/home/runner/work/liquiditydashboard/liquiditydashboard/web/lib/fetch-bill-share-data.js'
    at Function.Module._resolveFilename (node:internal/modules/cjs/loader:1028:15)
    at Function.Module._load (node:internal/modules/cjs/loader:873:27)
    at Function.executeUserEntryPoint [as runMain] (node:internal/modules/run_main:81:12)
    at node:internal/main/run_main_module:22:47 {
  code: 'MODULE_NOT_FOUND',
  requireStack: []
}
[2025-08-01T04:18:12.657Z] lib/fetch-bill-share-data.js failed with exit code 1
[2025-08-01T04:18:12.657Z] Running lib/cleanup-future-dates.js...
[2025-08-01T04:18:12.730Z] [lib/cleanup-future-dates.js] Starting data cleanup process...
[2025-08-01T04:18:12.891Z] [lib/cleanup-future-dates.js] WorldTimeAPI failed, trying alternative source
[2025-08-01T04:18:13.684Z] [lib/cleanup-future-dates.js] Using TimeAPI date: 2025-08-01T04:18:13.5999378
[2025-08-01T04:18:13.684Z] [lib/cleanup-future-dates.js] Using reference date: 2025-8-1
[2025-08-01T04:18:13.684Z] [lib/cleanup-future-dates.js] Processing MOVE index data (/home/runner/work/liquiditydashboard/liquiditydashboard/web/public/series/move.json)...
[2025-08-01T04:18:13.685Z] [lib/cleanup-future-dates.js] Loaded 111 MOVE index data points
[2025-08-01T04:18:13.685Z] [lib/cleanup-future-dates.js] No future-dated entries found in MOVE index data
[2025-08-01T04:18:13.685Z] [lib/cleanup-future-dates.js] Processing SRF data (/home/runner/work/liquiditydashboard/liquiditydashboard/web/public/series/srf.json)...
[2025-08-01T04:18:13.686Z] [lib/cleanup-future-dates.js] Loaded 1017 SRF data points
[2025-08-01T04:18:13.687Z] [lib/cleanup-future-dates.js] No future-dated entries found in SRF data
[2025-08-01T04:18:13.687Z] [lib/cleanup-future-dates.js] Processing Treasury bill share data (/home/runner/work/liquiditydashboard/liquiditydashboard/web/public/series/bill-share.json)...
[2025-08-01T04:18:13.687Z] [lib/cleanup-future-dates.js] Loaded 282 Treasury bill share data points
[2025-08-01T04:18:13.688Z] [lib/cleanup-future-dates.js] No future-dated entries found in Treasury bill share data
[2025-08-01T04:18:13.688Z] [lib/cleanup-future-dates.js] Cleanup complete! Removed 0 future-dated entries in total.
Data cleanup completed with no changes needed
[2025-08-01T04:18:13.691Z] lib/cleanup-future-dates.js completed successfully
[2025-08-01T04:18:13.691Z] Running lib/validate-data.js...
[2025-08-01T04:18:13.765Z] [lib/validate-data.js] Running data validation...
[2025-08-01T04:18:13.766Z] [lib/validate-data.js] Validating MOVE index data...
[2025-08-01T04:18:13.766Z] [lib/validate-data.js] Found 111 MOVE data points
[2025-08-01T04:18:13.824Z] [lib/validate-data.js] WorldTimeAPI failed, trying alternative source
[2025-08-01T04:18:14.583Z] [lib/validate-data.js] Using TimeAPI date: 2025-08-01T04:18:14.4969248
[2025-08-01T04:18:14.583Z] [lib/validate-data.js] Using reference date: 2025-8-1
[2025-08-01T04:18:14.583Z] [lib/validate-data.js] MOVE index data validation passed ✓
[2025-08-01T04:18:14.584Z] [lib/validate-data.js] Validating SRF data...
[2025-08-01T04:18:14.584Z] [lib/validate-data.js] Found 1017 SRF data points
[2025-08-01T04:18:14.656Z] [lib/validate-data.js] WorldTimeAPI failed, trying alternative source
[2025-08-01T04:18:15.305Z] [lib/validate-data.js] Using TimeAPI date: 2025-08-01T04:18:15.2262764
[2025-08-01T04:18:15.306Z] [lib/validate-data.js] SRF data validation passed ✓
[2025-08-01T04:18:15.306Z] [lib/validate-data.js] Validating Treasury funding data...
[2025-08-01T04:18:15.307Z] [lib/validate-data.js] Found 282 Treasury funding data points
[2025-08-01T04:18:15.307Z] [lib/validate-data.js] Treasury funding data validation passed ✓
[2025-08-01T04:18:15.307Z] [lib/validate-data.js] All data validation passed ✓
[2025-08-01T04:18:15.310Z] lib/validate-data.js completed successfully
[2025-08-01T04:18:15.310Z] Dashboard update process completed successfully
