[2025-11-08T03:38:10.442Z] Starting Liquidity Dashboard update process
[2025-11-08T03:38:10.444Z] Running lib/data-backup.js...
[2025-11-08T03:38:10.473Z] [lib/data-backup.js] ERROR: node:internal/modules/cjs/loader:1031
  throw err;
  ^

Error: Cannot find module '/home/runner/work/liquiditydashboard/liquiditydashboard/web/lib/data-backup.js'
    at Function.Module._resolveFilename (node:internal/modules/cjs/loader:1028:15)
    at Function.Module._load (node:internal/modules/cjs/loader:873:27)
    at Function.executeUserEntryPoint [as runMain] (node:internal/modules/run_main:81:12)
    at node:internal/main/run_main_module:22:47 {
  code: 'MODULE_NOT_FOUND',
  requireStack: []
}
[2025-11-08T03:38:10.476Z] lib/data-backup.js failed with exit code 1
[2025-11-08T03:38:10.477Z] Running lib/data-backup.js clean...
[2025-11-08T03:38:10.506Z] [lib/data-backup.js clean] ERROR: node:internal/modules/cjs/loader:1031
  throw err;
  ^

Error: Cannot find module '/home/runner/work/liquiditydashboard/liquiditydashboard/web/lib/data-backup.js'
    at Function.Module._resolveFilename (node:internal/modules/cjs/loader:1028:15)
    at Function.Module._load (node:internal/modules/cjs/loader:873:27)
    at Function.executeUserEntryPoint [as runMain] (node:internal/modules/run_main:81:12)
    at node:internal/main/run_main_module:22:47 {
  code: 'MODULE_NOT_FOUND',
  requireStack: []
}
[2025-11-08T03:38:10.508Z] lib/data-backup.js clean failed with exit code 1
[2025-11-08T03:38:10.508Z] Running lib/import-historical-move-data.js...
[2025-11-08T03:38:10.537Z] [lib/import-historical-move-data.js] ERROR: node:internal/modules/cjs/loader:1031
  throw err;
  ^

Error: Cannot find module '/home/runner/work/liquiditydashboard/liquiditydashboard/web/lib/import-historical-move-data.js'
    at Function.Module._resolveFilename (node:internal/modules/cjs/loader:1028:15)
    at Function.Module._load (node:internal/modules/cjs/loader:873:27)
    at Function.executeUserEntryPoint [as runMain] (node:internal/modules/run_main:81:12)
    at node:internal/main/run_main_module:22:47 {
  code: 'MODULE_NOT_FOUND',
  requireStack: []
}
[2025-11-08T03:38:10.539Z] lib/import-historical-move-data.js failed with exit code 1
[2025-11-08T03:38:10.539Z] Running lib/fetch-move-data.js...
[2025-11-08T03:38:10.568Z] [lib/fetch-move-data.js] ERROR: node:internal/modules/cjs/loader:1031
  throw err;
  ^

Error: Cannot find module '/home/runner/work/liquiditydashboard/liquiditydashboard/web/lib/fetch-move-data.js'
    at Function.Module._resolveFilename (node:internal/modules/cjs/loader:1028:15)
    at Function.Module._load (node:internal/modules/cjs/loader:873:27)
    at Function.executeUserEntryPoint [as runMain] (node:internal/modules/run_main:81:12)
    at node:internal/main/run_main_module:22:47 {
  code: 'MODULE_NOT_FOUND',
  requireStack: []
}
[2025-11-08T03:38:10.570Z] lib/fetch-move-data.js failed with exit code 1
[2025-11-08T03:38:10.570Z] Running lib/fetch-srf-data.js...
[2025-11-08T03:38:10.599Z] [lib/fetch-srf-data.js] ERROR: node:internal/modules/cjs/loader:1031
  throw err;
  ^

Error: Cannot find module '/home/runner/work/liquiditydashboard/liquiditydashboard/web/lib/fetch-srf-data.js'
    at Function.Module._resolveFilename (node:internal/modules/cjs/loader:1028:15)
    at Function.Module._load (node:internal/modules/cjs/loader:873:27)
    at Function.executeUserEntryPoint [as runMain] (node:internal/modules/run_main:81:12)
    at node:internal/main/run_main_module:22:47 {
  code: 'MODULE_NOT_FOUND',
  requireStack: []
}
[2025-11-08T03:38:10.601Z] lib/fetch-srf-data.js failed with exit code 1
[2025-11-08T03:38:10.602Z] Running lib/fetch-bill-share-data.js...
[2025-11-08T03:38:10.630Z] [lib/fetch-bill-share-data.js] ERROR: node:internal/modules/cjs/loader:1031
  throw err;
  ^

Error: Cannot find module '/home/runner/work/liquiditydashboard/liquiditydashboard/web/lib/fetch-bill-share-data.js'
    at Function.Module._resolveFilename (node:internal/modules/cjs/loader:1028:15)
    at Function.Module._load (node:internal/modules/cjs/loader:873:27)
    at Function.executeUserEntryPoint [as runMain] (node:internal/modules/run_main:81:12)
    at node:internal/main/run_main_module:22:47 {
  code: 'MODULE_NOT_FOUND',
  requireStack: []
}
[2025-11-08T03:38:10.632Z] lib/fetch-bill-share-data.js failed with exit code 1
[2025-11-08T03:38:10.632Z] Running lib/cleanup-future-dates.js...
[2025-11-08T03:38:10.710Z] [lib/cleanup-future-dates.js] Starting data cleanup process...
[2025-11-08T03:38:10.774Z] [lib/cleanup-future-dates.js] WorldTimeAPI failed, trying alternative source
[2025-11-08T03:38:11.678Z] [lib/cleanup-future-dates.js] Using TimeAPI date: 2025-11-08T03:38:11.5947745
[2025-11-08T03:38:11.678Z] [lib/cleanup-future-dates.js] Using reference date: 2025-11-8

Processing MOVE index data (/home/runner/work/liquiditydashboard/liquiditydashboard/web/public/series/move.json)...
[2025-11-08T03:38:11.679Z] [lib/cleanup-future-dates.js] Loaded 111 MOVE index data points
[2025-11-08T03:38:11.679Z] [lib/cleanup-future-dates.js] No future-dated entries found in MOVE index data
[2025-11-08T03:38:11.679Z] [lib/cleanup-future-dates.js] Processing SRF data (/home/runner/work/liquiditydashboard/liquiditydashboard/web/public/series/srf.json)...
[2025-11-08T03:38:11.680Z] [lib/cleanup-future-dates.js] Loaded 1017 SRF data points
[2025-11-08T03:38:11.681Z] [lib/cleanup-future-dates.js] No future-dated entries found in SRF data
[2025-11-08T03:38:11.681Z] [lib/cleanup-future-dates.js] Processing Treasury bill share data (/home/runner/work/liquiditydashboard/liquiditydashboard/web/public/series/bill-share.json)...
[2025-11-08T03:38:11.681Z] [lib/cleanup-future-dates.js] Loaded 282 Treasury bill share data points
[2025-11-08T03:38:11.682Z] [lib/cleanup-future-dates.js] No future-dated entries found in Treasury bill share data
[2025-11-08T03:38:11.682Z] [lib/cleanup-future-dates.js] Cleanup complete! Removed 0 future-dated entries in total.
[2025-11-08T03:38:11.682Z] [lib/cleanup-future-dates.js] Data cleanup completed with no changes needed
[2025-11-08T03:38:11.685Z] lib/cleanup-future-dates.js completed successfully
[2025-11-08T03:38:11.685Z] Running lib/validate-data.js...
[2025-11-08T03:38:11.766Z] [lib/validate-data.js] Running data validation...
[2025-11-08T03:38:11.766Z] [lib/validate-data.js] Validating MOVE index data...
[2025-11-08T03:38:11.767Z] [lib/validate-data.js] Found 111 MOVE data points
[2025-11-08T03:38:11.823Z] [lib/validate-data.js] WorldTimeAPI failed, trying alternative source
[2025-11-08T03:38:12.675Z] [lib/validate-data.js] Using TimeAPI date: 2025-11-08T03:38:12.5926622
[2025-11-08T03:38:12.675Z] [lib/validate-data.js] Using reference date: 2025-11-8
[2025-11-08T03:38:12.676Z] [lib/validate-data.js] MOVE index data validation passed ✓
[2025-11-08T03:38:12.676Z] [lib/validate-data.js] Validating SRF data...
[2025-11-08T03:38:12.677Z] [lib/validate-data.js] Found 1017 SRF data points
[2025-11-08T03:38:12.763Z] [lib/validate-data.js] WorldTimeAPI failed, trying alternative source
[2025-11-08T03:38:13.523Z] [lib/validate-data.js] Using TimeAPI date: 2025-11-08T03:38:13.4436172
[2025-11-08T03:38:13.524Z] [lib/validate-data.js] SRF data validation passed ✓
[2025-11-08T03:38:13.524Z] [lib/validate-data.js] Validating Treasury funding data...
[2025-11-08T03:38:13.525Z] [lib/validate-data.js] Found 282 Treasury funding data points
[2025-11-08T03:38:13.525Z] [lib/validate-data.js] Treasury funding data validation passed ✓
[2025-11-08T03:38:13.525Z] [lib/validate-data.js] All data validation passed ✓
[2025-11-08T03:38:13.528Z] lib/validate-data.js completed successfully
[2025-11-08T03:38:13.528Z] Dashboard update process completed successfully
