[2026-01-23T04:08:04.064Z] Starting Liquidity Dashboard update process
[2026-01-23T04:08:04.066Z] Running lib/data-backup.js...
[2026-01-23T04:08:04.096Z] [lib/data-backup.js] ERROR: node:internal/modules/cjs/loader:1031
  throw err;
  ^

Error: Cannot find module '/home/runner/work/liquiditydashboard/liquiditydashboard/web/lib/data-backup.js'
    at Function.Module._resolveFilename (node:internal/modules/cjs/loader:1028:15)
    at Function.Module._load (node:internal/modules/cjs/loader:873:27)
    at Function.executeUserEntryPoint [as runMain] (node:internal/modules/run_main:81:12)
    at node:internal/main/run_main_module:22:47 {
  code: 'MODULE_NOT_FOUND',
  requireStack: []
}
[2026-01-23T04:08:04.098Z] lib/data-backup.js failed with exit code 1
[2026-01-23T04:08:04.099Z] Running lib/data-backup.js clean...
[2026-01-23T04:08:04.127Z] [lib/data-backup.js clean] ERROR: node:internal/modules/cjs/loader:1031
  throw err;
  ^

Error: Cannot find module '/home/runner/work/liquiditydashboard/liquiditydashboard/web/lib/data-backup.js'
    at Function.Module._resolveFilename (node:internal/modules/cjs/loader:1028:15)
    at Function.Module._load (node:internal/modules/cjs/loader:873:27)
    at Function.executeUserEntryPoint [as runMain] (node:internal/modules/run_main:81:12)
    at node:internal/main/run_main_module:22:47 {
  code: 'MODULE_NOT_FOUND',
  requireStack: []
}
[2026-01-23T04:08:04.129Z] lib/data-backup.js clean failed with exit code 1
[2026-01-23T04:08:04.130Z] Running lib/import-historical-move-data.js...
[2026-01-23T04:08:04.158Z] [lib/import-historical-move-data.js] ERROR: node:internal/modules/cjs/loader:1031
  throw err;
  ^

Error: Cannot find module '/home/runner/work/liquiditydashboard/liquiditydashboard/web/lib/import-historical-move-data.js'
    at Function.Module._resolveFilename (node:internal/modules/cjs/loader:1028:15)
    at Function.Module._load (node:internal/modules/cjs/loader:873:27)
    at Function.executeUserEntryPoint [as runMain] (node:internal/modules/run_main:81:12)
    at node:internal/main/run_main_module:22:47 {
  code: 'MODULE_NOT_FOUND',
  requireStack: []
}
[2026-01-23T04:08:04.160Z] lib/import-historical-move-data.js failed with exit code 1
[2026-01-23T04:08:04.160Z] Running lib/fetch-move-data.js...
[2026-01-23T04:08:04.188Z] [lib/fetch-move-data.js] ERROR: node:internal/modules/cjs/loader:1031
  throw err;
  ^

Error: Cannot find module '/home/runner/work/liquiditydashboard/liquiditydashboard/web/lib/fetch-move-data.js'
    at Function.Module._resolveFilename (node:internal/modules/cjs/loader:1028:15)
    at Function.Module._load (node:internal/modules/cjs/loader:873:27)
    at Function.executeUserEntryPoint [as runMain] (node:internal/modules/run_main:81:12)
    at node:internal/main/run_main_module:22:47 {
  code: 'MODULE_NOT_FOUND',
  requireStack: []
}
[2026-01-23T04:08:04.190Z] lib/fetch-move-data.js failed with exit code 1
[2026-01-23T04:08:04.190Z] Running lib/fetch-srf-data.js...
[2026-01-23T04:08:04.218Z] [lib/fetch-srf-data.js] ERROR: node:internal/modules/cjs/loader:1031
  throw err;
  ^

Error: Cannot find module '/home/runner/work/liquiditydashboard/liquiditydashboard/web/lib/fetch-srf-data.js'
    at Function.Module._resolveFilename (node:internal/modules/cjs/loader:1028:15)
    at Function.Module._load (node:internal/modules/cjs/loader:873:27)
    at Function.executeUserEntryPoint [as runMain] (node:internal/modules/run_main:81:12)
    at node:internal/main/run_main_module:22:47 {
  code: 'MODULE_NOT_FOUND',
  requireStack: []
}
[2026-01-23T04:08:04.221Z] lib/fetch-srf-data.js failed with exit code 1
[2026-01-23T04:08:04.221Z] Running lib/fetch-bill-share-data.js...
[2026-01-23T04:08:04.249Z] [lib/fetch-bill-share-data.js] ERROR: node:internal/modules/cjs/loader:1031
  throw err;
  ^

Error: Cannot find module '/home/runner/work/liquiditydashboard/liquiditydashboard/web/lib/fetch-bill-share-data.js'
    at Function.Module._resolveFilename (node:internal/modules/cjs/loader:1028:15)
    at Function.Module._load (node:internal/modules/cjs/loader:873:27)
    at Function.executeUserEntryPoint [as runMain] (node:internal/modules/run_main:81:12)
    at node:internal/main/run_main_module:22:47 {
  code: 'MODULE_NOT_FOUND',
  requireStack: []
}
[2026-01-23T04:08:04.251Z] lib/fetch-bill-share-data.js failed with exit code 1
[2026-01-23T04:08:04.251Z] Running lib/cleanup-future-dates.js...
[2026-01-23T04:08:04.328Z] [lib/cleanup-future-dates.js] Starting data cleanup process...
[2026-01-23T04:08:04.526Z] [lib/cleanup-future-dates.js] WorldTimeAPI failed, trying alternative source
[2026-01-23T04:08:22.822Z] [lib/cleanup-future-dates.js] TimeAPI failed, falling back to config date
[2026-01-23T04:08:22.822Z] [lib/cleanup-future-dates.js] Using reference date: 2025-5-18
[2026-01-23T04:08:22.822Z] [lib/cleanup-future-dates.js] Processing MOVE index data (/home/runner/work/liquiditydashboard/liquiditydashboard/web/public/series/move.json)...
[2026-01-23T04:08:22.823Z] [lib/cleanup-future-dates.js] Loaded 111 MOVE index data points
[2026-01-23T04:08:22.823Z] [lib/cleanup-future-dates.js] No future-dated entries found in MOVE index data
[2026-01-23T04:08:22.823Z] [lib/cleanup-future-dates.js] Processing SRF data (/home/runner/work/liquiditydashboard/liquiditydashboard/web/public/series/srf.json)...
[2026-01-23T04:08:22.824Z] [lib/cleanup-future-dates.js] Loaded 1017 SRF data points
[2026-01-23T04:08:22.825Z] [lib/cleanup-future-dates.js] No future-dated entries found in SRF data
[2026-01-23T04:08:22.825Z] [lib/cleanup-future-dates.js] Processing Treasury bill share data (/home/runner/work/liquiditydashboard/liquiditydashboard/web/public/series/bill-share.json)...
[2026-01-23T04:08:22.825Z] [lib/cleanup-future-dates.js] Loaded 282 Treasury bill share data points
[2026-01-23T04:08:22.826Z] [lib/cleanup-future-dates.js] No future-dated entries found in Treasury bill share data
[2026-01-23T04:08:22.826Z] [lib/cleanup-future-dates.js] Cleanup complete! Removed 0 future-dated entries in total.
Data cleanup completed with no changes needed
[2026-01-23T04:08:22.829Z] lib/cleanup-future-dates.js completed successfully
[2026-01-23T04:08:22.829Z] Running lib/validate-data.js...
[2026-01-23T04:08:22.904Z] [lib/validate-data.js] Running data validation...
[2026-01-23T04:08:22.904Z] [lib/validate-data.js] Validating MOVE index data...
[2026-01-23T04:08:22.905Z] [lib/validate-data.js] Found 111 MOVE data points
[2026-01-23T04:08:23.013Z] [lib/validate-data.js] WorldTimeAPI failed, trying alternative source
[2026-01-23T04:08:34.868Z] [lib/validate-data.js] TimeAPI failed, falling back to config date
[2026-01-23T04:08:34.869Z] [lib/validate-data.js] Using reference date: 2025-5-18
[2026-01-23T04:08:34.869Z] [lib/validate-data.js] MOVE index data validation passed ✓
[2026-01-23T04:08:34.869Z] [lib/validate-data.js] Validating SRF data...
[2026-01-23T04:08:34.870Z] [lib/validate-data.js] Found 1017 SRF data points
[2026-01-23T04:08:34.968Z] [lib/validate-data.js] WorldTimeAPI failed, trying alternative source
[2026-01-23T04:08:38.259Z] [lib/validate-data.js] TimeAPI failed, falling back to config date
[2026-01-23T04:08:38.261Z] [lib/validate-data.js] SRF data validation passed ✓
[2026-01-23T04:08:38.261Z] [lib/validate-data.js] Validating Treasury funding data...
[2026-01-23T04:08:38.261Z] [lib/validate-data.js] Found 282 Treasury funding data points
[2026-01-23T04:08:38.261Z] [lib/validate-data.js] Treasury funding data validation passed ✓
[2026-01-23T04:08:38.261Z] [lib/validate-data.js] All data validation passed ✓
[2026-01-23T04:08:38.264Z] lib/validate-data.js completed successfully
[2026-01-23T04:08:38.264Z] Dashboard update process completed successfully
