[2025-06-20T03:50:03.361Z] Starting Liquidity Dashboard update process
[2025-06-20T03:50:03.363Z] Running lib/data-backup.js...
[2025-06-20T03:50:03.392Z] [lib/data-backup.js] ERROR: node:internal/modules/cjs/loader:1031
  throw err;
  ^

Error: Cannot find module '/home/runner/work/liquiditydashboard/liquiditydashboard/web/lib/data-backup.js'
    at Function.Module._resolveFilename (node:internal/modules/cjs/loader:1028:15)
    at Function.Module._load (node:internal/modules/cjs/loader:873:27)
    at Function.executeUserEntryPoint [as runMain] (node:internal/modules/run_main:81:12)
    at node:internal/main/run_main_module:22:47 {
  code: 'MODULE_NOT_FOUND',
  requireStack: []
}
[2025-06-20T03:50:03.395Z] lib/data-backup.js failed with exit code 1
[2025-06-20T03:50:03.395Z] Running lib/data-backup.js clean...
[2025-06-20T03:50:03.423Z] [lib/data-backup.js clean] ERROR: node:internal/modules/cjs/loader:1031
  throw err;
  ^

Error: Cannot find module '/home/runner/work/liquiditydashboard/liquiditydashboard/web/lib/data-backup.js'
    at Function.Module._resolveFilename (node:internal/modules/cjs/loader:1028:15)
    at Function.Module._load (node:internal/modules/cjs/loader:873:27)
    at Function.executeUserEntryPoint [as runMain] (node:internal/modules/run_main:81:12)
    at node:internal/main/run_main_module:22:47 {
  code: 'MODULE_NOT_FOUND',
  requireStack: []
}
[2025-06-20T03:50:03.425Z] lib/data-backup.js clean failed with exit code 1
[2025-06-20T03:50:03.425Z] Running lib/import-historical-move-data.js...
[2025-06-20T03:50:03.453Z] [lib/import-historical-move-data.js] ERROR: node:internal/modules/cjs/loader:1031
  throw err;
  ^

Error: Cannot find module '/home/runner/work/liquiditydashboard/liquiditydashboard/web/lib/import-historical-move-data.js'
    at Function.Module._resolveFilename (node:internal/modules/cjs/loader:1028:15)
    at Function.Module._load (node:internal/modules/cjs/loader:873:27)
    at Function.executeUserEntryPoint [as runMain] (node:internal/modules/run_main:81:12)
    at node:internal/main/run_main_module:22:47 {
  code: 'MODULE_NOT_FOUND',
  requireStack: []
}
[2025-06-20T03:50:03.455Z] lib/import-historical-move-data.js failed with exit code 1
[2025-06-20T03:50:03.455Z] Running lib/fetch-move-data.js...
[2025-06-20T03:50:03.483Z] [lib/fetch-move-data.js] ERROR: node:internal/modules/cjs/loader:1031
  throw err;
  ^

Error: Cannot find module '/home/runner/work/liquiditydashboard/liquiditydashboard/web/lib/fetch-move-data.js'
    at Function.Module._resolveFilename (node:internal/modules/cjs/loader:1028:15)
    at Function.Module._load (node:internal/modules/cjs/loader:873:27)
    at Function.executeUserEntryPoint [as runMain] (node:internal/modules/run_main:81:12)
    at node:internal/main/run_main_module:22:47 {
  code: 'MODULE_NOT_FOUND',
  requireStack: []
}
[2025-06-20T03:50:03.485Z] lib/fetch-move-data.js failed with exit code 1
[2025-06-20T03:50:03.485Z] Running lib/fetch-srf-data.js...
[2025-06-20T03:50:03.513Z] [lib/fetch-srf-data.js] ERROR: node:internal/modules/cjs/loader:1031
  throw err;
  ^

Error: Cannot find module '/home/runner/work/liquiditydashboard/liquiditydashboard/web/lib/fetch-srf-data.js'
    at Function.Module._resolveFilename (node:internal/modules/cjs/loader:1028:15)
    at Function.Module._load (node:internal/modules/cjs/loader:873:27)
    at Function.executeUserEntryPoint [as runMain] (node:internal/modules/run_main:81:12)
    at node:internal/main/run_main_module:22:47 {
  code: 'MODULE_NOT_FOUND',
  requireStack: []
}
[2025-06-20T03:50:03.515Z] lib/fetch-srf-data.js failed with exit code 1
[2025-06-20T03:50:03.515Z] Running lib/fetch-bill-share-data.js...
[2025-06-20T03:50:03.543Z] [lib/fetch-bill-share-data.js] ERROR: node:internal/modules/cjs/loader:1031
  throw err;
  ^

Error: Cannot find module '/home/runner/work/liquiditydashboard/liquiditydashboard/web/lib/fetch-bill-share-data.js'
    at Function.Module._resolveFilename (node:internal/modules/cjs/loader:1028:15)
    at Function.Module._load (node:internal/modules/cjs/loader:873:27)
    at Function.executeUserEntryPoint [as runMain] (node:internal/modules/run_main:81:12)
    at node:internal/main/run_main_module:22:47 {
  code: 'MODULE_NOT_FOUND',
  requireStack: []
}
[2025-06-20T03:50:03.545Z] lib/fetch-bill-share-data.js failed with exit code 1
[2025-06-20T03:50:03.545Z] Running lib/cleanup-future-dates.js...
[2025-06-20T03:50:03.622Z] [lib/cleanup-future-dates.js] Starting data cleanup process...
[2025-06-20T03:50:03.762Z] [lib/cleanup-future-dates.js] WorldTimeAPI failed, trying alternative source
[2025-06-20T03:50:04.498Z] [lib/cleanup-future-dates.js] Using TimeAPI date: 2025-06-20T03:50:04.41614
[2025-06-20T03:50:04.499Z] [lib/cleanup-future-dates.js] Using reference date: 2025-6-20
[2025-06-20T03:50:04.499Z] [lib/cleanup-future-dates.js] Processing MOVE index data (/home/runner/work/liquiditydashboard/liquiditydashboard/web/public/series/move.json)...
[2025-06-20T03:50:04.499Z] [lib/cleanup-future-dates.js] Loaded 111 MOVE index data points
[2025-06-20T03:50:04.499Z] [lib/cleanup-future-dates.js] No future-dated entries found in MOVE index data
[2025-06-20T03:50:04.499Z] [lib/cleanup-future-dates.js] Processing SRF data (/home/runner/work/liquiditydashboard/liquiditydashboard/web/public/series/srf.json)...
[2025-06-20T03:50:04.500Z] [lib/cleanup-future-dates.js] Loaded 1017 SRF data points
[2025-06-20T03:50:04.501Z] [lib/cleanup-future-dates.js] No future-dated entries found in SRF data
[2025-06-20T03:50:04.501Z] [lib/cleanup-future-dates.js] Processing Treasury bill share data (/home/runner/work/liquiditydashboard/liquiditydashboard/web/public/series/bill-share.json)...
[2025-06-20T03:50:04.501Z] [lib/cleanup-future-dates.js] Loaded 282 Treasury bill share data points
[2025-06-20T03:50:04.502Z] [lib/cleanup-future-dates.js] No future-dated entries found in Treasury bill share data
[2025-06-20T03:50:04.502Z] [lib/cleanup-future-dates.js] Cleanup complete! Removed 0 future-dated entries in total.
Data cleanup completed with no changes needed
[2025-06-20T03:50:04.505Z] lib/cleanup-future-dates.js completed successfully
[2025-06-20T03:50:04.505Z] Running lib/validate-data.js...
[2025-06-20T03:50:04.584Z] [lib/validate-data.js] Running data validation...
[2025-06-20T03:50:04.585Z] [lib/validate-data.js] Validating MOVE index data...
[2025-06-20T03:50:04.585Z] [lib/validate-data.js] Found 111 MOVE data points
[2025-06-20T03:50:04.614Z] [lib/validate-data.js] WorldTimeAPI failed, trying alternative source
[2025-06-20T03:50:05.945Z] [lib/validate-data.js] Using TimeAPI date: 2025-06-20T03:50:05.8631986
[2025-06-20T03:50:05.946Z] [lib/validate-data.js] Using reference date: 2025-6-20
[2025-06-20T03:50:05.946Z] [lib/validate-data.js] MOVE index data validation passed ✓
[2025-06-20T03:50:05.946Z] [lib/validate-data.js] Validating SRF data...
[2025-06-20T03:50:05.947Z] [lib/validate-data.js] Found 1017 SRF data points
[2025-06-20T03:50:05.967Z] [lib/validate-data.js] WorldTimeAPI failed, trying alternative source
[2025-06-20T03:50:06.731Z] [lib/validate-data.js] Using TimeAPI date: 2025-06-20T03:50:06.652495
[2025-06-20T03:50:06.732Z] [lib/validate-data.js] SRF data validation passed ✓
[2025-06-20T03:50:06.733Z] [lib/validate-data.js] Validating Treasury funding data...
[2025-06-20T03:50:06.733Z] [lib/validate-data.js] Found 282 Treasury funding data points
[2025-06-20T03:50:06.733Z] [lib/validate-data.js] Treasury funding data validation passed ✓
[2025-06-20T03:50:06.733Z] [lib/validate-data.js] All data validation passed ✓
[2025-06-20T03:50:06.737Z] lib/validate-data.js completed successfully
[2025-06-20T03:50:06.737Z] Dashboard update process completed successfully
