[2026-02-02T05:03:42.467Z] Starting Liquidity Dashboard update process
[2026-02-02T05:03:42.469Z] Running lib/data-backup.js...
[2026-02-02T05:03:42.499Z] [lib/data-backup.js] ERROR: node:internal/modules/cjs/loader:1031
  throw err;
  ^

Error: Cannot find module '/home/runner/work/liquiditydashboard/liquiditydashboard/web/lib/data-backup.js'
    at Function.Module._resolveFilename (node:internal/modules/cjs/loader:1028:15)
    at Function.Module._load (node:internal/modules/cjs/loader:873:27)
    at Function.executeUserEntryPoint [as runMain] (node:internal/modules/run_main:81:12)
    at node:internal/main/run_main_module:22:47 {
  code: 'MODULE_NOT_FOUND',
  requireStack: []
}
[2026-02-02T05:03:42.502Z] lib/data-backup.js failed with exit code 1
[2026-02-02T05:03:42.502Z] Running lib/data-backup.js clean...
[2026-02-02T05:03:42.531Z] [lib/data-backup.js clean] ERROR: node:internal/modules/cjs/loader:1031
  throw err;
  ^

Error: Cannot find module '/home/runner/work/liquiditydashboard/liquiditydashboard/web/lib/data-backup.js'
    at Function.Module._resolveFilename (node:internal/modules/cjs/loader:1028:15)
    at Function.Module._load (node:internal/modules/cjs/loader:873:27)
    at Function.executeUserEntryPoint [as runMain] (node:internal/modules/run_main:81:12)
    at node:internal/main/run_main_module:22:47 {
  code: 'MODULE_NOT_FOUND',
  requireStack: []
}
[2026-02-02T05:03:42.533Z] lib/data-backup.js clean failed with exit code 1
[2026-02-02T05:03:42.533Z] Running lib/import-historical-move-data.js...
[2026-02-02T05:03:42.561Z] [lib/import-historical-move-data.js] ERROR: node:internal/modules/cjs/loader:1031
  throw err;
  ^

Error: Cannot find module '/home/runner/work/liquiditydashboard/liquiditydashboard/web/lib/import-historical-move-data.js'
    at Function.Module._resolveFilename (node:internal/modules/cjs/loader:1028:15)
    at Function.Module._load (node:internal/modules/cjs/loader:873:27)
    at Function.executeUserEntryPoint [as runMain] (node:internal/modules/run_main:81:12)
    at node:internal/main/run_main_module:22:47 {
  code: 'MODULE_NOT_FOUND',
  requireStack: []
}
[2026-02-02T05:03:42.563Z] lib/import-historical-move-data.js failed with exit code 1
[2026-02-02T05:03:42.564Z] Running lib/fetch-move-data.js...
[2026-02-02T05:03:42.592Z] [lib/fetch-move-data.js] ERROR: node:internal/modules/cjs/loader:1031
  throw err;
  ^

Error: Cannot find module '/home/runner/work/liquiditydashboard/liquiditydashboard/web/lib/fetch-move-data.js'
    at Function.Module._resolveFilename (node:internal/modules/cjs/loader:1028:15)
    at Function.Module._load (node:internal/modules/cjs/loader:873:27)
    at Function.executeUserEntryPoint [as runMain] (node:internal/modules/run_main:81:12)
    at node:internal/main/run_main_module:22:47 {
  code: 'MODULE_NOT_FOUND',
  requireStack: []
}
[2026-02-02T05:03:42.594Z] lib/fetch-move-data.js failed with exit code 1
[2026-02-02T05:03:42.595Z] Running lib/fetch-srf-data.js...
[2026-02-02T05:03:42.624Z] [lib/fetch-srf-data.js] ERROR: node:internal/modules/cjs/loader:1031
  throw err;
  ^

Error: Cannot find module '/home/runner/work/liquiditydashboard/liquiditydashboard/web/lib/fetch-srf-data.js'
    at Function.Module._resolveFilename (node:internal/modules/cjs/loader:1028:15)
    at Function.Module._load (node:internal/modules/cjs/loader:873:27)
    at Function.executeUserEntryPoint [as runMain] (node:internal/modules/run_main:81:12)
    at node:internal/main/run_main_module:22:47 {
  code: 'MODULE_NOT_FOUND',
  requireStack: []
}
[2026-02-02T05:03:42.626Z] lib/fetch-srf-data.js failed with exit code 1
[2026-02-02T05:03:42.626Z] Running lib/fetch-bill-share-data.js...
[2026-02-02T05:03:42.655Z] [lib/fetch-bill-share-data.js] ERROR: node:internal/modules/cjs/loader:1031
  throw err;
  ^

Error: Cannot find module '/home/runner/work/liquiditydashboard/liquiditydashboard/web/lib/fetch-bill-share-data.js'
    at Function.Module._resolveFilename (node:internal/modules/cjs/loader:1028:15)
    at Function.Module._load (node:internal/modules/cjs/loader:873:27)
    at Function.executeUserEntryPoint [as runMain] (node:internal/modules/run_main:81:12)
    at node:internal/main/run_main_module:22:47 {
  code: 'MODULE_NOT_FOUND',
  requireStack: []
}
[2026-02-02T05:03:42.657Z] lib/fetch-bill-share-data.js failed with exit code 1
[2026-02-02T05:03:42.658Z] Running lib/cleanup-future-dates.js...
[2026-02-02T05:03:42.735Z] [lib/cleanup-future-dates.js] Starting data cleanup process...
[2026-02-02T05:03:43.058Z] [lib/cleanup-future-dates.js] WorldTimeAPI failed, trying alternative source
[2026-02-02T05:03:44.211Z] [lib/cleanup-future-dates.js] Using TimeAPI date: 2026-02-02T05:03:44.6633791
[2026-02-02T05:03:44.212Z] [lib/cleanup-future-dates.js] Using reference date: 2026-2-2

Processing MOVE index data (/home/runner/work/liquiditydashboard/liquiditydashboard/web/public/series/move.json)...
[2026-02-02T05:03:44.212Z] [lib/cleanup-future-dates.js] Loaded 111 MOVE index data points
[2026-02-02T05:03:44.213Z] [lib/cleanup-future-dates.js] No future-dated entries found in MOVE index data

Processing SRF data (/home/runner/work/liquiditydashboard/liquiditydashboard/web/public/series/srf.json)...
[2026-02-02T05:03:44.213Z] [lib/cleanup-future-dates.js] Loaded 1017 SRF data points
[2026-02-02T05:03:44.214Z] [lib/cleanup-future-dates.js] No future-dated entries found in SRF data
[2026-02-02T05:03:44.214Z] [lib/cleanup-future-dates.js] Processing Treasury bill share data (/home/runner/work/liquiditydashboard/liquiditydashboard/web/public/series/bill-share.json)...
[2026-02-02T05:03:44.215Z] [lib/cleanup-future-dates.js] Loaded 282 Treasury bill share data points
[2026-02-02T05:03:44.215Z] [lib/cleanup-future-dates.js] No future-dated entries found in Treasury bill share data
[2026-02-02T05:03:44.215Z] [lib/cleanup-future-dates.js] Cleanup complete! Removed 0 future-dated entries in total.
[2026-02-02T05:03:44.215Z] [lib/cleanup-future-dates.js] Data cleanup completed with no changes needed
[2026-02-02T05:03:44.219Z] lib/cleanup-future-dates.js completed successfully
[2026-02-02T05:03:44.219Z] Running lib/validate-data.js...
[2026-02-02T05:03:44.296Z] [lib/validate-data.js] Running data validation...
[2026-02-02T05:03:44.296Z] [lib/validate-data.js] Validating MOVE index data...
[2026-02-02T05:03:44.297Z] [lib/validate-data.js] Found 111 MOVE data points
[2026-02-02T05:03:44.445Z] [lib/validate-data.js] WorldTimeAPI failed, trying alternative source
[2026-02-02T05:03:44.899Z] [lib/validate-data.js] Using TimeAPI date: 2026-02-02T05:03:45.3527142
[2026-02-02T05:03:44.899Z] [lib/validate-data.js] Using reference date: 2026-2-2
[2026-02-02T05:03:44.900Z] [lib/validate-data.js] MOVE index data validation passed ✓
[2026-02-02T05:03:44.900Z] [lib/validate-data.js] Validating SRF data...
[2026-02-02T05:03:44.901Z] [lib/validate-data.js] Found 1017 SRF data points
[2026-02-02T05:03:44.975Z] [lib/validate-data.js] WorldTimeAPI failed, trying alternative source
[2026-02-02T05:03:45.409Z] [lib/validate-data.js] Using TimeAPI date: 2026-02-02T05:03:45.8722318
[2026-02-02T05:03:45.411Z] [lib/validate-data.js] SRF data validation passed ✓
[2026-02-02T05:03:45.411Z] [lib/validate-data.js] Validating Treasury funding data...
[2026-02-02T05:03:45.411Z] [lib/validate-data.js] Found 282 Treasury funding data points
[2026-02-02T05:03:45.411Z] [lib/validate-data.js] Treasury funding data validation passed ✓
[2026-02-02T05:03:45.412Z] [lib/validate-data.js] All data validation passed ✓
[2026-02-02T05:03:45.415Z] lib/validate-data.js completed successfully
[2026-02-02T05:03:45.415Z] Dashboard update process completed successfully
