[2026-02-18T04:59:49.655Z] Starting Liquidity Dashboard update process
[2026-02-18T04:59:49.657Z] Running lib/data-backup.js...
[2026-02-18T04:59:49.691Z] [lib/data-backup.js] ERROR: node:internal/modules/cjs/loader:1031
  throw err;
  ^

Error: Cannot find module '/home/runner/work/liquiditydashboard/liquiditydashboard/web/lib/data-backup.js'
    at Function.Module._resolveFilename (node:internal/modules/cjs/loader:1028:15)
    at Function.Module._load (node:internal/modules/cjs/loader:873:27)
    at Function.executeUserEntryPoint [as runMain] (node:internal/modules/run_main:81:12)
    at node:internal/main/run_main_module:22:47 {
  code: 'MODULE_NOT_FOUND',
  requireStack: []
}
[2026-02-18T04:59:49.694Z] lib/data-backup.js failed with exit code 1
[2026-02-18T04:59:49.694Z] Running lib/data-backup.js clean...
[2026-02-18T04:59:49.724Z] [lib/data-backup.js clean] ERROR: node:internal/modules/cjs/loader:1031
  throw err;
  ^

Error: Cannot find module '/home/runner/work/liquiditydashboard/liquiditydashboard/web/lib/data-backup.js'
    at Function.Module._resolveFilename (node:internal/modules/cjs/loader:1028:15)
    at Function.Module._load (node:internal/modules/cjs/loader:873:27)
    at Function.executeUserEntryPoint [as runMain] (node:internal/modules/run_main:81:12)
    at node:internal/main/run_main_module:22:47 {
  code: 'MODULE_NOT_FOUND',
  requireStack: []
}
[2026-02-18T04:59:49.726Z] lib/data-backup.js clean failed with exit code 1
[2026-02-18T04:59:49.726Z] Running lib/import-historical-move-data.js...
[2026-02-18T04:59:49.756Z] [lib/import-historical-move-data.js] ERROR: node:internal/modules/cjs/loader:1031
  throw err;
  ^

Error: Cannot find module '/home/runner/work/liquiditydashboard/liquiditydashboard/web/lib/import-historical-move-data.js'
    at Function.Module._resolveFilename (node:internal/modules/cjs/loader:1028:15)
    at Function.Module._load (node:internal/modules/cjs/loader:873:27)
    at Function.executeUserEntryPoint [as runMain] (node:internal/modules/run_main:81:12)
    at node:internal/main/run_main_module:22:47 {
  code: 'MODULE_NOT_FOUND',
  requireStack: []
}
[2026-02-18T04:59:49.758Z] lib/import-historical-move-data.js failed with exit code 1
[2026-02-18T04:59:49.758Z] Running lib/fetch-move-data.js...
[2026-02-18T04:59:49.789Z] [lib/fetch-move-data.js] ERROR: node:internal/modules/cjs/loader:1031
  throw err;
  ^

Error: Cannot find module '/home/runner/work/liquiditydashboard/liquiditydashboard/web/lib/fetch-move-data.js'
    at Function.Module._resolveFilename (node:internal/modules/cjs/loader:1028:15)
    at Function.Module._load (node:internal/modules/cjs/loader:873:27)
    at Function.executeUserEntryPoint [as runMain] (node:internal/modules/run_main:81:12)
    at node:internal/main/run_main_module:22:47 {
  code: 'MODULE_NOT_FOUND',
  requireStack: []
}
[2026-02-18T04:59:49.791Z] lib/fetch-move-data.js failed with exit code 1
[2026-02-18T04:59:49.791Z] Running lib/fetch-srf-data.js...
[2026-02-18T04:59:49.822Z] [lib/fetch-srf-data.js] ERROR: node:internal/modules/cjs/loader:1031
  throw err;
  ^

Error: Cannot find module '/home/runner/work/liquiditydashboard/liquiditydashboard/web/lib/fetch-srf-data.js'
    at Function.Module._resolveFilename (node:internal/modules/cjs/loader:1028:15)
    at Function.Module._load (node:internal/modules/cjs/loader:873:27)
    at Function.executeUserEntryPoint [as runMain] (node:internal/modules/run_main:81:12)
    at node:internal/main/run_main_module:22:47 {
  code: 'MODULE_NOT_FOUND',
  requireStack: []
}
[2026-02-18T04:59:49.825Z] lib/fetch-srf-data.js failed with exit code 1
[2026-02-18T04:59:49.825Z] Running lib/fetch-bill-share-data.js...
[2026-02-18T04:59:49.856Z] [lib/fetch-bill-share-data.js] ERROR: node:internal/modules/cjs/loader:1031
  throw err;
  ^

Error: Cannot find module '/home/runner/work/liquiditydashboard/liquiditydashboard/web/lib/fetch-bill-share-data.js'
    at Function.Module._resolveFilename (node:internal/modules/cjs/loader:1028:15)
    at Function.Module._load (node:internal/modules/cjs/loader:873:27)
    at Function.executeUserEntryPoint [as runMain] (node:internal/modules/run_main:81:12)
    at node:internal/main/run_main_module:22:47 {
  code: 'MODULE_NOT_FOUND',
  requireStack: []
}
[2026-02-18T04:59:49.858Z] lib/fetch-bill-share-data.js failed with exit code 1
[2026-02-18T04:59:49.858Z] Running lib/cleanup-future-dates.js...
[2026-02-18T04:59:49.938Z] [lib/cleanup-future-dates.js] Starting data cleanup process...
[2026-02-18T04:59:50.231Z] [lib/cleanup-future-dates.js] WorldTimeAPI failed, trying alternative source
[2026-02-18T04:59:50.938Z] [lib/cleanup-future-dates.js] Using TimeAPI date: 2026-02-18T04:59:51.1015469
[2026-02-18T04:59:50.938Z] [lib/cleanup-future-dates.js] Using reference date: 2026-2-18

Processing MOVE index data (/home/runner/work/liquiditydashboard/liquiditydashboard/web/public/series/move.json)...
[2026-02-18T04:59:50.939Z] [lib/cleanup-future-dates.js] Loaded 111 MOVE index data points
[2026-02-18T04:59:50.939Z] [lib/cleanup-future-dates.js] No future-dated entries found in MOVE index data

Processing SRF data (/home/runner/work/liquiditydashboard/liquiditydashboard/web/public/series/srf.json)...
[2026-02-18T04:59:50.940Z] [lib/cleanup-future-dates.js] Loaded 1017 SRF data points
[2026-02-18T04:59:50.941Z] [lib/cleanup-future-dates.js] No future-dated entries found in SRF data
[2026-02-18T04:59:50.941Z] [lib/cleanup-future-dates.js] Processing Treasury bill share data (/home/runner/work/liquiditydashboard/liquiditydashboard/web/public/series/bill-share.json)...
[2026-02-18T04:59:50.942Z] [lib/cleanup-future-dates.js] Loaded 282 Treasury bill share data points
[2026-02-18T04:59:50.942Z] [lib/cleanup-future-dates.js] No future-dated entries found in Treasury bill share data
[2026-02-18T04:59:50.942Z] [lib/cleanup-future-dates.js] Cleanup complete! Removed 0 future-dated entries in total.
[2026-02-18T04:59:50.943Z] [lib/cleanup-future-dates.js] Data cleanup completed with no changes needed
[2026-02-18T04:59:50.946Z] lib/cleanup-future-dates.js completed successfully
[2026-02-18T04:59:50.946Z] Running lib/validate-data.js...
[2026-02-18T04:59:51.027Z] [lib/validate-data.js] Running data validation...
[2026-02-18T04:59:51.028Z] [lib/validate-data.js] Validating MOVE index data...
[2026-02-18T04:59:51.028Z] [lib/validate-data.js] Found 111 MOVE data points
[2026-02-18T04:59:51.110Z] [lib/validate-data.js] WorldTimeAPI failed, trying alternative source
[2026-02-18T04:59:51.672Z] [lib/validate-data.js] Using TimeAPI date: 2026-02-18T04:59:51.8357526
[2026-02-18T04:59:51.673Z] [lib/validate-data.js] Using reference date: 2026-2-18
[2026-02-18T04:59:51.673Z] [lib/validate-data.js] MOVE index data validation passed ✓
[2026-02-18T04:59:51.674Z] [lib/validate-data.js] Validating SRF data...
[2026-02-18T04:59:51.674Z] [lib/validate-data.js] Found 1017 SRF data points
[2026-02-18T04:59:51.784Z] [lib/validate-data.js] WorldTimeAPI failed, trying alternative source
[2026-02-18T04:59:52.472Z] [lib/validate-data.js] Using TimeAPI date: 2026-02-18T04:59:52.6405093
[2026-02-18T04:59:52.474Z] [lib/validate-data.js] SRF data validation passed ✓
[2026-02-18T04:59:52.474Z] [lib/validate-data.js] Validating Treasury funding data...
[2026-02-18T04:59:52.474Z] [lib/validate-data.js] Found 282 Treasury funding data points
[2026-02-18T04:59:52.475Z] [lib/validate-data.js] Treasury funding data validation passed ✓
[2026-02-18T04:59:52.475Z] [lib/validate-data.js] All data validation passed ✓
[2026-02-18T04:59:52.478Z] lib/validate-data.js completed successfully
[2026-02-18T04:59:52.479Z] Dashboard update process completed successfully
