[2026-04-12T05:28:50.467Z] Starting Liquidity Dashboard update process
[2026-04-12T05:28:50.469Z] Running lib/data-backup.js...
[2026-04-12T05:28:50.498Z] [lib/data-backup.js] ERROR: node:internal/modules/cjs/loader:1031
  throw err;
  ^

Error: Cannot find module '/home/runner/work/liquiditydashboard/liquiditydashboard/web/lib/data-backup.js'
    at Function.Module._resolveFilename (node:internal/modules/cjs/loader:1028:15)
    at Function.Module._load (node:internal/modules/cjs/loader:873:27)
    at Function.executeUserEntryPoint [as runMain] (node:internal/modules/run_main:81:12)
    at node:internal/main/run_main_module:22:47 {
  code: 'MODULE_NOT_FOUND',
  requireStack: []
}
[2026-04-12T05:28:50.500Z] lib/data-backup.js failed with exit code 1
[2026-04-12T05:28:50.500Z] Running lib/data-backup.js clean...
[2026-04-12T05:28:50.528Z] [lib/data-backup.js clean] ERROR: node:internal/modules/cjs/loader:1031
  throw err;
  ^

Error: Cannot find module '/home/runner/work/liquiditydashboard/liquiditydashboard/web/lib/data-backup.js'
    at Function.Module._resolveFilename (node:internal/modules/cjs/loader:1028:15)
    at Function.Module._load (node:internal/modules/cjs/loader:873:27)
    at Function.executeUserEntryPoint [as runMain] (node:internal/modules/run_main:81:12)
    at node:internal/main/run_main_module:22:47 {
  code: 'MODULE_NOT_FOUND',
  requireStack: []
}
[2026-04-12T05:28:50.530Z] lib/data-backup.js clean failed with exit code 1
[2026-04-12T05:28:50.530Z] Running lib/import-historical-move-data.js...
[2026-04-12T05:28:50.558Z] [lib/import-historical-move-data.js] ERROR: node:internal/modules/cjs/loader:1031
  throw err;
  ^

Error: Cannot find module '/home/runner/work/liquiditydashboard/liquiditydashboard/web/lib/import-historical-move-data.js'
    at Function.Module._resolveFilename (node:internal/modules/cjs/loader:1028:15)
    at Function.Module._load (node:internal/modules/cjs/loader:873:27)
    at Function.executeUserEntryPoint [as runMain] (node:internal/modules/run_main:81:12)
    at node:internal/main/run_main_module:22:47 {
  code: 'MODULE_NOT_FOUND',
  requireStack: []
}
[2026-04-12T05:28:50.559Z] lib/import-historical-move-data.js failed with exit code 1
[2026-04-12T05:28:50.559Z] Running lib/fetch-move-data.js...
[2026-04-12T05:28:50.587Z] [lib/fetch-move-data.js] ERROR: node:internal/modules/cjs/loader:1031
  throw err;
  ^

Error: Cannot find module '/home/runner/work/liquiditydashboard/liquiditydashboard/web/lib/fetch-move-data.js'
    at Function.Module._resolveFilename (node:internal/modules/cjs/loader:1028:15)
    at Function.Module._load (node:internal/modules/cjs/loader:873:27)
    at Function.executeUserEntryPoint [as runMain] (node:internal/modules/run_main:81:12)
    at node:internal/main/run_main_module:22:47 {
  code: 'MODULE_NOT_FOUND',
  requireStack: []
}
[2026-04-12T05:28:50.589Z] lib/fetch-move-data.js failed with exit code 1
[2026-04-12T05:28:50.589Z] Running lib/fetch-srf-data.js...
[2026-04-12T05:28:50.617Z] [lib/fetch-srf-data.js] ERROR: node:internal/modules/cjs/loader:1031
  throw err;
  ^

Error: Cannot find module '/home/runner/work/liquiditydashboard/liquiditydashboard/web/lib/fetch-srf-data.js'
    at Function.Module._resolveFilename (node:internal/modules/cjs/loader:1028:15)
    at Function.Module._load (node:internal/modules/cjs/loader:873:27)
    at Function.executeUserEntryPoint [as runMain] (node:internal/modules/run_main:81:12)
    at node:internal/main/run_main_module:22:47 {
  code: 'MODULE_NOT_FOUND',
  requireStack: []
}
[2026-04-12T05:28:50.619Z] lib/fetch-srf-data.js failed with exit code 1
[2026-04-12T05:28:50.619Z] Running lib/fetch-bill-share-data.js...
[2026-04-12T05:28:50.647Z] [lib/fetch-bill-share-data.js] ERROR: node:internal/modules/cjs/loader:1031
  throw err;
  ^

Error: Cannot find module '/home/runner/work/liquiditydashboard/liquiditydashboard/web/lib/fetch-bill-share-data.js'
    at Function.Module._resolveFilename (node:internal/modules/cjs/loader:1028:15)
    at Function.Module._load (node:internal/modules/cjs/loader:873:27)
    at Function.executeUserEntryPoint [as runMain] (node:internal/modules/run_main:81:12)
    at node:internal/main/run_main_module:22:47 {
  code: 'MODULE_NOT_FOUND',
  requireStack: []
}
[2026-04-12T05:28:50.648Z] lib/fetch-bill-share-data.js failed with exit code 1
[2026-04-12T05:28:50.649Z] Running lib/cleanup-future-dates.js...
[2026-04-12T05:28:50.724Z] [lib/cleanup-future-dates.js] Starting data cleanup process...
[2026-04-12T05:28:51.017Z] [lib/cleanup-future-dates.js] WorldTimeAPI failed, trying alternative source
[2026-04-12T05:28:58.786Z] [lib/cleanup-future-dates.js] Using TimeAPI date: 2026-04-12T05:28:58.7434604
[2026-04-12T05:28:58.787Z] [lib/cleanup-future-dates.js] Using reference date: 2026-4-12
[2026-04-12T05:28:58.787Z] [lib/cleanup-future-dates.js] Processing MOVE index data (/home/runner/work/liquiditydashboard/liquiditydashboard/web/public/series/move.json)...
[2026-04-12T05:28:58.787Z] [lib/cleanup-future-dates.js] Loaded 111 MOVE index data points
[2026-04-12T05:28:58.787Z] [lib/cleanup-future-dates.js] No future-dated entries found in MOVE index data
[2026-04-12T05:28:58.788Z] [lib/cleanup-future-dates.js] Processing SRF data (/home/runner/work/liquiditydashboard/liquiditydashboard/web/public/series/srf.json)...
[2026-04-12T05:28:58.788Z] [lib/cleanup-future-dates.js] Loaded 1017 SRF data points
[2026-04-12T05:28:58.789Z] [lib/cleanup-future-dates.js] No future-dated entries found in SRF data
[2026-04-12T05:28:58.789Z] [lib/cleanup-future-dates.js] Processing Treasury bill share data (/home/runner/work/liquiditydashboard/liquiditydashboard/web/public/series/bill-share.json)...
[2026-04-12T05:28:58.790Z] [lib/cleanup-future-dates.js] Loaded 282 Treasury bill share data points
[2026-04-12T05:28:58.790Z] [lib/cleanup-future-dates.js] No future-dated entries found in Treasury bill share data
[2026-04-12T05:28:58.790Z] [lib/cleanup-future-dates.js] Cleanup complete! Removed 0 future-dated entries in total.
Data cleanup completed with no changes needed
[2026-04-12T05:28:58.793Z] lib/cleanup-future-dates.js completed successfully
[2026-04-12T05:28:58.793Z] Running lib/validate-data.js...
[2026-04-12T05:28:58.867Z] [lib/validate-data.js] Running data validation...
[2026-04-12T05:28:58.867Z] [lib/validate-data.js] Validating MOVE index data...
[2026-04-12T05:28:58.868Z] [lib/validate-data.js] Found 111 MOVE data points
[2026-04-12T05:28:58.919Z] [lib/validate-data.js] WorldTimeAPI failed, trying alternative source
[2026-04-12T05:29:35.255Z] [lib/validate-data.js] Using TimeAPI date: 2026-04-12T05:29:35.2095242
[2026-04-12T05:29:35.255Z] [lib/validate-data.js] Using reference date: 2026-4-12
[2026-04-12T05:29:35.256Z] [lib/validate-data.js] MOVE index data validation passed ✓
[2026-04-12T05:29:35.256Z] [lib/validate-data.js] Validating SRF data...
[2026-04-12T05:29:35.257Z] [lib/validate-data.js] Found 1017 SRF data points
[2026-04-12T05:29:35.486Z] [lib/validate-data.js] WorldTimeAPI failed, trying alternative source
[2026-04-12T05:29:47.242Z] [lib/validate-data.js] Using TimeAPI date: 2026-04-12T05:29:47.1993263
[2026-04-12T05:29:47.244Z] [lib/validate-data.js] SRF data validation passed ✓
[2026-04-12T05:29:47.244Z] [lib/validate-data.js] Validating Treasury funding data...
[2026-04-12T05:29:47.245Z] [lib/validate-data.js] Found 282 Treasury funding data points
[2026-04-12T05:29:47.245Z] [lib/validate-data.js] Treasury funding data validation passed ✓
All data validation passed ✓
[2026-04-12T05:29:47.248Z] lib/validate-data.js completed successfully
[2026-04-12T05:29:47.248Z] Dashboard update process completed successfully
