[2026-04-04T04:57:40.804Z] Starting Liquidity Dashboard update process
[2026-04-04T04:57:40.806Z] Running lib/data-backup.js...
[2026-04-04T04:57:40.836Z] [lib/data-backup.js] ERROR: node:internal/modules/cjs/loader:1031
  throw err;
  ^

Error: Cannot find module '/home/runner/work/liquiditydashboard/liquiditydashboard/web/lib/data-backup.js'
    at Function.Module._resolveFilename (node:internal/modules/cjs/loader:1028:15)
    at Function.Module._load (node:internal/modules/cjs/loader:873:27)
    at Function.executeUserEntryPoint [as runMain] (node:internal/modules/run_main:81:12)
    at node:internal/main/run_main_module:22:47 {
  code: 'MODULE_NOT_FOUND',
  requireStack: []
}
[2026-04-04T04:57:40.838Z] lib/data-backup.js failed with exit code 1
[2026-04-04T04:57:40.838Z] Running lib/data-backup.js clean...
[2026-04-04T04:57:40.867Z] [lib/data-backup.js clean] ERROR: node:internal/modules/cjs/loader:1031
  throw err;
  ^

Error: Cannot find module '/home/runner/work/liquiditydashboard/liquiditydashboard/web/lib/data-backup.js'
    at Function.Module._resolveFilename (node:internal/modules/cjs/loader:1028:15)
    at Function.Module._load (node:internal/modules/cjs/loader:873:27)
    at Function.executeUserEntryPoint [as runMain] (node:internal/modules/run_main:81:12)
    at node:internal/main/run_main_module:22:47 {
  code: 'MODULE_NOT_FOUND',
  requireStack: []
}
[2026-04-04T04:57:40.869Z] lib/data-backup.js clean failed with exit code 1
[2026-04-04T04:57:40.869Z] Running lib/import-historical-move-data.js...
[2026-04-04T04:57:40.898Z] [lib/import-historical-move-data.js] ERROR: node:internal/modules/cjs/loader:1031
  throw err;
  ^

Error: Cannot find module '/home/runner/work/liquiditydashboard/liquiditydashboard/web/lib/import-historical-move-data.js'
    at Function.Module._resolveFilename (node:internal/modules/cjs/loader:1028:15)
    at Function.Module._load (node:internal/modules/cjs/loader:873:27)
    at Function.executeUserEntryPoint [as runMain] (node:internal/modules/run_main:81:12)
    at node:internal/main/run_main_module:22:47 {
  code: 'MODULE_NOT_FOUND',
  requireStack: []
}
[2026-04-04T04:57:40.900Z] lib/import-historical-move-data.js failed with exit code 1
[2026-04-04T04:57:40.900Z] Running lib/fetch-move-data.js...
[2026-04-04T04:57:40.930Z] [lib/fetch-move-data.js] ERROR: node:internal/modules/cjs/loader:1031
  throw err;
  ^

Error: Cannot find module '/home/runner/work/liquiditydashboard/liquiditydashboard/web/lib/fetch-move-data.js'
    at Function.Module._resolveFilename (node:internal/modules/cjs/loader:1028:15)
    at Function.Module._load (node:internal/modules/cjs/loader:873:27)
    at Function.executeUserEntryPoint [as runMain] (node:internal/modules/run_main:81:12)
    at node:internal/main/run_main_module:22:47 {
  code: 'MODULE_NOT_FOUND',
  requireStack: []
}
[2026-04-04T04:57:40.931Z] lib/fetch-move-data.js failed with exit code 1
[2026-04-04T04:57:40.931Z] Running lib/fetch-srf-data.js...
[2026-04-04T04:57:40.961Z] [lib/fetch-srf-data.js] ERROR: node:internal/modules/cjs/loader:1031
  throw err;
  ^

Error: Cannot find module '/home/runner/work/liquiditydashboard/liquiditydashboard/web/lib/fetch-srf-data.js'
    at Function.Module._resolveFilename (node:internal/modules/cjs/loader:1028:15)
    at Function.Module._load (node:internal/modules/cjs/loader:873:27)
    at Function.executeUserEntryPoint [as runMain] (node:internal/modules/run_main:81:12)
    at node:internal/main/run_main_module:22:47 {
  code: 'MODULE_NOT_FOUND',
  requireStack: []
}
[2026-04-04T04:57:40.963Z] lib/fetch-srf-data.js failed with exit code 1
[2026-04-04T04:57:40.963Z] Running lib/fetch-bill-share-data.js...
[2026-04-04T04:57:40.992Z] [lib/fetch-bill-share-data.js] ERROR: node:internal/modules/cjs/loader:1031
  throw err;
  ^

Error: Cannot find module '/home/runner/work/liquiditydashboard/liquiditydashboard/web/lib/fetch-bill-share-data.js'
    at Function.Module._resolveFilename (node:internal/modules/cjs/loader:1028:15)
    at Function.Module._load (node:internal/modules/cjs/loader:873:27)
    at Function.executeUserEntryPoint [as runMain] (node:internal/modules/run_main:81:12)
    at node:internal/main/run_main_module:22:47 {
  code: 'MODULE_NOT_FOUND',
  requireStack: []
}
[2026-04-04T04:57:40.994Z] lib/fetch-bill-share-data.js failed with exit code 1
[2026-04-04T04:57:40.994Z] Running lib/cleanup-future-dates.js...
[2026-04-04T04:57:41.082Z] [lib/cleanup-future-dates.js] Starting data cleanup process...
[2026-04-04T04:57:41.332Z] [lib/cleanup-future-dates.js] WorldTimeAPI failed, trying alternative source
[2026-04-04T04:57:42.032Z] [lib/cleanup-future-dates.js] Using TimeAPI date: 2026-04-04T04:57:41.8879921
[2026-04-04T04:57:42.032Z] [lib/cleanup-future-dates.js] Using reference date: 2026-4-4
[2026-04-04T04:57:42.033Z] [lib/cleanup-future-dates.js] Processing MOVE index data (/home/runner/work/liquiditydashboard/liquiditydashboard/web/public/series/move.json)...
[2026-04-04T04:57:42.033Z] [lib/cleanup-future-dates.js] Loaded 111 MOVE index data points
[2026-04-04T04:57:42.033Z] [lib/cleanup-future-dates.js] No future-dated entries found in MOVE index data
[2026-04-04T04:57:42.033Z] [lib/cleanup-future-dates.js] Processing SRF data (/home/runner/work/liquiditydashboard/liquiditydashboard/web/public/series/srf.json)...
[2026-04-04T04:57:42.034Z] [lib/cleanup-future-dates.js] Loaded 1017 SRF data points
[2026-04-04T04:57:42.035Z] [lib/cleanup-future-dates.js] No future-dated entries found in SRF data
[2026-04-04T04:57:42.035Z] [lib/cleanup-future-dates.js] Processing Treasury bill share data (/home/runner/work/liquiditydashboard/liquiditydashboard/web/public/series/bill-share.json)...
[2026-04-04T04:57:42.035Z] [lib/cleanup-future-dates.js] Loaded 282 Treasury bill share data points
[2026-04-04T04:57:42.036Z] [lib/cleanup-future-dates.js] No future-dated entries found in Treasury bill share data
[2026-04-04T04:57:42.036Z] [lib/cleanup-future-dates.js] Cleanup complete! Removed 0 future-dated entries in total.
Data cleanup completed with no changes needed
[2026-04-04T04:57:42.039Z] lib/cleanup-future-dates.js completed successfully
[2026-04-04T04:57:42.039Z] Running lib/validate-data.js...
[2026-04-04T04:57:42.113Z] [lib/validate-data.js] Running data validation...
[2026-04-04T04:57:42.114Z] [lib/validate-data.js] Validating MOVE index data...
[2026-04-04T04:57:42.114Z] [lib/validate-data.js] Found 111 MOVE data points
[2026-04-04T04:57:42.233Z] [lib/validate-data.js] WorldTimeAPI failed, trying alternative source
[2026-04-04T04:57:42.961Z] [lib/validate-data.js] Using TimeAPI date: 2026-04-04T04:57:42.813625
[2026-04-04T04:57:42.961Z] [lib/validate-data.js] Using reference date: 2026-4-4
[2026-04-04T04:57:42.962Z] [lib/validate-data.js] MOVE index data validation passed ✓
[2026-04-04T04:57:42.962Z] [lib/validate-data.js] Validating SRF data...
[2026-04-04T04:57:42.963Z] [lib/validate-data.js] Found 1017 SRF data points
[2026-04-04T04:57:43.022Z] [lib/validate-data.js] WorldTimeAPI failed, trying alternative source
[2026-04-04T04:57:43.551Z] [lib/validate-data.js] Using TimeAPI date: 2026-04-04T04:57:43.4138219
[2026-04-04T04:57:43.553Z] [lib/validate-data.js] SRF data validation passed ✓
[2026-04-04T04:57:43.553Z] [lib/validate-data.js] Validating Treasury funding data...
[2026-04-04T04:57:43.553Z] [lib/validate-data.js] Found 282 Treasury funding data points
[2026-04-04T04:57:43.554Z] [lib/validate-data.js] Treasury funding data validation passed ✓
[2026-04-04T04:57:43.554Z] [lib/validate-data.js] All data validation passed ✓
[2026-04-04T04:57:43.556Z] lib/validate-data.js completed successfully
[2026-04-04T04:57:43.556Z] Dashboard update process completed successfully
