[2026-03-11T04:48:54.182Z] Starting Liquidity Dashboard update process
[2026-03-11T04:48:54.183Z] Running lib/data-backup.js...
[2026-03-11T04:48:54.214Z] [lib/data-backup.js] ERROR: node:internal/modules/cjs/loader:1031
  throw err;
  ^

Error: Cannot find module '/home/runner/work/liquiditydashboard/liquiditydashboard/web/lib/data-backup.js'
    at Function.Module._resolveFilename (node:internal/modules/cjs/loader:1028:15)
    at Function.Module._load (node:internal/modules/cjs/loader:873:27)
    at Function.executeUserEntryPoint [as runMain] (node:internal/modules/run_main:81:12)
    at node:internal/main/run_main_module:22:47 {
  code: 'MODULE_NOT_FOUND',
  requireStack: []
}
[2026-03-11T04:48:54.216Z] lib/data-backup.js failed with exit code 1
[2026-03-11T04:48:54.217Z] Running lib/data-backup.js clean...
[2026-03-11T04:48:54.245Z] [lib/data-backup.js clean] ERROR: node:internal/modules/cjs/loader:1031
  throw err;
  ^

Error: Cannot find module '/home/runner/work/liquiditydashboard/liquiditydashboard/web/lib/data-backup.js'
    at Function.Module._resolveFilename (node:internal/modules/cjs/loader:1028:15)
    at Function.Module._load (node:internal/modules/cjs/loader:873:27)
    at Function.executeUserEntryPoint [as runMain] (node:internal/modules/run_main:81:12)
    at node:internal/main/run_main_module:22:47 {
  code: 'MODULE_NOT_FOUND',
  requireStack: []
}
[2026-03-11T04:48:54.247Z] lib/data-backup.js clean failed with exit code 1
[2026-03-11T04:48:54.247Z] Running lib/import-historical-move-data.js...
[2026-03-11T04:48:54.276Z] [lib/import-historical-move-data.js] ERROR: node:internal/modules/cjs/loader:1031
  throw err;
  ^

Error: Cannot find module '/home/runner/work/liquiditydashboard/liquiditydashboard/web/lib/import-historical-move-data.js'
    at Function.Module._resolveFilename (node:internal/modules/cjs/loader:1028:15)
    at Function.Module._load (node:internal/modules/cjs/loader:873:27)
    at Function.executeUserEntryPoint [as runMain] (node:internal/modules/run_main:81:12)
    at node:internal/main/run_main_module:22:47 {
  code: 'MODULE_NOT_FOUND',
  requireStack: []
}
[2026-03-11T04:48:54.278Z] lib/import-historical-move-data.js failed with exit code 1
[2026-03-11T04:48:54.278Z] Running lib/fetch-move-data.js...
[2026-03-11T04:48:54.307Z] [lib/fetch-move-data.js] ERROR: node:internal/modules/cjs/loader:1031
  throw err;
  ^

Error: Cannot find module '/home/runner/work/liquiditydashboard/liquiditydashboard/web/lib/fetch-move-data.js'
    at Function.Module._resolveFilename (node:internal/modules/cjs/loader:1028:15)
    at Function.Module._load (node:internal/modules/cjs/loader:873:27)
    at Function.executeUserEntryPoint [as runMain] (node:internal/modules/run_main:81:12)
    at node:internal/main/run_main_module:22:47 {
  code: 'MODULE_NOT_FOUND',
  requireStack: []
}
[2026-03-11T04:48:54.309Z] lib/fetch-move-data.js failed with exit code 1
[2026-03-11T04:48:54.309Z] Running lib/fetch-srf-data.js...
[2026-03-11T04:48:54.338Z] [lib/fetch-srf-data.js] ERROR: node:internal/modules/cjs/loader:1031
  throw err;
  ^

Error: Cannot find module '/home/runner/work/liquiditydashboard/liquiditydashboard/web/lib/fetch-srf-data.js'
    at Function.Module._resolveFilename (node:internal/modules/cjs/loader:1028:15)
    at Function.Module._load (node:internal/modules/cjs/loader:873:27)
    at Function.executeUserEntryPoint [as runMain] (node:internal/modules/run_main:81:12)
    at node:internal/main/run_main_module:22:47 {
  code: 'MODULE_NOT_FOUND',
  requireStack: []
}
[2026-03-11T04:48:54.341Z] lib/fetch-srf-data.js failed with exit code 1
[2026-03-11T04:48:54.341Z] Running lib/fetch-bill-share-data.js...
[2026-03-11T04:48:54.370Z] [lib/fetch-bill-share-data.js] ERROR: node:internal/modules/cjs/loader:1031
  throw err;
  ^

Error: Cannot find module '/home/runner/work/liquiditydashboard/liquiditydashboard/web/lib/fetch-bill-share-data.js'
    at Function.Module._resolveFilename (node:internal/modules/cjs/loader:1028:15)
    at Function.Module._load (node:internal/modules/cjs/loader:873:27)
    at Function.executeUserEntryPoint [as runMain] (node:internal/modules/run_main:81:12)
    at node:internal/main/run_main_module:22:47 {
  code: 'MODULE_NOT_FOUND',
  requireStack: []
}
[2026-03-11T04:48:54.372Z] lib/fetch-bill-share-data.js failed with exit code 1
[2026-03-11T04:48:54.373Z] Running lib/cleanup-future-dates.js...
[2026-03-11T04:48:54.456Z] [lib/cleanup-future-dates.js] Starting data cleanup process...
[2026-03-11T04:48:54.673Z] [lib/cleanup-future-dates.js] WorldTimeAPI failed, trying alternative source
[2026-03-11T04:48:55.394Z] [lib/cleanup-future-dates.js] Using TimeAPI date: 2026-03-11T04:48:55.0879337
[2026-03-11T04:48:55.394Z] [lib/cleanup-future-dates.js] Using reference date: 2026-3-11
[2026-03-11T04:48:55.394Z] [lib/cleanup-future-dates.js] Processing MOVE index data (/home/runner/work/liquiditydashboard/liquiditydashboard/web/public/series/move.json)...
[2026-03-11T04:48:55.394Z] [lib/cleanup-future-dates.js] Loaded 111 MOVE index data points
[2026-03-11T04:48:55.395Z] [lib/cleanup-future-dates.js] No future-dated entries found in MOVE index data

Processing SRF data (/home/runner/work/liquiditydashboard/liquiditydashboard/web/public/series/srf.json)...
[2026-03-11T04:48:55.395Z] [lib/cleanup-future-dates.js] Loaded 1017 SRF data points
[2026-03-11T04:48:55.397Z] [lib/cleanup-future-dates.js] No future-dated entries found in SRF data
[2026-03-11T04:48:55.398Z] [lib/cleanup-future-dates.js] Processing Treasury bill share data (/home/runner/work/liquiditydashboard/liquiditydashboard/web/public/series/bill-share.json)...
[2026-03-11T04:48:55.398Z] [lib/cleanup-future-dates.js] Loaded 282 Treasury bill share data points
[2026-03-11T04:48:55.398Z] [lib/cleanup-future-dates.js] No future-dated entries found in Treasury bill share data
[2026-03-11T04:48:55.399Z] [lib/cleanup-future-dates.js] Cleanup complete! Removed 0 future-dated entries in total.
[2026-03-11T04:48:55.399Z] [lib/cleanup-future-dates.js] Data cleanup completed with no changes needed
[2026-03-11T04:48:55.402Z] lib/cleanup-future-dates.js completed successfully
[2026-03-11T04:48:55.402Z] Running lib/validate-data.js...
[2026-03-11T04:48:55.479Z] [lib/validate-data.js] Running data validation...
[2026-03-11T04:48:55.479Z] [lib/validate-data.js] Validating MOVE index data...
[2026-03-11T04:48:55.480Z] [lib/validate-data.js] Found 111 MOVE data points
[2026-03-11T04:48:55.670Z] [lib/validate-data.js] WorldTimeAPI failed, trying alternative source
[2026-03-11T04:48:56.404Z] [lib/validate-data.js] Using TimeAPI date: 2026-03-11T04:48:56.102525
[2026-03-11T04:48:56.405Z] [lib/validate-data.js] Using reference date: 2026-3-11
[2026-03-11T04:48:56.405Z] [lib/validate-data.js] MOVE index data validation passed ✓
[2026-03-11T04:48:56.405Z] [lib/validate-data.js] Validating SRF data...
[2026-03-11T04:48:56.406Z] [lib/validate-data.js] Found 1017 SRF data points
[2026-03-11T04:48:56.544Z] [lib/validate-data.js] WorldTimeAPI failed, trying alternative source
[2026-03-11T04:48:57.272Z] [lib/validate-data.js] Using TimeAPI date: 2026-03-11T04:48:56.97488
[2026-03-11T04:48:57.274Z] [lib/validate-data.js] SRF data validation passed ✓
[2026-03-11T04:48:57.274Z] [lib/validate-data.js] Validating Treasury funding data...
[2026-03-11T04:48:57.274Z] [lib/validate-data.js] Found 282 Treasury funding data points
[2026-03-11T04:48:57.274Z] [lib/validate-data.js] Treasury funding data validation passed ✓
All data validation passed ✓
[2026-03-11T04:48:57.278Z] lib/validate-data.js completed successfully
[2026-03-11T04:48:57.278Z] Dashboard update process completed successfully
