[2025-07-12T03:56:27.383Z] Starting Liquidity Dashboard update process
[2025-07-12T03:56:27.384Z] Running lib/data-backup.js...
[2025-07-12T03:56:27.414Z] [lib/data-backup.js] ERROR: node:internal/modules/cjs/loader:1031
  throw err;
  ^

Error: Cannot find module '/home/runner/work/liquiditydashboard/liquiditydashboard/web/lib/data-backup.js'
    at Function.Module._resolveFilename (node:internal/modules/cjs/loader:1028:15)
    at Function.Module._load (node:internal/modules/cjs/loader:873:27)
    at Function.executeUserEntryPoint [as runMain] (node:internal/modules/run_main:81:12)
    at node:internal/main/run_main_module:22:47 {
  code: 'MODULE_NOT_FOUND',
  requireStack: []
}
[2025-07-12T03:56:27.417Z] lib/data-backup.js failed with exit code 1
[2025-07-12T03:56:27.417Z] Running lib/data-backup.js clean...
[2025-07-12T03:56:27.447Z] [lib/data-backup.js clean] ERROR: node:internal/modules/cjs/loader:1031
  throw err;
  ^

Error: Cannot find module '/home/runner/work/liquiditydashboard/liquiditydashboard/web/lib/data-backup.js'
    at Function.Module._resolveFilename (node:internal/modules/cjs/loader:1028:15)
    at Function.Module._load (node:internal/modules/cjs/loader:873:27)
    at Function.executeUserEntryPoint [as runMain] (node:internal/modules/run_main:81:12)
    at node:internal/main/run_main_module:22:47 {
  code: 'MODULE_NOT_FOUND',
  requireStack: []
}
[2025-07-12T03:56:27.449Z] lib/data-backup.js clean failed with exit code 1
[2025-07-12T03:56:27.449Z] Running lib/import-historical-move-data.js...
[2025-07-12T03:56:27.478Z] [lib/import-historical-move-data.js] ERROR: node:internal/modules/cjs/loader:1031
  throw err;
  ^

Error: Cannot find module '/home/runner/work/liquiditydashboard/liquiditydashboard/web/lib/import-historical-move-data.js'
    at Function.Module._resolveFilename (node:internal/modules/cjs/loader:1028:15)
    at Function.Module._load (node:internal/modules/cjs/loader:873:27)
    at Function.executeUserEntryPoint [as runMain] (node:internal/modules/run_main:81:12)
    at node:internal/main/run_main_module:22:47 {
  code: 'MODULE_NOT_FOUND',
  requireStack: []
}
[2025-07-12T03:56:27.480Z] lib/import-historical-move-data.js failed with exit code 1
[2025-07-12T03:56:27.481Z] Running lib/fetch-move-data.js...
[2025-07-12T03:56:27.509Z] [lib/fetch-move-data.js] ERROR: node:internal/modules/cjs/loader:1031
  throw err;
  ^

Error: Cannot find module '/home/runner/work/liquiditydashboard/liquiditydashboard/web/lib/fetch-move-data.js'
    at Function.Module._resolveFilename (node:internal/modules/cjs/loader:1028:15)
    at Function.Module._load (node:internal/modules/cjs/loader:873:27)
    at Function.executeUserEntryPoint [as runMain] (node:internal/modules/run_main:81:12)
    at node:internal/main/run_main_module:22:47 {
  code: 'MODULE_NOT_FOUND',
  requireStack: []
}
[2025-07-12T03:56:27.512Z] lib/fetch-move-data.js failed with exit code 1
[2025-07-12T03:56:27.512Z] Running lib/fetch-srf-data.js...
[2025-07-12T03:56:27.540Z] [lib/fetch-srf-data.js] ERROR: node:internal/modules/cjs/loader:1031
  throw err;
  ^

Error: Cannot find module '/home/runner/work/liquiditydashboard/liquiditydashboard/web/lib/fetch-srf-data.js'
    at Function.Module._resolveFilename (node:internal/modules/cjs/loader:1028:15)
    at Function.Module._load (node:internal/modules/cjs/loader:873:27)
    at Function.executeUserEntryPoint [as runMain] (node:internal/modules/run_main:81:12)
    at node:internal/main/run_main_module:22:47 {
  code: 'MODULE_NOT_FOUND',
  requireStack: []
}
[2025-07-12T03:56:27.542Z] lib/fetch-srf-data.js failed with exit code 1
[2025-07-12T03:56:27.543Z] Running lib/fetch-bill-share-data.js...
[2025-07-12T03:56:27.571Z] [lib/fetch-bill-share-data.js] ERROR: node:internal/modules/cjs/loader:1031
  throw err;
  ^

Error: Cannot find module '/home/runner/work/liquiditydashboard/liquiditydashboard/web/lib/fetch-bill-share-data.js'
    at Function.Module._resolveFilename (node:internal/modules/cjs/loader:1028:15)
    at Function.Module._load (node:internal/modules/cjs/loader:873:27)
    at Function.executeUserEntryPoint [as runMain] (node:internal/modules/run_main:81:12)
    at node:internal/main/run_main_module:22:47 {
  code: 'MODULE_NOT_FOUND',
  requireStack: []
}
[2025-07-12T03:56:27.573Z] lib/fetch-bill-share-data.js failed with exit code 1
[2025-07-12T03:56:27.573Z] Running lib/cleanup-future-dates.js...
[2025-07-12T03:56:27.648Z] [lib/cleanup-future-dates.js] Starting data cleanup process...
[2025-07-12T03:56:27.955Z] [lib/cleanup-future-dates.js] Using WorldTimeAPI date: 2025-07-12T03:56:27.939639+00:00
[2025-07-12T03:56:27.955Z] [lib/cleanup-future-dates.js] Using reference date: 2025-7-12
[2025-07-12T03:56:27.955Z] [lib/cleanup-future-dates.js] Processing MOVE index data (/home/runner/work/liquiditydashboard/liquiditydashboard/web/public/series/move.json)...
[2025-07-12T03:56:27.956Z] [lib/cleanup-future-dates.js] Loaded 111 MOVE index data points
[2025-07-12T03:56:27.956Z] [lib/cleanup-future-dates.js] No future-dated entries found in MOVE index data
[2025-07-12T03:56:27.956Z] [lib/cleanup-future-dates.js] Processing SRF data (/home/runner/work/liquiditydashboard/liquiditydashboard/web/public/series/srf.json)...
[2025-07-12T03:56:27.957Z] [lib/cleanup-future-dates.js] Loaded 1017 SRF data points
[2025-07-12T03:56:27.958Z] [lib/cleanup-future-dates.js] No future-dated entries found in SRF data
[2025-07-12T03:56:27.958Z] [lib/cleanup-future-dates.js] Processing Treasury bill share data (/home/runner/work/liquiditydashboard/liquiditydashboard/web/public/series/bill-share.json)...
[2025-07-12T03:56:27.958Z] [lib/cleanup-future-dates.js] Loaded 282 Treasury bill share data points
[2025-07-12T03:56:27.959Z] [lib/cleanup-future-dates.js] No future-dated entries found in Treasury bill share data
[2025-07-12T03:56:27.959Z] [lib/cleanup-future-dates.js] Cleanup complete! Removed 0 future-dated entries in total.
Data cleanup completed with no changes needed
[2025-07-12T03:56:27.962Z] lib/cleanup-future-dates.js completed successfully
[2025-07-12T03:56:27.962Z] Running lib/validate-data.js...
[2025-07-12T03:56:28.035Z] [lib/validate-data.js] Running data validation...
[2025-07-12T03:56:28.035Z] [lib/validate-data.js] Validating MOVE index data...
[2025-07-12T03:56:28.036Z] [lib/validate-data.js] Found 111 MOVE data points
[2025-07-12T03:56:28.577Z] [lib/validate-data.js] Using WorldTimeAPI date: 2025-07-12T03:56:28.482715+00:00
[2025-07-12T03:56:28.577Z] [lib/validate-data.js] Using reference date: 2025-7-12
[2025-07-12T03:56:28.578Z] [lib/validate-data.js] MOVE index data validation passed ✓
[2025-07-12T03:56:28.578Z] [lib/validate-data.js] Validating SRF data...
[2025-07-12T03:56:28.578Z] [lib/validate-data.js] Found 1017 SRF data points
[2025-07-12T03:56:29.139Z] [lib/validate-data.js] Using WorldTimeAPI date: 2025-07-12T03:56:29.127002+00:00
[2025-07-12T03:56:29.141Z] [lib/validate-data.js] SRF data validation passed ✓
[2025-07-12T03:56:29.141Z] [lib/validate-data.js] Validating Treasury funding data...
[2025-07-12T03:56:29.141Z] [lib/validate-data.js] Found 282 Treasury funding data points
[2025-07-12T03:56:29.141Z] [lib/validate-data.js] Treasury funding data validation passed ✓
[2025-07-12T03:56:29.142Z] [lib/validate-data.js] All data validation passed ✓
[2025-07-12T03:56:29.145Z] lib/validate-data.js completed successfully
[2025-07-12T03:56:29.145Z] Dashboard update process completed successfully
