[2026-03-06T04:47:39.704Z] Starting Liquidity Dashboard update process
[2026-03-06T04:47:39.705Z] Running lib/data-backup.js...
[2026-03-06T04:47:39.735Z] [lib/data-backup.js] ERROR: node:internal/modules/cjs/loader:1031
  throw err;
  ^

Error: Cannot find module '/home/runner/work/liquiditydashboard/liquiditydashboard/web/lib/data-backup.js'
    at Function.Module._resolveFilename (node:internal/modules/cjs/loader:1028:15)
    at Function.Module._load (node:internal/modules/cjs/loader:873:27)
    at Function.executeUserEntryPoint [as runMain] (node:internal/modules/run_main:81:12)
    at node:internal/main/run_main_module:22:47 {
  code: 'MODULE_NOT_FOUND',
  requireStack: []
}
[2026-03-06T04:47:39.738Z] lib/data-backup.js failed with exit code 1
[2026-03-06T04:47:39.738Z] Running lib/data-backup.js clean...
[2026-03-06T04:47:39.768Z] [lib/data-backup.js clean] ERROR: node:internal/modules/cjs/loader:1031
  throw err;
  ^

Error: Cannot find module '/home/runner/work/liquiditydashboard/liquiditydashboard/web/lib/data-backup.js'
    at Function.Module._resolveFilename (node:internal/modules/cjs/loader:1028:15)
    at Function.Module._load (node:internal/modules/cjs/loader:873:27)
    at Function.executeUserEntryPoint [as runMain] (node:internal/modules/run_main:81:12)
    at node:internal/main/run_main_module:22:47 {
  code: 'MODULE_NOT_FOUND',
  requireStack: []
}
[2026-03-06T04:47:39.769Z] lib/data-backup.js clean failed with exit code 1
[2026-03-06T04:47:39.770Z] Running lib/import-historical-move-data.js...
[2026-03-06T04:47:39.798Z] [lib/import-historical-move-data.js] ERROR: node:internal/modules/cjs/loader:1031
  throw err;
  ^

Error: Cannot find module '/home/runner/work/liquiditydashboard/liquiditydashboard/web/lib/import-historical-move-data.js'
    at Function.Module._resolveFilename (node:internal/modules/cjs/loader:1028:15)
    at Function.Module._load (node:internal/modules/cjs/loader:873:27)
    at Function.executeUserEntryPoint [as runMain] (node:internal/modules/run_main:81:12)
    at node:internal/main/run_main_module:22:47 {
  code: 'MODULE_NOT_FOUND',
  requireStack: []
}
[2026-03-06T04:47:39.800Z] lib/import-historical-move-data.js failed with exit code 1
[2026-03-06T04:47:39.800Z] Running lib/fetch-move-data.js...
[2026-03-06T04:47:39.830Z] [lib/fetch-move-data.js] ERROR: node:internal/modules/cjs/loader:1031
  throw err;
  ^

Error: Cannot find module '/home/runner/work/liquiditydashboard/liquiditydashboard/web/lib/fetch-move-data.js'
    at Function.Module._resolveFilename (node:internal/modules/cjs/loader:1028:15)
    at Function.Module._load (node:internal/modules/cjs/loader:873:27)
    at Function.executeUserEntryPoint [as runMain] (node:internal/modules/run_main:81:12)
    at node:internal/main/run_main_module:22:47 {
  code: 'MODULE_NOT_FOUND',
  requireStack: []
}
[2026-03-06T04:47:39.832Z] lib/fetch-move-data.js failed with exit code 1
[2026-03-06T04:47:39.832Z] Running lib/fetch-srf-data.js...
[2026-03-06T04:47:39.861Z] [lib/fetch-srf-data.js] ERROR: node:internal/modules/cjs/loader:1031
  throw err;
  ^

Error: Cannot find module '/home/runner/work/liquiditydashboard/liquiditydashboard/web/lib/fetch-srf-data.js'
    at Function.Module._resolveFilename (node:internal/modules/cjs/loader:1028:15)
    at Function.Module._load (node:internal/modules/cjs/loader:873:27)
    at Function.executeUserEntryPoint [as runMain] (node:internal/modules/run_main:81:12)
    at node:internal/main/run_main_module:22:47 {
  code: 'MODULE_NOT_FOUND',
  requireStack: []
}
[2026-03-06T04:47:39.863Z] lib/fetch-srf-data.js failed with exit code 1
[2026-03-06T04:47:39.863Z] Running lib/fetch-bill-share-data.js...
[2026-03-06T04:47:39.892Z] [lib/fetch-bill-share-data.js] ERROR: node:internal/modules/cjs/loader:1031
  throw err;
  ^

Error: Cannot find module '/home/runner/work/liquiditydashboard/liquiditydashboard/web/lib/fetch-bill-share-data.js'
    at Function.Module._resolveFilename (node:internal/modules/cjs/loader:1028:15)
    at Function.Module._load (node:internal/modules/cjs/loader:873:27)
    at Function.executeUserEntryPoint [as runMain] (node:internal/modules/run_main:81:12)
    at node:internal/main/run_main_module:22:47 {
  code: 'MODULE_NOT_FOUND',
  requireStack: []
}
[2026-03-06T04:47:39.894Z] lib/fetch-bill-share-data.js failed with exit code 1
[2026-03-06T04:47:39.894Z] Running lib/cleanup-future-dates.js...
[2026-03-06T04:47:39.972Z] [lib/cleanup-future-dates.js] Starting data cleanup process...
[2026-03-06T04:47:40.045Z] [lib/cleanup-future-dates.js] WorldTimeAPI failed, trying alternative source
[2026-03-06T04:47:40.911Z] [lib/cleanup-future-dates.js] Using TimeAPI date: 2026-03-06T04:47:40.6089509
[2026-03-06T04:47:40.911Z] [lib/cleanup-future-dates.js] Using reference date: 2026-3-6
[2026-03-06T04:47:40.911Z] [lib/cleanup-future-dates.js] Processing MOVE index data (/home/runner/work/liquiditydashboard/liquiditydashboard/web/public/series/move.json)...
[2026-03-06T04:47:40.912Z] [lib/cleanup-future-dates.js] Loaded 111 MOVE index data points
[2026-03-06T04:47:40.912Z] [lib/cleanup-future-dates.js] No future-dated entries found in MOVE index data
[2026-03-06T04:47:40.912Z] [lib/cleanup-future-dates.js] Processing SRF data (/home/runner/work/liquiditydashboard/liquiditydashboard/web/public/series/srf.json)...
[2026-03-06T04:47:40.913Z] [lib/cleanup-future-dates.js] Loaded 1017 SRF data points
[2026-03-06T04:47:40.914Z] [lib/cleanup-future-dates.js] No future-dated entries found in SRF data
[2026-03-06T04:47:40.914Z] [lib/cleanup-future-dates.js] Processing Treasury bill share data (/home/runner/work/liquiditydashboard/liquiditydashboard/web/public/series/bill-share.json)...
[2026-03-06T04:47:40.914Z] [lib/cleanup-future-dates.js] Loaded 282 Treasury bill share data points
[2026-03-06T04:47:40.915Z] [lib/cleanup-future-dates.js] No future-dated entries found in Treasury bill share data
[2026-03-06T04:47:40.915Z] [lib/cleanup-future-dates.js] Cleanup complete! Removed 0 future-dated entries in total.
Data cleanup completed with no changes needed
[2026-03-06T04:47:40.918Z] lib/cleanup-future-dates.js completed successfully
[2026-03-06T04:47:40.918Z] Running lib/validate-data.js...
[2026-03-06T04:47:40.995Z] [lib/validate-data.js] Running data validation...
[2026-03-06T04:47:40.996Z] [lib/validate-data.js] Validating MOVE index data...
[2026-03-06T04:47:40.996Z] [lib/validate-data.js] Found 111 MOVE data points
[2026-03-06T04:47:41.118Z] [lib/validate-data.js] WorldTimeAPI failed, trying alternative source
[2026-03-06T04:47:41.827Z] [lib/validate-data.js] Using TimeAPI date: 2026-03-06T04:47:41.5249632
[2026-03-06T04:47:41.827Z] [lib/validate-data.js] Using reference date: 2026-3-6
[2026-03-06T04:47:41.828Z] [lib/validate-data.js] MOVE index data validation passed ✓
[2026-03-06T04:47:41.828Z] [lib/validate-data.js] Validating SRF data...
[2026-03-06T04:47:41.829Z] [lib/validate-data.js] Found 1017 SRF data points
[2026-03-06T04:47:41.918Z] [lib/validate-data.js] WorldTimeAPI failed, trying alternative source
[2026-03-06T04:47:42.715Z] [lib/validate-data.js] Using TimeAPI date: 2026-03-06T04:47:42.4174355
[2026-03-06T04:47:42.716Z] [lib/validate-data.js] SRF data validation passed ✓
[2026-03-06T04:47:42.716Z] [lib/validate-data.js] Validating Treasury funding data...
[2026-03-06T04:47:42.717Z] [lib/validate-data.js] Found 282 Treasury funding data points
[2026-03-06T04:47:42.717Z] [lib/validate-data.js] Treasury funding data validation passed ✓
[2026-03-06T04:47:42.717Z] [lib/validate-data.js] All data validation passed ✓
[2026-03-06T04:47:42.721Z] lib/validate-data.js completed successfully
[2026-03-06T04:47:42.721Z] Dashboard update process completed successfully
