[2025-11-21T03:45:47.670Z] Starting Liquidity Dashboard update process
[2025-11-21T03:45:47.671Z] Running lib/data-backup.js...
[2025-11-21T03:45:47.701Z] [lib/data-backup.js] ERROR: node:internal/modules/cjs/loader:1031
  throw err;
  ^

Error: Cannot find module '/home/runner/work/liquiditydashboard/liquiditydashboard/web/lib/data-backup.js'
    at Function.Module._resolveFilename (node:internal/modules/cjs/loader:1028:15)
    at Function.Module._load (node:internal/modules/cjs/loader:873:27)
    at Function.executeUserEntryPoint [as runMain] (node:internal/modules/run_main:81:12)
    at node:internal/main/run_main_module:22:47 {
  code: 'MODULE_NOT_FOUND',
  requireStack: []
}
[2025-11-21T03:45:47.703Z] lib/data-backup.js failed with exit code 1
[2025-11-21T03:45:47.703Z] Running lib/data-backup.js clean...
[2025-11-21T03:45:47.731Z] [lib/data-backup.js clean] ERROR: node:internal/modules/cjs/loader:1031
  throw err;
  ^

Error: Cannot find module '/home/runner/work/liquiditydashboard/liquiditydashboard/web/lib/data-backup.js'
    at Function.Module._resolveFilename (node:internal/modules/cjs/loader:1028:15)
    at Function.Module._load (node:internal/modules/cjs/loader:873:27)
    at Function.executeUserEntryPoint [as runMain] (node:internal/modules/run_main:81:12)
    at node:internal/main/run_main_module:22:47 {
  code: 'MODULE_NOT_FOUND',
  requireStack: []
}
[2025-11-21T03:45:47.733Z] lib/data-backup.js clean failed with exit code 1
[2025-11-21T03:45:47.733Z] Running lib/import-historical-move-data.js...
[2025-11-21T03:45:47.761Z] [lib/import-historical-move-data.js] ERROR: node:internal/modules/cjs/loader:1031
  throw err;
  ^

Error: Cannot find module '/home/runner/work/liquiditydashboard/liquiditydashboard/web/lib/import-historical-move-data.js'
    at Function.Module._resolveFilename (node:internal/modules/cjs/loader:1028:15)
    at Function.Module._load (node:internal/modules/cjs/loader:873:27)
    at Function.executeUserEntryPoint [as runMain] (node:internal/modules/run_main:81:12)
    at node:internal/main/run_main_module:22:47 {
  code: 'MODULE_NOT_FOUND',
  requireStack: []
}
[2025-11-21T03:45:47.763Z] lib/import-historical-move-data.js failed with exit code 1
[2025-11-21T03:45:47.763Z] Running lib/fetch-move-data.js...
[2025-11-21T03:45:47.789Z] [lib/fetch-move-data.js] ERROR: node:internal/modules/cjs/loader:1031
  throw err;
  ^

Error: Cannot find module '/home/runner/work/liquiditydashboard/liquiditydashboard/web/lib/fetch-move-data.js'
    at Function.Module._resolveFilename (node:internal/modules/cjs/loader:1028:15)
    at Function.Module._load (node:internal/modules/cjs/loader:873:27)
    at Function.executeUserEntryPoint [as runMain] (node:internal/modules/run_main:81:12)
    at node:internal/main/run_main_module:22:47 {
  code: 'MODULE_NOT_FOUND',
  requireStack: []
}
[2025-11-21T03:45:47.791Z] lib/fetch-move-data.js failed with exit code 1
[2025-11-21T03:45:47.792Z] Running lib/fetch-srf-data.js...
[2025-11-21T03:45:47.819Z] [lib/fetch-srf-data.js] ERROR: node:internal/modules/cjs/loader:1031
  throw err;
  ^

Error: Cannot find module '/home/runner/work/liquiditydashboard/liquiditydashboard/web/lib/fetch-srf-data.js'
    at Function.Module._resolveFilename (node:internal/modules/cjs/loader:1028:15)
    at Function.Module._load (node:internal/modules/cjs/loader:873:27)
    at Function.executeUserEntryPoint [as runMain] (node:internal/modules/run_main:81:12)
    at node:internal/main/run_main_module:22:47 {
  code: 'MODULE_NOT_FOUND',
  requireStack: []
}
[2025-11-21T03:45:47.821Z] lib/fetch-srf-data.js failed with exit code 1
[2025-11-21T03:45:47.821Z] Running lib/fetch-bill-share-data.js...
[2025-11-21T03:45:47.848Z] [lib/fetch-bill-share-data.js] ERROR: node:internal/modules/cjs/loader:1031
  throw err;
  ^

Error: Cannot find module '/home/runner/work/liquiditydashboard/liquiditydashboard/web/lib/fetch-bill-share-data.js'
    at Function.Module._resolveFilename (node:internal/modules/cjs/loader:1028:15)
    at Function.Module._load (node:internal/modules/cjs/loader:873:27)
    at Function.executeUserEntryPoint [as runMain] (node:internal/modules/run_main:81:12)
    at node:internal/main/run_main_module:22:47 {
  code: 'MODULE_NOT_FOUND',
  requireStack: []
}
[2025-11-21T03:45:47.850Z] lib/fetch-bill-share-data.js failed with exit code 1
[2025-11-21T03:45:47.850Z] Running lib/cleanup-future-dates.js...
[2025-11-21T03:45:47.923Z] [lib/cleanup-future-dates.js] Starting data cleanup process...
[2025-11-21T03:45:48.293Z] [lib/cleanup-future-dates.js] Using WorldTimeAPI date: 2025-11-21T03:45:48.249238+00:00
[2025-11-21T03:45:48.293Z] [lib/cleanup-future-dates.js] Using reference date: 2025-11-21
[2025-11-21T03:45:48.293Z] [lib/cleanup-future-dates.js] Processing MOVE index data (/home/runner/work/liquiditydashboard/liquiditydashboard/web/public/series/move.json)...
[2025-11-21T03:45:48.294Z] [lib/cleanup-future-dates.js] Loaded 111 MOVE index data points
[2025-11-21T03:45:48.294Z] [lib/cleanup-future-dates.js] No future-dated entries found in MOVE index data
[2025-11-21T03:45:48.294Z] [lib/cleanup-future-dates.js] Processing SRF data (/home/runner/work/liquiditydashboard/liquiditydashboard/web/public/series/srf.json)...
[2025-11-21T03:45:48.295Z] [lib/cleanup-future-dates.js] Loaded 1017 SRF data points
[2025-11-21T03:45:48.296Z] [lib/cleanup-future-dates.js] No future-dated entries found in SRF data
[2025-11-21T03:45:48.297Z] [lib/cleanup-future-dates.js] Processing Treasury bill share data (/home/runner/work/liquiditydashboard/liquiditydashboard/web/public/series/bill-share.json)...
[2025-11-21T03:45:48.297Z] [lib/cleanup-future-dates.js] Loaded 282 Treasury bill share data points
[2025-11-21T03:45:48.297Z] [lib/cleanup-future-dates.js] No future-dated entries found in Treasury bill share data
[2025-11-21T03:45:48.298Z] [lib/cleanup-future-dates.js] Cleanup complete! Removed 0 future-dated entries in total.
Data cleanup completed with no changes needed
[2025-11-21T03:45:48.301Z] lib/cleanup-future-dates.js completed successfully
[2025-11-21T03:45:48.301Z] Running lib/validate-data.js...
[2025-11-21T03:45:48.372Z] [lib/validate-data.js] Running data validation...
[2025-11-21T03:45:48.373Z] [lib/validate-data.js] Validating MOVE index data...
[2025-11-21T03:45:48.373Z] [lib/validate-data.js] Found 111 MOVE data points
[2025-11-21T03:45:48.490Z] [lib/validate-data.js] WorldTimeAPI failed, trying alternative source
[2025-11-21T03:45:49.225Z] [lib/validate-data.js] Using TimeAPI date: 2025-11-21T03:45:49.149273
[2025-11-21T03:45:49.226Z] [lib/validate-data.js] Using reference date: 2025-11-21
[2025-11-21T03:45:49.226Z] [lib/validate-data.js] MOVE index data validation passed ✓
[2025-11-21T03:45:49.227Z] [lib/validate-data.js] Validating SRF data...
[2025-11-21T03:45:49.227Z] [lib/validate-data.js] Found 1017 SRF data points
[2025-11-21T03:45:49.385Z] [lib/validate-data.js] WorldTimeAPI failed, trying alternative source
[2025-11-21T03:45:50.112Z] [lib/validate-data.js] Using TimeAPI date: 2025-11-21T03:45:50.0404036
[2025-11-21T03:45:50.114Z] [lib/validate-data.js] SRF data validation passed ✓
[2025-11-21T03:45:50.114Z] [lib/validate-data.js] Validating Treasury funding data...
[2025-11-21T03:45:50.114Z] [lib/validate-data.js] Found 282 Treasury funding data points
[2025-11-21T03:45:50.115Z] [lib/validate-data.js] Treasury funding data validation passed ✓
[2025-11-21T03:45:50.115Z] [lib/validate-data.js] All data validation passed ✓
[2025-11-21T03:45:50.117Z] lib/validate-data.js completed successfully
[2025-11-21T03:45:50.117Z] Dashboard update process completed successfully
