[2026-05-15T06:37:23.753Z] Starting Liquidity Dashboard update process
[2026-05-15T06:37:23.755Z] Running lib/data-backup.js...
[2026-05-15T06:37:23.788Z] [lib/data-backup.js] ERROR: node:internal/modules/cjs/loader:1031
  throw err;
  ^

Error: Cannot find module '/home/runner/work/liquiditydashboard/liquiditydashboard/web/lib/data-backup.js'
    at Function.Module._resolveFilename (node:internal/modules/cjs/loader:1028:15)
    at Function.Module._load (node:internal/modules/cjs/loader:873:27)
    at Function.executeUserEntryPoint [as runMain] (node:internal/modules/run_main:81:12)
    at node:internal/main/run_main_module:22:47 {
  code: 'MODULE_NOT_FOUND',
  requireStack: []
}
[2026-05-15T06:37:23.791Z] lib/data-backup.js failed with exit code 1
[2026-05-15T06:37:23.791Z] Running lib/data-backup.js clean...
[2026-05-15T06:37:23.822Z] [lib/data-backup.js clean] ERROR: node:internal/modules/cjs/loader:1031
  throw err;
  ^

Error: Cannot find module '/home/runner/work/liquiditydashboard/liquiditydashboard/web/lib/data-backup.js'
    at Function.Module._resolveFilename (node:internal/modules/cjs/loader:1028:15)
    at Function.Module._load (node:internal/modules/cjs/loader:873:27)
    at Function.executeUserEntryPoint [as runMain] (node:internal/modules/run_main:81:12)
    at node:internal/main/run_main_module:22:47 {
  code: 'MODULE_NOT_FOUND',
  requireStack: []
}
[2026-05-15T06:37:23.824Z] lib/data-backup.js clean failed with exit code 1
[2026-05-15T06:37:23.824Z] Running lib/import-historical-move-data.js...
[2026-05-15T06:37:23.853Z] [lib/import-historical-move-data.js] ERROR: node:internal/modules/cjs/loader:1031
  throw err;
  ^

Error: Cannot find module '/home/runner/work/liquiditydashboard/liquiditydashboard/web/lib/import-historical-move-data.js'
    at Function.Module._resolveFilename (node:internal/modules/cjs/loader:1028:15)
    at Function.Module._load (node:internal/modules/cjs/loader:873:27)
    at Function.executeUserEntryPoint [as runMain] (node:internal/modules/run_main:81:12)
    at node:internal/main/run_main_module:22:47 {
  code: 'MODULE_NOT_FOUND',
  requireStack: []
}
[2026-05-15T06:37:23.855Z] lib/import-historical-move-data.js failed with exit code 1
[2026-05-15T06:37:23.855Z] Running lib/fetch-move-data.js...
[2026-05-15T06:37:23.886Z] [lib/fetch-move-data.js] ERROR: node:internal/modules/cjs/loader:1031
  throw err;
  ^

Error: Cannot find module '/home/runner/work/liquiditydashboard/liquiditydashboard/web/lib/fetch-move-data.js'
    at Function.Module._resolveFilename (node:internal/modules/cjs/loader:1028:15)
    at Function.Module._load (node:internal/modules/cjs/loader:873:27)
    at Function.executeUserEntryPoint [as runMain] (node:internal/modules/run_main:81:12)
    at node:internal/main/run_main_module:22:47 {
  code: 'MODULE_NOT_FOUND',
  requireStack: []
}
[2026-05-15T06:37:23.888Z] lib/fetch-move-data.js failed with exit code 1
[2026-05-15T06:37:23.888Z] Running lib/fetch-srf-data.js...
[2026-05-15T06:37:23.918Z] [lib/fetch-srf-data.js] ERROR: node:internal/modules/cjs/loader:1031
  throw err;
  ^

Error: Cannot find module '/home/runner/work/liquiditydashboard/liquiditydashboard/web/lib/fetch-srf-data.js'
    at Function.Module._resolveFilename (node:internal/modules/cjs/loader:1028:15)
    at Function.Module._load (node:internal/modules/cjs/loader:873:27)
    at Function.executeUserEntryPoint [as runMain] (node:internal/modules/run_main:81:12)
    at node:internal/main/run_main_module:22:47 {
  code: 'MODULE_NOT_FOUND',
  requireStack: []
}
[2026-05-15T06:37:23.920Z] lib/fetch-srf-data.js failed with exit code 1
[2026-05-15T06:37:23.920Z] Running lib/fetch-bill-share-data.js...
[2026-05-15T06:37:23.952Z] [lib/fetch-bill-share-data.js] ERROR: node:internal/modules/cjs/loader:1031
  throw err;
  ^

Error: Cannot find module '/home/runner/work/liquiditydashboard/liquiditydashboard/web/lib/fetch-bill-share-data.js'
    at Function.Module._resolveFilename (node:internal/modules/cjs/loader:1028:15)
    at Function.Module._load (node:internal/modules/cjs/loader:873:27)
    at Function.executeUserEntryPoint [as runMain] (node:internal/modules/run_main:81:12)
    at node:internal/main/run_main_module:22:47 {
  code: 'MODULE_NOT_FOUND',
  requireStack: []
}
[2026-05-15T06:37:23.954Z] lib/fetch-bill-share-data.js failed with exit code 1
[2026-05-15T06:37:23.955Z] Running lib/cleanup-future-dates.js...
[2026-05-15T06:37:24.039Z] [lib/cleanup-future-dates.js] Starting data cleanup process...
[2026-05-15T06:37:24.093Z] [lib/cleanup-future-dates.js] WorldTimeAPI failed, trying alternative source
[2026-05-15T06:37:24.532Z] [lib/cleanup-future-dates.js] Using TimeAPI date: 2026-05-15T06:37:23.8728589
[2026-05-15T06:37:24.532Z] [lib/cleanup-future-dates.js] Using reference date: 2026-5-15
[2026-05-15T06:37:24.532Z] [lib/cleanup-future-dates.js] Processing MOVE index data (/home/runner/work/liquiditydashboard/liquiditydashboard/web/public/series/move.json)...
[2026-05-15T06:37:24.532Z] [lib/cleanup-future-dates.js] Loaded 111 MOVE index data points
[2026-05-15T06:37:24.533Z] [lib/cleanup-future-dates.js] No future-dated entries found in MOVE index data
[2026-05-15T06:37:24.533Z] [lib/cleanup-future-dates.js] Processing SRF data (/home/runner/work/liquiditydashboard/liquiditydashboard/web/public/series/srf.json)...
[2026-05-15T06:37:24.533Z] [lib/cleanup-future-dates.js] Loaded 1017 SRF data points
[2026-05-15T06:37:24.534Z] [lib/cleanup-future-dates.js] No future-dated entries found in SRF data
[2026-05-15T06:37:24.534Z] [lib/cleanup-future-dates.js] Processing Treasury bill share data (/home/runner/work/liquiditydashboard/liquiditydashboard/web/public/series/bill-share.json)...
[2026-05-15T06:37:24.535Z] [lib/cleanup-future-dates.js] Loaded 282 Treasury bill share data points
[2026-05-15T06:37:24.535Z] [lib/cleanup-future-dates.js] No future-dated entries found in Treasury bill share data
[2026-05-15T06:37:24.535Z] [lib/cleanup-future-dates.js] Cleanup complete! Removed 0 future-dated entries in total.
Data cleanup completed with no changes needed
[2026-05-15T06:37:24.538Z] lib/cleanup-future-dates.js completed successfully
[2026-05-15T06:37:24.538Z] Running lib/validate-data.js...
[2026-05-15T06:37:24.624Z] [lib/validate-data.js] Running data validation...
[2026-05-15T06:37:24.624Z] [lib/validate-data.js] Validating MOVE index data...
[2026-05-15T06:37:24.625Z] [lib/validate-data.js] Found 111 MOVE data points
[2026-05-15T06:37:24.725Z] [lib/validate-data.js] WorldTimeAPI failed, trying alternative source
[2026-05-15T06:37:25.172Z] [lib/validate-data.js] Using TimeAPI date: 2026-05-15T06:37:24.5124937
[2026-05-15T06:37:25.173Z] [lib/validate-data.js] Using reference date: 2026-5-15
[2026-05-15T06:37:25.173Z] [lib/validate-data.js] MOVE index data validation passed ✓
[2026-05-15T06:37:25.173Z] [lib/validate-data.js] Validating SRF data...
[2026-05-15T06:37:25.174Z] [lib/validate-data.js] Found 1017 SRF data points
[2026-05-15T06:37:25.259Z] [lib/validate-data.js] WorldTimeAPI failed, trying alternative source
[2026-05-15T06:37:25.759Z] [lib/validate-data.js] Using TimeAPI date: 2026-05-15T06:37:25.1043384
[2026-05-15T06:37:25.761Z] [lib/validate-data.js] SRF data validation passed ✓
[2026-05-15T06:37:25.762Z] [lib/validate-data.js] Validating Treasury funding data...
[2026-05-15T06:37:25.762Z] [lib/validate-data.js] Found 282 Treasury funding data points
[2026-05-15T06:37:25.762Z] [lib/validate-data.js] Treasury funding data validation passed ✓
[2026-05-15T06:37:25.762Z] [lib/validate-data.js] All data validation passed ✓
[2026-05-15T06:37:25.765Z] lib/validate-data.js completed successfully
[2026-05-15T06:37:25.765Z] Dashboard update process completed successfully
