[2025-12-03T03:53:34.535Z] Starting Liquidity Dashboard update process
[2025-12-03T03:53:34.536Z] Running lib/data-backup.js...
[2025-12-03T03:53:34.565Z] [lib/data-backup.js] ERROR: node:internal/modules/cjs/loader:1031
  throw err;
  ^

Error: Cannot find module '/home/runner/work/liquiditydashboard/liquiditydashboard/web/lib/data-backup.js'
    at Function.Module._resolveFilename (node:internal/modules/cjs/loader:1028:15)
    at Function.Module._load (node:internal/modules/cjs/loader:873:27)
    at Function.executeUserEntryPoint [as runMain] (node:internal/modules/run_main:81:12)
    at node:internal/main/run_main_module:22:47 {
  code: 'MODULE_NOT_FOUND',
  requireStack: []
}
[2025-12-03T03:53:34.568Z] lib/data-backup.js failed with exit code 1
[2025-12-03T03:53:34.568Z] Running lib/data-backup.js clean...
[2025-12-03T03:53:34.596Z] [lib/data-backup.js clean] ERROR: node:internal/modules/cjs/loader:1031
  throw err;
  ^

Error: Cannot find module '/home/runner/work/liquiditydashboard/liquiditydashboard/web/lib/data-backup.js'
    at Function.Module._resolveFilename (node:internal/modules/cjs/loader:1028:15)
    at Function.Module._load (node:internal/modules/cjs/loader:873:27)
    at Function.executeUserEntryPoint [as runMain] (node:internal/modules/run_main:81:12)
    at node:internal/main/run_main_module:22:47 {
  code: 'MODULE_NOT_FOUND',
  requireStack: []
}
[2025-12-03T03:53:34.598Z] lib/data-backup.js clean failed with exit code 1
[2025-12-03T03:53:34.598Z] Running lib/import-historical-move-data.js...
[2025-12-03T03:53:34.626Z] [lib/import-historical-move-data.js] ERROR: node:internal/modules/cjs/loader:1031
  throw err;
  ^

Error: Cannot find module '/home/runner/work/liquiditydashboard/liquiditydashboard/web/lib/import-historical-move-data.js'
    at Function.Module._resolveFilename (node:internal/modules/cjs/loader:1028:15)
    at Function.Module._load (node:internal/modules/cjs/loader:873:27)
    at Function.executeUserEntryPoint [as runMain] (node:internal/modules/run_main:81:12)
    at node:internal/main/run_main_module:22:47 {
  code: 'MODULE_NOT_FOUND',
  requireStack: []
}
[2025-12-03T03:53:34.628Z] lib/import-historical-move-data.js failed with exit code 1
[2025-12-03T03:53:34.628Z] Running lib/fetch-move-data.js...
[2025-12-03T03:53:34.656Z] [lib/fetch-move-data.js] ERROR: node:internal/modules/cjs/loader:1031
  throw err;
  ^

Error: Cannot find module '/home/runner/work/liquiditydashboard/liquiditydashboard/web/lib/fetch-move-data.js'
    at Function.Module._resolveFilename (node:internal/modules/cjs/loader:1028:15)
    at Function.Module._load (node:internal/modules/cjs/loader:873:27)
    at Function.executeUserEntryPoint [as runMain] (node:internal/modules/run_main:81:12)
    at node:internal/main/run_main_module:22:47 {
  code: 'MODULE_NOT_FOUND',
  requireStack: []
}
[2025-12-03T03:53:34.658Z] lib/fetch-move-data.js failed with exit code 1
[2025-12-03T03:53:34.658Z] Running lib/fetch-srf-data.js...
[2025-12-03T03:53:34.685Z] [lib/fetch-srf-data.js] ERROR: node:internal/modules/cjs/loader:1031
  throw err;
  ^

Error: Cannot find module '/home/runner/work/liquiditydashboard/liquiditydashboard/web/lib/fetch-srf-data.js'
    at Function.Module._resolveFilename (node:internal/modules/cjs/loader:1028:15)
    at Function.Module._load (node:internal/modules/cjs/loader:873:27)
    at Function.executeUserEntryPoint [as runMain] (node:internal/modules/run_main:81:12)
    at node:internal/main/run_main_module:22:47 {
  code: 'MODULE_NOT_FOUND',
  requireStack: []
}
[2025-12-03T03:53:34.688Z] lib/fetch-srf-data.js failed with exit code 1
[2025-12-03T03:53:34.688Z] Running lib/fetch-bill-share-data.js...
[2025-12-03T03:53:34.716Z] [lib/fetch-bill-share-data.js] ERROR: node:internal/modules/cjs/loader:1031
  throw err;
  ^

Error: Cannot find module '/home/runner/work/liquiditydashboard/liquiditydashboard/web/lib/fetch-bill-share-data.js'
    at Function.Module._resolveFilename (node:internal/modules/cjs/loader:1028:15)
    at Function.Module._load (node:internal/modules/cjs/loader:873:27)
    at Function.executeUserEntryPoint [as runMain] (node:internal/modules/run_main:81:12)
    at node:internal/main/run_main_module:22:47 {
  code: 'MODULE_NOT_FOUND',
  requireStack: []
}
[2025-12-03T03:53:34.717Z] lib/fetch-bill-share-data.js failed with exit code 1
[2025-12-03T03:53:34.718Z] Running lib/cleanup-future-dates.js...
[2025-12-03T03:53:34.797Z] [lib/cleanup-future-dates.js] Starting data cleanup process...
[2025-12-03T03:53:34.906Z] [lib/cleanup-future-dates.js] WorldTimeAPI failed, trying alternative source
[2025-12-03T03:53:35.671Z] [lib/cleanup-future-dates.js] Using TimeAPI date: 2025-12-03T03:53:35.6028064
[2025-12-03T03:53:35.671Z] [lib/cleanup-future-dates.js] Using reference date: 2025-12-3
[2025-12-03T03:53:35.671Z] [lib/cleanup-future-dates.js] Processing MOVE index data (/home/runner/work/liquiditydashboard/liquiditydashboard/web/public/series/move.json)...
[2025-12-03T03:53:35.671Z] [lib/cleanup-future-dates.js] Loaded 111 MOVE index data points
[2025-12-03T03:53:35.671Z] [lib/cleanup-future-dates.js] No future-dated entries found in MOVE index data
[2025-12-03T03:53:35.672Z] [lib/cleanup-future-dates.js] Processing SRF data (/home/runner/work/liquiditydashboard/liquiditydashboard/web/public/series/srf.json)...
[2025-12-03T03:53:35.672Z] [lib/cleanup-future-dates.js] Loaded 1017 SRF data points
[2025-12-03T03:53:35.673Z] [lib/cleanup-future-dates.js] No future-dated entries found in SRF data
[2025-12-03T03:53:35.673Z] [lib/cleanup-future-dates.js] Processing Treasury bill share data (/home/runner/work/liquiditydashboard/liquiditydashboard/web/public/series/bill-share.json)...
[2025-12-03T03:53:35.674Z] [lib/cleanup-future-dates.js] Loaded 282 Treasury bill share data points
[2025-12-03T03:53:35.674Z] [lib/cleanup-future-dates.js] No future-dated entries found in Treasury bill share data
[2025-12-03T03:53:35.674Z] [lib/cleanup-future-dates.js] Cleanup complete! Removed 0 future-dated entries in total.
Data cleanup completed with no changes needed
[2025-12-03T03:53:35.677Z] lib/cleanup-future-dates.js completed successfully
[2025-12-03T03:53:35.677Z] Running lib/validate-data.js...
[2025-12-03T03:53:35.751Z] [lib/validate-data.js] Running data validation...
[2025-12-03T03:53:35.751Z] [lib/validate-data.js] Validating MOVE index data...
[2025-12-03T03:53:35.752Z] [lib/validate-data.js] Found 111 MOVE data points
[2025-12-03T03:53:35.796Z] [lib/validate-data.js] Using WorldTimeAPI date: 2025-12-03T03:53:35.779532+00:00
[2025-12-03T03:53:35.796Z] [lib/validate-data.js] Using reference date: 2025-12-3
[2025-12-03T03:53:35.797Z] [lib/validate-data.js] MOVE index data validation passed ✓
[2025-12-03T03:53:35.797Z] [lib/validate-data.js] Validating SRF data...
[2025-12-03T03:53:35.797Z] [lib/validate-data.js] Found 1017 SRF data points
[2025-12-03T03:53:35.819Z] [lib/validate-data.js] WorldTimeAPI failed, trying alternative source
[2025-12-03T03:53:36.696Z] [lib/validate-data.js] Using TimeAPI date: 2025-12-03T03:53:36.6394273
[2025-12-03T03:53:36.698Z] [lib/validate-data.js] SRF data validation passed ✓
[2025-12-03T03:53:36.698Z] [lib/validate-data.js] Validating Treasury funding data...
[2025-12-03T03:53:36.698Z] [lib/validate-data.js] Found 282 Treasury funding data points
[2025-12-03T03:53:36.699Z] [lib/validate-data.js] Treasury funding data validation passed ✓
[2025-12-03T03:53:36.699Z] [lib/validate-data.js] All data validation passed ✓
[2025-12-03T03:53:36.702Z] lib/validate-data.js completed successfully
[2025-12-03T03:53:36.702Z] Dashboard update process completed successfully
