[2025-12-31T04:03:16.409Z] Starting Liquidity Dashboard update process
[2025-12-31T04:03:16.410Z] Running lib/data-backup.js...
[2025-12-31T04:03:16.440Z] [lib/data-backup.js] ERROR: node:internal/modules/cjs/loader:1031
  throw err;
  ^

Error: Cannot find module '/home/runner/work/liquiditydashboard/liquiditydashboard/web/lib/data-backup.js'
    at Function.Module._resolveFilename (node:internal/modules/cjs/loader:1028:15)
    at Function.Module._load (node:internal/modules/cjs/loader:873:27)
    at Function.executeUserEntryPoint [as runMain] (node:internal/modules/run_main:81:12)
    at node:internal/main/run_main_module:22:47 {
  code: 'MODULE_NOT_FOUND',
  requireStack: []
}
[2025-12-31T04:03:16.443Z] lib/data-backup.js failed with exit code 1
[2025-12-31T04:03:16.443Z] Running lib/data-backup.js clean...
[2025-12-31T04:03:16.472Z] [lib/data-backup.js clean] ERROR: node:internal/modules/cjs/loader:1031
  throw err;
  ^

Error: Cannot find module '/home/runner/work/liquiditydashboard/liquiditydashboard/web/lib/data-backup.js'
    at Function.Module._resolveFilename (node:internal/modules/cjs/loader:1028:15)
    at Function.Module._load (node:internal/modules/cjs/loader:873:27)
    at Function.executeUserEntryPoint [as runMain] (node:internal/modules/run_main:81:12)
    at node:internal/main/run_main_module:22:47 {
  code: 'MODULE_NOT_FOUND',
  requireStack: []
}
[2025-12-31T04:03:16.475Z] lib/data-backup.js clean failed with exit code 1
[2025-12-31T04:03:16.475Z] Running lib/import-historical-move-data.js...
[2025-12-31T04:03:16.504Z] [lib/import-historical-move-data.js] ERROR: node:internal/modules/cjs/loader:1031
  throw err;
  ^

Error: Cannot find module '/home/runner/work/liquiditydashboard/liquiditydashboard/web/lib/import-historical-move-data.js'
    at Function.Module._resolveFilename (node:internal/modules/cjs/loader:1028:15)
    at Function.Module._load (node:internal/modules/cjs/loader:873:27)
    at Function.executeUserEntryPoint [as runMain] (node:internal/modules/run_main:81:12)
    at node:internal/main/run_main_module:22:47 {
  code: 'MODULE_NOT_FOUND',
  requireStack: []
}
[2025-12-31T04:03:16.506Z] lib/import-historical-move-data.js failed with exit code 1
[2025-12-31T04:03:16.506Z] Running lib/fetch-move-data.js...
[2025-12-31T04:03:16.535Z] [lib/fetch-move-data.js] ERROR: node:internal/modules/cjs/loader:1031
  throw err;
  ^

Error: Cannot find module '/home/runner/work/liquiditydashboard/liquiditydashboard/web/lib/fetch-move-data.js'
    at Function.Module._resolveFilename (node:internal/modules/cjs/loader:1028:15)
    at Function.Module._load (node:internal/modules/cjs/loader:873:27)
    at Function.executeUserEntryPoint [as runMain] (node:internal/modules/run_main:81:12)
    at node:internal/main/run_main_module:22:47 {
  code: 'MODULE_NOT_FOUND',
  requireStack: []
}
[2025-12-31T04:03:16.537Z] lib/fetch-move-data.js failed with exit code 1
[2025-12-31T04:03:16.537Z] Running lib/fetch-srf-data.js...
[2025-12-31T04:03:16.566Z] [lib/fetch-srf-data.js] ERROR: node:internal/modules/cjs/loader:1031
  throw err;
  ^

Error: Cannot find module '/home/runner/work/liquiditydashboard/liquiditydashboard/web/lib/fetch-srf-data.js'
    at Function.Module._resolveFilename (node:internal/modules/cjs/loader:1028:15)
    at Function.Module._load (node:internal/modules/cjs/loader:873:27)
    at Function.executeUserEntryPoint [as runMain] (node:internal/modules/run_main:81:12)
    at node:internal/main/run_main_module:22:47 {
  code: 'MODULE_NOT_FOUND',
  requireStack: []
}
[2025-12-31T04:03:16.568Z] lib/fetch-srf-data.js failed with exit code 1
[2025-12-31T04:03:16.568Z] Running lib/fetch-bill-share-data.js...
[2025-12-31T04:03:16.596Z] [lib/fetch-bill-share-data.js] ERROR: node:internal/modules/cjs/loader:1031
  throw err;
  ^

Error: Cannot find module '/home/runner/work/liquiditydashboard/liquiditydashboard/web/lib/fetch-bill-share-data.js'
    at Function.Module._resolveFilename (node:internal/modules/cjs/loader:1028:15)
    at Function.Module._load (node:internal/modules/cjs/loader:873:27)
    at Function.executeUserEntryPoint [as runMain] (node:internal/modules/run_main:81:12)
    at node:internal/main/run_main_module:22:47 {
  code: 'MODULE_NOT_FOUND',
  requireStack: []
}
[2025-12-31T04:03:16.598Z] lib/fetch-bill-share-data.js failed with exit code 1
[2025-12-31T04:03:16.599Z] Running lib/cleanup-future-dates.js...
[2025-12-31T04:03:16.676Z] [lib/cleanup-future-dates.js] Starting data cleanup process...
[2025-12-31T04:03:16.717Z] [lib/cleanup-future-dates.js] WorldTimeAPI failed, trying alternative source
[2025-12-31T04:03:18.713Z] [lib/cleanup-future-dates.js] Using TimeAPI date: 2025-12-31T04:03:18.6254058
[2025-12-31T04:03:18.714Z] [lib/cleanup-future-dates.js] Using reference date: 2025-12-31

Processing MOVE index data (/home/runner/work/liquiditydashboard/liquiditydashboard/web/public/series/move.json)...
[2025-12-31T04:03:18.714Z] [lib/cleanup-future-dates.js] Loaded 111 MOVE index data points
[2025-12-31T04:03:18.714Z] [lib/cleanup-future-dates.js] No future-dated entries found in MOVE index data

Processing SRF data (/home/runner/work/liquiditydashboard/liquiditydashboard/web/public/series/srf.json)...
[2025-12-31T04:03:18.715Z] [lib/cleanup-future-dates.js] Loaded 1017 SRF data points
[2025-12-31T04:03:18.716Z] [lib/cleanup-future-dates.js] No future-dated entries found in SRF data
[2025-12-31T04:03:18.716Z] [lib/cleanup-future-dates.js] Processing Treasury bill share data (/home/runner/work/liquiditydashboard/liquiditydashboard/web/public/series/bill-share.json)...
[2025-12-31T04:03:18.717Z] [lib/cleanup-future-dates.js] Loaded 282 Treasury bill share data points
[2025-12-31T04:03:18.717Z] [lib/cleanup-future-dates.js] No future-dated entries found in Treasury bill share data
[2025-12-31T04:03:18.717Z] [lib/cleanup-future-dates.js] Cleanup complete! Removed 0 future-dated entries in total.
[2025-12-31T04:03:18.717Z] [lib/cleanup-future-dates.js] Data cleanup completed with no changes needed
[2025-12-31T04:03:18.721Z] lib/cleanup-future-dates.js completed successfully
[2025-12-31T04:03:18.721Z] Running lib/validate-data.js...
[2025-12-31T04:03:18.799Z] [lib/validate-data.js] Running data validation...
[2025-12-31T04:03:18.799Z] [lib/validate-data.js] Validating MOVE index data...
[2025-12-31T04:03:18.800Z] [lib/validate-data.js] Found 111 MOVE data points
[2025-12-31T04:03:18.878Z] [lib/validate-data.js] WorldTimeAPI failed, trying alternative source
[2025-12-31T04:03:20.088Z] [lib/validate-data.js] Using TimeAPI date: 2025-12-31T04:03:19.9986174
[2025-12-31T04:03:20.088Z] [lib/validate-data.js] Using reference date: 2025-12-31
[2025-12-31T04:03:20.088Z] [lib/validate-data.js] MOVE index data validation passed ✓
[2025-12-31T04:03:20.089Z] [lib/validate-data.js] Validating SRF data...
[2025-12-31T04:03:20.089Z] [lib/validate-data.js] Found 1017 SRF data points
[2025-12-31T04:03:20.181Z] [lib/validate-data.js] WorldTimeAPI failed, trying alternative source
[2025-12-31T04:03:21.442Z] [lib/validate-data.js] Using TimeAPI date: 2025-12-31T04:03:21.3656191
[2025-12-31T04:03:21.444Z] [lib/validate-data.js] SRF data validation passed ✓
[2025-12-31T04:03:21.444Z] [lib/validate-data.js] Validating Treasury funding data...
[2025-12-31T04:03:21.444Z] [lib/validate-data.js] Found 282 Treasury funding data points
[2025-12-31T04:03:21.445Z] [lib/validate-data.js] Treasury funding data validation passed ✓
[2025-12-31T04:03:21.445Z] [lib/validate-data.js] All data validation passed ✓
[2025-12-31T04:03:21.448Z] lib/validate-data.js completed successfully
[2025-12-31T04:03:21.448Z] Dashboard update process completed successfully
