[2025-06-04T03:49:55.489Z] Starting Liquidity Dashboard update process
[2025-06-04T03:49:55.490Z] Running lib/data-backup.js...
[2025-06-04T03:49:55.520Z] [lib/data-backup.js] ERROR: node:internal/modules/cjs/loader:1031
  throw err;
  ^

Error: Cannot find module '/home/runner/work/liquiditydashboard/liquiditydashboard/web/lib/data-backup.js'
    at Function.Module._resolveFilename (node:internal/modules/cjs/loader:1028:15)
    at Function.Module._load (node:internal/modules/cjs/loader:873:27)
    at Function.executeUserEntryPoint [as runMain] (node:internal/modules/run_main:81:12)
    at node:internal/main/run_main_module:22:47 {
  code: 'MODULE_NOT_FOUND',
  requireStack: []
}
[2025-06-04T03:49:55.522Z] lib/data-backup.js failed with exit code 1
[2025-06-04T03:49:55.523Z] Running lib/data-backup.js clean...
[2025-06-04T03:49:55.550Z] [lib/data-backup.js clean] ERROR: node:internal/modules/cjs/loader:1031
  throw err;
  ^

Error: Cannot find module '/home/runner/work/liquiditydashboard/liquiditydashboard/web/lib/data-backup.js'
    at Function.Module._resolveFilename (node:internal/modules/cjs/loader:1028:15)
    at Function.Module._load (node:internal/modules/cjs/loader:873:27)
    at Function.executeUserEntryPoint [as runMain] (node:internal/modules/run_main:81:12)
    at node:internal/main/run_main_module:22:47 {
  code: 'MODULE_NOT_FOUND',
  requireStack: []
}
[2025-06-04T03:49:55.551Z] lib/data-backup.js clean failed with exit code 1
[2025-06-04T03:49:55.552Z] Running lib/import-historical-move-data.js...
[2025-06-04T03:49:55.579Z] [lib/import-historical-move-data.js] ERROR: node:internal/modules/cjs/loader:1031
  throw err;
  ^

Error: Cannot find module '/home/runner/work/liquiditydashboard/liquiditydashboard/web/lib/import-historical-move-data.js'
    at Function.Module._resolveFilename (node:internal/modules/cjs/loader:1028:15)
    at Function.Module._load (node:internal/modules/cjs/loader:873:27)
    at Function.executeUserEntryPoint [as runMain] (node:internal/modules/run_main:81:12)
    at node:internal/main/run_main_module:22:47 {
  code: 'MODULE_NOT_FOUND',
  requireStack: []
}
[2025-06-04T03:49:55.581Z] lib/import-historical-move-data.js failed with exit code 1
[2025-06-04T03:49:55.581Z] Running lib/fetch-move-data.js...
[2025-06-04T03:49:55.608Z] [lib/fetch-move-data.js] ERROR: node:internal/modules/cjs/loader:1031
  throw err;
  ^

Error: Cannot find module '/home/runner/work/liquiditydashboard/liquiditydashboard/web/lib/fetch-move-data.js'
    at Function.Module._resolveFilename (node:internal/modules/cjs/loader:1028:15)
    at Function.Module._load (node:internal/modules/cjs/loader:873:27)
    at Function.executeUserEntryPoint [as runMain] (node:internal/modules/run_main:81:12)
    at node:internal/main/run_main_module:22:47 {
  code: 'MODULE_NOT_FOUND',
  requireStack: []
}
[2025-06-04T03:49:55.610Z] lib/fetch-move-data.js failed with exit code 1
[2025-06-04T03:49:55.611Z] Running lib/fetch-srf-data.js...
[2025-06-04T03:49:55.638Z] [lib/fetch-srf-data.js] ERROR: node:internal/modules/cjs/loader:1031
  throw err;
  ^

Error: Cannot find module '/home/runner/work/liquiditydashboard/liquiditydashboard/web/lib/fetch-srf-data.js'
    at Function.Module._resolveFilename (node:internal/modules/cjs/loader:1028:15)
    at Function.Module._load (node:internal/modules/cjs/loader:873:27)
    at Function.executeUserEntryPoint [as runMain] (node:internal/modules/run_main:81:12)
    at node:internal/main/run_main_module:22:47 {
  code: 'MODULE_NOT_FOUND',
  requireStack: []
}
[2025-06-04T03:49:55.640Z] lib/fetch-srf-data.js failed with exit code 1
[2025-06-04T03:49:55.640Z] Running lib/fetch-bill-share-data.js...
[2025-06-04T03:49:55.667Z] [lib/fetch-bill-share-data.js] ERROR: node:internal/modules/cjs/loader:1031
  throw err;
  ^

Error: Cannot find module '/home/runner/work/liquiditydashboard/liquiditydashboard/web/lib/fetch-bill-share-data.js'
    at Function.Module._resolveFilename (node:internal/modules/cjs/loader:1028:15)
    at Function.Module._load (node:internal/modules/cjs/loader:873:27)
    at Function.executeUserEntryPoint [as runMain] (node:internal/modules/run_main:81:12)
    at node:internal/main/run_main_module:22:47 {
  code: 'MODULE_NOT_FOUND',
  requireStack: []
}
[2025-06-04T03:49:55.669Z] lib/fetch-bill-share-data.js failed with exit code 1
[2025-06-04T03:49:55.669Z] Running lib/cleanup-future-dates.js...
[2025-06-04T03:49:55.740Z] [lib/cleanup-future-dates.js] Starting data cleanup process...
[2025-06-04T03:49:56.335Z] [lib/cleanup-future-dates.js] Using WorldTimeAPI date: 2025-06-04T03:49:56.314635+00:00
[2025-06-04T03:49:56.335Z] [lib/cleanup-future-dates.js] Using reference date: 2025-6-4
[2025-06-04T03:49:56.335Z] [lib/cleanup-future-dates.js] Processing MOVE index data (/home/runner/work/liquiditydashboard/liquiditydashboard/web/public/series/move.json)...
[2025-06-04T03:49:56.336Z] [lib/cleanup-future-dates.js] Loaded 111 MOVE index data points
[2025-06-04T03:49:56.336Z] [lib/cleanup-future-dates.js] No future-dated entries found in MOVE index data
[2025-06-04T03:49:56.336Z] [lib/cleanup-future-dates.js] Processing SRF data (/home/runner/work/liquiditydashboard/liquiditydashboard/web/public/series/srf.json)...
[2025-06-04T03:49:56.337Z] [lib/cleanup-future-dates.js] Loaded 1017 SRF data points
[2025-06-04T03:49:56.338Z] [lib/cleanup-future-dates.js] No future-dated entries found in SRF data
[2025-06-04T03:49:56.338Z] [lib/cleanup-future-dates.js] Processing Treasury bill share data (/home/runner/work/liquiditydashboard/liquiditydashboard/web/public/series/bill-share.json)...
[2025-06-04T03:49:56.338Z] [lib/cleanup-future-dates.js] Loaded 282 Treasury bill share data points
[2025-06-04T03:49:56.339Z] [lib/cleanup-future-dates.js] No future-dated entries found in Treasury bill share data
[2025-06-04T03:49:56.339Z] [lib/cleanup-future-dates.js] Cleanup complete! Removed 0 future-dated entries in total.
Data cleanup completed with no changes needed
[2025-06-04T03:49:56.342Z] lib/cleanup-future-dates.js completed successfully
[2025-06-04T03:49:56.342Z] Running lib/validate-data.js...
[2025-06-04T03:49:56.415Z] [lib/validate-data.js] Running data validation...
[2025-06-04T03:49:56.415Z] [lib/validate-data.js] Validating MOVE index data...
[2025-06-04T03:49:56.416Z] [lib/validate-data.js] Found 111 MOVE data points
[2025-06-04T03:49:56.724Z] [lib/validate-data.js] Using WorldTimeAPI date: 2025-06-04T03:49:56.701409+00:00
[2025-06-04T03:49:56.724Z] [lib/validate-data.js] Using reference date: 2025-6-4
[2025-06-04T03:49:56.725Z] [lib/validate-data.js] MOVE index data validation passed ✓
[2025-06-04T03:49:56.725Z] [lib/validate-data.js] Validating SRF data...
[2025-06-04T03:49:56.725Z] [lib/validate-data.js] Found 1017 SRF data points
[2025-06-04T03:49:57.015Z] [lib/validate-data.js] Using WorldTimeAPI date: 2025-06-04T03:49:57.000142+00:00
[2025-06-04T03:49:57.016Z] [lib/validate-data.js] SRF data validation passed ✓
[2025-06-04T03:49:57.016Z] [lib/validate-data.js] Validating Treasury funding data...
[2025-06-04T03:49:57.016Z] [lib/validate-data.js] Found 282 Treasury funding data points
[2025-06-04T03:49:57.017Z] [lib/validate-data.js] Treasury funding data validation passed ✓
[2025-06-04T03:49:57.017Z] [lib/validate-data.js] All data validation passed ✓
[2025-06-04T03:49:57.020Z] lib/validate-data.js completed successfully
[2025-06-04T03:49:57.020Z] Dashboard update process completed successfully
