[2026-06-14T07:52:18.559Z] Starting Liquidity Dashboard update process
[2026-06-14T07:52:18.560Z] Running lib/data-backup.js...
[2026-06-14T07:52:18.591Z] [lib/data-backup.js] ERROR: node:internal/modules/cjs/loader:1031
  throw err;
  ^

Error: Cannot find module '/home/runner/work/liquiditydashboard/liquiditydashboard/web/lib/data-backup.js'
    at Function.Module._resolveFilename (node:internal/modules/cjs/loader:1028:15)
    at Function.Module._load (node:internal/modules/cjs/loader:873:27)
    at Function.executeUserEntryPoint [as runMain] (node:internal/modules/run_main:81:12)
    at node:internal/main/run_main_module:22:47 {
  code: 'MODULE_NOT_FOUND',
  requireStack: []
}
[2026-06-14T07:52:18.593Z] lib/data-backup.js failed with exit code 1
[2026-06-14T07:52:18.593Z] Running lib/data-backup.js clean...
[2026-06-14T07:52:18.623Z] [lib/data-backup.js clean] ERROR: node:internal/modules/cjs/loader:1031
  throw err;
  ^

Error: Cannot find module '/home/runner/work/liquiditydashboard/liquiditydashboard/web/lib/data-backup.js'
    at Function.Module._resolveFilename (node:internal/modules/cjs/loader:1028:15)
    at Function.Module._load (node:internal/modules/cjs/loader:873:27)
    at Function.executeUserEntryPoint [as runMain] (node:internal/modules/run_main:81:12)
    at node:internal/main/run_main_module:22:47 {
  code: 'MODULE_NOT_FOUND',
  requireStack: []
}
[2026-06-14T07:52:18.625Z] lib/data-backup.js clean failed with exit code 1
[2026-06-14T07:52:18.625Z] Running lib/import-historical-move-data.js...
[2026-06-14T07:52:18.654Z] [lib/import-historical-move-data.js] ERROR: node:internal/modules/cjs/loader:1031
  throw err;
  ^

Error: Cannot find module '/home/runner/work/liquiditydashboard/liquiditydashboard/web/lib/import-historical-move-data.js'
    at Function.Module._resolveFilename (node:internal/modules/cjs/loader:1028:15)
    at Function.Module._load (node:internal/modules/cjs/loader:873:27)
    at Function.executeUserEntryPoint [as runMain] (node:internal/modules/run_main:81:12)
    at node:internal/main/run_main_module:22:47 {
  code: 'MODULE_NOT_FOUND',
  requireStack: []
}
[2026-06-14T07:52:18.656Z] lib/import-historical-move-data.js failed with exit code 1
[2026-06-14T07:52:18.657Z] Running lib/fetch-move-data.js...
[2026-06-14T07:52:18.686Z] [lib/fetch-move-data.js] ERROR: node:internal/modules/cjs/loader:1031
  throw err;
  ^

Error: Cannot find module '/home/runner/work/liquiditydashboard/liquiditydashboard/web/lib/fetch-move-data.js'
    at Function.Module._resolveFilename (node:internal/modules/cjs/loader:1028:15)
    at Function.Module._load (node:internal/modules/cjs/loader:873:27)
    at Function.executeUserEntryPoint [as runMain] (node:internal/modules/run_main:81:12)
    at node:internal/main/run_main_module:22:47 {
  code: 'MODULE_NOT_FOUND',
  requireStack: []
}
[2026-06-14T07:52:18.688Z] lib/fetch-move-data.js failed with exit code 1
[2026-06-14T07:52:18.688Z] Running lib/fetch-srf-data.js...
[2026-06-14T07:52:18.717Z] [lib/fetch-srf-data.js] ERROR: node:internal/modules/cjs/loader:1031
  throw err;
  ^

Error: Cannot find module '/home/runner/work/liquiditydashboard/liquiditydashboard/web/lib/fetch-srf-data.js'
    at Function.Module._resolveFilename (node:internal/modules/cjs/loader:1028:15)
    at Function.Module._load (node:internal/modules/cjs/loader:873:27)
    at Function.executeUserEntryPoint [as runMain] (node:internal/modules/run_main:81:12)
    at node:internal/main/run_main_module:22:47 {
  code: 'MODULE_NOT_FOUND',
  requireStack: []
}
[2026-06-14T07:52:18.719Z] lib/fetch-srf-data.js failed with exit code 1
[2026-06-14T07:52:18.719Z] Running lib/fetch-bill-share-data.js...
[2026-06-14T07:52:18.749Z] [lib/fetch-bill-share-data.js] ERROR: node:internal/modules/cjs/loader:1031
  throw err;
  ^

Error: Cannot find module '/home/runner/work/liquiditydashboard/liquiditydashboard/web/lib/fetch-bill-share-data.js'
    at Function.Module._resolveFilename (node:internal/modules/cjs/loader:1028:15)
    at Function.Module._load (node:internal/modules/cjs/loader:873:27)
    at Function.executeUserEntryPoint [as runMain] (node:internal/modules/run_main:81:12)
    at node:internal/main/run_main_module:22:47 {
  code: 'MODULE_NOT_FOUND',
  requireStack: []
}
[2026-06-14T07:52:18.751Z] lib/fetch-bill-share-data.js failed with exit code 1
[2026-06-14T07:52:18.752Z] Running lib/cleanup-future-dates.js...
[2026-06-14T07:52:18.834Z] [lib/cleanup-future-dates.js] Starting data cleanup process...
[2026-06-14T07:52:19.045Z] [lib/cleanup-future-dates.js] WorldTimeAPI failed, trying alternative source
[2026-06-14T07:52:19.486Z] [lib/cleanup-future-dates.js] Using TimeAPI date: 2026-06-14T07:52:23.1284723
[2026-06-14T07:52:19.486Z] [lib/cleanup-future-dates.js] Using reference date: 2026-6-14
[2026-06-14T07:52:19.486Z] [lib/cleanup-future-dates.js] Processing MOVE index data (/home/runner/work/liquiditydashboard/liquiditydashboard/web/public/series/move.json)...
[2026-06-14T07:52:19.487Z] [lib/cleanup-future-dates.js] Loaded 111 MOVE index data points
[2026-06-14T07:52:19.487Z] [lib/cleanup-future-dates.js] No future-dated entries found in MOVE index data
[2026-06-14T07:52:19.487Z] [lib/cleanup-future-dates.js] Processing SRF data (/home/runner/work/liquiditydashboard/liquiditydashboard/web/public/series/srf.json)...
[2026-06-14T07:52:19.488Z] [lib/cleanup-future-dates.js] Loaded 1017 SRF data points
[2026-06-14T07:52:19.489Z] [lib/cleanup-future-dates.js] No future-dated entries found in SRF data
[2026-06-14T07:52:19.489Z] [lib/cleanup-future-dates.js] Processing Treasury bill share data (/home/runner/work/liquiditydashboard/liquiditydashboard/web/public/series/bill-share.json)...
[2026-06-14T07:52:19.489Z] [lib/cleanup-future-dates.js] Loaded 282 Treasury bill share data points
[2026-06-14T07:52:19.489Z] [lib/cleanup-future-dates.js] No future-dated entries found in Treasury bill share data
[2026-06-14T07:52:19.490Z] [lib/cleanup-future-dates.js] Cleanup complete! Removed 0 future-dated entries in total.
Data cleanup completed with no changes needed
[2026-06-14T07:52:19.492Z] lib/cleanup-future-dates.js completed successfully
[2026-06-14T07:52:19.492Z] Running lib/validate-data.js...
[2026-06-14T07:52:19.574Z] [lib/validate-data.js] Running data validation...
[2026-06-14T07:52:19.575Z] [lib/validate-data.js] Validating MOVE index data...
[2026-06-14T07:52:19.575Z] [lib/validate-data.js] Found 111 MOVE data points
[2026-06-14T07:52:19.688Z] [lib/validate-data.js] WorldTimeAPI failed, trying alternative source
[2026-06-14T07:52:20.134Z] [lib/validate-data.js] Using TimeAPI date: 2026-06-14T07:52:23.7756105
[2026-06-14T07:52:20.135Z] [lib/validate-data.js] Using reference date: 2026-6-14
[2026-06-14T07:52:20.135Z] [lib/validate-data.js] MOVE index data validation passed ✓
[2026-06-14T07:52:20.135Z] [lib/validate-data.js] Validating SRF data...
[2026-06-14T07:52:20.136Z] [lib/validate-data.js] Found 1017 SRF data points
[2026-06-14T07:52:20.247Z] [lib/validate-data.js] WorldTimeAPI failed, trying alternative source
[2026-06-14T07:52:20.671Z] [lib/validate-data.js] Using TimeAPI date: 2026-06-14T07:52:24.3179624
[2026-06-14T07:52:20.674Z] [lib/validate-data.js] SRF data validation passed ✓
[2026-06-14T07:52:20.674Z] [lib/validate-data.js] Validating Treasury funding data...
[2026-06-14T07:52:20.674Z] [lib/validate-data.js] Found 282 Treasury funding data points
[2026-06-14T07:52:20.674Z] [lib/validate-data.js] Treasury funding data validation passed ✓
[2026-06-14T07:52:20.675Z] [lib/validate-data.js] All data validation passed ✓
[2026-06-14T07:52:20.677Z] lib/validate-data.js completed successfully
[2026-06-14T07:52:20.678Z] Dashboard update process completed successfully
