[2026-03-21T04:43:05.777Z] Starting Liquidity Dashboard update process
[2026-03-21T04:43:05.779Z] Running lib/data-backup.js...
[2026-03-21T04:43:05.812Z] [lib/data-backup.js] ERROR: node:internal/modules/cjs/loader:1031
  throw err;
  ^

Error: Cannot find module '/home/runner/work/liquiditydashboard/liquiditydashboard/web/lib/data-backup.js'
    at Function.Module._resolveFilename (node:internal/modules/cjs/loader:1028:15)
    at Function.Module._load (node:internal/modules/cjs/loader:873:27)
    at Function.executeUserEntryPoint [as runMain] (node:internal/modules/run_main:81:12)
    at node:internal/main/run_main_module:22:47 {
  code: 'MODULE_NOT_FOUND',
  requireStack: []
}
[2026-03-21T04:43:05.814Z] lib/data-backup.js failed with exit code 1
[2026-03-21T04:43:05.815Z] Running lib/data-backup.js clean...
[2026-03-21T04:43:05.845Z] [lib/data-backup.js clean] ERROR: node:internal/modules/cjs/loader:1031
  throw err;
  ^

Error: Cannot find module '/home/runner/work/liquiditydashboard/liquiditydashboard/web/lib/data-backup.js'
    at Function.Module._resolveFilename (node:internal/modules/cjs/loader:1028:15)
    at Function.Module._load (node:internal/modules/cjs/loader:873:27)
    at Function.executeUserEntryPoint [as runMain] (node:internal/modules/run_main:81:12)
    at node:internal/main/run_main_module:22:47 {
  code: 'MODULE_NOT_FOUND',
  requireStack: []
}
[2026-03-21T04:43:05.848Z] lib/data-backup.js clean failed with exit code 1
[2026-03-21T04:43:05.848Z] Running lib/import-historical-move-data.js...
[2026-03-21T04:43:05.879Z] [lib/import-historical-move-data.js] ERROR: node:internal/modules/cjs/loader:1031
  throw err;
  ^

Error: Cannot find module '/home/runner/work/liquiditydashboard/liquiditydashboard/web/lib/import-historical-move-data.js'
    at Function.Module._resolveFilename (node:internal/modules/cjs/loader:1028:15)
    at Function.Module._load (node:internal/modules/cjs/loader:873:27)
    at Function.executeUserEntryPoint [as runMain] (node:internal/modules/run_main:81:12)
    at node:internal/main/run_main_module:22:47 {
  code: 'MODULE_NOT_FOUND',
  requireStack: []
}
[2026-03-21T04:43:05.882Z] lib/import-historical-move-data.js failed with exit code 1
[2026-03-21T04:43:05.882Z] Running lib/fetch-move-data.js...
[2026-03-21T04:43:05.913Z] [lib/fetch-move-data.js] ERROR: node:internal/modules/cjs/loader:1031
  throw err;
  ^

Error: Cannot find module '/home/runner/work/liquiditydashboard/liquiditydashboard/web/lib/fetch-move-data.js'
    at Function.Module._resolveFilename (node:internal/modules/cjs/loader:1028:15)
    at Function.Module._load (node:internal/modules/cjs/loader:873:27)
    at Function.executeUserEntryPoint [as runMain] (node:internal/modules/run_main:81:12)
    at node:internal/main/run_main_module:22:47 {
  code: 'MODULE_NOT_FOUND',
  requireStack: []
}
[2026-03-21T04:43:05.915Z] lib/fetch-move-data.js failed with exit code 1
[2026-03-21T04:43:05.916Z] Running lib/fetch-srf-data.js...
[2026-03-21T04:43:05.947Z] [lib/fetch-srf-data.js] ERROR: node:internal/modules/cjs/loader:1031
  throw err;
  ^

Error: Cannot find module '/home/runner/work/liquiditydashboard/liquiditydashboard/web/lib/fetch-srf-data.js'
    at Function.Module._resolveFilename (node:internal/modules/cjs/loader:1028:15)
    at Function.Module._load (node:internal/modules/cjs/loader:873:27)
    at Function.executeUserEntryPoint [as runMain] (node:internal/modules/run_main:81:12)
    at node:internal/main/run_main_module:22:47 {
  code: 'MODULE_NOT_FOUND',
  requireStack: []
}
[2026-03-21T04:43:05.950Z] lib/fetch-srf-data.js failed with exit code 1
[2026-03-21T04:43:05.950Z] Running lib/fetch-bill-share-data.js...
[2026-03-21T04:43:05.981Z] [lib/fetch-bill-share-data.js] ERROR: node:internal/modules/cjs/loader:1031
  throw err;
  ^

Error: Cannot find module '/home/runner/work/liquiditydashboard/liquiditydashboard/web/lib/fetch-bill-share-data.js'
    at Function.Module._resolveFilename (node:internal/modules/cjs/loader:1028:15)
    at Function.Module._load (node:internal/modules/cjs/loader:873:27)
    at Function.executeUserEntryPoint [as runMain] (node:internal/modules/run_main:81:12)
    at node:internal/main/run_main_module:22:47 {
  code: 'MODULE_NOT_FOUND',
  requireStack: []
}
[2026-03-21T04:43:05.983Z] lib/fetch-bill-share-data.js failed with exit code 1
[2026-03-21T04:43:05.984Z] Running lib/cleanup-future-dates.js...
[2026-03-21T04:43:06.067Z] [lib/cleanup-future-dates.js] Starting data cleanup process...
[2026-03-21T04:43:06.225Z] [lib/cleanup-future-dates.js] WorldTimeAPI failed, trying alternative source
[2026-03-21T04:43:06.723Z] [lib/cleanup-future-dates.js] Using TimeAPI date: 2026-03-21T04:43:06.4845808
[2026-03-21T04:43:06.723Z] [lib/cleanup-future-dates.js] Using reference date: 2026-3-21

Processing MOVE index data (/home/runner/work/liquiditydashboard/liquiditydashboard/web/public/series/move.json)...
[2026-03-21T04:43:06.723Z] [lib/cleanup-future-dates.js] Loaded 111 MOVE index data points
[2026-03-21T04:43:06.724Z] [lib/cleanup-future-dates.js] No future-dated entries found in MOVE index data

Processing SRF data (/home/runner/work/liquiditydashboard/liquiditydashboard/web/public/series/srf.json)...
[2026-03-21T04:43:06.724Z] [lib/cleanup-future-dates.js] Loaded 1017 SRF data points
[2026-03-21T04:43:06.725Z] [lib/cleanup-future-dates.js] No future-dated entries found in SRF data
[2026-03-21T04:43:06.725Z] [lib/cleanup-future-dates.js] Processing Treasury bill share data (/home/runner/work/liquiditydashboard/liquiditydashboard/web/public/series/bill-share.json)...
[2026-03-21T04:43:06.726Z] [lib/cleanup-future-dates.js] Loaded 282 Treasury bill share data points
[2026-03-21T04:43:06.726Z] [lib/cleanup-future-dates.js] No future-dated entries found in Treasury bill share data
[2026-03-21T04:43:06.726Z] [lib/cleanup-future-dates.js] Cleanup complete! Removed 0 future-dated entries in total.
[2026-03-21T04:43:06.727Z] [lib/cleanup-future-dates.js] Data cleanup completed with no changes needed
[2026-03-21T04:43:06.730Z] lib/cleanup-future-dates.js completed successfully
[2026-03-21T04:43:06.730Z] Running lib/validate-data.js...
[2026-03-21T04:43:06.813Z] [lib/validate-data.js] Running data validation...
[2026-03-21T04:43:06.813Z] [lib/validate-data.js] Validating MOVE index data...
[2026-03-21T04:43:06.814Z] [lib/validate-data.js] Found 111 MOVE data points
[2026-03-21T04:43:06.885Z] [lib/validate-data.js] WorldTimeAPI failed, trying alternative source
[2026-03-21T04:43:07.418Z] [lib/validate-data.js] Using TimeAPI date: 2026-03-21T04:43:07.1816051
[2026-03-21T04:43:07.419Z] [lib/validate-data.js] Using reference date: 2026-3-21
[2026-03-21T04:43:07.419Z] [lib/validate-data.js] MOVE index data validation passed ✓
[2026-03-21T04:43:07.420Z] [lib/validate-data.js] Validating SRF data...
[2026-03-21T04:43:07.420Z] [lib/validate-data.js] Found 1017 SRF data points
[2026-03-21T04:43:07.523Z] [lib/validate-data.js] WorldTimeAPI failed, trying alternative source
[2026-03-21T04:43:08.045Z] [lib/validate-data.js] Using TimeAPI date: 2026-03-21T04:43:07.8131327
[2026-03-21T04:43:08.047Z] [lib/validate-data.js] SRF data validation passed ✓
[2026-03-21T04:43:08.047Z] [lib/validate-data.js] Validating Treasury funding data...
[2026-03-21T04:43:08.048Z] [lib/validate-data.js] Found 282 Treasury funding data points
[2026-03-21T04:43:08.048Z] [lib/validate-data.js] Treasury funding data validation passed ✓
[2026-03-21T04:43:08.049Z] [lib/validate-data.js] All data validation passed ✓
[2026-03-21T04:43:08.052Z] lib/validate-data.js completed successfully
[2026-03-21T04:43:08.052Z] Dashboard update process completed successfully
