[2025-09-14T03:35:10.708Z] Starting Liquidity Dashboard update process
[2025-09-14T03:35:10.710Z] Running lib/data-backup.js...
[2025-09-14T03:35:10.739Z] [lib/data-backup.js] ERROR: node:internal/modules/cjs/loader:1031
  throw err;
  ^

Error: Cannot find module '/home/runner/work/liquiditydashboard/liquiditydashboard/web/lib/data-backup.js'
    at Function.Module._resolveFilename (node:internal/modules/cjs/loader:1028:15)
    at Function.Module._load (node:internal/modules/cjs/loader:873:27)
    at Function.executeUserEntryPoint [as runMain] (node:internal/modules/run_main:81:12)
    at node:internal/main/run_main_module:22:47 {
  code: 'MODULE_NOT_FOUND',
  requireStack: []
}
[2025-09-14T03:35:10.742Z] lib/data-backup.js failed with exit code 1
[2025-09-14T03:35:10.742Z] Running lib/data-backup.js clean...
[2025-09-14T03:35:10.770Z] [lib/data-backup.js clean] ERROR: node:internal/modules/cjs/loader:1031
  throw err;
  ^

Error: Cannot find module '/home/runner/work/liquiditydashboard/liquiditydashboard/web/lib/data-backup.js'
    at Function.Module._resolveFilename (node:internal/modules/cjs/loader:1028:15)
    at Function.Module._load (node:internal/modules/cjs/loader:873:27)
    at Function.executeUserEntryPoint [as runMain] (node:internal/modules/run_main:81:12)
    at node:internal/main/run_main_module:22:47 {
  code: 'MODULE_NOT_FOUND',
  requireStack: []
}
[2025-09-14T03:35:10.772Z] lib/data-backup.js clean failed with exit code 1
[2025-09-14T03:35:10.772Z] Running lib/import-historical-move-data.js...
[2025-09-14T03:35:10.800Z] [lib/import-historical-move-data.js] ERROR: node:internal/modules/cjs/loader:1031
  throw err;
  ^

Error: Cannot find module '/home/runner/work/liquiditydashboard/liquiditydashboard/web/lib/import-historical-move-data.js'
    at Function.Module._resolveFilename (node:internal/modules/cjs/loader:1028:15)
    at Function.Module._load (node:internal/modules/cjs/loader:873:27)
    at Function.executeUserEntryPoint [as runMain] (node:internal/modules/run_main:81:12)
    at node:internal/main/run_main_module:22:47 {
  code: 'MODULE_NOT_FOUND',
  requireStack: []
}
[2025-09-14T03:35:10.802Z] lib/import-historical-move-data.js failed with exit code 1
[2025-09-14T03:35:10.802Z] Running lib/fetch-move-data.js...
[2025-09-14T03:35:10.830Z] [lib/fetch-move-data.js] ERROR: node:internal/modules/cjs/loader:1031
  throw err;
  ^

Error: Cannot find module '/home/runner/work/liquiditydashboard/liquiditydashboard/web/lib/fetch-move-data.js'
    at Function.Module._resolveFilename (node:internal/modules/cjs/loader:1028:15)
    at Function.Module._load (node:internal/modules/cjs/loader:873:27)
    at Function.executeUserEntryPoint [as runMain] (node:internal/modules/run_main:81:12)
    at node:internal/main/run_main_module:22:47 {
  code: 'MODULE_NOT_FOUND',
  requireStack: []
}
[2025-09-14T03:35:10.832Z] lib/fetch-move-data.js failed with exit code 1
[2025-09-14T03:35:10.832Z] Running lib/fetch-srf-data.js...
[2025-09-14T03:35:10.860Z] [lib/fetch-srf-data.js] ERROR: node:internal/modules/cjs/loader:1031
  throw err;
  ^

Error: Cannot find module '/home/runner/work/liquiditydashboard/liquiditydashboard/web/lib/fetch-srf-data.js'
    at Function.Module._resolveFilename (node:internal/modules/cjs/loader:1028:15)
    at Function.Module._load (node:internal/modules/cjs/loader:873:27)
    at Function.executeUserEntryPoint [as runMain] (node:internal/modules/run_main:81:12)
    at node:internal/main/run_main_module:22:47 {
  code: 'MODULE_NOT_FOUND',
  requireStack: []
}
[2025-09-14T03:35:10.862Z] lib/fetch-srf-data.js failed with exit code 1
[2025-09-14T03:35:10.862Z] Running lib/fetch-bill-share-data.js...
[2025-09-14T03:35:10.890Z] [lib/fetch-bill-share-data.js] ERROR: node:internal/modules/cjs/loader:1031
  throw err;
  ^

Error: Cannot find module '/home/runner/work/liquiditydashboard/liquiditydashboard/web/lib/fetch-bill-share-data.js'
    at Function.Module._resolveFilename (node:internal/modules/cjs/loader:1028:15)
    at Function.Module._load (node:internal/modules/cjs/loader:873:27)
    at Function.executeUserEntryPoint [as runMain] (node:internal/modules/run_main:81:12)
    at node:internal/main/run_main_module:22:47 {
  code: 'MODULE_NOT_FOUND',
  requireStack: []
}
[2025-09-14T03:35:10.892Z] lib/fetch-bill-share-data.js failed with exit code 1
[2025-09-14T03:35:10.893Z] Running lib/cleanup-future-dates.js...
[2025-09-14T03:35:10.967Z] [lib/cleanup-future-dates.js] Starting data cleanup process...
[2025-09-14T03:35:11.209Z] [lib/cleanup-future-dates.js] WorldTimeAPI failed, trying alternative source
[2025-09-14T03:35:41.749Z] [lib/cleanup-future-dates.js] Using TimeAPI date: 2025-09-14T03:35:41.694948
[2025-09-14T03:35:41.750Z] [lib/cleanup-future-dates.js] Using reference date: 2025-9-14
[2025-09-14T03:35:41.750Z] [lib/cleanup-future-dates.js] Processing MOVE index data (/home/runner/work/liquiditydashboard/liquiditydashboard/web/public/series/move.json)...
[2025-09-14T03:35:41.750Z] [lib/cleanup-future-dates.js] Loaded 111 MOVE index data points
[2025-09-14T03:35:41.750Z] [lib/cleanup-future-dates.js] No future-dated entries found in MOVE index data
[2025-09-14T03:35:41.751Z] [lib/cleanup-future-dates.js] Processing SRF data (/home/runner/work/liquiditydashboard/liquiditydashboard/web/public/series/srf.json)...
[2025-09-14T03:35:41.751Z] [lib/cleanup-future-dates.js] Loaded 1017 SRF data points
[2025-09-14T03:35:41.752Z] [lib/cleanup-future-dates.js] No future-dated entries found in SRF data
[2025-09-14T03:35:41.753Z] [lib/cleanup-future-dates.js] Processing Treasury bill share data (/home/runner/work/liquiditydashboard/liquiditydashboard/web/public/series/bill-share.json)...
[2025-09-14T03:35:41.753Z] [lib/cleanup-future-dates.js] Loaded 282 Treasury bill share data points
[2025-09-14T03:35:41.753Z] [lib/cleanup-future-dates.js] No future-dated entries found in Treasury bill share data
[2025-09-14T03:35:41.753Z] [lib/cleanup-future-dates.js] Cleanup complete! Removed 0 future-dated entries in total.
Data cleanup completed with no changes needed
[2025-09-14T03:35:41.756Z] lib/cleanup-future-dates.js completed successfully
[2025-09-14T03:35:41.756Z] Running lib/validate-data.js...
[2025-09-14T03:35:41.830Z] [lib/validate-data.js] Running data validation...
[2025-09-14T03:35:41.830Z] [lib/validate-data.js] Validating MOVE index data...
[2025-09-14T03:35:41.830Z] [lib/validate-data.js] Found 111 MOVE data points
[2025-09-14T03:35:41.968Z] [lib/validate-data.js] WorldTimeAPI failed, trying alternative source
[2025-09-14T03:36:11.915Z] [lib/validate-data.js] Using TimeAPI date: 2025-09-14T03:36:11.8602895
[2025-09-14T03:36:11.915Z] [lib/validate-data.js] Using reference date: 2025-9-14
[2025-09-14T03:36:11.915Z] [lib/validate-data.js] MOVE index data validation passed ✓
[2025-09-14T03:36:11.916Z] [lib/validate-data.js] Validating SRF data...
[2025-09-14T03:36:11.916Z] [lib/validate-data.js] Found 1017 SRF data points
[2025-09-14T03:36:12.025Z] [lib/validate-data.js] Using WorldTimeAPI date: 2025-09-14T03:36:12.012116+00:00
[2025-09-14T03:36:12.027Z] [lib/validate-data.js] SRF data validation passed ✓
[2025-09-14T03:36:12.027Z] [lib/validate-data.js] Validating Treasury funding data...
[2025-09-14T03:36:12.027Z] [lib/validate-data.js] Found 282 Treasury funding data points
[2025-09-14T03:36:12.027Z] [lib/validate-data.js] Treasury funding data validation passed ✓
[2025-09-14T03:36:12.028Z] [lib/validate-data.js] All data validation passed ✓
[2025-09-14T03:36:12.031Z] lib/validate-data.js completed successfully
[2025-09-14T03:36:12.031Z] Dashboard update process completed successfully
