[2026-06-13T07:02:18.797Z] Starting Liquidity Dashboard update process
[2026-06-13T07:02:18.799Z] Running lib/data-backup.js...
[2026-06-13T07:02:18.829Z] [lib/data-backup.js] ERROR: node:internal/modules/cjs/loader:1031
  throw err;
  ^

Error: Cannot find module '/home/runner/work/liquiditydashboard/liquiditydashboard/web/lib/data-backup.js'
    at Function.Module._resolveFilename (node:internal/modules/cjs/loader:1028:15)
    at Function.Module._load (node:internal/modules/cjs/loader:873:27)
    at Function.executeUserEntryPoint [as runMain] (node:internal/modules/run_main:81:12)
    at node:internal/main/run_main_module:22:47 {
  code: 'MODULE_NOT_FOUND',
  requireStack: []
}
[2026-06-13T07:02:18.832Z] lib/data-backup.js failed with exit code 1
[2026-06-13T07:02:18.832Z] Running lib/data-backup.js clean...
[2026-06-13T07:02:18.861Z] [lib/data-backup.js clean] ERROR: node:internal/modules/cjs/loader:1031
  throw err;
  ^

Error: Cannot find module '/home/runner/work/liquiditydashboard/liquiditydashboard/web/lib/data-backup.js'
    at Function.Module._resolveFilename (node:internal/modules/cjs/loader:1028:15)
    at Function.Module._load (node:internal/modules/cjs/loader:873:27)
    at Function.executeUserEntryPoint [as runMain] (node:internal/modules/run_main:81:12)
    at node:internal/main/run_main_module:22:47 {
  code: 'MODULE_NOT_FOUND',
  requireStack: []
}
[2026-06-13T07:02:18.862Z] lib/data-backup.js clean failed with exit code 1
[2026-06-13T07:02:18.863Z] Running lib/import-historical-move-data.js...
[2026-06-13T07:02:18.892Z] [lib/import-historical-move-data.js] ERROR: node:internal/modules/cjs/loader:1031
  throw err;
  ^

Error: Cannot find module '/home/runner/work/liquiditydashboard/liquiditydashboard/web/lib/import-historical-move-data.js'
    at Function.Module._resolveFilename (node:internal/modules/cjs/loader:1028:15)
    at Function.Module._load (node:internal/modules/cjs/loader:873:27)
    at Function.executeUserEntryPoint [as runMain] (node:internal/modules/run_main:81:12)
    at node:internal/main/run_main_module:22:47 {
  code: 'MODULE_NOT_FOUND',
  requireStack: []
}
[2026-06-13T07:02:18.893Z] lib/import-historical-move-data.js failed with exit code 1
[2026-06-13T07:02:18.893Z] Running lib/fetch-move-data.js...
[2026-06-13T07:02:18.922Z] [lib/fetch-move-data.js] ERROR: node:internal/modules/cjs/loader:1031
  throw err;
  ^

Error: Cannot find module '/home/runner/work/liquiditydashboard/liquiditydashboard/web/lib/fetch-move-data.js'
    at Function.Module._resolveFilename (node:internal/modules/cjs/loader:1028:15)
    at Function.Module._load (node:internal/modules/cjs/loader:873:27)
    at Function.executeUserEntryPoint [as runMain] (node:internal/modules/run_main:81:12)
    at node:internal/main/run_main_module:22:47 {
  code: 'MODULE_NOT_FOUND',
  requireStack: []
}
[2026-06-13T07:02:18.924Z] lib/fetch-move-data.js failed with exit code 1
[2026-06-13T07:02:18.924Z] Running lib/fetch-srf-data.js...
[2026-06-13T07:02:18.958Z] [lib/fetch-srf-data.js] ERROR: node:internal/modules/cjs/loader:1031
  throw err;
  ^

Error: Cannot find module '/home/runner/work/liquiditydashboard/liquiditydashboard/web/lib/fetch-srf-data.js'
    at Function.Module._resolveFilename (node:internal/modules/cjs/loader:1028:15)
    at Function.Module._load (node:internal/modules/cjs/loader:873:27)
    at Function.executeUserEntryPoint [as runMain] (node:internal/modules/run_main:81:12)
    at node:internal/main/run_main_module:22:47 {
  code: 'MODULE_NOT_FOUND',
  requireStack: []
}
[2026-06-13T07:02:18.960Z] lib/fetch-srf-data.js failed with exit code 1
[2026-06-13T07:02:18.960Z] Running lib/fetch-bill-share-data.js...
[2026-06-13T07:02:18.990Z] [lib/fetch-bill-share-data.js] ERROR: node:internal/modules/cjs/loader:1031
  throw err;
  ^

Error: Cannot find module '/home/runner/work/liquiditydashboard/liquiditydashboard/web/lib/fetch-bill-share-data.js'
    at Function.Module._resolveFilename (node:internal/modules/cjs/loader:1028:15)
    at Function.Module._load (node:internal/modules/cjs/loader:873:27)
    at Function.executeUserEntryPoint [as runMain] (node:internal/modules/run_main:81:12)
    at node:internal/main/run_main_module:22:47 {
  code: 'MODULE_NOT_FOUND',
  requireStack: []
}
[2026-06-13T07:02:18.991Z] lib/fetch-bill-share-data.js failed with exit code 1
[2026-06-13T07:02:18.991Z] Running lib/cleanup-future-dates.js...
[2026-06-13T07:02:19.076Z] [lib/cleanup-future-dates.js] Starting data cleanup process...
[2026-06-13T07:02:19.178Z] [lib/cleanup-future-dates.js] WorldTimeAPI failed, trying alternative source
[2026-06-13T07:02:19.614Z] [lib/cleanup-future-dates.js] Using TimeAPI date: 2026-06-13T07:02:19.9937559
[2026-06-13T07:02:19.614Z] [lib/cleanup-future-dates.js] Using reference date: 2026-6-13
[2026-06-13T07:02:19.614Z] [lib/cleanup-future-dates.js] Processing MOVE index data (/home/runner/work/liquiditydashboard/liquiditydashboard/web/public/series/move.json)...
[2026-06-13T07:02:19.615Z] [lib/cleanup-future-dates.js] Loaded 111 MOVE index data points
[2026-06-13T07:02:19.615Z] [lib/cleanup-future-dates.js] No future-dated entries found in MOVE index data
[2026-06-13T07:02:19.615Z] [lib/cleanup-future-dates.js] Processing SRF data (/home/runner/work/liquiditydashboard/liquiditydashboard/web/public/series/srf.json)...
[2026-06-13T07:02:19.615Z] [lib/cleanup-future-dates.js] Loaded 1017 SRF data points
[2026-06-13T07:02:19.616Z] [lib/cleanup-future-dates.js] No future-dated entries found in SRF data
[2026-06-13T07:02:19.617Z] [lib/cleanup-future-dates.js] Processing Treasury bill share data (/home/runner/work/liquiditydashboard/liquiditydashboard/web/public/series/bill-share.json)...
[2026-06-13T07:02:19.617Z] [lib/cleanup-future-dates.js] Loaded 282 Treasury bill share data points
[2026-06-13T07:02:19.617Z] [lib/cleanup-future-dates.js] No future-dated entries found in Treasury bill share data
[2026-06-13T07:02:19.617Z] [lib/cleanup-future-dates.js] Cleanup complete! Removed 0 future-dated entries in total.
Data cleanup completed with no changes needed
[2026-06-13T07:02:19.620Z] lib/cleanup-future-dates.js completed successfully
[2026-06-13T07:02:19.620Z] Running lib/validate-data.js...
[2026-06-13T07:02:19.702Z] [lib/validate-data.js] Running data validation...
[2026-06-13T07:02:19.703Z] [lib/validate-data.js] Validating MOVE index data...
[2026-06-13T07:02:19.703Z] [lib/validate-data.js] Found 111 MOVE data points
[2026-06-13T07:02:19.758Z] [lib/validate-data.js] WorldTimeAPI failed, trying alternative source
[2026-06-13T07:02:20.413Z] [lib/validate-data.js] Using TimeAPI date: 2026-06-13T07:02:20.7922112
[2026-06-13T07:02:20.413Z] [lib/validate-data.js] Using reference date: 2026-6-13
[2026-06-13T07:02:20.414Z] [lib/validate-data.js] MOVE index data validation passed ✓
[2026-06-13T07:02:20.414Z] [lib/validate-data.js] Validating SRF data...
[2026-06-13T07:02:20.415Z] [lib/validate-data.js] Found 1017 SRF data points
[2026-06-13T07:02:20.526Z] [lib/validate-data.js] WorldTimeAPI failed, trying alternative source
[2026-06-13T07:02:20.958Z] [lib/validate-data.js] Using TimeAPI date: 2026-06-13T07:02:21.3420382
[2026-06-13T07:02:20.961Z] [lib/validate-data.js] SRF data validation passed ✓
[2026-06-13T07:02:20.961Z] [lib/validate-data.js] Validating Treasury funding data...
[2026-06-13T07:02:20.961Z] [lib/validate-data.js] Found 282 Treasury funding data points
[2026-06-13T07:02:20.961Z] [lib/validate-data.js] Treasury funding data validation passed ✓
[2026-06-13T07:02:20.961Z] [lib/validate-data.js] All data validation passed ✓
[2026-06-13T07:02:20.964Z] lib/validate-data.js completed successfully
[2026-06-13T07:02:20.964Z] Dashboard update process completed successfully
