[2025-12-28T04:11:41.490Z] Starting Liquidity Dashboard update process
[2025-12-28T04:11:41.492Z] Running lib/data-backup.js...
[2025-12-28T04:11:41.521Z] [lib/data-backup.js] ERROR: node:internal/modules/cjs/loader:1031
  throw err;
  ^

Error: Cannot find module '/home/runner/work/liquiditydashboard/liquiditydashboard/web/lib/data-backup.js'
    at Function.Module._resolveFilename (node:internal/modules/cjs/loader:1028:15)
    at Function.Module._load (node:internal/modules/cjs/loader:873:27)
    at Function.executeUserEntryPoint [as runMain] (node:internal/modules/run_main:81:12)
    at node:internal/main/run_main_module:22:47 {
  code: 'MODULE_NOT_FOUND',
  requireStack: []
}
[2025-12-28T04:11:41.524Z] lib/data-backup.js failed with exit code 1
[2025-12-28T04:11:41.524Z] Running lib/data-backup.js clean...
[2025-12-28T04:11:41.554Z] [lib/data-backup.js clean] ERROR: node:internal/modules/cjs/loader:1031
  throw err;
  ^

Error: Cannot find module '/home/runner/work/liquiditydashboard/liquiditydashboard/web/lib/data-backup.js'
    at Function.Module._resolveFilename (node:internal/modules/cjs/loader:1028:15)
    at Function.Module._load (node:internal/modules/cjs/loader:873:27)
    at Function.executeUserEntryPoint [as runMain] (node:internal/modules/run_main:81:12)
    at node:internal/main/run_main_module:22:47 {
  code: 'MODULE_NOT_FOUND',
  requireStack: []
}
[2025-12-28T04:11:41.556Z] lib/data-backup.js clean failed with exit code 1
[2025-12-28T04:11:41.556Z] Running lib/import-historical-move-data.js...
[2025-12-28T04:11:41.585Z] [lib/import-historical-move-data.js] ERROR: node:internal/modules/cjs/loader:1031
  throw err;
  ^

Error: Cannot find module '/home/runner/work/liquiditydashboard/liquiditydashboard/web/lib/import-historical-move-data.js'
    at Function.Module._resolveFilename (node:internal/modules/cjs/loader:1028:15)
    at Function.Module._load (node:internal/modules/cjs/loader:873:27)
    at Function.executeUserEntryPoint [as runMain] (node:internal/modules/run_main:81:12)
    at node:internal/main/run_main_module:22:47 {
  code: 'MODULE_NOT_FOUND',
  requireStack: []
}
[2025-12-28T04:11:41.587Z] lib/import-historical-move-data.js failed with exit code 1
[2025-12-28T04:11:41.587Z] Running lib/fetch-move-data.js...
[2025-12-28T04:11:41.616Z] [lib/fetch-move-data.js] ERROR: node:internal/modules/cjs/loader:1031
  throw err;
  ^

Error: Cannot find module '/home/runner/work/liquiditydashboard/liquiditydashboard/web/lib/fetch-move-data.js'
    at Function.Module._resolveFilename (node:internal/modules/cjs/loader:1028:15)
    at Function.Module._load (node:internal/modules/cjs/loader:873:27)
    at Function.executeUserEntryPoint [as runMain] (node:internal/modules/run_main:81:12)
    at node:internal/main/run_main_module:22:47 {
  code: 'MODULE_NOT_FOUND',
  requireStack: []
}
[2025-12-28T04:11:41.618Z] lib/fetch-move-data.js failed with exit code 1
[2025-12-28T04:11:41.618Z] Running lib/fetch-srf-data.js...
[2025-12-28T04:11:41.647Z] [lib/fetch-srf-data.js] ERROR: node:internal/modules/cjs/loader:1031
  throw err;
  ^

Error: Cannot find module '/home/runner/work/liquiditydashboard/liquiditydashboard/web/lib/fetch-srf-data.js'
    at Function.Module._resolveFilename (node:internal/modules/cjs/loader:1028:15)
    at Function.Module._load (node:internal/modules/cjs/loader:873:27)
    at Function.executeUserEntryPoint [as runMain] (node:internal/modules/run_main:81:12)
    at node:internal/main/run_main_module:22:47 {
  code: 'MODULE_NOT_FOUND',
  requireStack: []
}
[2025-12-28T04:11:41.650Z] lib/fetch-srf-data.js failed with exit code 1
[2025-12-28T04:11:41.650Z] Running lib/fetch-bill-share-data.js...
[2025-12-28T04:11:41.679Z] [lib/fetch-bill-share-data.js] ERROR: node:internal/modules/cjs/loader:1031
  throw err;
  ^

Error: Cannot find module '/home/runner/work/liquiditydashboard/liquiditydashboard/web/lib/fetch-bill-share-data.js'
    at Function.Module._resolveFilename (node:internal/modules/cjs/loader:1028:15)
    at Function.Module._load (node:internal/modules/cjs/loader:873:27)
    at Function.executeUserEntryPoint [as runMain] (node:internal/modules/run_main:81:12)
    at node:internal/main/run_main_module:22:47 {
  code: 'MODULE_NOT_FOUND',
  requireStack: []
}
[2025-12-28T04:11:41.682Z] lib/fetch-bill-share-data.js failed with exit code 1
[2025-12-28T04:11:41.682Z] Running lib/cleanup-future-dates.js...
[2025-12-28T04:11:41.760Z] [lib/cleanup-future-dates.js] Starting data cleanup process...
[2025-12-28T04:11:42.152Z] [lib/cleanup-future-dates.js] Using WorldTimeAPI date: 2025-12-28T04:11:42.134135+00:00
[2025-12-28T04:11:42.152Z] [lib/cleanup-future-dates.js] Using reference date: 2025-12-28
[2025-12-28T04:11:42.152Z] [lib/cleanup-future-dates.js] Processing MOVE index data (/home/runner/work/liquiditydashboard/liquiditydashboard/web/public/series/move.json)...
[2025-12-28T04:11:42.153Z] [lib/cleanup-future-dates.js] Loaded 111 MOVE index data points
[2025-12-28T04:11:42.153Z] [lib/cleanup-future-dates.js] No future-dated entries found in MOVE index data
[2025-12-28T04:11:42.153Z] [lib/cleanup-future-dates.js] Processing SRF data (/home/runner/work/liquiditydashboard/liquiditydashboard/web/public/series/srf.json)...
[2025-12-28T04:11:42.154Z] [lib/cleanup-future-dates.js] Loaded 1017 SRF data points
[2025-12-28T04:11:42.155Z] [lib/cleanup-future-dates.js] No future-dated entries found in SRF data
[2025-12-28T04:11:42.155Z] [lib/cleanup-future-dates.js] Processing Treasury bill share data (/home/runner/work/liquiditydashboard/liquiditydashboard/web/public/series/bill-share.json)...
[2025-12-28T04:11:42.155Z] [lib/cleanup-future-dates.js] Loaded 282 Treasury bill share data points
[2025-12-28T04:11:42.156Z] [lib/cleanup-future-dates.js] No future-dated entries found in Treasury bill share data
[2025-12-28T04:11:42.156Z] [lib/cleanup-future-dates.js] Cleanup complete! Removed 0 future-dated entries in total.
Data cleanup completed with no changes needed
[2025-12-28T04:11:42.159Z] lib/cleanup-future-dates.js completed successfully
[2025-12-28T04:11:42.159Z] Running lib/validate-data.js...
[2025-12-28T04:11:42.235Z] [lib/validate-data.js] Running data validation...
[2025-12-28T04:11:42.235Z] [lib/validate-data.js] Validating MOVE index data...
[2025-12-28T04:11:42.235Z] [lib/validate-data.js] Found 111 MOVE data points
[2025-12-28T04:11:42.357Z] [lib/validate-data.js] WorldTimeAPI failed, trying alternative source
[2025-12-28T04:12:06.798Z] [lib/validate-data.js] Using TimeAPI date: 2025-12-28T04:12:06.7470391
[2025-12-28T04:12:06.799Z] [lib/validate-data.js] Using reference date: 2025-12-28
[2025-12-28T04:12:06.799Z] [lib/validate-data.js] MOVE index data validation passed ✓
[2025-12-28T04:12:06.799Z] [lib/validate-data.js] Validating SRF data...
[2025-12-28T04:12:06.800Z] [lib/validate-data.js] Found 1017 SRF data points
[2025-12-28T04:12:06.866Z] [lib/validate-data.js] WorldTimeAPI failed, trying alternative source
[2025-12-28T04:12:32.585Z] [lib/validate-data.js] Using TimeAPI date: 2025-12-28T04:12:32.5378333
[2025-12-28T04:12:32.587Z] [lib/validate-data.js] SRF data validation passed ✓
[2025-12-28T04:12:32.587Z] [lib/validate-data.js] Validating Treasury funding data...
[2025-12-28T04:12:32.588Z] [lib/validate-data.js] Found 282 Treasury funding data points
[2025-12-28T04:12:32.588Z] [lib/validate-data.js] Treasury funding data validation passed ✓
All data validation passed ✓
[2025-12-28T04:12:32.591Z] lib/validate-data.js completed successfully
[2025-12-28T04:12:32.591Z] Dashboard update process completed successfully
