[2025-08-10T04:07:19.531Z] Starting Liquidity Dashboard update process
[2025-08-10T04:07:19.532Z] Running lib/data-backup.js...
[2025-08-10T04:07:19.562Z] [lib/data-backup.js] ERROR: node:internal/modules/cjs/loader:1031
  throw err;
  ^

Error: Cannot find module '/home/runner/work/liquiditydashboard/liquiditydashboard/web/lib/data-backup.js'
    at Function.Module._resolveFilename (node:internal/modules/cjs/loader:1028:15)
    at Function.Module._load (node:internal/modules/cjs/loader:873:27)
    at Function.executeUserEntryPoint [as runMain] (node:internal/modules/run_main:81:12)
    at node:internal/main/run_main_module:22:47 {
  code: 'MODULE_NOT_FOUND',
  requireStack: []
}
[2025-08-10T04:07:19.565Z] lib/data-backup.js failed with exit code 1
[2025-08-10T04:07:19.565Z] Running lib/data-backup.js clean...
[2025-08-10T04:07:19.594Z] [lib/data-backup.js clean] ERROR: node:internal/modules/cjs/loader:1031
  throw err;
  ^

Error: Cannot find module '/home/runner/work/liquiditydashboard/liquiditydashboard/web/lib/data-backup.js'
    at Function.Module._resolveFilename (node:internal/modules/cjs/loader:1028:15)
    at Function.Module._load (node:internal/modules/cjs/loader:873:27)
    at Function.executeUserEntryPoint [as runMain] (node:internal/modules/run_main:81:12)
    at node:internal/main/run_main_module:22:47 {
  code: 'MODULE_NOT_FOUND',
  requireStack: []
}
[2025-08-10T04:07:19.596Z] lib/data-backup.js clean failed with exit code 1
[2025-08-10T04:07:19.596Z] Running lib/import-historical-move-data.js...
[2025-08-10T04:07:19.625Z] [lib/import-historical-move-data.js] ERROR: node:internal/modules/cjs/loader:1031
  throw err;
  ^

Error: Cannot find module '/home/runner/work/liquiditydashboard/liquiditydashboard/web/lib/import-historical-move-data.js'
    at Function.Module._resolveFilename (node:internal/modules/cjs/loader:1028:15)
    at Function.Module._load (node:internal/modules/cjs/loader:873:27)
    at Function.executeUserEntryPoint [as runMain] (node:internal/modules/run_main:81:12)
    at node:internal/main/run_main_module:22:47 {
  code: 'MODULE_NOT_FOUND',
  requireStack: []
}
[2025-08-10T04:07:19.627Z] lib/import-historical-move-data.js failed with exit code 1
[2025-08-10T04:07:19.627Z] Running lib/fetch-move-data.js...
[2025-08-10T04:07:19.656Z] [lib/fetch-move-data.js] ERROR: node:internal/modules/cjs/loader:1031
  throw err;
  ^

Error: Cannot find module '/home/runner/work/liquiditydashboard/liquiditydashboard/web/lib/fetch-move-data.js'
    at Function.Module._resolveFilename (node:internal/modules/cjs/loader:1028:15)
    at Function.Module._load (node:internal/modules/cjs/loader:873:27)
    at Function.executeUserEntryPoint [as runMain] (node:internal/modules/run_main:81:12)
    at node:internal/main/run_main_module:22:47 {
  code: 'MODULE_NOT_FOUND',
  requireStack: []
}
[2025-08-10T04:07:19.658Z] lib/fetch-move-data.js failed with exit code 1
[2025-08-10T04:07:19.658Z] Running lib/fetch-srf-data.js...
[2025-08-10T04:07:19.692Z] [lib/fetch-srf-data.js] ERROR: node:internal/modules/cjs/loader:1031
  throw err;
  ^

Error: Cannot find module '/home/runner/work/liquiditydashboard/liquiditydashboard/web/lib/fetch-srf-data.js'
    at Function.Module._resolveFilename (node:internal/modules/cjs/loader:1028:15)
    at Function.Module._load (node:internal/modules/cjs/loader:873:27)
    at Function.executeUserEntryPoint [as runMain] (node:internal/modules/run_main:81:12)
    at node:internal/main/run_main_module:22:47 {
  code: 'MODULE_NOT_FOUND',
  requireStack: []
}
[2025-08-10T04:07:19.695Z] lib/fetch-srf-data.js failed with exit code 1
[2025-08-10T04:07:19.696Z] Running lib/fetch-bill-share-data.js...
[2025-08-10T04:07:19.729Z] [lib/fetch-bill-share-data.js] ERROR: node:internal/modules/cjs/loader:1031
  throw err;
  ^

Error: Cannot find module '/home/runner/work/liquiditydashboard/liquiditydashboard/web/lib/fetch-bill-share-data.js'
    at Function.Module._resolveFilename (node:internal/modules/cjs/loader:1028:15)
    at Function.Module._load (node:internal/modules/cjs/loader:873:27)
    at Function.executeUserEntryPoint [as runMain] (node:internal/modules/run_main:81:12)
    at node:internal/main/run_main_module:22:47 {
  code: 'MODULE_NOT_FOUND',
  requireStack: []
}
[2025-08-10T04:07:19.731Z] lib/fetch-bill-share-data.js failed with exit code 1
[2025-08-10T04:07:19.732Z] Running lib/cleanup-future-dates.js...
[2025-08-10T04:07:19.808Z] [lib/cleanup-future-dates.js] Starting data cleanup process...
[2025-08-10T04:07:20.072Z] [lib/cleanup-future-dates.js] WorldTimeAPI failed, trying alternative source
[2025-08-10T04:07:20.593Z] [lib/cleanup-future-dates.js] Using TimeAPI date: 2025-08-10T04:07:20.5433063
[2025-08-10T04:07:20.593Z] [lib/cleanup-future-dates.js] Using reference date: 2025-8-10
[2025-08-10T04:07:20.593Z] [lib/cleanup-future-dates.js] Processing MOVE index data (/home/runner/work/liquiditydashboard/liquiditydashboard/web/public/series/move.json)...
[2025-08-10T04:07:20.594Z] [lib/cleanup-future-dates.js] Loaded 111 MOVE index data points
[2025-08-10T04:07:20.594Z] [lib/cleanup-future-dates.js] No future-dated entries found in MOVE index data
[2025-08-10T04:07:20.594Z] [lib/cleanup-future-dates.js] Processing SRF data (/home/runner/work/liquiditydashboard/liquiditydashboard/web/public/series/srf.json)...
[2025-08-10T04:07:20.594Z] [lib/cleanup-future-dates.js] Loaded 1017 SRF data points
[2025-08-10T04:07:20.596Z] [lib/cleanup-future-dates.js] No future-dated entries found in SRF data
[2025-08-10T04:07:20.596Z] [lib/cleanup-future-dates.js] Processing Treasury bill share data (/home/runner/work/liquiditydashboard/liquiditydashboard/web/public/series/bill-share.json)...
[2025-08-10T04:07:20.596Z] [lib/cleanup-future-dates.js] Loaded 282 Treasury bill share data points
[2025-08-10T04:07:20.596Z] [lib/cleanup-future-dates.js] No future-dated entries found in Treasury bill share data
[2025-08-10T04:07:20.597Z] [lib/cleanup-future-dates.js] Cleanup complete! Removed 0 future-dated entries in total.
Data cleanup completed with no changes needed
[2025-08-10T04:07:20.600Z] lib/cleanup-future-dates.js completed successfully
[2025-08-10T04:07:20.600Z] Running lib/validate-data.js...
[2025-08-10T04:07:20.675Z] [lib/validate-data.js] Running data validation...
[2025-08-10T04:07:20.676Z] [lib/validate-data.js] Validating MOVE index data...
[2025-08-10T04:07:20.676Z] [lib/validate-data.js] Found 111 MOVE data points
[2025-08-10T04:07:20.754Z] [lib/validate-data.js] WorldTimeAPI failed, trying alternative source
[2025-08-10T04:07:21.279Z] [lib/validate-data.js] Using TimeAPI date: 2025-08-10T04:07:21.2256025
[2025-08-10T04:07:21.279Z] [lib/validate-data.js] Using reference date: 2025-8-10
[2025-08-10T04:07:21.280Z] [lib/validate-data.js] MOVE index data validation passed ✓
[2025-08-10T04:07:21.281Z] [lib/validate-data.js] Validating SRF data...
[2025-08-10T04:07:21.281Z] [lib/validate-data.js] Found 1017 SRF data points
[2025-08-10T04:07:22.288Z] [lib/validate-data.js] Using WorldTimeAPI date: 2025-08-10T04:07:22.039257+00:00
[2025-08-10T04:07:22.289Z] [lib/validate-data.js] SRF data validation passed ✓
[2025-08-10T04:07:22.289Z] [lib/validate-data.js] Validating Treasury funding data...
[2025-08-10T04:07:22.290Z] [lib/validate-data.js] Found 282 Treasury funding data points
[2025-08-10T04:07:22.290Z] [lib/validate-data.js] Treasury funding data validation passed ✓
[2025-08-10T04:07:22.290Z] [lib/validate-data.js] All data validation passed ✓
[2025-08-10T04:07:22.293Z] lib/validate-data.js completed successfully
[2025-08-10T04:07:22.293Z] Dashboard update process completed successfully
