[2025-06-07T03:46:52.850Z] Starting Liquidity Dashboard update process
[2025-06-07T03:46:52.852Z] Running lib/data-backup.js...
[2025-06-07T03:46:52.881Z] [lib/data-backup.js] ERROR: node:internal/modules/cjs/loader:1031
  throw err;
  ^

Error: Cannot find module '/home/runner/work/liquiditydashboard/liquiditydashboard/web/lib/data-backup.js'
    at Function.Module._resolveFilename (node:internal/modules/cjs/loader:1028:15)
    at Function.Module._load (node:internal/modules/cjs/loader:873:27)
    at Function.executeUserEntryPoint [as runMain] (node:internal/modules/run_main:81:12)
    at node:internal/main/run_main_module:22:47 {
  code: 'MODULE_NOT_FOUND',
  requireStack: []
}
[2025-06-07T03:46:52.884Z] lib/data-backup.js failed with exit code 1
[2025-06-07T03:46:52.884Z] Running lib/data-backup.js clean...
[2025-06-07T03:46:52.912Z] [lib/data-backup.js clean] ERROR: node:internal/modules/cjs/loader:1031
  throw err;
  ^

Error: Cannot find module '/home/runner/work/liquiditydashboard/liquiditydashboard/web/lib/data-backup.js'
    at Function.Module._resolveFilename (node:internal/modules/cjs/loader:1028:15)
    at Function.Module._load (node:internal/modules/cjs/loader:873:27)
    at Function.executeUserEntryPoint [as runMain] (node:internal/modules/run_main:81:12)
    at node:internal/main/run_main_module:22:47 {
  code: 'MODULE_NOT_FOUND',
  requireStack: []
}
[2025-06-07T03:46:52.914Z] lib/data-backup.js clean failed with exit code 1
[2025-06-07T03:46:52.915Z] Running lib/import-historical-move-data.js...
[2025-06-07T03:46:52.943Z] [lib/import-historical-move-data.js] ERROR: node:internal/modules/cjs/loader:1031
  throw err;
  ^

Error: Cannot find module '/home/runner/work/liquiditydashboard/liquiditydashboard/web/lib/import-historical-move-data.js'
    at Function.Module._resolveFilename (node:internal/modules/cjs/loader:1028:15)
    at Function.Module._load (node:internal/modules/cjs/loader:873:27)
    at Function.executeUserEntryPoint [as runMain] (node:internal/modules/run_main:81:12)
    at node:internal/main/run_main_module:22:47 {
  code: 'MODULE_NOT_FOUND',
  requireStack: []
}
[2025-06-07T03:46:52.945Z] lib/import-historical-move-data.js failed with exit code 1
[2025-06-07T03:46:52.945Z] Running lib/fetch-move-data.js...
[2025-06-07T03:46:52.972Z] [lib/fetch-move-data.js] ERROR: node:internal/modules/cjs/loader:1031
  throw err;
  ^

Error: Cannot find module '/home/runner/work/liquiditydashboard/liquiditydashboard/web/lib/fetch-move-data.js'
    at Function.Module._resolveFilename (node:internal/modules/cjs/loader:1028:15)
    at Function.Module._load (node:internal/modules/cjs/loader:873:27)
    at Function.executeUserEntryPoint [as runMain] (node:internal/modules/run_main:81:12)
    at node:internal/main/run_main_module:22:47 {
  code: 'MODULE_NOT_FOUND',
  requireStack: []
}
[2025-06-07T03:46:52.974Z] lib/fetch-move-data.js failed with exit code 1
[2025-06-07T03:46:52.974Z] Running lib/fetch-srf-data.js...
[2025-06-07T03:46:53.000Z] [lib/fetch-srf-data.js] ERROR: node:internal/modules/cjs/loader:1031
  throw err;
  ^

Error: Cannot find module '/home/runner/work/liquiditydashboard/liquiditydashboard/web/lib/fetch-srf-data.js'
    at Function.Module._resolveFilename (node:internal/modules/cjs/loader:1028:15)
    at Function.Module._load (node:internal/modules/cjs/loader:873:27)
    at Function.executeUserEntryPoint [as runMain] (node:internal/modules/run_main:81:12)
    at node:internal/main/run_main_module:22:47 {
  code: 'MODULE_NOT_FOUND',
  requireStack: []
}
[2025-06-07T03:46:53.002Z] lib/fetch-srf-data.js failed with exit code 1
[2025-06-07T03:46:53.003Z] Running lib/fetch-bill-share-data.js...
[2025-06-07T03:46:53.031Z] [lib/fetch-bill-share-data.js] ERROR: node:internal/modules/cjs/loader:1031
  throw err;
  ^

Error: Cannot find module '/home/runner/work/liquiditydashboard/liquiditydashboard/web/lib/fetch-bill-share-data.js'
    at Function.Module._resolveFilename (node:internal/modules/cjs/loader:1028:15)
    at Function.Module._load (node:internal/modules/cjs/loader:873:27)
    at Function.executeUserEntryPoint [as runMain] (node:internal/modules/run_main:81:12)
    at node:internal/main/run_main_module:22:47 {
  code: 'MODULE_NOT_FOUND',
  requireStack: []
}
[2025-06-07T03:46:53.033Z] lib/fetch-bill-share-data.js failed with exit code 1
[2025-06-07T03:46:53.033Z] Running lib/cleanup-future-dates.js...
[2025-06-07T03:46:53.107Z] [lib/cleanup-future-dates.js] Starting data cleanup process...
[2025-06-07T03:46:53.280Z] [lib/cleanup-future-dates.js] WorldTimeAPI failed, trying alternative source
[2025-06-07T03:46:53.856Z] [lib/cleanup-future-dates.js] Using TimeAPI date: 2025-06-07T03:46:53.7841495
[2025-06-07T03:46:53.856Z] [lib/cleanup-future-dates.js] Using reference date: 2025-6-7
[2025-06-07T03:46:53.856Z] [lib/cleanup-future-dates.js] Processing MOVE index data (/home/runner/work/liquiditydashboard/liquiditydashboard/web/public/series/move.json)...
[2025-06-07T03:46:53.856Z] [lib/cleanup-future-dates.js] Loaded 111 MOVE index data points
[2025-06-07T03:46:53.856Z] [lib/cleanup-future-dates.js] No future-dated entries found in MOVE index data
[2025-06-07T03:46:53.857Z] [lib/cleanup-future-dates.js] Processing SRF data (/home/runner/work/liquiditydashboard/liquiditydashboard/web/public/series/srf.json)...
[2025-06-07T03:46:53.857Z] [lib/cleanup-future-dates.js] Loaded 1017 SRF data points
[2025-06-07T03:46:53.858Z] [lib/cleanup-future-dates.js] No future-dated entries found in SRF data
[2025-06-07T03:46:53.858Z] [lib/cleanup-future-dates.js] Processing Treasury bill share data (/home/runner/work/liquiditydashboard/liquiditydashboard/web/public/series/bill-share.json)...
[2025-06-07T03:46:53.858Z] [lib/cleanup-future-dates.js] Loaded 282 Treasury bill share data points
[2025-06-07T03:46:53.859Z] [lib/cleanup-future-dates.js] No future-dated entries found in Treasury bill share data
[2025-06-07T03:46:53.859Z] [lib/cleanup-future-dates.js] Cleanup complete! Removed 0 future-dated entries in total.
Data cleanup completed with no changes needed
[2025-06-07T03:46:53.862Z] lib/cleanup-future-dates.js completed successfully
[2025-06-07T03:46:53.862Z] Running lib/validate-data.js...
[2025-06-07T03:46:53.934Z] [lib/validate-data.js] Running data validation...
[2025-06-07T03:46:53.934Z] [lib/validate-data.js] Validating MOVE index data...
[2025-06-07T03:46:53.935Z] [lib/validate-data.js] Found 111 MOVE data points
[2025-06-07T03:46:53.965Z] [lib/validate-data.js] WorldTimeAPI failed, trying alternative source
[2025-06-07T03:46:54.376Z] [lib/validate-data.js] Using TimeAPI date: 2025-06-07T03:46:54.3048216
[2025-06-07T03:46:54.376Z] [lib/validate-data.js] Using reference date: 2025-6-7
[2025-06-07T03:46:54.377Z] [lib/validate-data.js] MOVE index data validation passed ✓
[2025-06-07T03:46:54.377Z] [lib/validate-data.js] Validating SRF data...
[2025-06-07T03:46:54.377Z] [lib/validate-data.js] Found 1017 SRF data points
[2025-06-07T03:46:54.397Z] [lib/validate-data.js] WorldTimeAPI failed, trying alternative source
[2025-06-07T03:46:55.073Z] [lib/validate-data.js] Using TimeAPI date: 2025-06-07T03:46:55.0060009
[2025-06-07T03:46:55.075Z] [lib/validate-data.js] SRF data validation passed ✓
[2025-06-07T03:46:55.075Z] [lib/validate-data.js] Validating Treasury funding data...
[2025-06-07T03:46:55.075Z] [lib/validate-data.js] Found 282 Treasury funding data points
[2025-06-07T03:46:55.075Z] [lib/validate-data.js] Treasury funding data validation passed ✓
[2025-06-07T03:46:55.076Z] [lib/validate-data.js] All data validation passed ✓
[2025-06-07T03:46:55.079Z] lib/validate-data.js completed successfully
[2025-06-07T03:46:55.079Z] Dashboard update process completed successfully
