[2025-12-10T03:57:56.239Z] Starting Liquidity Dashboard update process
[2025-12-10T03:57:56.241Z] Running lib/data-backup.js...
[2025-12-10T03:57:56.271Z] [lib/data-backup.js] ERROR: node:internal/modules/cjs/loader:1031
  throw err;
  ^

Error: Cannot find module '/home/runner/work/liquiditydashboard/liquiditydashboard/web/lib/data-backup.js'
    at Function.Module._resolveFilename (node:internal/modules/cjs/loader:1028:15)
    at Function.Module._load (node:internal/modules/cjs/loader:873:27)
    at Function.executeUserEntryPoint [as runMain] (node:internal/modules/run_main:81:12)
    at node:internal/main/run_main_module:22:47 {
  code: 'MODULE_NOT_FOUND',
  requireStack: []
}
[2025-12-10T03:57:56.274Z] lib/data-backup.js failed with exit code 1
[2025-12-10T03:57:56.275Z] Running lib/data-backup.js clean...
[2025-12-10T03:57:56.304Z] [lib/data-backup.js clean] ERROR: node:internal/modules/cjs/loader:1031
  throw err;
  ^

Error: Cannot find module '/home/runner/work/liquiditydashboard/liquiditydashboard/web/lib/data-backup.js'
    at Function.Module._resolveFilename (node:internal/modules/cjs/loader:1028:15)
    at Function.Module._load (node:internal/modules/cjs/loader:873:27)
    at Function.executeUserEntryPoint [as runMain] (node:internal/modules/run_main:81:12)
    at node:internal/main/run_main_module:22:47 {
  code: 'MODULE_NOT_FOUND',
  requireStack: []
}
[2025-12-10T03:57:56.306Z] lib/data-backup.js clean failed with exit code 1
[2025-12-10T03:57:56.306Z] Running lib/import-historical-move-data.js...
[2025-12-10T03:57:56.335Z] [lib/import-historical-move-data.js] ERROR: node:internal/modules/cjs/loader:1031
  throw err;
  ^

Error: Cannot find module '/home/runner/work/liquiditydashboard/liquiditydashboard/web/lib/import-historical-move-data.js'
    at Function.Module._resolveFilename (node:internal/modules/cjs/loader:1028:15)
    at Function.Module._load (node:internal/modules/cjs/loader:873:27)
    at Function.executeUserEntryPoint [as runMain] (node:internal/modules/run_main:81:12)
    at node:internal/main/run_main_module:22:47 {
  code: 'MODULE_NOT_FOUND',
  requireStack: []
}
[2025-12-10T03:57:56.337Z] lib/import-historical-move-data.js failed with exit code 1
[2025-12-10T03:57:56.337Z] Running lib/fetch-move-data.js...
[2025-12-10T03:57:56.366Z] [lib/fetch-move-data.js] ERROR: node:internal/modules/cjs/loader:1031
  throw err;
  ^

Error: Cannot find module '/home/runner/work/liquiditydashboard/liquiditydashboard/web/lib/fetch-move-data.js'
    at Function.Module._resolveFilename (node:internal/modules/cjs/loader:1028:15)
    at Function.Module._load (node:internal/modules/cjs/loader:873:27)
    at Function.executeUserEntryPoint [as runMain] (node:internal/modules/run_main:81:12)
    at node:internal/main/run_main_module:22:47 {
  code: 'MODULE_NOT_FOUND',
  requireStack: []
}
[2025-12-10T03:57:56.368Z] lib/fetch-move-data.js failed with exit code 1
[2025-12-10T03:57:56.368Z] Running lib/fetch-srf-data.js...
[2025-12-10T03:57:56.396Z] [lib/fetch-srf-data.js] ERROR: node:internal/modules/cjs/loader:1031
  throw err;
  ^

Error: Cannot find module '/home/runner/work/liquiditydashboard/liquiditydashboard/web/lib/fetch-srf-data.js'
    at Function.Module._resolveFilename (node:internal/modules/cjs/loader:1028:15)
    at Function.Module._load (node:internal/modules/cjs/loader:873:27)
    at Function.executeUserEntryPoint [as runMain] (node:internal/modules/run_main:81:12)
    at node:internal/main/run_main_module:22:47 {
  code: 'MODULE_NOT_FOUND',
  requireStack: []
}
[2025-12-10T03:57:56.399Z] lib/fetch-srf-data.js failed with exit code 1
[2025-12-10T03:57:56.399Z] Running lib/fetch-bill-share-data.js...
[2025-12-10T03:57:56.429Z] [lib/fetch-bill-share-data.js] ERROR: node:internal/modules/cjs/loader:1031
  throw err;
  ^

Error: Cannot find module '/home/runner/work/liquiditydashboard/liquiditydashboard/web/lib/fetch-bill-share-data.js'
    at Function.Module._resolveFilename (node:internal/modules/cjs/loader:1028:15)
    at Function.Module._load (node:internal/modules/cjs/loader:873:27)
    at Function.executeUserEntryPoint [as runMain] (node:internal/modules/run_main:81:12)
    at node:internal/main/run_main_module:22:47 {
  code: 'MODULE_NOT_FOUND',
  requireStack: []
}
[2025-12-10T03:57:56.431Z] lib/fetch-bill-share-data.js failed with exit code 1
[2025-12-10T03:57:56.431Z] Running lib/cleanup-future-dates.js...
[2025-12-10T03:57:56.515Z] [lib/cleanup-future-dates.js] Starting data cleanup process...
[2025-12-10T03:57:56.852Z] [lib/cleanup-future-dates.js] Using WorldTimeAPI date: 2025-12-10T03:57:56.836332+00:00
[2025-12-10T03:57:56.852Z] [lib/cleanup-future-dates.js] Using reference date: 2025-12-10
[2025-12-10T03:57:56.852Z] [lib/cleanup-future-dates.js] Processing MOVE index data (/home/runner/work/liquiditydashboard/liquiditydashboard/web/public/series/move.json)...
[2025-12-10T03:57:56.853Z] [lib/cleanup-future-dates.js] Loaded 111 MOVE index data points
[2025-12-10T03:57:56.853Z] [lib/cleanup-future-dates.js] No future-dated entries found in MOVE index data
[2025-12-10T03:57:56.853Z] [lib/cleanup-future-dates.js] Processing SRF data (/home/runner/work/liquiditydashboard/liquiditydashboard/web/public/series/srf.json)...
[2025-12-10T03:57:56.854Z] [lib/cleanup-future-dates.js] Loaded 1017 SRF data points
[2025-12-10T03:57:56.855Z] [lib/cleanup-future-dates.js] No future-dated entries found in SRF data
[2025-12-10T03:57:56.855Z] [lib/cleanup-future-dates.js] Processing Treasury bill share data (/home/runner/work/liquiditydashboard/liquiditydashboard/web/public/series/bill-share.json)...
[2025-12-10T03:57:56.855Z] [lib/cleanup-future-dates.js] Loaded 282 Treasury bill share data points
[2025-12-10T03:57:56.855Z] [lib/cleanup-future-dates.js] No future-dated entries found in Treasury bill share data
[2025-12-10T03:57:56.855Z] [lib/cleanup-future-dates.js] Cleanup complete! Removed 0 future-dated entries in total.
Data cleanup completed with no changes needed
[2025-12-10T03:57:56.859Z] lib/cleanup-future-dates.js completed successfully
[2025-12-10T03:57:56.859Z] Running lib/validate-data.js...
[2025-12-10T03:57:56.935Z] [lib/validate-data.js] Running data validation...
[2025-12-10T03:57:56.935Z] [lib/validate-data.js] Validating MOVE index data...
[2025-12-10T03:57:56.936Z] [lib/validate-data.js] Found 111 MOVE data points
[2025-12-10T03:57:57.162Z] [lib/validate-data.js] Using WorldTimeAPI date: 2025-12-10T03:57:57.146388+00:00
[2025-12-10T03:57:57.163Z] [lib/validate-data.js] Using reference date: 2025-12-10
[2025-12-10T03:57:57.163Z] [lib/validate-data.js] MOVE index data validation passed ✓
[2025-12-10T03:57:57.163Z] [lib/validate-data.js] Validating SRF data...
[2025-12-10T03:57:57.164Z] [lib/validate-data.js] Found 1017 SRF data points
[2025-12-10T03:57:57.258Z] [lib/validate-data.js] WorldTimeAPI failed, trying alternative source
[2025-12-10T03:57:57.800Z] [lib/validate-data.js] Using TimeAPI date: 2025-12-10T03:57:57.7425952
[2025-12-10T03:57:57.801Z] [lib/validate-data.js] SRF data validation passed ✓
[2025-12-10T03:57:57.801Z] [lib/validate-data.js] Validating Treasury funding data...
[2025-12-10T03:57:57.802Z] [lib/validate-data.js] Found 282 Treasury funding data points
[2025-12-10T03:57:57.802Z] [lib/validate-data.js] Treasury funding data validation passed ✓
[2025-12-10T03:57:57.802Z] [lib/validate-data.js] All data validation passed ✓
[2025-12-10T03:57:57.805Z] lib/validate-data.js completed successfully
[2025-12-10T03:57:57.805Z] Dashboard update process completed successfully
