[2026-07-15T05:38:01.842Z] Starting Liquidity Dashboard update process
[2026-07-15T05:38:01.843Z] Running lib/data-backup.js...
[2026-07-15T05:38:01.874Z] [lib/data-backup.js] ERROR: node:internal/modules/cjs/loader:1031
  throw err;
  ^

Error: Cannot find module '/home/runner/work/liquiditydashboard/liquiditydashboard/web/lib/data-backup.js'
    at Function.Module._resolveFilename (node:internal/modules/cjs/loader:1028:15)
    at Function.Module._load (node:internal/modules/cjs/loader:873:27)
    at Function.executeUserEntryPoint [as runMain] (node:internal/modules/run_main:81:12)
    at node:internal/main/run_main_module:22:47 {
  code: 'MODULE_NOT_FOUND',
  requireStack: []
}
[2026-07-15T05:38:01.877Z] lib/data-backup.js failed with exit code 1
[2026-07-15T05:38:01.877Z] Running lib/data-backup.js clean...
[2026-07-15T05:38:01.908Z] [lib/data-backup.js clean] ERROR: node:internal/modules/cjs/loader:1031
  throw err;
  ^

Error: Cannot find module '/home/runner/work/liquiditydashboard/liquiditydashboard/web/lib/data-backup.js'
    at Function.Module._resolveFilename (node:internal/modules/cjs/loader:1028:15)
    at Function.Module._load (node:internal/modules/cjs/loader:873:27)
    at Function.executeUserEntryPoint [as runMain] (node:internal/modules/run_main:81:12)
    at node:internal/main/run_main_module:22:47 {
  code: 'MODULE_NOT_FOUND',
  requireStack: []
}
[2026-07-15T05:38:01.910Z] lib/data-backup.js clean failed with exit code 1
[2026-07-15T05:38:01.910Z] Running lib/import-historical-move-data.js...
[2026-07-15T05:38:01.940Z] [lib/import-historical-move-data.js] ERROR: node:internal/modules/cjs/loader:1031
  throw err;
  ^

Error: Cannot find module '/home/runner/work/liquiditydashboard/liquiditydashboard/web/lib/import-historical-move-data.js'
    at Function.Module._resolveFilename (node:internal/modules/cjs/loader:1028:15)
    at Function.Module._load (node:internal/modules/cjs/loader:873:27)
    at Function.executeUserEntryPoint [as runMain] (node:internal/modules/run_main:81:12)
    at node:internal/main/run_main_module:22:47 {
  code: 'MODULE_NOT_FOUND',
  requireStack: []
}
[2026-07-15T05:38:01.942Z] lib/import-historical-move-data.js failed with exit code 1
[2026-07-15T05:38:01.942Z] Running lib/fetch-move-data.js...
[2026-07-15T05:38:01.971Z] [lib/fetch-move-data.js] ERROR: node:internal/modules/cjs/loader:1031
  throw err;
  ^

Error: Cannot find module '/home/runner/work/liquiditydashboard/liquiditydashboard/web/lib/fetch-move-data.js'
    at Function.Module._resolveFilename (node:internal/modules/cjs/loader:1028:15)
    at Function.Module._load (node:internal/modules/cjs/loader:873:27)
    at Function.executeUserEntryPoint [as runMain] (node:internal/modules/run_main:81:12)
    at node:internal/main/run_main_module:22:47 {
  code: 'MODULE_NOT_FOUND',
  requireStack: []
}
[2026-07-15T05:38:01.973Z] lib/fetch-move-data.js failed with exit code 1
[2026-07-15T05:38:01.973Z] Running lib/fetch-srf-data.js...
[2026-07-15T05:38:02.002Z] [lib/fetch-srf-data.js] ERROR: node:internal/modules/cjs/loader:1031
  throw err;
  ^

Error: Cannot find module '/home/runner/work/liquiditydashboard/liquiditydashboard/web/lib/fetch-srf-data.js'
    at Function.Module._resolveFilename (node:internal/modules/cjs/loader:1028:15)
    at Function.Module._load (node:internal/modules/cjs/loader:873:27)
    at Function.executeUserEntryPoint [as runMain] (node:internal/modules/run_main:81:12)
    at node:internal/main/run_main_module:22:47 {
  code: 'MODULE_NOT_FOUND',
  requireStack: []
}
[2026-07-15T05:38:02.004Z] lib/fetch-srf-data.js failed with exit code 1
[2026-07-15T05:38:02.004Z] Running lib/fetch-bill-share-data.js...
[2026-07-15T05:38:02.033Z] [lib/fetch-bill-share-data.js] ERROR: node:internal/modules/cjs/loader:1031
  throw err;
  ^

Error: Cannot find module '/home/runner/work/liquiditydashboard/liquiditydashboard/web/lib/fetch-bill-share-data.js'
    at Function.Module._resolveFilename (node:internal/modules/cjs/loader:1028:15)
    at Function.Module._load (node:internal/modules/cjs/loader:873:27)
    at Function.executeUserEntryPoint [as runMain] (node:internal/modules/run_main:81:12)
    at node:internal/main/run_main_module:22:47 {
  code: 'MODULE_NOT_FOUND',
  requireStack: []
}
[2026-07-15T05:38:02.035Z] lib/fetch-bill-share-data.js failed with exit code 1
[2026-07-15T05:38:02.035Z] Running lib/cleanup-future-dates.js...
[2026-07-15T05:38:02.121Z] [lib/cleanup-future-dates.js] Starting data cleanup process...
[2026-07-15T05:38:02.237Z] [lib/cleanup-future-dates.js] WorldTimeAPI failed, trying alternative source
[2026-07-15T05:38:04.048Z] [lib/cleanup-future-dates.js] Using TimeAPI date: 2026-07-15T05:33:12.7468681
[2026-07-15T05:38:04.048Z] [lib/cleanup-future-dates.js] Using reference date: 2026-7-15
[2026-07-15T05:38:04.048Z] [lib/cleanup-future-dates.js] Processing MOVE index data (/home/runner/work/liquiditydashboard/liquiditydashboard/web/public/series/move.json)...
[2026-07-15T05:38:04.049Z] [lib/cleanup-future-dates.js] Loaded 111 MOVE index data points
[2026-07-15T05:38:04.049Z] [lib/cleanup-future-dates.js] No future-dated entries found in MOVE index data
[2026-07-15T05:38:04.049Z] [lib/cleanup-future-dates.js] Processing SRF data (/home/runner/work/liquiditydashboard/liquiditydashboard/web/public/series/srf.json)...
[2026-07-15T05:38:04.050Z] [lib/cleanup-future-dates.js] Loaded 1017 SRF data points
[2026-07-15T05:38:04.051Z] [lib/cleanup-future-dates.js] No future-dated entries found in SRF data
[2026-07-15T05:38:04.051Z] [lib/cleanup-future-dates.js] Processing Treasury bill share data (/home/runner/work/liquiditydashboard/liquiditydashboard/web/public/series/bill-share.json)...
[2026-07-15T05:38:04.051Z] [lib/cleanup-future-dates.js] Loaded 282 Treasury bill share data points
[2026-07-15T05:38:04.052Z] [lib/cleanup-future-dates.js] No future-dated entries found in Treasury bill share data
[2026-07-15T05:38:04.052Z] [lib/cleanup-future-dates.js] Cleanup complete! Removed 0 future-dated entries in total.
Data cleanup completed with no changes needed
[2026-07-15T05:38:04.055Z] lib/cleanup-future-dates.js completed successfully
[2026-07-15T05:38:04.055Z] Running lib/validate-data.js...
[2026-07-15T05:38:04.137Z] [lib/validate-data.js] Running data validation...
[2026-07-15T05:38:04.137Z] [lib/validate-data.js] Validating MOVE index data...
[2026-07-15T05:38:04.138Z] [lib/validate-data.js] Found 111 MOVE data points
[2026-07-15T05:38:04.189Z] [lib/validate-data.js] WorldTimeAPI failed, trying alternative source
[2026-07-15T05:38:04.899Z] [lib/validate-data.js] Using TimeAPI date: 2026-07-15T05:33:13.5950875
[2026-07-15T05:38:04.899Z] [lib/validate-data.js] Using reference date: 2026-7-15
[2026-07-15T05:38:04.899Z] [lib/validate-data.js] MOVE index data validation passed ✓
[2026-07-15T05:38:04.900Z] [lib/validate-data.js] Validating SRF data...
[2026-07-15T05:38:04.900Z] [lib/validate-data.js] Found 1017 SRF data points
[2026-07-15T05:38:04.927Z] [lib/validate-data.js] WorldTimeAPI failed, trying alternative source
[2026-07-15T05:38:06.476Z] [lib/validate-data.js] Using TimeAPI date: 2026-07-15T05:33:15.1789776
[2026-07-15T05:38:06.479Z] [lib/validate-data.js] SRF data validation passed ✓
[2026-07-15T05:38:06.479Z] [lib/validate-data.js] Validating Treasury funding data...
[2026-07-15T05:38:06.479Z] [lib/validate-data.js] Found 282 Treasury funding data points
[2026-07-15T05:38:06.479Z] [lib/validate-data.js] Treasury funding data validation passed ✓
[2026-07-15T05:38:06.479Z] [lib/validate-data.js] All data validation passed ✓
[2026-07-15T05:38:06.482Z] lib/validate-data.js completed successfully
[2026-07-15T05:38:06.482Z] Dashboard update process completed successfully
