[2025-10-23T03:38:21.436Z] Starting Liquidity Dashboard update process
[2025-10-23T03:38:21.437Z] Running lib/data-backup.js...
[2025-10-23T03:38:21.466Z] [lib/data-backup.js] ERROR: node:internal/modules/cjs/loader:1031
  throw err;
  ^

Error: Cannot find module '/home/runner/work/liquiditydashboard/liquiditydashboard/web/lib/data-backup.js'
    at Function.Module._resolveFilename (node:internal/modules/cjs/loader:1028:15)
    at Function.Module._load (node:internal/modules/cjs/loader:873:27)
    at Function.executeUserEntryPoint [as runMain] (node:internal/modules/run_main:81:12)
    at node:internal/main/run_main_module:22:47 {
  code: 'MODULE_NOT_FOUND',
  requireStack: []
}
[2025-10-23T03:38:21.468Z] lib/data-backup.js failed with exit code 1
[2025-10-23T03:38:21.469Z] Running lib/data-backup.js clean...
[2025-10-23T03:38:21.496Z] [lib/data-backup.js clean] ERROR: node:internal/modules/cjs/loader:1031
  throw err;
  ^

Error: Cannot find module '/home/runner/work/liquiditydashboard/liquiditydashboard/web/lib/data-backup.js'
    at Function.Module._resolveFilename (node:internal/modules/cjs/loader:1028:15)
    at Function.Module._load (node:internal/modules/cjs/loader:873:27)
    at Function.executeUserEntryPoint [as runMain] (node:internal/modules/run_main:81:12)
    at node:internal/main/run_main_module:22:47 {
  code: 'MODULE_NOT_FOUND',
  requireStack: []
}
[2025-10-23T03:38:21.498Z] lib/data-backup.js clean failed with exit code 1
[2025-10-23T03:38:21.498Z] Running lib/import-historical-move-data.js...
[2025-10-23T03:38:21.525Z] [lib/import-historical-move-data.js] ERROR: node:internal/modules/cjs/loader:1031
  throw err;
  ^

Error: Cannot find module '/home/runner/work/liquiditydashboard/liquiditydashboard/web/lib/import-historical-move-data.js'
    at Function.Module._resolveFilename (node:internal/modules/cjs/loader:1028:15)
    at Function.Module._load (node:internal/modules/cjs/loader:873:27)
    at Function.executeUserEntryPoint [as runMain] (node:internal/modules/run_main:81:12)
    at node:internal/main/run_main_module:22:47 {
  code: 'MODULE_NOT_FOUND',
  requireStack: []
}
[2025-10-23T03:38:21.527Z] lib/import-historical-move-data.js failed with exit code 1
[2025-10-23T03:38:21.528Z] Running lib/fetch-move-data.js...
[2025-10-23T03:38:21.556Z] [lib/fetch-move-data.js] ERROR: node:internal/modules/cjs/loader:1031
  throw err;
  ^

Error: Cannot find module '/home/runner/work/liquiditydashboard/liquiditydashboard/web/lib/fetch-move-data.js'
    at Function.Module._resolveFilename (node:internal/modules/cjs/loader:1028:15)
    at Function.Module._load (node:internal/modules/cjs/loader:873:27)
    at Function.executeUserEntryPoint [as runMain] (node:internal/modules/run_main:81:12)
    at node:internal/main/run_main_module:22:47 {
  code: 'MODULE_NOT_FOUND',
  requireStack: []
}
[2025-10-23T03:38:21.558Z] lib/fetch-move-data.js failed with exit code 1
[2025-10-23T03:38:21.558Z] Running lib/fetch-srf-data.js...
[2025-10-23T03:38:21.585Z] [lib/fetch-srf-data.js] ERROR: node:internal/modules/cjs/loader:1031
  throw err;
  ^

Error: Cannot find module '/home/runner/work/liquiditydashboard/liquiditydashboard/web/lib/fetch-srf-data.js'
    at Function.Module._resolveFilename (node:internal/modules/cjs/loader:1028:15)
    at Function.Module._load (node:internal/modules/cjs/loader:873:27)
    at Function.executeUserEntryPoint [as runMain] (node:internal/modules/run_main:81:12)
    at node:internal/main/run_main_module:22:47 {
  code: 'MODULE_NOT_FOUND',
  requireStack: []
}
[2025-10-23T03:38:21.587Z] lib/fetch-srf-data.js failed with exit code 1
[2025-10-23T03:38:21.587Z] Running lib/fetch-bill-share-data.js...
[2025-10-23T03:38:21.616Z] [lib/fetch-bill-share-data.js] ERROR: node:internal/modules/cjs/loader:1031
  throw err;
  ^

Error: Cannot find module '/home/runner/work/liquiditydashboard/liquiditydashboard/web/lib/fetch-bill-share-data.js'
    at Function.Module._resolveFilename (node:internal/modules/cjs/loader:1028:15)
    at Function.Module._load (node:internal/modules/cjs/loader:873:27)
    at Function.executeUserEntryPoint [as runMain] (node:internal/modules/run_main:81:12)
    at node:internal/main/run_main_module:22:47 {
  code: 'MODULE_NOT_FOUND',
  requireStack: []
}
[2025-10-23T03:38:21.618Z] lib/fetch-bill-share-data.js failed with exit code 1
[2025-10-23T03:38:21.618Z] Running lib/cleanup-future-dates.js...
[2025-10-23T03:38:21.692Z] [lib/cleanup-future-dates.js] Starting data cleanup process...
[2025-10-23T03:38:21.983Z] [lib/cleanup-future-dates.js] Using WorldTimeAPI date: 2025-10-23T03:38:21.969227+00:00
[2025-10-23T03:38:21.983Z] [lib/cleanup-future-dates.js] Using reference date: 2025-10-23
[2025-10-23T03:38:21.983Z] [lib/cleanup-future-dates.js] Processing MOVE index data (/home/runner/work/liquiditydashboard/liquiditydashboard/web/public/series/move.json)...
[2025-10-23T03:38:21.984Z] [lib/cleanup-future-dates.js] Loaded 111 MOVE index data points
[2025-10-23T03:38:21.984Z] [lib/cleanup-future-dates.js] No future-dated entries found in MOVE index data
[2025-10-23T03:38:21.984Z] [lib/cleanup-future-dates.js] Processing SRF data (/home/runner/work/liquiditydashboard/liquiditydashboard/web/public/series/srf.json)...
[2025-10-23T03:38:21.984Z] [lib/cleanup-future-dates.js] Loaded 1017 SRF data points
[2025-10-23T03:38:21.986Z] [lib/cleanup-future-dates.js] No future-dated entries found in SRF data
[2025-10-23T03:38:21.986Z] [lib/cleanup-future-dates.js] Processing Treasury bill share data (/home/runner/work/liquiditydashboard/liquiditydashboard/web/public/series/bill-share.json)...
[2025-10-23T03:38:21.986Z] [lib/cleanup-future-dates.js] Loaded 282 Treasury bill share data points
[2025-10-23T03:38:21.987Z] [lib/cleanup-future-dates.js] No future-dated entries found in Treasury bill share data
[2025-10-23T03:38:21.987Z] [lib/cleanup-future-dates.js] Cleanup complete! Removed 0 future-dated entries in total.
Data cleanup completed with no changes needed
[2025-10-23T03:38:21.990Z] lib/cleanup-future-dates.js completed successfully
[2025-10-23T03:38:21.990Z] Running lib/validate-data.js...
[2025-10-23T03:38:22.062Z] [lib/validate-data.js] Running data validation...
[2025-10-23T03:38:22.063Z] [lib/validate-data.js] Validating MOVE index data...
[2025-10-23T03:38:22.063Z] [lib/validate-data.js] Found 111 MOVE data points
[2025-10-23T03:38:22.260Z] [lib/validate-data.js] Using WorldTimeAPI date: 2025-10-23T03:38:22.246882+00:00
[2025-10-23T03:38:22.260Z] [lib/validate-data.js] Using reference date: 2025-10-23
[2025-10-23T03:38:22.261Z] [lib/validate-data.js] MOVE index data validation passed ✓
[2025-10-23T03:38:22.261Z] [lib/validate-data.js] Validating SRF data...
[2025-10-23T03:38:22.261Z] [lib/validate-data.js] Found 1017 SRF data points
[2025-10-23T03:38:22.447Z] [lib/validate-data.js] Using WorldTimeAPI date: 2025-10-23T03:38:22.438724+00:00
[2025-10-23T03:38:22.449Z] [lib/validate-data.js] SRF data validation passed ✓
[2025-10-23T03:38:22.449Z] [lib/validate-data.js] Validating Treasury funding data...
[2025-10-23T03:38:22.449Z] [lib/validate-data.js] Found 282 Treasury funding data points
[2025-10-23T03:38:22.450Z] [lib/validate-data.js] Treasury funding data validation passed ✓
[2025-10-23T03:38:22.450Z] [lib/validate-data.js] All data validation passed ✓
[2025-10-23T03:38:22.453Z] lib/validate-data.js completed successfully
[2025-10-23T03:38:22.453Z] Dashboard update process completed successfully
