[2025-10-25T03:37:26.565Z] Starting Liquidity Dashboard update process
[2025-10-25T03:37:26.566Z] Running lib/data-backup.js...
[2025-10-25T03:37:26.595Z] [lib/data-backup.js] ERROR: node:internal/modules/cjs/loader:1031
  throw err;
  ^

Error: Cannot find module '/home/runner/work/liquiditydashboard/liquiditydashboard/web/lib/data-backup.js'
    at Function.Module._resolveFilename (node:internal/modules/cjs/loader:1028:15)
    at Function.Module._load (node:internal/modules/cjs/loader:873:27)
    at Function.executeUserEntryPoint [as runMain] (node:internal/modules/run_main:81:12)
    at node:internal/main/run_main_module:22:47 {
  code: 'MODULE_NOT_FOUND',
  requireStack: []
}
[2025-10-25T03:37:26.597Z] lib/data-backup.js failed with exit code 1
[2025-10-25T03:37:26.598Z] Running lib/data-backup.js clean...
[2025-10-25T03:37:26.625Z] [lib/data-backup.js clean] ERROR: node:internal/modules/cjs/loader:1031
  throw err;
  ^

Error: Cannot find module '/home/runner/work/liquiditydashboard/liquiditydashboard/web/lib/data-backup.js'
    at Function.Module._resolveFilename (node:internal/modules/cjs/loader:1028:15)
    at Function.Module._load (node:internal/modules/cjs/loader:873:27)
    at Function.executeUserEntryPoint [as runMain] (node:internal/modules/run_main:81:12)
    at node:internal/main/run_main_module:22:47 {
  code: 'MODULE_NOT_FOUND',
  requireStack: []
}
[2025-10-25T03:37:26.627Z] lib/data-backup.js clean failed with exit code 1
[2025-10-25T03:37:26.628Z] Running lib/import-historical-move-data.js...
[2025-10-25T03:37:26.655Z] [lib/import-historical-move-data.js] ERROR: node:internal/modules/cjs/loader:1031
  throw err;
  ^

Error: Cannot find module '/home/runner/work/liquiditydashboard/liquiditydashboard/web/lib/import-historical-move-data.js'
    at Function.Module._resolveFilename (node:internal/modules/cjs/loader:1028:15)
    at Function.Module._load (node:internal/modules/cjs/loader:873:27)
    at Function.executeUserEntryPoint [as runMain] (node:internal/modules/run_main:81:12)
    at node:internal/main/run_main_module:22:47 {
  code: 'MODULE_NOT_FOUND',
  requireStack: []
}
[2025-10-25T03:37:26.657Z] lib/import-historical-move-data.js failed with exit code 1
[2025-10-25T03:37:26.657Z] Running lib/fetch-move-data.js...
[2025-10-25T03:37:26.685Z] [lib/fetch-move-data.js] ERROR: node:internal/modules/cjs/loader:1031
  throw err;
  ^

Error: Cannot find module '/home/runner/work/liquiditydashboard/liquiditydashboard/web/lib/fetch-move-data.js'
    at Function.Module._resolveFilename (node:internal/modules/cjs/loader:1028:15)
    at Function.Module._load (node:internal/modules/cjs/loader:873:27)
    at Function.executeUserEntryPoint [as runMain] (node:internal/modules/run_main:81:12)
    at node:internal/main/run_main_module:22:47 {
  code: 'MODULE_NOT_FOUND',
  requireStack: []
}
[2025-10-25T03:37:26.687Z] lib/fetch-move-data.js failed with exit code 1
[2025-10-25T03:37:26.687Z] Running lib/fetch-srf-data.js...
[2025-10-25T03:37:26.715Z] [lib/fetch-srf-data.js] ERROR: node:internal/modules/cjs/loader:1031
  throw err;
  ^

Error: Cannot find module '/home/runner/work/liquiditydashboard/liquiditydashboard/web/lib/fetch-srf-data.js'
    at Function.Module._resolveFilename (node:internal/modules/cjs/loader:1028:15)
    at Function.Module._load (node:internal/modules/cjs/loader:873:27)
    at Function.executeUserEntryPoint [as runMain] (node:internal/modules/run_main:81:12)
    at node:internal/main/run_main_module:22:47 {
  code: 'MODULE_NOT_FOUND',
  requireStack: []
}
[2025-10-25T03:37:26.717Z] lib/fetch-srf-data.js failed with exit code 1
[2025-10-25T03:37:26.717Z] Running lib/fetch-bill-share-data.js...
[2025-10-25T03:37:26.745Z] [lib/fetch-bill-share-data.js] ERROR: node:internal/modules/cjs/loader:1031
  throw err;
  ^

Error: Cannot find module '/home/runner/work/liquiditydashboard/liquiditydashboard/web/lib/fetch-bill-share-data.js'
    at Function.Module._resolveFilename (node:internal/modules/cjs/loader:1028:15)
    at Function.Module._load (node:internal/modules/cjs/loader:873:27)
    at Function.executeUserEntryPoint [as runMain] (node:internal/modules/run_main:81:12)
    at node:internal/main/run_main_module:22:47 {
  code: 'MODULE_NOT_FOUND',
  requireStack: []
}
[2025-10-25T03:37:26.746Z] lib/fetch-bill-share-data.js failed with exit code 1
[2025-10-25T03:37:26.747Z] Running lib/cleanup-future-dates.js...
[2025-10-25T03:37:26.819Z] [lib/cleanup-future-dates.js] Starting data cleanup process...
[2025-10-25T03:37:26.935Z] [lib/cleanup-future-dates.js] WorldTimeAPI failed, trying alternative source
[2025-10-25T03:37:27.565Z] [lib/cleanup-future-dates.js] Using TimeAPI date: 2025-10-25T03:37:27.4803196
[2025-10-25T03:37:27.565Z] [lib/cleanup-future-dates.js] Using reference date: 2025-10-25
[2025-10-25T03:37:27.565Z] [lib/cleanup-future-dates.js] Processing MOVE index data (/home/runner/work/liquiditydashboard/liquiditydashboard/web/public/series/move.json)...
[2025-10-25T03:37:27.566Z] [lib/cleanup-future-dates.js] Loaded 111 MOVE index data points
[2025-10-25T03:37:27.566Z] [lib/cleanup-future-dates.js] No future-dated entries found in MOVE index data
[2025-10-25T03:37:27.566Z] [lib/cleanup-future-dates.js] Processing SRF data (/home/runner/work/liquiditydashboard/liquiditydashboard/web/public/series/srf.json)...
[2025-10-25T03:37:27.567Z] [lib/cleanup-future-dates.js] Loaded 1017 SRF data points
[2025-10-25T03:37:27.569Z] [lib/cleanup-future-dates.js] No future-dated entries found in SRF data
[2025-10-25T03:37:27.569Z] [lib/cleanup-future-dates.js] Processing Treasury bill share data (/home/runner/work/liquiditydashboard/liquiditydashboard/web/public/series/bill-share.json)...
[2025-10-25T03:37:27.569Z] [lib/cleanup-future-dates.js] Loaded 282 Treasury bill share data points
[2025-10-25T03:37:27.569Z] [lib/cleanup-future-dates.js] No future-dated entries found in Treasury bill share data
[2025-10-25T03:37:27.570Z] [lib/cleanup-future-dates.js] Cleanup complete! Removed 0 future-dated entries in total.
Data cleanup completed with no changes needed
[2025-10-25T03:37:27.573Z] lib/cleanup-future-dates.js completed successfully
[2025-10-25T03:37:27.573Z] Running lib/validate-data.js...
[2025-10-25T03:37:27.645Z] [lib/validate-data.js] Running data validation...
[2025-10-25T03:37:27.645Z] [lib/validate-data.js] Validating MOVE index data...
[2025-10-25T03:37:27.646Z] [lib/validate-data.js] Found 111 MOVE data points
[2025-10-25T03:37:27.763Z] [lib/validate-data.js] WorldTimeAPI failed, trying alternative source
[2025-10-25T03:37:28.396Z] [lib/validate-data.js] Using TimeAPI date: 2025-10-25T03:37:28.310753
[2025-10-25T03:37:28.396Z] [lib/validate-data.js] Using reference date: 2025-10-25
[2025-10-25T03:37:28.397Z] [lib/validate-data.js] MOVE index data validation passed ✓
[2025-10-25T03:37:28.397Z] [lib/validate-data.js] Validating SRF data...
[2025-10-25T03:37:28.397Z] [lib/validate-data.js] Found 1017 SRF data points
[2025-10-25T03:37:28.468Z] [lib/validate-data.js] WorldTimeAPI failed, trying alternative source
[2025-10-25T03:37:29.178Z] [lib/validate-data.js] Using TimeAPI date: 2025-10-25T03:37:29.0930871
[2025-10-25T03:37:29.180Z] [lib/validate-data.js] SRF data validation passed ✓
[2025-10-25T03:37:29.180Z] [lib/validate-data.js] Validating Treasury funding data...
[2025-10-25T03:37:29.180Z] [lib/validate-data.js] Found 282 Treasury funding data points
[2025-10-25T03:37:29.180Z] [lib/validate-data.js] Treasury funding data validation passed ✓
[2025-10-25T03:37:29.180Z] [lib/validate-data.js] All data validation passed ✓
[2025-10-25T03:37:29.183Z] lib/validate-data.js completed successfully
[2025-10-25T03:37:29.183Z] Dashboard update process completed successfully
