[2025-08-18T04:03:46.994Z] Starting Liquidity Dashboard update process
[2025-08-18T04:03:46.995Z] Running lib/data-backup.js...
[2025-08-18T04:03:47.025Z] [lib/data-backup.js] ERROR: node:internal/modules/cjs/loader:1031
  throw err;
  ^

Error: Cannot find module '/home/runner/work/liquiditydashboard/liquiditydashboard/web/lib/data-backup.js'
    at Function.Module._resolveFilename (node:internal/modules/cjs/loader:1028:15)
    at Function.Module._load (node:internal/modules/cjs/loader:873:27)
    at Function.executeUserEntryPoint [as runMain] (node:internal/modules/run_main:81:12)
    at node:internal/main/run_main_module:22:47 {
  code: 'MODULE_NOT_FOUND',
  requireStack: []
}
[2025-08-18T04:03:47.027Z] lib/data-backup.js failed with exit code 1
[2025-08-18T04:03:47.028Z] Running lib/data-backup.js clean...
[2025-08-18T04:03:47.055Z] [lib/data-backup.js clean] ERROR: node:internal/modules/cjs/loader:1031
  throw err;
  ^

Error: Cannot find module '/home/runner/work/liquiditydashboard/liquiditydashboard/web/lib/data-backup.js'
    at Function.Module._resolveFilename (node:internal/modules/cjs/loader:1028:15)
    at Function.Module._load (node:internal/modules/cjs/loader:873:27)
    at Function.executeUserEntryPoint [as runMain] (node:internal/modules/run_main:81:12)
    at node:internal/main/run_main_module:22:47 {
  code: 'MODULE_NOT_FOUND',
  requireStack: []
}
[2025-08-18T04:03:47.057Z] lib/data-backup.js clean failed with exit code 1
[2025-08-18T04:03:47.057Z] Running lib/import-historical-move-data.js...
[2025-08-18T04:03:47.085Z] [lib/import-historical-move-data.js] ERROR: node:internal/modules/cjs/loader:1031
  throw err;
  ^

Error: Cannot find module '/home/runner/work/liquiditydashboard/liquiditydashboard/web/lib/import-historical-move-data.js'
    at Function.Module._resolveFilename (node:internal/modules/cjs/loader:1028:15)
    at Function.Module._load (node:internal/modules/cjs/loader:873:27)
    at Function.executeUserEntryPoint [as runMain] (node:internal/modules/run_main:81:12)
    at node:internal/main/run_main_module:22:47 {
  code: 'MODULE_NOT_FOUND',
  requireStack: []
}
[2025-08-18T04:03:47.087Z] lib/import-historical-move-data.js failed with exit code 1
[2025-08-18T04:03:47.088Z] Running lib/fetch-move-data.js...
[2025-08-18T04:03:47.116Z] [lib/fetch-move-data.js] ERROR: node:internal/modules/cjs/loader:1031
  throw err;
  ^

Error: Cannot find module '/home/runner/work/liquiditydashboard/liquiditydashboard/web/lib/fetch-move-data.js'
    at Function.Module._resolveFilename (node:internal/modules/cjs/loader:1028:15)
    at Function.Module._load (node:internal/modules/cjs/loader:873:27)
    at Function.executeUserEntryPoint [as runMain] (node:internal/modules/run_main:81:12)
    at node:internal/main/run_main_module:22:47 {
  code: 'MODULE_NOT_FOUND',
  requireStack: []
}
[2025-08-18T04:03:47.117Z] lib/fetch-move-data.js failed with exit code 1
[2025-08-18T04:03:47.118Z] Running lib/fetch-srf-data.js...
[2025-08-18T04:03:47.145Z] [lib/fetch-srf-data.js] ERROR: node:internal/modules/cjs/loader:1031
  throw err;
  ^

Error: Cannot find module '/home/runner/work/liquiditydashboard/liquiditydashboard/web/lib/fetch-srf-data.js'
    at Function.Module._resolveFilename (node:internal/modules/cjs/loader:1028:15)
    at Function.Module._load (node:internal/modules/cjs/loader:873:27)
    at Function.executeUserEntryPoint [as runMain] (node:internal/modules/run_main:81:12)
    at node:internal/main/run_main_module:22:47 {
  code: 'MODULE_NOT_FOUND',
  requireStack: []
}
[2025-08-18T04:03:47.148Z] lib/fetch-srf-data.js failed with exit code 1
[2025-08-18T04:03:47.148Z] Running lib/fetch-bill-share-data.js...
[2025-08-18T04:03:47.177Z] [lib/fetch-bill-share-data.js] ERROR: node:internal/modules/cjs/loader:1031
  throw err;
  ^

Error: Cannot find module '/home/runner/work/liquiditydashboard/liquiditydashboard/web/lib/fetch-bill-share-data.js'
    at Function.Module._resolveFilename (node:internal/modules/cjs/loader:1028:15)
    at Function.Module._load (node:internal/modules/cjs/loader:873:27)
    at Function.executeUserEntryPoint [as runMain] (node:internal/modules/run_main:81:12)
    at node:internal/main/run_main_module:22:47 {
  code: 'MODULE_NOT_FOUND',
  requireStack: []
}
[2025-08-18T04:03:47.179Z] lib/fetch-bill-share-data.js failed with exit code 1
[2025-08-18T04:03:47.179Z] Running lib/cleanup-future-dates.js...
[2025-08-18T04:03:47.254Z] [lib/cleanup-future-dates.js] Starting data cleanup process...
[2025-08-18T04:03:47.526Z] [lib/cleanup-future-dates.js] Using WorldTimeAPI date: 2025-08-18T04:03:47.509954+00:00
[2025-08-18T04:03:47.526Z] [lib/cleanup-future-dates.js] Using reference date: 2025-8-18
[2025-08-18T04:03:47.526Z] [lib/cleanup-future-dates.js] Processing MOVE index data (/home/runner/work/liquiditydashboard/liquiditydashboard/web/public/series/move.json)...
[2025-08-18T04:03:47.526Z] [lib/cleanup-future-dates.js] Loaded 111 MOVE index data points
[2025-08-18T04:03:47.527Z] [lib/cleanup-future-dates.js] No future-dated entries found in MOVE index data
[2025-08-18T04:03:47.527Z] [lib/cleanup-future-dates.js] Processing SRF data (/home/runner/work/liquiditydashboard/liquiditydashboard/web/public/series/srf.json)...
[2025-08-18T04:03:47.527Z] [lib/cleanup-future-dates.js] Loaded 1017 SRF data points
[2025-08-18T04:03:47.528Z] [lib/cleanup-future-dates.js] No future-dated entries found in SRF data
[2025-08-18T04:03:47.528Z] [lib/cleanup-future-dates.js] Processing Treasury bill share data (/home/runner/work/liquiditydashboard/liquiditydashboard/web/public/series/bill-share.json)...
[2025-08-18T04:03:47.529Z] [lib/cleanup-future-dates.js] Loaded 282 Treasury bill share data points
[2025-08-18T04:03:47.529Z] [lib/cleanup-future-dates.js] No future-dated entries found in Treasury bill share data
[2025-08-18T04:03:47.529Z] [lib/cleanup-future-dates.js] Cleanup complete! Removed 0 future-dated entries in total.
Data cleanup completed with no changes needed
[2025-08-18T04:03:47.532Z] lib/cleanup-future-dates.js completed successfully
[2025-08-18T04:03:47.533Z] Running lib/validate-data.js...
[2025-08-18T04:03:47.605Z] [lib/validate-data.js] Running data validation...
[2025-08-18T04:03:47.605Z] [lib/validate-data.js] Validating MOVE index data...
[2025-08-18T04:03:47.606Z] [lib/validate-data.js] Found 111 MOVE data points
[2025-08-18T04:03:48.212Z] [lib/validate-data.js] Using WorldTimeAPI date: 2025-08-18T04:03:48.195606+00:00
[2025-08-18T04:03:48.213Z] [lib/validate-data.js] Using reference date: 2025-8-18
[2025-08-18T04:03:48.213Z] [lib/validate-data.js] MOVE index data validation passed ✓
[2025-08-18T04:03:48.213Z] [lib/validate-data.js] Validating SRF data...
[2025-08-18T04:03:48.214Z] [lib/validate-data.js] Found 1017 SRF data points
[2025-08-18T04:03:48.434Z] [lib/validate-data.js] Using WorldTimeAPI date: 2025-08-18T04:03:48.421846+00:00
[2025-08-18T04:03:48.435Z] [lib/validate-data.js] SRF data validation passed ✓
[2025-08-18T04:03:48.436Z] [lib/validate-data.js] Validating Treasury funding data...
[2025-08-18T04:03:48.436Z] [lib/validate-data.js] Found 282 Treasury funding data points
[2025-08-18T04:03:48.436Z] [lib/validate-data.js] Treasury funding data validation passed ✓
[2025-08-18T04:03:48.436Z] [lib/validate-data.js] All data validation passed ✓
[2025-08-18T04:03:48.439Z] lib/validate-data.js completed successfully
[2025-08-18T04:03:48.439Z] Dashboard update process completed successfully
